0.03392559	
0.03848741	
0.04877298	
0.05877256	
0.06905714	
0.07919472	
0.0892803	
0.09940388	
0.1095425	
0.119973	
0.1303056	
0.1400552	
0.1501938	
0.1603714	
0.1704629	
0.1805755	
0.1907481	
0.2008877	
0.2110283	
0.2212518	
0.2313764	
0.241799	
0.2515826	
0.2617392	
0.2719627	
0.2821443	
0.2922009	
0.3023435	
0.312662	
0.3305843	
0.3349181	
0.3450997	
0.3555413	
0.3654029	
0.3755704	
0.385708	
0.3958066	
0.4060092	
0.4161598	
0.4263023	
0.4364319	
0.4465555	
0.4567831	
0.4669217	
0.4770482	
0.4874088	
0.4974074	
0.507667	
0.5176935	
0.5278301	
0.5380597	
0.5481083	
0.5582659	
0.5685194	
0.578636	
0.5888046	
0.5989372	
0.6090968	
0.6192343	
0.6293709	
0.6395445	
0.6496521	
0.6598647	
0.6699782	
0.6801498	
0.6902584	
0.700399	
0.7105366	
0.7207301	
0.7308357	
0.7409793	
0.7512139	
0.7613075	
0.771784	
0.7815676	
0.7916892	
0.8018428	
0.8119874	
0.8221139	
0.8322915	
0.8424161	
0.8525757	
0.8705639	
0.8749187	
0.8850833	
0.8952569	
0.9053715	
0.9155151	
0.9256726	
0.9358232	
0.9543235	
0.9620711	
0.9706318	
0.9807544	
0.9909199	
1.001076	
1.01131	
1.021377	
1.031897	
1.041637	
1.051801	
1.06194	
1.072331	
1.082283	
1.092496	
1.102568	
1.120643	
1.124949	
1.135189	
1.145307	
1.155439	
1.165598	
1.175756	
1.185956	
1.196347	
1.206439	
1.216707	
1.226759	
1.23687	
1.247066	
1.257233	
1.267364	
1.277497	
1.287634	
1.297818	
1.307968	
1.318134	
1.328269	
1.338402	
1.348606	
1.35871	
1.368891	
1.379038	
1.389157	
1.39933	
1.409517	
1.419615	
1.429747	
1.439901	
1.457948	
1.462291	
1.472485	
1.482631	
1.49277	
1.503319	
1.513363	
1.523511	
1.533651	
1.543778	
1.554077	
1.564119	
1.574293	
1.584447	
1.59456	
1.604798	
1.614942	
1.625087	
1.635218	
1.645339	
1.655562	
1.665674	
1.675813	
1.685978	
1.696142	
1.706351	
1.716785	
1.726634	
1.736838	
1.746934	
1.757046	
1.767312	
1.777388	
1.787542	
1.79765	
1.807792	
1.818004	
1.828093	
1.838247	
1.848408	
1.858556	
1.868701	
1.878875	
1.889054	
1.899144	
1.909312	
1.919481	
1.929636	
1.939736	
1.949878	
1.970356	
1.974696	
1.984861	
1.995011	
2.005169	
2.015325	
2.025503	
2.035634	
2.045744	
2.055927	
2.066108	
2.076223	
2.086366	
2.096589	
2.106676	
2.116833	
2.126975	
2.137168	
2.147283	
2.157426	
2.167609	
2.177709	
2.187903	
2.198019	
2.208207	
2.218399	
2.228494	
2.238742	
2.248904	
2.25909	
2.269231	
2.279344	
2.289445	
2.299591	
2.310995	
2.31999	
2.330496	
2.340311	
2.350352	
2.36049	
2.370618	
2.380801	
2.39094	
2.401172	
2.411273	
2.421371	
2.431862	
2.441627	
2.45182	
2.461941	
2.472116	
2.4823	
2.492479	
2.502638	
2.512868	
2.522894	
2.533008	
2.543287	
2.553582	
2.563594	
2.573703	
2.583898	
2.594033	
2.6042	
2.614342	
2.624505	
2.634651	
2.644755	
2.654994	
2.665147	
2.675265	
2.685421	
2.695542	
2.705742	
2.715868	
2.726027	
2.736172	
2.746324	
2.756612	
2.766647	
2.77687	
2.786933	
2.79704	
2.807278	
2.817394	
2.827531	
2.83767	
2.847805	
2.857973	
2.868154	
2.87847	
2.888721	
2.898784	
2.909135	
2.919072	
2.929213	
2.939357	
2.949501	
2.966586	
2.974368	
2.984463	
2.994593	
3.004778	
3.014925	
3.025148	
3.035231	
3.045345	
3.055562	
3.06568	
3.075823	
3.094567	
3.098956	
3.109186	
3.119247	
3.129331	
3.139575	
3.149641	
3.15977	
3.169953	
3.180118	
3.190251	
3.200376	
3.210515	
3.220682	
3.230875	
3.241015	
3.251167	
3.261285	
3.271795	
3.281605	
3.291666	
3.301838	
3.31196	
3.32218	
3.332266	
3.342403	
3.352563	
3.370611	
3.37502	
3.38523	
3.395351	
3.405453	
3.415615	
3.425729	
3.435906	
3.446026	
3.456211	
3.466419	
3.476503	
3.486703	
3.496943	
3.506984	
3.517144	
3.527273	
3.537403	
3.547561	
3.557747	
3.567905	
3.578066	
3.58817	
3.598403	
3.608514	
3.618743	
3.628864	
3.639083	
3.649211	
3.659314	
3.669457	
3.679622	
3.689707	
3.699931	
3.710058	
3.720231	
3.73042	
3.740591	
3.750683	
3.760923	
3.770977	
3.781156	
3.799528	
3.804169	
3.814051	
3.824216	
3.834439	
3.844523	
3.854727	
3.864942	
3.875194	
3.885194	
3.895305	
3.905891	
3.915682	
3.925816	
3.935969	
3.9461	
3.956261	
3.975732	
3.980118	
3.990221	
4.000582	
4.010906	
4.020726	
4.030847	
4.041029	
4.059232	
4.063676	
4.073791	
4.083942	
4.094089	
4.104217	
4.114467	
4.124587	
4.134731	
4.144981	
4.155042	
4.165223	
4.17539	
4.185612	
4.195698	
4.205809	
4.21598	
4.226174	
4.236286	
4.246463	
4.256597	
4.266704	
4.276893	
4.287043	
4.297177	
4.307318	
4.317469	
4.327701	
4.33781	
4.347937	
4.358085	
4.368207	
4.388394	
4.392954	
4.402991	
4.413155	
4.423355	
4.433548	
4.443637	
4.453817	
4.463937	
4.474132	
4.484256	
4.494466	
4.504612	
4.514711	
4.524917	
4.535051	
4.546201	
4.555526	
4.565538	
4.575689	
4.585792	
4.595988	
4.606114	
4.616283	
4.626496	
4.636717	
4.646766	
4.656993	
4.667078	
4.677225	
4.687467	
4.697597	
4.707672	
4.717825	
4.728012	
4.738151	
4.748309	
4.758471	
4.768562	
4.778759	
4.788899	
4.798987	
4.809227	
4.819903	
4.829511	
4.839698	
4.849868	
4.859903	
4.870406	
4.88037	
4.890578	
4.900695	
4.910818	
4.921055	
4.93118	
4.941311	
4.951499	
4.972986	
4.977334	
4.987465	
4.997606	
5.007797	
5.017944	
5.028083	
5.038196	
5.048397	
5.058629	
5.068768	
5.078871	
5.089125	
5.099209	
5.109342	
5.11952	
5.129566	
5.139747	
5.150311	
5.160078	
5.170235	
5.180353	
5.190559	
5.200648	
5.210758	
5.220952	
5.23142	
5.241325	
5.25138	
5.261527	
5.271979	
5.281812	
5.291924	
5.302117	
5.312259	
5.32246	
5.332531	
5.342991	
5.352939	
5.363054	
5.373189	
5.383341	
5.393519	
5.403652	
5.413798	
5.423954	
5.434084	
5.444231	
5.454435	
5.464552	
5.474718	
5.484865	
5.495023	
5.505225	
5.515289	
5.525498	
5.535674	
5.545751	
5.556058	
5.566062	
5.576392	
5.586583	
5.596716	
5.610101	16.8233582	16.824974	16.5615588	16.5631746	
5.617376	16.8222983	16.824974	16.5604989	16.5631746	
5.627182	16.8202192	16.824974	16.5584198	16.5631746	
5.637284	16.8174542	16.824974	16.5556548	16.5631746	
5.647474	16.8140393	16.8162473	16.5522399	16.554448	
5.657637	16.8100146	16.8162473	16.5482152	16.554448	
5.667738	16.8054025	16.8075207	16.5436031	16.5457213	
5.677942	16.8001182	16.8075207	16.5383188	16.5457213	
5.688144	16.7942094	16.8075207	16.53241	16.5369947	
5.698288	16.7877193	16.7987941	16.5259199	16.5369947	
5.708427	16.7806151	16.7900674	16.5188157	16.528268	
5.718714	16.7727642	16.7900674	16.5109648	16.5195414	
5.729066	16.7641558	16.7813408	16.5023564	16.5108147	
5.73899	16.7554552	16.7726141	16.4936559	16.5108147	
5.749129	16.7458737	16.7726141	16.4840744	16.5020881	
5.759266	16.7356797	16.7551608	16.4738803	16.4933614	
5.769456	16.7248102	16.7551608	16.4630108	16.4846348	
5.779501	16.7134861	16.7464342	16.4516867	16.4759081	
5.789741	16.7013106	16.7377075	16.4395112	16.4671815	
5.79991	16.6886077	16.7289809	16.4268083	16.4584548	
5.810064	16.6752975	16.7202542	16.4134982	16.4410016	
5.820206	16.6613904	16.7115276	16.399591	16.4322749	
5.830584	16.6465032	16.7028009	16.3847038	16.4235483	
5.840501	16.6317007	16.6940743	16.3699013	16.406095	
5.85067	16.6159004	16.6853476	16.354101	16.3973683	
5.86079	16.5995602	16.676621	16.3377608	16.3886417	
5.87091	16.5826039	16.6678944	16.3208045	16.3711884	
5.881786	16.5636373	16.6504411	16.3018379	16.3624617	
5.891585	16.5460143	16.6417144	16.2842149	16.3450084	
5.901555	16.5274863	16.6155345	16.2656869	16.3362818	
5.91307	16.5052152	16.6068078	16.2434158	16.3188285	
5.922055	16.4874397	16.5806279	16.2256403	16.3013752	
5.932067	16.4669998	16.554448	16.2052004	16.2751953	
5.942145	16.4458097	16.528268	16.1840103	16.257742	
5.952306	16.423821	16.5020881	16.1620216	16.231562	
5.962483	16.4011803	16.4759081	16.1393809	16.1966555	
5.973525	16.3758406	16.4410016	16.1140412	16.1704755	
5.983691	16.3519337	16.406095	16.0901343	16.1355689	
5.993771	16.3275974	16.3711884	16.065798	16.109389	
6.003895	16.3025712	16.3362818	16.0407718	16.0744824	
6.01464	16.2752547	16.3013752	16.0134554	16.0395758	
6.024627	16.2493377	16.257742	15.9875383	16.0046692	
6.034737	16.2224743	16.2228354	15.9606749	15.9697627	
6.044874	16.1949054	16.1879288	15.9331061	15.9348561	
6.055064	16.1665649	16.1530222	15.9047655	15.8912228	
6.06525	16.1376245	16.1181156	15.8758251	15.8563163	
6.07536	16.1082834	16.0832091	15.846484	15.8214097	
6.08549	16.0782709	16.0483025	15.8164716	15.7865031	
6.095715	16.0473407	16.0133959	15.7855413	15.7428699	
6.105885	16.0159546	15.9784893	15.7541552	15.7079633	
6.117425	15.9794685	15.9435827	15.7176691	15.6817833	
6.126543	15.9501407	15.9086761	15.6883413	15.6468767	
6.136326	15.9183114	15.8737695	15.656512	15.6119702	
6.146573	15.8841833	15.8475896	15.6223839	15.5857902	
6.156659	15.8499926	15.812683	15.5881932	15.5508836	
6.166802	15.8149789	15.7777764	15.5531796	15.5159771	
6.177044	15.7790089	15.7603231	15.5172095	15.4897971	
6.187087	15.7431426	15.7254166	15.4813432	15.4636172	
6.197272	15.7061278	15.6992366	15.4443284	15.4287106	
6.207432	15.6685813	15.6730567	15.4067819	15.393804	
6.218934	15.6252166	15.6468767	15.3634172	15.3676241	
6.227769	15.5915727	15.6119702	15.3297733	15.3414441	
6.2379	15.5522859	15.5857902	15.2904865	15.3065375	
6.248029	15.5123912	15.5508836	15.2505919	15.271631	
6.258223	15.471615	15.5159771	15.2098156	15.2367244	
6.268376	15.4303895	15.4810705	15.1685901	15.2018178	
6.278562	15.3882716	15.4461639	15.1264722	15.1669112	
6.288733	15.3458693	15.4025306	15.0840699	15.1320046	
6.299215	15.3013364	15.3588974	15.039537	15.0883714	
6.309264	15.2580972	15.3239908	14.9962978	15.0447382	
6.320649	15.2082207	15.271631	14.9464213	15.0098316	
6.329618	15.1685611	15.2279977	14.9067617	14.9661983	
6.339731	15.1231832	15.1843645	14.8613838	14.9138385	
6.349875	15.077039	15.123278	14.8152396	14.8614786	
6.360054	15.030094	15.0796447	14.7682946	14.8091187	
6.370427	14.9815979	15.0185582	14.7197985	14.7567588	
6.380496	14.9339566	14.9661983	14.6721572	14.7043989	
6.390486	14.8860785	14.9051118	14.6242791	14.6520391	
6.400603	14.8369886	14.8527519	14.5751892	14.5909525	
6.410795	14.7868444	14.7916654	14.525045	14.5385927	
6.422186	14.7300421	14.7305789	14.4682427	14.4775061	
6.431216	14.6846145	14.6694924	14.4228151	14.4164196	
6.441369	14.6328609	14.6084058	14.3710615	14.3640597	
6.451391	14.5811715	14.556046	14.3193721	14.3029732	
6.461539	14.5282053	14.4949594	14.2664059	14.2418867	
6.472061	14.4725841	14.4338729	14.2107847	14.1895268	
6.481868	14.4202275	14.381513	14.1584281	14.1284403	
6.49202	14.3653835	14.3204265	14.1035841	14.0673538	
6.50215	14.3100544	14.25934	14.048255	14.0149939	
6.512329	14.2538066	14.2069801	13.9920072	13.9539074	
6.523765	14.1897752	14.1458936	13.9279758	13.8928208	
6.540742	14.0927788	14.0499005	13.8309794	13.8055544	
6.545314	14.0667056	14.0324472	13.8049062	13.7793744	
6.555559	14.007433	13.9713607	13.7456336	13.7182879	
6.565583	13.9488777	13.9277274	13.6870783	13.665928	
6.575815	13.8884547	13.8666409	13.6266553	13.6135682	
6.585927	13.8281245	13.814281	13.5663251	13.5524816	
6.596076	13.7669482	13.7619212	13.5051488	13.5001218	
6.60623	13.7051474	13.7095613	13.443348	13.4477619	
6.616412	13.6425473	13.6484748	13.3807479	13.3866754	
6.628104	13.5697706	13.5873882	13.3079712	13.3255888	
6.638252	13.5060509	13.5263017	13.2442515	13.2645023	
6.648397	13.4417327	13.4739418	13.1799333	13.2121424	
6.658613	13.376323	13.4041287	13.1145236	13.1510559	
6.66865	13.3089756	13.3430421	13.0471763	13.0812427	
6.678853	13.2448939	13.2819556	12.9830945	13.0201562	
6.689035	13.1778708	13.2208691	12.9160714	12.950343	
6.69914	13.1107177	13.1597826	12.8489184	12.8892565	
6.709285	13.0427004	13.0899694	12.780901	12.8194434	
6.719385	12.9743333	13.0201562	12.7125339	12.7496302	
6.729657	12.9041704	12.950343	12.642371	12.679817	
6.73985	12.8339675	12.8718032	12.5721681	12.6012772	
6.749917	12.7640287	12.8019901	12.5022294	12.531464	
6.760065	12.6928858	12.7234502	12.4310864	12.4616509	
6.770438	12.6194842	12.6536371	12.3576848	12.383111	
6.780344	12.5488539	12.5663706	12.2870545	12.3045712	
6.790476	12.4757417	12.4965574	12.2139423	12.2260314	
6.800631	12.4023107	12.4180176	12.1405114	12.1474916	
6.810801	12.3279243	12.3307512	12.0661249	12.0689518	
6.82094	12.2531339	12.2522113	11.9913345	11.9816853	
6.831609	12.1736665	12.1736715	11.9118671	11.9031455	
6.84139	12.1004173	12.0951317	11.8386179	11.8246057	
6.851449	12.0243855	12.0078653	11.7625861	11.7460659	
6.861558	11.9473766	11.9293254	11.6855772	11.6587994	
6.872054	11.8666993	11.8507856	11.6048999	11.5802596	
6.882083	11.7890439	11.7635192	11.5272445	11.4929931	
6.892195	11.7119993	11.6849793	11.4501999	11.4144533	
6.90236	11.6351337	11.6064395	11.3733343	11.3359135	
6.912478	11.5592426	11.5278997	11.2974433	11.2573737	
6.932453	11.4123976	11.3708201	11.1505982	11.100294	
6.937318	11.3765872	11.3446401	11.1147878	11.0653875	
6.947513	11.3022235	11.2573737	11.0404242	10.9955743	
6.957306	11.2314532	11.1788339	10.9696538	10.9170345	
6.977564	11.0879786	11.0304809	10.8261792	10.7686815	
6.982123	11.0556465	10.9955743	10.7938471	10.7337749	
6.99226	10.9844605	10.9257611	10.7226612	10.6639617	
7.0024	10.9138821	10.8559479	10.6520827	10.5941486	
7.012536	10.8439316	10.7861348	10.5821322	10.5243354	
7.032558	10.7086977	10.6552351	10.4468983	10.4021623	
7.037143	10.677708	10.6116019	10.4159086	10.3585291	
7.047302	10.6096899	10.5417887	10.3478905	10.2974426	
7.057526	10.5419027	10.4807022	10.2801033	10.2276294	
7.067652	10.4753484	10.4196156	10.213549	10.1578162	
7.077757	10.4095026	10.3498025	10.1477032	10.0967297	
7.087963	10.3437012	10.2887159	10.0819018	10.0356432	
7.098091	10.2790058	10.2363561	10.0172064	9.98328332	
7.108239	10.214766	10.1752695	9.95296663	9.9221968	
7.118391	10.1511036	10.1229097	9.88930425	9.86111027	
7.128508	10.088295	10.0618231	9.82649558	9.8087504	
7.138829	10.024849	10.0007366	9.76304959	9.74766387	
7.148972	9.96311124	9.94837674	9.70131186	9.69530399	
7.167154	9.85483711	9.89601686	9.59303773	9.63421747	
7.171676	9.82788469	9.82620369	9.5660853	9.5644043	
7.182053	9.76676369	9.77384381	9.5049643	9.51204442	
7.192001	9.70874594	9.71275729	9.44694656	9.4509579	
7.202092	9.65053365	9.66039741	9.38873426	9.38987138	
7.212285	9.59232592	9.59931089	9.33052654	9.3375115	
7.22239	9.53523153	9.54695101	9.27343214	9.28515162	
7.234007	9.47040669	9.48586448	9.2086073	9.2240651	
7.242835	9.42163315	9.43350461	9.15983376	9.16297857	
7.252934	9.36640763	9.37241808	9.10460824	9.1106187	
7.263078	9.31155472	9.32005821	9.04975533	9.04953217	
7.273295	9.25694559	9.25897168	8.9951462	8.98844565	
7.283409	9.20345526	9.19788516	8.94165587	8.93608577	
7.293513	9.15065538	9.14552528	8.88885599	8.87499925	
7.303736	9.09784753	9.08443876	8.83604814	8.81391272	
7.313861	9.04615174	9.03207888	8.78435235	8.76155285	
7.323977	8.99511907	8.97099236	8.73331968	8.70046632	
7.335614	8.93721425	8.91863248	8.67541486	8.64810644	
7.344334	8.89426706	8.8662726	8.63246767	8.58701992	
7.354564	8.84448538	8.80518608	8.582686	8.54338669	
7.364652	8.79604131	8.76155285	8.53424192	8.48230016	
7.374771	8.74800905	8.70046632	8.48620967	8.43866693	
7.385048	8.69989981	8.65683309	8.43810042	8.38630706	
7.395168	8.6531001	8.60447321	8.39130071	8.34267382	
7.405304	8.60686239	8.55211333	8.345063	8.29031395	
7.415458	8.56113088	8.5084801	8.29933149	8.24668072	
7.425586	8.51612717	8.46484687	8.25432778	8.20304748	
7.437109	8.46573222	8.42121364	8.20393283	8.1681409	
7.445888	8.42776341	8.37758041	8.16596403	8.12450767	
7.456113	8.38417742	8.34267382	8.12237804	8.08087444	
7.466297	8.34136544	8.29904059	8.07956605	8.04596785	
7.476381	8.29959599	8.26413401	8.03779661	8.00233462	
7.486621	8.25777965	8.22922742	7.99598026	7.95870139	
7.496719	8.2171684	8.19432084	7.95536901	7.9237948	
7.506885	8.17688699	8.15941425	7.91508761	7.88888822	
7.517031	8.13727187	8.12450767	7.87547249	7.85398163	
7.527152	8.09837263	8.08960108	7.83657324	7.81907505	
7.53871	8.05475984	8.0546945	7.79296045	7.78416846	
7.547453	8.02218542	8.01978791	7.76038603	7.74926188	
7.557751	7.98446247	7.99360797	7.72266308	7.71435529	
7.567883	7.94793934	7.95870139	7.68613995	7.68817536	
7.577935	7.91230322	7.9237948	7.65050384	7.65326877	
7.588116	7.87683274	7.88888822	7.61503336	7.62708883	
7.598262	7.84207053	7.85398163	7.58027115	7.59218225	
7.6084	7.80795189	7.81907505	7.54615251	7.56600231	
7.618609	7.77419766	7.79289511	7.51239827	7.53109572	
7.628876	7.74015543	7.75798853	7.47835604	7.50491578	
7.640274	7.70464874	7.73180859	7.44284935	7.4700092	
7.649021	7.67727937	7.696902	7.41547998	7.43510261	
7.659206	7.64602449	7.66199542	7.3842251	7.40019603	
7.669344	7.61551604	7.62708883	7.35371666	7.36528944	
7.679424	7.58575652	7.59218225	7.32395713	7.33038286	
7.689645	7.55622899	7.56600231	7.2944296	7.29547627	
7.699846	7.52735085	7.53109572	7.26555146	7.26056969	
7.709935	7.49937116	7.49618914	7.23757177	7.23438975	
7.720104	7.4717871	7.4700092	7.20998771	7.20820981	
7.730498	7.44420909	7.43510261	7.1824097	7.17330323	
7.741737	7.41514914	7.40019603	7.15334975	7.14712329	
7.750505	7.39289086	7.37401609	7.13109147	7.1122167	
7.760692	7.36764082	7.34783615	7.10584144	7.08603676	
7.770844	7.34308987	7.32165621	7.08129048	7.05113018	
7.780975	7.31917764	7.29547627	7.05737825	7.03367689	
7.791092	7.29587794	7.26056969	7.03407855	6.9987703	
7.801388	7.27279842	7.2431164	7.01099903	6.98131701	
7.811407	7.25090347	7.21693646	6.98910408	6.94641042	
7.821557	7.22932064	7.19075652	6.96752125	6.92895713	
7.831653	7.20843235	7.17330323	6.94663296	6.90277719	
7.843291	7.18516904	7.15584993	6.92336965	6.87659725	
7.852022	7.16809905	7.13839664	6.90629966	6.85914396	
7.862116	7.14898603	7.12094335	6.88718665	6.84169067	
7.872265	7.13034852	7.10349006	6.86854913	6.83296402	
7.882461	7.11220423	7.08603676	6.85040484	6.82423738	
7.892598	7.09477058	7.07731012	6.83297119	6.80678408	
7.902805	7.07780032	7.05985682	6.81600093	6.80678408	
7.912884	7.06161341	7.05113018	6.79981403	6.79805744	
7.923041	7.04588659	7.04240353	6.7840872	6.78933079	
7.933155	7.03079455	7.03367689	6.76899516	6.78060414	
7.944821	7.01418959	7.02495024	6.7523902	6.7718775	
7.953681	7.00196245	7.01622359	6.74016306	6.76315085	
7.963682	6.98875521	7.01622359	6.72695582	6.75442421	
7.975936	6.97346358	7.00749695	6.7116642	6.74569756	
7.984017	6.96365506	7.00749695	6.70185567	6.73697091	
7.994095	6.95203056	6.9987703	6.69023117	6.73697091	
8.004232	6.94090672	6.9987703	6.67910734	6.72824427	
8.014413	6.9302975	6.9987703	6.66849812	6.71951762	
8.024576	6.92026356	6.99004365	6.65846417	6.71951762	
8.04299	6.9043283	6.98131701	6.64252892	6.70206433	
8.056821	6.89318071	6.97259036	6.63138132	6.70206433	
8.061781	6.88919857	6.96386372	6.62739919	6.69333768	
8.071557	6.88196411	6.95513707	6.62016472	6.68461104	
8.081657	6.87501659	6.94641042	6.6132172	6.67588439	
8.092058	6.86841911	6.92895713	6.60661972	6.66715774	
8.101981	6.86260439	6.92023048	6.600805	6.6584311	
8.112143	6.85716578	6.90277719	6.59536639	6.64970445	
8.122269	6.85223954	6.89405055	6.59044015	6.6409778	
8.13237	6.84781071	6.87659725	6.58601132	6.63225116	
8.142553	6.84382726	6.86787061	6.58202787	6.62352451	
8.152825	6.84028657	6.85041731	6.57848718	6.60607122	
8.162959	6.83723902	6.84169067	6.57543964	6.59734457	
8.173114	6.83461457	6.83296402	6.57281519	6.58861793	
8.18323	6.83240686	6.82423738	6.57060748	6.57989128	
8.193542	6.83055555	6.81551073	6.56875617	6.56243799	
8.203522	6.82497399	6.80678408	6.5631746	6.55371134	
8.213709	6.82497399	6.79805744	6.5631746	6.54498469	
8.223913	6.82497399	6.79805744	6.5631746	6.53625805	
8.234087	6.82497399	6.78933079	6.5631746	6.5275314	
8.244197	6.82497399	6.78933079	6.5631746	6.5275314	
8.254821	6.82497399	6.78933079	6.5631746	6.51880476	
8.264562	6.82497399	6.79805744	6.5631746	6.51880476	
8.274773	6.82497399	6.79805744	6.5631746	6.51880476	
8.284812	6.82497399	6.80678408	6.5631746	6.51880476	
8.294976	6.82497399	6.80678408	6.5631746	6.5275314	
8.305211	6.82497399	6.81551073	6.5631746	6.5275314	
8.315294	6.82497399	6.82423738	6.5631746	6.5275314	
8.325433	6.82497399	6.82423738	6.5631746	6.54498469	
8.335593	6.82497399	6.82423738	6.5631746	6.54498469	
8.345777	6.82497399	6.83296402	6.5631746	6.56243799	
8.355917	6.82497399	6.83296402	6.5631746	6.56243799	
8.366048	6.82497399	6.83296402	6.5631746	6.57116463	
8.376181	6.82497399	6.83296402	6.5631746	6.57989128	
8.386406	6.82497399	6.84169067	6.5631746	6.58861793	
8.396909	6.82497399	6.84169067	6.5631746	6.59734457	
8.406743	6.82497399	6.84169067	6.5631746	6.59734457	
8.416872	6.82497399	6.84169067	6.5631746	6.59734457	
8.427011	6.82497399	6.84169067	6.5631746	6.59734457	
8.437127	6.82497399	6.84169067	6.5631746	6.59734457	
8.447279	6.82497399	6.84169067	6.5631746	6.59734457	
8.457494	6.82497399	6.84169067	6.5631746	6.58861793	
8.467589	6.82497399	6.84169067	6.5631746	6.58861793	
8.477739	6.82497399	6.84169067	6.5631746	6.57989128	
8.487934	6.82497399	6.84169067	6.5631746	6.57989128	
8.498074	6.82497399	6.84169067	6.5631746	6.57116463	
8.508195	6.82497399	6.84169067	6.5631746	6.56243799	
8.518343	6.82497399	6.84169067	6.5631746	6.56243799	
8.528497	6.82497399	6.84169067	6.5631746	6.56243799	
8.538725	6.82497399	6.84169067	6.5631746	6.55371134	
8.54875	6.82497399	6.84169067	6.5631746	6.55371134	
8.558943	6.82497399	6.84169067	6.5631746	6.54498469	
8.56909	6.82497399	6.84169067	6.5631746	6.54498469	
8.579255	6.82497399	6.84169067	6.5631746	6.55371134	
8.589366	6.82497399	6.84169067	6.5631746	6.55371134	
8.599514	6.82497399	6.84169067	6.5631746	6.55371134	
8.609899	6.82497399	6.84169067	6.5631746	6.55371134	
8.620077	6.82497399	6.84169067	6.5631746	6.55371134	
8.630176	6.82497399	6.84169067	6.5631746	6.55371134	
8.640305	6.82497399	6.84169067	6.5631746	6.55371134	
8.650458	6.82497399	6.84169067	6.5631746	6.55371134	
8.660582	6.82497399	6.84169067	6.5631746	6.55371134	
8.670742	6.82497399	6.84169067	6.5631746	6.55371134	
8.680889	6.82497399	6.84169067	6.5631746	6.55371134	
8.691019	6.82497399	6.84169067	6.5631746	6.55371134	
8.70124	6.82497399	6.84169067	6.5631746	6.55371134	
8.711543	6.82497399	6.84169067	6.5631746	6.55371134	
8.721515	6.82497399	6.84169067	6.5631746	6.55371134	
8.731606	6.82497399	6.84169067	6.5631746	6.55371134	
8.741745	6.82497399	6.84169067	6.5631746	6.55371134	
8.751899	6.82497399	6.84169067	6.5631746	6.55371134	
8.76211	6.82497399	6.84169067	6.5631746	6.55371134	
8.772228	6.82497399	6.84169067	6.5631746	6.55371134	
8.782321	6.82497399	6.84169067	6.5631746	6.55371134	
8.792437	6.82497399	6.84169067	6.5631746	6.55371134	
8.8027	6.82497399	6.84169067	6.5631746	6.55371134	
8.82109	6.82497399	6.84169067	6.5631746	6.55371134	
8.825618	6.82497399	6.84169067	6.5631746	6.55371134	
8.835741	6.82497399	6.84169067	6.5631746	6.55371134	
8.84589	6.82497399	6.84169067	6.5631746	6.55371134	
8.856035	6.82497399	6.84169067	6.5631746	6.55371134	
8.866211	6.82497399	6.84169067	6.5631746	6.55371134	
8.876341	6.82497399	6.84169067	6.5631746	6.55371134	
8.886533	6.82497399	6.84169067	6.5631746	6.55371134	
8.89668	6.82497399	6.84169067	6.5631746	6.55371134	
8.906875	6.82497399	6.84169067	6.5631746	6.55371134	
8.917048	6.82497399	6.84169067	6.5631746	6.55371134	
8.927216	6.82497399	6.84169067	6.5631746	6.55371134	
8.937457	6.82497399	6.84169067	6.5631746	6.55371134	
8.947516	6.82497399	6.84169067	6.5631746	6.55371134	
8.957636	6.82497399	6.84169067	6.5631746	6.55371134	
8.985932	6.82497399	6.84169067	6.5631746	6.55371134	
8.990426	6.82497399	6.84169067	6.5631746	6.55371134	
9.000609	6.82497399	6.84169067	6.5631746	6.55371134	
9.010828	6.82497399	6.84169067	6.5631746	6.55371134	
9.020927	6.82497399	6.84169067	6.5631746	6.55371134	
9.03117	6.82497399	6.84169067	6.5631746	6.55371134	
9.041341	6.82497399	6.84169067	6.5631746	6.55371134	
9.051581	6.82497399	6.84169067	6.5631746	6.55371134	
9.061527	6.82497399	6.84169067	6.5631746	6.55371134	
9.072057	6.82497399	6.84169067	6.5631746	6.55371134	
9.081838	6.82497399	6.84169067	6.5631746	6.55371134	
9.091959	6.82497399	6.84169067	6.5631746	6.55371134	
9.102115	6.82497399	6.84169067	6.5631746	6.55371134	
9.112245	6.82497399	6.84169067	6.5631746	6.55371134	
9.122412	6.82497399	6.84169067	6.5631746	6.55371134	
9.132553	6.82497399	6.84169067	6.5631746	6.55371134	
9.150573	6.82497399	6.84169067	6.5631746	6.55371134	
9.155171	6.82497399	6.84169067	6.5631746	6.55371134	
9.165311	6.82497399	6.84169067	6.5631746	6.55371134	
9.175482	6.82497399	6.84169067	6.5631746	6.55371134	
9.185658	6.82497399	6.84169067	6.5631746	6.55371134	
9.195798	6.82497399	6.84169067	6.5631746	6.55371134	
9.205896	6.82497399	6.84169067	6.5631746	6.55371134	
9.216142	6.82497399	6.84169067	6.5631746	6.55371134	
9.243206	6.82497399	6.84169067	6.5631746	6.55371134	
9.253736	6.82497399	6.84169067	6.5631746	6.55371134	
