83.07692	-5.71107474	-5.68977336	-3.68649281	-3.68264472	
83.09504	-5.70700475	-5.68977336	-3.68242281	-3.68264472	
83.09953	-5.70606019	-5.68977336	-3.68147826	-3.68264472	
83.10975	-5.70310264	-5.68977336	-3.6785207	-3.68264472	
83.11987	-5.69956919	-5.68977336	-3.67498726	-3.67391808	
83.13002	-5.69540241	-5.68977336	-3.67082048	-3.66519143	
83.14021	-5.69059103	-5.68104672	-3.6660091	-3.66519143	
83.15031	-5.68521505	-5.67232007	-3.66063312	-3.66519143	
83.16045	-5.67920214	-5.67232007	-3.65462021	-3.65646478	
83.17064	-5.67253378	-5.67232007	-3.64795185	-3.64773814	
83.18079	-5.66527227	-5.66359342	-3.64069033	-3.64773814	
83.19096	-5.65738184	-5.65486678	-3.63279991	-3.63901149	
83.2011	-5.64889744	-5.65486678	-3.62431551	-3.63028484	
83.21128	-5.63974999	-5.64614013	-3.61516806	-3.6215582	
83.22142	-5.63002228	-5.63741348	-3.60544035	-3.61283155	
83.23156	-5.61968494	-5.61996019	-3.59510301	-3.59537826	
83.24172	-5.60870644	-5.61123355	-3.58412451	-3.59537826	
83.25187	-5.59712239	-5.6025069	-3.57254046	-3.58665161	
83.26222	-5.58465626	-5.59378025	-3.56007433	-3.57792497	
83.27221	-5.57203556	-5.58505361	-3.54745362	-3.56919832	
83.28233	-5.55863067	-5.56760031	-3.53404874	-3.56047167	
83.29252	-5.54451211	-5.55887367	-3.51993018	-3.54301838	
83.30266	-5.52984909	-5.54142038	-3.50526716	-3.53429174	
83.31281	-5.51454383	-5.53269373	-3.48996189	-3.51683844	
83.32295	-5.49864151	-5.51524044	-3.47405958	-3.49938515	
83.33313	-5.4820671	-5.50651379	-3.45748517	-3.48193186	
83.34335	-5.46478798	-5.4890605	-3.44020605	-3.46447857	
83.35342	-5.44715121	-5.48033385	-3.42256928	-3.44702527	
83.36362	-5.42866765	-5.46288056	-3.40408572	-3.42957198	
83.37387	-5.4094499	-5.44542727	-3.38486796	-3.41211869	
83.38393	-5.3900023	-5.42797397	-3.36542037	-3.3946654	
83.39407	-5.36977059	-5.41052068	-3.34518866	-3.38593875	
83.40425	-5.34884442	-5.39306739	-3.32426249	-3.36848546	
83.41436	-5.32745789	-5.3756141	-3.30287596	-3.35103216	
83.42455	-5.30524995	-5.3581608	-3.28066802	-3.32485223	
83.4347	-5.28253933	-5.34070751	-3.25795739	-3.29867229	
83.44486	-5.2591777	-5.30580093	-3.23459577	-3.27249235	
83.455	-5.23523852	-5.27962099	-3.21065659	-3.24631241	
83.46518	-5.21039564	-5.25344105	-3.18581371	-3.22013247	
83.47552	-5.184148	-5.21853446	-3.15956607	-3.19395253	
83.49451	-5.13507842	-5.16617459	-3.11049649	-3.1503193	
83.49909	-5.12302375	-5.15744794	-3.09844182	-3.14159265	
83.50926	-5.09583979	-5.131268	-3.07125785	-3.10668607	
83.51941	-5.06794472	-5.10508806	-3.04336279	-3.08050613	
83.52961	-5.03930333	-5.07018148	-3.0147214	-3.04559954	
83.54015	-5.00902996	-5.03527489	-2.98444803	-3.01941961	
83.55031	-4.97924956	-5.00909495	-2.95466763	-2.98451302	
83.56043	-4.94896133	-4.97418837	-2.9243794	-2.94960644	
83.5706	-4.91789507	-4.93928178	-2.89331313	-2.9234265	
83.58083	-4.8859963	-4.9043752	-2.86141437	-2.88851991	
83.59099	-4.853753	-4.87819526	-2.82917107	-2.85361333	
83.60108	-4.82110111	-4.84328867	-2.79651918	-2.82743339	
83.61121	-4.7875743	-4.81710874	-2.76299236	-2.7925268	
83.62142	-4.75337909	-4.78220215	-2.72879715	-2.75762022	
83.63154	-4.71879031	-4.74729557	-2.69420837	-2.72271363	
83.64171	-4.68337334	-4.71238898	-2.65879141	-2.6790804	
83.65182	-4.64757859	-4.66875575	-2.62299665	-2.64417382	
83.662	-4.61090118	-4.63384916	-2.58631925	-2.60054059	
83.67214	-4.57376331	-4.59894258	-2.54918138	-2.565634	
83.6823	-4.53592101	-4.56403599	-2.51133908	-2.53072742	
83.6925	-4.49731191	-4.52040276	-2.47272998	-2.49582083	
83.7026	-4.45844884	-4.48549618	-2.43386691	-2.46091425	
83.71281	-4.41858126	-4.45058959	-2.39399933	-2.41728101	
83.72293	-4.37843009	-4.40695636	-2.35384816	-2.37364778	
83.73309	-4.33748327	-4.36332313	-2.31290134	-2.3387412	
83.74334	-4.29556125	-4.32841654	-2.27097932	-2.29510797	
83.75341	-4.25377281	-4.28478331	-2.22919087	-2.25147474	
83.7636	-4.2108039	-4.24115008	-2.18622197	-2.2078415	
83.77384	-4.16708403	-4.1887902	-2.1425021	-2.16420827	
83.78391	-4.12346205	-4.15388362	-2.09888012	-2.12057504	
83.79407	-4.07877909	-4.11025039	-2.05419716	-2.07694181	
83.80419	-4.03369418	-4.06661716	-2.00911225	-2.02458193	
83.8144	-3.98754331	-4.01425728	-1.96296138	-1.98967535	
83.82452	-3.94123305	-3.97062405	-1.91665112	-1.93731547	
83.83466	-3.89421882	-3.92699082	-1.86963689	-1.89368224	
83.84483	-3.84643485	-3.87463094	-1.82185292	-1.85004901	
83.85493	-3.7983459	-3.83099771	-1.77376396	-1.79768913	
83.86511	-3.74924663	-3.77863783	-1.7246647	-1.74532925	
83.87525	-3.69961959	-3.7350046	-1.67503766	-1.70169602	
83.88541	-3.64955885	-3.68264472	-1.62497692	-1.64933614	
83.89556	-3.59875528	-3.63028484	-1.57417335	-1.59697627	
83.9057	-3.54738477	-3.56919832	-1.52280283	-1.54461639	
83.91584	-3.49542827	-3.51683844	-1.47084634	-1.50098316	
83.92811	-3.43152019	-3.46447857	-1.40693826	-1.44862328	
83.93617	-3.38932376	-3.41211869	-1.36474183	-1.3962634	
83.94626	-3.33575728	-3.35975881	-1.31117535	-1.33517688	
83.95645	-3.28105555	-3.30739893	-1.25647362	-1.282817	
83.96656	-3.22615619	-3.25503905	-1.20157425	-1.22173048	
83.97672	-3.17036992	-3.20267918	-1.14578799	-1.1693706	
83.98686	-3.11409974	-3.14159265	-1.0895178	-1.11701072	
83.99705	-3.05685376	-3.08050613	-1.03227183	-1.06465084	
84.01549	-2.95080254	-3.01941961	-0.926220609	-1.00356432	
84.02003	-2.92484012	-2.94960644	-0.900258189	-0.925024504	
84.03026	-2.86536914	-2.88851991	-0.840787206	-0.86393798	
84.04037	-2.80599768	-2.82743339	-0.781415745	-0.802851456	
84.0505	-2.74594668	-2.7925268	-0.721364745	-0.750491578	
84.06071	-2.68469073	-2.74016693	-0.660108796	-0.706858347	
84.07084	-2.62518804	-2.68780705	-0.60060611	-0.654498469	
84.08104	-2.56592166	-2.62672052	-0.541339731	-0.593411946	
84.09121	-2.50742423	-2.55690735	-0.482842303	-0.532325422	
84.10132	-2.44986449	-2.48709418	-0.425282557	-0.462512252	
84.11153	-2.39237889	-2.40855437	-0.367796959	-0.392699082	
84.12166	-2.33598748	-2.34746784	-0.311405544	-0.322885912	
84.1318	-2.28012185	-2.28638132	-0.25553992	-0.261799388	
84.14202	-2.22446874	-2.2252948	-0.199886807	-0.200712864	
84.15207	-2.1703022	-2.17293492	-0.145720269	-0.13962634	
84.16227	-2.11594304	-2.12057504	-0.0913611102	-0.0872664626	
84.17247	-2.06226755	-2.05948852	-0.0376856196	-0.034906585	
84.18259	-2.00957514	-2.00712864	0.0150067948	0.0174532925	
84.19274	-1.95737765	-1.95476876	0.0672042866	0.0698131701	
84.2029	-1.90569407	-1.90240888	0.118887864	0.122173048	
84.21308	-1.8545624	-1.85004901	0.170019534	0.183259571	
84.2233	-1.80382406	-1.78896248	0.220757868	0.244346095	
84.23337	-1.75446401	-1.72787596	0.270117919	0.296705973	
84.24354	-1.70520865	-1.67551608	0.319373283	0.34906585	
84.25373	-1.6564803	-1.6231562	0.368101629	0.401425728	
84.26382	-1.60886106	-1.57079633	0.415720868	0.453785606	
84.27398	-1.56148597	-1.51843645	0.463095961	0.506145483	
84.28411	-1.51488781	-1.47480322	0.509694117	0.549778714	
84.29431	-1.46857929	-1.43116999	0.556002638	0.593411946	
84.30444	-1.42322284	-1.38753676	0.601359089	0.645771823	
84.31486	-1.37717739	-1.34390352	0.647404543	0.689405055	
84.32489	-1.33344111	-1.30027029	0.691140825	0.733038286	
84.33503	-1.28986496	-1.25663706	0.734716976	0.767944871	
84.34519	-1.24682007	-1.22173048	0.777761859	0.820304748	
84.35527	-1.20466937	-1.17809725	0.819912564	0.86393798	
84.36548	-1.16265906	-1.13446401	0.861922873	0.907571211	
84.37556	-1.12172213	-1.09955743	0.9028598	0.942477796	
84.38574	-1.08106392	-1.0559242	0.943518014	0.977384381	
84.39594	-1.0408992	-1.02101761	0.983682731	1.01229097	
84.40608	-1.00157408	-0.977384381	1.02300786	1.0559242	
84.41617	-0.963040388	-0.942477796	1.06154154	1.09955743	
84.42633	-0.924885606	-0.907571211	1.09969633	1.13446401	
84.43651	-0.887261096	-0.872664626	1.13732084	1.1693706	
84.44663	-0.850443625	-0.829031395	1.17413831	1.21300383	
84.45677	-0.814178859	-0.79412481	1.21040307	1.24791042	
84.4669	-0.778541139	-0.759218225	1.24604079	1.282817	
84.4771	-0.743269728	-0.72431164	1.2813122	1.31772359	
84.48736	-0.708426708	-0.689405055	1.31615522	1.34390352	
84.49744	-0.674765346	-0.654498469	1.34981659	1.37881011	
84.50753	-0.641709168	-0.619591884	1.38287276	1.41371669	
84.51774	-0.608844406	-0.584685299	1.41573753	1.44862328	
84.52785	-0.57689057	-0.549778714	1.44769136	1.48352986	
84.53802	-0.54539352	-0.523598776	1.47918841	1.51843645	
84.54815	-0.514603287	-0.488692191	1.50997865	1.54461639	
84.55831	-0.484313892	-0.453785606	1.54026804	1.57952297	
84.56849	-0.454596218	-0.427605667	1.56998571	1.60570291	
84.57992	-0.421982874	-0.401425728	1.60259906	1.6406095	
84.59663	-0.376290303	-0.34906585	1.64829163	1.69296937	
84.6011	-0.364029362	-0.340339204	1.66055257	1.70169602	
84.6113	-0.336707803	-0.314159265	1.68787413	1.72787596	
84.62142	-0.310367528	-0.27925268	1.7142144	1.7540559	
84.63163	-0.284321835	-0.253072742	1.7402601	1.78023584	
84.64176	-0.259081881	-0.226892803	1.76550005	1.81514242	
84.65191	-0.234386106	-0.20943951	1.79019583	1.83259571	
84.66213	-0.210121143	-0.191986218	1.81446079	1.85004901	
84.67218	-0.186831446	-0.165806279	1.83775049	1.87622895	
84.68239	-0.163786466	-0.13962634	1.86079547	1.89368224	
84.69259	-0.141369673	-0.122173048	1.88321226	1.91986218	
84.70271	-0.119719622	-0.0959931089	1.90486231	1.93731547	
84.71287	-0.0985840503	-0.0698131701	1.92599788	1.95476876	
84.72301	-0.0780847703	-0.0523598776	1.94649716	1.97222205	
84.73324	-0.0579786808	-0.034906585	1.96660325	1.98967535	
84.74346	-0.0385266608	-0.0174532925	1.98605527	2.00712864	
84.75356	-0.0198668294	0	2.0047151	2.02458193	
84.7654	0.00116276955	0.0174532925	2.0257447	2.05076187	
84.77552	0.0185872707	0.034906585	2.0431692	2.07694181	
84.78566	0.0354645671	0.0436332313	2.0600465	2.0943951	
84.7958	0.0517603269	0.0610865238	2.07634226	2.10312175	
84.80603	0.0676045773	0.0785398163	2.09218651	2.11184839	
84.81643	0.0830956511	0.0959931089	2.10767758	2.12930169	
84.82629	0.0972467491	0.104719755	2.12182868	2.13802833	
84.83651	0.111330819	0.122173048	2.13591275	2.14675498	
84.84656	0.124605811	0.13962634	2.14918774	2.16420827	
84.85669	0.137423211	0.148352986	2.16200514	2.17293492	
84.86687	0.149724301	0.157079633	2.17430623	2.18166156	
84.87702	0.161424607	0.174532925	2.18600654	2.19911486	
84.88725	0.172640658	0.183259571	2.19722259	2.2078415	
84.90518	0.190162539	0.191986218	2.21474447	2.21656815	
84.90972	0.194653509	0.191986218	2.21923544	2.2252948	
84.91982	0.203943328	0.200712864	2.22852526	2.23402144	
84.93204	0.214328573	0.20943951	2.23891051	2.24274809	
84.94019	0.220989762	0.218166156	2.24557169	2.25147474	
84.95026	0.228637644	0.235619449	2.25321958	2.25147474	
84.96037	0.235782808	0.244346095	2.26036474	2.26020138	
84.97056	0.242455891	0.244346095	2.26703782	2.26020138	
84.98076	0.248608257	0.253072742	2.27319019	2.26892803	
84.99088	0.254203107	0.253072742	2.27878504	2.26892803	
85.00103	0.25930771	0.261799388	2.28388964	2.27765467	
85.01119	0.263915912	0.261799388	2.28849784	2.28638132	
85.02137	0.268050153	0.261799388	2.29263209	2.28638132	
85.03153	0.271701447	0.261799388	2.29628338	2.28638132	
85.04169	0.274894537	0.261799388	2.29947647	2.29510797	
85.05187	0.277653218	0.270526034	2.30223515	2.29510797	
85.06206	0.279989559	0.270526034	2.30457149	2.29510797	
85.07219	0.281923633	0.270526034	2.30650557	2.30383461	
85.08346	0.283601559	0.27925268	2.30818349	2.30383461	
85.09256	0.287979327	0.27925268	2.31256126	2.30383461	
85.10264	0.287979327	0.270526034	2.31256126	2.30383461	
85.11281	0.287979327	0.270526034	2.31256126	2.30383461	
85.12292	0.287979327	0.270526034	2.31256126	2.30383461	
85.13313	0.287979327	0.270526034	2.31256126	2.30383461	
85.14335	0.287979327	0.261799388	2.31256126	2.29510797	
85.15345	0.287979327	0.261799388	2.31256126	2.29510797	
85.16361	0.287979327	0.270526034	2.31256126	2.29510797	
85.17379	0.287979327	0.27925268	2.31256126	2.29510797	
85.18393	0.287979327	0.27925268	2.31256126	2.29510797	
85.19408	0.287979327	0.27925268	2.31256126	2.29510797	
85.20422	0.287979327	0.27925268	2.31256126	2.29510797	
85.21441	0.287979327	0.27925268	2.31256126	2.29510797	
85.22454	0.287979327	0.27925268	2.31256126	2.29510797	
85.23468	0.287979327	0.27925268	2.31256126	2.29510797	
85.24487	0.287979327	0.27925268	2.31256126	2.29510797	
85.25512	0.287979327	0.27925268	2.31256126	2.29510797	
85.26515	0.287979327	0.27925268	2.31256126	2.29510797	
85.27534	0.287979327	0.27925268	2.31256126	2.29510797	
85.28545	0.287979327	0.27925268	2.31256126	2.29510797	
85.2956	0.287979327	0.27925268	2.31256126	2.29510797	
85.30574	0.287979327	0.27925268	2.31256126	2.29510797	
85.31594	0.287979327	0.27925268	2.31256126	2.29510797	
85.32608	0.287979327	0.27925268	2.31256126	2.29510797	
85.33619	0.287979327	0.27925268	2.31256126	2.29510797	
85.34631	0.287979327	0.27925268	2.31256126	2.29510797	
85.35666	0.287979327	0.27925268	2.31256126	2.29510797	
85.36663	0.287979327	0.27925268	2.31256126	2.29510797	
85.37677	0.287979327	0.27925268	2.31256126	2.29510797	
85.38692	0.287979327	0.27925268	2.31256126	2.29510797	
85.39706	0.287979327	0.27925268	2.31256126	2.29510797	
85.4073	0.287979327	0.27925268	2.31256126	2.29510797	
85.41742	0.287979327	0.27925268	2.31256126	2.29510797	
85.4275	0.287979327	0.27925268	2.31256126	2.29510797	
85.43767	0.287979327	0.27925268	2.31256126	2.29510797	
85.44779	0.287979327	0.27925268	2.31256126	2.29510797	
85.45794	0.287979327	0.27925268	2.31256126	2.29510797	
85.46805	0.287979327	0.27925268	2.31256126	2.29510797	
85.48888	0.287979327	0.27925268	2.31256126	2.29510797	
85.49339	0.287979327	0.27925268	2.31256126	2.29510797	
85.50355	0.287979327	0.27925268	2.31256126	2.29510797	
85.5137	0.287979327	0.27925268	2.31256126	2.29510797	
85.52384	0.287979327	0.27925268	2.31256126	2.29510797	
85.53406	0.287979327	0.27925268	2.31256126	2.29510797	
85.54416	0.287979327	0.27925268	2.31256126	2.29510797	
85.5543	0.287979327	0.27925268	2.31256126	2.29510797	
85.56448	0.287979327	0.27925268	2.31256126	2.29510797	
85.57465	0.287979327	0.27925268	2.31256126	2.29510797	
