89.6137	-5.71012686	-5.69850001	-3.68554492	-3.68264472	
89.61948	-5.70932445	-5.69850001	-3.68474252	-3.68264472	
89.62965	-5.70715678	-5.69850001	-3.68257484	-3.68264472	
89.64004	-5.70428529	-5.68977336	-3.67970336	-3.67391808	
89.65	-5.70094964	-5.68977336	-3.67636771	-3.67391808	
89.66014	-5.69693609	-5.68977336	-3.67235415	-3.67391808	
89.67038	-5.69224595	-5.68977336	-3.66766402	-3.66519143	
89.68849	-5.68155774	-5.68104672	-3.6569758	-3.66519143	
89.69304	-5.67893484	-5.67232007	-3.65435291	-3.66519143	
89.70312	-5.67234538	-5.67232007	-3.64776345	-3.65646478	
89.71332	-5.66504968	-5.67232007	-3.64046775	-3.64773814	
89.72345	-5.657188	-5.67232007	-3.63260607	-3.63901149	
89.73362	-5.64867603	-5.66359342	-3.62409409	-3.63028484	
89.74387	-5.6394624	-5.65486678	-3.61488046	-3.6215582	
89.75395	-5.62980429	-5.64614013	-3.60522236	-3.61283155	
89.76594	-5.61736408	-5.63741348	-3.59278214	-3.59537826	
89.77424	-5.60844791	-5.61996019	-3.58386598	-3.59537826	
89.78435	-5.59691969	-5.61123355	-3.57233776	-3.57792497	
89.79447	-5.58474814	-5.6025069	-3.56016621	-3.56919832	
89.80465	-5.57188282	-5.59378025	-3.54730088	-3.56047167	
89.81484	-5.55839379	-5.57632696	-3.53381186	-3.55174503	
89.82496	-5.54437539	-5.56760031	-3.51979346	-3.54301838	
89.83512	-5.52968692	-5.55014702	-3.50510499	-3.52556509	
89.84527	-5.51439533	-5.53269373	-3.48981339	-3.5081118	
89.85539	-5.49851902	-5.51524044	-3.47393708	-3.4906585	
89.86557	-5.48195502	-5.49778714	-3.45737308	-3.47320521	
89.87574	-5.46476153	-5.4890605	-3.4401796	-3.45575192	
89.88589	-5.44698556	-5.48033385	-3.42240362	-3.43829863	
89.8964	-5.42791809	-5.46288056	-3.40333616	-3.42957198	
89.90621	-5.40956644	-5.44542727	-3.38498451	-3.41211869	
89.91629	-5.39007598	-5.42797397	-3.36549405	-3.40339204	
89.92648	-5.36975648	-5.41052068	-3.34517455	-3.38593875	
89.93657	-5.34902655	-5.38434074	-3.32444462	-3.36848546	
89.94679	-5.32739445	-5.36688745	-3.30281252	-3.34230552	
89.95693	-5.30532145	-5.34070751	-3.28073952	-3.31612558	
89.96703	-5.28272701	-5.32325422	-3.25814508	-3.28994564	
89.97717	-5.25942507	-5.30580093	-3.23484313	-3.27249235	
89.98738	-5.23533721	-5.27089434	-3.21075528	-3.24631241	
89.9975	-5.21085021	-5.25344105	-3.18626828	-3.22013247	
90.00763	-5.18570782	-5.21853446	-3.16112589	-3.19395253	
90.01776	-5.15996767	-5.20108117	-3.13538573	-3.16777259	
90.02793	-5.13350173	-5.16617459	-3.10891979	-3.14159265	
90.03807	-5.10648158	-5.13999465	-3.08189965	-3.11541271	
90.04821	-5.0788384	-5.10508806	-3.05425646	-3.08923278	
90.05837	-5.05055743	-5.07890812	-3.0259755	-3.05432619	
90.0685	-5.02171965	-5.04400154	-2.99713772	-3.02814625	
90.07877	-4.991858	-5.00909495	-2.96727607	-2.99323967	
90.08885	-4.96194527	-4.98291501	-2.93736334	-2.96705973	
90.09893	-4.93142002	-4.95673508	-2.90683809	-2.93215314	
90.10913	-4.89990037	-4.92182849	-2.87531844	-2.89724656	
90.11934	-4.86767539	-4.88692191	-2.84309346	-2.86233997	
90.12946	-4.83518985	-4.85201532	-2.81060792	-2.82743339	
90.13961	-4.801993	-4.81710874	-2.77741107	-2.7925268	
90.14976	-4.76815831	-4.78220215	-2.74357638	-2.75762022	
90.15998	-4.73345109	-4.74729557	-2.70886915	-2.72271363	
90.17016	-4.6982766	-4.71238898	-2.67369466	-2.69653369	
90.18028	-4.66268636	-4.6774824	-2.63810443	-2.66162711	
90.19052	-4.62602291	-4.64257581	-2.60144098	-2.61799388	
90.20054	-4.5895653	-4.60766923	-2.56498337	-2.58308729	
90.21076	-4.55174333	-4.57276264	-2.5271614	-2.54818071	
90.22094	-4.51347166	-4.53785606	-2.48888973	-2.50454748	
90.23107	-4.47475478	-4.50294947	-2.45017284	-2.46091425	
90.24121	-4.43537041	-4.45931624	-2.41078848	-2.42600766	
90.25151	-4.39475113	-4.41568301	-2.37016919	-2.38237443	
90.26159	-4.35438068	-4.37204978	-2.32979875	-2.3387412	
90.27183	-4.31272284	-4.32841654	-2.28814091	-2.30383461	
90.2819	-4.27120736	-4.28478331	-2.24662543	-2.26892803	
90.29206	-4.22864817	-4.24115008	-2.20406623	-2.2252948	
90.30227	-4.18525222	-4.2062435	-2.16067029	-2.17293492	
90.31234	-4.14186858	-4.16261027	-2.11728665	-2.12930169	
90.32253	-4.09731911	-4.11897703	-2.07273718	-2.08566846	
90.33268	-4.05237692	-4.0753438	-2.02779499	-2.03330858	
90.34286	-4.00660214	-4.03171057	-1.98202021	-1.98967535	
90.35296	-3.96064569	-3.97935069	-1.93606376	-1.94604212	
90.36311	-3.91380503	-3.92699082	-1.8892231	-1.90240888	
90.37334	-3.86593604	-3.88335759	-1.8413541	-1.85877565	
90.38343	-3.81819127	-3.83099771	-1.79360934	-1.80641578	
90.3936	-3.76939674	-3.77863783	-1.74481481	-1.7540559	
90.40374	-3.72000613	-3.7350046	-1.6954242	-1.71042267	
90.41389	-3.67025083	-3.69137137	-1.6456689	-1.65806279	
90.42408	-3.61950628	-3.63901149	-1.59492435	-1.60570291	
90.43421	-3.56842099	-3.58665161	-1.54383905	-1.55334303	
90.44436	-3.51662591	-3.53429174	-1.49204398	-1.50098316	
90.45464	-3.46357125	-3.47320521	-1.43898932	-1.44862328	
90.46468	-3.41111101	-3.42084533	-1.38652908	-1.40499005	
90.4749	-3.35712095	-3.36848546	-1.33253901	-1.35263017	
90.48507	-3.302782	-3.31612558	-1.27820006	-1.29154365	
90.49518	-3.24811996	-3.2637657	-1.22353803	-1.23918377	
90.50532	-3.19264999	-3.21140582	-1.16806806	-1.18682389	
90.51545	-3.13666352	-3.1503193	-1.11208159	-1.12573737	
90.5256	-3.07994231	-3.08923278	-1.05536038	-1.06465084	
90.53578	-3.02243085	-3.02814625	-0.997848919	-1.01229097	
90.54594	-2.96439056	-2.96705973	-0.939808626	-0.951204442	
90.55605	-2.906053	-2.9059732	-0.881471072	-0.890117919	
90.56618	-2.84695434	-2.85361333	-0.822372407	-0.837758041	
90.5764	-2.78674285	-2.7925268	-0.762160917	-0.767944871	
90.5865	-2.72658836	-2.73144028	-0.702006432	-0.715584993	
90.5966	-2.6676657	-2.67035376	-0.643083771	-0.645771823	
90.60677	-2.60888688	-2.60926723	-0.584304951	-0.593411946	
90.6184	-2.54250626	-2.53945406	-0.517924325	-0.514872129	
90.62874	-2.4841235	-2.47836754	-0.459541571	-0.453785606	
90.63868	-2.42856801	-2.41728101	-0.403986073	-0.383972435	
90.65668	-2.33022949	-2.30383461	-0.305647558	-0.27925268	
90.66122	-2.30540645	-2.27765467	-0.280824521	-0.253072742	
90.67137	-2.25058841	-2.2252948	-0.226006475	-0.200712864	
90.68153	-2.19631611	-2.16420827	-0.171734177	-0.13962634	
90.69171	-2.14250289	-2.11184839	-0.117920954	-0.0872664626	
90.70182	-2.08968231	-2.05948852	-0.0651003731	-0.034906585	
90.71238	-2.03516685	-1.99840199	-0.0105849165	0.0261799388	
90.7222	-1.98505464	-1.94604212	0.0395272944	0.0698131701	
90.73234	-1.9338785	-1.89368224	0.0907034359	0.130899694	
90.74256	-1.88290659	-1.84132236	0.141675339	0.183259571	
90.75263	-1.83327108	-1.78896248	0.19131085	0.235619449	
90.76286	-1.78345316	-1.73660261	0.241128772	0.287979327	
90.77302	-1.73454847	-1.69296937	0.290033466	0.340339204	
90.78315	-1.68640078	-1.6406095	0.338181148	0.383972435	
90.79331	-1.63874603	-1.59697627	0.385835903	0.436332313	
90.80343	-1.59182888	-1.54461639	0.432753052	0.488692191	
90.81363	-1.54514551	-1.50098316	0.479436423	0.523598776	
90.82382	-1.49913945	-1.45734993	0.525442481	0.575958653	
90.83393	-1.45406974	-1.41371669	0.570512194	0.619591884	
90.84407	-1.40942242	-1.37008346	0.615159509	0.663225116	
90.85421	-1.3654296	-1.32645023	0.659152336	0.698131701	
90.86439	-1.32182431	-1.29154365	0.702757627	0.741764932	
90.87453	-1.27898719	-1.24791042	0.74559474	0.785398163	
90.88465	-1.23682928	-1.20427718	0.787752649	0.829031395	
90.89485	-1.19494474	-1.16064395	0.829637192	0.872664626	
90.90498	-1.15392146	-1.12573737	0.870660469	0.907571211	
90.91512	-1.11345497	-1.08210414	0.911126959	0.951204442	
90.92527	-1.07354659	-1.04719755	0.951035339	0.986111027	
90.93542	-1.03423549	-1.01229097	0.990346439	1.02974426	
90.95542	-0.959634805	-0.93375115	1.06494713	1.09955743	
90.96001	-0.942470887	-0.916297857	1.08211105	1.11701072	
90.97011	-0.905345268	-0.881391272	1.11923666	1.15191731	
90.9803	-0.868502794	-0.837758041	1.15607914	1.18682389	
90.99053	-0.832131703	-0.802851456	1.19245023	1.23045712	
91.00864	-0.77003633	-0.750491578	1.2545456	1.29154365	
91.0132	-0.75432576	-0.733038286	1.27025617	1.30899694	
91.02332	-0.720234169	-0.698131701	1.30434776	1.34390352	
91.03347	-0.686654615	-0.663225116	1.33792732	1.37881011	
91.04365	-0.65351163	-0.637045177	1.3710703	1.40499005	
91.05381	-0.621080372	-0.610865238	1.40350156	1.43116999	
91.58362	-1.31909784	0.916297857	0.705484093	2.89724656	
91.59377	-1.31710994	0.925024504	0.707471992	2.89724656	
91.60412	-1.31508398	0.925024504	0.709497956	2.89724656	
91.61413	-1.31312709	0.890117919	0.711454841	2.87106662	
91.6244	-1.31111849	0.837758041	0.713463446	2.82743339	
91.63455	-1.3091371	0.776671517	0.715444835	2.76634686	
91.6448	-1.30713607	0.698131701	0.717445862	2.69653369	
91.65503	-1.30514059	0.610865238	0.719441345	2.60926723	
91.66526	-1.30314558	0.523598776	0.721436356	2.51327412	
91.67565	-1.30112106	0.41887902	0.723460871	2.41728101	
91.68565	-1.29917448	0.331612558	0.72540745	2.32128791	
91.69637	-1.29708874	0.226892803	0.727493196	2.21656815	
91.7063	-1.29515784	0.113446401	0.729424088	2.10312175	
91.71691	-1.29309552	0	0.731486414	1.98967535	
91.72673	-1.29118821	-0.130899694	0.733393718	1.8675023	
91.73677	-1.28924017	-0.261799388	0.735341758	1.74532925	
91.74691	-1.28727376	-0.392699082	0.737308169	1.61442956	
91.75708	-1.28530277	-0.514872129	0.739279161	1.49225651	
91.76735	-1.28331017	-0.610865238	0.741271758	1.3962634	
91.77739	-1.28136759	-0.698131701	0.743214345	1.30899694	
91.78748	-1.27941441	-0.759218225	0.745167521	1.23918377	
91.79766	-1.27744738	-0.829031395	0.747134549	1.1693706	
91.80776	-1.27549549	-0.890117919	0.749086439	1.10828408	
91.81811	-1.27349466	-0.951204442	0.751087277	1.04719755	
91.82809	-1.27156934	-1.01229097	0.753012593	0.986111027	
91.83824	-1.2696111	-1.06465084	0.75497083	0.93375115	
91.84833	-1.26766816	-1.09955743	0.756913776	0.890117919	
91.85851	-1.26570621	-1.13446401	0.758875718	0.855211333	
91.86865	-1.26375359	-1.1693706	0.760828341	0.837758041	
91.8789	-1.26178201	-1.20427718	0.762799919	0.811578102	
91.88895	-1.25984954	-1.23045712	0.764732397	0.79412481	
91.8991	-1.25789849	-1.25663706	0.766683443	0.767944871	
91.90932	-1.25593697	-1.27409035	0.76864496	0.750491578	
91.91943	-1.2539953	-1.29154365	0.770586631	0.72431164	
91.9296	-1.25204585	-1.30027029	0.772536086	0.698131701	
91.93976	-1.25009648	-1.31772359	0.774485455	0.689405055	
91.95038	-1.24806223	-1.32645023	0.776519702	0.680678408	
91.96043	-1.24614044	-1.32645023	0.778441491	0.680678408	
91.97064	-1.24418507	-1.32645023	0.78039686	0.680678408	
91.98077	-1.24224967	-1.33517688	0.782332262	0.671951762	
91.99096	-1.24030328	-1.34390352	0.784278656	0.671951762	
92.00108	-1.23837071	-1.34390352	0.786211219	0.671951762	
92.01128	-1.23642298	-1.34390352	0.788158954	0.663225116	
92.02144	-1.2344864	-1.34390352	0.790095536	0.663225116	
92.03156	-1.23255714	-1.34390352	0.792024793	0.663225116	
92.04173	-1.23061978	-1.34390352	0.793962149	0.663225116	
92.05189	-1.22867948	-1.34390352	0.795902452	0.663225116	
92.06205	-1.22675429	-1.34390352	0.797827641	0.663225116	
92.07222	-1.22482064	-1.34390352	0.799761291	0.663225116	
92.08239	-1.22288861	-1.35263017	0.801693324	0.663225116	
92.09255	-1.22096047	-1.35263017	0.803621466	0.671951762	
92.1027	-1.21903394	-1.35263017	0.805547997	0.680678408	
92.11284	-1.21711072	-1.34390352	0.807471211	0.680678408	
92.12438	-1.21492317	-1.34390352	0.809658759	0.680678408	
92.13457	-1.21299597	-1.33517688	0.811585965	0.680678408	
92.14464	-1.2110889	-1.33517688	0.813493028	0.689405055	
92.15484	-1.20915982	-1.32645023	0.815422116	0.689405055	
92.16522	-1.20719931	-1.32645023	0.817382622	0.689405055	
92.17514	-1.20532556	-1.32645023	0.81925637	0.689405055	
92.18526	-1.20341565	-1.32645023	0.821166278	0.689405055	
92.19541	-1.20150056	-1.32645023	0.823081369	0.698131701	
92.20557	-1.19958614	-1.31772359	0.824995793	0.698131701	
92.21568	-1.19768179	-1.30899694	0.826900139	0.689405055	
92.22584	-1.19576908	-1.30899694	0.828812856	0.689405055	
92.23602	-1.19384782	-1.30899694	0.830734112	0.698131701	
92.24613	-1.19195242	-1.30899694	0.832629516	0.698131701	
92.25644	-1.19001505	-1.30899694	0.83456688	0.698131701	
92.26655	-1.18811648	-1.30027029	0.836465455	0.698131701	
92.27669	-1.18621369	-1.30027029	0.838368245	0.706858347	
92.28685	-1.18430857	-1.29154365	0.840273366	0.715584993	
92.297	-1.18240655	-1.29154365	0.842175381	0.72431164	
92.30714	-1.1805082	-1.29154365	0.844073732	0.72431164	
92.32523	-1.17712325	-1.29154365	0.847458683	0.715584993	
92.32974	-1.17628133	-1.29154365	0.848300603	0.72431164	
92.33986	-1.174389	-1.29154365	0.850192935	0.733038286	
92.35002	-1.17249136	-1.29154365	0.852090573	0.733038286	
92.36025	-1.17058153	-1.282817	0.854000403	0.72431164	
92.3704	-1.16868879	-1.27409035	0.855893143	0.72431164	
92.38056	-1.16679523	-1.27409035	0.857786701	0.733038286	
92.39076	-1.16489416	-1.282817	0.859687772	0.733038286	
92.40088	-1.163012	-1.282817	0.86156993	0.750491578	
92.41105	-1.16111898	-1.282817	0.863462948	0.750491578	
92.42125	-1.15922293	-1.27409035	0.865359001	0.759218225	
92.43137	-1.15734149	-1.27409035	0.867240446	0.767944871	
92.44153	-1.15545552	-1.26536371	0.869126416	0.767944871	
92.45169	-1.15357059	-1.25663706	0.871011339	0.767944871	
92.46191	-1.15167449	-1.25663706	0.872907441	0.767944871	
92.47208	-1.14979056	-1.25663706	0.874791371	0.767944871	
92.48218	-1.14791952	-1.24791042	0.876662409	0.767944871	
92.49233	-1.14604101	-1.24791042	0.878540918	0.767944871	
92.50257	-1.14414803	-1.24791042	0.880433901	0.767944871	
92.51265	-1.14228529	-1.24791042	0.882296642	0.776671517	
92.52279	-1.1404114	-1.24791042	0.884170533	0.785398163	
92.53296	-1.13853431	-1.23918377	0.886047619	0.79412481	
92.54313	-1.13665791	-1.23918377	0.887924023	0.79412481	
92.55327	-1.134789	-1.23045712	0.889792929	0.802851456	
92.56359	-1.13288765	-1.22173048	0.891694286	0.802851456	
92.57361	-1.13104237	-1.22173048	0.893539561	0.802851456	
92.58376	-1.12917495	-1.22173048	0.89540698	0.811578102	
92.59389	-1.12731317	-1.21300383	0.897268758	0.820304748	
92.60405	-1.12544711	-1.21300383	0.899134818	0.820304748	
92.61418	-1.12358522	-1.21300383	0.900996711	0.820304748	
92.62579	-1.12145622	-1.21300383	0.90312571	0.820304748	
92.63601	-1.11958249	-1.20427718	0.904999439	0.820304748	
92.64608	-1.11773692	-1.20427718	0.90684501	0.820304748	
92.65659	-1.11581171	-1.20427718	0.908770224	0.820304748	
92.66664	-1.11397282	-1.19555054	0.910609113	0.829031395	
92.67666	-1.11214025	-1.18682389	0.912441679	0.829031395	
92.68674	-1.1102983	-1.18682389	0.914283635	0.837758041	
92.69683	-1.10845628	-1.18682389	0.916125654	0.837758041	
92.70695	-1.10660818	-1.18682389	0.917973751	0.846484687	
92.71715	-1.10474856	-1.18682389	0.919833376	0.855211333	
92.72734	-1.1028909	-1.17809725	0.921691031	0.855211333	
92.73745	-1.10104923	-1.1693706	0.923532705	0.86393798	
92.74755	-1.09921241	-1.1693706	0.925369521	0.86393798	
92.7577	-1.09736464	-1.1693706	0.927217296	0.86393798	
92.76784	-1.09552136	-1.1693706	0.929060568	0.86393798	
92.77802	-1.09367224	-1.16064395	0.93090969	0.86393798	
92.7881	-1.09183742	-1.16064395	0.932744515	0.86393798	
92.7983	-1.08999221	-1.16064395	0.934589719	0.86393798	
92.80843	-1.0881564	-1.15191731	0.936425536	0.872664626	
92.81857	-1.08631855	-1.15191731	0.938263386	0.872664626	
92.82879	-1.08446836	-1.15191731	0.940113572	0.872664626	
92.83896	-1.08262774	-1.15191731	0.941954195	0.872664626	
92.84904	-1.08080605	-1.14319066	0.94377588	0.881391272	
92.85916	-1.07897637	-1.13446401	0.945605558	0.890117919	
92.86943	-1.07712141	-1.13446401	0.947460527	0.898844565	
92.87961	-1.0752805	-1.13446401	0.949301436	0.898844565	
92.88977	-1.07345272	-1.13446401	0.951129213	0.907571211	
92.89987	-1.07163283	-1.12573737	0.9529491	0.907571211	
92.91005	-1.06980121	-1.12573737	0.954780722	0.907571211	
92.92024	-1.06796669	-1.12573737	0.956615242	0.907571211	
92.93036	-1.06614581	-1.12573737	0.958436125	0.907571211	
92.94052	-1.06432005	-1.11701072	0.960261886	0.907571211	
92.96059	-1.06071802	-1.11701072	0.963863911	0.907571211	
92.96507	-1.05991458	-1.11701072	0.964667349	0.907571211	
92.97523	-1.05809304	-1.10828408	0.966488896	0.907571211	
92.98538	-1.05627594	-1.10828408	0.968305988	0.916297857	
92.99559	-1.05444684	-1.09955743	0.970135088	0.925024504	
93.00572	-1.05263401	-1.09955743	0.971947926	0.925024504	
93.01591	-1.05081186	-1.09083078	0.973770076	0.93375115	
93.02602	-1.04900505	-1.09083078	0.975576883	0.93375115	
93.03618	-1.04719072	-1.09083078	0.97739121	0.942477796	
93.04634	-1.04537745	-1.09083078	0.979204481	0.942477796	
93.05648	-1.04356987	-1.08210414	0.981012065	0.942477796	
93.0666	-1.04176565	-1.08210414	0.982816284	0.942477796	
93.07675	-1.03995785	-1.08210414	0.984624083	0.942477796	
93.0871	-1.03811573	-1.08210414	0.986466207	0.951204442	
93.09707	-1.03634417	-1.08210414	0.988237761	0.951204442	
93.10726	-1.0345319	-1.07337749	0.990050031	0.959931089	
93.11744	-1.0327246	-1.07337749	0.991857333	0.959931089	
93.12773	-1.03089744	-1.06465084	0.993684496	0.959931089	
93.13782	-1.02910839	-1.06465084	0.995473539	0.959931089	
93.14795	-1.02731295	-1.06465084	0.99726898	0.968657735	
93.15808	-1.02551874	-1.06465084	0.999063195	0.968657735	
93.16829	-1.02371072	-1.06465084	1.00087121	0.968657735	
93.17843	-1.02191844	-1.06465084	1.00266349	0.977384381	
93.18856	-1.02012791	-1.0559242	1.00445402	0.977384381	
93.19903	-1.01827827	-1.04719755	1.00630366	0.977384381	
93.20907	-1.01650628	-1.04719755	1.00807565	0.977384381	
93.21938	-1.0146881	-1.04719755	1.00989383	0.977384381	
93.22956	-1.01289373	-1.04719755	1.0116882	0.977384381	
93.23967	-1.01111203	-1.04719755	1.0134699	0.986111027	
93.24982	-1.00932558	-1.0384709	1.01525635	0.994837674	
93.26014	-1.00750487	-1.0384709	1.01707707	0.994837674	
93.27017	-1.00574706	-1.0384709	1.01883487	0.986111027	
93.28033	-1.00396255	-1.0384709	1.02061938	0.986111027	
93.29076	-1.00213176	-1.02974426	1.02245017	0.994837674	
93.30073	-1.0003827	-1.02974426	1.02419924	0.994837674	
93.31089	-0.998601897	-1.02974426	1.02598004	1.00356432	
93.321	-0.996831606	-1.02974426	1.02775033	1.01229097	
93.33114	-0.995056066	-1.02974426	1.02952587	1.01229097	
93.34135	-0.993271445	-1.02974426	1.03131049	1.01229097	
93.35145	-0.991503958	-1.02101761	1.03307797	1.01229097	
93.36159	-0.989734378	-1.01229097	1.03484755	1.01229097	
93.37178	-0.987954864	-1.01229097	1.03662707	1.02101761	
93.38194	-0.986183038	-1.01229097	1.03839889	1.02974426	
93.40005	-0.983027425	-1.01229097	1.04155451	1.02974426	
93.40459	-0.982236179	-1.01229097	1.04234575	1.02974426	
93.41481	-0.980457731	-1.01229097	1.0441242	1.02974426	
93.42487	-0.978709199	-1.01229097	1.04587273	1.02974426	
93.43502	-0.976944859	-1.01229097	1.04763707	1.0384709	
93.4452	-0.975176545	-1.01229097	1.04940539	1.0384709	
93.45533	-0.973417792	-1.00356432	1.05116414	1.0384709	
93.46547	-0.971659053	-1.00356432	1.05292288	1.0384709	
93.4757	-0.969832289	-0.994837674	1.05474964	1.0384709	
93.48598	-0.968104777	-0.994837674	1.05647715	1.0384709	
93.49614	-0.966346641	-0.986111027	1.05823529	1.0384709	
93.50641	-0.964569523	-0.986111027	1.06001241	1.0384709	
93.51635	-0.962853232	-0.977384381	1.0617287	1.0384709	
93.52655	-0.961090327	-0.977384381	1.06349161	1.0384709	
93.53664	-0.959349012	-0.986111027	1.06523292	1.04719755	
93.54684	-0.957590305	-0.986111027	1.06699163	1.04719755	
93.55695	-0.95584868	-0.977384381	1.06873325	1.0384709	
93.5671	-0.954099329	-0.977384381	1.0704826	1.0384709	
93.57732	-0.952341067	-0.968657735	1.07224086	1.04719755	
93.58743	-0.950602436	-0.968657735	1.0739795	1.04719755	
93.59759	-0.948855754	-0.959931089	1.07572618	1.0559242	
93.60771	-0.947117856	-0.959931089	1.07746408	1.06465084	
93.61785	-0.945377066	-0.959931089	1.07920487	1.06465084	
93.62953	-0.943373371	-0.959931089	1.08120856	1.07337749	
93.6397	-0.94163129	-0.959931089	1.08295064	1.07337749	
93.64979	-0.939903957	-0.959931089	1.08467797	1.07337749	
93.65997	-0.938162798	-0.959931089	1.08641913	1.07337749	
93.6701	-0.936429025	-0.959931089	1.08815291	1.08210414	
93.68033	-0.934681289	-0.951204442	1.08990064	1.08210414	
93.69044	-0.932955613	-0.951204442	1.09162632	1.08210414	
93.7006	-0.931222123	-0.942477796	1.09335981	1.08210414	
93.71084	-0.929476751	-0.942477796	1.09510518	1.08210414	
93.72092	-0.927758163	-0.942477796	1.09682377	1.08210414	
93.73108	-0.926027693	-0.942477796	1.09855424	1.08210414	
93.74127	-0.924293868	-0.942477796	1.10028806	1.09083078	
93.7514	-0.922572154	-0.93375115	1.10200978	1.09083078	
93.76153	-0.920850307	-0.925024504	1.10373163	1.09083078	
93.77171	-0.919122734	-0.925024504	1.1054592	1.09955743	
93.78186	-0.917401143	-0.925024504	1.10718079	1.09955743	
93.79204	-0.915674686	-0.925024504	1.10890725	1.10828408	
93.80228	-0.913938468	-0.925024504	1.11064346	1.10828408	
93.81241	-0.912224136	-0.925024504	1.1123578	1.10828408	
93.82262	-0.910496665	-0.925024504	1.11408527	1.10828408	
93.83271	-0.908792394	-0.925024504	1.11578954	1.10828408	
93.84287	-0.907075499	-0.925024504	1.11750643	1.10828408	
93.85298	-0.905368438	-0.925024504	1.11921349	1.10828408	
93.86318	-0.903647097	-0.925024504	1.12093484	1.10828408	
93.87327	-0.901947038	-0.925024504	1.12263489	1.10828408	
93.88345	-0.900232376	-0.916297857	1.12434956	1.11701072	
93.89363	-0.898517776	-0.916297857	1.12606416	1.11701072	
93.90377	-0.896812145	-0.907571211	1.12776979	1.11701072	
93.91393	-0.895104217	-0.907571211	1.12947772	1.11701072	
93.9243	-0.893363127	-0.907571211	1.13121881	1.11701072	
93.93423	-0.891697427	-0.907571211	1.13288451	1.11701072	
93.94441	-0.889989677	-0.907571211	1.13459226	1.11701072	
93.95545	-0.888137861	-0.907571211	1.13644407	1.11701072	
93.96554	-0.886449758	-0.907571211	1.13813217	1.12573737	
93.97567	-0.884753006	-0.907571211	1.13982893	1.12573737	
93.98583	-0.883053974	-0.898844565	1.14152796	1.12573737	
93.99603	-0.881351001	-0.898844565	1.14323093	1.12573737	
94.00618	-0.879655441	-0.890117919	1.14492649	1.12573737	
94.01634	-0.877959946	-0.890117919	1.14662199	1.12573737	
94.02646	-0.876272847	-0.890117919	1.14830909	1.12573737	
94.0366	-0.874582644	-0.890117919	1.14999929	1.12573737	
94.04682	-0.87288103	-0.881391272	1.1517009	1.12573737	
94.05691	-0.871202768	-0.881391272	1.15337916	1.13446401	
94.06704	-0.869519411	-0.881391272	1.15506252	1.13446401	
94.07729	-0.867816369	-0.881391272	1.15676556	1.13446401	
94.08742	-0.866133487	-0.881391272	1.15844845	1.14319066	
94.09749	-0.864464262	-0.881391272	1.16011767	1.15191731	
94.10764	-0.862781177	-0.881391272	1.16180076	1.15191731	
94.11777	-0.861101972	-0.881391272	1.16347996	1.15191731	
94.12926	-0.859200146	-0.881391272	1.16538179	1.15191731	
94.1381	-0.85773886	-0.881391272	1.16684307	1.15191731	
94.14822	-0.856060868	-0.872664626	1.16852106	1.16064395	
94.15836	-0.854391367	-0.872664626	1.17019057	1.16064395	
94.16851	-0.852715337	-0.872664626	1.17186659	1.1693706	
94.17887	-0.851007428	-0.872664626	1.1735745	1.1693706	
94.18888	-0.849356934	-0.86393798	1.175225	1.1693706	
94.19902	-0.847688064	-0.855211333	1.17689387	1.1693706	
94.20913	-0.846024201	-0.855211333	1.17855773	1.1693706	
94.21926	-0.844359588	-0.846484687	1.18022234	1.1693706	
94.22949	-0.842677489	-0.846484687	1.18190444	1.1693706	
94.23971	-0.840998774	-0.846484687	1.18358316	1.1693706	
94.24985	-0.839335075	-0.846484687	1.18524686	1.1693706	
94.26005	-0.837662942	-0.846484687	1.18691899	1.1693706	
94.27012	-0.836013653	-0.837758041	1.18856828	1.1693706	
94.28035	-0.834338266	-0.837758041	1.19024367	1.17809725	
94.29048	-0.832681942	-0.837758041	1.19189999	1.17809725	
94.30063	-0.831023087	-0.837758041	1.19355885	1.18682389	
94.31086	-0.829351431	-0.837758041	1.1952305	1.18682389	
94.32091	-0.827712167	-0.837758041	1.19686977	1.18682389	
94.33109	-0.826049995	-0.829031395	1.19853194	1.19555054	
94.34128	-0.824389879	-0.829031395	1.20019205	1.20427718	
94.3514	-0.822741902	-0.820304748	1.20184003	1.20427718	
94.36157	-0.82108702	-0.820304748	1.20349491	1.20427718	
94.37173	-0.819434836	-0.820304748	1.2051471	1.20427718	
94.38189	-0.817784534	-0.820304748	1.2067974	1.20427718	
94.39209	-0.816128004	-0.820304748	1.20845393	1.20427718	
94.40219	-0.814489411	-0.811578102	1.21009252	1.21300383	
94.41236	-0.812840052	-0.811578102	1.21174188	1.21300383	
94.42248	-0.811199698	-0.802851456	1.21338223	1.21300383	
94.43265	-0.809553777	-0.802851456	1.21502816	1.21300383	
94.4428	-0.807912645	-0.802851456	1.21666929	1.21300383	
94.45298	-0.806265478	-0.802851456	1.21831645	1.22173048	
94.46317	-0.804621648	-0.802851456	1.21996028	1.22173048	
94.47328	-0.802988891	-0.802851456	1.22159304	1.22173048	
94.48343	-0.801353007	-0.802851456	1.22322893	1.22173048	
94.49359	-0.799713683	-0.802851456	1.22486825	1.22173048	
94.50378	-0.798072862	-0.802851456	1.22650907	1.22173048	
94.51392	-0.796441799	-0.802851456	1.22814013	1.22173048	
94.52406	-0.794812125	-0.802851456	1.22976981	1.22173048	
94.53423	-0.7931779	-0.79412481	1.23140403	1.22173048	
94.54441	-0.791542827	-0.79412481	1.23303911	1.23045712	
94.55459	-0.789908672	-0.79412481	1.23467326	1.23918377	
94.56473	-0.788276558	-0.79412481	1.23630537	1.23918377	
94.57494	-0.786648562	-0.79412481	1.23793337	1.23918377	
94.58506	-0.785028036	-0.79412481	1.2395539	1.23918377	
94.59526	-0.783397072	-0.79412481	1.24118486	1.23918377	
94.60534	-0.781786187	-0.79412481	1.24279574	1.23918377	
94.6155	-0.780162958	-0.79412481	1.24441897	1.23918377	
94.62566	-0.7785416	-0.79412481	1.24604033	1.23918377	
94.63584	-0.776918449	-0.79412481	1.24766348	1.23918377	
94.64638	-0.775238606	-0.785398163	1.24934333	1.23918377	
94.65639	-0.773644375	-0.785398163	1.25093756	1.23918377	
94.66631	-0.77206771	-0.785398163	1.25251422	1.23918377	
94.67644	-0.770429813	-0.785398163	1.25415212	1.23918377	
94.68664	-0.7688365	-0.776671517	1.25574543	1.23918377	
94.69678	-0.767226632	-0.767944871	1.2573553	1.24791042	
94.70692	-0.765619577	-0.767944871	1.25896236	1.24791042	
94.71704	-0.764014857	-0.767944871	1.26056708	1.24791042	
94.72727	-0.76239491	-0.767944871	1.26218702	1.25663706	
94.73739	-0.760793126	-0.767944871	1.26378881	1.25663706	
94.74787	-0.759136814	-0.767944871	1.26544512	1.25663706	
94.75773	-0.757579187	-0.759218225	1.26700275	1.25663706	
94.76979	-0.755673162	-0.759218225	1.26890877	1.25663706	
94.77989	-0.754080618	-0.759218225	1.27050131	1.25663706	
94.79003	-0.752482365	-0.750491578	1.27209957	1.25663706	
94.80023	-0.750876845	-0.750491578	1.27370509	1.25663706	
94.81034	-0.749285299	-0.750491578	1.27529663	1.25663706	
94.82048	-0.747691049	-0.750491578	1.27689088	1.25663706	
94.83073	-0.746080919	-0.750491578	1.27850101	1.25663706	
94.84081	-0.74449745	-0.741764932	1.28008448	1.26536371	
94.85093	-0.742909398	-0.741764932	1.28167253	1.26536371	
94.86112	-0.741312235	-0.741764932	1.2832697	1.27409035	
94.87131	-0.739716468	-0.741764932	1.28486546	1.282817	
94.88143	-0.738133199	-0.733038286	1.28644873	1.282817	
94.89155	-0.736549277	-0.733038286	1.28803266	1.29154365	
94.90174	-0.73495659	-0.733038286	1.28962534	1.29154365	
94.91191	-0.733369199	-0.733038286	1.29121273	1.29154365	
94.92206	-0.731785692	-0.733038286	1.29279624	1.29154365	
94.93224	-0.730197654	-0.733038286	1.29438428	1.29154365	
94.94238	-0.728618013	-0.733038286	1.29596392	1.29154365	
94.95458	-0.726718423	-0.733038286	1.29786351	1.29154365	
94.96266	-0.725462362	-0.733038286	1.29911957	1.29154365	
94.97282	-0.723882991	-0.72431164	1.30069894	1.30027029	
94.98297	-0.722306404	-0.72431164	1.30227553	1.30027029	
94.99314	-0.720728258	-0.72431164	1.30385367	1.30027029	
95.00327	-0.719158008	-0.715584993	1.30542392	1.30027029	
95.01346	-0.717577994	-0.715584993	1.30700394	1.30899694	
95.0236	-0.716008966	-0.715584993	1.30857297	1.30899694	
95.03373	-0.714442091	-0.715584993	1.31013984	1.30027029	
95.04387	-0.712873354	-0.715584993	1.31170858	1.30027029	
95.05404	-0.711302299	-0.715584993	1.31327963	1.30899694	
95.06424	-0.709729397	-0.715584993	1.31485254	1.30899694	
95.07448	-0.708149109	-0.706858347	1.31643282	1.31772359	
95.08482	-0.70655607	-0.706858347	1.31802586	1.32645023	
95.09499	-0.704989683	-0.706858347	1.31959225	1.32645023	
95.10503	-0.703444818	-0.698131701	1.32113711	1.32645023	
95.11522	-0.701879199	-0.698131701	1.32270273	1.32645023	
95.12539	-0.700316813	-0.698131701	1.32426512	1.32645023	
95.1359	-0.698702162	-0.698131701	1.32587977	1.32645023	
95.14597	-0.697159294	-0.698131701	1.32742264	1.32645023	
95.15616	-0.695597278	-0.698131701	1.32898465	1.32645023	
95.16626	-0.694051339	-0.698131701	1.33053059	1.32645023	
95.17698	-0.692410346	-0.689405055	1.33217159	1.32645023	
95.18656	-0.690946171	-0.680678408	1.33363576	1.32645023	
95.1967	-0.68939749	-0.680678408	1.33518444	1.33517688	
95.20693	-0.687835859	-0.680678408	1.33674607	1.33517688	
95.21698	-0.686303051	-0.680678408	1.33827888	1.34390352	
95.22712	-0.684757141	-0.680678408	1.33982479	1.34390352	
95.24527	-0.681995645	-0.680678408	1.34258629	1.34390352	
95.24981	-0.681305604	-0.680678408	1.34327633	1.34390352	
95.25994	-0.679765192	-0.680678408	1.34481674	1.34390352	
95.27011	-0.678220696	-0.680678408	1.34636124	1.35263017	
95.28047	-0.676649092	-0.671951762	1.34793284	1.35263017	
95.29043	-0.675139351	-0.671951762	1.34944258	1.35263017	
95.30058	-0.67359977	-0.671951762	1.35098216	1.35263017	
95.31082	-0.672050081	-0.663225116	1.35253185	1.35263017	
95.32089	-0.670527329	-0.663225116	1.3540546	1.35263017	
95.33105	-0.668991899	-0.663225116	1.35559003	1.36135682	
95.34121	-0.66745755	-0.663225116	1.35712438	1.36135682	
95.35136	-0.665924887	-0.663225116	1.35865705	1.36135682	
95.36152	-0.664393757	-0.663225116	1.36018818	1.36135682	
95.37168	-0.662862806	-0.663225116	1.36171913	1.36135682	
95.38181	-0.66133805	-0.663225116	1.36324388	1.37008346	
95.39201	-0.6598028	-0.663225116	1.36477913	1.37008346	
95.40214	-0.658280955	-0.663225116	1.36630098	1.37008346	
95.41232	-0.656752085	-0.654498469	1.36782985	1.37881011	
95.42247	-0.65522745	-0.654498469	1.36935448	1.37881011	
95.43261	-0.653707493	-0.654498469	1.37087444	1.37881011	
95.44276	-0.652187866	-0.654498469	1.37239407	1.37881011	
95.45292	-0.650665879	-0.654498469	1.37391605	1.37881011	
95.46313	-0.649139152	-0.645771823	1.37544278	1.37881011	
95.47321	-0.647632627	-0.645771823	1.37694931	1.38753676	
95.49314	-0.644658382	-0.645771823	1.37992355	1.38753676	
95.49769	-0.643981174	-0.645771823	1.38060076	1.38753676	
95.5078	-0.642473452	-0.645771823	1.38210848	1.3962634	
95.51796	-0.640960408	-0.645771823	1.38362152	1.3962634	
95.52812	-0.639449043	-0.645771823	1.38513289	1.3962634	
95.53824	-0.637944256	-0.637045177	1.38663768	1.3962634	
95.54841	-0.636433274	-0.637045177	1.38814866	1.3962634	
95.55855	-0.634929013	-0.628318531	1.38965292	1.40499005	
95.56875	-0.633415759	-0.628318531	1.39116617	1.41371669	
95.57887	-0.63191618	-0.628318531	1.39266575	1.41371669	
95.58901	-0.630414128	-0.628318531	1.3941678	1.41371669	
95.5992	-0.62890769	-0.628318531	1.39567424	1.41371669	
95.60935	-0.627406329	-0.628318531	1.3971756	1.40499005	
95.6195	-0.625906643	-0.628318531	1.39867529	1.41371669	
95.62969	-0.624404209	-0.628318531	1.40017772	1.41371669	
95.63989	-0.622899183	-0.619591884	1.40168275	1.41371669	
95.64998	-0.621413062	-0.610865238	1.40316887	1.41371669	
95.66015	-0.619915215	-0.610865238	1.40466672	1.41371669	
95.67029	-0.618424483	-0.610865238	1.40615745	1.41371669	
95.68852	-0.615745905	-0.610865238	1.40883603	1.41371669	
95.69305	-0.615081347	-0.610865238	1.40950059	1.42244334	
95.70329	-0.613578626	-0.610865238	1.41100331	1.42244334	
95.71337	-0.612101315	-0.610865238	1.41248062	1.42244334	
95.72349	-0.610619805	-0.610865238	1.41396213	1.41371669	
95.7337	-0.609125632	-0.602138592	1.4154563	1.41371669	
95.74385	-0.60764059	-0.602138592	1.41694134	1.42244334	
95.75399	-0.606159261	-0.602138592	1.41842267	1.42244334	
95.76411	-0.604682514	-0.602138592	1.41989942	1.43116999	
95.77436	-0.603187031	-0.602138592	1.4213949	1.43116999	
95.78454	-0.601703284	-0.602138592	1.42287865	1.43116999	
95.79461	-0.600236773	-0.602138592	1.42434516	1.43116999	
95.80481	-0.598753455	-0.602138592	1.42582848	1.43116999	
95.81502	-0.597269637	-0.602138592	1.4273123	1.43116999	
95.82508	-0.595808243	-0.602138592	1.42877369	1.43116999	
95.83523	-0.594334578	-0.602138592	1.43024735	1.43116999	
95.84537	-0.592863882	-0.593411946	1.43171805	1.43116999	
95.85548	-0.591398902	-0.593411946	1.43318303	1.43116999	
95.86568	-0.589923286	-0.593411946	1.43465865	1.43116999	
95.8758	-0.588459169	-0.593411946	1.43612276	1.43116999	
95.88596	-0.586990213	-0.593411946	1.43759172	1.43116999	
95.89607	-0.585530568	-0.593411946	1.43905136	1.43116999	
95.90626	-0.584060039	-0.593411946	1.44052189	1.43116999	
95.91639	-0.582595934	-0.593411946	1.441986	1.43116999	
95.92654	-0.581138528	-0.593411946	1.4434434	1.43116999	
95.93668	-0.579678895	-0.584685299	1.44490304	1.43116999	
95.9468	-0.578222788	-0.584685299	1.44635914	1.43116999	
95.96699	-0.575325002	-0.575958653	1.44925693	1.43116999	
96.12336	-0.553306984	-0.567232007	1.47127495	1.51843645	
96.13508	-0.551646013	-0.567232007	1.47293592	1.5271631	
96.14371	-0.550427372	-0.558505361	1.47415456	1.5271631	
96.15386	-0.548992215	-0.558505361	1.47558972	1.5271631	
96.16397	-0.547565763	-0.549778714	1.47701617	1.5271631	
96.17417	-0.546126158	-0.541052068	1.47845577	1.51843645	
96.1922	-0.54358801	-0.523598776	1.48099392	1.5097098	
96.1967	-0.542953914	-0.523598776	1.48162802	1.5097098	
96.20689	-0.541519281	-0.523598776	1.48306265	1.5097098	
96.21701	-0.540095998	-0.523598776	1.48448593	1.5097098	
96.22725	-0.538658088	-0.514872129	1.48592384	1.5097098	
96.24528	-0.536130806	-0.514872129	1.48845113	1.51843645	
96.2498	-0.535497884	-0.514872129	1.48908405	1.51843645	
96.26005	-0.534061604	-0.514872129	1.49052033	1.51843645	
96.27024	-0.532635245	-0.514872129	1.49194669	1.51843645	
96.28046	-0.531206636	-0.514872129	1.4933753	1.51843645	
96.29056	-0.529796433	-0.514872129	1.4947855	1.51843645	
96.3007	-0.528380617	-0.514872129	1.49620132	1.51843645	
96.31087	-0.526963523	-0.514872129	1.49761841	1.51843645	
96.32101	-0.525549749	-0.514872129	1.49903218	1.51843645	
96.33119	-0.524133034	-0.514872129	1.5004489	1.51843645	
96.34134	-0.522721584	-0.514872129	1.50186035	1.51843645	
96.35147	-0.521313446	-0.514872129	1.50326849	1.51843645	
96.36165	-0.519899601	-0.514872129	1.50468233	1.51843645	
96.37179	-0.518492674	-0.514872129	1.50608926	1.51843645	
96.38196	-0.51708393	-0.514872129	1.507498	1.51843645	
96.39212	-0.51567642	-0.514872129	1.50890551	1.51843645	
96.40226	-0.514274426	-0.514872129	1.51030751	1.51843645	
96.41242	-0.512864962	-0.514872129	1.51171697	1.51843645	
96.42258	-0.511466394	-0.514872129	1.51311554	1.51843645	
96.43285	-0.510048792	-0.506145483	1.51453314	1.51843645	
96.44298	-0.508652691	-0.506145483	1.51592924	1.51843645	
96.45313	-0.507253412	-0.514872129	1.51732852	1.51843645	
96.46334	-0.505848356	-0.514872129	1.51873358	1.51843645	
96.47346	-0.504458002	-0.506145483	1.52012393	1.51843645	
96.48359	-0.503065164	-0.506145483	1.52151677	1.51843645	
96.49374	-0.501672319	-0.506145483	1.52290961	1.51843645	
96.5039	-0.500279472	-0.497418837	1.52430246	1.51843645	
96.51404	-0.498888814	-0.497418837	1.52569312	1.51843645	
96.52419	-0.497500479	-0.497418837	1.52708145	1.51843645	
96.53446	-0.496094386	-0.497418837	1.52848755	1.51843645	
96.54457	-0.494713574	-0.488692191	1.52986836	1.51843645	
96.55469	-0.493331527	-0.488692191	1.53125041	1.51843645	
96.56484	-0.491946889	-0.488692191	1.53263504	1.51843645	
96.57506	-0.490553817	-0.488692191	1.53402812	1.51843645	
96.58535	-0.489151929	-0.488692191	1.53543	1.51843645	
96.59528	-0.487801443	-0.488692191	1.53678049	1.51843645	
96.60538	-0.486429191	-0.488692191	1.53815274	1.51843645	
96.61559	-0.48504188	-0.488692191	1.53954005	1.51843645	
96.62573	-0.483666791	-0.488692191	1.54091514	1.51843645	
96.63707	-0.482127376	-0.488692191	1.54245456	1.51843645	
96.64607	-0.480910182	-0.488692191	1.54367175	1.5271631	
96.6562	-0.479539051	-0.488692191	1.54504288	1.5271631	
96.66633	-0.478169417	-0.488692191	1.54641252	1.5271631	
96.67665	-0.476774972	-0.488692191	1.54780696	1.5271631	
96.68667	-0.475422367	-0.488692191	1.54915956	1.5271631	
96.69678	-0.47406019	-0.488692191	1.55052174	1.5271631	
96.70693	-0.472692234	-0.488692191	1.5518897	1.5271631	
96.71707	-0.471328064	-0.488692191	1.55325387	1.53588974	
96.72731	-0.469951154	-0.488692191	1.55463078	1.53588974	
96.73787	-0.46853216	-0.488692191	1.55604977	1.53588974	
96.74763	-0.467221468	-0.488692191	1.55736046	1.54461639	
96.75775	-0.465864098	-0.488692191	1.55871783	1.54461639	
96.76784	-0.464511966	-0.488692191	1.56006997	1.55334303	
96.77796	-0.463157975	-0.488692191	1.56142396	1.55334303	
96.78811	-0.461799462	-0.479965544	1.56278247	1.55334303	
96.79831	-0.460437109	-0.471238898	1.56414482	1.55334303	
96.80854	-0.459071731	-0.471238898	1.5655102	1.55334303	
96.81867	-0.457719991	-0.462512252	1.56686194	1.55334303	
96.83665	-0.455325869	-0.453785606	1.56925606	1.55334303	
96.84117	-0.454724822	-0.453785606	1.56985711	1.56206968	
96.85132	-0.453374772	-0.453785606	1.57120716	1.56206968	
96.86152	-0.452020379	-0.453785606	1.57256155	1.56206968	
96.87165	-0.450674916	-0.453785606	1.57390702	1.55334303	
96.88178	-0.449331077	-0.445058959	1.57525086	1.56206968	
96.89195	-0.447984097	-0.445058959	1.57659784	1.56206968	
96.90211	-0.446637953	-0.445058959	1.57794398	1.56206968	
96.91224	-0.445299121	-0.445058959	1.57928281	1.57079633	
96.92241	-0.443954121	-0.445058959	1.58062781	1.57079633	
96.93257	-0.442613127	-0.445058959	1.58196881	1.57079633	
96.94273	-0.441272443	-0.445058959	1.58330949	1.57079633	
96.95291	-0.439931677	-0.436332313	1.58465026	1.57952297	
96.96307	-0.438594118	-0.436332313	1.58598781	1.58824962	
96.97325	-0.437254114	-0.436332313	1.58732782	1.58824962	
96.98338	-0.435923617	-0.436332313	1.58865832	1.58824962	
96.9935	-0.434594344	-0.436332313	1.58998759	1.58824962	
97.00368	-0.433259089	-0.427605667	1.59132284	1.59697627	
97.01388	-0.431923371	-0.427605667	1.59265856	1.59697627	
97.02401	-0.430597261	-0.427605667	1.59398467	1.59697627	
97.03414	-0.429270939	-0.427605667	1.59531099	1.59697627	
97.04429	-0.4279448	-0.41887902	1.59663713	1.59697627	
97.05444	-0.426619108	-0.41887902	1.59796282	1.60570291	
97.0647	-0.42528136	-0.41887902	1.59930057	1.60570291	
97.07486	-0.42395671	-0.41887902	1.60062522	1.60570291	
97.08501	-0.422634465	-0.41887902	1.60194747	1.60570291	
97.09519	-0.421311242	-0.41887902	1.60327069	1.60570291	
97.10524	-0.420004569	-0.41887902	1.60457736	1.60570291	
97.11543	-0.418681469	-0.41887902	1.60590046	1.60570291	
97.12559	-0.417363495	-0.41887902	1.60721844	1.60570291	
97.13572	-0.416051024	-0.410152374	1.60853091	1.60570291	
97.14598	-0.414722193	-0.410152374	1.60985974	1.60570291	
97.15606	-0.413418776	-0.401425728	1.61116316	1.60570291	
97.16649	-0.412069854	-0.401425728	1.61251208	1.60570291	
97.17638	-0.410793919	-0.401425728	1.61378801	1.60570291	
97.18664	-0.409469298	-0.410152374	1.61511263	1.60570291	
97.19664	-0.408180939	-0.410152374	1.61640099	1.60570291	
97.2068	-0.406873717	-0.410152374	1.61770822	1.60570291	
97.21694	-0.405569652	-0.401425728	1.61901228	1.60570291	
97.22706	-0.404268996	-0.392699082	1.62031294	1.60570291	
97.23779	-0.402890593	-0.392699082	1.62169134	1.60570291	
97.24745	-0.401651506	-0.392699082	1.62293043	1.60570291	
97.25765	-0.400344557	-0.392699082	1.62423738	1.60570291	
97.2677	-0.399057387	-0.392699082	1.62552455	1.60570291	
97.27784	-0.397760439	-0.392699082	1.62682149	1.61442956	
97.28795	-0.396468802	-0.392699082	1.62811313	1.6231562	
97.29813	-0.395168697	-0.383972435	1.62941324	1.6231562	
97.30825	-0.393879637	-0.383972435	1.6307023	1.6231562	
97.31841	-0.392584798	-0.383972435	1.63199713	1.6231562	
97.32863	-0.391283819	-0.383972435	1.63329811	1.6231562	
97.33876	-0.389994374	-0.383972435	1.63458756	1.63188285	
97.34928	-0.3886582	-0.383972435	1.63592373	1.63188285	
97.35944	-0.387368721	-0.383972435	1.63721321	1.6406095	
97.36961	-0.386079461	-0.383972435	1.63850247	1.6406095	
97.37971	-0.384798898	-0.383972435	1.63978303	1.6406095	
97.38984	-0.383517913	-0.383972435	1.64106402	1.6406095	
97.40004	-0.38222767	-0.375245789	1.64235426	1.6406095	
97.41013	-0.380953556	-0.375245789	1.64362838	1.6406095	
97.42031	-0.379668054	-0.375245789	1.64491388	1.6406095	
97.43049	-0.378385427	-0.375245789	1.64619651	1.6406095	
97.44068	-0.377102024	-0.375245789	1.64747991	1.6406095	
97.45081	-0.375827399	-0.366519143	1.64875453	1.64933614	
97.46095	-0.374552242	-0.366519143	1.65002969	1.64933614	
97.47116	-0.373269534	-0.366519143	1.6513124	1.64933614	
97.49142	-0.370730333	-0.366519143	1.6538516	1.64933614	
97.49597	-0.370161195	-0.366519143	1.65442074	1.64933614	
97.50617	-0.368884257	-0.366519143	1.65569768	1.64933614	
97.51625	-0.367623797	-0.366519143	1.65695814	1.64933614	
97.52641	-0.366354194	-0.357792497	1.65822774	1.64933614	
97.5445	-0.364099233	-0.357792497	1.6604827	1.64933614	
97.54907	-0.363528486	-0.357792497	1.66105345	1.64933614	
97.5593	-0.362254533	-0.357792497	1.6623274	1.64933614	
97.5694	-0.360997485	-0.357792497	1.66358445	1.64933614	
97.57982	-0.359702434	-0.357792497	1.6648795	1.64933614	
97.5898	-0.358463237	-0.357792497	1.6661187	1.64933614	
97.59989	-0.357211849	-0.357792497	1.66737008	1.64933614	
97.61006	-0.355951033	-0.357792497	1.6686309	1.64933614	
97.62022	-0.354694049	-0.357792497	1.66988788	1.64933614	
97.63042	-0.353432243	-0.357792497	1.67114969	1.64933614	
97.64209	-0.351989472	-0.357792497	1.67259246	1.65806279	
97.65076	-0.350920179	-0.34906585	1.67366175	1.65806279	
97.66094	-0.349664186	-0.34906585	1.67491775	1.65806279	
97.67116	-0.348404142	-0.34906585	1.67617779	1.65806279	
97.68122	-0.347166117	-0.34906585	1.67741582	1.66678944	
97.69143	-0.345911127	-0.34906585	1.67867081	1.66678944	
97.7016	-0.344661552	-0.34906585	1.67992038	1.67551608	
97.71173	-0.343418603	-0.34906585	1.68116333	1.67551608	
97.72189	-0.342173697	-0.34906585	1.68240824	1.67551608	
97.732	-0.340934913	-0.34906585	1.68364702	1.67551608	
97.7422	-0.339686476	-0.340339204	1.68489546	1.67551608	
97.75236	-0.338444897	-0.340339204	1.68613704	1.67551608	
97.76249	-0.337207842	-0.340339204	1.68737409	1.67551608	
97.77266	-0.335967139	-0.331612558	1.68861479	1.68424273	
97.78282	-0.334728889	-0.331612558	1.68985304	1.68424273	
97.79296	-0.333494545	-0.331612558	1.69108739	1.68424273	
97.80313	-0.332257055	-0.331612558	1.69232488	1.68424273	
97.81327	-0.33102517	-0.331612558	1.69355676	1.69296937	
97.82348	-0.329785299	-0.331612558	1.69479663	1.69296937	
97.83359	-0.328559994	-0.331612558	1.69602194	1.69296937	
97.84374	-0.327329859	-0.322885912	1.69725207	1.69296937	
97.85388	-0.326102647	-0.322885912	1.69847929	1.69296937	
97.86405	-0.324873885	-0.322885912	1.69970805	1.69296937	
97.8742	-0.323647201	-0.322885912	1.70093473	1.70169602	
97.88434	-0.322423676	-0.314159265	1.70215826	1.70169602	
97.89462	-0.321184528	-0.314159265	1.7033974	1.70169602	
97.90478	-0.31996095	-0.314159265	1.70462098	1.70169602	
97.91487	-0.318747613	-0.314159265	1.70583432	1.71042267	
97.92506	-0.317522891	-0.314159265	1.70705904	1.71042267	
97.93525	-0.316299409	-0.305432619	1.70828252	1.71042267	
97.94536	-0.315087346	-0.305432619	1.70949459	1.71042267	
97.95549	-0.313872793	-0.305432619	1.71070914	1.71042267	
97.96574	-0.312646202	-0.305432619	1.71193573	1.71914931	
97.97578	-0.311445339	-0.305432619	1.71313659	1.71914931	
97.98601	-0.310223615	-0.305432619	1.71435832	1.72787596	
97.99636	-0.308987651	-0.296705973	1.71559428	1.72787596	
98.00626	-0.307808672	-0.296705973	1.71677326	1.72787596	
98.01644	-0.306596615	-0.296705973	1.71798532	1.72787596	
98.02654	-0.305395415	-0.296705973	1.71918652	1.72787596	
98.03669	-0.304188432	-0.296705973	1.7203935	1.72787596	
98.04684	-0.302983984	-0.296705973	1.72159795	1.72787596	
98.05698	-0.301781356	-0.296705973	1.72280058	1.72787596	
98.06713	-0.300578655	-0.296705973	1.72400328	1.72787596	
98.07733	-0.299370448	-0.296705973	1.72521148	1.72787596	
98.08767	-0.298147547	-0.296705973	1.72643438	1.72787596	
98.0976	-0.2969718	-0.296705973	1.72761013	1.72787596	
98.10773	-0.295779563	-0.296705973	1.72880237	1.72787596	
98.11791	-0.294579835	-0.296705973	1.7300021	1.72787596	
98.12803	-0.293388751	-0.296705973	1.73119318	1.72787596	
98.13815	-0.292198418	-0.296705973	1.73238351	1.72787596	
98.14858	-0.290966953	-0.296705973	1.73361498	1.72787596	
98.15852	-0.289805247	-0.296705973	1.73477669	1.72787596	
98.16879	-0.288601738	-0.296705973	1.73598019	1.72787596	
98.17888	-0.287418902	-0.296705973	1.73716303	1.72787596	
98.18935	-0.286193818	-0.296705973	1.73838811	1.72787596	
98.19942	-0.285016613	-0.296705973	1.73956532	1.72787596	
98.2099	-0.283791881	-0.296705973	1.74079005	1.72787596	
98.21976	-0.282643239	-0.296705973	1.74193869	1.72787596	
98.22991	-0.28146003	-0.296705973	1.7431219	1.72787596	
98.24009	-0.280274798	-0.287979327	1.74430713	1.72787596	
98.25022	-0.279095911	-0.287979327	1.74548602	1.72787596	
98.26041	-0.277912684	-0.287979327	1.74666925	1.72787596	
98.27057	-0.276733592	-0.287979327	1.74784834	1.72787596	
98.28084	-0.275542421	-0.287979327	1.74903951	1.72787596	
98.29088	-0.274380608	-0.27925268	1.75020132	1.72787596	
98.30124	-0.273181187	-0.27925268	1.75140075	1.72787596	
98.31141	-0.272006585	-0.27925268	1.75257535	1.72787596	
98.32149	-0.270842554	-0.27925268	1.75373938	1.72787596	
98.33165	-0.269671446	-0.27925268	1.75491049	1.73660261	
98.34183	-0.268498348	-0.270526034	1.75608358	1.73660261	
98.35193	-0.267336369	-0.270526034	1.75724556	1.73660261	
98.36212	-0.266164818	-0.270526034	1.75841711	1.74532925	
98.37228	-0.264998405	-0.270526034	1.75958353	1.74532925	
98.38247	-0.263828299	-0.270526034	1.76075363	1.74532925	
98.3927	-0.262657032	-0.261799388	1.7619249	1.7540559	
98.40282	-0.261498784	-0.261799388	1.76308315	1.76278254	
98.41295	-0.260339703	-0.261799388	1.76424223	1.76278254	
98.4232	-0.259169645	-0.261799388	1.76541229	1.76278254	
98.43327	-0.258020435	-0.261799388	1.7665615	1.77150919	
98.4434	-0.256865607	-0.261799388	1.76771633	1.77150919	
98.45356	-0.255707911	-0.253072742	1.76887402	1.77150919	
98.46373	-0.254551563	-0.244346095	1.77003037	1.78023584	
98.47387	-0.253399739	-0.244346095	1.77118219	1.78023584	
98.48401	-0.252248461	-0.244346095	1.77233347	1.78023584	
98.49419	-0.251094675	-0.244346095	1.77348726	1.78023584	
98.50435	-0.24994337	-0.244346095	1.77463856	1.78023584	
98.51448	-0.248797025	-0.244346095	1.77578491	1.78023584	
98.52468	-0.247643895	-0.244346095	1.77693804	1.78023584	
98.53483	-0.246498995	-0.235619449	1.77808294	1.78023584	
98.54537	-0.245308824	-0.226892803	1.77927311	1.78023584	
98.55513	-0.24421052	-0.226892803	1.78037141	1.78023584	
98.56525	-0.243071441	-0.226892803	1.78151049	1.78023584	
98.57545	-0.24192483	-0.226892803	1.7826571	1.78023584	
98.58556	-0.240789663	-0.226892803	1.78379227	1.78023584	
98.59571	-0.2396509	-0.226892803	1.78493103	1.78023584	
98.60584	-0.238515493	-0.226892803	1.78606644	1.78023584	
98.61599	-0.237380641	-0.226892803	1.78720129	1.78023584	
98.62616	-0.236242551	-0.226892803	1.78833938	1.78023584	
98.6363	-0.235110827	-0.226892803	1.78947111	1.78023584	
98.64752	-0.233858384	-0.226892803	1.79072355	1.78023584	
98.65672	-0.232833056	-0.226892803	1.79174888	1.78023584	
98.66683	-0.231708696	-0.226892803	1.79287324	1.78023584	
98.67696	-0.230581335	-0.226892803	1.7940006	1.78023584	
98.6872	-0.229443667	-0.226892803	1.79513826	1.78023584	
98.69733	-0.228320102	-0.226892803	1.79626183	1.78896248	
98.70744	-0.227200194	-0.226892803	1.79738174	1.78896248	
98.71761	-0.226073768	-0.226892803	1.79850816	1.79768913	
98.72773	-0.224954208	-0.226892803	1.79962772	1.79768913	
98.73813	-0.223805543	-0.226892803	1.80077639	1.79768913	
98.748	-0.222716998	-0.226892803	1.80186493	1.80641578	
98.75817	-0.221595387	-0.226892803	1.80298655	1.80641578	
98.76831	-0.220478749	-0.226892803	1.80410318	1.80641578	
98.77846	-0.2193629	-0.226892803	1.80521903	1.80641578	
98.78859	-0.218249376	-0.226892803	1.80633256	1.80641578	
98.79883	-0.217125902	-0.226892803	1.80745603	1.80641578	
98.8089	-0.216021628	-0.226892803	1.8085603	1.81514242	
98.81906	-0.214909382	-0.218166156	1.80967255	1.81514242	
98.82921	-0.213798476	-0.218166156	1.81078346	1.81514242	
98.83945	-0.212680184	-0.20943951	1.81190175	1.81514242	
98.84952	-0.211581121	-0.20943951	1.81300081	1.81514242	
98.8597	-0.21047086	-0.20943951	1.81411107	1.81514242	
98.86989	-0.209361185	-0.20943951	1.81522075	1.81514242	
98.88004	-0.20825731	-0.20943951	1.81632462	1.82386907	
98.89019	-0.207154881	-0.200712864	1.81742705	1.82386907	
98.90034	-0.206053031	-0.200712864	1.8185289	1.81514242	
98.91051	-0.204950788	-0.200712864	1.81963114	1.81514242	
98.92075	-0.203841778	-0.191986218	1.82074015	1.82386907	
98.93087	-0.202746438	-0.191986218	1.82183549	1.82386907	
98.94105	-0.201646174	-0.191986218	1.82293576	1.83259571	
98.95127	-0.200543376	-0.191986218	1.82403856	1.83259571	
98.96334	-0.199241817	-0.191986218	1.82534012	1.83259571	
98.97149	-0.198365263	-0.191986218	1.82621667	1.83259571	
98.98159	-0.19727874	-0.183259571	1.82730319	1.83259571	
98.99174	-0.196187858	-0.183259571	1.82839407	1.83259571	
99.0019	-0.195098421	-0.183259571	1.82948351	1.84132236	
99.01205	-0.194009143	-0.183259571	1.83057279	1.84132236	
99.02222	-0.192920776	-0.183259571	1.83166116	1.85004901	
99.03243	-0.191828731	-0.183259571	1.8327532	1.85004901	
99.04274	-0.190726625	-0.183259571	1.83385531	1.85004901	
99.05273	-0.189660945	-0.183259571	1.83492099	1.84132236	
99.06287	-0.188580173	-0.183259571	1.83600176	1.84132236	
99.07302	-0.187499778	-0.183259571	1.83708215	1.85004901	
99.08316	-0.186421143	-0.183259571	1.83816079	1.85004901	
99.09335	-0.185338326	-0.183259571	1.83924361	1.85004901	
99.10346	-0.184265754	-0.183259571	1.84031618	1.85004901	
99.11364	-0.183186994	-0.183259571	1.84139494	1.85004901	
99.12379	-0.182112747	-0.183259571	1.84246919	1.85004901	
99.13398	-0.181034451	-0.183259571	1.84354748	1.85004901	
99.14411	-0.179964777	-0.183259571	1.84461716	1.85004901	
99.1543	-0.178888638	-0.183259571	1.84569329	1.85004901	
99.16444	-0.17782121	-0.183259571	1.84676072	1.85004901	
99.17459	-0.176752589	-0.183259571	1.84782934	1.85004901	
99.1848	-0.175678587	-0.183259571	1.84890335	1.85004901	
99.195	-0.174583395	-0.183259571	1.84999854	1.85877565	
99.20509	-0.173549712	-0.183259571	1.85103222	1.85877565	
99.21531	-0.172478905	-0.183259571	1.85210303	1.85004901	
99.22537	-0.171425746	-0.174532925	1.85315619	1.85004901	
99.23546	-0.170370874	-0.174532925	1.85421106	1.85004901	
99.24562	-0.169309295	-0.174532925	1.85527264	1.85877565	
99.2561	-0.168217198	-0.174532925	1.85636473	1.8675023	
99.26599	-0.167187241	-0.174532925	1.85739469	1.8675023	
99.27616	-0.166129263	-0.165806279	1.85845267	1.85877565	
99.28627	-0.165077809	-0.165806279	1.85950412	1.85877565	
99.29663	-0.164002086	-0.165806279	1.86057985	1.8675023	
99.30655	-0.162974013	-0.157079633	1.86160792	1.8675023	
99.31669	-0.16192075	-0.157079633	1.86266118	1.8675023	
99.32685	-0.160873059	-0.157079633	1.86370887	1.8675023	
99.33698	-0.159826591	-0.157079633	1.86475534	1.8675023	
99.34711	-0.158781039	-0.157079633	1.86580089	1.8675023	
99.36518	-0.156920806	-0.157079633	1.86766113	1.8675023	
99.36971	-0.156454777	-0.148352986	1.86812716	1.8675023	
99.37987	-0.155409589	-0.148352986	1.86917234	1.8675023	
99.39004	-0.154365635	-0.148352986	1.8702163	1.8675023	
99.40019	-0.153324859	-0.157079633	1.87125707	1.8675023	
99.41034	-0.152284801	-0.148352986	1.87229713	1.8675023	
99.4205	-0.151245258	-0.148352986	1.87333667	1.8675023	
99.43064	-0.150208273	-0.148352986	1.87437366	1.8675023	
99.44084	-0.149166504	-0.13962634	1.87541543	1.8675023	
99.45098	-0.148133611	-0.13962634	1.87644832	1.8675023	
99.46116	-0.147096352	-0.13962634	1.87748558	1.8675023	
99.47134	-0.146061143	-0.13962634	1.87852079	1.8675023	
99.49143	-0.144022674	-0.13962634	1.88055926	1.8675023	
99.49598	-0.143561843	-0.13962634	1.88102009	1.8675023	
99.50615	-0.142531166	-0.130899694	1.88205077	1.87622895	
99.51624	-0.141510511	-0.130899694	1.88307142	1.87622895	
99.52643	-0.140480983	-0.13962634	1.88410095	1.87622895	
99.5366	-0.139454204	-0.13962634	1.88512773	1.87622895	
99.5467	-0.138435805	-0.13962634	1.88614613	1.87622895	
99.55684	-0.137414	-0.130899694	1.88716793	1.88495559	
99.56731	-0.136361398	-0.122173048	1.88822053	1.88495559	
99.57716	-0.135372474	-0.122173048	1.88920946	1.89368224	
99.59538	-0.133546172	-0.122173048	1.89103576	1.89368224	
99.59987	-0.133096382	-0.122173048	1.89148555	1.90240888	
99.61004	-0.132078618	-0.122173048	1.89250331	1.90240888	
99.62022	-0.13106179	-0.122173048	1.89352014	1.90240888	
99.6304	-0.130045698	-0.122173048	1.89453623	1.90240888	
99.64059	-0.129029251	-0.122173048	1.89555268	1.90240888	
99.65212	-0.127881282	-0.122173048	1.89670065	1.90240888	
99.66227	-0.126871746	-0.122173048	1.89771019	1.90240888	
99.67248	-0.125857888	-0.113446401	1.89872404	1.90240888	
99.68259	-0.124855175	-0.113446401	1.89972676	1.90240888	
99.69271	-0.123852099	-0.113446401	1.90072983	1.91113553	
99.70289	-0.122844615	-0.113446401	1.90173732	1.91113553	
99.71304	-0.121842414	-0.113446401	1.90273952	1.90240888	
99.72317	-0.120842425	-0.113446401	1.90373951	1.90240888	
99.73331	-0.119842872	-0.113446401	1.90473906	1.91113553	
99.74348	-0.118841008	-0.113446401	1.90574092	1.91113553	
99.75364	-0.117841066	-0.104719755	1.90674087	1.91113553	
99.76377	-0.116846182	-0.104719755	1.90773575	1.91113553	
99.77593	-0.11565331	-0.113446401	1.90892862	1.91986218	
99.78603	-0.114664738	-0.113446401	1.90991719	1.91986218	
99.7962	-0.113669469	-0.104719755	1.91091246	1.91113553	
99.80627	-0.112684898	-0.104719755	1.91189703	1.91113553	
99.81644	-0.111692866	-0.104719755	1.91288907	1.91113553	
99.82657	-0.110705279	-0.104719755	1.91387665	1.91986218	
99.83674	-0.109715514	-0.0959931089	1.91486642	1.91986218	
99.84685	-0.108731933	-0.0959931089	1.91585	1.91986218	
99.857	-0.107745889	-0.0959931089	1.91683604	1.91986218	
99.86716	-0.106760688	-0.0959931089	1.91782124	1.92858882	
99.87737	-0.105771109	-0.0872664626	1.91881082	1.92858882	
99.88753	-0.104788088	-0.0872664626	1.91979384	1.92858882	
99.89761	-0.103814496	-0.0959931089	1.92076744	1.92858882	
99.90776	-0.10283489	-0.0959931089	1.92174704	1.92858882	
99.91794	-0.101853628	-0.0959931089	1.9227283	1.93731547	
99.92802	-0.100883115	-0.0959931089	1.92369882	1.93731547	
99.93819	-0.0999055606	-0.0959931089	1.92467637	1.93731547	
99.94832	-0.098932403	-0.0872664626	1.92564953	1.93731547	
99.95848	-0.0979579819	-0.0872664626	1.92662395	1.93731547	
99.96914	-0.0969368991	-0.0872664626	1.92764503	1.93731547	
99.97924	-0.0959707308	-0.0872664626	1.9286112	1.93731547	
99.98938	-0.0950022513	-0.0785398163	1.92957968	1.93731547	
99.99958	-0.0940290934	-0.0698131701	1.93055284	1.93731547	
100.0097	-0.0930630736	-0.0698131701	1.93151886	1.93731547	
100.0199	-0.0920968551	-0.0698131701	1.93248508	1.93731547	
100.0301	-0.0911263636	-0.0698131701	1.93345557	1.93731547	
100.0402	-0.090165454	-0.0698131701	1.93441648	1.93731547	
100.0503	-0.0892042528	-0.0698131701	1.93537768	1.93731547	
100.0605	-0.0882395524	-0.0698131701	1.93634238	1.93731547	
100.0707	-0.0872787333	-0.0698131701	1.9373032	1.93731547	
100.0809	-0.0863116989	-0.0698131701	1.93827023	1.93731547	
100.0911	-0.0853555179	-0.0698131701	1.93922641	1.93731547	
100.1012	-0.0844036658	-0.0698131701	1.94017827	1.94604212	
100.1114	-0.0834376319	-0.0698131701	1.9411443	1.94604212	
100.1215	-0.0824925497	-0.0698131701	1.94208938	1.94604212	
100.1316	-0.0815394956	-0.0698131701	1.94304244	1.94604212	
100.1419	-0.0805829018	-0.0698131701	1.94399903	1.94604212	
100.153	-0.0795393832	-0.0698131701	1.94504255	1.94604212	
100.1622	-0.0786833561	-0.0698131701	1.94589858	1.94604212	
100.1723	-0.077740914	-0.0698131701	1.94684102	1.94604212	
100.1824	-0.0767925225	-0.0698131701	1.94778941	1.94604212	
100.1926	-0.0758491757	-0.0698131701	1.94873276	1.94604212	
100.2027	-0.0749019489	-0.0698131701	1.94967998	1.94604212	
100.2129	-0.073960131	-0.0698131701	1.9506218	1.94604212	
100.223	-0.0730175961	-0.0698131701	1.95156434	1.94604212	
100.2332	-0.0720804534	-0.0698131701	1.95250148	1.94604212	
100.2433	-0.0711411158	-0.0698131701	1.95344082	1.94604212	
100.2535	-0.0701994122	-0.0698131701	1.95438252	1.94604212	
100.2638	-0.0692521342	-0.0698131701	1.9553298	1.94604212	
100.2739	-0.0683181605	-0.0698131701	1.95626377	1.94604212	
100.2841	-0.0673846779	-0.0698131701	1.95719725	1.95476876	
100.2943	-0.0664460944	-0.0698131701	1.95813584	1.95476876	
100.3044	-0.0655172738	-0.0698131701	1.95906466	1.94604212	
100.3145	-0.0645893092	-0.0698131701	1.95999262	1.94604212	
100.3247	-0.0636567205	-0.0698131701	1.96092521	1.95476876	
100.3348	-0.0627302057	-0.0698131701	1.96185173	1.95476876	
100.345	-0.0618018184	-0.0698131701	1.96278011	1.95476876	
100.3551	-0.0608805794	-0.0698131701	1.96370135	1.95476876	
100.3653	-0.0599548333	-0.0698131701	1.9646271	1.95476876	
100.3755	-0.0590263275	-0.0698131701	1.9655556	1.96349541	
100.3856	-0.0581097598	-0.0698131701	1.96647217	1.97222205	
100.3958	-0.0571871667	-0.0698131701	1.96739477	1.97222205	
100.406	-0.0562588485	-0.0698131701	1.96832308	1.96349541	
100.4161	-0.0553489341	-0.0698131701	1.969233	1.96349541	
100.4262	-0.0544333759	-0.0698131701	1.97014856	1.97222205	
100.4366	-0.0534947379	-0.0698131701	1.97108719	1.9809487	
100.4465	-0.052603151	-0.0698131701	1.97197878	1.9809487	
100.4567	-0.0516882209	-0.0610865238	1.97289371	1.97222205	
100.4668	-0.0507773939	-0.0610865238	1.97380454	1.9809487	
100.4769	-0.0498697629	-0.0610865238	1.97471217	1.9809487	
100.4871	-0.04895915	-0.0698131701	1.97562278	1.9809487	
100.4973	-0.0480470903	-0.0698131701	1.97653484	1.9809487	
100.5074	-0.0471418882	-0.0610865238	1.97744004	1.9809487	
100.5175	-0.0462383556	-0.0523598776	1.97834358	1.9809487	
100.5277	-0.0453308877	-0.0523598776	1.97925104	1.9809487	
100.5378	-0.044431229	-0.0436332313	1.9801507	1.9809487	
100.548	-0.0435293304	-0.0436332313	1.9810526	1.9809487	
100.5581	-0.0426272432	-0.0436332313	1.98195469	1.9809487	
100.5683	-0.0417293956	-0.0436332313	1.98285254	1.9809487	
100.5784	-0.0408330373	-0.0436332313	1.9837489	1.9809487	
100.5888	-0.0399142634	-0.0436332313	1.98466767	1.9809487	
100.5988	-0.0390343022	-0.034906585	1.98554763	1.9809487	
100.6091	-0.0381257059	-0.034906585	1.98645623	1.9809487	
100.6191	-0.0372391078	-0.034906585	1.98734282	1.98967535	
100.6293	-0.0363463511	-0.0436332313	1.98823558	1.98967535	
100.6395	-0.0354500943	-0.034906585	1.98913184	1.98967535	
100.6496	-0.0345648788	-0.034906585	1.99001705	1.98967535	
100.6598	-0.0336689115	-0.034906585	1.99091302	1.98967535	
100.67	-0.0327803003	-0.034906585	1.99180163	1.98967535	
100.6801	-0.0318950125	-0.034906585	1.99268692	1.98967535	
100.6902	-0.0310149532	-0.0261799388	1.99356698	1.98967535	
100.7004	-0.0301279434	-0.0261799388	1.99445399	1.98967535	
100.7108	-0.0292268175	-0.0261799388	1.99535511	1.98967535	
100.7288	-0.0276707174	-0.0261799388	1.99691121	1.99840199	
100.7333	-0.0272806628	-0.0261799388	1.99730127	1.99840199	
100.7435	-0.0263968076	-0.0261799388	1.99818512	1.99840199	
100.7536	-0.0255217856	-0.0261799388	1.99906015	1.99840199	
100.7637	-0.0246472975	-0.0261799388	1.99993463	1.99840199	
100.7739	-0.0237730023	-0.0261799388	2.00080893	1.99840199	
100.7841	-0.0228926352	-0.0261799388	2.0016893	1.99840199	
100.7942	-0.0220286095	-0.0261799388	2.00255332	1.99840199	
100.8043	-0.0211535435	-0.0261799388	2.00342839	1.99840199	
100.8145	-0.0202834804	-0.0261799388	2.00429845	1.99840199	
100.825	-0.0193843349	-0.0261799388	2.0051976	1.99840199	
100.8351	-0.0185205257	-0.0261799388	2.00606141	1.99840199	
100.8452	-0.017657084	-0.0261799388	2.00692485	1.99840199	
100.8554	-0.0167898472	-0.0261799388	2.00779209	1.99840199	
100.8655	-0.0159310629	-0.0261799388	2.00865087	1.99840199	
100.8757	-0.015065524	-0.0261799388	2.00951641	1.99840199	
100.8858	-0.0142065566	-0.0261799388	2.01037538	1.99840199	
100.896	-0.0133434857	-0.0261799388	2.01123845	1.99840199	
100.9061	-0.0124865489	-0.0261799388	2.01209538	1.99840199	
100.9166	-0.0116054631	-0.0261799388	2.01297647	1.99840199	
100.9264	-0.0107727287	-0.0261799388	2.0138092	1.99840199	
100.9366	-0.00991913209	-0.0261799388	2.0146628	1.99840199	
100.9467	-0.00906608869	-0.0261799388	2.01551584	1.99840199	
100.9569	-0.00821075168	-0.0174532925	2.01637118	1.99840199	
100.9769	-0.00653434544	-0.0174532925	2.01804759	1.99840199	
100.9814	-0.00615869616	-0.0174532925	2.01842324	1.99840199	
100.9916	-0.00530682286	-0.0174532925	2.01927511	2.00712864	
101.0017	-0.00446601564	-0.0174532925	2.02011592	2.00712864	
101.0119	-0.00361610697	-0.0174532925	2.02096583	2.00712864	
101.0221	-0.00276702353	-0.0174532925	2.02181491	2.00712864	
101.0322	-0.00192349332	-0.00872664626	2.02265844	2.01585529	
101.0424	-0.00108202007	-0.00872664626	2.02349991	2.01585529	
101.0525	-0.000241608044	-0.00872664626	2.02434032	2.01585529	
101.0627	0.00060319052	-0.00872664626	2.02518512	2.02458193	
101.0808	0.00209682364	0	2.02667876	2.02458193	
101.0853	0.00246790225	0	2.02704983	2.02458193	
101.0956	0.00331010056	0	2.02789203	2.02458193	
101.1056	0.00413365845	0	2.02871559	2.03330858	
101.1158	0.00497420646	0	2.02955614	2.03330858	
101.126	0.00580884196	0	2.03039077	2.03330858	
101.1361	0.00663489025	0	2.03121682	2.03330858	
101.1462	0.00746372044	0.00872664626	2.03204565	2.04203522	
101.1578	0.00841002052	0.00872664626	2.03299195	2.04203522	
101.168	0.00923524628	0.0174532925	2.03381718	2.04203522	
101.1781	0.010059411	0.0174532925	2.03464134	2.04203522	
101.1882	0.0108804066	0.0174532925	2.03546234	2.04203522	
101.1984	0.0117092488	0.0174532925	2.03629118	2.04203522	
101.2085	0.0125284413	0.0174532925	2.03711037	2.04203522	
101.2188	0.0133582756	0.0174532925	2.03794021	2.04203522	
101.2289	0.0141721098	0.0174532925	2.03875404	2.04203522	
101.2394	0.0150186808	0.0174532925	2.03960061	2.04203522	
101.2494	0.0158297205	0.0174532925	2.04041165	2.04203522	
101.2596	0.016645004	0.0174532925	2.04122694	2.04203522	
101.2697	0.0174615433	0.0261799388	2.04204348	2.04203522	
101.2799	0.0182766086	0.0261799388	2.04285854	2.04203522	
101.2901	0.0190882847	0.0261799388	2.04367022	2.04203522	
101.3002	0.0198985744	0.0261799388	2.04448051	2.04203522	
101.3104	0.0207108217	0.0261799388	2.04529275	2.04203522	
101.3205	0.0215196075	0.0261799388	2.04610154	2.04203522	
101.3307	0.0223258943	0.0261799388	2.04690783	2.04203522	
101.3409	0.0231395922	0.0261799388	2.04772152	2.04203522	
101.351	0.0239364527	0.0261799388	2.04851838	2.04203522	
101.3612	0.0247440372	0.0261799388	2.04932597	2.04203522	
101.3713	0.0255449388	0.0261799388	2.05012687	2.04203522	
101.3815	0.0263468215	0.0261799388	2.05092875	2.04203522	
101.3917	0.0271522699	0.034906585	2.0517342	2.04203522	
101.4018	0.0279461096	0.034906585	2.05252804	2.04203522	
101.4119	0.0287450068	0.034906585	2.05332694	2.04203522	
101.4221	0.0295411841	0.034906585	2.05412312	2.04203522	
101.4322	0.030335586	0.034906585	2.05491752	2.04203522	
101.4424	0.0311299317	0.034906585	2.05571186	2.04203522	
101.4525	0.031922424	0.034906585	2.05650436	2.04203522	
101.4627	0.032715477	0.034906585	2.05729741	2.04203522	
101.4729	0.0335085388	0.034906585	2.05809047	2.04203522	
101.4928	0.0350491871	0.034906585	2.05963112	2.05076187	
101.4974	0.0354109574	0.034906585	2.05999289	2.05076187	
101.5075	0.0361919221	0.034906585	2.06077385	2.05076187	
101.5177	0.0369770727	0.034906585	2.061559	2.05948852	
101.5278	0.0377619174	0.034906585	2.06234385	2.05948852	
101.5379	0.0385414544	0.034906585	2.06312339	2.05948852	
101.5481	0.0393232258	0.034906585	2.06390516	2.05948852	
101.5582	0.0401023102	0.034906585	2.06468424	2.05948852	
101.5684	0.0408799386	0.034906585	2.06546187	2.06821516	
101.5785	0.041656036	0.034906585	2.06623797	2.06821516	
101.5887	0.0424379265	0.034906585	2.06701986	2.06821516	
101.5989	0.0432108782	0.034906585	2.06779281	2.06821516	
101.6091	0.0439881582	0.034906585	2.06857009	2.07694181	
101.6192	0.044758049	0.034906585	2.06933998	2.07694181	
101.6294	0.0455364969	0.034906585	2.07011843	2.07694181	
101.6396	0.0463117256	0.034906585	2.07089366	2.07694181	
101.6497	0.0470739983	0.034906585	2.07165593	2.07694181	
101.6599	0.0478462271	0.034906585	2.07242816	2.07694181	
101.6701	0.0486144258	0.034906585	2.07319636	2.07694181	
101.6803	0.0493792093	0.0436332313	2.07396114	2.07694181	
101.6904	0.0501406633	0.0436332313	2.0747226	2.07694181	
101.7005	0.0509011213	0.0523598776	2.07548305	2.07694181	
101.7107	0.0516664934	0.0523598776	2.07624843	2.07694181	
101.7288	0.0530205538	0.0523598776	2.07760249	2.07694181	
101.7333	0.0533572493	0.0523598776	2.07793918	2.07694181	
101.7436	0.0541209355	0.0523598776	2.07870287	2.07694181	
101.7536	0.0548696247	0.0523598776	2.07945156	2.07694181	
101.7638	0.0556306871	0.0523598776	2.08021262	2.07694181	
101.774	0.0563862791	0.0523598776	2.08096821	2.07694181	
101.7841	0.0571356819	0.0523598776	2.08171761	2.08566846	
101.7942	0.0578838662	0.0610865238	2.0824658	2.08566846	
101.8044	0.0586337805	0.0610865238	2.08321571	2.07694181	
101.8146	0.0593853367	0.0610865238	2.08396727	2.07694181	
101.8247	0.0601363901	0.0610865238	2.08471832	2.08566846	
101.8349	0.0608792358	0.0610865238	2.08546117	2.08566846	
101.845	0.0616257706	0.0610865238	2.0862077	2.08566846	
101.8553	0.0623748005	0.0610865238	2.08695673	2.0943951	
101.8654	0.0631130974	0.0610865238	2.08769503	2.0943951	
101.8755	0.0638528762	0.0698131701	2.08843481	2.08566846	
101.8856	0.064592014	0.0698131701	2.08917395	2.08566846	
101.8958	0.0653316698	0.0610865238	2.0899136	2.0943951	
101.906	0.0660724874	0.0610865238	2.09065442	2.0943951	
101.9161	0.0668054077	0.0698131701	2.09138734	2.0943951	
101.9263	0.0675450598	0.0698131701	2.09212699	2.0943951	
101.9364	0.0682738749	0.0698131701	2.09285581	2.0943951	
101.9465	0.0690060882	0.0698131701	2.09358802	2.10312175	
101.9567	0.0697380818	0.0785398163	2.09432001	2.10312175	
101.9684	0.0705819145	0.0785398163	2.09516385	2.10312175	
101.9771	0.0712084286	0.0785398163	2.09579036	2.11184839	
101.9951	0.0724971128	0.0785398163	2.09707905	2.11184839	
101.9996	0.0728200125	0.0785398163	2.09740194	2.10312175	
102.0098	0.0735449328	0.0785398163	2.09812687	2.10312175	
102.0199	0.0742681987	0.0785398163	2.09885013	2.11184839	
102.0301	0.0749957071	0.0785398163	2.09957764	2.12057504	
102.0402	0.0757145977	0.0785398163	2.10029653	2.12057504	
102.0504	0.0764334012	0.0872664626	2.10101533	2.12930169	
102.0606	0.0771543023	0.0872664626	2.10173623	2.12930169	
102.071	0.0778908957	0.0872664626	2.10247283	2.12930169	
102.081	0.0785987366	0.0872664626	2.10318067	2.12930169	
102.0911	0.0793105105	0.0872664626	2.10389244	2.12930169	
102.1012	0.0800210684	0.0872664626	2.104603	2.12930169	
102.1115	0.0807422484	0.0872664626	2.10532418	2.12930169	
102.1215	0.0814467176	0.0959931089	2.10602865	2.12930169	
102.1317	0.0821583603	0.0959931089	2.10674029	2.12930169	
102.1418	0.0828681434	0.0959931089	2.10745008	2.12930169	
102.152	0.0835772529	0.0959931089	2.10815919	2.12930169	
102.1622	0.0842886023	0.0959931089	2.10887053	2.12930169	
102.1723	0.0849918446	0.0959931089	2.10957378	2.12930169	
102.1826	0.0857005791	0.104719755	2.11028251	2.12930169	
102.1927	0.086402129	0.104719755	2.11098406	2.12930169	
102.2028	0.0871020422	0.104719755	2.11168397	2.12930169	
102.213	0.0878068605	0.0959931089	2.11238879	2.12930169	
102.2232	0.0885053508	0.0959931089	2.11308728	2.12930169	
102.2333	0.0892030277	0.104719755	2.11378496	2.12930169	
102.2434	0.0898994095	0.104719755	2.11448134	2.12930169	
102.2536	0.0905931296	0.104719755	2.11517506	2.12930169	
102.2639	0.0913029588	0.104719755	2.11588489	2.12930169	
102.2739	0.0919835802	0.104719755	2.11656551	2.12930169	
102.2841	0.0926765485	0.104719755	2.11725848	2.12930169	
102.2943	0.0933691675	0.104719755	2.1179511	2.12930169	
102.3044	0.0940572322	0.104719755	2.11863916	2.12930169	
102.3145	0.0947444122	0.104719755	2.11932634	2.12930169	
102.3247	0.0954315832	0.104719755	2.12001352	2.12930169	
102.3348	0.0961188062	0.104719755	2.12070074	2.12930169	
102.3451	0.0968076213	0.104719755	2.12138955	2.12930169	
102.3551	0.0974833759	0.104719755	2.12206531	2.12930169	
102.3653	0.0981672462	0.104719755	2.12274918	2.12930169	
102.3755	0.0988544984	0.104719755	2.12343643	2.12930169	
102.3936	0.100062862	0.104719755	2.12464479	2.12930169	
102.3982	0.100370282	0.104719755	2.12495221	2.12930169	
102.4083	0.101041742	0.104719755	2.12562367	2.12930169	
102.4184	0.101716242	0.104719755	2.12629817	2.12930169	
102.4286	0.102391176	0.104719755	2.12697311	2.12930169	
102.4387	0.103065277	0.104719755	2.12764721	2.12930169	
102.4489	0.103741778	0.104719755	2.12832371	2.12930169	
102.459	0.104406886	0.104719755	2.12898882	2.12930169	
102.4692	0.105076905	0.104719755	2.12965884	2.12930169	
102.4793	0.105746876	0.104719755	2.13032881	2.12930169	
102.4895	0.106414893	0.104719755	2.13099683	2.12930169	
102.4996	0.107080566	0.104719755	2.1316625	2.12930169	
102.5098	0.107745404	0.104719755	2.13232734	2.12930169	
102.52	0.108409991	0.104719755	2.13299192	2.12930169	
102.5301	0.10907133	0.104719755	2.13365326	2.12930169	
102.5403	0.109733976	0.104719755	2.13431591	2.12930169	
102.5505	0.110395907	0.104719755	2.13497784	2.12930169	
102.5606	0.111053302	0.104719755	2.13563523	2.12930169	
102.5707	0.111710572	0.104719755	2.1362925	2.12930169	
102.5809	0.11237003	0.104719755	2.13695196	2.12930169	
102.5913	0.113037382	0.104719755	2.13761931	2.12930169	
102.6012	0.113676426	0.104719755	2.13825836	2.12930169	
102.6114	0.114329295	0.104719755	2.13891123	2.12930169	
102.6215	0.114982342	0.104719755	2.13956427	2.12930169	
102.6317	0.115632621	0.104719755	2.14021455	2.12930169	
102.6418	0.116280588	0.104719755	2.14086252	2.12930169	
102.652	0.116929302	0.104719755	2.14151123	2.12930169	
102.6637	0.117671651	0.104719755	2.14225358	2.12930169	
102.6818	0.118822957	0.104719755	2.14340489	2.12930169	
102.6864	0.119110526	0.104719755	2.14369246	2.12930169	
102.6967	0.119762736	0.104719755	2.14434467	2.12930169	
102.7067	0.120395549	0.104719755	2.14497748	2.12930169	
102.7168	0.121032884	0.104719755	2.14561482	2.12930169	
102.727	0.121671445	0.104719755	2.14625338	2.12930169	
102.7372	0.12231053	0.113446401	2.14689246	2.12930169	
102.7473	0.122947193	0.113446401	2.14752913	2.12930169	
102.7579	0.123606939	0.113446401	2.14818887	2.12930169	
102.7677	0.124220372	0.113446401	2.1488023	2.12930169	
102.7777	0.124843835	0.113446401	2.14942577	2.12930169	
102.7878	0.125472365	0.113446401	2.1500543	2.12930169	
102.798	0.12610376	0.113446401	2.15068569	2.12930169	
102.8082	0.126735342	0.122173048	2.15131727	2.12930169	
102.8183	0.127360015	0.122173048	2.15194195	2.12930169	
102.8285	0.127987407	0.122173048	2.15256934	2.12930169	
102.8386	0.128612216	0.122173048	2.15319415	2.12930169	
102.8566	0.12971322	0.122173048	2.15429515	2.13802833	
102.8611	0.129991469	0.122173048	2.1545734	2.13802833	
102.8713	0.130611477	0.122173048	2.15519341	2.14675498	
102.8814	0.131231357	0.122173048	2.15581329	2.14675498	
102.8916	0.131849826	0.122173048	2.15643176	2.14675498	
102.9017	0.132467371	0.122173048	2.1570493	2.14675498	
102.9119	0.133087984	0.122173048	2.15766992	2.14675498	
102.922	0.133699017	0.122173048	2.15828095	2.15548163	
102.9322	0.134312635	0.122173048	2.15889457	2.15548163	
102.9423	0.134925566	0.122173048	2.1595075	2.15548163	
102.9525	0.135536428	0.122173048	2.16011836	2.15548163	
102.9626	0.136145823	0.122173048	2.16072776	2.15548163	
102.9824	0.137327702	0.122173048	2.16190963	2.15548163	
102.9869	0.137596582	0.122173048	2.16217851	2.15548163	
102.997	0.138201821	0.122173048	2.16278375	2.15548163	
103.0073	0.138811653	0.122173048	2.16339359	2.16420827	
103.0174	0.139416741	0.122173048	2.16399867	2.16420827	
103.0275	0.140014443	0.122173048	2.16459638	2.16420827	
103.0377	0.140615658	0.130899694	2.16519759	2.16420827	
103.0478	0.141214995	0.130899694	2.16579693	2.16420827	
103.0581	0.141820276	0.130899694	2.16640221	2.16420827	
103.0681	0.142408349	0.130899694	2.16699028	2.16420827	
103.0783	0.143006761	0.130899694	2.16758869	2.16420827	
103.0886	0.143609485	0.13962634	2.16819142	2.16420827	
103.0985	0.144192064	0.13962634	2.168774	2.16420827	
103.117	0.145268016	0.13962634	2.16984995	2.16420827	
103.1216	0.145533236	0.13962634	2.17011517	2.16420827	
103.1317	0.146122087	0.13962634	2.17070402	2.16420827	
103.1419	0.146710463	0.13962634	2.1712924	2.16420827	
103.1521	0.147299111	0.148352986	2.17188104	2.16420827	
103.1637	0.147969039	0.148352986	2.17255097	2.16420827	
103.1724	0.148470013	0.148352986	2.17305195	2.16420827	
103.1825	0.14905399	0.148352986	2.17363592	2.16420827	
103.1927	0.149637595	0.157079633	2.17421953	2.16420827	
103.2028	0.150214889	0.157079633	2.17479682	2.17293492	
103.213	0.15079951	0.157079633	2.17538144	2.17293492	
103.2232	0.151377884	0.157079633	2.17595982	2.16420827	
103.2333	0.151955711	0.157079633	2.17653764	2.17293492	
103.2435	0.152530837	0.157079633	2.17711277	2.17293492	
103.2536	0.153103047	0.157079633	2.17768498	2.17293492	
103.264	0.153694425	0.157079633	2.17827636	2.18166156	
103.2739	0.154250783	0.157079633	2.17883272	2.18166156	
103.2841	0.154821123	0.165806279	2.17940306	2.18166156	
103.2943	0.155393989	0.165806279	2.17997592	2.18166156	
103.3044	0.155960867	0.157079633	2.1805428	2.19038821	
103.3145	0.156528198	0.157079633	2.18111013	2.19038821	
103.3247	0.157094246	0.157079633	2.18167618	2.19038821	
103.3349	0.15766223	0.165806279	2.18224416	2.19911486	
103.3451	0.158229415	0.174532925	2.18281135	2.19911486	
103.3551	0.158784478	0.174532925	2.18336641	2.19911486	
103.3653	0.159347384	0.174532925	2.18392932	2.19038821	
103.3755	0.159911256	0.174532925	2.18449319	2.19038821	
103.3856	0.160466476	0.174532925	2.18504841	2.19038821	
103.3957	0.161023441	0.174532925	2.18560537	2.19911486	
103.406	0.161583061	0.174532925	2.18616499	2.19911486	
103.4161	0.162135715	0.174532925	2.18671765	2.19911486	
103.4263	0.162691722	0.174532925	2.18727365	2.19911486	
103.4364	0.163242314	0.174532925	2.18782425	2.19911486	
103.4465	0.163794341	0.174532925	2.18837627	2.19911486	
103.4567	0.164343086	0.174532925	2.18892502	2.2078415	
103.4668	0.164890341	0.174532925	2.18947227	2.2078415	
103.4785	0.165534413	0.174532925	2.19011635	2.2078415	
103.4873	0.165998082	0.174532925	2.19058001	2.19911486	
103.4974	0.166540517	0.174532925	2.19112245	2.2078415	
103.5075	0.167082913	0.174532925	2.19166485	2.2078415	
103.5177	0.167626434	0.174532925	2.19220837	2.2078415	
103.5279	0.168169895	0.174532925	2.19275183	2.2078415	
103.538	0.168709097	0.174532925	2.19329103	2.2078415	
103.5485	0.169266342	0.174532925	2.19384827	2.2078415	
103.5589	0.169816151	0.174532925	2.19439808	2.2078415	
103.5688	0.170342658	0.174532925	2.19492459	2.2078415	
103.5789	0.170875185	0.174532925	2.19545712	2.2078415	
103.5891	0.171411796	0.174532925	2.19599373	2.2078415	
103.5993	0.171943244	0.174532925	2.19652518	2.2078415	
103.6095	0.172477493	0.174532925	2.19705943	2.2078415	
103.6196	0.17300743	0.174532925	2.19758936	2.2078415	
103.6297	0.173535571	0.174532925	2.1981175	2.2078415	
103.64	0.174072185	0.174532925	2.19865412	2.2078415	
103.65	0.174589534	0.174532925	2.19917147	2.2078415	
103.6602	0.175117723	0.174532925	2.19969966	2.2078415	
103.6705	0.175646732	0.183259571	2.20022866	2.2078415	
103.6808	0.176179165	0.183259571	2.2007611	2.2078415	
103.6909	0.176698852	0.183259571	2.20128078	2.2078415	
103.7011	0.177220083	0.183259571	2.20180202	2.2078415	
103.7112	0.177740136	0.183259571	2.20232207	2.2078415	
103.7214	0.17825784	0.183259571	2.20283977	2.2078415	
103.7315	0.1787764	0.183259571	2.20335833	2.2078415	
103.7417	0.179290537	0.183259571	2.20387247	2.2078415	
103.7518	0.179806232	0.183259571	2.20438816	2.2078415	
103.762	0.18031994	0.183259571	2.20490187	2.2078415	
103.7721	0.180831313	0.183259571	2.20541325	2.2078415	
103.7823	0.181344322	0.183259571	2.20592625	2.2078415	
103.7924	0.181851341	0.183259571	2.20643327	2.2078415	
103.8026	0.182361637	0.183259571	2.20694357	2.2078415	
103.8128	0.182868358	0.183259571	2.20745029	2.2078415	
103.8229	0.183375047	0.183259571	2.20795698	2.2078415	
103.8332	0.183883873	0.183259571	2.20846581	2.2078415	
103.8432	0.184383596	0.183259571	2.20896553	2.2078415	
103.8534	0.184886055	0.183259571	2.20946799	2.2078415	
103.8636	0.185391515	0.183259571	2.20997345	2.2078415	
103.8737	0.185887584	0.183259571	2.21046952	2.2078415	
103.8838	0.186385577	0.183259571	2.21096751	2.2078415	
103.894	0.186883078	0.183259571	2.21146501	2.2078415	
103.9042	0.187380083	0.183259571	2.21196201	2.2078415	
103.9143	0.187874156	0.183259571	2.21245609	2.2078415	
103.9245	0.188367928	0.183259571	2.21294986	2.2078415	
103.9347	0.188864147	0.183259571	2.21344608	2.2078415	
103.9448	0.189354974	0.183259571	2.21393691	2.2078415	
103.955	0.189847606	0.183259571	2.21442954	2.2078415	
103.9651	0.190335641	0.183259571	2.21491757	2.2078415	
103.9851	0.191288501	0.183259571	2.21587043	2.21656815	
103.9896	0.191504492	0.183259571	2.21608642	2.21656815	
103.9998	0.191990118	0.183259571	2.21657205	2.21656815	
104.0099	0.192473374	0.183259571	2.21705531	2.21656815	
104.0201	0.192954884	0.183259571	2.21753682	2.21656815	
104.0302	0.193437483	0.183259571	2.21801942	2.21656815	
104.0403	0.19391494	0.183259571	2.21849687	2.21656815	
104.0505	0.194395456	0.183259571	2.21897739	2.21656815	
104.0607	0.194874266	0.183259571	2.2194562	2.21656815	
104.071	0.195353897	0.183259571	2.21993583	2.21656815	
104.0812	0.195831817	0.191986218	2.22041375	2.21656815	
104.0914	0.196310353	0.191986218	2.22089228	2.21656815	
104.1014	0.196773779	0.191986218	2.22135571	2.21656815	
104.1116	0.197249847	0.191986218	2.22183178	2.21656815	
104.1217	0.19771535	0.191986218	2.22229728	2.21656815	
104.1319	0.19818365	0.191986218	2.22276558	2.21656815	
104.142	0.198651872	0.191986218	2.2232338	2.21656815	
104.1522	0.199119321	0.191986218	2.22370125	2.21656815	
104.1624	0.199584945	0.191986218	2.22416688	2.21656815	
104.1726	0.200051204	0.191986218	2.22463314	2.21656815	
104.1827	0.200513593	0.191986218	2.22509552	2.21656815	
104.1929	0.200975117	0.191986218	2.22555705	2.21656815	
104.203	0.201433067	0.191986218	2.226015	2.21656815	
104.2132	0.2018957	0.191986218	2.22647763	2.21656815	
104.2233	0.202351968	0.191986218	2.2269339	2.21656815	
104.2335	0.202808405	0.191986218	2.22739034	2.21656815	
104.2436	0.203263259	0.191986218	2.22784519	2.21656815	
104.2537	0.203715374	0.191986218	2.22829731	2.21656815	
104.2641	0.204176976	0.191986218	2.22875891	2.21656815	
104.2741	0.204623307	0.191986218	2.22920524	2.21656815	
104.2843	0.20507277	0.191986218	2.2296547	2.21656815	
104.2945	0.20552361	0.191986218	2.23010554	2.21656815	
104.3046	0.205969788	0.191986218	2.23055172	2.21656815	
104.3147	0.206413478	0.191986218	2.23099541	2.21656815	
104.3249	0.2068619	0.191986218	2.23144383	2.21656815	
104.335	0.207305985	0.191986218	2.23188792	2.21656815	
104.3453	0.207751539	0.191986218	2.23233347	2.21656815	
104.3553	0.20818944	0.191986218	2.23277137	2.21656815	
104.3655	0.208629808	0.191986218	2.23321174	2.21656815	
104.3758	0.209077309	0.191986218	2.23365924	2.21656815	
104.3858	0.209508243	0.191986218	2.23409018	2.21656815	
104.396	0.20994536	0.191986218	2.23452729	2.21656815	
104.4061	0.210382274	0.191986218	2.23496421	2.21656815	
104.4163	0.210814846	0.191986218	2.23539678	2.21656815	
104.4264	0.211246116	0.200712864	2.23582805	2.21656815	
104.4365	0.211677188	0.200712864	2.23625912	2.21656815	
104.4467	0.212108052	0.200712864	2.23668998	2.21656815	
104.4568	0.212537858	0.200712864	2.23711979	2.21656815	
104.4669	0.212965386	0.200712864	2.23754732	2.21656815	
104.4774	0.213404212	0.20943951	2.23798614	2.21656815	
104.4873	0.213820492	0.20943951	2.23840242	2.21656815	
104.4974	0.214244302	0.20943951	2.23882623	2.21656815	
104.5075	0.214664566	0.20943951	2.2392465	2.21656815	
104.5177	0.215086189	0.20943951	2.23966812	2.21656815	
104.5279	0.21550956	0.20943951	2.24009149	2.2252948	
104.538	0.215926794	0.218166156	2.24050873	2.2252948	
104.5481	0.216344499	0.218166156	2.24092643	2.2252948	
104.5583	0.216762946	0.218166156	2.24134488	2.23402144	
104.5684	0.21717755	0.218166156	2.24175948	2.23402144	
104.5786	0.217593702	0.218166156	2.24217563	2.23402144	
104.5887	0.218007201	0.218166156	2.24258913	2.24274809	
104.5989	0.218419676	0.218166156	2.24300161	2.24274809	
104.6091	0.218832739	0.218166156	2.24341467	2.24274809	
104.6192	0.219240706	0.218166156	2.24382264	2.25147474	
104.6293	0.219648421	0.226892803	2.24423035	2.25147474	
104.6395	0.220056713	0.226892803	2.24463865	2.25147474	
104.6497	0.220462102	0.226892803	2.24504403	2.25147474	
104.6598	0.220867421	0.226892803	2.24544935	2.25147474	
104.6708	0.221304711	0.226892803	2.24588664	2.25147474	
104.6809	0.221705778	0.226892803	2.24628771	2.25147474	
104.6911	0.222107869	0.226892803	2.2466898	2.25147474	
104.7013	0.222508415	0.226892803	2.24709035	2.25147474	
104.7114	0.222905309	0.235619449	2.24748724	2.25147474	
104.7216	0.223304925	0.235619449	2.24788686	2.25147474	
104.7317	0.223700155	0.235619449	2.24828209	2.25147474	
104.7419	0.224095407	0.226892803	2.24867734	2.25147474	
104.7521	0.224491786	0.226892803	2.24907372	2.25147474	
104.7622	0.224880921	0.235619449	2.24946285	2.25147474	
104.7741	0.225342036	0.235619449	2.24992397	2.26020138	
104.7825	0.225664759	0.244346095	2.25024669	2.26020138	
104.7927	0.226053342	0.244346095	2.25063527	2.25147474	
104.8027	0.226438231	0.235619449	2.25102016	2.25147474	
104.8129	0.226825702	0.235619449	2.25140763	2.25147474	
104.8231	0.22721179	0.244346095	2.25179372	2.26020138	
104.8333	0.227597062	0.244346095	2.25217899	2.26892803	
104.8435	0.227980651	0.244346095	2.25256258	2.26892803	
104.8535	0.228359718	0.244346095	2.25294165	2.26020138	
104.8638	0.228744063	0.244346095	2.253326	2.26020138	
104.8739	0.229120246	0.244346095	2.25370218	2.26020138	
104.884	0.22949663	0.244346095	2.25407856	2.26892803	
104.8942	0.229875676	0.244346095	2.25445761	2.26892803	
104.9044	0.23025142	0.244346095	2.25483335	2.26892803	
104.9145	0.230625131	0.244346095	2.25520706	2.26892803	
104.9247	0.230997986	0.244346095	2.25557992	2.27765467	
104.9349	0.231371949	0.244346095	2.25595388	2.27765467	
104.945	0.231741078	0.244346095	2.25632301	2.27765467	
104.9551	0.232108303	0.244346095	2.25669024	2.27765467	
104.9653	0.23247843	0.244346095	2.25706036	2.27765467	
104.9776	0.23292195	0.244346095	2.25750388	2.27765467	
104.9855	0.233207941	0.244346095	2.25778987	2.27765467	
104.9958	0.233577484	0.244346095	2.25815942	2.27765467	
105.0058	0.233935481	0.244346095	2.25851741	2.27765467	
105.016	0.234299916	0.244346095	2.25888185	2.27765467	
105.0262	0.234659538	0.244346095	2.25924147	2.27765467	
105.0363	0.235018261	0.244346095	2.25960019	2.27765467	
105.0465	0.235377275	0.244346095	2.25995921	2.27765467	
105.0566	0.23573303	0.244346095	2.26031496	2.27765467	
105.0667	0.236088442	0.244346095	2.26067037	2.27765467	
105.0769	0.236443639	0.244346095	2.26102557	2.27765467	
105.087	0.236796328	0.244346095	2.26137826	2.27765467	
105.1051	0.237421458	0.244346095	2.26200339	2.27765467	
105.1096	0.23757794	0.244346095	2.26215987	2.27765467	
105.1199	0.237929768	0.253072742	2.2625117	2.27765467	
105.13	0.238275818	0.253072742	2.26285775	2.27765467	
105.1401	0.238621849	0.253072742	2.26320378	2.27765467	
105.1503	0.238970084	0.253072742	2.26355202	2.27765467	
105.1604	0.239313634	0.253072742	2.26389557	2.27765467	
105.1716	0.239690763	0.253072742	2.2642727	2.27765467	
105.1807	0.239999407	0.253072742	2.26458134	2.27765467	
105.1909	0.240339566	0.253072742	2.2649215	2.27765467	
105.2011	0.2406816	0.253072742	2.26526353	2.27765467	
105.2113	0.241020305	0.253072742	2.26560224	2.27765467	
105.2214	0.241357189	0.253072742	2.26593912	2.27765467	
105.2316	0.241693509	0.253072742	2.26627544	2.27765467	
105.2417	0.242026899	0.253072742	2.26660883	2.27765467	
105.2519	0.242361655	0.253072742	2.26694359	2.27765467	
105.2621	0.242697848	0.253072742	2.26727978	2.27765467	
105.2722	0.243026432	0.253072742	2.26760836	2.27765467	
105.2823	0.243355006	0.253072742	2.26793694	2.27765467	
105.2924	0.243682528	0.253072742	2.26826446	2.27765467	
105.3027	0.244012778	0.253072742	2.26859471	2.27765467	
105.3128	0.244338173	0.253072742	2.26892011	2.27765467	
105.3229	0.244662319	0.253072742	2.26924425	2.27765467	
105.3331	0.244985723	0.253072742	2.26956766	2.27765467	
105.3433	0.24530936	0.253072742	2.26989129	2.27765467	
105.3534	0.245629593	0.253072742	2.27021153	2.27765467	
105.3636	0.245951118	0.253072742	2.27053305	2.27765467	
105.3737	0.246269442	0.253072742	2.27085137	2.27765467	
105.3839	0.246588817	0.253072742	2.27117075	2.27765467	
105.3941	0.246904104	0.253072742	2.27148604	2.27765467	
105.4042	0.247218918	0.253072742	2.27180085	2.27765467	
105.4144	0.247535001	0.253072742	2.27211693	2.27765467	
105.4245	0.247845527	0.253072742	2.27242746	2.27765467	
105.4346	0.248156311	0.253072742	2.27273824	2.27765467	
105.4448	0.248467123	0.253072742	2.27304906	2.27765467	
105.455	0.248777373	0.253072742	2.27335931	2.27765467	
105.4652	0.24908618	0.253072742	2.27366811	2.27765467	
105.4755	0.24940273	0.253072742	2.27398466	2.27765467	
105.4858	0.249708561	0.253072742	2.27429049	2.27765467	
105.496	0.250013612	0.253072742	2.27459554	2.27765467	
105.5061	0.250315979	0.253072742	2.27489791	2.27765467	
105.5165	0.250625278	0.253072742	2.27520721	2.27765467	
105.5265	0.250918851	0.253072742	2.27550078	2.27765467	
105.5366	0.25121609	0.253072742	2.27579802	2.27765467	
105.5467	0.251513349	0.253072742	2.27609528	2.27765467	
105.5568	0.251809332	0.253072742	2.27639126	2.27765467	
105.567	0.252105344	0.253072742	2.27668728	2.27765467	
105.5772	0.252400562	0.253072742	2.27698249	2.27765467	
105.5873	0.252694091	0.253072742	2.27727602	2.27765467	
105.5976	0.252989536	0.253072742	2.27757147	2.27765467	
105.6077	0.253278949	0.253072742	2.27786088	2.27765467	
105.6181	0.253576073	0.253072742	2.27815801	2.27765467	
105.628	0.25385586	0.253072742	2.27843779	2.27765467	
105.6382	0.254143372	0.253072742	2.2787253	2.27765467	
105.6483	0.25442728	0.253072742	2.27900921	2.27765467	
105.6584	0.25471143	0.253072742	2.27929336	2.27765467	
105.6686	0.254996274	0.253072742	2.27957821	2.27765467	
105.6789	0.25528187	0.253072742	2.2798638	2.27765467	
105.6889	0.255560003	0.253072742	2.28014194	2.27765467	
105.6991	0.255839291	0.253072742	2.28042122	2.27765467	
105.7092	0.256117823	0.253072742	2.28069976	2.27765467	
105.7197	0.256404732	0.253072742	2.28098666	2.27765467	
105.7296	0.256672756	0.253072742	2.28125469	2.27765467	
105.7397	0.256946994	0.253072742	2.28152893	2.27765467	
105.7499	0.257220685	0.253072742	2.28180262	2.27765467	
105.7601	0.257494112	0.253072742	2.28207604	2.27765467	
105.7702	0.257764981	0.253072742	2.28234691	2.27765467	
105.7804	0.258034261	0.253072742	2.28261619	2.27765467	
105.7906	0.258304585	0.253072742	2.28288652	2.27765467	
105.8007	0.25857116	0.253072742	2.28315309	2.27765467	
105.8108	0.258835975	0.253072742	2.28341791	2.27765467	
105.821	0.259102199	0.253072742	2.28368413	2.27765467	
105.8314	0.259373846	0.253072742	2.28395578	2.27765467	
105.8414	0.259631873	0.253072742	2.2842138	2.27765467	
105.8515	0.259891327	0.253072742	2.28447326	2.27765467	
105.8617	0.260152224	0.253072742	2.28473416	2.27765467	
105.8719	0.26041336	0.253072742	2.28499529	2.27765467	
105.882	0.260669095	0.253072742	2.28525103	2.27765467	
105.8921	0.260925233	0.253072742	2.28550717	2.27765467	
105.9023	0.261180602	0.253072742	2.28576253	2.27765467	
105.9125	0.261434947	0.253072742	2.28601688	2.27765467	
105.9226	0.261687672	0.253072742	2.2862696	2.27765467	
105.9328	0.261939202	0.253072742	2.28652113	2.27765467	
105.9429	0.262189461	0.253072742	2.28677139	2.27765467	
105.9531	0.26243911	0.253072742	2.28702104	2.27765467	
105.9632	0.262686756	0.253072742	2.28726869	2.27765467	
105.9734	0.262933908	0.253072742	2.28751584	2.27765467	
105.9836	0.263179547	0.253072742	2.28776148	2.27765467	
105.9937	0.263422912	0.253072742	2.28800484	2.27765467	
106.0038	0.263665113	0.253072742	2.28824705	2.27765467	
106.014	0.263906787	0.253072742	2.28848872	2.27765467	
106.0242	0.264148418	0.253072742	2.28873035	2.27765467	
106.0343	0.264387882	0.253072742	2.28896981	2.27765467	
106.0445	0.26462624	0.253072742	2.28920817	2.27765467	
106.0547	0.26486377	0.253072742	2.2894457	2.28638132	
106.0648	0.26509922	0.253072742	2.28968115	2.28638132	
106.0749	0.265333201	0.253072742	2.28991513	2.27765467	
106.0851	0.265566491	0.253072742	2.29014842	2.27765467	
106.0954	0.265803163	0.253072742	2.29038509	2.27765467	
106.1054	0.266029793	0.253072742	2.29061172	2.28638132	
106.1156	0.266259307	0.253072742	2.29084124	2.28638132	
106.1257	0.266486911	0.253072742	2.29106884	2.28638132	
106.136	0.266717009	0.253072742	2.29129894	2.29510797	
106.146	0.266941045	0.253072742	2.29152298	2.29510797	
106.1561	0.267164627	0.253072742	2.29174656	2.29510797	
106.1663	0.267388116	0.253072742	2.29197005	2.29510797	
106.1767	0.267616268	0.253072742	2.2921982	2.29510797	
106.1868	0.267835882	0.261799388	2.29241781	2.29510797	
106.197	0.268056246	0.261799388	2.29263818	2.30383461	
106.2071	0.268274509	0.253072742	2.29285644	2.30383461	
106.2256	0.268668381	0.253072742	2.29325031	2.29510797	
106.2302	0.268764697	0.261799388	2.29334663	2.29510797	
106.2404	0.268979924	0.261799388	2.29356186	2.29510797	
106.2509	0.269200987	0.261799388	2.29378292	2.29510797	
106.2607	0.269407259	0.261799388	2.29398919	2.30383461	
106.2709	0.269619217	0.270526034	2.29420115	2.30383461	
106.2811	0.269828778	0.270526034	2.29441071	2.29510797	
106.2912	0.270037204	0.270526034	2.29461914	2.29510797	
106.3014	0.270244897	0.270526034	2.29482683	2.29510797	
106.3116	0.270451026	0.270526034	2.29503296	2.30383461	
106.3217	0.270655375	0.27925268	2.29523731	2.30383461	
106.3319	0.270859427	0.27925268	2.29544136	2.30383461	
106.342	0.271061642	0.27925268	2.29564357	2.30383461	
106.3522	0.271263624	0.27925268	2.29584556	2.30383461	
106.3623	0.271462992	0.27925268	2.29604492	2.30383461	
106.3725	0.271661751	0.27925268	2.29624368	2.30383461	
106.3827	0.271860044	0.27925268	2.29644198	2.30383461	
106.3928	0.272055884	0.27925268	2.29663782	2.30383461	
106.4029	0.272250531	0.27925268	2.29683246	2.30383461	
106.4131	0.272444723	0.27925268	2.29702666	2.30383461	
106.4233	0.272637487	0.27925268	2.29721942	2.30383461	
106.4335	0.272830675	0.27925268	2.29741261	2.30383461	
106.4436	0.273019989	0.27925268	2.29760192	2.30383461	
106.4538	0.273209038	0.27925268	2.29779097	2.30383461	
106.464	0.273398481	0.27925268	2.29798041	2.30383461	
106.4741	0.273583465	0.27925268	2.2981654	2.30383461	
106.4843	0.273768915	0.27925268	2.29835085	2.30383461	
106.4944	0.273953382	0.27925268	2.29853531	2.30383461	
106.5046	0.274135949	0.27925268	2.29871788	2.30383461	
106.5147	0.27431734	0.27925268	2.29889927	2.30383461	
106.5249	0.274497818	0.27925268	2.29907975	2.30383461	
106.535	0.274677237	0.27925268	2.29925917	2.30383461	
106.5452	0.27485516	0.27925268	2.29943709	2.30383461	
106.5553	0.275031714	0.27925268	2.29961365	2.30383461	
106.5655	0.275207843	0.27925268	2.29978978	2.30383461	
106.5756	0.275381628	0.27925268	2.29996356	2.30383461	
106.5858	0.275555978	0.27925268	2.30013791	2.30383461	
106.5961	0.275729765	0.27925268	2.3003117	2.30383461	
106.606	0.275897087	0.27925268	2.30047902	2.30383461	
106.6162	0.276066845	0.27925268	2.30064878	2.30383461	
106.6266	0.276239335	0.27925268	2.30082127	2.30383461	
106.6365	0.276402198	0.27925268	2.30098413	2.30383461	
106.6467	0.276568499	0.27925268	2.30115043	2.30383461	
106.6568	0.276732649	0.27925268	2.30131458	2.30383461	
106.6669	0.276895815	0.27925268	2.30147775	2.30383461	
106.6786	0.277082285	0.27925268	2.30166422	2.30383461	
106.6887	0.27724258	0.27925268	2.30182451	2.30383461	
106.7006	0.2774293	0.27925268	2.30201123	2.30383461	
106.709	0.27755923	0.27925268	2.30214116	2.30383461	
106.7191	0.277716171	0.27925268	2.3022981	2.30383461	
106.7294	0.277875364	0.27925268	2.3024573	2.30383461	
106.7395	0.278029317	0.27925268	2.30261125	2.30383461	
106.7497	0.278182727	0.27925268	2.30276466	2.30383461	
106.7599	0.278336439	0.27925268	2.30291837	2.30383461	
106.77	0.278485901	0.27925268	2.30306783	2.30383461	
106.7802	0.278636789	0.27925268	2.30321872	2.30383461	
106.7903	0.278784857	0.27925268	2.30336679	2.30383461	
106.8005	0.278932742	0.27925268	2.30351467	2.30383461	
106.8106	0.279078981	0.27925268	2.30366091	2.30383461	
106.8208	0.279224108	0.27925268	2.30380604	2.30383461	
106.831	0.279368246	0.27925268	2.30395018	2.30383461	
106.8411	0.279510959	0.27925268	2.30409289	2.30383461	
106.8512	0.27965169	0.27925268	2.30423362	2.30383461	
106.8614	0.279793144	0.27925268	2.30437508	2.30383461	
106.8716	0.279931743	0.27925268	2.30451368	2.30383461	
106.8817	0.280069728	0.27925268	2.30465166	2.30383461	
106.8919	0.280206247	0.27925268	2.30478818	2.30383461	
106.902	0.280341648	0.27925268	2.30492358	2.30383461	
106.9122	0.280476334	0.27925268	2.30505827	2.30383461	
106.9223	0.280608818	0.27925268	2.30519075	2.30383461	
106.9325	0.280740472	0.27925268	2.3053224	2.30383461	
106.9427	0.280871261	0.27925268	2.30545319	2.30383461	
106.9528	0.281000407	0.27925268	2.30558234	2.30383461	
106.963	0.281128485	0.27925268	2.30571042	2.30383461	
106.9731	0.28125533	0.27925268	2.30583726	2.30383461	
106.9842	0.281392873	0.27925268	2.3059748	2.30383461	
106.9943	0.281516208	0.27925268	2.30609814	2.30383461	
107.0044	0.281639276	0.27925268	2.30622121	2.30383461	
107.0147	0.281762676	0.27925268	2.30634461	2.30383461	
107.0249	0.28188375	0.27925268	2.30646568	2.30383461	
107.035	0.282003099	0.27925268	2.30658503	2.30383461	
107.0452	0.282121176	0.27925268	2.30670311	2.30383461	
107.0553	0.282238471	0.27925268	2.3068204	2.30383461	
107.0655	0.282354634	0.27925268	2.30693657	2.30383461	
107.0756	0.282469051	0.27925268	2.30705098	2.30383461	
107.0858	0.282582829	0.27925268	2.30716476	2.30383461	
107.0962	0.282697691	0.287979327	2.30727962	2.30383461	
107.1061	0.282805769	0.287979327	2.3073877	2.30383461	
107.1162	0.282915571	0.27925268	2.3074975	2.30383461	
107.1267	0.283027463	0.27925268	2.3076094	2.30383461	
107.1365	0.283131782	0.27925268	2.30771371	2.30383461	
107.1466	0.283237756	0.287979327	2.30781969	2.30383461	
107.1568	0.283342859	0.287979327	2.30792479	2.30383461	
107.1669	0.283446495	0.287979327	2.30802843	2.30383461	
107.1781	0.283559603	0.296705973	2.30814154	2.30383461	
107.1873	0.287979327	0.296705973	2.31256126	2.30383461	
107.1975	0.287979327	0.287979327	2.31256126	2.30383461	
107.2076	0.287979327	0.287979327	2.31256126	2.30383461	
107.2177	0.287979327	0.287979327	2.31256126	2.30383461	
107.2281	0.287979327	0.27925268	2.31256126	2.30383461	
107.238	0.287979327	0.27925268	2.31256126	2.30383461	
107.2482	0.287979327	0.27925268	2.31256126	2.30383461	
107.2583	0.287979327	0.27925268	2.31256126	2.30383461	
107.2685	0.287979327	0.27925268	2.31256126	2.30383461	
107.2787	0.287979327	0.27925268	2.31256126	2.30383461	
107.2967	0.287979327	0.27925268	2.31256126	2.30383461	
107.3012	0.287979327	0.27925268	2.31256126	2.30383461	
107.3113	0.287979327	0.27925268	2.31256126	2.30383461	
107.3216	0.287979327	0.27925268	2.31256126	2.30383461	
107.3317	0.287979327	0.27925268	2.31256126	2.30383461	
107.3418	0.287979327	0.27925268	2.31256126	2.30383461	
107.352	0.287979327	0.27925268	2.31256126	2.30383461	
107.3622	0.287979327	0.27925268	2.31256126	2.30383461	
107.3723	0.287979327	0.27925268	2.31256126	2.30383461	
107.3824	0.287979327	0.27925268	2.31256126	2.30383461	
107.3926	0.287979327	0.27925268	2.31256126	2.30383461	
107.4028	0.287979327	0.27925268	2.31256126	2.30383461	
107.4129	0.287979327	0.27925268	2.31256126	2.30383461	
107.4231	0.287979327	0.27925268	2.31256126	2.30383461	
107.4332	0.287979327	0.27925268	2.31256126	2.30383461	
107.4434	0.287979327	0.27925268	2.31256126	2.30383461	
107.4535	0.287979327	0.27925268	2.31256126	2.30383461	
107.4637	0.287979327	0.27925268	2.31256126	2.30383461	
107.474	0.287979327	0.27925268	2.31256126	2.30383461	
107.4938	0.287979327	0.27925268	2.31256126	2.30383461	
107.4983	0.287979327	0.27925268	2.31256126	2.30383461	
107.5085	0.287979327	0.27925268	2.31256126	2.30383461	
107.5187	0.287979327	0.27925268	2.31256126	2.30383461	
107.5366	0.287979327	0.27925268	2.31256126	2.30383461	
107.5411	0.287979327	0.27925268	2.31256126	2.30383461	
107.5513	0.287979327	0.27925268	2.31256126	2.30383461	
107.5694	0.287979327	0.27925268	2.31256126	2.30383461	
107.5739	0.287979327	0.27925268	2.31256126	2.30383461	
107.5841	0.287979327	0.27925268	2.31256126	2.30383461	
107.5941	0.287979327	0.27925268	2.31256126	2.30383461	
107.6044	0.287979327	0.27925268	2.31256126	2.30383461	
107.6145	0.287979327	0.27925268	2.31256126	2.30383461	
107.6246	0.287979327	0.27925268	2.31256126	2.30383461	
107.6349	0.287979327	0.27925268	2.31256126	2.30383461	
107.645	0.287979327	0.27925268	2.31256126	2.30383461	
107.6551	0.287979327	0.27925268	2.31256126	2.30383461	
107.6653	0.287979327	0.27925268	2.31256126	2.30383461	
107.6754	0.287979327	0.27925268	2.31256126	2.30383461	
