43.15938	-5.7105583	-5.68977336	-3.68597637	-3.68264472	
43.16949	-5.70886516	-5.68977336	-3.68428323	-3.68264472	
43.1796	-5.70655938	-5.68977336	-3.68197745	-3.68264472	
43.18973	-5.70363222	-5.68977336	-3.67905028	-3.68264472	
43.19991	-5.70006419	-5.68977336	-3.67548226	-3.67391808	
43.2101	-5.69587452	-5.68977336	-3.67129259	-3.67391808	
43.22023	-5.69109457	-5.68977336	-3.66651264	-3.67391808	
43.23039	-5.68567856	-5.68977336	-3.66109663	-3.67391808	
43.24053	-5.67965679	-5.68977336	-3.65507485	-3.66519143	
43.2507	-5.67298886	-5.68977336	-3.64840693	-3.66519143	
43.26097	-5.66563043	-5.68104672	-3.6410485	-3.66519143	
43.27118	-5.65768764	-5.67232007	-3.63310571	-3.65646478	
43.28128	-5.64922728	-5.67232007	-3.62464534	-3.64773814	
43.29154	-5.6399861	-5.65486678	-3.61540416	-3.63901149	
43.30161	-5.63031583	-5.65486678	-3.6057339	-3.63028484	
43.31181	-5.61989228	-5.63741348	-3.59531035	-3.61283155	
43.32203	-5.6088278	-5.63741348	-3.58424587	-3.60410491	
43.33211	-5.59731003	-5.61996019	-3.57272809	-3.58665161	
43.34224	-5.58511707	-5.61123355	-3.56053514	-3.57792497	
43.35237	-5.57229657	-5.6025069	-3.54771464	-3.56047167	
43.36257	-5.55876183	-5.58505361	-3.5341799	-3.54301838	
43.37273	-5.54467471	-5.56760031	-3.52009278	-3.52556509	
43.38285	-5.53002566	-5.55014702	-3.50544373	-3.5081118	
43.39303	-5.51466946	-5.54142038	-3.49008752	-3.49938515	
43.40318	-5.49873003	-5.52396708	-3.4741481	-3.4906585	
43.41329	-5.4822443	-5.51524044	-3.45766236	-3.47320521	
43.4235	-5.46496497	-5.49778714	-3.44038304	-3.45575192	
43.43363	-5.44722765	-5.48033385	-3.42264571	-3.44702527	
43.44378	-5.42881465	-5.47160721	-3.40423271	-3.42957198	
43.45393	-5.40979089	-5.45415391	-3.38520895	-3.42084533	
43.46407	-5.39016926	-5.43670062	-3.36558732	-3.40339204	
43.47425	-5.36985556	-5.41924733	-3.34527363	-3.38593875	
43.49424	-5.32694838	-5.3756141	-3.30236644	-3.34230552	
43.49881	-5.31723098	-5.36688745	-3.29264904	-3.33357887	
43.5089	-5.29500266	-5.34070751	-3.27042073	-3.30739893	
43.51966	-5.27056541	-5.32325422	-3.24598348	-3.28121899	
43.52924	-5.24831677	-5.29707428	-3.22373484	-3.25503905	
43.53949	-5.223841	-5.27089434	-3.19925907	-3.22885912	
43.54956	-5.19916414	-5.23598776	-3.1745822	-3.21140582	
43.55971	-5.17371633	-5.21853446	-3.1491344	-3.17649924	
43.56995	-5.1473957	-5.18362788	-3.12281377	-3.1503193	
43.58024	-5.12028529	-5.15744794	-3.09570336	-3.12413936	
43.5902	-5.09351017	-5.131268	-3.06892824	-3.09795942	
43.6003	-5.06570067	-5.09636142	-3.04111874	-3.07177948	
43.6105	-5.03699686	-5.06145483	-3.01241493	-3.0368729	
43.62061	-5.00793564	-5.03527489	-2.9833537	-3.00196631	
43.6308	-4.97803402	-5.00909495	-2.95345209	-2.96705973	
43.64097	-4.94754385	-4.97418837	-2.92296192	-2.94087979	
43.65108	-4.91663401	-4.93928178	-2.89205208	-2.9059732	
43.66134	-4.88463247	-4.9043752	-2.86005054	-2.87979327	
43.67142	-4.8525849	-4.86946861	-2.82800297	-2.84488668	
43.68178	-4.81898107	-4.83456203	-2.79439913	-2.8099801	
43.69183	-4.78582909	-4.79965544	-2.76124716	-2.77507351	
43.70195	-4.75179239	-4.7734755	-2.72721046	-2.74016693	
43.71212	-4.71697918	-4.73856892	-2.69239725	-2.70526034	
43.72225	-4.68169926	-4.70366233	-2.65711733	-2.66162711	
43.73244	-4.64556776	-4.6600291	-2.62098582	-2.62672052	
43.74256	-4.60906455	-4.62512252	-2.58448262	-2.59181394	
43.75276	-4.57166461	-4.59021593	-2.54708268	-2.55690735	
43.7629	-4.53386604	-4.5465827	-2.50928411	-2.51327412	
43.773	-4.49562527	-4.51167612	-2.47104334	-2.47836754	
43.7832	-4.45633966	-4.46804289	-2.43175773	-2.44346095	
43.79333	-4.41672551	-4.4331363	-2.39214358	-2.39982772	
43.80357	-4.37604867	-4.38950307	-2.35146673	-2.35619449	
43.81368	-4.33527477	-4.35459648	-2.31069284	-2.32128791	
43.82383	-4.29372429	-4.31096325	-2.26914235	-2.27765467	
43.83407	-4.25113099	-4.26733002	-2.22654905	-2.23402144	
43.8441	-4.20887642	-4.22369679	-2.18429449	-2.19038821	
43.85424	-4.16555167	-4.18006356	-2.14096973	-2.14675498	
43.86437	-4.12159768	-4.13643033	-2.09701575	-2.10312175	
43.87461	-4.07654248	-4.0927971	-2.05196055	-2.05948852	
43.88473	-4.0312401	-4.04916386	-2.00665817	-2.01585529	
43.89493	-3.98531848	-4.00553063	-1.96073655	-1.96349541	
43.90506	-3.9389365	-3.9618974	-1.91435456	-1.91986218	
43.91516	-3.89204353	-3.90953752	-1.8674616	-1.87622895	
43.92534	-3.84416423	-3.85717765	-1.8195823	-1.83259571	
43.93545	-3.7959883	-3.80481777	-1.77140637	-1.78023584	
43.94566	-3.74677093	-3.76118454	-1.722189	-1.72787596	
43.95577	-3.69737713	-3.70882466	-1.6727952	-1.67551608	
43.96596	-3.64692662	-3.66519143	-1.62234469	-1.6231562	
43.97607	-3.59634658	-3.61283155	-1.57176465	-1.57952297	
43.98658	-3.54303258	-3.56047167	-1.51845065	-1.5271631	
43.99643	-3.49252871	-3.5081118	-1.46794677	-1.47480322	
44.00651	-3.44022897	-3.45575192	-1.41564703	-1.43116999	
44.01686	-3.38582908	-3.3946654	-1.36124715	-1.37008346	
44.0268	-3.33305529	-3.34230552	-1.30847336	-1.31772359	
44.03695	-3.27855846	-3.28121899	-1.25397653	-1.26536371	
44.04708	-3.22349394	-3.22885912	-1.19891201	-1.20427718	
44.05734	-3.16713159	-3.17649924	-1.14254966	-1.15191731	
44.06751	-3.11058986	-3.11541271	-1.08600793	-1.09955743	
44.07767	-3.05355799	-3.06305284	-1.02897606	-1.0384709	
44.08772	-2.99651891	-3.00196631	-0.971936978	-0.977384381	
44.09787	-2.93825042	-2.94087979	-0.913668491	-0.916297857	
44.10805	-2.87924539	-2.87979327	-0.854663453	-0.855211333	
44.11817	-2.81991077	-2.81870674	-0.795328839	-0.802851456	
44.12831	-2.75987077	-2.75762022	-0.735288836	-0.733038286	
44.13849	-2.69898903	-2.69653369	-0.674407093	-0.680678408	
44.14864	-2.63951815	-2.63544717	-0.614936221	-0.619591884	
44.16702	-2.53418931	-2.52200077	-0.509607374	-0.497418837	
44.17164	-2.50771167	-2.49582083	-0.483129735	-0.471238898	
44.18177	-2.45035619	-2.43473431	-0.425774257	-0.401425728	
44.19188	-2.3936849	-2.37364778	-0.369102963	-0.340339204	
44.20214	-2.33678431	-2.31256126	-0.312202379	-0.27925268	
44.21236	-2.28071209	-2.25147474	-0.256130159	-0.218166156	
44.22239	-2.22634668	-2.19038821	-0.201764744	-0.165806279	
44.23258	-2.17167338	-2.12930169	-0.147091451	-0.104719755	
44.2427	-2.11799511	-2.07694181	-0.093413175	-0.0523598776	
44.25281	-2.06500995	-2.02458193	-0.0404280217	0	
44.26301	-2.01209321	-1.97222205	0.0124887265	0.0523598776	
44.27317	-1.96006401	-1.91986218	0.0645179246	0.104719755	
44.28333	-1.90860409	-1.8675023	0.115977838	0.157079633	
44.29345	-1.85793096	-1.81514242	0.166650973	0.20943951	
44.3036	-1.80776126	-1.76278254	0.216820676	0.261799388	
44.31379	-1.75798353	-1.71042267	0.266598401	0.314159265	
44.32392	-1.70911226	-1.65806279	0.315469676	0.366519143	
44.33407	-1.66079954	-1.60570291	0.363782389	0.41887902	
44.3442	-1.61311622	-1.56206968	0.411465712	0.462512252	
44.35437	-1.56584255	-1.51843645	0.45873938	0.514872129	
44.36452	-1.51932319	-1.47480322	0.505258741	0.558505361	
44.37468	-1.4733659	-1.43116999	0.551216028	0.593411946	
44.38486	-1.42792415	-1.38753676	0.596657786	0.645771823	
44.39498	-1.38332083	-1.34390352	0.6412611	0.680678408	
44.40513	-1.33922703	-1.30899694	0.685354905	0.72431164	
44.41559	-1.29437997	-1.26536371	0.730201967	0.767944871	
44.42545	-1.25274527	-1.22173048	0.771836666	0.811578102	
44.43564	-1.21027331	-1.18682389	0.814308625	0.855211333	
44.44574	-1.16878553	-1.14319066	0.855796407	0.890117919	
44.45634	-1.12589203	-1.09955743	0.898689903	0.93375115	
44.46614	-1.08681399	-1.06465084	0.93776794	0.968657735	
44.47621	-1.04726954	-1.02101761	0.977312389	1.01229097	
44.48633	-1.00811523	-0.986111027	1.0164667	1.04719755	
44.49646	-0.969531534	-0.942477796	1.0550504	1.08210414	
44.50667	-0.931226763	-0.907571211	1.09335517	1.11701072	
44.51677	-0.893976132	-0.872664626	1.1306058	1.15191731	
44.52697	-0.856935704	-0.837758041	1.16764623	1.18682389	
44.5371	-0.820765339	-0.802851456	1.20381659	1.23045712	
44.54732	-0.784862623	-0.776671517	1.23971931	1.26536371	
44.55741	-0.750021444	-0.741764932	1.27456049	1.30027029	
44.56788	-0.714519961	-0.706858347	1.31006197	1.33517688	
44.57769	-0.681805653	-0.663225116	1.34277628	1.37008346	
44.58783	-0.648587191	-0.628318531	1.37599474	1.3962634	
44.59794	-0.616071547	-0.593411946	1.40851039	1.43116999	
44.60808	-0.584053004	-0.567232007	1.44052893	1.46607657	
44.61834	-0.552284112	-0.532325422	1.47229782	1.49225651	
44.62844	-0.521587314	-0.506145483	1.50299462	1.5271631	
44.63859	-0.491344778	-0.471238898	1.53323715	1.55334303	
44.64882	-0.461465455	-0.445058959	1.56311648	1.58824962	
44.66034	-0.428624446	-0.41887902	1.59595749	1.61442956	
44.66911	-0.404036909	-0.383972435	1.62054502	1.6406095	
44.67932	-0.375999866	-0.357792497	1.64858207	1.67551608	
44.68942	-0.34888671	-0.331612558	1.67569522	1.70169602	
44.69961	-0.322144742	-0.314159265	1.70243719	1.72787596	
44.70978	-0.296006713	-0.27925268	1.72857522	1.7540559	
44.71992	-0.270566054	-0.261799388	1.75401588	1.78023584	
44.73049	-0.244710737	-0.235619449	1.7798712	1.81514242	
44.74059	-0.220564813	-0.20943951	1.80401712	1.83259571	
44.75253	-0.192904817	-0.174532925	1.83167712	1.85004901	
44.76264	-0.170040729	-0.148352986	1.8545412	1.8675023	
44.77275	-0.147736251	-0.122173048	1.87684568	1.88495559	
44.7829	-0.125961757	-0.104719755	1.89862018	1.90240888	
44.79305	-0.104753121	-0.0872664626	1.91982881	1.91986218	
44.80322	-0.0840841354	-0.0610865238	1.9404978	1.93731547	
44.81337	-0.0640619193	-0.0436332313	1.96052001	1.95476876	
44.82354	-0.0445924955	-0.0261799388	1.97998944	1.9809487	
44.84369	-0.00885905011	0	2.01572288	2.02458193	
44.84822	-0.000752875914	0.00872664626	2.02382906	2.02458193	
44.85836	0.0166737605	0.0174532925	2.04125569	2.05076187	
44.86849	0.0334894682	0.034906585	2.0580714	2.06821516	
44.87888	0.0501513887	0.0436332313	2.07473332	2.08566846	
44.8889	0.065649664	0.0610865238	2.0902316	2.10312175	
44.89898	0.0806956802	0.0785398163	2.10527761	2.12057504	
44.90914	0.0952592977	0.0959931089	2.11984123	2.12930169	
44.91929	0.109254182	0.104719755	2.13383611	2.14675498	
44.92949	0.122736341	0.122173048	2.14731827	2.15548163	
44.93972	0.135682371	0.13962634	2.1602643	2.16420827	
44.94983	0.147914826	0.148352986	2.17249676	2.16420827	
44.95998	0.159632334	0.165806279	2.18421427	2.18166156	
44.97024	0.170905972	0.174532925	2.1954879	2.19038821	
44.98029	0.181412191	0.183259571	2.20599412	2.19911486	
44.99046	0.191480852	0.191986218	2.21606278	2.2078415	
45.00065	0.201008277	0.191986218	2.22559021	2.21656815	
45.01079	0.209949505	0.20943951	2.23453144	2.2252948	
45.02106	0.218445566	0.20943951	2.2430275	2.23402144	
45.03109	0.226221397	0.226892803	2.25080333	2.25147474	
45.04128	0.23357983	0.226892803	2.25816176	2.26020138	
45.05145	0.240393053	0.235619449	2.26497499	2.26892803	
45.06157	0.246652325	0.244346095	2.27123426	2.26892803	
45.07174	0.252432571	0.244346095	2.2770145	2.26892803	
45.08189	0.257692747	0.253072742	2.28227468	2.26892803	
45.09204	0.262451839	0.253072742	2.28703377	2.26892803	
45.10215	0.266713803	0.253072742	2.29129574	2.27765467	
45.11233	0.270522436	0.253072742	2.29510437	2.28638132	
45.1225	0.273866082	0.261799388	2.29844801	2.28638132	
45.13264	0.276756931	0.261799388	2.30133886	2.28638132	
45.14279	0.279226865	0.261799388	2.3038088	2.28638132	
45.15303	0.281307651	0.261799388	2.30588958	2.28638132	
45.16462	0.283145096	0.261799388	2.30772703	2.28638132	
45.1733	0.287979327	0.261799388	2.31256126	2.28638132	
45.18341	0.287979327	0.270526034	2.31256126	2.29510797	
45.19362	0.287979327	0.270526034	2.31256126	2.29510797	
45.20377	0.287979327	0.27925268	2.31256126	2.29510797	
45.21404	0.287979327	0.27925268	2.31256126	2.29510797	
45.22406	0.287979327	0.27925268	2.31256126	2.29510797	
45.23424	0.287979327	0.27925268	2.31256126	2.29510797	
45.24439	0.287979327	0.270526034	2.31256126	2.29510797	
45.25458	0.287979327	0.270526034	2.31256126	2.28638132	
45.26479	0.287979327	0.270526034	2.31256126	2.28638132	
45.27487	0.287979327	0.270526034	2.31256126	2.29510797	
45.28502	0.287979327	0.270526034	2.31256126	2.29510797	
45.29526	0.287979327	0.270526034	2.31256126	2.29510797	
45.30535	0.287979327	0.270526034	2.31256126	2.29510797	
45.31553	0.287979327	0.270526034	2.31256126	2.29510797	
45.32557	0.287979327	0.270526034	2.31256126	2.29510797	
45.33577	0.287979327	0.270526034	2.31256126	2.29510797	
45.34632	0.287979327	0.270526034	2.31256126	2.29510797	
45.35609	0.287979327	0.270526034	2.31256126	2.29510797	
45.36624	0.287979327	0.270526034	2.31256126	2.29510797	
45.37636	0.287979327	0.270526034	2.31256126	2.29510797	
45.38651	0.287979327	0.270526034	2.31256126	2.29510797	
45.39666	0.287979327	0.270526034	2.31256126	2.29510797	
45.40681	0.287979327	0.270526034	2.31256126	2.29510797	
45.41694	0.287979327	0.270526034	2.31256126	2.29510797	
45.42708	0.287979327	0.270526034	2.31256126	2.29510797	
45.43728	0.287979327	0.270526034	2.31256126	2.29510797	
45.44793	0.287979327	0.270526034	2.31256126	2.29510797	
45.45755	0.287979327	0.270526034	2.31256126	2.29510797	
45.46775	0.287979327	0.270526034	2.31256126	2.29510797	
45.48866	0.287979327	0.270526034	2.31256126	2.29510797	
45.49317	0.287979327	0.270526034	2.31256126	2.29510797	
45.50329	0.287979327	0.270526034	2.31256126	2.29510797	
45.51352	0.287979327	0.270526034	2.31256126	2.29510797	
45.52375	0.287979327	0.270526034	2.31256126	2.29510797	
45.53383	0.287979327	0.270526034	2.31256126	2.29510797	
45.54398	0.287979327	0.270526034	2.31256126	2.29510797	
45.55419	0.287979327	0.270526034	2.31256126	2.29510797	
45.56431	0.287979327	0.270526034	2.31256126	2.29510797	
45.57445	0.287979327	0.270526034	2.31256126	2.29510797	
45.58468	0.287979327	0.270526034	2.31256126	2.29510797	
45.59482	0.287979327	0.270526034	2.31256126	2.29510797	
45.60491	0.287979327	0.270526034	2.31256126	2.29510797	
45.61517	0.287979327	0.270526034	2.31256126	2.29510797	
45.62525	0.287979327	0.270526034	2.31256126	2.29510797	
45.63541	0.287979327	0.270526034	2.31256126	2.29510797	
45.64555	0.287979327	0.270526034	2.31256126	2.29510797	
45.65563	0.287979327	0.270526034	2.31256126	2.29510797	
