126.1598	-5.71046366	-5.68977336	-3.68588173	-3.67391808	
126.1699	-5.70874667	-5.68977336	-3.68416474	-3.67391808	
126.18	-5.70641549	-5.68977336	-3.68183356	-3.67391808	
126.1902	-5.70344373	-5.68977336	-3.6788618	-3.67391808	
126.2007	-5.69972159	-5.68977336	-3.67513966	-3.66519143	
126.2105	-5.69565218	-5.68977336	-3.67107025	-3.66519143	
126.2207	-5.69084437	-5.68977336	-3.66626243	-3.65646478	
126.2308	-5.68539918	-5.68977336	-3.66081724	-3.64773814	
126.2409	-5.67937159	-5.68977336	-3.65478966	-3.64773814	
126.2512	-5.67264963	-5.68104672	-3.6480677	-3.64773814	
126.2613	-5.66537229	-5.67232007	-3.64079035	-3.64773814	
126.2714	-5.65748421	-5.66359342	-3.63290228	-3.64773814	
126.2817	-5.64883642	-5.65486678	-3.62425449	-3.64773814	
126.2917	-5.63983738	-5.65486678	-3.61525545	-3.63901149	
126.3019	-5.62999153	-5.65486678	-3.6054096	-3.63028484	
126.312	-5.61964806	-5.65486678	-3.59506613	-3.61283155	
126.3222	-5.60862504	-5.64614013	-3.58404311	-3.59537826	
126.3324	-5.59702842	-5.63741348	-3.57244649	-3.58665161	
126.3425	-5.58479381	-5.61996019	-3.56021188	-3.56919832	
126.3527	-5.57191946	-5.61123355	-3.54733753	-3.56047167	
126.3628	-5.55845778	-5.6025069	-3.53387585	-3.55174503	
126.3729	-5.54438782	-5.58505361	-3.51980589	-3.53429174	
126.3831	-5.52969372	-5.57632696	-3.50511179	-3.52556509	
126.3933	-5.51430892	-5.55887367	-3.48972699	-3.49938515	
126.4034	-5.49833971	-5.54142038	-3.47375778	-3.4906585	
126.4136	-5.48172653	-5.52396708	-3.45714459	-3.47320521	
126.4237	-5.4646167	-5.50651379	-3.44003476	-3.45575192	
126.4339	-5.44668531	-5.4890605	-3.42210338	-3.43829863	
126.444	-5.42836543	-5.48033385	-3.4037835	-3.42957198	
126.4542	-5.40933565	-5.46288056	-3.38475372	-3.41211869	
126.4644	-5.3896213	-5.44542727	-3.36503937	-3.3946654	
126.4745	-5.36940226	-5.42797397	-3.34482033	-3.38593875	
126.4846	-5.34853828	-5.41052068	-3.32395635	-3.35975881	
126.4948	-5.32694278	-5.38434074	-3.30236085	-3.34230552	
126.5049	-5.30485162	-5.36688745	-3.28026969	-3.31612558	
126.5151	-5.28198576	-5.34070751	-3.25740383	-3.28994564	
126.5252	-5.25873251	-5.31452757	-3.23415058	-3.2637657	
126.5354	-5.23479335	-5.28834763	-3.21021142	-3.23758576	
126.5456	-5.21013513	-5.25344105	-3.1855532	-3.21140582	
126.5557	-5.18495128	-5.23598776	-3.16036935	-3.18522588	
126.5658	-5.15916946	-5.20108117	-3.13458753	-3.15904595	
126.576	-5.13267495	-5.18362788	-3.10809302	-3.14159265	
126.5862	-5.10547494	-5.14872129	-3.08089301	-3.10668607	
126.5963	-5.07790496	-5.12254135	-3.05332303	-3.08050613	
126.6064	-5.04970204	-5.09636142	-3.02512011	-3.05432619	
126.6166	-5.02065313	-5.06145483	-2.9960712	-3.01941961	
126.6267	-4.99111007	-5.02654825	-2.96652814	-2.99323967	
126.6369	-4.96103476	-4.99164166	-2.93645283	-2.95833308	
126.647	-4.93026987	-4.96546172	-2.90568794	-2.93215314	
126.658	-4.89626676	-4.93928178	-2.87168483	-2.89724656	
126.6675	-4.86630643	-4.9043752	-2.8417245	-2.86233997	
126.6775	-4.83393282	-4.86946861	-2.80935089	-2.82743339	
126.6877	-4.80070522	-4.83456203	-2.77612328	-2.7925268	
126.6979	-4.7667337	-4.79965544	-2.74215177	-2.75762022	
126.7082	-4.73168323	-4.76474886	-2.7071013	-2.72271363	
126.7181	-4.69720264	-4.72984227	-2.67262071	-2.68780705	
126.7283	-4.6615446	-4.69493569	-2.63696267	-2.65290046	
126.7384	-4.62520475	-4.6600291	-2.60062282	-2.61799388	
126.7485	-4.58839633	-4.62512252	-2.5638144	-2.58308729	
126.767	-4.51861161	-4.55530935	-2.49402967	-2.50454748	
126.7716	-4.5012922	-4.53785606	-2.47671027	-2.48709418	
126.7817	-4.46231789	-4.50294947	-2.43773596	-2.44346095	
126.7919	-4.42281365	-4.45931624	-2.39823172	-2.40855437	
126.8021	-4.38226455	-4.41568301	-2.35768261	-2.36492114	
126.8122	-4.34161832	-4.37204978	-2.31703639	-2.32128791	
126.8223	-4.30023036	-4.32841654	-2.27564842	-2.28638132	
126.8325	-4.25798058	-4.28478331	-2.23339865	-2.24274809	
126.8427	-4.21530968	-4.24115008	-2.19072775	-2.19911486	
126.8528	-4.17225236	-4.19751685	-2.14767043	-2.15548163	
126.863	-4.12809354	-4.15388362	-2.1035116	-2.11184839	
126.8731	-4.08351635	-4.11897703	-2.05893442	-2.05948852	
126.8834	-4.03797055	-4.0753438	-2.01338862	-2.02458193	
126.8934	-3.99248691	-4.02298393	-1.96790498	-1.97222205	
126.9036	-3.94619279	-3.97062405	-1.92161085	-1.92858882	
126.9138	-3.89869757	-3.92699082	-1.87411563	-1.88495559	
126.9238	-3.85160085	-3.87463094	-1.82701892	-1.83259571	
126.9341	-3.803052	-3.83099771	-1.77847006	-1.78023584	
126.9442	-3.7542899	-3.77863783	-1.72970797	-1.73660261	
126.9543	-3.704694	-3.7350046	-1.68011207	-1.68424273	
126.9645	-3.65461834	-3.68264472	-1.63003641	-1.6406095	
126.9746	-3.6039357	-3.63028484	-1.57935377	-1.58824962	
126.9849	-3.55203858	-3.56919832	-1.52745665	-1.53588974	
126.9949	-3.50052152	-3.51683844	-1.47593959	-1.48352986	
127.0051	-3.44808071	-3.46447857	-1.42349878	-1.43116999	
127.0153	-3.39465185	-3.41211869	-1.37006991	-1.38753676	
127.0254	-3.34099351	-3.35975881	-1.31641158	-1.32645023	
127.0359	-3.28435732	-3.30739893	-1.25977539	-1.27409035	
127.046	-3.22960397	-3.24631241	-1.20502204	-1.22173048	
127.0562	-3.17391066	-3.19395253	-1.14932872	-1.16064395	
127.0663	-3.11773467	-3.14159265	-1.09315274	-1.10828408	
127.0764	-3.0608638	-3.08050613	-1.03628186	-1.04719755	
127.0866	-3.00341069	-3.01941961	-0.978828758	-0.986111027	
127.0967	-2.94519014	-2.95833308	-0.920608209	-0.93375115	
127.1069	-2.88657391	-2.89724656	-0.861991982	-0.872664626	
127.117	-2.82722421	-2.83616003	-0.802642277	-0.811578102	
127.1272	-2.76710734	-2.77507351	-0.742525412	-0.750491578	
127.1374	-2.7055938	-2.71398699	-0.681011865	-0.689405055	
127.1475	-2.6468237	-2.65290046	-0.622241769	-0.628318531	
127.1576	-2.58807726	-2.59181394	-0.563495324	-0.567232007	
127.1678	-2.52946835	-2.53072742	-0.504886419	-0.506145483	
127.178	-2.47172672	-2.47836754	-0.447144792	-0.436332313	
127.1881	-2.41503759	-2.40855437	-0.390455659	-0.375245789	
127.1982	-2.35889996	-2.34746784	-0.334318029	-0.314159265	
127.2084	-2.30262329	-2.28638132	-0.27804136	-0.261799388	
127.2185	-2.24777182	-2.23402144	-0.223189891	-0.200712864	
127.2287	-2.19293317	-2.17293492	-0.168351234	-0.148352986	
127.2389	-2.13906273	-2.11184839	-0.114480797	-0.0872664626	
127.249	-2.08577096	-2.05948852	-0.0611890278	-0.034906585	
127.2594	-2.03160358	-1.99840199	-0.00702164395	0.0261799388	
127.2696	-1.97965996	-1.94604212	0.0449219708	0.0785398163	
127.2797	-1.9280887	-1.89368224	0.0964932368	0.13962634	
127.29	-1.87671562	-1.84132236	0.147866308	0.183259571	
127.3	-1.82679164	-1.78896248	0.197790293	0.235619449	
127.3102	-1.77706001	-1.73660261	0.247521924	0.27925268	
127.3204	-1.72771131	-1.68424273	0.296870623	0.340339204	
127.3305	-1.67931633	-1.6406095	0.3452656	0.383972435	
127.3407	-1.63146841	-1.58824962	0.393113526	0.445058959	
127.3508	-1.58416948	-1.54461639	0.44041245	0.488692191	
127.361	-1.537417	-1.50098316	0.487164932	0.541052068	
127.3711	-1.49128873	-1.44862328	0.533293202	0.575958653	
127.3813	-1.44587156	-1.40499005	0.578710376	0.619591884	
127.3915	-1.40086648	-1.36135682	0.623715452	0.663225116	
127.4016	-1.35653315	-1.32645023	0.668048787	0.706858347	
127.4118	-1.31294446	-1.282817	0.711637469	0.750491578	
127.4219	-1.26989085	-1.23918377	0.754691087	0.79412481	
127.432	-1.22757139	-1.19555054	0.797010544	0.837758041	
127.4422	-1.18543157	-1.15191731	0.839150363	0.872664626	
127.4524	-1.14397849	-1.11701072	0.880603439	0.916297857	
127.4625	-1.10366656	-1.07337749	0.920915372	0.959931089	
127.4727	-1.06359218	-1.02974426	0.960989748	0.994837674	
127.4929	-0.98685308	-0.959931089	1.03772885	1.07337749	
127.4975	-0.96937088	-0.942477796	1.05521105	1.08210414	
127.5076	-0.931343251	-0.907571211	1.09323868	1.12573737	
127.5177	-0.894140673	-0.872664626	1.13044126	1.16064395	
127.5279	-0.857394905	-0.837758041	1.16718703	1.20427718	
127.5381	-0.821098657	-0.802851456	1.20348328	1.23918377	
127.5482	-0.785679365	-0.767944871	1.23890257	1.282817	
127.5584	-0.750545137	-0.733038286	1.2740368	1.31772359	
127.5686	-0.716048292	-0.698131701	1.30853364	1.34390352	
127.5787	-0.682429605	-0.663225116	1.34215233	1.37881011	
127.5967	-0.624835644	-0.602138592	1.39974629	1.43116999	
127.6011	-0.610410557	-0.593411946	1.41417138	1.43989663	
127.6114	-0.5781551	-0.558505361	1.44642683	1.46607657	
127.6217	-0.546541377	-0.523598776	1.47804056	1.50098316	
127.6316	-0.516508348	-0.497418837	1.50807358	1.53588974	
127.6418	-0.486359212	-0.462512252	1.53822272	1.57079633	
127.6519	-0.457008381	-0.436332313	1.56757355	1.60570291	
127.6703	-0.405911278	-0.383972435	1.61867065	1.65806279	
127.6749	-0.393249694	-0.375245789	1.63133224	1.67551608	
127.6851	-0.365636348	-0.34906585	1.65894558	1.70169602	
127.6952	-0.33874444	-0.322885912	1.68583749	1.71914931	
127.7053	-0.312484586	-0.287979327	1.71209735	1.73660261	
127.7156	-0.286497981	-0.261799388	1.73808395	1.7540559	
127.7257	-0.261375542	-0.244346095	1.76320639	1.78023584	
127.7358	-0.236840761	-0.218166156	1.78774117	1.80641578	
127.7461	-0.212692706	-0.191986218	1.81188923	1.83259571	
127.7565	-0.188642829	-0.174532925	1.8359391	1.85004901	
127.7663	-0.166644403	-0.148352986	1.85793753	1.88495559	
127.7764	-0.144399384	-0.122173048	1.88018255	1.90240888	
127.7866	-0.122833469	-0.104719755	1.90174846	1.91986218	
127.797	-0.101157654	-0.0785398163	1.92342428	1.94604212	
127.8072	-0.0807149582	-0.0610865238	1.94386697	1.96349541	
127.8174	-0.060746326	-0.0436332313	1.96383561	1.9809487	
127.8275	-0.0414620323	-0.0261799388	1.9831199	1.98967535	
127.838	-0.0222167996	-0.00872664626	2.00236513	2.00712864	
127.8477	-0.00476785236	0	2.01981408	2.02458193	
127.858	0.0129715378	0.0174532925	2.03755347	2.04203522	
127.8681	0.0298347557	0.034906585	2.05441669	2.05948852	
127.8782	0.0461565611	0.0523598776	2.07073849	2.07694181	
127.8884	0.0620428588	0.0698131701	2.08662479	2.0943951	
127.8985	0.0772572837	0.0872664626	2.10183922	2.11184839	
127.9087	0.0920044634	0.104719755	2.1165864	2.12930169	
127.9189	0.106093466	0.113446401	2.1306754	2.12930169	
127.929	0.119555409	0.122173048	2.14413734	2.14675498	
127.9391	0.13254954	0.130899694	2.15713147	2.15548163	
127.9493	0.144955861	0.13962634	2.16953779	2.16420827	
127.9595	0.15683293	0.157079633	2.18141486	2.17293492	
127.9696	0.168106318	0.165806279	2.19268825	2.19038821	
127.9798	0.178880781	0.174532925	2.20346271	2.19911486	
127.9899	0.189033943	0.183259571	2.21361588	2.2078415	
128.0001	0.198658906	0.191986218	2.22324084	2.21656815	
128.0103	0.207754697	0.200712864	2.23233663	2.23402144	
128.0204	0.216294394	0.20943951	2.24087633	2.23402144	
128.0306	0.224285987	0.218166156	2.24886792	2.24274809	
128.0408	0.231763052	0.226892803	2.25634498	2.25147474	
128.0508	0.23864731	0.235619449	2.26322924	2.26020138	
128.061	0.245047861	0.244346095	2.26962979	2.26892803	
128.0711	0.250959876	0.244346095	2.27554181	2.26892803	
128.0813	0.256361347	0.244346095	2.28094328	2.26892803	
128.0916	0.261278478	0.244346095	2.28586041	2.26892803	
128.1018	0.265704862	0.244346095	2.29028679	2.27765467	
128.112	0.269622262	0.253072742	2.29420419	2.28638132	
128.1224	0.273132829	0.261799388	2.29771476	2.28638132	
128.1323	0.276069388	0.261799388	2.30065132	2.28638132	
128.1424	0.278643026	0.261799388	2.30322496	2.28638132	
128.1526	0.280812731	0.261799388	2.30539466	2.29510797	
128.1637	0.282705333	0.261799388	2.30728727	2.29510797	
128.1729	0.287979327	0.270526034	2.31256126	2.29510797	
128.1831	0.287979327	0.270526034	2.31256126	2.29510797	
128.1933	0.287979327	0.27925268	2.31256126	2.29510797	
128.2034	0.287979327	0.27925268	2.31256126	2.29510797	
128.2136	0.287979327	0.27925268	2.31256126	2.29510797	
128.2237	0.287979327	0.27925268	2.31256126	2.29510797	
128.2339	0.287979327	0.270526034	2.31256126	2.29510797	
128.244	0.287979327	0.270526034	2.31256126	2.29510797	
128.2541	0.287979327	0.270526034	2.31256126	2.29510797	
128.2643	0.287979327	0.270526034	2.31256126	2.29510797	
128.2745	0.287979327	0.270526034	2.31256126	2.29510797	
128.2847	0.287979327	0.270526034	2.31256126	2.29510797	
128.2948	0.287979327	0.270526034	2.31256126	2.29510797	
128.3049	0.287979327	0.270526034	2.31256126	2.29510797	
128.3151	0.287979327	0.270526034	2.31256126	2.29510797	
128.3252	0.287979327	0.270526034	2.31256126	2.29510797	
128.3353	0.287979327	0.270526034	2.31256126	2.29510797	
128.3455	0.287979327	0.270526034	2.31256126	2.29510797	
128.3556	0.287979327	0.270526034	2.31256126	2.29510797	
128.3658	0.287979327	0.270526034	2.31256126	2.29510797	
128.376	0.287979327	0.270526034	2.31256126	2.29510797	
128.3864	0.287979327	0.270526034	2.31256126	2.29510797	
128.3963	0.287979327	0.270526034	2.31256126	2.29510797	
128.4064	0.287979327	0.270526034	2.31256126	2.29510797	
128.4166	0.287979327	0.270526034	2.31256126	2.29510797	
128.4267	0.287979327	0.270526034	2.31256126	2.29510797	
128.4368	0.287979327	0.270526034	2.31256126	2.29510797	
128.447	0.287979327	0.270526034	2.31256126	2.29510797	
128.4571	0.287979327	0.270526034	2.31256126	2.29510797	
128.4674	0.287979327	0.270526034	2.31256126	2.29510797	
128.4774	0.287979327	0.270526034	2.31256126	2.29510797	
128.4879	0.287979327	0.270526034	2.31256126	2.29510797	
128.4977	0.287979327	0.270526034	2.31256126	2.29510797	
128.5079	0.287979327	0.270526034	2.31256126	2.29510797	
128.518	0.287979327	0.270526034	2.31256126	2.29510797	
128.5281	0.287979327	0.270526034	2.31256126	2.29510797	
128.5383	0.287979327	0.270526034	2.31256126	2.29510797	
128.5484	0.287979327	0.270526034	2.31256126	2.29510797	
128.5586	0.287979327	0.270526034	2.31256126	2.29510797	
128.5692	0.287979327	0.270526034	2.31256126	2.29510797	
128.5794	0.287979327	0.270526034	2.31256126	2.29510797	
128.5895	0.287979327	0.270526034	2.31256126	2.29510797	
128.6001	0.287979327	0.270526034	2.31256126	2.29510797	
128.6099	0.287979327	0.270526034	2.31256126	2.29510797	
128.62	0.287979327	0.270526034	2.31256126	2.29510797	
128.6301	0.287979327	0.270526034	2.31256126	2.29510797	
128.6403	0.287979327	0.270526034	2.31256126	2.29510797	
128.6505	0.287979327	0.270526034	2.31256126	2.29510797	
128.6606	0.287979327	0.270526034	2.31256126	2.29510797	
