22.02366	18.4076032	18.3957703	18.782849	18.8059227	
22.02829	18.4084562	18.3870437	18.783702	18.8059227	
22.03843	18.4113682	18.378317	18.786614	18.8059227	
22.04851	18.4150783	18.378317	18.7903241	18.8059227	
22.05873	18.4196782	18.378317	18.794924	18.8059227	
22.06909	18.42521	18.3695904	18.8004558	18.8059227	
22.07915	18.4313751	18.3695904	18.8066209	18.8059227	
22.08927	18.438392	18.378317	18.8136378	18.8059227	
22.09941	18.4462582	18.378317	18.8215039	18.8146493	
22.10947	18.4548589	18.378317	18.8301047	18.8146493	
22.11997	18.4647442	18.3870437	18.83999	18.8146493	
22.12977	18.4746973	18.3957703	18.8499431	18.823376	
22.13992	18.48586	18.3957703	18.8611058	18.8321026	
22.15006	18.4978346	18.404497	18.8730804	18.8321026	
22.16026	18.510714	18.4132236	18.8859598	18.8408293	
22.1704	18.5243324	18.4306769	18.8995782	18.8495559	
22.18056	18.5388134	18.4394035	18.9140592	18.8495559	
22.19073	18.5541227	18.4481302	18.9293685	18.8670092	
22.20126	18.5708722	18.4655835	18.946118	18.8757359	
22.2115	18.5880077	18.4830368	18.9632535	18.8844625	
22.22158	18.6056642	18.4917634	18.98091	18.8844625	
22.23172	18.6242561	18.5004901	18.9995019	18.8844625	
22.24192	18.6437967	18.5004901	19.0190425	18.8844625	
22.25208	18.6640871	18.5092167	19.0393329	18.8844625	
22.2623	18.6853379	18.5092167	19.0605837	18.8844625	
22.27245	18.7072513	18.5092167	19.0824971	18.8844625	
22.28259	18.7299601	18.5092167	19.1052059	18.8844625	
22.29277	18.7536128	18.5092167	19.1288586	18.8844625	
22.3029	18.777959	18.5092167	19.1532048	18.8844625	
22.31303	18.8031055	18.5092167	19.1783512	18.8844625	
22.32324	18.8293082	18.5092167	19.204554	18.8844625	
22.3334	18.8562094	18.5179434	19.2314552	18.8931892	
22.34353	18.8838398	18.5179434	19.2590856	18.9019158	
22.35365	18.9122762	18.5179434	19.2875219	18.9019158	
22.36388	18.9418637	18.5179434	19.3171095	18.9106424	
22.37405	18.9720909	18.5353967	19.3473367	18.9193691	
22.39312	19.0323577	18.5528499	19.4076035	18.9542757	
22.39773	19.0468124	18.5615766	19.4220582	18.9630023	
22.40791	19.0798431	18.5790299	19.4550889	18.9804556	
22.41869	19.1158003	18.5964832	19.4910461	19.0066356	
22.4282	19.1481357	18.6226631	19.5233815	19.0240888	
22.43839	19.1836603	18.6401164	19.5589061	19.0502688	
22.44847	19.2196497	18.675023	19.5948955	19.0764487	
22.45861	19.2566381	18.7012029	19.6318839	19.1026287	
22.46882	19.2947336	18.7361095	19.6699793	19.1375352	
22.47932	19.3348053	18.7710161	19.7100511	19.1637152	
22.48933	19.3737653	18.8059227	19.7490111	19.1986218	
22.49933	19.4135097	18.8495559	19.7887555	19.2335284	
22.50975	19.4558221	18.8844625	19.8310679	19.2684349	
22.51963	19.4966559	18.9368224	19.8719017	19.3120682	
22.5297	19.5391367	18.9804556	19.9143825	19.3557014	
22.54012	19.5839684	19.0328155	19.9592142	19.4080613	
22.54996	19.6270343	19.093902	20.0022801	19.4604212	
22.56013	19.6724082	19.1462619	20.047654	19.512781	
22.57062	19.7201177	19.2073484	20.0953634	19.5738676	
22.58062	19.7663756	19.2684349	20.1416214	19.6349541	
22.59059	19.8132267	19.3382481	20.1884725	19.6960406	
22.60871	19.9017155	19.4604212	20.2769613	19.8182137	
22.6133	19.9239929	19.4866011	20.2992387	19.8443936	
22.6234	19.9741895	19.5564143	20.3494353	19.9229334	
22.64184	20.0691215	19.687314	20.4443673	20.0538331	
22.6465	20.0930067	19.7222205	20.4682525	20.080013	
22.65662	20.1459465	19.8007604	20.5211923	20.1585529	
22.66682	20.2002163	19.8705735	20.575462	20.228366	
22.67722	20.2563802	19.9491134	20.631626	20.3069058	
22.68716	20.3108053	20.0189265	20.6860511	20.3854457	
22.69731	20.3671787	20.0887397	20.7424245	20.4552588	
22.70748	20.4245537	20.1585529	20.7997995	20.5337986	
22.71758	20.48233	20.2370927	20.8575758	20.6123385	
22.72772	20.5412305	20.3069058	20.9164763	20.6908783	
22.73792	20.6011416	20.376719	20.9763874	20.7694181	
22.74811	20.6619492	20.4465322	21.037195	20.8392313	
22.75838	20.7240633	20.525072	21.099309	20.9177711	
22.7684	20.78544	20.5948852	21.1606858	20.9963109	
22.77864	20.8490502	20.6646983	21.224296	21.0661241	
22.78911	20.9150079	20.7345115	21.2902537	21.1446639	
22.79886	20.9770767	20.8043247	21.3523225	21.2232037	
22.80901	21.0425394	20.8741379	21.4177852	21.2930169	
22.81924	21.1094181	20.943951	21.4846639	21.36283	
22.82984	21.1795691	21.0137642	21.5548149	21.4413699	
22.83948	21.2440703	21.092304	21.619316	21.5199097	
22.84967	21.3131192	21.1621172	21.688365	21.5897228	
22.85978	21.3824681	21.2319304	21.7577138	21.6682627	
22.8699	21.4527267	21.3017435	21.8279725	21.7380758	
22.88042	21.5266139	21.3715567	21.9018597	21.8166156	
22.89049	21.5981545	21.4413699	21.9734003	21.8864288	
22.90038	21.6691992	21.511183	22.044445	21.956242	
22.91059	21.7433231	21.5809962	22.1185689	22.0260552	
22.92079	21.8182872	21.6508094	22.193533	22.0958683	
22.93083	21.8928086	21.7206225	22.2680544	22.1744081	
22.94135	21.9718451	21.7991624	22.3470909	22.252948	
22.95144	22.0484486	21.8689755	22.4236944	22.3227611	
22.96166	22.1268956	21.9387887	22.5021414	22.3925743	
22.97185	22.2059266	22.0086019	22.5811724	22.4711141	
22.98193	22.2849052	22.0871417	22.660151	22.5496539	
22.99214	22.3657255	22.1569549	22.7409713	22.6194671	
23.00235	22.4473632	22.2354947	22.822609	22.6980069	
23.01246	22.5290715	22.3053078	22.9043172	22.7678201	
23.0226	22.6117801	22.3838477	22.9870259	22.8463599	
23.03277	22.6956952	22.4623875	23.070941	22.9248997	
23.04295	22.7803888	22.5409273	23.1556346	23.0034395	
23.05312	22.8658851	22.6194671	23.2411309	23.0732527	
23.06329	22.9522006	22.6980069	23.3274464	23.1605192	
23.07343	23.0390395	22.7765467	23.4142853	23.239059	
23.08359	23.1268933	22.8638132	23.5021391	23.3175988	
23.09377	23.2158647	22.942353	23.5911105	23.3961386	
23.10394	23.305381	23.0208928	23.6806268	23.4746784	
23.11408	23.3955337	23.1081593	23.7707795	23.5619449	
23.12428	23.4871181	23.1954258	23.8623639	23.6404847	
23.13451	23.5797192	23.2826922	23.9549649	23.7277512	
23.14457	23.6716382	23.3786853	24.046884	23.8150176	
23.15475	23.765553	23.4746784	24.1407988	23.9022841	
23.16499	23.8607129	23.5619449	24.2359586	23.9982772	
23.17504	23.9550472	23.657938	24.330293	24.0855437	
23.18523	24.0513886	23.7539311	24.4266344	24.1815368	
23.19533	24.1477668	23.8499242	24.5230126	24.2688032	
23.20573	24.2479148	23.9459173	24.6231606	24.3647964	
23.2157	24.3447214	24.0419104	24.7199672	24.4607895	
23.22585	24.4439487	24.1466302	24.8191945	24.5567826	
23.23599	24.5440483	24.2426233	24.9192941	24.6527757	
23.24613	24.6449409	24.3473431	25.0201867	24.7487688	
23.25626	24.7464938	24.4520628	25.1217396	24.8534885	
23.26643	24.8496855	24.5567826	25.2249313	24.9582083	
23.27663	24.9533905	24.6615023	25.3286363	25.0542014	
23.28675	25.0573311	24.7662221	25.4325769	25.1589212	
23.29706	25.165507	24.8709418	25.5407528	25.2636409	
23.30708	25.2687257	24.9756616	25.6439715	25.3683607	
23.31729	25.3761523	25.089108	25.7513981	25.4818071	
23.32737	25.4828588	25.1938278	25.8581046	25.5865268	
23.33755	25.5917155	25.3072742	25.9669613	25.6999732	
23.3477	25.7009135	25.4119939	26.0761593	25.8134196	
23.35779	25.8102774	25.5167137	26.1855232	25.926866	
23.36834	25.9255379	25.6301601	26.3007837	26.0403124	
23.3785	26.0373904	25.7436065	26.4126362	26.1537588	
23.38895	26.1533997	25.8483262	26.5286455	26.2672052	
23.39881	26.2634731	25.9617726	26.6387189	26.3806516	
23.40892	26.3772341	26.0664924	26.7524799	26.494098	
23.41934	26.4953418	26.1799388	26.8705876	26.6075444	
23.42939	26.6099674	26.2933852	26.9852132	26.7297175	
23.43943	26.7254579	26.4068316	27.1007037	26.8431639	
23.44971	26.8444934	26.520278	27.2197392	26.9566103	
23.46011	26.9658359	26.6337244	27.3410817	27.0787833	
23.47032	27.0858964	26.7558974	27.4611422	27.1922297	
23.4801	27.2012521	26.8780705	27.5764979	27.3144028	
23.4904	27.3239213	26.9915169	27.6991671	27.4365758	
23.50035	27.4431667	27.1136899	27.8184125	27.5587489	
23.51058	27.5658907	27.235863	27.9411365	27.6809219	
23.52867	27.7829467	27.4627558	28.1581925	27.8990881	
23.53332	27.8387107	27.5151157	28.2139565	27.9601746	
23.54374	27.9637867	27.6460154	28.3390325	28.0823477	
23.55354	28.0813387	27.7681884	28.4565845	28.2045207	
23.56372	28.2035227	27.8903614	28.5787685	28.3354204	
23.57418	28.3278425	28.0299878	28.7030883	28.4663201	
23.584	28.44355	28.1521608	28.8187958	28.5884931	
23.59421	28.5632135	28.2830605	28.9384593	28.7281195	
23.60465	28.6847639	28.4139602	29.0600097	28.8590192	
23.61455	28.7990441	28.5361333	29.1742899	28.9811922	
23.62498	28.9188021	28.667033	29.2940479	29.1120919	
23.63513	29.0343583	28.7979327	29.4096041	29.2429916	
23.64511	29.1472496	28.9201057	29.5224954	29.3738913	
23.65517	29.2602494	29.0510054	29.6354951	29.4960644	
23.66557	29.3762604	29.1731784	29.7515062	29.6182374	
23.67551	29.4862873	29.3040781	29.8615331	29.7491371	
23.68564	29.5975187	29.4262512	29.9727645	29.8713101	
23.69605	29.7110854	29.5484242	30.0863312	29.9934832	
23.70596	29.8184699	29.6705973	30.1937157	30.1156562	
23.71608	29.9272417	29.7927703	30.3024875	30.2378293	
23.72656	30.0390584	29.9149434	30.4143042	30.3600023	
23.7364	30.1431589	30.0371164	30.5184047	30.4734487	
23.74656	30.2498991	30.1592895	30.6251448	30.5956218	
23.75707	30.3594759	30.2727359	30.7347216	30.7003415	
23.76687	30.4607747	30.3861823	30.8360205	30.8225146	
23.777	30.5647728	30.5083553	30.9400186	30.9272343	
23.78749	30.6715268	30.6218017	31.0467726	31.0319541	
23.79737	30.7713606	30.7352481	31.1466064	31.1454005	
23.80744	30.8723411	30.8399679	31.2475869	31.2501203	
23.81794	30.9767573	30.9534143	31.3520031	31.3635667	
23.82776	31.0735494	31.058134	31.4487952	31.4682864	
23.83793	31.172979	31.1715804	31.5482248	31.5642795	
23.84835	31.2740401	31.2763002	31.6492859	31.6689993	
23.85819	31.3686934	31.38102	31.7439391	31.7649924	
23.86832	31.4653587	31.4770131	31.8406044	31.8697121	
23.87883	31.5647568	31.5817328	31.9400026	31.9569786	
23.88862	31.6565039	31.6777259	32.0317497	32.0529717	
23.89876	31.7507706	31.7649924	32.1260163	32.1489648	
23.90935	31.8484322	31.8609855	32.2236779	32.2362313	
23.91905	31.936974	31.9569786	32.3122198	32.3234977	
23.9459	32.1749546	32.0442451	32.5502004	32.4194909	
23.95072	32.2178362	32.218778	32.593082	32.6027504	
23.96873	32.3748065	32.3758576	32.7500523	32.7598301	
23.97338	32.4153094	32.4194909	32.7905552	32.7947366	
23.98347	32.5024139	32.4980307	32.8776597	32.8820031	
23.9936	32.5890072	32.5852971	32.964253	32.9692696	
24.00381	32.6753898	32.663837	33.0506356	33.056536	
24.01394	32.7603543	32.7423768	33.1356001	33.1438025	
24.02489	32.8512614	32.8209166	33.2265072	33.2223423	
24.03425	32.9282448	32.8994564	33.3034906	33.3008821	
24.04441	33.0109966	32.9779962	33.3862424	33.3794219	
24.05458	33.0930364	33.056536	33.4682822	33.4579618	
24.06476	33.1742904	33.1263492	33.5495362	33.5452282	
24.0749	33.2544543	33.1961624	33.6297	33.6150414	
24.08511	33.33433	33.2747022	33.7095758	33.6935812	
24.09518	33.4123005	33.353242	33.7875463	33.772121	
24.10535	33.4903011	33.4230552	33.8655469	33.8419342	
24.11553	33.5675144	33.4928683	33.9427602	33.920474	
24.12568	33.6436738	33.5714082	34.0189196	33.9990138	
24.13581	33.7188528	33.649948	34.0940986	34.068827	
24.14598	33.7935341	33.7197611	34.1687798	34.1473668	
24.15611	33.867193	33.7895743	34.2424388	34.2259066	
24.16627	33.9400981	33.8593875	34.3153439	34.2957198	
24.17641	34.0121639	33.9292007	34.3874097	34.3742596	
24.1866	34.0837367	33.9990138	34.4589825	34.4440728	
24.19675	34.1542121	34.068827	34.5294578	34.513886	
24.20687	34.2237011	34.1386402	34.5989469	34.5924258	
24.21704	34.2926902	34.2084533	34.667936	34.6622389	
24.22718	34.3606418	34.2782665	34.7358876	34.7320521	
24.23734	34.4279935	34.3480797	34.8032393	34.8018653	
24.24752	34.4946223	34.4091662	34.8698681	34.8716785	
24.25762	34.5599222	34.4789794	34.935168	34.932765	
24.26788	34.6254103	34.5400659	35.0006561	35.0025781	
24.27797	34.6890512	34.6098791	35.064297	35.0723913	
24.28809	34.7520385	34.6709656	35.1272843	35.1334778	
24.2985	34.8161919	34.7320521	35.1914377	35.203291	
24.3084	34.8760771	34.8018653	35.2513228	35.2643775	
24.31862	34.9372405	34.8629518	35.3124863	35.3254641	
24.3287	34.9967748	34.9240383	35.3720205	35.3952772	
24.33887	35.0560493	34.9763982	35.4312951	35.4476371	
24.34908	35.114738	35.0374847	35.4899838	35.5087236	
24.35947	35.1735855	35.0985713	35.5488313	35.5698102	
24.36941	35.2291279	35.1509311	35.6043737	35.62217	
24.37948	35.284582	35.2120177	35.6598278	35.6745299	
24.39834	35.3850754	35.3167374	35.7603212	35.7792497	
24.40294	35.4096736	35.3429174	35.7849194	35.796703	
24.41317	35.4633094	35.3952772	35.8385552	35.8490628	
24.42357	35.5170669	35.4476371	35.8923127	35.9014227	
24.43342	35.5671721	35.499997	35.9424179	35.9537826	
24.44361	35.6181649	35.5523569	35.9934107	35.9974158	
24.45409	35.6698152	35.6047167	36.045061	36.0497757	
24.46393	35.7175585	35.6570766	36.0928043	36.0934089	
24.47409	35.7660092	35.7094365	36.141255	36.1370422	
24.48446	35.8146578	35.7530697	36.1899035	36.189402	
24.49514	35.8639035	35.8054296	36.2391493	36.2330353	
24.50453	35.9064316	35.8490628	36.2816774	36.2766685	
24.51485	35.9523728	35.8926961	36.3276185	36.3203017	
24.52481	35.9959719	35.9363293	36.3712177	36.363935	
24.53496	36.0395786	35.9799625	36.4148244	36.4075682	
24.54528	36.0831367	36.0235958	36.4583825	36.4512014	
24.55524	36.1243559	36.067229	36.4996017	36.4948347	
24.56549	36.165995	36.1108622	36.5412408	36.5297412	
24.57572	36.2067004	36.1544955	36.5819462	36.5733745	
24.58572	36.2457455	36.1981287	36.6209913	36.6170077	
24.59589	36.2846376	36.2330353	36.6598834	36.6519143	
24.60624	36.3234136	36.2766685	36.6986594	36.6868209	
24.61623	36.3600635	36.3203017	36.7353093	36.7304541	
24.62635	36.3963929	36.3552083	36.7716386	36.7653607	
24.63659	36.4323924	36.3901149	36.8076381	36.8089939	
24.64673	36.4671921	36.4250215	36.8424379	36.8439005	
24.65694	36.5022543	36.4599281	36.8775001	36.8788071	
24.66708	36.5346893	36.4948347	36.9099351	36.9137137	
24.67725	36.5672164	36.5297412	36.9424622	36.9398936	
24.68732	36.5986604	36.5646478	36.9739062	36.9660736	
24.69751	36.6297009	36.5908278	37.0049467	37.0009801	
24.70764	36.6597392	36.6170077	37.0349849	37.0271601	
24.71775	36.6889763	36.6519143	37.0642221	37.05334	
24.72797	36.7177251	36.6780942	37.0929708	37.07952	
24.73812	36.7454693	36.7042742	37.1207151	37.1056999	
24.74821	36.7722846	36.7391808	37.1475304	37.1318798	
24.75844	36.7987085	36.756634	37.1739542	37.1580598	
24.76848	36.8238466	36.7915406	37.1990924	37.1755131	
24.77866	36.8485505	36.8089939	37.2237963	37.201693	
24.78889	36.8726081	36.8351739	37.2478539	37.2278729	
24.79901	36.8956336	36.8613538	37.2708794	37.2453262	
24.8093	36.918238	36.8788071	37.2934838	37.2627795	
24.81969	36.940262	36.8962604	37.3155078	37.2802328	
24.82985	36.9610283	36.9224403	37.3362741	37.3064128	
24.83981	36.9806582	36.9398936	37.3559039	37.3238661	
24.84982	36.9996169	36.9573469	37.3748627	37.3413193	
24.85997	37.0180933	36.9748002	37.3933391	37.350046	
24.8781	37.0481343	37.0009801	37.4233801	37.3849526	
24.88385	37.0576728	37.0009801	37.4329186	37.3849526	
24.89396	37.073567	37.0184334	37.4488128	37.4024059	
24.90438	37.0891419	37.0271601	37.4643877	37.4111325	
24.9145	37.103537	37.0358867	37.4787828	37.4198592	
24.92463	37.1172188	37.0446134	37.4924646	37.4285858	
24.93479	37.1301904	37.05334	37.5054362	37.4373125	
24.94493	37.142417	37.0620667	37.5176628	37.4373125	
24.95505	37.1539026	37.0707933	37.5291483	37.4460391	
24.96527	37.1647595	37.0707933	37.5400053	37.4547657	
24.9754	37.1748173	37.0707933	37.5500631	37.4547657	
24.98557	37.1842066	37.0707933	37.5594524	37.4547657	
24.99578	37.1929259	37.0707933	37.5681717	37.4547657	
25.00586	37.2008596	37.0707933	37.5761054	37.4634924	
25.01602	37.2081684	37.0707933	37.5834142	37.4634924	
25.02614	37.2147882	37.0707933	37.590034	37.4634924	
25.0364	37.2208314	37.0707933	37.5960772	37.4634924	
25.05447	37.2289874	37.0707933	37.6042332	37.4634924	
25.05905	37.231131	37.0707933	37.6063768	37.4634924	
25.06944	37.2352254	37.0707933	37.6104712	37.4634924	
25.07985	37.2387397	37.0707933	37.6139855	37.4634924	
25.08961	37.2415686	37.0707933	37.6168144	37.4634924	
25.09977	37.2440057	37.0707933	37.6192515	37.4634924	
25.10983	37.2459691	37.0707933	37.6212149	37.4547657	
25.11996	37.2516065	37.0707933	37.6268522	37.4547657	
25.13016	37.2516065	37.0707933	37.6268522	37.4547657	
25.14028	37.2516065	37.0707933	37.6268522	37.4547657	
25.15043	37.2516065	37.0707933	37.6268522	37.4547657	
25.16169	37.2516065	37.0707933	37.6268522	37.4547657	
25.17084	37.2516065	37.0707933	37.6268522	37.4547657	
25.18138	37.2516065	37.0707933	37.6268522	37.4547657	
25.19164	37.2516065	37.0707933	37.6268522	37.4547657	
25.20161	37.2516065	37.0707933	37.6268522	37.4547657	
25.2118	37.2516065	37.0707933	37.6268522	37.4547657	
25.22196	37.2516065	37.0707933	37.6268522	37.4547657	
25.23206	37.2516065	37.0707933	37.6268522	37.4547657	
25.24224	37.2516065	37.0707933	37.6268522	37.4547657	
25.25241	37.2516065	37.0707933	37.6268522	37.4547657	
25.26266	37.2516065	37.0707933	37.6268522	37.4547657	
25.27285	37.2516065	37.0707933	37.6268522	37.4547657	
25.28292	37.2516065	37.0707933	37.6268522	37.4547657	
25.29329	37.2516065	37.0707933	37.6268522	37.4547657	
25.30325	37.2516065	37.0707933	37.6268522	37.4547657	
25.31342	37.2516065	37.0707933	37.6268522	37.4547657	
25.32356	37.2516065	37.0707933	37.6268522	37.4547657	
25.334	37.2516065	37.0707933	37.6268522	37.4547657	
25.34391	37.2516065	37.0707933	37.6268522	37.4547657	
25.35402	37.2516065	37.0707933	37.6268522	37.4547657	
25.36438	37.2516065	37.0707933	37.6268522	37.4547657	
25.37442	37.2516065	37.0707933	37.6268522	37.4547657	
25.3845	37.2516065	37.0707933	37.6268522	37.4547657	
25.39485	37.2516065	37.0707933	37.6268522	37.4547657	
25.4049	37.2516065	37.0707933	37.6268522	37.4547657	
25.41503	37.2516065	37.0707933	37.6268522	37.4547657	
25.42523	37.2516065	37.0707933	37.6268522	37.4547657	
25.43536	37.2516065	37.0707933	37.6268522	37.4547657	
25.4455	37.2516065	37.0707933	37.6268522	37.4547657	
25.45566	37.2516065	37.0707933	37.6268522	37.4547657	
25.4658	37.2516065	37.0707933	37.6268522	37.4547657	
25.47598	37.2516065	37.0707933	37.6268522	37.4547657	
25.48614	37.2516065	37.0707933	37.6268522	37.4547657	
25.49723	37.2516065	37.0707933	37.6268522	37.4547657	
25.50645	37.2516065	37.0707933	37.6268522	37.4547657	
25.51657	37.2516065	37.0707933	37.6268522	37.4547657	
25.52679	37.2516065	37.0707933	37.6268522	37.4547657	
25.5369	37.2516065	37.0707933	37.6268522	37.4547657	
25.5472	37.2516065	37.0707933	37.6268522	37.4547657	
25.55725	37.2516065	37.0707933	37.6268522	37.4547657	
25.56733	37.2516065	37.0707933	37.6268522	37.4547657	
25.57749	37.2516065	37.0707933	37.6268522	37.4547657	
25.5877	37.2516065	37.0707933	37.6268522	37.4634924	
25.59775	37.2516065	37.0707933	37.6268522	37.4634924	
25.60814	37.2516065	37.0707933	37.6268522	37.4634924	
25.61809	37.2516065	37.0707933	37.6268522	37.4634924	
25.62823	37.2516065	37.0707933	37.6268522	37.4634924	
25.63835	37.2516065	37.0707933	37.6268522	37.4634924	
25.64859	37.2516065	37.0707933	37.6268522	37.4634924	
25.65864	37.2516065	37.0707933	37.6268522	37.4634924	
25.6688	37.2516065	37.07952	37.6268522	37.4634924	
25.67896	37.2516065	37.07952	37.6268522	37.4634924	
25.68907	37.2516065	37.07952	37.6268522	37.4634924	
25.70955	37.2516065	37.07952	37.6268522	37.4634924	
25.71415	37.2516065	37.07952	37.6268522	37.4634924	
25.73366	37.2516065	37.07952	37.6268522	37.472219	
25.73828	37.2516065	37.07952	37.6268522	37.472219	
25.74842	37.2516065	37.07952	37.6268522	37.472219	
25.75867	37.2516065	37.07952	37.6268522	37.4809457	
25.76873	37.2516065	37.07952	37.6268522	37.4896723	
25.77887	37.2516065	37.07952	37.6268522	37.4896723	
25.78905	37.2516065	37.07952	37.6268522	37.498399	
25.79925	37.2516065	37.07952	37.6268522	37.5071256	
25.80981	37.2516065	37.07952	37.6268522	37.5158523	
25.81961	37.2516065	37.07952	37.6268522	37.5245789	
25.82977	37.2516065	37.07952	37.6268522	37.5245789	
25.83989	37.2516065	37.07952	37.6268522	37.5420322	
25.85	37.2516065	37.07952	37.6268522	37.5507589	
25.86022	37.2516065	37.07952	37.6268522	37.5594855	
25.87034	37.2516065	37.07952	37.6268522	37.5594855	
25.88048	37.2516065	37.07952	37.6268522	37.5769388	
25.89074	37.2516065	37.07952	37.6268522	37.5856654	
25.90082	37.2516065	37.07952	37.6268522	37.5943921	
25.91164	37.2516065	37.07952	37.6268522	37.6118454	
25.92145	37.2516065	37.07952	37.6268522	37.620572	
25.93156	37.2516065	37.07952	37.6268522	37.6292987	
25.942	37.2516065	37.07952	37.6268522	37.6380253	
25.95186	37.2516065	37.07952	37.6268522	37.646752	
25.96199	37.2516065	37.07952	37.6268522	37.646752	
25.97237	37.2516065	37.07952	37.6268522	37.6554786	
25.98236	37.2516065	37.07952	37.6268522	37.6642053	
25.9925	37.2516065	37.07952	37.6268522	37.6642053	
26.00282	37.2516065	37.07952	37.6268522	37.6642053	
26.01279	37.2516065	37.07952	37.6268522	37.6642053	
26.02296	37.2516065	37.07952	37.6268522	37.6554786	
26.0332	37.2516065	37.07952	37.6268522	37.6554786	
26.0433	37.2516065	37.07952	37.6268522	37.646752	
26.0535	37.2516065	37.07952	37.6268522	37.646752	
26.0636	37.2516065	37.07952	37.6268522	37.6380253	
26.07387	37.2516065	37.07952	37.6268522	37.6380253	
26.08403	37.2516065	37.07952	37.6268522	37.6292987	
26.09422	37.2516065	37.07952	37.6268522	37.6292987	
26.10437	37.2516065	37.07952	37.6268522	37.6292987	
26.1145	37.2516065	37.07952	37.6268522	37.6292987	
26.12469	37.2516065	37.07952	37.6268522	37.6292987	
26.13489	37.2516065	37.07952	37.6268522	37.6292987	
26.14502	37.2516065	37.07952	37.6268522	37.6292987	
26.15516	37.2516065	37.07952	37.6268522	37.6292987	
26.1654	37.2516065	37.07952	37.6268522	37.6292987	
26.17545	37.2516065	37.07952	37.6268522	37.6292987	
26.18564	37.2516065	37.07952	37.6268522	37.6292987	
26.19585	37.2516065	37.07952	37.6268522	37.6292987	
26.20595	37.2516065	37.07952	37.6268522	37.6292987	
26.21643	37.2516065	37.07952	37.6268522	37.6292987	
26.22622	37.2516065	37.07952	37.6268522	37.6292987	
26.23651	37.2516065	37.07952	37.6268522	37.6292987	
26.247	37.2516065	37.07952	37.6268522	37.6292987	
26.25678	37.2516065	37.07952	37.6268522	37.6292987	
26.26692	37.2516065	37.07952	37.6268522	37.6292987	
26.27738	37.2516065	37.0882466	37.6268522	37.6292987	
26.28729	37.2516065	37.0882466	37.6268522	37.6292987	
26.29744	37.2516065	37.0882466	37.6268522	37.6292987	
26.30778	37.2516065	37.0882466	37.6268522	37.6292987	
26.31773	37.2516065	37.0882466	37.6268522	37.6292987	
26.32792	37.2516065	37.0882466	37.6268522	37.6292987	
26.33823	37.2516065	37.0882466	37.6268522	37.6292987	
26.34823	37.2516065	37.0882466	37.6268522	37.6292987	
26.35836	37.2516065	37.0882466	37.6268522	37.6292987	
26.36867	37.2516065	37.0969733	37.6268522	37.6292987	
26.37867	37.2516065	37.0969733	37.6268522	37.6292987	
26.38917	37.2516065	37.0969733	37.6268522	37.6292987	
26.39912	37.2516065	37.1056999	37.6268522	37.6292987	
26.4091	37.2516065	37.1056999	37.6268522	37.6292987	
26.42711	37.2516065	37.1056999	37.6268522	37.6292987	
26.44013	37.2516065	37.1144265	37.6268522	37.6292987	
26.44521	37.2516065	37.1231532	37.6268522	37.6292987	
26.45492	37.2516065	37.1231532	37.6268522	37.6292987	
26.46507	37.2516065	37.1318798	37.6268522	37.6292987	
26.47525	37.2516065	37.1406065	37.6268522	37.6292987	
26.48541	37.2516065	37.1406065	37.6268522	37.6292987	
26.49571	37.2516065	37.1493331	37.6268522	37.6292987	
26.50584	37.2516065	37.1493331	37.6268522	37.6292987	
26.516	37.2516065	37.1580598	37.6268522	37.6292987	
26.52613	37.2516065	37.1580598	37.6268522	37.6292987	
26.53625	37.2516065	37.1667864	37.6268522	37.6292987	
26.54681	37.2516065	37.1755131	37.6268522	37.6292987	
26.55659	37.2516065	37.1755131	37.6268522	37.6292987	
26.56686	37.2516065	37.1755131	37.6268522	37.6292987	
26.57694	37.2516065	37.1755131	37.6268522	37.6292987	
26.58725	37.2516065	37.1755131	37.6268522	37.6292987	
26.59734	37.2516065	37.1755131	37.6268522	37.6292987	
26.60739	37.2516065	37.1755131	37.6268522	37.6292987	
26.61758	37.2516065	37.1755131	37.6268522	37.6292987	
26.62768	37.2516065	37.1755131	37.6268522	37.6292987	
26.6382	37.2516065	37.1755131	37.6268522	37.6292987	
26.64803	37.2516065	37.1755131	37.6268522	37.6292987	
26.65817	37.2516065	37.1755131	37.6268522	37.6292987	
26.66833	37.2516065	37.1755131	37.6268522	37.6292987	
26.67851	37.2516065	37.1755131	37.6268522	37.6292987	
26.68863	37.2516065	37.1755131	37.6268522	37.6292987	
26.6988	37.2516065	37.1755131	37.6268522	37.6292987	
26.70897	37.2516065	37.1755131	37.6268522	37.6292987	
26.71908	37.2516065	37.1755131	37.6268522	37.6292987	
26.73718	37.2516065	37.1755131	37.6268522	37.6292987	
26.74177	37.2516065	37.1755131	37.6268522	37.6292987	
26.7519	37.2516065	37.1755131	37.6268522	37.6292987	
26.7621	37.2516065	37.1755131	37.6268522	37.6292987	
26.77226	37.2516065	37.1755131	37.6268522	37.6292987	
26.78241	37.2516065	37.1755131	37.6268522	37.6292987	
26.79255	37.2516065	37.1755131	37.6268522	37.6292987	
26.80273	37.2516065	37.1755131	37.6268522	37.6292987	
26.81289	37.2516065	37.1755131	37.6268522	37.6292987	
26.82305	37.2516065	37.1755131	37.6268522	37.6292987	
26.83322	37.2516065	37.1755131	37.6268522	37.6292987	
26.84336	37.2516065	37.1755131	37.6268522	37.6292987	
26.85358	37.2516065	37.1755131	37.6268522	37.6292987	
26.86368	37.2516065	37.1755131	37.6268522	37.6292987	
26.87382	37.2516065	37.1755131	37.6268522	37.6292987	
26.88404	37.2516065	37.1755131	37.6268522	37.6292987	
26.89418	37.2516065	37.1755131	37.6268522	37.6292987	
26.90431	37.2516065	37.1755131	37.6268522	37.6292987	
26.91481	37.2516065	37.1755131	37.6268522	37.6292987	
26.92465	37.2516065	37.1755131	37.6268522	37.6292987	
26.9427	37.2516065	37.1755131	37.6268522	37.6292987	
26.94728	37.2516065	37.1755131	37.6268522	37.6292987	
26.95744	37.2516065	37.1755131	37.6268522	37.6292987	
26.96761	37.2516065	37.1755131	37.6268522	37.6292987	
26.97776	37.2516065	37.1755131	37.6268522	37.6292987	
26.98794	37.2516065	37.1755131	37.6268522	37.6292987	
26.99809	37.2516065	37.1755131	37.6268522	37.6292987	
27.00843	37.2516065	37.1755131	37.6268522	37.6292987	
27.01831	37.2516065	37.1755131	37.6268522	37.6292987	
27.02851	37.2516065	37.1755131	37.6268522	37.6292987	
27.047	37.2516065	37.1755131	37.6268522	37.6292987	
27.05157	37.2516065	37.1755131	37.6268522	37.6292987	
27.06177	37.2516065	37.1755131	37.6268522	37.6292987	
27.07208	37.2516065	37.1755131	37.6268522	37.6292987	
27.08208	37.2516065	37.1755131	37.6268522	37.6292987	
27.09223	37.2516065	37.1755131	37.6268522	37.6292987	
27.10244	37.2516065	37.1755131	37.6268522	37.6292987	
27.11254	37.2516065	37.1755131	37.6268522	37.6292987	
27.12275	37.2516065	37.1755131	37.6268522	37.6292987	
27.13291	37.2516065	37.1755131	37.6268522	37.6292987	
27.14305	37.2516065	37.1755131	37.6268522	37.6292987	
27.15314	37.2516065	37.1755131	37.6268522	37.6292987	
27.16333	37.2516065	37.1755131	37.6268522	37.6292987	
27.17354	37.2516065	37.1755131	37.6268522	37.6292987	
27.18368	37.2516065	37.1755131	37.6268522	37.6292987	
27.19384	37.2516065	37.1755131	37.6268522	37.6292987	
27.20439	37.2516065	37.1755131	37.6268522	37.6292987	
27.2145	37.2516065	37.1755131	37.6268522	37.6292987	
27.22472	37.2516065	37.1755131	37.6268522	37.6292987	
27.23488	37.2516065	37.1755131	37.6268522	37.6292987	
27.24503	37.2516065	37.1755131	37.6268522	37.6292987	
27.25516	37.2516065	37.1755131	37.6268522	37.6292987	
27.26527	37.2516065	37.1755131	37.6268522	37.6292987	
27.27543	37.2516065	37.1755131	37.6268522	37.6292987	
27.28571	37.2516065	37.1755131	37.6268522	37.6292987	
27.29578	37.2516065	37.1755131	37.6268522	37.6292987	
27.30594	37.2516065	37.1755131	37.6268522	37.6292987	
27.31613	37.2516065	37.1755131	37.6268522	37.6292987	
27.32624	37.2516065	37.1755131	37.6268522	37.6292987	
27.33642	37.2516065	37.1755131	37.6268522	37.6292987	
27.34661	37.2516065	37.1755131	37.6268522	37.6292987	
27.35682	37.2516065	37.1755131	37.6268522	37.6292987	
27.36697	37.2516065	37.1755131	37.6268522	37.6292987	
27.37724	37.2516065	37.1755131	37.6268522	37.6292987	
27.38728	37.2516065	37.1755131	37.6268522	37.6292987	
27.39749	37.2516065	37.1755131	37.6268522	37.6292987	
27.40761	37.2516065	37.1755131	37.6268522	37.6292987	
27.4177	37.2516065	37.1755131	37.6268522	37.6292987	
27.42826	37.2516065	37.1755131	37.6268522	37.6292987	
27.43811	37.2516065	37.1755131	37.6268522	37.6292987	
27.44816	37.2516065	37.1755131	37.6268522	37.6292987	
27.4583	37.2516065	37.1755131	37.6268522	37.6292987	
27.46846	37.2516065	37.1842397	37.6268522	37.6292987	
27.47864	37.2516065	37.1842397	37.6268522	37.6292987	
27.48906	37.2516065	37.1929664	37.6268522	37.6292987	
27.49967	37.2516065	37.1929664	37.6268522	37.6292987	
27.50905	37.2516065	37.1929664	37.6268522	37.6292987	
27.52723	37.2516065	37.1929664	37.6268522	37.6292987	
27.53187	37.2516065	37.201693	37.6268522	37.6292987	
27.542	37.2516065	37.201693	37.6268522	37.6292987	
27.55214	37.2516065	37.201693	37.6268522	37.6292987	
27.56232	37.2516065	37.201693	37.6268522	37.6292987	
27.57245	37.2516065	37.201693	37.6268522	37.6292987	
27.58263	37.2516065	37.201693	37.6268522	37.6292987	
27.59282	37.2516065	37.201693	37.6268522	37.6292987	
27.60293	37.2516065	37.201693	37.6268522	37.6292987	
27.61344	37.2516065	37.201693	37.6268522	37.6292987	
27.62326	37.2516065	37.201693	37.6268522	37.6292987	
27.63335	37.2516065	37.201693	37.6268522	37.6292987	
27.6438	37.2516065	37.201693	37.6268522	37.6292987	
27.65375	37.2516065	37.201693	37.6268522	37.6292987	
27.66386	37.2516065	37.201693	37.6268522	37.6292987	
27.67434	37.2516065	37.201693	37.6268522	37.6292987	
27.68425	37.2516065	37.201693	37.6268522	37.6292987	
27.69437	37.2516065	37.201693	37.6268522	37.6292987	
27.71313	37.2516065	37.201693	37.6268522	37.6292987	
27.71776	37.2516065	37.201693	37.6268522	37.6292987	
27.72792	37.2516065	37.201693	37.6268522	37.6292987	
27.73839	37.2516065	37.201693	37.6268522	37.6292987	
27.74818	37.2516065	37.201693	37.6268522	37.6292987	
27.75832	37.2516065	37.201693	37.6268522	37.6292987	
27.76851	37.2516065	37.201693	37.6268522	37.6292987	
27.77862	37.2516065	37.201693	37.6268522	37.6292987	
27.78877	37.2516065	37.201693	37.6268522	37.6292987	
27.79902	37.2516065	37.201693	37.6268522	37.6292987	
27.8092	37.2516065	37.201693	37.6268522	37.6292987	
27.81933	37.2516065	37.201693	37.6268522	37.6292987	
27.82954	37.2516065	37.201693	37.6268522	37.6292987	
27.83959	37.2516065	37.201693	37.6268522	37.6292987	
27.85012	37.2516065	37.201693	37.6268522	37.6292987	
27.86001	37.2516065	37.201693	37.6268522	37.6292987	
27.87021	37.2516065	37.201693	37.6268522	37.6292987	
27.88019	37.2516065	37.201693	37.6268522	37.6292987	
27.89034	37.2516065	37.201693	37.6268522	37.6292987	
27.90051	37.2516065	37.201693	37.6268522	37.6292987	
27.91079	37.2516065	37.201693	37.6268522	37.6292987	
27.92089	37.2516065	37.201693	37.6268522	37.6292987	
27.93105	37.2516065	37.201693	37.6268522	37.6292987	
27.94122	37.2516065	37.201693	37.6268522	37.6292987	
27.95141	37.2516065	37.201693	37.6268522	37.6292987	
27.96157	37.2516065	37.201693	37.6268522	37.6292987	
27.9717	37.2516065	37.201693	37.6268522	37.6292987	
27.98191	37.2516065	37.201693	37.6268522	37.6292987	
27.99201	37.2516065	37.201693	37.6268522	37.6292987	
28.00219	37.2516065	37.201693	37.6268522	37.6292987	
28.01241	37.2516065	37.201693	37.6268522	37.6292987	
28.02253	37.2516065	37.201693	37.6268522	37.6292987	
28.03269	37.2516065	37.201693	37.6268522	37.6292987	
28.04287	37.2516065	37.201693	37.6268522	37.6292987	
28.05303	37.2516065	37.201693	37.6268522	37.6292987	
28.06318	37.2516065	37.201693	37.6268522	37.6292987	
28.07348	37.2516065	37.201693	37.6268522	37.6292987	
28.08355	37.2516065	37.201693	37.6268522	37.6292987	
28.09375	37.2516065	37.201693	37.6268522	37.6292987	
28.10385	37.2516065	37.201693	37.6268522	37.6292987	
28.114	37.2516065	37.201693	37.6268522	37.6292987	
28.12419	37.2516065	37.201693	37.6268522	37.6292987	
28.13433	37.2516065	37.201693	37.6268522	37.6292987	
28.14447	37.2516065	37.201693	37.6268522	37.6292987	
28.15458	37.2516065	37.2104197	37.6268522	37.6292987	
28.16481	37.2516065	37.2104197	37.6268522	37.6292987	
28.175	37.2516065	37.2104197	37.6268522	37.6292987	
28.18513	37.2516065	37.2191463	37.6268522	37.6292987	
28.19531	37.2516065	37.2278729	37.6268522	37.6292987	
28.20553	37.2516065	37.2365996	37.6268522	37.6292987	
28.21563	37.2516065	37.2453262	37.6268522	37.6292987	
28.22585	37.2503521	37.2540529	37.6255979	37.6292987	
28.23607	37.2482635	37.2627795	37.6235092	37.6292987	
28.24615	37.2453961	37.2715062	37.6206419	37.6292987	
28.2563	37.241685	37.2802328	37.6169308	37.6292987	
28.26643	37.2371576	37.2802328	37.6124034	37.6292987	
28.27664	37.2317519	37.2802328	37.6069977	37.6292987	
28.2869	37.2254836	37.2802328	37.6007294	37.6292987	
28.29694	37.2185512	37.2715062	37.593797	37.6292987	
28.30706	37.2107386	37.2715062	37.5859844	37.6292987	
28.31726	37.2020178	37.2627795	37.5772636	37.6292987	
28.32744	37.192505	37.2627795	37.5677508	37.6292987	
28.33754	37.1822521	37.2627795	37.5574979	37.6292987	
28.34774	37.1710547	37.2627795	37.5463005	37.6292987	
28.35798	37.1589727	37.2627795	37.5342185	37.6292987	
28.36801	37.1463447	37.2627795	37.5215905	37.6292987	
28.37819	37.1326841	37.2627795	37.5079299	37.6292987	
28.38833	37.1182785	37.2627795	37.4935243	37.6292987	
28.40738	37.0875775	37.2627795	37.4628233	37.6292987	
28.41201	37.0802225	37.2627795	37.4554683	37.6292987	
28.42213	37.0630923	37.2627795	37.4383381	37.6292987	
28.43228	37.0450971	37.2627795	37.4203429	37.6292987	
28.44247	37.0261856	37.2627795	37.4014314	37.6292987	
28.45262	37.0065399	37.2627795	37.3817857	37.6292987	
28.46283	36.9859317	37.2627795	37.3611775	37.620572	
28.47298	36.9646229	37.2627795	37.3398687	37.620572	
28.48313	36.9424991	37.2627795	37.3177449	37.620572	
28.49333	36.9194183	37.2627795	37.2946641	37.620572	
28.50411	36.8940702	37.2540529	37.269316	37.6118454	
28.51419	36.8695804	37.2540529	37.2448261	37.6031187	
28.52465	36.84326	37.2453262	37.2185058	37.5943921	
28.53452	36.8176953	37.2365996	37.1929411	37.5769388	
28.54465	36.7906343	37.2191463	37.1658801	37.5594855	
28.5551	36.7618117	37.201693	37.1370575	37.5507589	
28.56497	36.7338583	37.1755131	37.1091041	37.5245789	
28.57509	36.7043682	37.1580598	37.0796139	37.5071256	
28.58547	36.6731857	37.1318798	37.0484315	37.4896723	
28.5955	36.6423053	37.1056999	37.0175511	37.4547657	
28.60562	36.6103349	37.0707933	36.9855807	37.4285858	
28.61585	36.5771589	37.0358867	36.9524047	37.4024059	
28.62588	36.5438345	37.0009801	36.9190803	37.3674993	
28.63612	36.5089649	36.9573469	36.8842106	37.3325927	
28.64624	36.4736856	36.9137137	36.8489313	37.2976861	
28.65637	36.4375977	36.8788071	36.8128435	37.2540529	
28.6665	36.4006228	36.8264472	36.7758686	37.2104197	
28.67666	36.3617931	36.782814	36.7370389	37.1755131	
28.68693	36.3235771	36.7391808	36.6988229	37.1231532	
28.69699	36.2844641	36.6868209	36.6597099	37.0707933	
28.70712	36.2441785	36.634461	36.6194243	37.0184334	
28.71737	36.2026525	36.5821011	36.5778983	36.9660736	
28.7274	36.1611687	36.5384679	36.5364145	36.9137137	
28.73759	36.1182247	36.4773814	36.4934704	36.8613538	
28.74776	36.0745037	36.4250215	36.4497495	36.8002673	
28.75801	36.0296263	36.3726616	36.4048721	36.7479074	
28.76805	35.98483	36.3115751	36.3600758	36.6868209	
28.7782	35.9387418	36.2592152	36.3139875	36.634461	
28.78836	35.8917868	36.1981287	36.2670326	36.5733745	
28.79848	35.8441848	36.1457688	36.2194306	36.512288	
28.80862	35.7956702	36.0846823	36.170916	36.4512014	
28.81875	35.7463929	36.0235958	36.1216387	36.3901149	
28.82892	35.6960161	35.9712359	36.0712619	36.337755	
28.83911	35.6448202	35.918876	36.020066	36.2679419	
28.85713	35.5510207	35.8490628	35.9262665	36.2068553	
28.86189	35.5263412	35.7792497	35.901587	36.1283155	
28.87188	35.4735052	35.7181631	35.848751	36.067229	
28.882	35.4191572	35.6570766	35.794403	36.0061425	
28.89239	35.3624788	35.5959901	35.7377246	35.9450559	
28.90235	35.3073531	35.5349036	35.6825989	35.8752428	
28.91249	35.2503897	35.473817	35.6256355	35.8141563	
28.92289	35.1911186	35.4127305	35.5663644	35.7530697	
28.93279	35.1339686	35.351644	35.5092144	35.6919832	
28.943	35.0741165	35.2905575	35.4493623	35.62217	
28.95351	35.0115852	35.2381976	35.386831	35.5610835	
28.9633	34.9527052	35.1683844	35.327951	35.499997	
28.97354	34.8901855	35.1160246	35.2654313	35.4389105	
28.98392	34.8259306	35.0462114	35.2011764	35.3778239	
28.99373	34.7645312	34.9851249	35.139777	35.3080108	
29.0039	34.6999778	34.9240383	35.0752235	35.2469242	
29.0144	34.6324273	34.8629518	35.0076731	35.1858377	
29.02422	34.5685123	34.8018653	34.9437581	35.1160246	
29.03436	34.501726	34.7407788	34.8769718	35.0462114	
29.04479	34.4320723	34.6709656	34.8073181	34.9763982	
29.05477	34.3646634	34.6098791	34.7399092	34.906585	
29.06482	34.2959706	34.5487925	34.6712164	34.8367719	
29.07532	34.2232591	34.4789794	34.5985049	34.7669587	
29.08525	34.1538738	34.4091662	34.5291196	34.6971455	
29.09536	34.0822766	34.3480797	34.4575224	34.6273324	
29.10578	34.0076028	34.2782665	34.3828486	34.5575192	
29.11569	33.9359336	34.2084533	34.3111794	34.487706	
29.12589	33.8612256	34.1386402	34.2364714	34.4091662	
29.13626	33.78436	34.068827	34.1596057	34.339353	
29.14613	33.7105355	33.9990138	34.0857813	34.2608132	
29.15628	33.633758	33.9292007	34.0090038	34.191	
29.16678	33.5533816	33.8506608	33.9286274	34.1124602	
29.1766	33.4775174	33.772121	33.8527632	34.0339204	
29.18677	33.3980836	33.7023079	33.7733294	33.9553806	
29.19724	33.3154734	33.623768	33.6907192	33.8768408	
29.20722	33.2358096	33.5452282	33.6110554	33.798301	
29.21726	33.155061	33.4666884	33.5303068	33.7197611	
29.22767	33.0702377	33.3794219	33.4454835	33.6412213	
29.23761	32.9886656	33.3008821	33.3639114	33.5626815	
29.24765	32.9053371	33.2223423	33.2805829	33.4754151	
29.25853	32.8140809	33.1350758	33.1893266	33.3968752	
29.26811	32.73306	33.0478094	33.1083058	33.3096088	
29.27814	32.6474536	32.9605429	33.0226994	33.2223423	
29.2886	32.5571864	32.8820031	32.9324322	33.1350758	
29.29839	32.4720453	32.7947366	32.8472911	33.056536	
29.30866	32.3817669	32.7074702	32.7570127	32.9605429	
29.31903	32.2898345	32.6114771	32.6650803	32.8732765	
29.32884	32.2020669	32.5242106	32.5773127	32.7772834	
29.33898	32.1102275	32.4282175	32.4854733	32.6900169	
29.35729	31.9418964	32.340951	32.3171422	32.6027504	
29.36195	31.8991392	32.218778	32.274385	32.4805774	
29.37216	31.8042851	32.1315115	32.1795309	32.3933109	
29.38229	31.7093097	32.0267918	32.0845555	32.2973178	
29.39239	31.6137621	31.9395253	31.9890079	32.2013247	
29.40256	31.516876	31.8348056	31.8921218	32.1053316	
29.41272	31.4190374	31.7475391	31.7942832	32.0093385	
29.42296	31.3198307	31.6428193	31.6950765	31.9133454	
29.43302	31.2214605	31.5468262	31.5967063	31.8173523	
29.4432	31.1210132	31.4508331	31.496259	31.7213592	
29.45338	31.0198164	31.3461134	31.3950622	31.6166394	
29.46348	30.9185111	31.2413936	31.2937569	31.5206463	
29.47404	30.8117234	31.1366739	31.1869692	31.4159265	
29.48382	30.7122302	31.0319541	31.087476	31.3112068	
29.494	30.6076742	30.9272343	30.98292	31.206487	
29.50483	30.4954772	30.8137879	30.870723	31.1017673	
29.51497	30.3896948	30.7003415	30.7649406	30.9970475	
29.52509	30.2832606	30.5956218	30.6585064	30.9010544	
29.53524	30.1756853	30.490902	30.5509311	30.7963347	
29.54542	30.0669724	30.3774556	30.4422182	30.7003415	
29.55552	29.9583228	30.2640092	30.3335686	30.5956218	
29.56577	29.84718	30.1592895	30.2224258	30.490902	
29.57589	29.7366988	30.0458431	30.1119445	30.3774556	
29.58605	29.624865	29.9323967	30.0001108	30.2727359	
29.59625	29.5117342	29.8276769	29.88698	30.1680161	
29.60636	29.398933	29.7055039	29.7741788	30.0632964	
29.61649	29.2850312	29.6007841	29.660277	29.94985	
29.62676	29.1685797	29.4873377	29.5438255	29.8451302	
29.63687	29.0532669	29.3738913	29.4285127	29.7316838	
29.64709	28.9358131	29.2517183	29.3110589	29.6182374	
29.65719	28.8188571	29.1382719	29.1941028	29.504791	
29.66732	28.7009073	29.0248255	29.0761531	29.3913446	
29.67755	28.5807863	28.9026524	28.956032	29.2778982	
29.68766	28.4613196	28.7804794	28.8365654	29.1557252	
29.69804	28.334313	28.667033	28.7095588	29.0422788	
29.70796	28.2189851	28.5448599	28.5942309	28.9201057	
29.71815	28.0965731	28.4314135	28.4718189	28.7979327	
29.72825	27.9754331	28.3092405	28.3506789	28.6757596	
29.73838	27.8538611	28.1870674	28.2291069	28.5535866	
29.74856	27.7317611	28.0648944	28.1070069	28.4226869	
29.75868	27.6102851	27.9427213	27.9855309	28.3005138	
29.76884	27.4884731	27.8205483	27.8637189	28.1696141	
29.77902	27.3670631	27.6983752	27.7423089	28.0387144	
29.78925	27.2466796	27.5762022	27.6219254	27.9078147	
29.79939	27.1279444	27.4540291	27.5031902	27.776915	
29.80958	27.0093895	27.3231294	27.3846353	27.6460154	
29.81967	26.8928005	27.2009564	27.2680462	27.506389	
29.83012	26.7728624	27.0700567	27.1481082	27.3754893	
29.84	26.660238	26.9478837	27.0354838	27.2445896	
29.85012	26.5457891	26.816984	26.9210349	27.1136899	
29.86027	26.431739	26.6948109	26.8069847	26.9827902	
29.87043	26.3183945	26.5639112	26.6936402	26.8518905	
29.88058	26.2060099	26.4417382	26.5812557	26.7297175	
29.89879	26.0074954	26.2148454	26.3827412	26.494098	
29.90394	25.9513989	26.1624855	26.3266447	26.4330115	
29.91407	25.8419088	26.0403124	26.2171546	26.3108385	
29.92457	25.7291902	25.9181394	26.1044359	26.1799388	
29.93438	25.624787	25.7959663	26.0000328	26.0577657	
29.94452	25.5175799	25.6737933	25.8928257	25.9355927	
29.95492	25.40815	25.5603469	25.7833958	25.8221463	
29.96484	25.3052591	25.4381738	25.6805049	25.6999732	
29.98287	25.1208003	25.237461	25.4960461	25.4992604	
29.98744	25.0738813	25.1851011	25.449127	25.4469005	
29.99772	24.9695476	25.0716547	25.3447933	25.3334541	
30.00772	24.8688945	24.9582083	25.2441403	25.2200077	
30.01795	24.766702	24.8534885	25.1419478	25.1152879	
30.02814	24.6657479	24.7487688	25.0409937	25.0018415	
30.03846	24.5643332	24.644049	24.939579	24.9058484	
30.04872	24.4644339	24.5393293	24.8396797	24.8011287	
30.05849	24.3699953	24.4346095	24.7452411	24.7051356	
30.06864	24.2726542	24.3386164	24.6479	24.6091425	
30.08724	24.0976255	24.1553568	24.4728713	24.4346095	
30.09186	24.0540873	24.1117236	24.4293331	24.3909763	
30.10203	23.9592837	24.0157305	24.3345294	24.2949832	
30.1122	23.8652868	23.9197374	24.2405326	24.2077167	
30.12233	23.7724676	23.8237443	24.1477134	24.1204503	
30.1325	23.6800994	23.7364778	24.0553452	24.0419104	
30.1427	23.5882004	23.6404847	23.9634462	23.954644	
30.15279	23.4982061	23.5532183	23.8734519	23.8761042	
30.1648	23.3922277	23.4572251	23.7674735	23.7713844	
30.17494	23.3035419	23.361232	23.6787877	23.6928446	
30.18502	23.2162048	23.2826922	23.5914506	23.6143048	
30.19517	23.128956	23.1954258	23.5042017	23.5270383	
30.2054	23.0418827	23.1081593	23.4171285	23.4484985	
30.21551	22.9567812	23.0296195	23.332027	23.3699587	
30.22564	22.8721863	22.9336264	23.2474321	23.2826922	
30.23583	22.7878865	22.8638132	23.1631323	23.2041524	
30.24597	22.7048893	22.7765467	23.0801351	23.1256126	
30.25609	22.6228046	22.6980069	22.9980504	23.0470728	
30.26626	22.5411308	22.6194671	22.9163766	22.968533	
30.27643	22.4602479	22.5409273	22.8354936	22.8899931	
30.2866	22.3802415	22.4623875	22.7554872	22.8114533	
30.29708	22.2978292	22.3838477	22.673075	22.7329135	
30.30694	22.2223289	22.3053078	22.5975747	22.6543737	
30.31707	22.1453132	22.2354947	22.5205589	22.5758339	
30.32728	22.0682811	22.1656815	22.4435269	22.4972941	
30.33742	21.9925598	22.0958683	22.3678056	22.4187542	
30.34751	21.9179441	22.0173285	22.2931899	22.3402144	
30.35775	21.8430721	21.9475153	22.2183179	22.2704013	
30.36792	21.7696285	21.8777022	22.1448743	22.1918614	
30.37801	21.697431	21.807889	22.0726768	22.1133216	
30.38819	21.6253802	21.7380758	22.000626	22.0435085	
30.39891	21.5483812	21.6682627	21.923627	21.9649686	
30.40845	21.4846054	21.5984495	21.8598512	21.8864288	
30.41865	21.4148879	21.5286363	21.7901336	21.8166156	
30.42877	21.3466104	21.4588232	21.7218562	21.7468025	
30.43896	21.2786102	21.3977366	21.653856	21.6682627	
30.44909	21.2118123	21.3279235	21.5870581	21.5984495	
30.46755	21.093383	21.2581103	21.4686288	21.5286363	
30.47251	21.0614381	21.1795705	21.4366839	21.4413699	
30.48232	20.9993039	21.1097573	21.3745497	21.3715567	
30.49251	20.9356392	21.0486708	21.310885	21.3017435	
30.50369	20.8667006	20.9788576	21.2419464	21.240657	
30.51277	20.8113269	20.9177711	21.1865727	21.1708438	
30.52291	20.7503337	20.8479579	21.1255795	21.1010307	
30.53338	20.6881962	20.7868714	21.063442	21.0399441	
30.54325	20.6304198	20.7257849	21.0056656	20.9788576	
30.55333	20.5721629	20.6646983	20.9474087	20.9177711	
30.56382	20.5123739	20.6036118	20.8876197	20.8566846	
30.57375	20.4566385	20.5425253	20.8318842	20.795598	
30.58383	20.4007698	20.4901654	20.7760156	20.7345115	
30.59428	20.343745	20.4290789	20.7189908	20.6821516	
30.60417	20.2905168	20.3679924	20.6657626	20.6210651	
30.6143	20.2368159	20.3156325	20.6120617	20.5599786	
30.62476	20.1821891	20.2632726	20.5574349	20.5076187	
30.6346	20.1315342	20.2109127	20.5067799	20.4552588	
30.64478	20.0799944	20.1585529	20.4552402	20.402899	
30.65521	20.0279998	20.106193	20.4032456	20.3505391	
30.66505	19.9797428	20.0538331	20.3549886	20.2981792	
30.67524	19.9305015	20.0014732	20.3057473	20.2458193	
30.68576	19.8805593	19.95784	20.2558051	20.2021861	
30.69555	19.8348571	19.9054801	20.2101029	20.1585529	
30.70569	19.7883022	19.8618469	20.163548	20.106193	
30.71615	19.7410723	19.8182137	20.1163181	20.0625598	
30.72604	19.697237	19.7745804	20.0724828	20.0189265	
30.73616	19.6531353	19.7309472	20.0283811	19.9752933	
30.74661	19.6084379	19.687314	19.9836837	19.9316601	
30.75643	19.567213	19.6349541	19.9424588	19.8967535	
30.76662	19.5252453	19.6000475	19.9004911	19.8531202	
30.77708	19.4829803	19.5564143	19.858226	19.8182137	
30.78693	19.443924	19.512781	19.8191698	19.7745804	
30.79704	19.4046307	19.4778745	19.7798765	19.7396738	
30.80754	19.3646827	19.4429679	19.7399285	19.7047673	
30.8174	19.3279114	19.4080613	19.7031572	19.6698607	
30.82752	19.2909527	19.3731547	19.6661985	19.6436807	
30.83812	19.2530719	19.3295215	19.6283177	19.6087741	
30.8479	19.2189208	19.2946149	19.5941666	19.5738676	
30.85799	19.1844164	19.2597083	19.5596622	19.5476876	
30.86846	19.1494556	19.2248017	19.5247014	19.512781	
30.87828	19.1174441	19.1986218	19.4926898	19.4778745	
30.88841	19.0851595	19.1637152	19.4604052	19.4516945	
30.89885	19.0527473	19.1288086	19.4279931	19.4255146	
30.90871	19.0228462	19.093902	19.398092	19.3993346	
30.91886	18.9928704	19.0589954	19.3681162	19.3731547	
30.92936	18.9627103	19.0415421	19.3379561	19.3382481	
30.93922	18.9351078	19.0066356	19.3103536	19.3120682	
30.94934	18.9075817	18.9804556	19.2828275	19.2858882	
30.95987	18.8797484	18.9542757	19.2549942	19.2684349	
30.96961	18.8547123	18.9280957	19.2299581	19.2335284	
30.97972	18.8295246	18.9019158	19.2047704	19.2160751	
30.9903	18.80401	18.8844625	19.1792558	19.1898951	
31.00016	18.7809462	18.8582826	19.156192	19.1637152	
31.01017	18.7582943	18.8321026	19.13354	19.1462619	
31.02064	18.7354109	18.8146493	19.1106567	19.1288086	
31.03046	18.7146538	18.797196	19.0898996	19.1026287	
31.04072	18.6937772	18.7797428	19.069023	19.0851754	
31.05882	18.6598858	18.7448362	19.0351316	19.0502688	
31.06353	18.6510127	18.7448362	19.0262585	19.0415421	
31.07378	18.6326469	18.7273829	19.0078927	19.0240888	
31.08384	18.6153619	18.7099296	18.9906076	19.0066356	
31.09403	18.5986123	18.7012029	18.9738581	18.9979089	
31.10413	18.5827557	18.6924763	18.9580015	18.9804556	
31.11431	18.5675168	18.675023	18.9427626	18.971729	
31.12447	18.5530503	18.675023	18.9282961	18.9542757	
31.13462	18.5393417	18.6575697	18.9145875	18.9542757	
31.14495	18.5261486	18.6575697	18.9013944	18.9368224	
31.1549	18.5141365	18.6488431	18.8893823	18.9368224	
31.16508	18.5025719	18.6401164	18.8778177	18.9280957	
31.17532	18.4916747	18.6401164	18.8669204	18.9193691	
31.18543	18.4816308	18.6313898	18.8568766	18.9193691	
31.19556	18.4722508	18.6313898	18.8474966	18.9193691	
31.20585	18.4634543	18.6226631	18.8387001	18.9106424	
31.21587	18.4555488	18.6226631	18.8307946	18.9106424	
31.22604	18.448206	18.6226631	18.8234517	18.9106424	
31.23627	18.4415069	18.6226631	18.8167527	18.9106424	
31.24636	18.4355372	18.6226631	18.810783	18.9106424	
31.25649	18.4301814	18.6226631	18.8054272	18.9106424	
31.26665	18.4253712	18.6226631	18.800617	18.9106424	
31.27685	18.4212787	18.6226631	18.7965245	18.9106424	
31.28713	18.4176635	18.6226631	18.7929093	18.9106424	
31.29717	18.4147007	18.6226631	18.7899465	18.9106424	
31.30729	18.4122097	18.6226631	18.7874555	18.9106424	
31.31744	18.4101894	18.6226631	18.7854352	18.9106424	
31.32763	18.404497	18.6226631	18.7797428	18.9106424	
31.33771	18.404497	18.6226631	18.7797428	18.9106424	
31.34792	18.404497	18.6226631	18.7797428	18.9106424	
31.3582	18.404497	18.6226631	18.7797428	18.9106424	
31.3682	18.404497	18.6226631	18.7797428	18.9106424	
31.37833	18.404497	18.6226631	18.7797428	18.9106424	
31.38852	18.404497	18.6226631	18.7797428	18.9106424	
31.39867	18.404497	18.6226631	18.7797428	18.9106424	
31.40882	18.404497	18.6226631	18.7797428	18.9106424	
31.41898	18.404497	18.6226631	18.7797428	18.9106424	
31.42911	18.404497	18.6226631	18.7797428	18.9106424	
31.43937	18.404497	18.6226631	18.7797428	18.9106424	
31.44986	18.404497	18.6226631	18.7797428	18.9106424	
31.4596	18.404497	18.6226631	18.7797428	18.9106424	
31.46996	18.404497	18.6226631	18.7797428	18.9106424	
31.47994	18.404497	18.6226631	18.7797428	18.9106424	
31.49006	18.404497	18.6226631	18.7797428	18.9106424	
31.5004	18.404497	18.6226631	18.7797428	18.9106424	
31.51038	18.404497	18.6226631	18.7797428	18.9106424	
31.52048	18.404497	18.6226631	18.7797428	18.9106424	
31.53872	18.404497	18.6226631	18.7797428	18.9106424	
31.54341	18.404497	18.6226631	18.7797428	18.9106424	
31.55352	18.404497	18.6226631	18.7797428	18.9106424	
31.56374	18.404497	18.6226631	18.7797428	18.9106424	
31.57393	18.404497	18.6226631	18.7797428	18.9106424	
31.58405	18.404497	18.6226631	18.7797428	18.9106424	
31.59417	18.404497	18.6226631	18.7797428	18.9106424	
31.60439	18.404497	18.6226631	18.7797428	18.9106424	
31.61452	18.404497	18.6226631	18.7797428	18.9106424	
31.62465	18.404497	18.6226631	18.7797428	18.9106424	
31.63483	18.404497	18.6226631	18.7797428	18.9106424	
31.64499	18.404497	18.6226631	18.7797428	18.9106424	
31.66348	18.404497	18.6226631	18.7797428	18.9106424	
31.66816	18.404497	18.6226631	18.7797428	18.9106424	
31.67825	18.404497	18.6226631	18.7797428	18.9106424	
31.68839	18.404497	18.6226631	18.7797428	18.9106424	
31.70001	18.404497	18.6226631	18.7797428	18.9106424	
31.70869	18.404497	18.6226631	18.7797428	18.9106424	
31.71885	18.404497	18.6226631	18.7797428	18.9106424	
31.72899	18.404497	18.6226631	18.7797428	18.9106424	
31.73915	18.404497	18.6226631	18.7797428	18.9106424	
31.74975	18.404497	18.6226631	18.7797428	18.9106424	
31.7595	18.404497	18.6226631	18.7797428	18.9106424	
31.76962	18.404497	18.6226631	18.7797428	18.9106424	
31.788	18.404497	18.6226631	18.7797428	18.9106424	
31.79261	18.404497	18.6226631	18.7797428	18.9106424	
31.80278	18.404497	18.6226631	18.7797428	18.9106424	
31.8129	18.404497	18.6226631	18.7797428	18.9106424	
31.82313	18.404497	18.6226631	18.7797428	18.9106424	
31.83323	18.404497	18.6226631	18.7797428	18.9106424	
31.8434	18.404497	18.6226631	18.7797428	18.9106424	
31.8536	18.404497	18.6226631	18.7797428	18.9106424	
31.86367	18.404497	18.6226631	18.7797428	18.9106424	
31.87392	18.404497	18.6226631	18.7797428	18.9106424	
31.88406	18.404497	18.6226631	18.7797428	18.9106424	
31.89422	18.404497	18.6226631	18.7797428	18.9106424	
31.90439	18.404497	18.6226631	18.7797428	18.9106424	
31.91448	18.404497	18.6226631	18.7797428	18.9106424	
31.92471	18.404497	18.6226631	18.7797428	18.9106424	
31.93486	18.404497	18.6226631	18.7797428	18.9106424	
31.94496	18.404497	18.6226631	18.7797428	18.9106424	
31.95508	18.404497	18.6226631	18.7797428	18.9106424	
31.96528	18.404497	18.6226631	18.7797428	18.9106424	
31.97546	18.404497	18.6226631	18.7797428	18.9106424	
31.98565	18.404497	18.6226631	18.7797428	18.9106424	
31.99581	18.404497	18.6226631	18.7797428	18.9106424	
32.00595	18.404497	18.6226631	18.7797428	18.9106424	
32.01608	18.404497	18.6226631	18.7797428	18.9106424	
32.0262	18.404497	18.6226631	18.7797428	18.9106424	
32.03642	18.404497	18.6226631	18.7797428	18.9106424	
32.04653	18.404497	18.6226631	18.7797428	18.9106424	
32.05676	18.404497	18.6226631	18.7797428	18.9106424	
32.06686	18.404497	18.6226631	18.7797428	18.9106424	
32.07723	18.404497	18.6226631	18.7797428	18.9106424	
32.08743	18.404497	18.6226631	18.7797428	18.9106424	
32.0975	18.404497	18.6226631	18.7797428	18.9106424	
32.10763	18.404497	18.6226631	18.7797428	18.9106424	
32.11794	18.404497	18.6226631	18.7797428	18.9106424	
32.12838	18.404497	18.6226631	18.7797428	18.9106424	
32.1381	18.404497	18.6226631	18.7797428	18.9106424	
32.14829	18.404497	18.6226631	18.7797428	18.9106424	
32.15839	18.404497	18.6226631	18.7797428	18.9106424	
32.16851	18.404497	18.6226631	18.7797428	18.9106424	
32.17872	18.404497	18.6226631	18.7797428	18.9106424	
32.18887	18.404497	18.6226631	18.7797428	18.9106424	
32.199	18.404497	18.6226631	18.7797428	18.9106424	
32.20961	18.404497	18.6226631	18.7797428	18.9106424	
32.21963	18.404497	18.6226631	18.7797428	18.9106424	
32.2301	18.404497	18.6226631	18.7797428	18.9106424	
32.24	18.404497	18.6226631	18.7797428	18.9106424	
32.25009	18.404497	18.6226631	18.7797428	18.9106424	
32.26023	18.404497	18.6226631	18.7797428	18.9106424	
32.27041	18.404497	18.6226631	18.7797428	18.9106424	
32.28057	18.404497	18.6226631	18.7797428	18.9106424	
32.29078	18.404497	18.6226631	18.7797428	18.9106424	
32.30092	18.404497	18.6226631	18.7797428	18.9106424	
32.31104	18.404497	18.6226631	18.7797428	18.9106424	
32.32121	18.404497	18.6226631	18.7797428	18.9106424	
32.33141	18.404497	18.6226631	18.7797428	18.9106424	
32.34156	18.404497	18.6226631	18.7797428	18.9106424	
32.35167	18.404497	18.6226631	18.7797428	18.9106424	
32.36187	18.404497	18.6226631	18.7797428	18.9106424	
32.37201	18.404497	18.6226631	18.7797428	18.9106424	
32.3822	18.404497	18.6226631	18.7797428	18.9106424	
32.39235	18.404497	18.6226631	18.7797428	18.9106424	
32.40254	18.404497	18.6226631	18.7797428	18.9106424	
32.41272	18.404497	18.6226631	18.7797428	18.9106424	
32.42288	18.404497	18.6226631	18.7797428	18.9106424	
32.43298	18.404497	18.6226631	18.7797428	18.9106424	
32.44316	18.404497	18.6226631	18.7797428	18.9106424	
32.45337	18.404497	18.6226631	18.7797428	18.9106424	
32.46349	18.404497	18.6226631	18.7797428	18.9106424	
32.47367	18.404497	18.6226631	18.7797428	18.9106424	
32.48383	18.404497	18.6226631	18.7797428	18.9106424	
32.49403	18.404497	18.6226631	18.7797428	18.9106424	
32.50499	18.404497	18.6226631	18.7797428	18.9106424	
32.51446	18.404497	18.6226631	18.7797428	18.9106424	
32.5246	18.404497	18.6226631	18.7797428	18.9106424	
32.5347	18.404497	18.6226631	18.7797428	18.9106424	
32.54487	18.404497	18.6226631	18.7797428	18.9106424	
32.55501	18.404497	18.6226631	18.7797428	18.9106424	
32.56518	18.404497	18.6226631	18.7797428	18.9106424	
32.57545	18.404497	18.6226631	18.7797428	18.9106424	
32.58554	18.404497	18.6226631	18.7797428	18.9106424	
32.59566	18.404497	18.6226631	18.7797428	18.9106424	
32.6061	18.404497	18.6226631	18.7797428	18.9106424	
32.616	18.404497	18.6226631	18.7797428	18.9106424	
32.62615	18.404497	18.6226631	18.7797428	18.9106424	
32.63637	18.404497	18.6226631	18.7797428	18.9106424	
32.64643	18.404497	18.6226631	18.7797428	18.9106424	
32.65662	18.404497	18.6226631	18.7797428	18.9106424	
32.66682	18.404497	18.6226631	18.7797428	18.9106424	
32.67698	18.404497	18.6226631	18.7797428	18.9106424	
32.68716	18.404497	18.6226631	18.7797428	18.9106424	
32.69727	18.404497	18.6226631	18.7797428	18.9106424	
32.70743	18.404497	18.6226631	18.7797428	18.9106424	
32.71764	18.404497	18.6226631	18.7797428	18.9106424	
32.72775	18.404497	18.6226631	18.7797428	18.9106424	
32.73791	18.404497	18.6226631	18.7797428	18.9106424	
32.74802	18.404497	18.6226631	18.7797428	18.9106424	
32.7586	18.404497	18.6226631	18.7797428	18.9106424	
32.76833	18.404497	18.6226631	18.7797428	18.9106424	
32.77848	18.404497	18.6226631	18.7797428	18.9106424	
32.78873	18.404497	18.6226631	18.7797428	18.9106424	
32.79879	18.404497	18.6226631	18.7797428	18.9106424	
32.80895	18.404497	18.6226631	18.7797428	18.9106424	
32.81924	18.404497	18.6226631	18.7797428	18.9106424	
32.82933	18.404497	18.6226631	18.7797428	18.9106424	
32.83947	18.404497	18.6226631	18.7797428	18.9106424	
32.84959	18.404497	18.6226631	18.7797428	18.9106424	
32.86008	18.404497	18.6226631	18.7797428	18.9106424	
32.86995	18.404497	18.6226631	18.7797428	18.9106424	
32.88005	18.404497	18.6226631	18.7797428	18.9106424	
32.89016	18.404497	18.6226631	18.7797428	18.9106424	
32.90028	18.404497	18.6226631	18.7797428	18.9106424	
32.9105	18.404497	18.6226631	18.7797428	18.9106424	
32.92089	18.404497	18.6226631	18.7797428	18.9106424	
32.93081	18.404497	18.6226631	18.7797428	18.9106424	
32.94092	18.404497	18.6226631	18.7797428	18.9106424	
32.95106	18.404497	18.6226631	18.7797428	18.9106424	
32.96119	18.404497	18.6226631	18.7797428	18.9106424	
32.97142	18.404497	18.6226631	18.7797428	18.9106424	
32.98155	18.404497	18.6226631	18.7797428	18.9106424	
32.99167	18.404497	18.6226631	18.7797428	18.9106424	
33.00203	18.404497	18.6226631	18.7797428	18.9106424	
33.01198	18.404497	18.6226631	18.7797428	18.9106424	
33.02265	18.404497	18.6226631	18.7797428	18.9106424	
33.03233	18.404497	18.6226631	18.7797428	18.9106424	
33.04248	18.404497	18.6226631	18.7797428	18.9106424	
33.05299	18.404497	18.6226631	18.7797428	18.9106424	
33.06286	18.404497	18.6226631	18.7797428	18.9106424	
33.073	18.404497	18.6226631	18.7797428	18.9106424	
33.08344	18.404497	18.6226631	18.7797428	18.9106424	
33.09335	18.404497	18.6226631	18.7797428	18.9106424	
33.1035	18.404497	18.6226631	18.7797428	18.9106424	
33.11378	18.404497	18.6226631	18.7797428	18.9106424	
33.12383	18.404497	18.6226631	18.7797428	18.9106424	
33.13405	18.404497	18.6226631	18.7797428	18.9106424	
33.14416	18.404497	18.6226631	18.7797428	18.9106424	
33.15428	18.404497	18.6226631	18.7797428	18.9106424	
33.16445	18.404497	18.6226631	18.7797428	18.9106424	
33.17461	18.404497	18.6226631	18.7797428	18.9106424	
33.18475	18.404497	18.6226631	18.7797428	18.9106424	
33.19489	18.404497	18.6226631	18.7797428	18.9106424	
33.20512	18.404497	18.6226631	18.7797428	18.9106424	
33.22347	18.404497	18.6226631	18.7797428	18.9106424	
33.22807	18.404497	18.6226631	18.7797428	18.9106424	
33.23832	18.404497	18.6226631	18.7797428	18.9106424	
33.24836	18.404497	18.6226631	18.7797428	18.9106424	
33.2585	18.404497	18.6226631	18.7797428	18.9106424	
33.26868	18.404497	18.6226631	18.7797428	18.9106424	
33.27881	18.404497	18.6226631	18.7797428	18.9106424	
33.28894	18.404497	18.6226631	18.7797428	18.9106424	
33.29913	18.404497	18.6226631	18.7797428	18.9106424	
33.30932	18.404497	18.6226631	18.7797428	18.9106424	
33.31946	18.404497	18.6226631	18.7797428	18.9106424	
33.33005	18.404497	18.6226631	18.7797428	18.9106424	
33.33977	18.404497	18.6226631	18.7797428	18.9106424	
33.34995	18.404497	18.6226631	18.7797428	18.9106424	
33.36008	18.404497	18.6226631	18.7797428	18.9106424	
33.3702	18.404497	18.6226631	18.7797428	18.9106424	
33.38034	18.404497	18.6226631	18.7797428	18.9106424	
33.39877	18.404497	18.6226631	18.7797428	18.9106424	
33.40337	18.404497	18.6226631	18.7797428	18.9106424	
33.41354	18.404497	18.6226631	18.7797428	18.9106424	
33.42368	18.404497	18.6226631	18.7797428	18.9106424	
33.43381	18.404497	18.6226631	18.7797428	18.9106424	
33.44402	18.404497	18.6226631	18.7797428	18.9106424	
33.45419	18.404497	18.6226631	18.7797428	18.9106424	
33.4643	18.404497	18.6226631	18.7797428	18.9106424	
33.47447	18.404497	18.6226631	18.7797428	18.9106424	
33.48465	18.404497	18.6226631	18.7797428	18.9106424	
33.49478	18.404497	18.6226631	18.7797428	18.9106424	
33.5049	18.404497	18.6226631	18.7797428	18.9106424	
33.51508	18.404497	18.6226631	18.7797428	18.9106424	
33.52519	18.404497	18.6226631	18.7797428	18.9106424	
33.53539	18.404497	18.6226631	18.7797428	18.9106424	
33.54577	18.404497	18.6226631	18.7797428	18.9106424	
33.55564	18.404497	18.6226631	18.7797428	18.9106424	
33.56589	18.404497	18.6226631	18.7797428	18.9106424	
33.57598	18.404497	18.6226631	18.7797428	18.9106424	
33.58611	18.404497	18.6139365	18.7797428	18.9106424	
33.59625	18.404497	18.6139365	18.7797428	18.9106424	
33.60644	18.404497	18.6052098	18.7797428	18.9106424	
33.61656	18.404497	18.6052098	18.7797428	18.9106424	
33.62674	18.404497	18.5964832	18.7797428	18.9106424	
33.63692	18.404497	18.5877565	18.7797428	18.9106424	
33.64704	18.404497	18.5790299	18.7797428	18.9106424	
33.65721	18.404497	18.5703032	18.7797428	18.9106424	
33.66739	18.404497	18.5615766	18.7797428	18.9019158	
33.67752	18.404497	18.5528499	18.7797428	18.9019158	
33.68766	18.404497	18.5441233	18.7797428	18.9019158	
33.6981	18.404497	18.5353967	18.7797428	18.9019158	
33.70798	18.404497	18.5179434	18.7797428	18.9019158	
33.71817	18.404497	18.5092167	18.7797428	18.8931892	
33.72829	18.404497	18.5004901	18.7797428	18.8844625	
33.73842	18.404497	18.4917634	18.7797428	18.8844625	
33.74857	18.404497	18.4830368	18.7797428	18.8844625	
33.75872	18.404497	18.4743101	18.7797428	18.8757359	
33.76886	18.404497	18.4655835	18.7797428	18.8757359	
33.77899	18.404497	18.4655835	18.7797428	18.8670092	
33.78924	18.404497	18.4568568	18.7797428	18.8582826	
33.79939	18.404497	18.4481302	18.7797428	18.8582826	
33.80946	18.404497	18.4481302	18.7797428	18.8495559	
33.81963	18.404497	18.4481302	18.7797428	18.8495559	
33.8298	18.404497	18.4481302	18.7797428	18.8495559	
33.8399	18.404497	18.4481302	18.7797428	18.8495559	
33.85008	18.404497	18.4481302	18.7797428	18.8495559	
33.86831	18.404497	18.4481302	18.7797428	18.8495559	
33.87291	18.404497	18.4481302	18.7797428	18.8495559	
33.88309	18.404497	18.4481302	18.7797428	18.8495559	
33.89324	18.404497	18.4481302	18.7797428	18.8495559	
33.90344	18.404497	18.4481302	18.7797428	18.8495559	
33.91357	18.404497	18.4481302	18.7797428	18.8495559	
33.9237	18.404497	18.4481302	18.7797428	18.8495559	
33.93397	18.404497	18.4481302	18.7797428	18.8495559	
33.94401	18.404497	18.4481302	18.7797428	18.8495559	
33.95432	18.404497	18.4481302	18.7797428	18.8495559	
33.96437	18.404497	18.4481302	18.7797428	18.8495559	
33.9745	18.404497	18.4481302	18.7797428	18.8495559	
33.98462	18.404497	18.4481302	18.7797428	18.8495559	
33.99478	18.404497	18.4481302	18.7797428	18.8495559	
34.00493	18.404497	18.4481302	18.7797428	18.8495559	
34.01507	18.404497	18.4481302	18.7797428	18.8495559	
34.02558	18.404497	18.4481302	18.7797428	18.8495559	
34.03539	18.404497	18.4481302	18.7797428	18.8495559	
34.04552	18.404497	18.4481302	18.7797428	18.8495559	
34.05595	18.404497	18.4481302	18.7797428	18.8495559	
34.06582	18.404497	18.4481302	18.7797428	18.8495559	
34.07613	18.404497	18.4481302	18.7797428	18.8495559	
34.08649	18.404497	18.4481302	18.7797428	18.8495559	
34.09633	18.404497	18.4481302	18.7797428	18.8495559	
34.10648	18.404497	18.4481302	18.7797428	18.8495559	
34.11694	18.404497	18.4481302	18.7797428	18.8495559	
34.1268	18.404497	18.4481302	18.7797428	18.8495559	
34.13693	18.404497	18.4481302	18.7797428	18.8495559	
34.1473	18.404497	18.4481302	18.7797428	18.8495559	
34.15722	18.404497	18.4481302	18.7797428	18.8495559	
34.17536	18.404497	18.4481302	18.7797428	18.8495559	
34.1882	18.404497	18.4481302	18.7797428	18.8495559	
34.1928	18.404497	18.4481302	18.7797428	18.8495559	
34.20295	18.404497	18.4481302	18.7797428	18.8495559	
34.21317	18.404497	18.4481302	18.7797428	18.8495559	
34.22334	18.404497	18.4481302	18.7797428	18.8495559	
34.23344	18.404497	18.4481302	18.7797428	18.8495559	
34.24363	18.404497	18.4481302	18.7797428	18.8495559	
34.25374	18.404497	18.4481302	18.7797428	18.8495559	
34.26388	18.404497	18.4481302	18.7797428	18.8495559	
34.27407	18.404497	18.4481302	18.7797428	18.8495559	
34.28428	18.404497	18.4481302	18.7797428	18.8495559	
34.29453	18.404497	18.4481302	18.7797428	18.8495559	
34.3046	18.404497	18.4481302	18.7797428	18.8495559	
34.31473	18.404497	18.4481302	18.7797428	18.8495559	
34.3249	18.404497	18.4481302	18.7797428	18.8495559	
34.33506	18.404497	18.4481302	18.7797428	18.8495559	
34.34521	18.404497	18.4481302	18.7797428	18.8495559	
34.3553	18.404497	18.4481302	18.7797428	18.8495559	
34.36555	18.404497	18.4481302	18.7797428	18.8495559	
34.37569	18.404497	18.4481302	18.7797428	18.8495559	
34.38585	18.404497	18.4481302	18.7797428	18.8495559	
34.396	18.404497	18.4481302	18.7797428	18.8495559	
34.40616	18.404497	18.4481302	18.7797428	18.8495559	
34.41628	18.404497	18.4481302	18.7797428	18.8495559	
34.42645	18.404497	18.4481302	18.7797428	18.8495559	
34.43668	18.404497	18.4481302	18.7797428	18.8495559	
34.44681	18.404497	18.4481302	18.7797428	18.8495559	
34.45699	18.404497	18.4481302	18.7797428	18.8495559	
34.46713	18.404497	18.4481302	18.7797428	18.8495559	
34.47725	18.404497	18.4481302	18.7797428	18.8495559	
34.48766	18.404497	18.4481302	18.7797428	18.8495559	
34.49758	18.404497	18.4481302	18.7797428	18.8495559	
34.50771	18.404497	18.4481302	18.7797428	18.8495559	
34.51798	18.404497	18.4481302	18.7797428	18.8495559	
34.52841	18.404497	18.4481302	18.7797428	18.8495559	
34.53815	18.404497	18.4481302	18.7797428	18.8495559	
34.54831	18.404497	18.4481302	18.7797428	18.8495559	
34.55846	18.404497	18.4481302	18.7797428	18.8495559	
34.5686	18.404497	18.4481302	18.7797428	18.8495559	
34.57878	18.404497	18.4481302	18.7797428	18.8408293	
34.58916	18.404497	18.4481302	18.7797428	18.8408293	
34.59907	18.404497	18.4481302	18.7797428	18.8408293	
34.61712	18.404497	18.4481302	18.7797428	18.8408293	
34.62171	18.404497	18.4481302	18.7797428	18.8408293	
34.63183	18.404497	18.4394035	18.7797428	18.8408293	
34.64203	18.404497	18.4394035	18.7797428	18.8408293	
34.65217	18.404497	18.4394035	18.7797428	18.8408293	
34.66238	18.404497	18.4394035	18.7797428	18.8408293	
34.67252	18.404497	18.4306769	18.7797428	18.8408293	
34.68263	18.404497	18.4306769	18.7797428	18.8408293	
34.69282	18.404497	18.4306769	18.7797428	18.8408293	
34.70299	18.404497	18.4306769	18.7797428	18.8408293	
34.71311	18.404497	18.4306769	18.7797428	18.8408293	
34.72327	18.404497	18.4306769	18.7797428	18.8408293	
34.73346	18.404497	18.4306769	18.7797428	18.8408293	
34.74361	18.404497	18.4306769	18.7797428	18.8408293	
34.75372	18.404497	18.4306769	18.7797428	18.8408293	
34.76389	18.404497	18.4306769	18.7797428	18.8408293	
34.77412	18.404497	18.4306769	18.7797428	18.8408293	
34.78454	18.404497	18.4306769	18.7797428	18.8408293	
34.79436	18.404497	18.4306769	18.7797428	18.8408293	
34.80457	18.404497	18.4306769	18.7797428	18.8408293	
34.81502	18.404497	18.4306769	18.7797428	18.8408293	
34.82482	18.404497	18.4306769	18.7797428	18.8408293	
34.83497	18.404497	18.4306769	18.7797428	18.8408293	
34.84538	18.404497	18.4306769	18.7797428	18.8408293	
34.85529	18.404497	18.4306769	18.7797428	18.8408293	
34.86543	18.404497	18.4306769	18.7797428	18.8408293	
34.87576	18.404497	18.4306769	18.7797428	18.8408293	
34.88579	18.404497	18.4306769	18.7797428	18.8408293	
34.89588	18.404497	18.4306769	18.7797428	18.8408293	
34.90618	18.404497	18.4306769	18.7797428	18.8408293	
34.9162	18.404497	18.4306769	18.7797428	18.8408293	
34.9264	18.404497	18.4306769	18.7797428	18.8408293	
34.93661	18.404497	18.4306769	18.7797428	18.8408293	
34.94662	18.404497	18.4306769	18.7797428	18.8408293	
34.95684	18.404497	18.4306769	18.7797428	18.8408293	
34.96706	18.404497	18.4306769	18.7797428	18.8408293	
34.97711	18.404497	18.4306769	18.7797428	18.8408293	
34.98724	18.404497	18.4306769	18.7797428	18.8408293	
34.99749	18.404497	18.4306769	18.7797428	18.8408293	
35.00761	18.404497	18.4306769	18.7797428	18.8408293	
35.01775	18.404497	18.4306769	18.7797428	18.8408293	
35.02796	18.404497	18.4306769	18.7797428	18.8408293	
35.03814	18.404497	18.4306769	18.7797428	18.8408293	
35.0482	18.404497	18.4306769	18.7797428	18.8408293	
35.05839	18.404497	18.4306769	18.7797428	18.8408293	
35.06848	18.404497	18.4306769	18.7797428	18.8408293	
35.07873	18.404497	18.4306769	18.7797428	18.8408293	
35.08883	18.404497	18.4306769	18.7797428	18.8408293	
35.09893	18.404497	18.4306769	18.7797428	18.8408293	
35.10907	18.404497	18.4306769	18.7797428	18.8408293	
35.11934	18.404497	18.4306769	18.7797428	18.8408293	
35.12941	18.404497	18.4306769	18.7797428	18.8408293	
35.1396	18.404497	18.4306769	18.7797428	18.8408293	
35.14969	18.404497	18.4306769	18.7797428	18.8408293	
35.16013	18.404497	18.4306769	18.7797428	18.8408293	
35.17163	18.404497	18.4306769	18.7797428	18.8408293	
35.18174	18.404497	18.4306769	18.7797428	18.8408293	
35.19184	18.404497	18.4306769	18.7797428	18.8408293	
35.20198	18.404497	18.4306769	18.7797428	18.8408293	
35.21221	18.404497	18.4306769	18.7797428	18.8408293	
35.22244	18.404497	18.4306769	18.7797428	18.8408293	
35.23251	18.404497	18.4306769	18.7797428	18.8408293	
35.24271	18.404497	18.4306769	18.7797428	18.8408293	
35.25284	18.404497	18.4306769	18.7797428	18.8408293	
35.26296	18.404497	18.4306769	18.7797428	18.8408293	
35.27317	18.404497	18.4306769	18.7797428	18.8408293	
35.28329	18.404497	18.4306769	18.7797428	18.8408293	
35.29347	18.404497	18.4306769	18.7797428	18.8408293	
35.31188	18.404497	18.4306769	18.7797428	18.8408293	
35.31648	18.404497	18.4306769	18.7797428	18.8408293	
35.32674	18.404497	18.4306769	18.7797428	18.8408293	
35.33687	18.404497	18.4306769	18.7797428	18.8408293	
35.34698	18.404497	18.4306769	18.7797428	18.8408293	
35.35708	18.404497	18.4306769	18.7797428	18.8408293	
35.36727	18.404497	18.4306769	18.7797428	18.8408293	
35.37745	18.404497	18.4306769	18.7797428	18.8408293	
35.3876	18.404497	18.4306769	18.7797428	18.8408293	
35.39775	18.404497	18.4306769	18.7797428	18.8408293	
35.40789	18.404497	18.4306769	18.7797428	18.8408293	
35.41836	18.404497	18.4306769	18.7797428	18.8408293	
35.42822	18.404497	18.4306769	18.7797428	18.8408293	
35.43836	18.404497	18.4306769	18.7797428	18.8408293	
35.44847	18.404497	18.4306769	18.7797428	18.8408293	
35.45866	18.404497	18.4306769	18.7797428	18.8408293	
35.46885	18.404497	18.4306769	18.7797428	18.8408293	
35.47896	18.404497	18.4306769	18.7797428	18.8408293	
35.48912	18.404497	18.4306769	18.7797428	18.8408293	
35.50727	18.404497	18.4306769	18.7797428	18.8408293	
35.51214	18.404497	18.4306769	18.7797428	18.8408293	
35.5221	18.404497	18.4306769	18.7797428	18.8408293	
35.53237	18.404497	18.4306769	18.7797428	18.8408293	
35.54238	18.404497	18.4306769	18.7797428	18.8408293	
35.55253	18.404497	18.4306769	18.7797428	18.8408293	
35.56271	18.404497	18.4306769	18.7797428	18.8408293	
35.57286	18.404497	18.4306769	18.7797428	18.8408293	
35.58305	18.404497	18.4306769	18.7797428	18.8408293	
35.59316	18.404497	18.4306769	18.7797428	18.8408293	
35.60371	18.404497	18.4306769	18.7797428	18.8408293	
35.61353	18.404497	18.4306769	18.7797428	18.8408293	
35.62369	18.404497	18.4306769	18.7797428	18.8408293	
35.63408	18.404497	18.4306769	18.7797428	18.8408293	
35.64405	18.404497	18.4306769	18.7797428	18.8408293	
35.65425	18.404497	18.4306769	18.7797428	18.8408293	
35.66445	18.404497	18.4306769	18.7797428	18.8408293	
35.67451	18.404497	18.4306769	18.7797428	18.8321026	
35.68469	18.404497	18.4306769	18.7797428	18.8321026	
35.69482	18.404497	18.4306769	18.7797428	18.8321026	
35.70499	18.404497	18.4306769	18.7797428	18.8321026	
35.71513	18.404497	18.4306769	18.7797428	18.823376	
35.72534	18.404497	18.4306769	18.7797428	18.823376	
35.74359	18.404497	18.4306769	18.7797428	18.823376	
35.74818	18.404497	18.4306769	18.7797428	18.823376	
35.75857	18.404497	18.4306769	18.7797428	18.823376	
35.76848	18.404497	18.4306769	18.7797428	18.823376	
35.7786	18.404497	18.4306769	18.7797428	18.823376	
35.78905	18.404497	18.4306769	18.7797428	18.823376	
35.79891	18.404497	18.4306769	18.7797428	18.823376	
35.80906	18.404497	18.4306769	18.7797428	18.823376	
35.81954	18.404497	18.4306769	18.7797428	18.823376	
35.82937	18.404497	18.4306769	18.7797428	18.823376	
35.83993	18.404497	18.4306769	18.7797428	18.823376	
35.85	18.404497	18.4306769	18.7797428	18.823376	
35.85979	18.404497	18.4306769	18.7797428	18.823376	
35.87001	18.404497	18.4306769	18.7797428	18.823376	
35.88039	18.404497	18.4306769	18.7797428	18.823376	
35.89027	18.404497	18.4306769	18.7797428	18.823376	
35.90039	18.404497	18.4306769	18.7797428	18.823376	
35.91088	18.404497	18.4306769	18.7797428	18.823376	
35.92077	18.404497	18.4306769	18.7797428	18.823376	
35.93083	18.404497	18.4306769	18.7797428	18.823376	
35.94132	18.404497	18.4306769	18.7797428	18.823376	
35.95147	18.404497	18.4306769	18.7797428	18.823376	
35.96158	18.404497	18.4306769	18.7797428	18.823376	
35.97184	18.404497	18.4306769	18.7797428	18.823376	
35.98191	18.404497	18.4306769	18.7797428	18.823376	
35.99207	18.404497	18.4306769	18.7797428	18.823376	
36.00232	18.404497	18.4306769	18.7797428	18.823376	
36.01239	18.404497	18.4306769	18.7797428	18.823376	
36.02255	18.404497	18.4306769	18.7797428	18.823376	
36.03285	18.404497	18.4306769	18.7797428	18.823376	
36.04284	18.404497	18.4306769	18.7797428	18.823376	
36.05306	18.404497	18.4306769	18.7797428	18.823376	
36.06336	18.404497	18.4306769	18.7797428	18.823376	
36.07331	18.404497	18.4306769	18.7797428	18.823376	
36.08346	18.404497	18.4306769	18.7797428	18.823376	
36.09381	18.404497	18.4306769	18.7797428	18.823376	
36.1038	18.404497	18.4306769	18.7797428	18.823376	
36.11394	18.404497	18.4306769	18.7797428	18.823376	
36.12432	18.404497	18.4306769	18.7797428	18.823376	
36.13431	18.404497	18.4306769	18.7797428	18.823376	
36.14439	18.404497	18.4306769	18.7797428	18.823376	
36.15478	18.404497	18.4219503	18.7797428	18.823376	
36.16481	18.404497	18.4219503	18.7797428	18.823376	
36.17489	18.404497	18.4132236	18.7797428	18.823376	
36.18528	18.404497	18.4132236	18.7797428	18.823376	
36.19518	18.404497	18.4132236	18.7797428	18.823376	
36.20538	18.404497	18.4132236	18.7797428	18.823376	
36.21578	18.404497	18.4132236	18.7797428	18.823376	
36.22569	18.404497	18.404497	18.7797428	18.823376	
36.23586	18.404497	18.404497	18.7797428	18.823376	
36.24635	18.404497	18.404497	18.7797428	18.823376	
36.25613	18.404497	18.404497	18.7797428	18.823376	
36.26632	18.404497	18.3957703	18.7797428	18.823376	
36.27688	18.404497	18.3957703	18.7797428	18.823376	
36.28683	18.404497	18.404497	18.7797428	18.823376	
36.29696	18.404497	18.404497	18.7797428	18.823376	
36.30732	18.404497	18.404497	18.7797428	18.823376	
36.31727	18.404497	18.404497	18.7797428	18.823376	
36.32742	18.404497	18.404497	18.7797428	18.823376	
36.33781	18.404497	18.404497	18.7797428	18.823376	
36.34772	18.404497	18.404497	18.7797428	18.823376	
36.35794	18.404497	18.404497	18.7797428	18.823376	
36.36827	18.404497	18.404497	18.7797428	18.823376	
36.37816	18.404497	18.404497	18.7797428	18.823376	
36.38828	18.404497	18.404497	18.7797428	18.823376	
36.39881	18.404497	18.404497	18.7797428	18.823376	
36.40857	18.404497	18.404497	18.7797428	18.823376	
36.41934	18.404497	18.404497	18.7797428	18.823376	
36.42937	18.404497	18.404497	18.7797428	18.823376	
36.43937	18.404497	18.404497	18.7797428	18.823376	
36.44947	18.404497	18.404497	18.7797428	18.823376	
36.45985	18.404497	18.404497	18.7797428	18.823376	
36.46994	18.404497	18.404497	18.7797428	18.823376	
36.47993	18.404497	18.404497	18.7797428	18.823376	
36.49035	18.404497	18.404497	18.7797428	18.823376	
36.50019	18.404497	18.404497	18.7797428	18.823376	
36.51093	18.404497	18.404497	18.7797428	18.823376	
36.5208	18.404497	18.404497	18.7797428	18.823376	
36.53855	18.404497	18.404497	18.7797428	18.823376	
36.54309	18.404497	18.404497	18.7797428	18.823376	
36.55326	18.404497	18.404497	18.7797428	18.823376	
36.56338	18.404497	18.404497	18.7797428	18.823376	
36.57358	18.404497	18.404497	18.7797428	18.823376	
36.58382	18.404497	18.404497	18.7797428	18.823376	
36.59392	18.404497	18.404497	18.7797428	18.823376	
36.60407	18.404497	18.404497	18.7797428	18.823376	
36.61429	18.404497	18.404497	18.7797428	18.823376	
36.62438	18.404497	18.404497	18.7797428	18.823376	
36.63451	18.404497	18.404497	18.7797428	18.823376	
36.64475	18.404497	18.404497	18.7797428	18.823376	
36.65485	18.404497	18.404497	18.7797428	18.823376	
36.66497	18.404497	18.404497	18.7797428	18.823376	
36.67517	18.404497	18.404497	18.7797428	18.823376	
36.68536	18.404497	18.404497	18.7797428	18.823376	
36.69553	18.404497	18.404497	18.7797428	18.823376	
36.70568	18.404497	18.404497	18.7797428	18.823376	
36.71581	18.404497	18.404497	18.7797428	18.823376	
36.72593	18.404497	18.404497	18.7797428	18.823376	
36.73615	18.404497	18.404497	18.7797428	18.823376	
36.74628	18.404497	18.404497	18.7797428	18.823376	
36.75639	18.404497	18.404497	18.7797428	18.823376	
36.76662	18.404497	18.404497	18.7797428	18.823376	
36.77705	18.404497	18.404497	18.7797428	18.823376	
36.78698	18.404497	18.404497	18.7797428	18.823376	
36.79713	18.404497	18.404497	18.7797428	18.823376	
36.80722	18.404497	18.404497	18.7797428	18.823376	
36.81735	18.404497	18.404497	18.7797428	18.823376	
36.8275	18.404497	18.404497	18.7797428	18.823376	
36.83768	18.404497	18.404497	18.7797428	18.823376	
36.84791	18.404497	18.404497	18.7797428	18.823376	
36.85803	18.404497	18.404497	18.7797428	18.823376	
36.86816	18.404497	18.404497	18.7797428	18.823376	
36.87859	18.404497	18.404497	18.7797428	18.823376	
36.88849	18.404497	18.404497	18.7797428	18.823376	
36.89861	18.404497	18.404497	18.7797428	18.823376	
36.90878	18.404497	18.404497	18.7797428	18.823376	
36.91893	18.404497	18.404497	18.7797428	18.823376	
36.92905	18.404497	18.404497	18.7797428	18.823376	
36.93923	18.404497	18.404497	18.7797428	18.823376	
36.94944	18.404497	18.404497	18.7797428	18.823376	
36.95967	18.404497	18.404497	18.7797428	18.823376	
36.96972	18.404497	18.404497	18.7797428	18.823376	
36.97989	18.404497	18.404497	18.7797428	18.823376	
36.99003	18.404497	18.404497	18.7797428	18.823376	
37.00016	18.404497	18.404497	18.7797428	18.823376	
37.01037	18.404497	18.404497	18.7797428	18.823376	
37.0205	18.404497	18.404497	18.7797428	18.823376	
37.03069	18.404497	18.404497	18.7797428	18.823376	
37.04088	18.404497	18.404497	18.7797428	18.823376	
37.05096	18.404497	18.404497	18.7797428	18.823376	
37.06115	18.404497	18.404497	18.7797428	18.823376	
37.07133	18.404497	18.404497	18.7797428	18.823376	
37.08157	18.404497	18.404497	18.7797428	18.823376	
37.09171	18.404497	18.404497	18.7797428	18.823376	
37.10195	18.404497	18.404497	18.7797428	18.823376	
37.11207	18.404497	18.404497	18.7797428	18.823376	
37.12221	18.404497	18.404497	18.7797428	18.823376	
37.13239	18.404497	18.404497	18.7797428	18.823376	
37.1426	18.404497	18.404497	18.7797428	18.823376	
37.15266	18.404497	18.404497	18.7797428	18.823376	
37.16286	18.404497	18.404497	18.7797428	18.823376	
37.17304	18.404497	18.404497	18.7797428	18.823376	
37.18315	18.404497	18.404497	18.7797428	18.823376	
37.19337	18.404497	18.404497	18.7797428	18.823376	
37.20353	18.404497	18.404497	18.7797428	18.823376	
37.21441	18.404497	18.404497	18.7797428	18.823376	
37.22447	18.404497	18.404497	18.7797428	18.823376	
37.23461	18.404497	18.404497	18.7797428	18.823376	
37.24477	18.404497	18.404497	18.7797428	18.823376	
37.25491	18.404497	18.404497	18.7797428	18.823376	
37.26502	18.404497	18.404497	18.7797428	18.823376	
37.2752	18.404497	18.404497	18.7797428	18.823376	
37.2854	18.404497	18.404497	18.7797428	18.823376	
37.2955	18.404497	18.404497	18.7797428	18.823376	
37.30602	18.404497	18.404497	18.7797428	18.823376	
37.31586	18.404497	18.404497	18.7797428	18.823376	
37.32601	18.404497	18.404497	18.7797428	18.823376	
37.33616	18.404497	18.404497	18.7797428	18.823376	
37.34629	18.404497	18.404497	18.7797428	18.823376	
37.35643	18.404497	18.404497	18.7797428	18.823376	
37.36667	18.404497	18.404497	18.7797428	18.823376	
37.37681	18.404497	18.404497	18.7797428	18.823376	
37.38693	18.404497	18.404497	18.7797428	18.823376	
37.39723	18.404497	18.404497	18.7797428	18.823376	
37.40726	18.404497	18.404497	18.7797428	18.823376	
37.41888	18.404497	18.404497	18.7797428	18.823376	
37.42754	18.404497	18.404497	18.7797428	18.823376	
37.43773	18.404497	18.404497	18.7797428	18.823376	
37.4479	18.404497	18.404497	18.7797428	18.823376	
37.45837	18.404497	18.404497	18.7797428	18.823376	
37.46818	18.404497	18.404497	18.7797428	18.823376	
37.47856	18.404497	18.404497	18.7797428	18.823376	
37.48868	18.404497	18.404497	18.7797428	18.823376	
37.49881	18.404497	18.404497	18.7797428	18.823376	
37.50919	18.404497	18.404497	18.7797428	18.823376	
37.51971	18.404497	18.404497	18.7797428	18.823376	
37.52946	18.404497	18.404497	18.7797428	18.823376	
37.53962	18.404497	18.404497	18.7797428	18.823376	
37.55004	18.404497	18.404497	18.7797428	18.823376	
37.55993	18.404497	18.404497	18.7797428	18.823376	
37.57005	18.404497	18.404497	18.7797428	18.823376	
37.58041	18.404497	18.404497	18.7797428	18.823376	
37.59043	18.404497	18.404497	18.7797428	18.823376	
37.60051	18.404497	18.404497	18.7797428	18.823376	
37.61078	18.404497	18.404497	18.7797428	18.823376	
37.62121	18.404497	18.404497	18.7797428	18.823376	
37.63133	18.404497	18.404497	18.7797428	18.823376	
37.6412	18.404497	18.404497	18.7797428	18.823376	
37.65138	18.404497	18.404497	18.7797428	18.823376	
37.66155	18.404497	18.404497	18.7797428	18.823376	
37.67179	18.404497	18.404497	18.7797428	18.823376	
37.68191	18.404497	18.404497	18.7797428	18.823376	
37.69201	18.404497	18.404497	18.7797428	18.823376	
37.71085	18.404497	18.404497	18.7797428	18.823376	
37.71541	18.404497	18.404497	18.7797428	18.823376	
37.72561	18.404497	18.404497	18.7797428	18.823376	
37.74412	18.404497	18.404497	18.7797428	18.823376	
37.74869	18.404497	18.404497	18.7797428	18.823376	
37.75884	18.404497	18.404497	18.7797428	18.823376	
37.76903	18.404497	18.404497	18.7797428	18.823376	
37.77922	18.404497	18.404497	18.7797428	18.823376	
37.78937	18.404497	18.404497	18.7797428	18.823376	
37.79949	18.404497	18.404497	18.7797428	18.823376	
37.80959	18.404497	18.404497	18.7797428	18.823376	
37.81976	18.404497	18.404497	18.7797428	18.823376	
37.82995	18.404497	18.404497	18.7797428	18.823376	
37.84006	18.404497	18.404497	18.7797428	18.823376	
37.85018	18.404497	18.404497	18.7797428	18.823376	
37.86036	18.404497	18.404497	18.7797428	18.823376	
37.87056	18.404497	18.404497	18.7797428	18.823376	
37.8886	18.404497	18.404497	18.7797428	18.823376	
37.89323	18.404497	18.404497	18.7797428	18.823376	
37.90336	18.404497	18.404497	18.7797428	18.823376	
37.91349	18.404497	18.404497	18.7797428	18.823376	
37.92372	18.404497	18.404497	18.7797428	18.823376	
37.93409	18.404497	18.404497	18.7797428	18.823376	
37.94398	18.404497	18.404497	18.7797428	18.823376	
37.95414	18.404497	18.404497	18.7797428	18.823376	
37.9643	18.404497	18.404497	18.7797428	18.823376	
37.97449	18.404497	18.404497	18.7797428	18.823376	
37.98464	18.404497	18.404497	18.7797428	18.823376	
37.99476	18.404497	18.404497	18.7797428	18.823376	
38.00496	18.404497	18.404497	18.7797428	18.823376	
38.01511	18.404497	18.404497	18.7797428	18.823376	
38.02525	18.404497	18.404497	18.7797428	18.823376	
38.03538	18.404497	18.404497	18.7797428	18.823376	
38.0456	18.404497	18.404497	18.7797428	18.823376	
38.06368	18.404497	18.404497	18.7797428	18.823376	
38.06834	18.404497	18.404497	18.7797428	18.823376	
38.0786	18.404497	18.404497	18.7797428	18.823376	
38.08854	18.404497	18.404497	18.7797428	18.823376	
38.09873	18.404497	18.404497	18.7797428	18.823376	
38.10888	18.404497	18.404497	18.7797428	18.823376	
38.11897	18.404497	18.404497	18.7797428	18.823376	
38.12915	18.404497	18.404497	18.7797428	18.823376	
38.13936	18.404497	18.404497	18.7797428	18.823376	
38.14956	18.404497	18.404497	18.7797428	18.823376	
38.15974	18.404497	18.404497	18.7797428	18.823376	
38.16981	18.404497	18.404497	18.7797428	18.823376	
38.1799	18.404497	18.404497	18.7797428	18.823376	
38.19014	18.404497	18.404497	18.7797428	18.823376	
38.20022	18.404497	18.404497	18.7797428	18.823376	
38.21037	18.404497	18.404497	18.7797428	18.823376	
38.22054	18.404497	18.404497	18.7797428	18.823376	
38.23071	18.404497	18.404497	18.7797428	18.823376	
38.24127	18.404497	18.404497	18.7797428	18.823376	
38.25154	18.404497	18.404497	18.7797428	18.823376	
38.26132	18.404497	18.404497	18.7797428	18.823376	
38.27148	18.404497	18.404497	18.7797428	18.823376	
38.2819	18.404497	18.404497	18.7797428	18.823376	
38.2918	18.404497	18.404497	18.7797428	18.823376	
38.30196	18.404497	18.404497	18.7797428	18.823376	
38.31246	18.404497	18.404497	18.7797428	18.823376	
38.32228	18.404497	18.404497	18.7797428	18.823376	
38.33241	18.404497	18.404497	18.7797428	18.823376	
38.34298	18.404497	18.404497	18.7797428	18.823376	
38.35275	18.404497	18.404497	18.7797428	18.823376	
38.36288	18.404497	18.404497	18.7797428	18.823376	
38.37338	18.404497	18.404497	18.7797428	18.823376	
38.38322	18.404497	18.404497	18.7797428	18.823376	
38.39334	18.404497	18.404497	18.7797428	18.823376	
38.40384	18.404497	18.404497	18.7797428	18.823376	
38.41369	18.404497	18.404497	18.7797428	18.823376	
38.42441	18.404497	18.404497	18.7797428	18.823376	
38.43447	18.404497	18.404497	18.7797428	18.823376	
38.44457	18.404497	18.404497	18.7797428	18.823376	
38.45477	18.404497	18.404497	18.7797428	18.823376	
38.46492	18.404497	18.404497	18.7797428	18.823376	
38.47506	18.404497	18.404497	18.7797428	18.823376	
38.48526	18.404497	18.404497	18.7797428	18.823376	
38.4954	18.404497	18.404497	18.7797428	18.823376	
38.50565	18.404497	18.404497	18.7797428	18.823376	
38.5164	18.404497	18.404497	18.7797428	18.823376	
38.52583	18.404497	18.404497	18.7797428	18.823376	
38.53595	18.404497	18.404497	18.7797428	18.8146493	
38.54605	18.404497	18.404497	18.7797428	18.8146493	
38.55623	18.404497	18.404497	18.7797428	18.8146493	
38.56648	18.404497	18.404497	18.7797428	18.8146493	
38.57654	18.404497	18.404497	18.7797428	18.8146493	
38.58707	18.404497	18.404497	18.7797428	18.8146493	
38.59683	18.404497	18.404497	18.7797428	18.8146493	
38.607	18.404497	18.404497	18.7797428	18.8146493	
38.62533	18.404497	18.404497	18.7797428	18.8059227	
38.62992	18.404497	18.404497	18.7797428	18.8059227	
38.64006	18.404497	18.404497	18.7797428	18.8059227	
38.65024	18.404497	18.404497	18.7797428	18.797196	
38.66038	18.404497	18.404497	18.7797428	18.797196	
38.67059	18.404497	18.404497	18.7797428	18.7884694	
