38.68344	18.4064797	18.404497	18.7817255	18.7884694	
38.69353	18.4087372	18.404497	18.783983	18.7797428	
38.70344	18.4117305	18.404497	18.7869763	18.7797428	
38.71365	18.4156633	18.4132236	18.7909091	18.7797428	
38.72383	18.4204128	18.4132236	18.7956586	18.7797428	
38.73396	18.4259646	18.4132236	18.8012104	18.7797428	
38.74415	18.432372	18.4132236	18.8076177	18.7797428	
38.75425	18.4395408	18.4132236	18.8147866	18.7797428	
38.76443	18.4475918	18.4132236	18.8228376	18.7884694	
38.77468	18.4565525	18.4132236	18.8317983	18.7884694	
38.78473	18.4661351	18.4132236	18.8413809	18.797196	
38.79489	18.4766439	18.4132236	18.8518897	18.797196	
38.80511	18.4880717	18.4132236	18.8633175	18.8059227	
38.81518	18.500119	18.4132236	18.8753648	18.8059227	
38.82538	18.5131643	18.4132236	18.8884101	18.8146493	
38.83554	18.5269825	18.4132236	18.9022283	18.823376	
38.84569	18.5416138	18.4132236	18.9168595	18.8321026	
38.85592	18.5571845	18.4132236	18.9324303	18.8408293	
38.86597	18.5733149	18.4132236	18.9485607	18.8495559	
38.87618	18.5905152	18.4132236	18.965761	18.8670092	
38.88641	18.608594	18.4132236	18.9838398	18.8757359	
38.89652	18.6272813	18.4132236	19.002527	18.8844625	
38.90663	18.6467887	18.4219503	19.0220345	18.9019158	
38.91693	18.6680096	18.4306769	19.0432554	18.9106424	
38.927	18.6885705	18.4481302	19.0638163	18.9193691	
38.93711	18.7105306	18.4568568	19.0857764	18.9280957	
38.94719	18.7332487	18.4743101	19.1084944	18.9368224	
38.95753	18.7574068	18.4917634	19.1326526	18.9542757	
38.96766	18.7819016	18.5092167	19.1571474	18.9630023	
38.97793	18.8075797	18.5353967	19.1828255	18.9804556	
38.98804	18.8336586	18.5528499	19.2089044	18.9891823	
38.99816	18.860566	18.5790299	19.2358118	19.0066356	
39.00829	18.8883544	18.6052098	19.2636002	19.0240888	
39.01861	18.9175096	18.6313898	19.2927553	19.0415421	
39.02858	18.9464781	18.6575697	19.3217239	19.0589954	
39.03877	18.9768982	18.6924763	19.3521439	19.093902	
39.04892	19.0080113	18.7186562	19.3832571	19.120082	
39.05904	19.0398855	18.7535628	19.4151312	19.1462619	
39.07753	19.1014718	18.7884694	19.4767176	19.1724418	
39.0823	19.1172603	18.8321026	19.4925061	19.2160751	
39.09234	19.1515243	18.8757359	19.52677	19.2509816	
39.10252	19.1871184	18.9193691	19.5623642	19.2946149	
39.11264	19.2233198	18.9542757	19.5985656	19.3295215	
39.12274	19.2602311	18.9979089	19.6354769	19.3731547	
39.13297	19.2985054	19.0415421	19.6737512	19.4080613	
39.14314	19.337377	19.093902	19.7126228	19.4516945	
39.15323	19.3767427	19.1375352	19.7519884	19.5040544	
39.16341	19.417288	19.1898951	19.7925338	19.5476876	
39.17357	19.4585744	19.2335284	19.8338201	19.6000475	
39.18376	19.5008398	19.2858882	19.8760856	19.6436807	
39.19391	19.5437496	19.3382481	19.9189954	19.6960406	
39.20408	19.587559	19.390608	19.9628048	19.7484005	
39.21424	19.6321234	19.4342412	20.0073692	19.8007604	
39.22438	19.6774939	19.4866011	20.0527397	19.8531202	
39.23456	19.7238285	19.5476876	20.0990742	19.9054801	
39.2447	19.7707873	19.5913209	20.1460331	19.9665666	
39.25484	19.8186114	19.6524074	20.1938572	20.0189265	
39.265	19.8673373	19.7047673	20.2425831	20.0712864	
39.27519	19.9170241	19.7571271	20.2922699	20.1323729	
39.28535	19.967409	19.809487	20.3426548	20.1847328	
39.30383	20.0623972	19.9142068	20.437643	20.2894526	
39.30841	20.0858765	19.9316601	20.4611223	20.3156325	
39.31899	20.1411992	19.9840199	20.516445	20.376719	
39.3287	20.1926546	20.0451065	20.5679004	20.4378055	
39.33886	20.2474276	20.106193	20.6226734	20.4901654	
39.34943	20.3053049	20.1585529	20.6805507	20.5512519	
39.35914	20.3591403	20.2109127	20.7343861	20.6123385	
39.36934	20.4165684	20.2719993	20.7918142	20.673425	
39.37975	20.4760545	20.3243591	20.8513003	20.7345115	
39.38997	20.5352824	20.3854457	20.9105282	20.795598	
39.3998	20.5930494	20.4378055	20.9682951	20.8566846	
39.41026	20.6553643	20.4988921	21.03061	20.9177711	
39.42005	20.7144266	20.5599786	21.0896724	20.9788576	
39.4302	20.7765059	20.6123385	21.1517517	21.0399441	
39.44066	20.8414456	20.6821516	21.2166914	21.1010307	
39.45049	20.9031379	20.7345115	21.2783837	21.1621172	
39.46067	20.9679028	20.8043247	21.3431486	21.2232037	
39.4714	21.0370718	20.8654112	21.4123176	21.2930169	
39.48091	21.0990888	20.9264977	21.4743346	21.3541034	
39.49134	21.1680068	20.9963109	21.5432526	21.4151899	
39.5017	21.2373385	21.0661241	21.6125843	21.4850031	
39.51168	21.3048893	21.1272106	21.6801351	21.5460896	
39.52182	21.374387	21.1970238	21.7496327	21.6159028	
39.53217	21.4461403	21.2668369	21.8213861	21.685716	
39.54209	21.5156177	21.3366501	21.8908635	21.7555291	
39.55223	21.5875323	21.4064633	21.9627781	21.8253423	
39.56267	21.662576	21.4850031	22.0378218	21.9038821	
39.57255	21.7341985	21.5548163	22.1094443	21.9736953	
39.58275	21.8090463	21.6246294	22.1842921	22.0435085	
39.59312	21.886009	21.7031692	22.2612548	22.1220483	
39.60337	21.96297	21.7817091	22.3382158	22.2005881	
39.61324	22.0376989	21.8515222	22.4129447	22.2704013	
39.62362	22.1173542	21.9213354	22.4926	22.3489411	
39.63351	22.1938451	21.9998752	22.5690909	22.4362075	
39.64363	22.2730232	22.078415	22.648269	22.5147474	
39.6541	22.3558956	22.1569549	22.7311414	22.5845605	
39.67195	22.5001966	22.2965812	22.8754424	22.7329135	
39.6765	22.5368783	22.3314878	22.9121241	22.7678201	
39.68676	22.6207394	22.4100276	22.9959852	22.8550866	
39.69748	22.7162344	22.4972941	23.0914801	22.9336264	
39.707	22.7884949	22.5845605	23.1637407	23.0121662	
39.71745	22.8788068	22.6631003	23.2540526	23.0994327	
39.73748	23.0490041	22.8289066	23.4242499	23.2652389	
39.7423	23.0904738	22.8725398	23.4657196	23.3001455	
39.75219	23.1764324	22.9598063	23.5516781	23.387412	
39.76236	23.2656011	23.0557994	23.6408469	23.4746784	
39.77267	23.3570149	23.1430659	23.7322607	23.5619449	
39.78275	23.4470515	23.2303323	23.8222973	23.6492114	
39.79284	23.5380829	23.3175988	23.9133287	23.7364778	
39.80312	23.6316447	23.4135919	24.0068905	23.8324709	
39.81326	23.7246934	23.509585	24.0999392	23.9197374	
39.82335	23.8181695	23.5968515	24.1934153	24.0070039	
39.83349	23.912981	23.7015712	24.2882268	24.102997	
39.84368	24.0089122	23.7888377	24.3841579	24.1902634	
39.85381	24.1052484	23.8935575	24.4804942	24.2949832	
39.86402	24.2032024	23.9895506	24.5784482	24.3822497	
39.87416	24.3012276	24.0855437	24.6764734	24.4782428	
39.8843	24.4000455	24.1902634	24.7752913	24.5742359	
39.89456	24.501009	24.2862565	24.8762548	24.6789556	
39.9046	24.6004075	24.3909763	24.9756533	24.7749487	
39.91478	24.7021985	24.4869694	25.0774442	24.8709418	
39.92538	24.8090841	24.5916892	25.1843299	24.9756616	
39.93516	24.9083447	24.6964089	25.2835905	25.0803814	
39.94527	25.01188	24.8011287	25.3871257	25.1763745	
39.95541	25.1165048	24.9058484	25.4917506	25.2810942	
39.9656	25.2225413	25.0105682	25.5977871	25.385814	
39.97575	25.3288898	25.1240146	25.7041356	25.4905337	
39.98626	25.4400381	25.2287343	25.8152839	25.6039801	
39.99608	25.5444468	25.3421807	25.9196926	25.7086999	
40.00617	25.6526722	25.4469005	26.027918	25.8134196	
40.01666	25.7667957	25.5516202	26.1420415	25.9355927	
40.02654	25.8737047	25.6650667	26.2489505	26.0403124	
40.03668	25.9854765	25.7785131	26.3607223	26.1537588	
40.0472	26.1012084	25.8919595	26.4764542	26.2672052	
40.05699	26.2101518	26.0054059	26.5853976	26.3806516	
40.06714	26.323952	26.1188523	26.6991978	26.4853714	
40.07762	26.4424475	26.2322987	26.8176933	26.5988178	
40.08746	26.554233	26.3370184	26.9294788	26.7122642	
40.09757	26.6700203	26.4591915	27.0452661	26.8344372	
40.10798	26.7907068	26.5726379	27.1659526	26.9478837	
40.11792	26.9056916	26.6860843	27.2809374	27.0613301	
40.1281	27.0249113	26.8082573	27.4001571	27.1835031	
40.13842	27.1465094	26.9217037	27.5217552	27.2969495	
40.1483	27.2635901	27.0438768	27.6388359	27.4191225	
40.15855	27.3860463	27.1573232	27.7612921	27.5412956	
40.17065	27.5313663	27.2794962	27.9066121	27.6634686	
40.17873	27.6282303	27.4016693	28.0034761	27.7856417	
40.18887	27.7500183	27.5238423	28.1252641	27.9165414	
40.19903	27.8718183	27.654742	28.2470641	28.0387144	
40.20932	27.9952743	27.776915	28.3705201	28.1696141	
40.21942	28.1164863	27.9078147	28.4917321	28.3005138	
40.22954	28.2379863	28.0299878	28.6132321	28.4226869	
40.23971	28.358787	28.1521608	28.7340328	28.5535866	
40.24979	28.4776992	28.2830605	28.8529449	28.6844863	
40.27272	28.7427953	28.5623132	29.1180411	28.9724656	
40.28291	28.8604209	28.6932129	29.2356667	29.1033653	
40.29344	28.9808858	28.815386	29.3561316	29.234265	
40.30321	29.0920319	28.937559	29.4672777	29.356438	
40.31337	29.2067398	29.059732	29.5819856	29.4873377	
40.32383	29.3239493	29.1819051	29.6991951	29.6095108	
40.33373	29.434146	29.3128048	29.8093917	29.7404105	
40.34391	29.5465328	29.4262512	29.9217786	29.8625835	
40.35431	29.6605441	29.5571509	30.0357899	29.9847565	
40.36419	29.7681399	29.6705973	30.1433857	30.098203	
40.37432	29.8775319	29.7927703	30.2527777	30.220376	
40.3848	29.9899854	29.9062167	30.3652312	30.3338224	
40.39481	30.0963981	30.0196631	30.4716439	30.4559954	
40.40483	30.2022433	30.1418362	30.5774891	30.5694418	
40.41533	30.312238	30.2552826	30.6874838	30.6828883	
40.42649	30.4281862	30.368729	30.803432	30.787608	
40.43528	30.5189193	30.4821754	30.8941651	30.8923278	
40.4458	30.6265578	30.5956218	31.0018036	30.9970475	
40.45561	30.7262023	30.7003415	31.101448	31.1017673	
40.46575	30.8283165	30.8137879	31.2035623	31.206487	
40.47623	30.9330669	30.9185077	31.3083127	31.3112068	
40.48606	31.0305395	31.0232275	31.4057852	31.4071999	
40.49625	31.1306815	31.1192206	31.5059272	31.5119196	
40.50665	31.232741	31.2239403	31.6079868	31.6079128	
40.51729	31.3349771	31.3199334	31.7102229	31.7039059	
40.5268	31.4261374	31.4159265	31.8013832	31.799899	
40.5371	31.5241028	31.5206463	31.8993486	31.8871654	
40.54697	31.6171281	31.6079128	31.9923739	31.9831585	
40.55713	31.712139	31.7039059	32.0873848	32.0791517	
40.56763	31.8093356	31.799899	32.1845814	32.1664181	
40.57744	31.8994306	31.8871654	32.2746764	32.2536846	
40.58754	31.9914667	31.9744319	32.3667125	32.340951	
40.59812	32.0869623	32.0616984	32.4622081	32.4282175	
40.60796	32.1748646	32.1489648	32.5501104	32.515484	
40.61811	32.2648242	32.2275046	32.64007	32.6027504	
40.62857	32.3566662	32.3147711	32.731912	32.6900169	
40.6387	32.4448432	32.3933109	32.820089	32.7685567	
40.64862	32.5303168	32.4805774	32.9055626	32.8470965	
40.65896	32.6186301	32.5591172	32.9938759	32.934363	
40.66876	32.7015239	32.637657	33.0767697	33.0216294	
40.67896	32.7869609	32.7161968	33.1622067	33.1001693	
40.68941	32.8737387	32.7947366	33.2489845	33.1874357	
40.70753	33.0208699	32.8820031	33.3961157	33.2659755	
40.71218	33.0586539	32.9779962	33.4338996	33.3706953	
40.72235	33.1403879	33.056536	33.5156337	33.4579618	
40.73249	33.2210429	33.1350758	33.5962887	33.5452282	
40.74269	33.3013558	33.2136157	33.6766016	33.623768	
40.75305	33.3821401	33.3008821	33.7573859	33.7023079	
40.76295	33.4584892	33.3706953	33.833735	33.7895743	
40.77314	33.536219	33.4579618	33.9114648	33.8681141	
40.78331	33.6130381	33.5365016	33.9882838	33.946654	
40.7934	33.6884053	33.6150414	34.0636511	34.0251938	
40.80359	33.7637597	33.6848546	34.1390055	34.1037336	
40.81381	33.8384781	33.7633944	34.2137239	34.1822734	
40.82399	33.912064	33.8419342	34.2873098	34.2608132	
40.83409	33.9842679	33.920474	34.3595137	34.339353	
40.84423	34.0559918	33.9990138	34.4312376	34.4178928	
40.85443	34.1272795	34.068827	34.5025253	34.487706	
40.86458	34.1973917	34.1386402	34.5726375	34.5662458	
40.87474	34.2668039	34.21718	34.6420497	34.6447857	
40.88494	34.3355718	34.2869932	34.7108176	34.7145988	
40.89503	34.4028777	34.3568063	34.7781235	34.784412	
40.90523	34.4700452	34.4266195	34.845291	34.8542252	
40.91537	34.5360406	34.487706	34.9112864	34.9240383	
40.92552	34.6012938	34.5575192	34.9765396	34.9938515	
40.93569	34.6659018	34.6186057	35.0411476	35.0636647	
40.9458	34.7292253	34.6796922	35.1044711	35.1334778	
40.95594	34.7922052	34.7495054	35.167451	35.1945644	
40.96619	34.8545837	34.8105919	35.2298295	35.2556509	
40.97629	34.9154313	34.8716785	35.2906771	35.3167374	
40.98644	34.9758315	34.932765	35.3510773	35.3778239	
40.99664	35.0356782	34.9938515	35.410924	35.4301838	
41.00678	35.0943317	35.0462114	35.4695775	35.4912703	
41.01698	35.1525458	35.1072979	35.5277916	35.5436302	
41.02713	35.2096716	35.1596578	35.5849173	35.6047167	
41.0373	35.2660521	35.2207443	35.6412979	35.6570766	
41.04736	35.3210432	35.2731042	35.696289	35.7094365	
41.05757	35.3761303	35.3254641	35.7513761	35.7530697	
41.06779	35.4303394	35.3778239	35.8055852	35.8054296	
41.07792	35.4832751	35.4301838	35.8585209	35.8577895	
41.09598	35.5745754	35.5174503	35.9498212	35.9450559	
41.10056	35.5978473	35.5349036	35.973093	35.9625092	
41.11871	35.6863745	35.6308967	36.0616203	36.0497757	
41.1233	35.7087955	35.64835	36.0840413	36.067229	
41.13351	35.7577176	35.7007098	36.1329634	36.1195889	
41.14367	35.8056096	35.7443431	36.1808553	36.1632221	
41.15375	35.852334	35.796703	36.2275797	36.1981287	
41.16391	35.898629	35.8403362	36.2738748	36.2504886	
41.17444	35.9457333	35.8839694	36.320979	36.2941218	
41.18454	35.9900717	35.9276027	36.3653175	36.337755	
41.19469	36.0338649	35.9712359	36.4091107	36.3813883	
41.20488	36.0770746	36.0148691	36.4523204	36.4250215	
41.21501	36.1191598	36.0585023	36.4944056	36.4686547	
41.22518	36.1606306	36.1021356	36.5358764	36.512288	
41.23533	36.2012709	36.1457688	36.5765167	36.5471945	
41.24552	36.2411819	36.189402	36.6164277	36.5821011	
41.25562	36.2799875	36.2330353	36.6552333	36.6257344	
41.27429	36.3484327	36.2679419	36.7236785	36.6606409	
41.279	36.3657236	36.3290284	36.7409694	36.7130008	
41.28909	36.4019133	36.363935	36.777159	36.7479074	
41.30715	36.4635298	36.4075682	36.8387755	36.7915406	
41.31202	36.480234	36.4512014	36.8554797	36.8264472	
41.32211	36.5138217	36.486108	36.8890675	36.8613538	
41.33252	36.5476262	36.5210146	36.922872	36.8962604	
41.34253	36.5793663	36.5471945	36.9546121	36.931167	
41.35279	36.6111223	36.5821011	36.9863681	36.9660736	
41.3628	36.641309	36.6170077	37.0165548	36.9922535	
41.37293	36.6710779	36.6519143	37.0463237	37.0271601	
41.38311	36.700223	36.6780942	37.0754688	37.05334	
41.39329	36.7285401	36.7042742	37.1037859	37.07952	
41.40342	36.7559531	36.7391808	37.1311989	37.1056999	
41.41358	36.7826875	36.7653607	37.1579333	37.1406065	
41.42377	36.8087061	36.7915406	37.1839519	37.1667864	
41.43395	36.8338929	36.8177206	37.2091387	37.1929664	
41.4441	36.8583065	36.8351739	37.2335523	37.2191463	
41.45429	36.8819011	36.8613538	37.2571469	37.2453262	
41.46441	36.9046162	36.8788071	37.279862	37.2627795	
41.47455	36.9266188	36.8962604	37.3018646	37.2889595	
41.48476	36.9479895	36.9137137	37.3232353	37.3064128	
41.495	36.9686366	36.931167	37.3438824	37.3325927	
41.50505	36.9881407	36.9486203	37.3633865	37.350046	
41.51528	37.007222	36.9660736	37.3824678	37.3674993	
41.52546	37.0254484	36.9748002	37.4006942	37.3762259	
41.53554	37.0427453	36.9922535	37.417991	37.3849526	
41.5457	37.0594213	37.0009801	37.4346671	37.4024059	
41.55582	37.0752838	37.0184334	37.4505296	37.4198592	
41.56601	37.0905107	37.0184334	37.4657565	37.4198592	
41.57623	37.1050044	37.0358867	37.4802502	37.4373125	
41.58657	37.118896	37.0358867	37.4941418	37.4460391	
41.59675	37.1318444	37.05334	37.5070902	37.4547657	
41.60696	37.1440814	37.05334	37.5193272	37.4547657	
41.61703	37.155436	37.0620667	37.5306818	37.4634924	
41.62718	37.1661596	37.0707933	37.5414054	37.472219	
41.63741	37.1762339	37.0707933	37.5514797	37.472219	
41.64751	37.1854852	37.07952	37.560731	37.4809457	
41.65764	37.1940665	37.07952	37.5693123	37.4809457	
41.66785	37.2020156	37.0882466	37.5772613	37.4809457	
41.67796	37.2092047	37.0882466	37.5844505	37.4896723	
41.68816	37.2157887	37.0882466	37.5910345	37.4896723	
41.69982	37.2225215	37.0882466	37.5977673	37.4896723	
41.70841	37.2268704	37.0882466	37.6021162	37.4896723	
41.71859	37.231521	37.0882466	37.6067668	37.4896723	
41.72906	37.2356528	37.0882466	37.6108986	37.4896723	
41.74751	37.240608	37.0882466	37.6158538	37.4896723	
41.76032	37.2435665	37.0882466	37.6188123	37.4896723	
41.7649	37.2446289	37.0882466	37.6198747	37.4896723	
41.77508	37.2464374	37.0882466	37.6216832	37.4896723	
41.7852	37.2516065	37.0882466	37.6268522	37.4896723	
41.79538	37.2516065	37.0882466	37.6268522	37.4896723	
41.80557	37.2516065	37.0882466	37.6268522	37.4896723	
41.81571	37.2516065	37.0882466	37.6268522	37.4896723	
41.82583	37.2516065	37.0882466	37.6268522	37.4896723	
41.83598	37.2516065	37.0882466	37.6268522	37.4896723	
41.8462	37.2516065	37.0882466	37.6268522	37.4896723	
41.85636	37.2516065	37.0882466	37.6268522	37.4896723	
41.86645	37.2516065	37.0882466	37.6268522	37.4896723	
41.87668	37.2516065	37.0882466	37.6268522	37.4896723	
41.88686	37.2516065	37.0882466	37.6268522	37.4896723	
41.89696	37.2516065	37.0882466	37.6268522	37.4896723	
41.90722	37.2516065	37.0882466	37.6268522	37.4896723	
41.91735	37.2516065	37.0882466	37.6268522	37.4896723	
41.92744	37.2516065	37.0882466	37.6268522	37.4896723	
41.93762	37.2516065	37.0882466	37.6268522	37.4896723	
41.94769	37.2516065	37.0882466	37.6268522	37.4896723	
41.958	37.2516065	37.0882466	37.6268522	37.4896723	
41.96818	37.2516065	37.0882466	37.6268522	37.4896723	
41.97823	37.2516065	37.0882466	37.6268522	37.4896723	
41.98833	37.2516065	37.0882466	37.6268522	37.4896723	
41.99861	37.2516065	37.0882466	37.6268522	37.4896723	
42.01675	37.2516065	37.0882466	37.6268522	37.4896723	
42.0214	37.2516065	37.0882466	37.6268522	37.4896723	
42.03156	37.2516065	37.0882466	37.6268522	37.4896723	
42.0417	37.2516065	37.0882466	37.6268522	37.4896723	
42.05185	37.2516065	37.0882466	37.6268522	37.4896723	
42.06205	37.2516065	37.0882466	37.6268522	37.4896723	
42.07228	37.2516065	37.0882466	37.6268522	37.4896723	
42.0825	37.2516065	37.0882466	37.6268522	37.4896723	
42.09261	37.2516065	37.0882466	37.6268522	37.4896723	
42.10282	37.2516065	37.0882466	37.6268522	37.4896723	
42.11292	37.2516065	37.0882466	37.6268522	37.4896723	
42.12309	37.2516065	37.0882466	37.6268522	37.4896723	
42.13327	37.2516065	37.0882466	37.6268522	37.4896723	
42.14341	37.2516065	37.0882466	37.6268522	37.4896723	
42.15354	37.2516065	37.0882466	37.6268522	37.4896723	
42.16374	37.2516065	37.0882466	37.6268522	37.4896723	
42.17388	37.2516065	37.0882466	37.6268522	37.4896723	
42.18411	37.2516065	37.0882466	37.6268522	37.4896723	
42.19421	37.2516065	37.0882466	37.6268522	37.4896723	
42.20431	37.2516065	37.0882466	37.6268522	37.4896723	
42.21517	37.2516065	37.0882466	37.6268522	37.4896723	
42.22502	37.2516065	37.0882466	37.6268522	37.4896723	
42.23546	37.2516065	37.0882466	37.6268522	37.4896723	
42.24539	37.2516065	37.0882466	37.6268522	37.4896723	
42.25548	37.2516065	37.0882466	37.6268522	37.4896723	
42.26582	37.2516065	37.0882466	37.6268522	37.4896723	
42.2758	37.2516065	37.0882466	37.6268522	37.4896723	
42.286	37.2516065	37.0882466	37.6268522	37.4896723	
42.29624	37.2516065	37.0882466	37.6268522	37.4896723	
42.30632	37.2516065	37.0882466	37.6268522	37.4896723	
42.31646	37.2516065	37.0882466	37.6268522	37.4896723	
42.32674	37.2516065	37.0882466	37.6268522	37.4896723	
42.3368	37.2516065	37.0882466	37.6268522	37.4896723	
42.34692	37.2516065	37.0882466	37.6268522	37.4896723	
42.35706	37.2516065	37.0882466	37.6268522	37.4896723	
42.36723	37.2516065	37.0882466	37.6268522	37.4896723	
42.37738	37.2516065	37.0882466	37.6268522	37.4896723	
42.38752	37.2516065	37.0882466	37.6268522	37.4896723	
42.39769	37.2516065	37.0882466	37.6268522	37.4896723	
42.40788	37.2516065	37.0882466	37.6268522	37.4896723	
42.41838	37.2516065	37.0882466	37.6268522	37.4896723	
42.4286	37.2516065	37.0882466	37.6268522	37.4896723	
42.43831	37.2516065	37.0882466	37.6268522	37.4896723	
42.44846	37.2516065	37.0882466	37.6268522	37.4896723	
42.45858	37.2516065	37.0882466	37.6268522	37.4896723	
42.46878	37.2516065	37.0882466	37.6268522	37.4896723	
42.47894	37.2516065	37.0882466	37.6268522	37.4896723	
42.48906	37.2516065	37.0882466	37.6268522	37.4896723	
42.49923	37.2516065	37.0882466	37.6268522	37.4896723	
42.50942	37.2516065	37.0882466	37.6268522	37.4896723	
42.52057	37.2516065	37.0882466	37.6268522	37.4896723	
42.52993	37.2516065	37.0882466	37.6268522	37.4896723	
42.53974	37.2516065	37.0882466	37.6268522	37.4896723	
42.54993	37.2516065	37.0882466	37.6268522	37.4896723	
42.56015	37.2516065	37.0882466	37.6268522	37.4896723	
42.57021	37.2516065	37.0882466	37.6268522	37.4896723	
42.58042	37.2516065	37.0882466	37.6268522	37.4896723	
42.59054	37.2516065	37.0882466	37.6268522	37.4896723	
42.60104	37.2516065	37.0882466	37.6268522	37.4896723	
42.61089	37.2516065	37.0882466	37.6268522	37.4896723	
42.621	37.2516065	37.0882466	37.6268522	37.4896723	
42.63174	37.2516065	37.0882466	37.6268522	37.4896723	
42.64155	37.2516065	37.0882466	37.6268522	37.4896723	
42.65169	37.2516065	37.0882466	37.6268522	37.4896723	
42.66206	37.2516065	37.0882466	37.6268522	37.4896723	
42.67199	37.2516065	37.0882466	37.6268522	37.4896723	
42.68219	37.2516065	37.0882466	37.6268522	37.4896723	
42.69249	37.2516065	37.0882466	37.6268522	37.4896723	
42.70253	37.2516065	37.0882466	37.6268522	37.4896723	
42.71266	37.2516065	37.0882466	37.6268522	37.4896723	
42.7229	37.2516065	37.0882466	37.6268522	37.4896723	
42.73299	37.2516065	37.0882466	37.6268522	37.4896723	
42.74321	37.2516065	37.0882466	37.6268522	37.4896723	
42.75333	37.2516065	37.0882466	37.6268522	37.4896723	
42.76347	37.2516065	37.0882466	37.6268522	37.4896723	
42.77363	37.2516065	37.0882466	37.6268522	37.4896723	
42.78382	37.2516065	37.0882466	37.6268522	37.4896723	
42.79394	37.2516065	37.0882466	37.6268522	37.4896723	
42.8041	37.2516065	37.0882466	37.6268522	37.4896723	
42.81429	37.2516065	37.0882466	37.6268522	37.4896723	
42.82441	37.2516065	37.0882466	37.6268522	37.4896723	
42.8346	37.2516065	37.0882466	37.6268522	37.4896723	
42.84483	37.2516065	37.0882466	37.6268522	37.4896723	
42.85499	37.2516065	37.0882466	37.6268522	37.498399	
42.8651	37.2516065	37.0882466	37.6268522	37.5071256	
42.87529	37.2516065	37.0882466	37.6268522	37.5158523	
42.88543	37.2516065	37.0882466	37.6268522	37.5245789	
42.89561	37.2516065	37.0882466	37.6268522	37.5245789	
42.90576	37.2516065	37.0882466	37.6268522	37.5420322	
42.9159	37.2516065	37.0969733	37.6268522	37.5507589	
42.92605	37.2516065	37.0969733	37.6268522	37.5594855	
42.93625	37.2516065	37.1056999	37.6268522	37.5682121	
42.94644	37.2516065	37.1056999	37.6268522	37.5769388	
42.95645	37.2516065	37.1056999	37.6268522	37.5943921	
42.97497	37.2516065	37.1144265	37.6268522	37.5943921	
42.97955	37.2516065	37.1231532	37.6268522	37.6118454	
42.99001	37.2516065	37.1318798	37.6268522	37.6292987	
42.99986	37.2516065	37.1406065	37.6268522	37.6292987	
43.01002	37.2516065	37.1406065	37.6268522	37.646752	
43.02021	37.2516065	37.1580598	37.6268522	37.6554786	
43.03031	37.2516065	37.1580598	37.6268522	37.6642053	
43.04049	37.2516065	37.1667864	37.6268522	37.6642053	
43.05074	37.2516065	37.1755131	37.6268522	37.6642053	
43.06085	37.2516065	37.1755131	37.6268522	37.6729319	
43.07096	37.2516065	37.1842397	37.6268522	37.6729319	
43.08109	37.2516065	37.1929664	37.6268522	37.6729319	
43.09131	37.2516065	37.201693	37.6268522	37.6642053	
43.10149	37.2516065	37.201693	37.6268522	37.6642053	
43.1116	37.2516065	37.2104197	37.6268522	37.6642053	
43.1218	37.2516065	37.2104197	37.6268522	37.6642053	
43.13195	37.2516065	37.2191463	37.6268522	37.6642053	
43.14213	37.2516065	37.2191463	37.6268522	37.6554786	
43.15235	37.2516065	37.2278729	37.6268522	37.6554786	
43.16244	37.2516065	37.2278729	37.6268522	37.646752	
43.17258	37.2516065	37.2365996	37.6268522	37.646752	
43.18298	37.2503078	37.2365996	37.6255536	37.6380253	
43.19299	37.2482733	37.2453262	37.6235191	37.6380253	
43.20347	37.2452441	37.2453262	37.6204899	37.6292987	
43.2134	37.2416021	37.2453262	37.6168479	37.6292987	
43.22352	37.2370698	37.2365996	37.6123156	37.6292987	
43.23364	37.2317176	37.2365996	37.6069634	37.6292987	
43.24379	37.2255244	37.2278729	37.6007702	37.6292987	
43.25394	37.2185098	37.2191463	37.5937555	37.6292987	
43.26414	37.210619	37.2104197	37.5858648	37.6292987	
43.27431	37.2019255	37.2104197	37.5771713	37.6292987	
43.28445	37.192439	37.201693	37.5676848	37.6292987	
43.29467	37.1820388	37.1929664	37.5572846	37.6292987	
43.30475	37.1709799	37.1842397	37.5462257	37.6292987	
43.31495	37.1589426	37.1755131	37.5341884	37.6292987	
43.32508	37.1461733	37.1755131	37.5214191	37.6292987	
43.33528	37.1324719	37.1580598	37.5077177	37.6292987	
43.34541	37.118067	37.1493331	37.4933128	37.6292987	
43.35551	37.1028766	37.1406065	37.4781224	37.6292987	
43.36593	37.0863194	37.1318798	37.4615652	37.620572	
43.37588	37.0697529	37.1231532	37.4449987	37.620572	
43.38604	37.051979	37.1231532	37.4272248	37.620572	
43.39625	37.0332846	37.1144265	37.4085304	37.6118454	
43.40634	37.0140138	37.1056999	37.3892596	37.6031187	
43.41678	36.9931819	37.1056999	37.3684277	37.5943921	
43.42695	36.9720657	37.1056999	37.3473115	37.5856654	
43.4371	36.9501809	37.1056999	37.3254267	37.5682121	
43.44725	36.9274629	37.1056999	37.3027087	37.5594855	
43.45737	36.9039865	37.0969733	37.2792323	37.5420322	
43.46755	36.8795463	37.0882466	37.2547921	37.5245789	
43.47774	36.8542848	37.07952	37.2295306	37.498399	
43.48792	36.8281569	37.0707933	37.2034027	37.472219	
43.49801	36.8014967	37.05334	37.1767425	37.4547657	
43.50813	36.7739405	37.0358867	37.1491863	37.4198592	
43.51834	36.7452733	37.0184334	37.1205191	37.3936792	
43.5285	36.7159102	37.0009801	37.091156	37.3674993	
43.53861	36.6858963	36.9748002	37.0611421	37.3413193	
43.54879	36.6548553	36.9486203	37.0301011	37.3064128	
43.55899	36.6229079	36.9224403	36.9981536	37.2715062	
43.56908	36.5905016	36.8962604	36.9657474	37.2453262	
43.57931	36.5567722	36.8613538	36.932018	37.201693	
43.58943	36.5226347	36.8264472	36.8978805	37.1667864	
43.5996	36.4874749	36.7915406	36.8627207	37.1318798	
43.60969	36.4517766	36.7479074	36.8270223	37.0882466	
43.62009	36.4141032	36.7042742	36.789349	37.0446134	
43.62997	36.377583	36.6693676	36.7528288	37.0009801	
43.64021	36.3388435	36.6170077	36.7140893	36.9573469	
43.65027	36.3000178	36.5733745	36.6752635	36.9137137	
43.66041	36.2600176	36.5297412	36.6352634	36.8613538	
43.67062	36.2189164	36.4773814	36.5941622	36.8177206	
43.68862	36.1433058	36.3901149	36.5185516	36.7304541	
43.69316	36.1243115	36.3726616	36.4995573	36.7130008	
43.70339	36.0804642	36.3203017	36.45571	36.6519143	
43.71348	36.0364089	36.2679419	36.4116546	36.6082811	
43.72365	35.9911282	36.215582	36.366374	36.5559212	
43.73385	35.9449072	36.1632221	36.320153	36.5035613	
43.744	35.8981095	36.1108622	36.2733553	36.4512014	
43.75413	35.850618	36.0585023	36.2258638	36.4075682	
43.76431	35.8018127	36.0061425	36.1770585	36.3464817	
43.77448	35.7526097	35.9537826	36.1278555	36.2941218	
43.78478	35.7017149	35.8926961	36.0769607	36.2330353	
43.79494	35.6506907	35.8403362	36.0259364	36.1806754	
43.80509	35.5989547	35.7792497	35.9742005	36.1283155	
43.81528	35.5461676	35.7268898	35.9214133	36.0759556	
43.82541	35.4927928	35.6745299	35.8680385	36.0148691	
43.83558	35.4384531	35.6134434	35.8136989	35.9537826	
43.84574	35.3833309	35.5610835	35.7585767	35.9014227	
43.85591	35.3273324	35.499997	35.7025782	35.8490628	
43.86602	35.2708551	35.4389105	35.6461009	35.7879763	
43.87615	35.2133926	35.3865506	35.5886384	35.7268898	
43.88642	35.1543506	35.3254641	35.5295964	35.6745299	
43.89656	35.0952279	35.2731042	35.4704737	35.6134434	
43.90676	35.0348667	35.2120177	35.4101125	35.5610835	
43.9169	34.9740515	35.1509311	35.3492973	35.499997	
43.92707	34.9123201	35.0898446	35.2875659	35.4389105	
43.93718	34.8500393	35.0287581	35.2252851	35.3778239	
43.9473	34.7868955	34.9763982	35.1621413	35.3167374	
43.95763	34.7215984	34.906585	35.0968441	35.2556509	
43.96763	34.6575746	34.8542252	35.0328204	35.1858377	
43.97784	34.5913374	34.784412	34.9665832	35.1247512	
43.98793	34.5252144	34.7233255	34.9004602	35.054938	
43.99808	34.4577787	34.6622389	34.8330245	34.9938515	
44.00828	34.3891218	34.5924258	34.7643676	34.9240383	
44.01839	34.3203175	34.5313393	34.6955633	34.8542252	
44.02853	34.2504714	34.4615261	34.6257172	34.784412	
44.03876	34.1791575	34.4004396	34.5544033	34.7145988	
44.04883	34.1082112	34.3306264	34.483457	34.6447857	
44.05899	34.0357295	34.2608132	34.4109753	34.5662458	
44.0692	33.9620768	34.191	34.3373226	34.487706	
44.07938	33.8877978	34.1211869	34.2630436	34.4178928	
44.08945	33.8110241	34.0513737	34.1862699	34.3480797	
44.09966	33.7373872	33.9728339	34.112633	34.2695399	
44.10981	33.6608874	33.8942941	34.0361332	34.191	
44.12018	33.5817593	33.8244809	33.9570051	34.1124602	
44.13006	33.5057514	33.7459411	33.8809972	34.0339204	
44.14025	33.4261907	33.6674013	33.8014365	33.9553806	
44.15056	33.3453626	33.5801348	33.7206083	33.8768408	
44.16056	33.2659079	33.5103216	33.6411537	33.7895743	
44.17076	33.1840645	33.4230552	33.5593103	33.7110345	
44.18093	33.1015703	33.3357887	33.4768161	33.6324947	
44.19137	33.0160529	33.2485223	33.3912987	33.5452282	
44.20155	32.9318387	33.1699824	33.3070845	33.4579618	
44.21171	32.8469311	33.082716	33.2221769	33.3706953	
44.22186	32.7613681	32.9954495	33.1366139	33.2834288	
44.232	32.6750511	32.908183	33.0502969	33.1961624	
44.24212	32.5879819	32.8209166	32.9632277	33.1176226	
44.25232	32.4995113	32.7336501	32.8747571	33.0216294	
44.2624	32.4111951	32.637657	32.7864409	32.934363	
44.27263	32.3206854	32.5503905	32.6959312	32.8470965	
44.28279	32.2301424	32.4543974	32.6053882	32.7598301	
44.29293	32.1388302	32.367131	32.514076	32.663837	
44.30349	32.0427343	32.2711379	32.4179801	32.5678438	
44.31326	31.9532981	32.1838714	32.3285439	32.4805774	
44.32341	31.8594573	32.0791517	32.234703	32.3933109	
44.33392	31.7613417	31.9918852	32.1365874	32.2973178	
44.34376	31.6687303	31.8958921	32.0439761	32.2013247	
44.35384	31.5730955	31.799899	31.9483413	32.1140582	
44.36438	31.4718188	31.6951792	31.8470646	32.0093385	
44.3742	31.3773826	31.5991861	31.7526284	31.922072	
44.38443	31.277796	31.503193	31.6530418	31.8260789	
44.39474	31.1765173	31.3984732	31.5517631	31.7300858	
44.40469	31.0781251	31.3024801	31.4533709	31.625366	
44.41496	30.9755588	31.1977604	31.3508046	31.5206463	
44.42517	30.8727994	31.1017673	31.2480451	31.4246532	
44.43655	30.7572089	30.9970475	31.1324547	31.3286601	
44.44531	30.6678014	30.8923278	31.0430472	31.2239403	
44.45558	30.5619267	30.787608	30.9371725	31.1279472	
44.46564	30.4574983	30.6828883	30.8327441	31.0232275	
44.4758	30.3511069	30.5781685	30.7263527	30.9185077	
44.48611	30.2423415	30.4734487	30.6175873	30.8225146	
44.49613	30.1358761	30.3600023	30.5111219	30.7177948	
44.50623	30.0277308	30.2552826	30.4029766	30.6130751	
44.51658	29.9159101	30.1418362	30.2911559	30.5083553	
44.52667	29.8055184	30.0283898	30.1807642	30.3949089	
44.53681	29.6951661	29.9149434	30.0704119	30.2901892	
44.54695	29.5832098	29.8102236	29.9584556	30.1767428	
44.55726	29.4684968	29.6967772	29.8437426	30.072023	
44.56733	29.3559099	29.5833308	29.7311557	29.9585766	
44.57744	29.241876	29.4698844	29.6171218	29.8451302	
44.58757	29.1268062	29.356438	29.502052	29.7404105	
44.59773	29.0105572	29.2429916	29.385803	29.6182374	
44.60836	28.8878667	29.1295452	29.2631125	29.504791	
44.61804	28.7755664	29.0073722	29.1508121	29.3913446	
44.62815	28.6575128	28.8939258	29.0327586	29.2691716	
44.63838	28.5371448	28.7804794	28.9123906	29.1469985	
44.64853	28.4169093	28.6583063	28.7921551	29.0335521	
44.65863	28.2963321	28.5448599	28.6715779	28.9113791	
44.66883	28.1738455	28.4226869	28.5490913	28.789206	
44.679	28.0518775	28.3092405	28.4271233	28.667033	
44.68907	27.9310015	28.1870674	28.3062473	28.5448599	
44.69928	27.8084455	28.0648944	28.1836913	28.4139602	
44.70988	27.6812815	27.9427213	28.0565273	28.2917872	
44.71951	27.5657215	27.8205483	27.9409673	28.1608875	
44.72973	27.4430935	27.6983752	27.8183393	28.0299878	
44.73981	27.3233123	27.5762022	27.6985581	27.8990881	
44.74993	27.2039555	27.4540291	27.5792013	27.7681884	
44.76012	27.0844975	27.3318561	27.4597433	27.6460154	
44.77027	26.9664775	27.2009564	27.3417233	27.506389	
44.78041	26.8488649	27.0787833	27.2241107	27.384216	
44.79058	26.7325425	26.9478837	27.1077883	27.2533163	
44.80075	26.6167451	26.8257106	26.9919909	27.1224166	
44.81096	26.5012215	26.6948109	26.8764673	26.9915169	
44.82136	26.3843732	26.5639112	26.759619	26.8606172	
44.83153	26.2710326	26.4417382	26.6462784	26.7297175	
44.84167	26.1588099	26.3108385	26.5340557	26.5988178	
44.85186	26.0467641	26.1799388	26.4220099	26.4766448	
44.86196	25.9366566	26.0664924	26.3119024	26.3544717	
44.87217	25.8261502	25.9443193	26.2013959	26.2322987	
44.88264	25.7135947	25.8221463	26.0888405	26.1101256	
44.89249	25.6086373	25.7086999	25.9838831	25.9879526	
44.90262	25.5013834	25.5865268	25.8766292	25.8657795	
44.91311	25.391262	25.4643538	25.7665078	25.7523331	
44.92297	25.2884617	25.3509074	25.6637075	25.6388867	
44.93312	25.1835721	25.237461	25.5588179	25.5254403	
44.94356	25.0763582	25.1327412	25.4516039	25.4207206	
44.95337	24.9765797	25.0192948	25.3518255	25.3072742	
44.96357	24.8735317	24.9058484	25.2487775	25.211281	
44.97409	24.7682345	24.8011287	25.1434803	25.1065613	
44.98388	24.6709798	24.7051356	25.0462256	25.0105682	
44.99402	24.5709304	24.6004158	24.9461762	24.9145751	
45.00451	24.4684755	24.4956961	24.8437213	24.818582	
45.01435	24.3730292	24.3997029	24.748275	24.7225889	
45.02459	24.2745819	24.2949832	24.6498277	24.6265957	
45.03525	24.1729227	24.1989901	24.5481685	24.5393293	
45.04487	24.082046	24.102997	24.4572918	24.4520628	
45.05509	23.9863109	24.0157305	24.3615567	24.3647964	
45.06549	23.8896529	23.9197374	24.2648987	24.2775299	
45.07529	23.7993804	23.8324709	24.1746262	24.1902634	
45.08566	23.7047416	23.7364778	24.0799874	24.102997	
45.09593	23.6117406	23.6492114	23.9869864	24.0157305	
45.10578	23.5234977	23.5619449	23.8987435	23.9371907	
45.11593	23.4332411	23.4746784	23.8084868	23.8499242	
45.12636	23.3413264	23.387412	23.7165722	23.7713844	
45.13628	23.2548017	23.3088722	23.6300475	23.6841179	
45.14643	23.1669743	23.2216057	23.5422201	23.5968515	
45.15686	23.0776339	23.1430659	23.4528797	23.5183117	
45.16675	22.9937642	23.0557994	23.36901	23.4397719	
45.17813	22.8982067	22.968533	23.2734525	23.3437787	
45.18862	22.8109781	22.8812665	23.1862239	23.2565123	
45.19861	22.7287821	22.794	23.1040279	23.1779725	
45.20876	22.6460087	22.7241869	23.0212545	23.0994327	
45.21896	22.5636373	22.6369204	22.9388831	23.0121662	
45.22907	22.4828218	22.5583806	22.8580676	22.9336264	
45.24772	22.3370622	22.4798408	22.712308	22.8550866	
45.25229	22.3013565	22.3838477	22.6766023	22.7416402	
45.26244	22.222909	22.3053078	22.5981548	22.6631003	
45.2727	22.1444024	22.2354947	22.5196482	22.5845605	
45.28287	22.0674061	22.1569549	22.4426519	22.4972941	
45.29304	21.9913013	22.078415	22.3665471	22.4187542	
45.3032	21.9160197	22.0086019	22.2912655	22.3402144	
45.31335	21.8416619	21.9300621	22.2169077	22.2616746	
45.3235	21.7680886	21.8602489	22.1433344	22.1831348	
45.33364	21.6954274	21.7817091	22.0706732	22.0958683	
45.34386	21.623013	21.7118959	21.9982588	22.0260552	
45.35397	21.5521386	21.6420827	21.9273844	21.9475153	
45.36414	21.4817171	21.5722696	21.8569629	21.8689755	
45.37432	21.4120098	21.4937297	21.7872556	21.7991624	
45.38455	21.3428672	21.4326432	21.718113	21.7206225	
45.39459	21.2756968	21.3541034	21.6509426	21.6420827	
45.40482	21.2081147	21.2842902	21.5833605	21.5722696	
45.41505	21.1414019	21.2144771	21.5166477	21.5024564	
45.42512	21.0764673	21.1533905	21.451713	21.4326432	
45.43665	21.0029296	21.0835774	21.3781754	21.36283	
45.44539	20.9482556	21.0137642	21.3235014	21.3017435	
45.45575	20.8839734	20.9526777	21.2592192	21.2319304	
45.46575	20.8227091	20.8828645	21.1979549	21.1708438	
45.47591	20.7612762	20.821778	21.136522	21.1097573	
45.48605	20.7007713	20.7606915	21.0760171	21.0486708	
45.49625	20.6407108	20.6996049	21.0159566	20.9788576	
45.50631	20.5822982	20.6385184	20.957544	20.9264977	
45.51655	20.5236307	20.5774319	20.8988765	20.8654112	
45.52739	20.4624862	20.5076187	20.837732	20.8043247	
45.53744	20.4065909	20.4552588	20.7818367	20.7432382	
45.54759	20.3509287	20.3941723	20.7261745	20.6908783	
45.55802	20.2945422	20.3418124	20.669788	20.6297918	
45.56795	20.2417148	20.2807259	20.6169606	20.5774319	
45.57807	20.1886269	20.228366	20.5638727	20.525072	
45.58825	20.1360429	20.1760062	20.5112887	20.4727121	
45.59861	20.0833512	20.1236463	20.458597	20.4203522	
45.60858	20.0334488	20.0712864	20.4086946	20.376719	
45.61875	19.9833556	20.0276532	20.3586014	20.3243591	
45.62886	19.9343678	19.9752933	20.3096136	20.2807259	
45.63908	19.8856188	19.9316601	20.2608646	20.228366	
45.65747	19.8011322	19.8793002	20.176378	20.1847328	
45.66207	19.7799276	19.8269403	20.1551734	20.1323729	
45.67228	19.7338784	19.7745804	20.1091242	20.0887397	
45.68241	19.6890416	19.7396738	20.0642874	20.0363798	
45.69256	19.6448444	19.687314	20.0200902	20.0014732	
45.70353	19.5980706	19.6524074	19.9733164	19.95784	
45.71314	19.5577656	19.6087741	19.9330114	19.9142068	
45.7233	19.5159965	19.5651409	19.8912423	19.8793002	
45.74173	19.4434056	19.5302343	19.8186514	19.8356669	
45.74632	19.4252305	19.4778745	19.8004763	19.7920337	
45.75644	19.3862017	19.4342412	19.7614474	19.7571271	
45.76667	19.3473348	19.3993346	19.7225806	19.7222205	
45.77679	19.3101521	19.3644281	19.6853979	19.687314	
45.78692	19.273454	19.3207948	19.6486998	19.6524074	
45.79711	19.2373282	19.2858882	19.612574	19.6175008	
45.80724	19.2022472	19.2509816	19.577493	19.5825942	
45.81738	19.1679024	19.2160751	19.5431482	19.5476876	
45.82755	19.1342583	19.1811685	19.5095041	19.5215077	
45.83771	19.1014388	19.1462619	19.4766846	19.4866011	
45.84787	19.0694195	19.1113553	19.4446653	19.4604212	
45.85837	19.0371588	19.0851754	19.4124046	19.4255146	
45.86818	19.0077478	19.0589954	19.3829936	19.3993346	
45.8783	18.9781813	19.0240888	19.3534271	19.3731547	
45.8964	18.9283736	18.971729	19.3036194	19.3207948	
45.90108	18.915433	18.9630023	19.2906788	19.3033415	
45.91129	18.888178	18.9368224	19.2634238	19.2771616	
45.92143	18.8619083	18.9106424	19.2371541	19.2509816	
45.93158	18.8363716	18.8844625	19.2116174	19.2248017	
45.94174	18.8115869	18.8582826	19.1868327	19.1986218	
45.95188	18.787627	18.8321026	19.1628728	19.1811685	
45.96205	18.7643814	18.8146493	19.1396271	19.1549885	
45.97217	18.7420136	18.7884694	19.1172594	19.1288086	
45.98241	18.7201534	18.7710161	19.0953991	19.1113553	
45.9926	18.6991892	18.7535628	19.074435	19.093902	
46.00266	18.6792387	18.7361095	19.0544845	19.0764487	
46.01284	18.6598363	18.7186562	19.0350821	19.0589954	
46.0231	18.6410397	18.7099296	19.0162855	19.0415421	
46.03316	18.6233651	18.6924763	18.9986109	19.0240888	
46.04335	18.6062119	18.675023	18.9814577	19.0066356	
46.05351	18.5898838	18.6662964	18.9651295	18.9891823	
46.06363	18.5743595	18.6575697	18.9496053	18.9804556	
46.07385	18.5594277	18.6401164	18.9346735	18.971729	
46.08399	18.5453681	18.6401164	18.9206139	18.9542757	
46.09415	18.5320192	18.6313898	18.907265	18.9542757	
46.10433	18.5193734	18.6226631	18.8946192	18.945549	
46.11446	18.5075328	18.6139365	18.8827786	18.9368224	
46.12463	18.4963618	18.6052098	18.8716076	18.9280957	
46.13482	18.4858883	18.6052098	18.8611341	18.9280957	
46.14494	18.4762038	18.5964832	18.8514496	18.9193691	
46.15507	18.4672131	18.5964832	18.8424589	18.9193691	
46.16527	18.4588555	18.5877565	18.8341013	18.9193691	
46.17546	18.4512005	18.5877565	18.8264463	18.9193691	
46.18574	18.4441694	18.5877565	18.8194152	18.9193691	
46.19574	18.437969	18.5877565	18.8132148	18.9193691	
46.20589	18.4323279	18.5877565	18.8075737	18.9193691	
46.21604	18.427323	18.5877565	18.8025688	18.9193691	
46.22623	18.4229111	18.5877565	18.7981569	18.9193691	
46.23634	18.4191192	18.5877565	18.794365	18.9193691	
46.24651	18.4158755	18.5877565	18.7911213	18.9193691	
46.25676	18.4131475	18.5877565	18.7883933	18.9193691	
46.26688	18.4109449	18.5877565	18.7861906	18.9193691	
46.27698	18.4091911	18.5877565	18.7844369	18.9193691	
46.28725	18.404497	18.5877565	18.7797428	18.9193691	
46.29729	18.404497	18.5877565	18.7797428	18.9193691	
46.30741	18.404497	18.5877565	18.7797428	18.9193691	
46.31763	18.404497	18.5877565	18.7797428	18.9193691	
46.32773	18.404497	18.5877565	18.7797428	18.9193691	
46.33791	18.404497	18.5877565	18.7797428	18.9193691	
46.34811	18.404497	18.5877565	18.7797428	18.9193691	
46.3582	18.404497	18.5877565	18.7797428	18.9193691	
46.36832	18.404497	18.5877565	18.7797428	18.9193691	
46.37848	18.404497	18.5877565	18.7797428	18.9193691	
46.38864	18.404497	18.5877565	18.7797428	18.9193691	
46.39881	18.404497	18.5877565	18.7797428	18.9193691	
46.40895	18.404497	18.5877565	18.7797428	18.9193691	
46.41909	18.404497	18.5877565	18.7797428	18.9193691	
46.43871	18.404497	18.5877565	18.7797428	18.9193691	
46.44332	18.404497	18.5877565	18.7797428	18.9193691	
46.45347	18.404497	18.5877565	18.7797428	18.9193691	
46.46368	18.404497	18.5877565	18.7797428	18.9193691	
46.47381	18.404497	18.5877565	18.7797428	18.9193691	
46.48393	18.404497	18.5877565	18.7797428	18.9193691	
46.50264	18.404497	18.5877565	18.7797428	18.9193691	
46.50721	18.404497	18.5877565	18.7797428	18.9193691	
46.51763	18.404497	18.5877565	18.7797428	18.9193691	
46.52825	18.404497	18.5877565	18.7797428	18.9193691	
46.53862	18.404497	18.5877565	18.7797428	18.9193691	
46.54855	18.404497	18.5877565	18.7797428	18.9193691	
46.5587	18.404497	18.5877565	18.7797428	18.9193691	
46.56882	18.404497	18.5877565	18.7797428	18.9193691	
46.57895	18.404497	18.5877565	18.7797428	18.9193691	
46.58914	18.404497	18.5877565	18.7797428	18.9193691	
46.5994	18.404497	18.5877565	18.7797428	18.9193691	
46.60945	18.404497	18.5877565	18.7797428	18.9193691	
46.61959	18.404497	18.5877565	18.7797428	18.9193691	
46.62977	18.404497	18.5877565	18.7797428	18.9193691	
46.63987	18.404497	18.5877565	18.7797428	18.9193691	
46.65006	18.404497	18.5877565	18.7797428	18.9193691	
46.66018	18.404497	18.5877565	18.7797428	18.9193691	
46.67033	18.404497	18.5877565	18.7797428	18.9193691	
46.68059	18.404497	18.5877565	18.7797428	18.9193691	
46.69069	18.404497	18.5877565	18.7797428	18.9193691	
46.70082	18.404497	18.5877565	18.7797428	18.9193691	
46.71104	18.404497	18.5877565	18.7797428	18.9193691	
46.72113	18.404497	18.5877565	18.7797428	18.9193691	
46.73126	18.404497	18.5877565	18.7797428	18.9193691	
46.74148	18.404497	18.5877565	18.7797428	18.9193691	
46.75159	18.404497	18.5877565	18.7797428	18.9193691	
46.76176	18.404497	18.5877565	18.7797428	18.9193691	
46.77196	18.404497	18.5877565	18.7797428	18.9193691	
46.78209	18.404497	18.5877565	18.7797428	18.9193691	
46.79225	18.404497	18.5877565	18.7797428	18.9193691	
46.80243	18.404497	18.5877565	18.7797428	18.9193691	
46.81261	18.404497	18.5877565	18.7797428	18.9193691	
46.82275	18.404497	18.5877565	18.7797428	18.9193691	
46.83291	18.404497	18.5877565	18.7797428	18.9193691	
46.84307	18.404497	18.5877565	18.7797428	18.9193691	
46.85318	18.404497	18.5877565	18.7797428	18.9193691	
46.86343	18.404497	18.5877565	18.7797428	18.9193691	
46.87352	18.404497	18.5877565	18.7797428	18.9193691	
46.88367	18.404497	18.5877565	18.7797428	18.9193691	
46.89393	18.404497	18.5877565	18.7797428	18.9193691	
46.90399	18.404497	18.5877565	18.7797428	18.9193691	
46.91419	18.404497	18.5877565	18.7797428	18.9193691	
46.92437	18.404497	18.5877565	18.7797428	18.9193691	
46.93452	18.404497	18.5877565	18.7797428	18.9193691	
46.94471	18.404497	18.5877565	18.7797428	18.9193691	
46.95484	18.404497	18.5877565	18.7797428	18.9193691	
46.96503	18.404497	18.5877565	18.7797428	18.9193691	
46.97523	18.404497	18.5877565	18.7797428	18.9193691	
46.98536	18.404497	18.5877565	18.7797428	18.9193691	
46.99549	18.404497	18.5877565	18.7797428	18.9193691	
47.00561	18.404497	18.5877565	18.7797428	18.9193691	
47.01582	18.404497	18.5877565	18.7797428	18.9193691	
47.02602	18.404497	18.5877565	18.7797428	18.9193691	
47.03615	18.404497	18.5877565	18.7797428	18.9193691	
47.04634	18.404497	18.5877565	18.7797428	18.9193691	
47.05661	18.404497	18.5877565	18.7797428	18.9193691	
47.06664	18.404497	18.5877565	18.7797428	18.9193691	
47.07689	18.404497	18.5877565	18.7797428	18.9193691	
47.08717	18.404497	18.5877565	18.7797428	18.9193691	
47.09716	18.404497	18.5877565	18.7797428	18.9193691	
47.10769	18.404497	18.5877565	18.7797428	18.9193691	
47.11802	18.404497	18.5877565	18.7797428	18.9193691	
47.12849	18.404497	18.5877565	18.7797428	18.9193691	
47.13828	18.404497	18.5877565	18.7797428	18.9193691	
47.14839	18.404497	18.5877565	18.7797428	18.9193691	
47.15883	18.404497	18.5877565	18.7797428	18.9193691	
47.1688	18.404497	18.5877565	18.7797428	18.9193691	
47.17889	18.404497	18.5877565	18.7797428	18.9193691	
47.1892	18.404497	18.5790299	18.7797428	18.9193691	
47.19933	18.404497	18.5703032	18.7797428	18.9193691	
47.20937	18.404497	18.5703032	18.7797428	18.9106424	
47.22013	18.404497	18.5615766	18.7797428	18.9019158	
47.23037	18.404497	18.5528499	18.7797428	18.9019158	
47.24019	18.404497	18.5353967	18.7797428	18.8844625	
47.25029	18.404497	18.52667	18.7797428	18.8844625	
47.26043	18.404497	18.5179434	18.7797428	18.8757359	
47.27059	18.404497	18.5004901	18.7797428	18.8670092	
47.28921	18.404497	18.4830368	18.7797428	18.8495559	
47.29386	18.404497	18.4743101	18.7797428	18.8495559	
47.30397	18.404497	18.4655835	18.7797428	18.8408293	
47.31417	18.404497	18.4481302	18.7797428	18.8321026	
47.32425	18.404497	18.4394035	18.7797428	18.8146493	
47.33464	18.404497	18.4306769	18.7797428	18.8146493	
47.35287	18.404497	18.404497	18.7797428	18.797196	
47.35741	18.404497	18.3957703	18.7797428	18.7884694	
47.36764	18.404497	18.3870437	18.7797428	18.7797428	
