47.38039	18.4064523	18.3695904	18.7816981	18.7710161	
47.39049	18.4087068	18.3608637	18.7839526	18.7622895	
47.41711	18.4221465	18.3434104	18.7973922	18.7448362	
47.42188	18.4242645	18.3434104	18.7995102	18.7448362	
47.43196	18.4298619	18.3434104	18.8051077	18.7448362	
47.45144	18.4444416	18.3434104	18.8196874	18.7448362	
47.45604	18.4477805	18.3434104	18.8230263	18.7448362	
47.46614	18.4561444	18.3434104	18.8313902	18.7448362	
47.47637	18.4654683	18.3521371	18.8407141	18.7448362	
47.48652	18.4755289	18.3608637	18.8507747	18.7535628	
47.49675	18.4865169	18.3695904	18.8617627	18.7622895	
47.50679	18.4981077	18.378317	18.8733535	18.7622895	
47.51713	18.5108877	18.3957703	18.8861334	18.7797428	
47.52825	18.525681	18.4132236	18.9009268	18.7884694	
47.53724	18.5381969	18.4306769	18.9134427	18.8059227	
47.54741	18.5532423	18.4481302	18.9284881	18.8146493	
47.55755	18.5690534	18.4655835	18.9442992	18.8321026	
47.56776	18.585824	18.4830368	18.9610698	18.8495559	
47.5779	18.6032724	18.5004901	18.9785181	18.8670092	
47.58836	18.6221974	18.5092167	18.9974432	18.8844625	
47.59822	18.6407633	18.5179434	19.0160091	18.8931892	
47.60835	18.6606771	18.5353967	19.0359229	18.9106424	
47.61847	18.6814029	18.5441233	19.0566487	18.9193691	
47.62867	18.7031963	18.5528499	19.078442	18.9368224	
47.63879	18.7255079	18.5703032	19.1007537	18.9542757	
47.65713	18.7693143	18.5877565	19.1445601	18.9891823	
47.66175	18.7802486	18.5964832	19.1554944	18.9979089	
47.67188	18.8053383	18.6226631	19.1805841	19.0153622	
47.68204	18.8313066	18.6401164	19.2065524	19.0415421	
47.69216	18.8579766	18.6575697	19.2332223	19.0589954	
47.70259	18.8863662	18.6837496	19.261612	19.093902	
47.71308	18.9157964	18.7099296	19.2910422	19.120082	
47.73242	18.9737231	18.7622895	19.3489688	19.1637152	
47.73711	18.9876889	18.7710161	19.3629347	19.1811685	
47.74729	19.0190007	18.797196	19.3942464	19.2073484	
47.75742	19.0510091	18.8321026	19.4262548	19.2335284	
47.76762	19.0840675	18.8582826	19.4593133	19.2684349	
47.77775	19.1177174	18.8931892	19.4929632	19.3033415	
47.78792	19.1523047	18.9280957	19.5275505	19.3295215	
47.7984	19.1888772	18.9630023	19.564123	19.3644281	
47.80822	19.2238903	19.0066356	19.5991361	19.3993346	
47.81832	19.2606803	19.0415421	19.6359261	19.4429679	
47.82846	19.2984928	19.0851754	19.6737386	19.4778745	
47.83863	19.3372387	19.1288086	19.7124845	19.5215077	
47.84883	19.3769369	19.1724418	19.7521827	19.5651409	
47.85896	19.417157	19.2160751	19.7924028	19.6087741	
47.86912	19.4583438	19.2684349	19.8335896	19.6524074	
47.87941	19.5008464	19.3120682	19.8760922	19.7047673	
47.88941	19.5430057	19.3557014	19.9182515	19.7484005	
47.89961	19.5868534	19.4080613	19.9620991	19.8007604	
47.90971	19.6310527	19.4604212	20.0062985	19.8443936	
47.91985	19.6762556	19.512781	20.0515014	19.8967535	
47.93003	19.7224859	19.5651409	20.0977317	19.9491134	
47.94014	19.7691427	19.6175008	20.1443885	20.0014732	
47.95029	19.8168854	19.6698607	20.1921312	20.0538331	
47.96049	19.865708	19.7222205	20.2409537	20.106193	
47.97062	19.9149499	19.7745804	20.2901957	20.1585529	
47.98081	19.9653917	19.8269403	20.3406375	20.2109127	
47.99095	20.0163875	19.8793002	20.3916333	20.2632726	
48.00105	20.0679398	19.9316601	20.4431855	20.3156325	
48.01122	20.1206999	19.9840199	20.4959457	20.376719	
48.02159	20.1754201	20.0363798	20.5506659	20.4378055	
48.03173	20.229687	20.0887397	20.6049327	20.4901654	
48.04187	20.2847592	20.1498262	20.660005	20.5512519	
48.05208	20.3411549	20.2021861	20.7164007	20.6123385	
48.06222	20.397849	20.254546	20.7730948	20.6646983	
48.07241	20.4557409	20.3156325	20.8309867	20.7257849	
48.08257	20.5142347	20.3679924	20.8894805	20.7868714	
48.09272	20.5737384	20.4290789	20.9489842	20.8479579	
48.10285	20.6335402	20.4901654	21.008786	20.9090444	
48.11304	20.6947213	20.5425253	21.0699671	20.970131	
48.12316	20.7563048	20.6123385	21.1315506	21.0312175	
48.13331	20.8188398	20.6646983	21.1940856	21.092304	
48.14357	20.8829876	20.7345115	21.2582334	21.1533905	
48.15362	20.946585	20.795598	21.3218308	21.2232037	
48.16381	21.0118656	20.8654112	21.3871114	21.2842902	
48.17404	21.0783463	20.9264977	21.4535921	21.3453768	
48.18414	21.1446816	20.9963109	21.5199274	21.4151899	
48.19428	21.2121233	21.0661241	21.5873691	21.4762764	
48.20447	21.2808325	21.1359372	21.6560783	21.537363	
48.21459	21.3497498	21.2057504	21.7249956	21.6071761	
48.22481	21.4202641	21.2755636	21.7955099	21.6769893	
48.23495	21.4910674	21.3453768	21.8663132	21.7468025	
48.24509	21.5626439	21.4151899	21.9378897	21.8166156	
48.2553	21.6355729	21.4850031	22.0108187	21.8864288	
48.2654	21.708506	21.5548163	22.0837518	21.9649686	
48.28373	21.844194	21.685716	22.2194398	22.0958683	
48.28859	21.8801475	21.7206225	22.2553932	22.1307749	
48.29847	21.954013	21.7991624	22.3292588	22.2093147	
48.3086	22.0307021	21.8689755	22.4059479	22.2878545	
48.319	22.110335	21.9387887	22.4855808	22.3663944	
48.32895	22.1871894	22.0260552	22.5624352	22.4449342	
48.33907	22.26627	22.0958683	22.6415158	22.523474	
48.35712	22.4105453	22.1744081	22.7857911	22.6107405	
48.3617	22.446988	22.2704013	22.8222338	22.7067336	
48.37189	22.5293033	22.3489411	22.9045491	22.7852734	
48.38243	22.6153076	22.4362075	22.9905534	22.8725398	
48.39221	22.695795	22.5147474	23.0710408	22.9510797	
48.40236	22.7802605	22.6020138	23.1555063	23.0383461	
48.41286	22.8685349	22.6892803	23.2437806	23.1256126	
48.42299	22.9543687	22.7765467	23.3296145	23.2041524	
48.43311	23.041091	22.8638132	23.4163368	23.2826922	
48.44469	23.1414587	22.9510797	23.5167045	23.3699587	
48.45345	23.2177984	23.0383461	23.5930442	23.4572251	
48.46367	23.3078102	23.1256126	23.683056	23.5444916	
48.47379	23.3977831	23.2216057	23.7730289	23.6317581	
48.48395	23.4889392	23.3175988	23.864185	23.7190245	
48.4941	23.5807745	23.4048653	23.9560202	23.806291	
48.50423	23.6733405	23.5008584	24.0485863	23.8935575	
48.5144	23.7670365	23.5968515	24.1422822	23.9808239	
48.52456	23.8614841	23.6928446	24.2367299	24.076817	
48.53472	23.9567671	23.7888377	24.3320129	24.1728101	
48.54487	24.0527899	23.8848308	24.4280357	24.2600766	
48.55497	24.1490768	23.9808239	24.5243226	24.3560697	
48.56524	24.2479423	24.0855437	24.6231881	24.4520628	
48.57542	24.3466894	24.1815368	24.7219352	24.5480559	
48.58549	24.4452845	24.2775299	24.8205303	24.644049	
48.59567	24.5456708	24.3822497	24.9209166	24.7487688	
48.60585	24.6469156	24.4869694	25.0221614	24.8447619	
48.61596	24.7482485	24.5916892	25.1234943	24.9494817	
48.62613	24.8510736	24.6876823	25.2263194	25.0454748	
48.63626	24.954283	24.792402	25.3295288	25.1501945	
48.64641	25.0585938	24.8971218	25.4338396	25.2549143	
48.6566	25.1640754	25.0018415	25.5393212	25.359634	
48.66676	25.2700392	25.1065613	25.645285	25.4643538	
48.6769	25.3766899	25.2200077	25.7519357	25.5690735	
48.68706	25.4843995	25.3247274	25.8596452	25.6737933	
48.69722	25.5928384	25.4294472	25.9680842	25.7872397	
48.70733	25.7016347	25.534167	26.0768804	25.8919595	
48.71752	25.8120273	25.6388867	26.1872731	26.0054059	
48.72768	25.9230178	25.7523331	26.2982636	26.1101256	
48.73777	26.0340782	25.8570529	26.409324	26.2322987	
48.74798	26.147164	25.9704993	26.5224098	26.3457451	
48.75824	26.2617937	26.075219	26.6370395	26.4591915	
48.76825	26.3742654	26.1886654	26.7495112	26.5639112	
48.77841	26.4893804	26.3021118	26.8646262	26.6860843	
48.78862	26.6058866	26.4155582	26.9811324	26.7995307	
48.79873	26.7220195	26.5290046	27.0972653	26.9129771	
48.80897	26.8404782	26.642451	27.215724	27.0351501	
48.81905	26.9580326	26.7558974	27.3332784	27.1573232	
48.82925	27.0775987	26.8693438	27.4528445	27.2794962	
48.8399	27.2035609	26.9915169	27.5788066	27.3929426	
48.8495	27.317761	27.1136899	27.6930068	27.5151157	
48.85964	27.4391196	27.2271363	27.8143654	27.6372887	
48.86987	27.5619516	27.358036	27.9371974	27.7594618	
48.87993	27.6826596	27.4802091	28.0579054	27.8903614	
48.89012	27.8049156	27.6023821	28.1801614	28.0125345	
48.90031	27.9272676	27.7332818	28.3025134	28.1347075	
48.91041	28.0484796	27.8554549	28.4237254	28.2656072	
48.92056	28.1702196	27.9776279	28.5454654	28.3965069	
48.93861	28.3828871	28.2045207	28.7581329	28.6233997	
48.94323	28.4374241	28.2656072	28.8126699	28.6844863	
48.9533	28.5552954	28.3965069	28.9305412	28.8066593	
48.96369	28.676007	28.51868	29.0512528	28.937559	
48.97411	28.7961825	28.6495797	29.1714283	29.0684587	
48.98398	28.90923	28.7804794	29.2844758	29.1993584	
48.99417	29.0252668	28.9026524	29.4005126	29.3215314	
49.00443	29.141161	29.0248255	29.5164068	29.4437045	
49.01441	29.2529483	29.1469985	29.6281941	29.5658775	
49.02464	29.3669013	29.2778982	29.7421471	29.6967772	
49.03475	29.4786363	29.4000712	29.8538821	29.8189503	
49.04492	29.5903006	29.5222443	29.9655464	29.9411233	
49.0551	29.7012098	29.6356907	30.0764556	30.0545697	
49.0652	29.8104643	29.7578637	30.1857101	30.1767428	
49.07537	29.919622	29.8800368	30.2948678	30.2901892	
49.08556	30.0281401	29.9934832	30.4033859	30.4036356	
49.09573	30.1355965	30.1156562	30.5108423	30.517082	
49.10581	30.2413954	30.2291026	30.6166411	30.6305284	
49.11602	30.3477586	30.3338224	30.7230044	30.7352481	
49.12615	30.4523976	30.4472688	30.8276434	30.8399679	
49.1363	30.5564077	30.5607152	30.9316535	30.9446876	
49.14649	30.6600658	30.665435	31.0353116	31.0494074	
49.15658	30.7618755	30.7701547	31.1371213	31.1541271	
49.16679	30.864087	30.8748745	31.2393328	31.2501203	
49.17703	30.9657487	30.9795942	31.3409945	31.3461134	
49.18714	31.065356	31.084314	31.4406018	31.4508331	
49.19728	31.1643865	31.1803071	31.5396323	31.5380996	
49.20751	31.2635903	31.2763002	31.6388361	31.6340927	
49.21761	31.360552	31.3722933	31.7357977	31.7300858	
49.22773	31.4569631	31.4682864	31.8322089	31.8173523	
49.23794	31.553517	31.5555529	31.9287627	31.9046187	
49.24809	31.6485523	31.651546	32.0237981	32.0006118	
49.25817	31.7421239	31.7300858	32.1173697	32.0878783	
49.26839	31.8362845	31.8173523	32.2115303	32.1838714	
49.27851	31.9286377	31.9046187	32.3038835	32.2711379	
49.28865	32.0203613	31.9918852	32.3956071	32.3584043	
49.29883	32.1116453	32.0791517	32.4868911	32.4369441	
49.30897	32.2018135	32.1576915	32.5770593	32.5242106	
49.31951	32.2946075	32.2449579	32.6698533	32.6114771	
49.32931	32.3800983	32.3234977	32.7553441	32.6987435	
49.33941	32.4674258	32.4020376	32.8426716	32.7772834	
49.34984	32.5567609	32.489304	32.9320067	32.8645498	
49.36009	32.6436829	32.5678438	33.0189287	32.9518163	
49.36986	32.7258493	32.6463837	33.1010951	33.0390827	
49.38021	32.8120324	32.7249235	33.1872781	33.1263492	
49.39018	32.8942426	32.8034633	33.2694884	33.204889	
49.40032	32.9769901	32.8907298	33.3522359	33.2921555	
49.41058	33.0600441	32.9692696	33.4352899	33.3706953	
49.42079	33.1417625	33.056536	33.5170083	33.4579618	
49.43083	33.2213645	33.1350758	33.5966103	33.5452282	
49.44101	33.301239	33.2136157	33.6764848	33.6324947	
49.45116	33.3799997	33.3008821	33.7552455	33.7110345	
49.4613	33.4579586	33.3706953	33.8332044	33.7895743	
49.47169	33.5370092	33.4579618	33.912255	33.8768408	
49.48166	33.6119813	33.5365016	33.9872271	33.9553806	
49.49179	33.6874339	33.6150414	34.0626797	34.0339204	
49.50197	33.7624852	33.6935812	34.137731	34.1124602	
49.51213	33.8364841	33.772121	34.2117299	34.191	
49.52234	33.9100766	33.8506608	34.2853224	34.2695399	
49.5326	33.983221	33.9292007	34.3584668	34.3480797	
49.54269	34.054298	34.0077405	34.4295438	34.4178928	
49.55288	34.1252677	34.0862803	34.5005135	34.4964327	
49.56298	34.1948679	34.1560935	34.5701136	34.5662458	
49.57316	34.2640946	34.2259066	34.6393404	34.6447857	
49.58339	34.3329263	34.2957198	34.7081721	34.7145988	
49.5938	34.4021437	34.365533	34.7773895	34.7931386	
49.60364	34.4667707	34.4353461	34.8420165	34.8629518	
49.61372	34.5321881	34.5051593	34.9074339	34.932765	
49.62424	34.5996194	34.5662458	34.9748652	35.0025781	
49.63432	34.6633345	34.636059	35.0385803	35.0723913	
49.64422	34.7252499	34.6971455	35.1004957	35.1334778	
49.65474	34.7901183	34.7582321	35.1653641	35.203291	
49.66455	34.8498764	34.8193186	35.2251222	35.2556509	
49.67469	34.910875	34.8804051	35.2861208	35.3254641	
49.68509	34.9725618	34.9414916	35.3478076	35.3778239	
49.69499	35.0304502	35.0025781	35.405696	35.4389105	
49.70531	35.0900517	35.054938	35.4652975	35.499997	
49.71553	35.1482686	35.1160246	35.5235144	35.5523569	
49.7256	35.2047565	35.1683844	35.5800023	35.6047167	
49.73581	35.2612828	35.2207443	35.6365286	35.6570766	
49.74597	35.3167389	35.2731042	35.6919847	35.7094365	
49.75602	35.3707158	35.3254641	35.7459616	35.7530697	
49.76622	35.4247668	35.3778239	35.8000126	35.8054296	
49.77639	35.4778432	35.4301838	35.853089	35.8490628	
49.7865	35.5298023	35.4825437	35.9050481	35.8926961	
49.79666	35.5814695	35.5261769	35.9567153	35.9450559	
49.80693	35.6323641	35.5785368	36.0076099	35.9886892	
49.81707	35.6820349	35.62217	36.0572807	36.0323224	
49.82717	35.7307426	35.6745299	36.1059884	36.0846823	
49.83735	35.7790371	35.7268898	36.1542829	36.1283155	
49.84757	35.8267221	35.770523	36.2019679	36.1719487	
49.85761	35.8727513	35.8141563	36.2479971	36.215582	
49.86775	35.9184692	35.8665161	36.293715	36.2679419	
49.87795	35.963644	35.9101494	36.3388898	36.3028484	
49.88838	36.0089978	35.9537826	36.3842436	36.3552083	
49.89823	36.0510718	36.0061425	36.4263175	36.3988416	
49.90834	36.0934357	36.0497757	36.4686815	36.4424748	
49.91847	36.1351465	36.0934089	36.5103923	36.4773814	
49.92863	36.1762006	36.1370422	36.5514464	36.5297412	
49.93875	36.2162488	36.1806754	36.5914945	36.5646478	
49.94896	36.2558534	36.2243086	36.6310992	36.6082811	
49.95912	36.2944668	36.2592152	36.6697126	36.6431876	
49.97712	36.3598435	36.3028484	36.7350893	36.6868209	
49.98168	36.3764516	36.3464817	36.7516974	36.7304541	
49.99213	36.4135355	36.3813883	36.7887813	36.7740873	
50.00221	36.4485042	36.4250215	36.82375	36.8089939	
50.01237	36.4829865	36.4599281	36.8582323	36.8439005	
50.02275	36.5173649	36.4948347	36.8926107	36.8788071	
50.03268	36.5495223	36.5297412	36.9247681	36.9137137	
50.04288	36.581718	36.5646478	36.9569638	36.9486203	
50.05307	36.613148	36.5995544	36.9883938	36.9835268	
50.0632	36.6435571	36.6257344	37.0188029	37.0184334	
50.07335	36.6732597	36.6519143	37.0485055	37.0446134	
50.08354	36.702311	36.6868209	37.0775568	37.0707933	
50.09363	36.7302761	36.7130008	37.1055219	37.1056999	
50.10385	36.7578243	36.7391808	37.1330701	37.1318798	
50.11397	36.7843422	36.7740873	37.159588	37.1580598	
50.1241	36.8100934	36.7915406	37.1853392	37.1755131	
50.13425	36.8351256	36.8177206	37.2103714	37.201693	
50.1444	36.8593782	36.8439005	37.234624	37.2278729	
50.15484	36.8835097	36.8613538	37.2587555	37.2453262	
50.16471	36.9055811	36.8788071	37.2808269	37.2715062	
50.17676	36.9313967	36.8962604	37.3066425	37.2889595	
50.18505	36.9487293	36.9137137	37.3239751	37.3064128	
50.19516	36.969054	36.931167	37.3442998	37.3238661	
50.20533	36.9887397	36.9486203	37.3639854	37.3413193	
50.21557	37.007765	36.9660736	37.3830108	37.350046	
50.22565	37.0257563	36.9748002	37.4010021	37.3674993	
50.23583	37.04317	36.9835268	37.4184158	37.3849526	
50.246	37.0598072	37.0009801	37.4350529	37.3849526	
50.25609	37.0758258	37.0097068	37.4510716	37.4024059	
50.26626	37.0907131	37.0184334	37.4659589	37.4111325	
50.27643	37.1051066	37.0271601	37.4803524	37.4198592	
50.28658	37.1187392	37.0358867	37.493985	37.4198592	
50.29678	37.1316835	37.0358867	37.5069293	37.4285858	
50.30689	37.1437993	37.0446134	37.5190451	37.4373125	
50.31704	37.1552351	37.05334	37.5304809	37.4460391	
50.32724	37.1659995	37.05334	37.5412453	37.4460391	
50.33737	37.1759786	37.0620667	37.5512244	37.4547657	
50.34751	37.1852597	37.0707933	37.5605055	37.4547657	
50.35768	37.1938792	37.0707933	37.569125	37.4547657	
50.36791	37.2018375	37.0707933	37.5770833	37.4634924	
50.378	37.2090208	37.0707933	37.5842666	37.4634924	
50.38818	37.2156013	37.07952	37.5908471	37.472219	
50.39829	37.2214816	37.07952	37.5967274	37.472219	
50.40862	37.2268262	37.0882466	37.602072	37.472219	
50.41863	37.2314117	37.0882466	37.6066575	37.472219	
50.42875	37.2354489	37.0882466	37.6106947	37.472219	
50.43889	37.238921	37.0882466	37.6141667	37.472219	
50.45857	37.2430709	37.0882466	37.6183167	37.472219	
50.46318	37.2441571	37.0882466	37.6194029	37.472219	
50.47336	37.2460281	37.0882466	37.6212739	37.472219	
50.48351	37.2516065	37.0882466	37.6268522	37.472219	
50.49365	37.2516065	37.0882466	37.6268522	37.472219	
50.50413	37.2516065	37.0882466	37.6268522	37.472219	
50.51399	37.2516065	37.0882466	37.6268522	37.472219	
50.5243	37.2516065	37.0882466	37.6268522	37.472219	
50.53452	37.2516065	37.0882466	37.6268522	37.472219	
50.54461	37.2516065	37.0882466	37.6268522	37.472219	
50.55473	37.2516065	37.0882466	37.6268522	37.472219	
50.56495	37.2516065	37.0882466	37.6268522	37.472219	
50.57511	37.2516065	37.0882466	37.6268522	37.472219	
50.58524	37.2516065	37.0882466	37.6268522	37.472219	
50.59539	37.2516065	37.0882466	37.6268522	37.472219	
50.60554	37.2516065	37.0882466	37.6268522	37.472219	
50.61571	37.2516065	37.0882466	37.6268522	37.472219	
50.62583	37.2516065	37.0882466	37.6268522	37.472219	
50.63599	37.2516065	37.0882466	37.6268522	37.472219	
50.64616	37.2516065	37.0882466	37.6268522	37.472219	
50.65629	37.2516065	37.0882466	37.6268522	37.472219	
50.66646	37.2516065	37.0882466	37.6268522	37.472219	
50.67696	37.2516065	37.0882466	37.6268522	37.472219	
50.68679	37.2516065	37.0882466	37.6268522	37.472219	
50.70478	37.2516065	37.0882466	37.6268522	37.472219	
50.7094	37.2516065	37.0882466	37.6268522	37.472219	
50.72	37.2516065	37.0882466	37.6268522	37.472219	
50.72966	37.2516065	37.0882466	37.6268522	37.472219	
50.73979	37.2516065	37.0882466	37.6268522	37.472219	
50.75014	37.2516065	37.0882466	37.6268522	37.472219	
50.76009	37.2516065	37.0882466	37.6268522	37.472219	
50.77025	37.2516065	37.0882466	37.6268522	37.472219	
50.78063	37.2516065	37.0882466	37.6268522	37.472219	
50.79054	37.2516065	37.0882466	37.6268522	37.472219	
50.80076	37.2516065	37.0882466	37.6268522	37.472219	
50.8111	37.2516065	37.0882466	37.6268522	37.472219	
50.82106	37.2516065	37.0882466	37.6268522	37.472219	
50.83122	37.2516065	37.0882466	37.6268522	37.472219	
50.84158	37.2516065	37.0882466	37.6268522	37.472219	
50.8515	37.2516065	37.0882466	37.6268522	37.472219	
50.86167	37.2516065	37.0882466	37.6268522	37.472219	
50.87213	37.2516065	37.0882466	37.6268522	37.472219	
50.88197	37.2516065	37.0882466	37.6268522	37.472219	
50.89217	37.2516065	37.0882466	37.6268522	37.472219	
50.90262	37.2516065	37.0882466	37.6268522	37.472219	
50.91248	37.2516065	37.0882466	37.6268522	37.472219	
50.9226	37.2516065	37.0882466	37.6268522	37.472219	
50.9331	37.2516065	37.0882466	37.6268522	37.472219	
50.94293	37.2516065	37.0882466	37.6268522	37.472219	
50.95311	37.2516065	37.0882466	37.6268522	37.472219	
50.96353	37.2516065	37.0882466	37.6268522	37.472219	
50.97338	37.2516065	37.0882466	37.6268522	37.472219	
50.98364	37.2516065	37.0882466	37.6268522	37.472219	
50.99403	37.2516065	37.0882466	37.6268522	37.472219	
51.00385	37.2516065	37.0882466	37.6268522	37.472219	
51.01405	37.2516065	37.0882466	37.6268522	37.472219	
51.02449	37.2516065	37.0882466	37.6268522	37.472219	
51.0343	37.2516065	37.0882466	37.6268522	37.472219	
51.04451	37.2516065	37.0882466	37.6268522	37.472219	
51.05495	37.2516065	37.0882466	37.6268522	37.472219	
51.06482	37.2516065	37.0882466	37.6268522	37.472219	
51.07497	37.2516065	37.0882466	37.6268522	37.472219	
51.08537	37.2516065	37.0882466	37.6268522	37.472219	
51.09532	37.2516065	37.0882466	37.6268522	37.472219	
51.10542	37.2516065	37.0882466	37.6268522	37.472219	
51.11588	37.2516065	37.0882466	37.6268522	37.472219	
51.12576	37.2516065	37.0882466	37.6268522	37.472219	
51.13589	37.2516065	37.0882466	37.6268522	37.472219	
51.14633	37.2516065	37.0882466	37.6268522	37.472219	
51.15614	37.2516065	37.0882466	37.6268522	37.472219	
51.16635	37.2516065	37.0882466	37.6268522	37.472219	
51.17678	37.2516065	37.0882466	37.6268522	37.472219	
51.18658	37.2516065	37.0882466	37.6268522	37.472219	
51.19679	37.2516065	37.0882466	37.6268522	37.472219	
51.20723	37.2516065	37.0882466	37.6268522	37.472219	
51.21715	37.2516065	37.0882466	37.6268522	37.472219	
51.22727	37.2516065	37.0882466	37.6268522	37.472219	
51.23767	37.2516065	37.0882466	37.6268522	37.472219	
51.24765	37.2516065	37.0882466	37.6268522	37.472219	
51.25767	37.2516065	37.0882466	37.6268522	37.472219	
51.26823	37.2516065	37.0882466	37.6268522	37.472219	
51.27801	37.2516065	37.0882466	37.6268522	37.472219	
51.28814	37.2516065	37.0882466	37.6268522	37.472219	
51.29858	37.2516065	37.0882466	37.6268522	37.472219	
51.30846	37.2516065	37.0882466	37.6268522	37.472219	
51.31858	37.2516065	37.0882466	37.6268522	37.472219	
51.32904	37.2516065	37.0882466	37.6268522	37.472219	
51.33889	37.2516065	37.0882466	37.6268522	37.472219	
51.34901	37.2516065	37.0882466	37.6268522	37.472219	
51.35961	37.2516065	37.0882466	37.6268522	37.472219	
51.36939	37.2516065	37.0882466	37.6268522	37.472219	
51.37948	37.2516065	37.0882466	37.6268522	37.472219	
51.38998	37.2516065	37.0882466	37.6268522	37.472219	
51.39982	37.2516065	37.0882466	37.6268522	37.472219	
51.40996	37.2516065	37.0882466	37.6268522	37.472219	
51.42042	37.2516065	37.0882466	37.6268522	37.472219	
51.43029	37.2516065	37.0882466	37.6268522	37.472219	
51.44036	37.2516065	37.0882466	37.6268522	37.472219	
51.45163	37.2516065	37.0882466	37.6268522	37.472219	
51.46074	37.2516065	37.0882466	37.6268522	37.472219	
51.47092	37.2516065	37.0882466	37.6268522	37.472219	
51.48116	37.2516065	37.0882466	37.6268522	37.472219	
51.49119	37.2516065	37.0882466	37.6268522	37.472219	
51.50132	37.2516065	37.0882466	37.6268522	37.472219	
51.51196	37.2516065	37.0882466	37.6268522	37.472219	
51.52165	37.2516065	37.0882466	37.6268522	37.472219	
51.53253	37.2516065	37.0882466	37.6268522	37.472219	
51.55022	37.2516065	37.0882466	37.6268522	37.472219	
51.55478	37.2516065	37.0882466	37.6268522	37.472219	
51.56493	37.2516065	37.0882466	37.6268522	37.472219	
51.57515	37.2516065	37.0882466	37.6268522	37.472219	
51.5853	37.2516065	37.0882466	37.6268522	37.472219	
51.59544	37.2516065	37.0882466	37.6268522	37.472219	
51.60562	37.2516065	37.0882466	37.6268522	37.472219	
51.6158	37.2516065	37.0882466	37.6268522	37.472219	
51.62592	37.2516065	37.0882466	37.6268522	37.472219	
51.63614	37.2516065	37.0882466	37.6268522	37.472219	
51.64627	37.2516065	37.0882466	37.6268522	37.472219	
51.65638	37.2516065	37.0882466	37.6268522	37.472219	
51.66656	37.2516065	37.0882466	37.6268522	37.472219	
51.67675	37.2516065	37.0882466	37.6268522	37.472219	
51.68687	37.2516065	37.0882466	37.6268522	37.472219	
51.7053	37.2516065	37.0882466	37.6268522	37.472219	
51.7099	37.2516065	37.0882466	37.6268522	37.472219	
51.72022	37.2516065	37.0882466	37.6268522	37.472219	
51.73025	37.2516065	37.0882466	37.6268522	37.472219	
51.74039	37.2516065	37.0882466	37.6268522	37.472219	
51.7505	37.2516065	37.0882466	37.6268522	37.472219	
51.76865	37.2516065	37.0882466	37.6268522	37.472219	
51.77325	37.2516065	37.0882466	37.6268522	37.472219	
51.78377	37.2516065	37.0882466	37.6268522	37.472219	
51.79359	37.2516065	37.0882466	37.6268522	37.472219	
51.80373	37.2516065	37.0882466	37.6268522	37.4809457	
51.81425	37.2516065	37.0882466	37.6268522	37.4809457	
51.82428	37.2516065	37.0882466	37.6268522	37.4809457	
51.83418	37.2516065	37.0882466	37.6268522	37.4809457	
51.84468	37.2516065	37.0882466	37.6268522	37.4809457	
51.85455	37.2516065	37.0882466	37.6268522	37.4809457	
51.86466	37.2516065	37.0882466	37.6268522	37.4809457	
51.87505	37.2516065	37.0882466	37.6268522	37.4809457	
51.88504	37.2516065	37.0882466	37.6268522	37.4809457	
51.89523	37.2516065	37.0882466	37.6268522	37.4809457	
51.90548	37.2516065	37.0882466	37.6268522	37.4809457	
51.9155	37.2516065	37.0882466	37.6268522	37.4809457	
51.92564	37.2516065	37.0882466	37.6268522	37.4809457	
51.93593	37.2516065	37.0882466	37.6268522	37.4809457	
51.94593	37.2516065	37.0882466	37.6268522	37.4809457	
51.95608	37.2516065	37.0882466	37.6268522	37.4809457	
51.96637	37.2516065	37.0882466	37.6268522	37.4809457	
51.97641	37.2516065	37.0882466	37.6268522	37.4809457	
51.98654	37.2516065	37.0882466	37.6268522	37.4809457	
51.99679	37.2516065	37.0882466	37.6268522	37.4809457	
52.00682	37.2516065	37.0882466	37.6268522	37.4809457	
52.01705	37.2516065	37.0882466	37.6268522	37.4809457	
52.02722	37.2516065	37.0882466	37.6268522	37.4809457	
52.03732	37.2516065	37.0882466	37.6268522	37.4809457	
52.0475	37.2516065	37.0882466	37.6268522	37.4809457	
52.05766	37.2516065	37.0882466	37.6268522	37.4809457	
52.06774	37.2516065	37.0882466	37.6268522	37.4809457	
52.0779	37.2516065	37.0882466	37.6268522	37.4809457	
52.08823	37.2516065	37.0882466	37.6268522	37.4809457	
52.09821	37.2516065	37.0882466	37.6268522	37.4809457	
52.11614	37.2516065	37.0882466	37.6268522	37.4809457	
52.12634	37.2516065	37.0882466	37.6268522	37.4809457	
52.13656	37.2516065	37.0882466	37.6268522	37.4809457	
52.1466	37.2516065	37.0882466	37.6268522	37.4809457	
52.15684	37.2516065	37.0882466	37.6268522	37.4809457	
52.16696	37.2516065	37.0882466	37.6268522	37.4809457	
52.17722	37.2516065	37.0882466	37.6268522	37.4809457	
52.18728	37.2516065	37.0882466	37.6268522	37.4809457	
52.19739	37.2516065	37.0882466	37.6268522	37.4809457	
52.20763	37.2516065	37.0882466	37.6268522	37.4809457	
52.21819	37.2516065	37.0882466	37.6268522	37.4809457	
52.22836	37.2516065	37.0882466	37.6268522	37.4809457	
52.23802	37.2516065	37.0882466	37.6268522	37.4809457	
52.24823	37.2516065	37.0882466	37.6268522	37.4809457	
52.2583	37.2516065	37.0882466	37.6268522	37.4809457	
52.26846	37.2516065	37.0882466	37.6268522	37.4809457	
52.27866	37.2516065	37.0882466	37.6268522	37.4809457	
52.2888	37.2516065	37.0882466	37.6268522	37.4809457	
52.29925	37.2516065	37.0882466	37.6268522	37.4809457	
52.30912	37.2516065	37.0882466	37.6268522	37.4809457	
52.31932	37.2516065	37.0882466	37.6268522	37.4809457	
52.32962	37.2516065	37.0882466	37.6268522	37.4809457	
52.33958	37.2516065	37.0882466	37.6268522	37.4809457	
52.34972	37.2516065	37.0882466	37.6268522	37.4809457	
52.36	37.2516065	37.0882466	37.6268522	37.4809457	
52.37005	37.2516065	37.0882466	37.6268522	37.4809457	
52.38014	37.2516065	37.0882466	37.6268522	37.4809457	
52.39039	37.2516065	37.0882466	37.6268522	37.4896723	
52.40049	37.2516065	37.0969733	37.6268522	37.4896723	
52.41068	37.2516065	37.0969733	37.6268522	37.4896723	
52.42084	37.2516065	37.1056999	37.6268522	37.498399	
52.43092	37.2516065	37.1056999	37.6268522	37.5071256	
52.44139	37.2516065	37.1144265	37.6268522	37.5158523	
52.45314	37.2516065	37.1231532	37.6268522	37.5245789	
52.4617	37.2516065	37.1318798	37.6268522	37.5245789	
52.47194	37.2516065	37.1406065	37.6268522	37.5420322	
52.48203	37.2516065	37.1406065	37.6268522	37.5507589	
52.49221	37.2516065	37.1493331	37.6268522	37.5594855	
52.50236	37.2516065	37.1493331	37.6268522	37.5682121	
52.5125	37.2516065	37.1580598	37.6268522	37.5769388	
52.52281	37.2516065	37.1580598	37.6268522	37.5856654	
52.53354	37.2516065	37.1580598	37.6268522	37.5943921	
52.54327	37.2516065	37.1580598	37.6268522	37.6031187	
52.56097	37.2516065	37.1580598	37.6268522	37.6118454	
52.56551	37.2516065	37.1580598	37.6268522	37.6118454	
52.57581	37.2516065	37.1580598	37.6268522	37.620572	
52.58585	37.2516065	37.1580598	37.6268522	37.620572	
52.59599	37.2516065	37.1580598	37.6268522	37.620572	
52.60622	37.2516065	37.1580598	37.6268522	37.620572	
52.61635	37.2516065	37.1580598	37.6268522	37.620572	
52.62652	37.2516065	37.1580598	37.6268522	37.620572	
52.63668	37.2516065	37.1580598	37.6268522	37.6118454	
52.64682	37.2516065	37.1580598	37.6268522	37.6118454	
52.65696	37.2516065	37.1580598	37.6268522	37.6118454	
52.67532	37.2516065	37.1580598	37.6268522	37.6118454	
52.67996	37.2516065	37.1580598	37.6268522	37.6118454	
52.69004	37.2516065	37.1580598	37.6268522	37.6118454	
52.70024	37.2516065	37.1580598	37.6268522	37.6118454	
52.71039	37.2516065	37.1580598	37.6268522	37.6118454	
52.7205	37.2516065	37.1580598	37.6268522	37.6118454	
52.73074	37.2516065	37.1580598	37.6268522	37.6118454	
52.74085	37.2516065	37.1580598	37.6268522	37.6118454	
52.751	37.2516065	37.1580598	37.6268522	37.6118454	
52.76925	37.2516065	37.1580598	37.6268522	37.6118454	
52.77385	37.2516065	37.1580598	37.6268522	37.6118454	
52.78405	37.2516065	37.1580598	37.6268522	37.6118454	
52.79419	37.2516065	37.1580598	37.6268522	37.6118454	
52.80432	37.2516065	37.1580598	37.6268522	37.6118454	
52.8145	37.2516065	37.1580598	37.6268522	37.6118454	
52.82468	37.2516065	37.1580598	37.6268522	37.6118454	
52.83481	37.2516065	37.1580598	37.6268522	37.6118454	
52.84496	37.2516065	37.1580598	37.6268522	37.6118454	
52.85517	37.2516065	37.1580598	37.6268522	37.6118454	
52.86534	37.2516065	37.1580598	37.6268522	37.6118454	
52.87546	37.2516065	37.1580598	37.6268522	37.6118454	
52.88563	37.2516065	37.1580598	37.6268522	37.6118454	
52.89586	37.2516065	37.1580598	37.6268522	37.6118454	
52.90626	37.2516065	37.1580598	37.6268522	37.6118454	
52.91612	37.2516065	37.1580598	37.6268522	37.6118454	
52.92628	37.2516065	37.1580598	37.6268522	37.6118454	
52.93661	37.2516065	37.1580598	37.6268522	37.6118454	
52.94654	37.2516065	37.1580598	37.6268522	37.6118454	
52.95666	37.2516065	37.1580598	37.6268522	37.6118454	
52.96704	37.2516065	37.1580598	37.6268522	37.6118454	
52.97713	37.2516065	37.1580598	37.6268522	37.6118454	
52.98721	37.2516065	37.1580598	37.6268522	37.6118454	
52.9975	37.2516065	37.1580598	37.6268522	37.6118454	
53.00749	37.2516065	37.1580598	37.6268522	37.6118454	
53.01765	37.2516065	37.1580598	37.6268522	37.6118454	
53.02788	37.2516065	37.1580598	37.6268522	37.6118454	
53.03798	37.2516065	37.1580598	37.6268522	37.6118454	
53.04815	37.2516065	37.1580598	37.6268522	37.6118454	
53.05828	37.2516065	37.1580598	37.6268522	37.6118454	
53.06842	37.2516065	37.1580598	37.6268522	37.6118454	
53.07861	37.2516065	37.1580598	37.6268522	37.6118454	
53.08873	37.2516065	37.1580598	37.6268522	37.6118454	
53.09887	37.2516065	37.1580598	37.6268522	37.6118454	
53.10901	37.2516065	37.1580598	37.6268522	37.6118454	
53.11923	37.2516065	37.1580598	37.6268522	37.6118454	
53.12938	37.2516065	37.1580598	37.6268522	37.6118454	
53.13949	37.2516065	37.1580598	37.6268522	37.6118454	
53.14961	37.2516065	37.1580598	37.6268522	37.6118454	
53.15988	37.2516065	37.1580598	37.6268522	37.6118454	
53.1699	37.2516065	37.1580598	37.6268522	37.6118454	
53.18006	37.2516065	37.1580598	37.6268522	37.6118454	
53.19028	37.2516065	37.1580598	37.6268522	37.6118454	
53.20036	37.2516065	37.1580598	37.6268522	37.6118454	
53.21051	37.2516065	37.1580598	37.6268522	37.6118454	
53.22074	37.2516065	37.1580598	37.6268522	37.6118454	
53.23087	37.2516065	37.1580598	37.6268522	37.6118454	
53.24102	37.2516065	37.1580598	37.6268522	37.6118454	
53.25116	37.2516065	37.1580598	37.6268522	37.6118454	
53.2613	37.2516065	37.1580598	37.6268522	37.6118454	
53.27181	37.2516065	37.1580598	37.6268522	37.6118454	
53.28164	37.2516065	37.1580598	37.6268522	37.6118454	
53.29184	37.2516065	37.1580598	37.6268522	37.6118454	
53.3024	37.2516065	37.1580598	37.6268522	37.6118454	
53.31218	37.2516065	37.1580598	37.6268522	37.6118454	
53.32226	37.2516065	37.1580598	37.6268522	37.6118454	
53.33269	37.2516065	37.1580598	37.6268522	37.6118454	
53.34266	37.2516065	37.1580598	37.6268522	37.6118454	
53.35276	37.2516065	37.1580598	37.6268522	37.6118454	
53.36312	37.2516065	37.1580598	37.6268522	37.6118454	
53.37307	37.2516065	37.1580598	37.6268522	37.6118454	
53.38327	37.2516065	37.1580598	37.6268522	37.6118454	
53.39355	37.2516065	37.1580598	37.6268522	37.6118454	
53.40359	37.2516065	37.1580598	37.6268522	37.6118454	
53.41375	37.2516065	37.1580598	37.6268522	37.6118454	
53.424	37.2516065	37.1580598	37.6268522	37.6118454	
53.43406	37.2516065	37.1580598	37.6268522	37.6118454	
53.44421	37.2516065	37.1580598	37.6268522	37.6118454	
53.45607	37.2516065	37.1580598	37.6268522	37.6118454	
53.46454	37.2516065	37.1580598	37.6268522	37.6118454	
53.4747	37.2516065	37.1580598	37.6268522	37.6118454	
53.48517	37.2516065	37.1580598	37.6268522	37.6118454	
53.49502	37.2516065	37.1580598	37.6268522	37.6118454	
53.51304	37.2516065	37.1580598	37.6268522	37.6118454	
53.51766	37.2516065	37.1580598	37.6268522	37.6118454	
53.52801	37.2516065	37.1580598	37.6268522	37.6118454	
53.53814	37.2516065	37.1580598	37.6268522	37.6118454	
53.54859	37.2516065	37.1580598	37.6268522	37.6118454	
53.55871	37.2516065	37.1580598	37.6268522	37.6118454	
53.56887	37.2516065	37.1580598	37.6268522	37.6118454	
53.57904	37.2516065	37.1580598	37.6268522	37.6118454	
53.58924	37.2516065	37.1580598	37.6268522	37.6118454	
53.59939	37.2516065	37.1580598	37.6268522	37.6118454	
53.60953	37.2516065	37.1580598	37.6268522	37.6118454	
53.61965	37.2516065	37.1580598	37.6268522	37.6118454	
53.62977	37.2516065	37.1580598	37.6268522	37.6118454	
53.64	37.2516065	37.1580598	37.6268522	37.6118454	
53.65008	37.2516065	37.1580598	37.6268522	37.6118454	
53.66024	37.2516065	37.1580598	37.6268522	37.6118454	
53.67045	37.2516065	37.1580598	37.6268522	37.6118454	
53.68059	37.2516065	37.1580598	37.6268522	37.6118454	
53.70015	37.2516065	37.1580598	37.6268522	37.6118454	
53.7048	37.2516065	37.1580598	37.6268522	37.6118454	
53.7149	37.2516065	37.1580598	37.6268522	37.6118454	
53.72504	37.2516065	37.1580598	37.6268522	37.6118454	
53.73526	37.2516065	37.1580598	37.6268522	37.6118454	
53.7454	37.2516065	37.1580598	37.6268522	37.6118454	
53.75555	37.2516065	37.1580598	37.6268522	37.6118454	
53.76575	37.2516065	37.1580598	37.6268522	37.6118454	
53.77593	37.2516065	37.1580598	37.6268522	37.6118454	
53.78604	37.2516065	37.1580598	37.6268522	37.6118454	
53.79619	37.2516065	37.1580598	37.6268522	37.6118454	
53.80637	37.2516065	37.1580598	37.6268522	37.6118454	
53.81676	37.2516065	37.1580598	37.6268522	37.6118454	
53.82688	37.2516065	37.1580598	37.6268522	37.6118454	
53.83701	37.2516065	37.1580598	37.6268522	37.6118454	
53.84715	37.2516065	37.1580598	37.6268522	37.6118454	
53.85744	37.2516065	37.1580598	37.6268522	37.6118454	
53.86745	37.2516065	37.1580598	37.6268522	37.6118454	
53.87762	37.2516065	37.1580598	37.6268522	37.6118454	
53.88794	37.2516065	37.1580598	37.6268522	37.6118454	
53.89794	37.2516065	37.1580598	37.6268522	37.6118454	
53.90808	37.2516065	37.1580598	37.6268522	37.6118454	
53.91833	37.2516065	37.1580598	37.6268522	37.6118454	
53.92839	37.2516065	37.1580598	37.6268522	37.6118454	
53.93853	37.2516065	37.1580598	37.6268522	37.6118454	
53.94868	37.2516065	37.1580598	37.6268522	37.6118454	
53.95885	37.2516065	37.1580598	37.6268522	37.6118454	
53.96901	37.2516065	37.1580598	37.6268522	37.6118454	
53.97924	37.2516065	37.1580598	37.6268522	37.6118454	
53.98938	37.2516065	37.1580598	37.6268522	37.6118454	
53.99946	37.2516065	37.1580598	37.6268522	37.6118454	
54.00996	37.2516065	37.1580598	37.6268522	37.6118454	
54.01979	37.2516065	37.1580598	37.6268522	37.6118454	
54.03022	37.2516065	37.1580598	37.6268522	37.6118454	
54.04012	37.2516065	37.1580598	37.6268522	37.6118454	
54.05019	37.2516065	37.1580598	37.6268522	37.6118454	
54.06059	37.2516065	37.1580598	37.6268522	37.6118454	
54.07057	37.2516065	37.1580598	37.6268522	37.6118454	
54.08073	37.2516065	37.1580598	37.6268522	37.6118454	
54.09098	37.2516065	37.1580598	37.6268522	37.6118454	
54.10103	37.2516065	37.1580598	37.6268522	37.6118454	
54.11138	37.2516065	37.1580598	37.6268522	37.6118454	
54.12154	37.2516065	37.1580598	37.6268522	37.6118454	
54.13172	37.2516065	37.1580598	37.6268522	37.6118454	
54.14187	37.2516065	37.1580598	37.6268522	37.6118454	
54.15206	37.2516065	37.1580598	37.6268522	37.6118454	
54.16216	37.2516065	37.1580598	37.6268522	37.6118454	
54.17235	37.2516065	37.1580598	37.6268522	37.6118454	
54.18254	37.2516065	37.1580598	37.6268522	37.6118454	
54.19268	37.2516065	37.1580598	37.6268522	37.6118454	
54.20282	37.2516065	37.1580598	37.6268522	37.6118454	
54.21296	37.2516065	37.1580598	37.6268522	37.6118454	
54.22318	37.2516065	37.1580598	37.6268522	37.6118454	
54.24131	37.2516065	37.1580598	37.6268522	37.6118454	
54.24596	37.2516065	37.1580598	37.6268522	37.6118454	
54.25608	37.2516065	37.1580598	37.6268522	37.6118454	
54.2662	37.2516065	37.1580598	37.6268522	37.6118454	
54.27641	37.2516065	37.1580598	37.6268522	37.6118454	
54.28658	37.2516065	37.1580598	37.6268522	37.6118454	
54.29668	37.2516065	37.1580598	37.6268522	37.6118454	
54.30689	37.2516065	37.1580598	37.6268522	37.6118454	
54.31715	37.2516065	37.1580598	37.6268522	37.6118454	
54.32716	37.2516065	37.1580598	37.6268522	37.6118454	
54.33742	37.2516065	37.1580598	37.6268522	37.6118454	
54.34744	37.2516065	37.1580598	37.6268522	37.6118454	
54.35755	37.2516065	37.1580598	37.6268522	37.6118454	
54.36789	37.2516065	37.1580598	37.6268522	37.6118454	
54.37791	37.2516065	37.1580598	37.6268522	37.6118454	
54.38801	37.2516065	37.1580598	37.6268522	37.6118454	
54.40642	37.2516065	37.1580598	37.6268522	37.6118454	
54.41111	37.2516065	37.1580598	37.6268522	37.6118454	
54.42128	37.2516065	37.1580598	37.6268522	37.6118454	
54.43147	37.2516065	37.1580598	37.6268522	37.6118454	
54.4416	37.2516065	37.1580598	37.6268522	37.6118454	
54.45172	37.2516065	37.1580598	37.6268522	37.6118454	
54.46188	37.2516065	37.1580598	37.6268522	37.6118454	
54.4721	37.2516065	37.1580598	37.6268522	37.6118454	
54.48218	37.2516065	37.1580598	37.6268522	37.6118454	
54.49239	37.2516065	37.1580598	37.6268522	37.6118454	
54.50253	37.2516065	37.1580598	37.6268522	37.6118454	
54.51267	37.2516065	37.1580598	37.6268522	37.6118454	
54.5228	37.2516065	37.1580598	37.6268522	37.6118454	
54.53301	37.2516065	37.1580598	37.6268522	37.6118454	
54.54317	37.2516065	37.1580598	37.6268522	37.6118454	
54.55339	37.2516065	37.1580598	37.6268522	37.6118454	
54.56344	37.2516065	37.1580598	37.6268522	37.6118454	
54.57357	37.2516065	37.1580598	37.6268522	37.6118454	
54.58388	37.2516065	37.1580598	37.6268522	37.6118454	
54.5939	37.2516065	37.1580598	37.6268522	37.6118454	
54.60407	37.2516065	37.1580598	37.6268522	37.6118454	
54.61424	37.2516065	37.1580598	37.6268522	37.6118454	
54.62437	37.2516065	37.1580598	37.6268522	37.6118454	
54.63455	37.2516065	37.1580598	37.6268522	37.6118454	
54.64506	37.2516065	37.1580598	37.6268522	37.6118454	
54.65489	37.2516065	37.1580598	37.6268522	37.6118454	
54.66502	37.2516065	37.1580598	37.6268522	37.6118454	
54.67523	37.2516065	37.1580598	37.6268522	37.6118454	
54.68533	37.2516065	37.1580598	37.6268522	37.6118454	
54.69551	37.2516065	37.1580598	37.6268522	37.6118454	
54.70567	37.2516065	37.1580598	37.6268522	37.6118454	
54.71579	37.2516065	37.1580598	37.6268522	37.6118454	
54.72595	37.2516065	37.1580598	37.6268522	37.6118454	
54.73614	37.2516065	37.1580598	37.6268522	37.6118454	
54.74627	37.2516065	37.1580598	37.6268522	37.6118454	
54.7564	37.2516065	37.1580598	37.6268522	37.6118454	
54.76663	37.2516065	37.1580598	37.6268522	37.6118454	
54.77674	37.2516065	37.1580598	37.6268522	37.6118454	
54.78688	37.2516065	37.1580598	37.6268522	37.6118454	
54.79706	37.2516065	37.1580598	37.6268522	37.6118454	
54.80727	37.2516065	37.1580598	37.6268522	37.6118454	
54.81743	37.2516065	37.1580598	37.6268522	37.6118454	
54.82752	37.2516065	37.1580598	37.6268522	37.6118454	
54.83763	37.2516065	37.1580598	37.6268522	37.6118454	
54.84792	37.2516065	37.1580598	37.6268522	37.6118454	
54.858	37.2516065	37.1580598	37.6268522	37.6118454	
54.86811	37.2516065	37.1580598	37.6268522	37.6118454	
54.87825	37.2516065	37.1580598	37.6268522	37.6118454	
54.88841	37.2516065	37.1580598	37.6268522	37.6118454	
54.89863	37.2516065	37.1580598	37.6268522	37.6118454	
54.90869	37.2516065	37.1580598	37.6268522	37.6118454	
54.91889	37.2516065	37.1580598	37.6268522	37.6118454	
54.92899	37.2516065	37.1580598	37.6268522	37.6118454	
54.93918	37.2516065	37.1580598	37.6268522	37.6118454	
54.94983	37.2516065	37.1580598	37.6268522	37.6118454	
54.95954	37.2516065	37.1580598	37.6268522	37.6118454	
54.96964	37.2516065	37.1580598	37.6268522	37.6118454	
54.97979	37.2516065	37.1580598	37.6268522	37.6118454	
54.98992	37.2516065	37.1580598	37.6268522	37.6118454	
55.00008	37.2516065	37.1580598	37.6268522	37.6118454	
55.01027	37.2516065	37.1580598	37.6268522	37.6118454	
55.02037	37.2516065	37.1580598	37.6268522	37.6118454	
55.03058	37.2516065	37.1580598	37.6268522	37.6118454	
55.0408	37.2516065	37.1580598	37.6268522	37.6118454	
55.05089	37.2516065	37.1580598	37.6268522	37.6118454	
55.0611	37.2516065	37.1580598	37.6268522	37.6118454	
55.07126	37.2516065	37.1580598	37.6268522	37.6118454	
55.08146	37.2516065	37.1580598	37.6268522	37.6118454	
55.09158	37.2516065	37.1580598	37.6268522	37.6118454	
55.10175	37.2516065	37.1580598	37.6268522	37.6118454	
55.11199	37.2516065	37.1580598	37.6268522	37.6118454	
55.12204	37.2516065	37.1580598	37.6268522	37.6118454	
55.13225	37.2516065	37.1580598	37.6268522	37.6118454	
55.14238	37.2516065	37.1580598	37.6268522	37.6118454	
55.15252	37.2516065	37.1580598	37.6268522	37.6118454	
55.16273	37.2516065	37.1580598	37.6268522	37.6118454	
55.17289	37.2516065	37.1580598	37.6268522	37.6118454	
55.18485	37.2516065	37.1580598	37.6268522	37.6118454	
55.19492	37.2516065	37.1580598	37.6268522	37.6118454	
55.20507	37.2516065	37.1580598	37.6268522	37.6118454	
55.21521	37.2516065	37.1580598	37.6268522	37.6118454	
55.22545	37.2516065	37.1580598	37.6268522	37.6118454	
55.23557	37.2516065	37.1580598	37.6268522	37.6118454	
55.24572	37.2516065	37.1580598	37.6268522	37.6118454	
55.25593	37.2516065	37.1580598	37.6268522	37.6118454	
55.26597	37.2516065	37.1580598	37.6268522	37.6118454	
55.27621	37.2516065	37.1580598	37.6268522	37.6118454	
55.28635	37.2516065	37.1580598	37.6268522	37.6118454	
55.29649	37.2516065	37.1580598	37.6268522	37.6118454	
55.30665	37.2516065	37.1580598	37.6268522	37.6118454	
55.31704	37.2516065	37.1580598	37.6268522	37.6118454	
55.32698	37.2516065	37.1580598	37.6268522	37.6118454	
55.33712	37.2516065	37.1580598	37.6268522	37.6118454	
55.34728	37.2516065	37.1580598	37.6268522	37.6118454	
55.35739	37.2516065	37.1580598	37.6268522	37.6118454	
55.36839	37.2516065	37.1580598	37.6268522	37.6118454	
55.37771	37.2516065	37.1580598	37.6268522	37.6118454	
55.38789	37.2516065	37.1580598	37.6268522	37.6118454	
55.39801	37.2516065	37.1580598	37.6268522	37.6118454	
55.40822	37.2516065	37.1580598	37.6268522	37.6118454	
55.41828	37.2516065	37.1580598	37.6268522	37.6118454	
55.42845	37.2516065	37.1580598	37.6268522	37.6118454	
55.43863	37.2516065	37.1580598	37.6268522	37.6118454	
55.44874	37.2516065	37.1580598	37.6268522	37.6118454	
55.46038	37.2516065	37.1580598	37.6268522	37.6118454	
55.46914	37.2516065	37.1580598	37.6268522	37.6118454	
55.47929	37.2516065	37.1580598	37.6268522	37.6118454	
55.49722	37.2516065	37.1580598	37.6268522	37.6118454	
55.50181	37.2516065	37.1580598	37.6268522	37.6118454	
55.51202	37.2516065	37.1580598	37.6268522	37.6118454	
55.52215	37.2516065	37.1580598	37.6268522	37.6118454	
55.53228	37.2516065	37.1580598	37.6268522	37.6118454	
55.54249	37.2516065	37.1580598	37.6268522	37.6118454	
55.55263	37.2516065	37.1580598	37.6268522	37.6118454	
55.5627	37.2516065	37.1580598	37.6268522	37.6118454	
55.57285	37.2516065	37.1580598	37.6268522	37.6118454	
55.58323	37.2516065	37.1667864	37.6268522	37.6118454	
55.59322	37.2516065	37.1667864	37.6268522	37.6118454	
55.60336	37.2516065	37.1667864	37.6268522	37.6118454	
55.61369	37.2516065	37.1667864	37.6268522	37.6118454	
55.62369	37.2516065	37.1667864	37.6268522	37.6118454	
55.63383	37.2516065	37.1667864	37.6268522	37.6118454	
55.64418	37.2516065	37.1667864	37.6268522	37.6118454	
55.65414	37.2516065	37.1667864	37.6268522	37.6118454	
55.66436	37.2516065	37.1667864	37.6268522	37.6118454	
55.67467	37.2516065	37.1667864	37.6268522	37.6118454	
55.68462	37.2516065	37.1667864	37.6268522	37.6118454	
55.69479	37.2516065	37.1667864	37.6268522	37.6118454	
55.71821	37.2516065	37.1667864	37.6268522	37.6118454	
55.72281	37.2516065	37.1667864	37.6268522	37.6118454	
55.73295	37.2516065	37.1667864	37.6268522	37.6118454	
55.74316	37.2516065	37.1667864	37.6268522	37.6118454	
55.7533	37.2516065	37.1667864	37.6268522	37.6118454	
55.76345	37.2516065	37.1667864	37.6268522	37.6118454	
55.77364	37.2516065	37.1667864	37.6268522	37.6118454	
55.78375	37.2516065	37.1667864	37.6268522	37.6118454	
55.79392	37.2516065	37.1667864	37.6268522	37.6118454	
55.80412	37.2516065	37.1667864	37.6268522	37.6118454	
55.81422	37.2516065	37.1667864	37.6268522	37.6118454	
55.82479	37.2516065	37.1667864	37.6268522	37.6118454	
55.83488	37.2516065	37.1667864	37.6268522	37.6118454	
55.84501	37.2516065	37.1667864	37.6268522	37.6118454	
55.85523	37.2516065	37.1667864	37.6268522	37.6118454	
55.87333	37.2516065	37.1667864	37.6268522	37.6118454	
55.87793	37.2516065	37.1667864	37.6268522	37.6118454	
55.88816	37.2516065	37.1667864	37.6268522	37.6118454	
55.89824	37.2516065	37.1667864	37.6268522	37.6118454	
55.90837	37.2516065	37.1667864	37.6268522	37.6118454	
55.91857	37.2516065	37.1667864	37.6268522	37.6118454	
55.92865	37.2516065	37.1667864	37.6268522	37.6118454	
55.93878	37.2516065	37.1667864	37.6268522	37.6118454	
55.94941	37.2516065	37.1667864	37.6268522	37.6118454	
55.95908	37.2516065	37.1667864	37.6268522	37.6118454	
55.9773	37.2516065	37.1667864	37.6268522	37.6118454	
55.98189	37.2516065	37.1667864	37.6268522	37.6118454	
55.99215	37.2516065	37.1667864	37.6268522	37.6118454	
56.0024	37.2516065	37.1667864	37.6268522	37.6118454	
56.01239	37.2516065	37.1667864	37.6268522	37.6118454	
56.02257	37.2516065	37.1667864	37.6268522	37.6118454	
56.03272	37.2516065	37.1667864	37.6268522	37.6118454	
56.04289	37.2516065	37.1667864	37.6268522	37.6118454	
56.05303	37.2516065	37.1667864	37.6268522	37.6118454	
56.06325	37.2516065	37.1667864	37.6268522	37.6118454	
56.08133	37.2516065	37.1667864	37.6268522	37.6118454	
56.08593	37.2516065	37.1667864	37.6268522	37.6118454	
56.09628	37.2516065	37.1667864	37.6268522	37.6118454	
56.10628	37.2516065	37.1667864	37.6268522	37.6118454	
56.11642	37.2516065	37.1667864	37.6268522	37.6118454	
56.12657	37.2516065	37.1667864	37.6268522	37.6118454	
56.13676	37.2516065	37.1667864	37.6268522	37.6118454	
56.14711	37.2516065	37.1667864	37.6268522	37.6118454	
56.15699	37.2516065	37.1667864	37.6268522	37.6118454	
56.1672	37.2516065	37.1667864	37.6268522	37.6118454	
56.17736	37.2516065	37.1755131	37.6268522	37.6118454	
56.18748	37.2516065	37.1755131	37.6268522	37.6118454	
56.19761	37.2516065	37.1755131	37.6268522	37.6118454	
56.20778	37.2516065	37.1755131	37.6268522	37.6118454	
56.21792	37.2516065	37.1755131	37.6268522	37.6118454	
56.2281	37.2516065	37.1755131	37.6268522	37.6118454	
56.23822	37.2516065	37.1755131	37.6268522	37.6118454	
56.24837	37.2516065	37.1755131	37.6268522	37.6118454	
56.25851	37.2516065	37.1755131	37.6268522	37.6118454	
56.26865	37.2516065	37.1755131	37.6268522	37.6118454	
56.27882	37.2516065	37.1755131	37.6268522	37.6118454	
56.28897	37.2516065	37.1755131	37.6268522	37.6118454	
56.29909	37.2516065	37.1755131	37.6268522	37.6118454	
56.3093	37.2516065	37.1755131	37.6268522	37.6118454	
56.31946	37.2516065	37.1755131	37.6268522	37.6118454	
56.32966	37.2516065	37.1755131	37.6268522	37.6118454	
56.33974	37.2516065	37.1755131	37.6268522	37.6118454	
56.34989	37.2516065	37.1755131	37.6268522	37.6118454	
56.3602	37.2516065	37.1755131	37.6268522	37.6118454	
56.37019	37.2516065	37.1755131	37.6268522	37.6118454	
56.38039	37.2516065	37.1755131	37.6268522	37.6118454	
56.3905	37.2516065	37.1755131	37.6268522	37.6118454	
56.40069	37.2516065	37.1755131	37.6268522	37.6118454	
56.41129	37.2516065	37.1755131	37.6268522	37.6118454	
56.421	37.2516065	37.1755131	37.6268522	37.6118454	
56.43113	37.2516065	37.1755131	37.6268522	37.6118454	
56.44131	37.2516065	37.1755131	37.6268522	37.6118454	
56.45147	37.2516065	37.1755131	37.6268522	37.6118454	
56.46306	37.2516065	37.1755131	37.6268522	37.6118454	
56.47182	37.2516065	37.1755131	37.6268522	37.6118454	
56.48192	37.2516065	37.1755131	37.6268522	37.6118454	
56.49207	37.2516065	37.1755131	37.6268522	37.6118454	
56.50228	37.2516065	37.1755131	37.6268522	37.6118454	
56.51241	37.2516065	37.1755131	37.6268522	37.6118454	
56.52254	37.2516065	37.1755131	37.6268522	37.6118454	
56.53276	37.2516065	37.1755131	37.6268522	37.6118454	
56.54309	37.2516065	37.1755131	37.6268522	37.6118454	
56.5532	37.2516065	37.1755131	37.6268522	37.6118454	
56.56336	37.2516065	37.1755131	37.6268522	37.6118454	
56.5735	37.2516065	37.1755131	37.6268522	37.6118454	
56.58366	37.2516065	37.1755131	37.6268522	37.6118454	
56.59383	37.2516065	37.1755131	37.6268522	37.6118454	
56.60397	37.2516065	37.1755131	37.6268522	37.6118454	
56.61409	37.2516065	37.1842397	37.6268522	37.6118454	
56.62434	37.2516065	37.1842397	37.6268522	37.6118454	
56.63445	37.2516065	37.1842397	37.6268522	37.6118454	
56.64458	37.2516065	37.1929664	37.6268522	37.6118454	
56.65483	37.2516065	37.1929664	37.6268522	37.6118454	
56.66494	37.2516065	37.1929664	37.6268522	37.6118454	
56.67509	37.2516065	37.201693	37.6268522	37.6118454	
56.68526	37.2516065	37.201693	37.6268522	37.6118454	
56.69542	37.2516065	37.2104197	37.6268522	37.6118454	
56.70591	37.2516065	37.2104197	37.6268522	37.6118454	
56.71578	37.2516065	37.2104197	37.6268522	37.6118454	
56.72593	37.2516065	37.2104197	37.6268522	37.6118454	
56.73648	37.2516065	37.2191463	37.6268522	37.6118454	
56.74658	37.2516065	37.2278729	37.6268522	37.6118454	
56.75684	37.2516065	37.2278729	37.6268522	37.6118454	
56.76689	37.2516065	37.2365996	37.6268522	37.6118454	
56.77723	37.2516065	37.2365996	37.6268522	37.6118454	
56.78719	37.2516065	37.2453262	37.6268522	37.6118454	
56.79861	37.2500404	37.2453262	37.6252862	37.6118454	
56.81573	37.2449581	37.2540529	37.6202039	37.620572	
56.82029	37.2436659	37.2540529	37.6189117	37.620572	
56.8305	37.2397137	37.2540529	37.6149595	37.620572	
56.84099	37.2347584	37.2627795	37.6100042	37.620572	
56.85111	37.2291735	37.2627795	37.6044193	37.620572	
56.8613	37.2227119	37.2627795	37.5979577	37.620572	
56.87141	37.2154915	37.2627795	37.5907373	37.620572	
56.88167	37.2073148	37.2627795	37.5825606	37.620572	
56.89215	37.1980831	37.2627795	37.5733289	37.620572	
56.90195	37.1887028	37.2627795	37.5639486	37.620572	
56.91217	37.1780562	37.2627795	37.553302	37.620572	
56.93081	37.1552515	37.2627795	37.5304973	37.620572	
56.93541	37.1497235	37.2627795	37.5249693	37.620572	
56.94561	37.1363691	37.2627795	37.5116149	37.620572	
56.95571	37.1223457	37.2627795	37.4975915	37.620572	
56.96586	37.1074349	37.2540529	37.4826807	37.620572	
56.97609	37.0915568	37.2540529	37.4668026	37.6118454	
56.98622	37.0750119	37.2540529	37.4502577	37.6118454	
56.99634	37.0576639	37.2453262	37.4329096	37.6118454	
57.00652	37.0393983	37.2453262	37.4146441	37.6031187	
57.01674	37.0201966	37.2278729	37.3954424	37.6031187	
57.02687	37.0003578	37.2191463	37.3756036	37.5943921	
57.03703	36.9796395	37.2104197	37.3548852	37.5856654	
57.04723	36.9580012	37.1929664	37.333247	37.5769388	
57.05735	36.9357257	37.1755131	37.3109715	37.5594855	
57.06747	36.912629	37.1493331	37.2878748	37.5420322	
57.07768	36.8884746	37.1231532	37.2637204	37.5245789	
57.08777	36.8638117	37.1056999	37.2390575	37.498399	
57.0981	36.8376989	37.07952	37.2129447	37.472219	
57.10812	36.8115551	37.05334	37.1868009	37.4460391	
57.11825	36.7843318	37.0184334	37.1595776	37.4111325	
57.12841	36.7561903	36.9922535	37.131436	37.3849526	
57.13856	36.7272173	36.9573469	37.1024631	37.350046	
57.14867	36.6975956	36.9224403	37.0728414	37.3151394	
57.15887	36.6668534	36.8875337	37.0420992	37.2802328	
57.16902	36.6354174	36.8439005	37.0106632	37.2365996	
57.17913	36.6033311	36.8089939	36.9785769	37.201693	
57.18931	36.5701612	36.7740873	36.945407	37.1580598	
57.1995	36.5361066	36.7217275	36.9113524	37.1056999	
57.20968	36.501305	36.6868209	36.8765508	37.0707933	
57.22019	36.464449	36.6431876	36.8396948	37.0184334	
57.22998	36.4294081	36.5995544	36.8046539	36.9748002	
57.24014	36.3921568	36.5559212	36.7674026	36.931167	
57.25023	36.3543726	36.512288	36.7296184	36.8875337	
57.26041	36.3154383	36.4686547	36.6906841	36.8351739	
57.27054	36.275837	36.4250215	36.6510828	36.7915406	
57.28956	36.19794	36.337755	36.5731858	36.7042742	
57.29414	36.1793101	36.3203017	36.5545559	36.6868209	
57.30438	36.1365009	36.2679419	36.5117467	36.634461	
57.31462	36.0928653	36.2243086	36.468111	36.5821011	
57.32466	36.0492874	36.1806754	36.4245332	36.5384679	
57.33487	36.0041762	36.1370422	36.379422	36.4948347	
57.34501	35.9584915	36.0846823	36.3337373	36.4424748	
57.35509	35.9122893	36.0410491	36.2875351	36.3988416	
57.36532	35.8645658	35.9886892	36.2398116	36.3464817	
57.37547	35.8163609	35.9450559	36.1916067	36.3028484	
57.39362	35.7270194	35.8577895	36.1022652	36.215582	
57.39819	35.7045976	35.8403362	36.0798434	36.189402	
57.40876	35.651565	35.7879763	36.0268108	36.1457688	
57.41848	35.6020923	35.7443431	35.9773381	36.0934089	
57.42863	35.5496476	35.6919832	35.9248934	36.0410491	
57.43912	35.4944439	35.6396233	35.8696897	35.9886892	
57.44891	35.4422723	35.5872634	35.817518	35.9450559	
57.45907	35.3872157	35.5349036	35.7624615	35.8839694	
57.46967	35.3289027	35.4912703	35.7041485	35.8403362	
57.47942	35.2745624	35.4301838	35.6498082	35.7792497	
57.4896	35.2169264	35.3778239	35.5921722	35.7268898	
57.49997	35.1573229	35.3254641	35.5325687	35.6745299	
57.50984	35.0998781	35.2731042	35.4751238	35.62217	
57.52003	35.0397753	35.2120177	35.415021	35.5698102	
57.53052	34.9768878	35.1509311	35.3521335	35.499997	
57.54101	34.9131925	35.0985713	35.2884382	35.4476371	
57.55037	34.8556945	35.0374847	35.2309403	35.3865506	
57.5609	34.7900603	34.9763982	35.165306	35.3254641	
57.57127	34.7246271	34.9153117	35.0998729	35.2556509	
57.58126	34.660759	34.8542252	35.0360048	35.1945644	
57.59145	34.5947933	34.7931386	34.9700391	35.1334778	
57.60947	34.4749542	34.6796922	34.8502	35.0113048	
57.61399	34.4449954	34.6535123	34.8202412	34.9763982	
57.62429	34.3755461	34.5836991	34.7507919	34.906585	
57.63435	34.307003	34.513886	34.6822488	34.8367719	
57.64448	34.2371107	34.4527994	34.6123565	34.7669587	
57.65471	34.1656586	34.3829863	34.5409044	34.6971455	
57.6648	34.094439	34.3131731	34.4696848	34.6186057	
57.67521	34.020051	34.2346333	34.3952968	34.5400659	
57.68516	33.9481324	34.1648201	34.3233782	34.4615261	
57.6953	33.8741363	34.0862803	34.2493821	34.3829863	
57.70555	33.7983807	34.0077405	34.1736265	34.3131731	
57.71563	33.7230365	33.9379273	34.0982823	34.2259066	
57.72581	33.646226	33.8593875	34.0214718	34.1473668	
57.73596	33.5687734	33.7808477	33.9440192	34.068827	
57.74614	33.4902539	33.7023079	33.8654997	33.9990138	
57.75624	33.4115304	33.6150414	33.7867761	33.9117474	
57.76639	33.3316546	33.5365016	33.7069004	33.8332075	
57.77679	33.248774	33.4492351	33.6240198	33.7546677	
57.78675	33.1688045	33.3619687	33.5440503	33.6674013	
57.7969	33.0864282	33.2747022	33.461674	33.5801348	
57.80711	33.0027122	33.1961624	33.377958	33.501595	
57.81723	32.9188515	33.1001693	33.2940973	33.4143285	
57.82735	32.8343316	33.0216294	33.2095774	33.3357887	
57.83751	32.7481121	32.9256363	33.1233579	33.2397956	
57.84767	32.6618626	32.8383699	33.0371084	33.1525291	
57.85787	32.5741134	32.7511034	32.9493592	33.0652627	
57.86842	32.4823681	32.663837	32.8576139	32.9779962	
57.87813	32.397264	32.5678438	32.7725097	32.8820031	
57.88833	32.3069674	32.4805774	32.6822132	32.7947366	
57.89845	32.2166529	32.3845843	32.5918987	32.7074702	
57.90858	32.1253649	32.2973178	32.5006107	32.6202037	
57.91876	32.0327768	32.2013247	32.4080226	32.5242106	
57.92892	31.9395359	32.1140582	32.3147817	32.4282175	
57.93901	31.8462002	32.0180651	32.221446	32.340951	
57.9492	31.751105	31.922072	32.1263508	32.2536846	
57.95948	31.6541494	31.8260789	32.0293952	32.1576915	
57.96957	31.5584248	31.7300858	31.9336706	32.0616984	
57.97964	31.4618394	31.6340927	31.8370851	31.9744319	
57.98988	31.362934	31.5380996	31.7381798	31.8784388	
57.99996	31.264769	31.4421065	31.6400148	31.7824457	
58.01011	31.1650458	31.3461134	31.5402916	31.6864526	
58.02027	31.064348	31.2413936	31.4395937	31.5904595	
58.03062	30.9609427	31.1454005	31.3361884	31.4944664	
58.04059	30.8606241	31.0406807	31.2358699	31.3984732	
58.05868	30.6753254	30.8574212	31.0505712	31.2152137	
58.06326	30.6284965	30.8137879	31.0037423	31.1715804	
58.07339	30.5238	30.7090682	30.8990458	31.0668607	
58.08361	30.4173865	30.6043484	30.7926322	30.9621409	
58.10203	30.2222519	30.4123622	30.5974977	30.7788814	
58.10665	30.1727399	30.368729	30.5479857	30.7352481	
58.11678	30.0652757	30.2640092	30.4405215	30.6305284	
58.12697	29.9556411	30.1592895	30.3308869	30.5258086	
58.14535	29.754496	30.0458431	30.1297417	30.4123622	
58.14992	29.7047003	29.9062167	30.0799461	30.2727359	
58.16012	29.5922416	29.7927703	29.9674874	30.1592895	
58.17026	29.4796017	29.6880506	29.8548475	30.0458431	
58.18035	29.3668172	29.5658775	29.742063	29.9323967	
58.19053	29.2520805	29.4611578	29.6273263	29.8102236	
58.20078	29.1356309	29.3477114	29.5108767	29.6967772	
58.21088	29.0203609	29.2255383	29.3956067	29.5833308	
58.22104	28.9033932	29.1120919	29.278639	29.4611578	
58.2312	28.785541	28.9986455	29.1607868	29.3477114	
58.24141	28.6663311	28.8764725	29.0415769	29.2255383	
58.25151	28.5476886	28.7542994	28.9229344	29.1120919	
58.26168	28.4268441	28.640853	28.8020899	28.9899189	
58.27184	28.3061531	28.51868	28.6813989	28.8677458	
58.28196	28.1848113	28.3965069	28.5600571	28.7455728	
58.29217	28.0622313	28.2743339	28.4374771	28.6233997	
58.30234	27.9400953	28.1521608	28.3153411	28.4925	
58.3125	27.8182953	28.0299878	28.1935411	28.370327	
58.32266	27.6963873	27.8990881	28.0716331	28.2394273	
58.33281	27.5745393	27.776915	27.9497851	28.1085276	
58.34296	27.4527393	27.654742	27.8279851	27.9776279	
58.35311	27.3321337	27.5238423	27.7073795	27.8467282	
58.36326	27.2124767	27.4016693	27.5877225	27.7158285	
58.37345	27.0930814	27.2794962	27.4683272	27.5936555	
58.38364	26.9744776	27.1485965	27.3497233	27.4627558	
58.3938	26.8570317	27.0176968	27.2322775	27.3318561	
58.40397	26.7404188	26.8955238	27.1156646	27.2009564	
58.41414	26.6244469	26.7646241	26.9996927	27.0700567	
58.42436	26.5088625	26.6337244	26.8841083	26.9478837	
58.43443	26.3957303	26.5115513	26.7709761	26.816984	
58.44459	26.2825332	26.3893783	26.6577789	26.6948109	
58.45481	26.1693339	26.2672052	26.5445797	26.5639112	
58.46626	26.0436398	26.1450322	26.4188856	26.4504648	
58.47511	25.9470523	26.0228591	26.3222981	26.3282918	
58.48525	25.8373621	25.9006861	26.2126078	26.2061187	
58.49543	25.7279452	25.7872397	26.103191	26.0926723	
58.50567	25.6186982	25.6650667	25.993944	25.9704993	
58.51579	25.5115821	25.5516202	25.8868279	25.8657795	
58.52592	25.4051546	25.4381738	25.7804004	25.7523331	
58.53617	25.2982958	25.3247274	25.6735415	25.6388867	
58.54625	25.1940194	25.2200077	25.5692652	25.5254403	
58.55638	25.0900631	25.1065613	25.4653089	25.4207206	
58.56656	24.9864283	24.9931149	25.3616741	25.3072742	
58.57681	24.8829273	24.8883951	25.2581731	25.211281	
58.58689	24.7819326	24.7836754	25.1571784	25.1065613	
58.59706	24.6807718	24.6789556	25.0560176	25.0105682	
58.60722	24.5805886	24.5742359	24.9558344	24.9058484	
58.61738	24.4812825	24.4695161	24.8565283	24.818582	
58.62752	24.3828903	24.373523	24.7581361	24.7225889	
58.63767	24.2852764	24.2775299	24.6605222	24.6265957	
58.64778	24.1888467	24.1902634	24.5640924	24.5393293	
58.65838	24.0886548	24.0942703	24.4639006	24.4520628	
58.66811	23.9974496	23.9982772	24.3726954	24.3647964	
58.67825	23.9031475	23.9110108	24.2783933	24.2862565	
58.68846	23.8090334	23.8237443	24.1842791	24.1989901	
58.69853	23.717071	23.7364778	24.0923168	24.1204503	
58.70869	23.6250179	23.657938	24.0002637	24.0331838	
58.71894	23.5330312	23.5706715	23.9082769	23.954644	
58.729	23.4436489	23.4834051	23.8188947	23.8761042	
58.73913	23.3543534	23.4048653	23.7295992	23.7888377	
58.74938	23.2648199	23.3175988	23.6400657	23.7102979	
58.75991	23.173757	23.239059	23.5490028	23.6230314	
58.76961	23.0905425	23.1605192	23.4657883	23.5444916	
58.77977	23.0043372	23.0732527	23.379583	23.4572251	
58.78989	22.919221	22.9947129	23.2944668	23.3786853	
58.80001	22.8348572	22.9161731	23.210103	23.2914189	
58.81022	22.75054	22.8289066	23.1257858	23.2128791	
58.82034	22.667902	22.7503668	23.0431478	23.1256126	
58.8305	22.5856741	22.671827	22.9609199	23.0470728	
58.84074	22.5036158	22.5932872	22.8788616	22.968533	
58.85085	22.4235038	22.5147474	22.7987496	22.8812665	
58.86097	22.3441287	22.4362075	22.7193745	22.794	
58.87139	22.2631066	22.3576677	22.6383524	22.7154602	
58.88153	22.1852285	22.2704013	22.5604743	22.6281938	
58.89168	22.107996	22.2005881	22.4832418	22.5496539	
58.90187	22.0311847	22.1220483	22.4064305	22.4623875	
58.91201	21.9557963	22.0435085	22.3310421	22.375121	
58.92217	21.8809049	21.9649686	22.2561507	22.2965812	
58.9324	21.8063631	21.8864288	22.1816089	22.2180414	
58.9425	21.7335894	21.8166156	22.1088352	22.1307749	
58.95266	21.6611995	21.7468025	22.0364453	22.0609617	
58.96281	21.5896369	21.6682627	21.9648826	21.9736953	
58.97315	21.5176348	21.5984495	21.8928806	21.8951555	
58.9833	21.4477869	21.5199097	21.8230327	21.8166156	
58.9935	21.3783422	21.4500965	21.753588	21.7468025	
59.00359	21.3105169	21.3802833	21.6857627	21.6682627	
59.01373	21.2429116	21.3104702	21.6181574	21.5984495	
59.02393	21.176121	21.240657	21.5513668	21.5286363	
59.03449	21.1076772	21.1708438	21.482923	21.4500965	
59.04459	21.0430679	21.1010307	21.4183137	21.38901	
59.05483	20.9783351	21.0312175	21.3535809	21.3191968	
59.06493	20.9153204	20.9614043	21.2905662	21.2493836	
59.07505	20.8529372	20.9003178	21.228183	21.1882971	
59.08526	20.7907805	20.8305046	21.1660263	21.1184839	
59.0954	20.7299556	20.7694181	21.1052014	21.0573974	
59.10557	20.6697103	20.6996049	21.0449561	20.9963109	
59.11574	20.6102826	20.6472451	20.9855284	20.943951	
59.12585	20.5519823	20.5861585	20.9272281	20.8828645	
59.13605	20.4939834	20.525072	20.8692292	20.8305046	
59.14619	20.437179	20.4727121	20.8124248	20.7694181	
59.15629	20.3813958	20.4116256	20.7566416	20.7170582	
59.16647	20.3259526	20.3592657	20.7011984	20.6646983	
59.17676	20.2706863	20.3069058	20.6459321	20.6123385	
59.18681	20.2175937	20.254546	20.5928394	20.5599786	
59.19695	20.1648063	20.2021861	20.5400521	20.5163454	
59.20714	20.1125068	20.1498262	20.4877526	20.4639855	
59.21728	20.0613505	20.106193	20.4365963	20.4203522	
59.22743	20.0109138	20.0538331	20.3861596	20.3679924	
59.23759	19.961205	20.0014732	20.3364508	20.3156325	
59.24778	19.9122181	19.95784	20.2874639	20.2807259	
59.25794	19.8641323	19.9142068	20.2393781	20.228366	
59.26807	19.8170149	19.8618469	20.1922606	20.1847328	
59.27821	19.7706741	19.8182137	20.1459199	20.1410996	
59.28887	19.7227731	19.7833071	20.0980189	20.0974663	
59.29854	19.6800934	19.7396738	20.0553392	20.0538331	
59.30866	19.6362222	19.6960406	20.011468	20.0101999	
59.31884	19.5915004	19.6524074	19.9667462	19.9665666	
59.32897	19.5505462	19.6175008	19.925792	19.9316601	
59.33912	19.508922	19.5738676	19.8841678	19.8880268	
59.34959	19.4668571	19.5302343	19.8421029	19.8531202	
59.3595	19.4278081	19.4953277	19.8030539	19.809487	
59.36959	19.3888249	19.4516945	19.7640706	19.7745804	
59.37995	19.3495989	19.4167879	19.7248447	19.7396738	
59.39012	19.3119461	19.3731547	19.6871919	19.7047673	
59.40003	19.2759826	19.3382481	19.6512284	19.661134	
59.41034	19.2393997	19.3033415	19.6146455	19.6262274	
59.42034	19.2046755	19.2597083	19.5799213	19.5913209	
59.43043	19.1704195	19.2248017	19.5456653	19.5651409	
59.44085	19.1358952	19.1898951	19.5111409	19.5302343	
59.45085	19.1035269	19.1549885	19.4787727	19.4953277	
59.46092	19.071688	19.120082	19.4469338	19.4604212	
59.47964	19.0158445	19.0589954	19.3910903	19.4080613	
59.48422	19.0021002	19.0502688	19.377346	19.390608	
59.49439	18.9725642	19.0153622	19.34781	19.3644281	
59.5046	18.9437051	18.9891823	19.3189509	19.3382481	
59.51471	18.9159182	18.9630023	19.291164	19.3033415	
59.52486	18.8888097	18.9368224	19.2640555	19.2771616	
59.53511	18.8621937	18.9019158	19.2374395	19.2509816	
59.54587	18.8351772	18.8844625	19.210423	19.2248017	
59.55536	18.8119792	18.8495559	19.1872249	19.1986218	
59.56549	18.7880312	18.8321026	19.163277	19.1724418	
59.57563	18.7648132	18.8059227	19.140059	19.1549885	
59.58582	18.742271	18.7797428	19.1175168	19.1288086	
59.5959	18.7207208	18.7622895	19.0959666	19.1113553	
59.60606	18.6997881	18.7448362	19.0750338	19.0851754	
59.61629	18.6794835	18.7273829	19.0547293	19.0677221	
59.63459	18.6462148	18.7012029	19.0214606	19.0415421	
59.63924	18.6376761	18.6924763	19.0129218	19.0328155	
59.6498	18.6193469	18.6837496	18.9945927	19.0153622	
59.65984	18.6026307	18.675023	18.9778764	19.0066356	
59.66962	18.5870623	18.6575697	18.9623081	18.9891823	
59.67976	18.5716638	18.6488431	18.9469096	18.9891823	
59.68997	18.5568996	18.6401164	18.9321453	18.971729	
59.7016	18.5411254	18.6313898	18.9163712	18.9630023	
59.71028	18.5297982	18.6226631	18.905044	18.9542757	
59.7205	18.5172588	18.6139365	18.8925046	18.9542757	
59.73057	18.5056154	18.6052098	18.8808612	18.945549	
59.74076	18.4945703	18.5964832	18.8698161	18.945549	
59.75091	18.4842684	18.5964832	18.8595141	18.9368224	
59.76138	18.474419	18.5877565	18.8496648	18.9368224	
59.77151	18.4655687	18.5877565	18.8408145	18.9368224	
59.7817	18.4573331	18.5877565	18.8325789	18.9368224	
59.79186	18.4498697	18.5790299	18.8251155	18.9368224	
59.80201	18.4430501	18.5790299	18.8182959	18.9280957	
59.81229	18.436822	18.5703032	18.8120678	18.9280957	
59.82241	18.4313295	18.5703032	18.8065753	18.9280957	
59.83259	18.4264327	18.5703032	18.8016784	18.9280957	
59.84274	18.4221569	18.5703032	18.7974027	18.9280957	
59.85287	18.4184728	18.5615766	18.7937186	18.9280957	
59.86305	18.4153319	18.5615766	18.7905777	18.9280957	
59.87324	18.4127147	18.5615766	18.7879604	18.9280957	
59.88334	18.4105997	18.5615766	18.7858455	18.9280957	
59.89351	18.4089157	18.5615766	18.7841615	18.9280957	
59.90367	18.404497	18.5615766	18.7797428	18.9280957	
59.9139	18.404497	18.5615766	18.7797428	18.9280957	
59.92397	18.404497	18.5615766	18.7797428	18.9280957	
59.93417	18.404497	18.5615766	18.7797428	18.9280957	
59.94442	18.404497	18.5615766	18.7797428	18.9280957	
59.95451	18.404497	18.5615766	18.7797428	18.9280957	
59.96469	18.404497	18.5615766	18.7797428	18.9280957	
59.9749	18.404497	18.5615766	18.7797428	18.9280957	
59.98501	18.404497	18.5615766	18.7797428	18.9280957	
59.99519	18.404497	18.5615766	18.7797428	18.9280957	
60.0053	18.404497	18.5615766	18.7797428	18.9280957	
60.01548	18.404497	18.5615766	18.7797428	18.9280957	
60.02574	18.404497	18.5615766	18.7797428	18.9280957	
60.03585	18.404497	18.5615766	18.7797428	18.9280957	
60.04599	18.404497	18.5615766	18.7797428	18.9280957	
60.05619	18.404497	18.5615766	18.7797428	18.9280957	
60.06628	18.404497	18.5615766	18.7797428	18.9280957	
60.07676	18.404497	18.5615766	18.7797428	18.9280957	
60.08692	18.404497	18.5615766	18.7797428	18.9280957	
60.09717	18.404497	18.5615766	18.7797428	18.9280957	
60.10718	18.404497	18.5615766	18.7797428	18.9280957	
60.1173	18.404497	18.5615766	18.7797428	18.9280957	
60.12768	18.404497	18.5615766	18.7797428	18.9280957	
60.13764	18.404497	18.5615766	18.7797428	18.9280957	
60.14778	18.404497	18.5615766	18.7797428	18.9280957	
60.15799	18.404497	18.5615766	18.7797428	18.9280957	
60.16841	18.404497	18.5615766	18.7797428	18.9280957	
60.17824	18.404497	18.5615766	18.7797428	18.9280957	
60.19015	18.404497	18.5615766	18.7797428	18.9280957	
60.20042	18.404497	18.5615766	18.7797428	18.9280957	
60.21041	18.404497	18.5615766	18.7797428	18.9280957	
60.22053	18.404497	18.5615766	18.7797428	18.9280957	
60.23935	18.404497	18.5615766	18.7797428	18.9280957	
60.24396	18.404497	18.5615766	18.7797428	18.9280957	
60.25407	18.404497	18.5615766	18.7797428	18.9280957	
60.2643	18.404497	18.5615766	18.7797428	18.9280957	
60.27437	18.404497	18.5615766	18.7797428	18.9280957	
60.28494	18.404497	18.5615766	18.7797428	18.9280957	
60.29476	18.404497	18.5615766	18.7797428	18.9280957	
60.3049	18.404497	18.5615766	18.7797428	18.9280957	
60.31505	18.404497	18.5615766	18.7797428	18.9280957	
60.32519	18.404497	18.5615766	18.7797428	18.9280957	
60.33538	18.404497	18.5615766	18.7797428	18.9280957	
60.34551	18.404497	18.5615766	18.7797428	18.9280957	
60.35564	18.404497	18.5615766	18.7797428	18.9280957	
60.36585	18.404497	18.5615766	18.7797428	18.9280957	
60.37594	18.404497	18.5615766	18.7797428	18.9280957	
60.39439	18.404497	18.5615766	18.7797428	18.9280957	
60.39908	18.404497	18.5615766	18.7797428	18.9280957	
60.40921	18.404497	18.5615766	18.7797428	18.9280957	
60.41938	18.404497	18.5615766	18.7797428	18.9280957	
60.42945	18.404497	18.5615766	18.7797428	18.9280957	
60.43962	18.404497	18.5615766	18.7797428	18.9280957	
60.44982	18.404497	18.5615766	18.7797428	18.9280957	
60.45989	18.404497	18.5615766	18.7797428	18.9280957	
60.47146	18.404497	18.5615766	18.7797428	18.9280957	
60.48023	18.404497	18.5615766	18.7797428	18.9280957	
60.49035	18.404497	18.5615766	18.7797428	18.9280957	
60.50051	18.404497	18.5615766	18.7797428	18.9280957	
60.51076	18.404497	18.5615766	18.7797428	18.9280957	
60.52087	18.404497	18.5615766	18.7797428	18.9280957	
60.53098	18.404497	18.5615766	18.7797428	18.9280957	
60.5414	18.404497	18.5615766	18.7797428	18.9280957	
60.55161	18.404497	18.5615766	18.7797428	18.9280957	
60.56175	18.404497	18.5615766	18.7797428	18.9280957	
60.57188	18.404497	18.5615766	18.7797428	18.9280957	
60.582	18.404497	18.5615766	18.7797428	18.9280957	
60.59219	18.404497	18.5615766	18.7797428	18.9280957	
60.60237	18.404497	18.5528499	18.7797428	18.9280957	
60.61251	18.404497	18.5528499	18.7797428	18.9280957	
60.62263	18.404497	18.5528499	18.7797428	18.9193691	
60.63281	18.404497	18.5441233	18.7797428	18.9193691	
60.64298	18.404497	18.5353967	18.7797428	18.9193691	
60.65311	18.404497	18.5353967	18.7797428	18.9106424	
60.66335	18.404497	18.5179434	18.7797428	18.9019158	
60.67345	18.404497	18.5179434	18.7797428	18.8931892	
60.68357	18.404497	18.5004901	18.7797428	18.8844625	
60.69379	18.404497	18.4917634	18.7797428	18.8757359	
60.70393	18.404497	18.4830368	18.7797428	18.8670092	
60.7141	18.404497	18.4743101	18.7797428	18.8495559	
60.72429	18.404497	18.4655835	18.7797428	18.8495559	
60.73443	18.404497	18.4568568	18.7797428	18.8321026	
60.74462	18.404497	18.4394035	18.7797428	18.823376	
60.75474	18.404497	18.4306769	18.7797428	18.8146493	
60.76489	18.404497	18.4132236	18.7797428	18.8059227	
60.77509	18.404497	18.404497	18.7797428	18.7884694	
