69.07342	18.4066267	18.3346838	18.7818725	18.7099296	
69.08329	18.4088469	18.3259571	18.7840927	18.7099296	
69.09342	18.411958	18.3172305	18.7872038	18.7099296	
69.10365	18.4159409	18.3085039	18.7911867	18.7186562	
69.11385	18.4207407	18.3085039	18.7959865	18.7186562	
69.12397	18.426319	18.3085039	18.8015648	18.7273829	
69.13413	18.4327547	18.3172305	18.8080004	18.7361095	
69.14426	18.4399773	18.3259571	18.8152231	18.7448362	
69.15441	18.4480476	18.3259571	18.8232934	18.7535628	
69.16463	18.4570182	18.3434104	18.832264	18.7622895	
69.17477	18.4667283	18.3608637	18.841974	18.7797428	
69.1849	18.4772453	18.3870437	18.8524911	18.797196	
69.19509	18.4886742	18.404497	18.86392	18.8059227	
69.20517	18.5007738	18.4306769	18.8760195	18.823376	
69.21538	18.5138736	18.4568568	18.8891194	18.8408293	
69.22559	18.5278223	18.4830368	18.903068	18.8582826	
69.23566	18.542362	18.5092167	18.9176078	18.8844625	
69.24582	18.5578685	18.5353967	18.9331143	18.9019158	
69.256	18.5742473	18.5703032	18.9494931	18.9193691	
69.26613	18.5913494	18.5964832	18.9665952	18.945549	
69.27628	18.6093059	18.6226631	18.9845517	18.9630023	
69.28646	18.6281766	18.6575697	19.0034224	18.9891823	
69.2966	18.647763	18.6837496	19.0230088	19.0153622	
69.30681	18.6683165	18.7099296	19.0435623	19.0415421	
69.31697	18.6896096	18.7448362	19.0648554	19.0589954	
69.32706	18.711577	18.7710161	19.0868228	19.0851754	
69.3373	18.7346952	18.797196	19.109941	19.1113553	
69.34741	18.7583414	18.8146493	19.1335872	19.1288086	
69.35749	18.7827317	18.8495559	19.1579775	19.1637152	
69.36766	18.8081736	18.8670092	19.1834194	19.1811685	
69.37792	18.8346786	18.8844625	19.2099244	19.1986218	
69.38799	18.8614823	18.8931892	19.236728	19.2160751	
69.39811	18.8892767	18.9019158	19.2645225	19.2335284	
69.4083	18.9180744	18.9019158	19.2933201	19.2597083	
69.41842	18.9474844	18.9106424	19.3227302	19.2771616	
69.42855	18.97776	18.9193691	19.3530058	19.3033415	
69.43878	19.0091664	18.9368224	19.3844122	19.3207948	
69.44887	19.0409582	18.9542757	19.416204	19.3469748	
69.459	19.0736987	18.971729	19.4489445	19.3731547	
69.46927	19.1077482	18.9891823	19.482994	19.3993346	
69.47939	19.1420756	19.0240888	19.5173214	19.4255146	
69.49	19.180081	19.0502688	19.5553268	19.4429679	
69.49964	19.2132972	19.0851754	19.588543	19.4778745	
69.50979	19.2502088	19.1288086	19.6254546	19.512781	
69.51996	19.2880821	19.1637152	19.6633279	19.538961	
69.53013	19.3267104	19.1986218	19.7019562	19.5738676	
69.54024	19.3659687	19.2335284	19.7412145	19.6087741	
69.55038	19.4061352	19.2684349	19.781381	19.6436807	
69.56064	19.4476654	19.3120682	19.8229112	19.687314	
69.57861	19.5234852	19.3731547	19.898731	19.7484005	
69.58335	19.5434295	19.3993346	19.9186753	19.7745804	
69.5934	19.5867066	19.4429679	19.9619524	19.809487	
69.60349	19.6309359	19.4778745	20.0061817	19.8531202	
69.61362	19.6762352	19.5302343	20.051481	19.8967535	
69.6239	19.7230342	19.5825942	20.09828	19.9491134	
69.63397	19.7696757	19.6262274	20.1449215	20.0014732	
69.64412	19.8175056	19.687314	20.1927514	20.0538331	
69.6543	19.8662972	19.7396738	20.241543	20.106193	
69.66445	19.9157624	19.7920337	20.2910082	20.1672795	
69.67466	19.9663966	19.8531202	20.3416424	20.2196394	
69.68503	20.0186812	19.9054801	20.393927	20.2807259	
69.69489	20.0691319	19.9665666	20.4443777	20.3418124	
69.70509	20.1221685	20.0276532	20.4974143	20.402899	
69.71522	20.1756534	20.080013	20.5508992	20.4552588	
69.73559	20.2874359	20.2021861	20.6626817	20.5861585	
69.74022	20.3126913	20.228366	20.6879371	20.6123385	
69.75029	20.3687098	20.2807259	20.7439556	20.673425	
69.76055	20.4266008	20.3418124	20.8018466	20.7345115	
69.77901	20.5341803	20.4465322	20.9094261	20.8392313	
69.78359	20.5607027	20.4727121	20.9359485	20.8741379	
69.79379	20.6210416	20.525072	20.9962874	20.9352244	
69.80394	20.6818108	20.5948852	21.0570565	20.9963109	
69.8142	20.7441527	20.6559717	21.1193984	21.0573974	
69.82422	20.8058122	20.7170582	21.181058	21.1184839	
69.83442	20.8694001	20.7781447	21.2446459	21.1882971	
69.84453	20.9332212	20.8392313	21.308467	21.2493836	
69.85472	20.9984133	20.9090444	21.3736591	21.3191968	
69.86484	21.0640269	20.9788576	21.4392727	21.3802833	
69.87499	21.1305813	21.0399441	21.5058271	21.4500965	
69.88514	21.1980472	21.1010307	21.573293	21.511183	
69.89552	21.2678793	21.1795705	21.6431251	21.5809962	
69.90549	21.3356436	21.240657	21.7108894	21.6420827	
69.91561	21.4053223	21.3104702	21.7805681	21.7118959	
69.92581	21.4763309	21.3802833	21.8515767	21.7817091	
69.93598	21.5480057	21.4500965	21.9232515	21.8515222	
69.94607	21.619928	21.5199097	21.9951738	21.9213354	
69.95623	21.6932145	21.5897228	22.0684603	21.9911486	
69.96636	21.767046	21.659536	22.1422917	22.0609617	
69.97655	21.84217	21.7293492	22.2174158	22.1395016	
69.99469	21.9791133	21.8515222	22.3543591	22.2704013	
69.99932	22.014018	21.8864288	22.3892638	22.3053078	
70.00949	22.0916275	21.9649686	22.4668733	22.375121	
70.0196	22.1696794	22.0435085	22.5449252	22.4536608	
70.02972	22.2485499	22.1133216	22.6237957	22.5322006	
70.03987	22.3285428	22.1918614	22.7037886	22.6107405	
70.05002	22.4093361	22.2704013	22.7845819	22.6892803	
70.06019	22.4910843	22.3576677	22.8663301	22.7678201	
70.07032	22.5733789	22.4362075	22.9486247	22.8550866	
70.08052	22.6570859	22.5147474	23.0323317	22.9336264	
70.09076	22.7419032	22.6020138	23.117149	23.0121662	
70.10115	22.8289091	22.6892803	23.2041549	23.0994327	
70.11098	22.9119367	22.7765467	23.2871825	23.1779725	
70.12117	22.9988331	22.8638132	23.3740789	23.2652389	
70.13152	23.0880186	22.9510797	23.4632644	23.3525054	
70.14146	23.174342	23.0383461	23.5495878	23.4397719	
70.15158	23.2631353	23.1343392	23.6383811	23.5270383	
70.1619	23.3545616	23.2303323	23.7298074	23.6143048	
70.17191	23.4439872	23.3175988	23.819233	23.7015712	
70.18204	23.5352831	23.4135919	23.9105289	23.7975644	
70.19403	23.6447633	23.5270383	24.0200091	23.9110108	
70.20409	23.7370976	23.6230314	24.1123434	23.9982772	
70.21423	23.8311786	23.7190245	24.2064243	24.0942703	
70.2244	23.9263767	23.8150176	24.3016224	24.1902634	
70.23455	24.022126	23.9110108	24.3973718	24.2862565	
70.24469	24.1185544	24.0070039	24.4938002	24.3822497	
70.25486	24.2162707	24.1117236	24.5915165	24.4869694	
70.26497	24.3140221	24.2077167	24.6892679	24.5829625	
70.27516	24.4135283	24.3037098	24.7887741	24.6789556	
70.28533	24.5136465	24.4084296	24.8888923	24.7836754	
70.29546	24.6141606	24.5044227	24.9894064	24.8883951	
70.30564	24.715941	24.6091425	25.0911868	24.9843882	
70.32405	24.9035127	24.7138622	25.2787585	25.089108	
70.32868	24.9506377	24.8447619	25.3258835	25.2200077	
70.33884	25.054935	24.9582083	25.4301808	25.3247274	
70.34894	25.1595126	25.0629281	25.5347584	25.4294472	
70.35907	25.2652023	25.1676478	25.6404481	25.5428936	
70.37729	25.4585676	25.2723676	25.8338134	25.6476134	
70.38187	25.5069323	25.4032673	25.8821781	25.7785131	
70.39207	25.6161016	25.507987	25.9913474	25.8919595	
70.40219	25.7251341	25.6214334	26.1003799	26.0054059	
70.41237	25.8357101	25.7348798	26.2109559	26.1101256	
70.42256	25.947182	25.8483262	26.3224278	26.2148454	
70.43271	26.059061	25.953046	26.4343068	26.3282918	
70.44298	26.1731452	26.0664924	26.548391	26.4417382	
70.45307	26.2859141	26.1799388	26.6611598	26.5551846	
70.46322	26.4002364	26.2846585	26.7754822	26.668631	
70.4735	26.5170113	26.3981049	26.8922571	26.7820774	
70.48353	26.6315608	26.5115513	27.0068066	26.8955238	
70.49491	26.7627737	26.6249977	27.1380195	27.0089702	
70.50389	26.866795	26.7384441	27.2420408	27.1224166	
70.51402	26.9849724	26.8606172	27.3602182	27.2445896	
70.5242	27.1045992	26.9740636	27.479845	27.3667627	
70.53437	27.2249591	27.0962366	27.6002049	27.4802091	
70.54455	27.3463271	27.209683	27.7215729	27.6023821	
70.55474	27.4685491	27.3318561	27.8437949	27.7245552	
70.56488	27.5903131	27.4540291	27.9655589	27.8467282	
70.57499	27.7115731	27.5762022	28.0868189	27.9689013	
70.58515	27.8334811	27.6983752	28.2087269	28.099801	
70.5953	27.9553171	27.8292749	28.3305629	28.221974	
70.60547	28.0772971	27.951448	28.4525429	28.3441471	
70.61561	28.1990611	28.0823477	28.5743069	28.4750467	
70.62583	28.3204903	28.2045207	28.6957361	28.5972198	
70.63592	28.4394303	28.3354204	28.814676	28.7281195	
70.64606	28.5581768	28.4575935	28.9334226	28.8590192	
70.65629	28.6773159	28.5797665	29.0525617	28.9811922	
70.6664	28.7940779	28.7106662	29.1693237	29.1120919	
70.67654	28.9104144	28.8328392	29.2856602	29.234265	
70.68679	29.0272528	28.9550123	29.4024986	29.356438	
70.69687	29.1412633	29.0771853	29.5165091	29.4873377	
70.70703	29.2554225	29.1993584	29.6306683	29.6095108	
70.71722	29.369125	29.3215314	29.7443708	29.7316838	
70.72734	29.4811145	29.4437045	29.8563603	29.8451302	
70.73754	29.593226	29.5658775	29.9684718	29.9673033	
70.74767	29.7037664	29.6793239	30.0790122	30.0894763	
70.75778	29.8132345	29.801497	30.1884802	30.2029227	
70.76802	29.9232408	29.9149434	30.2984866	30.3163691	
70.77814	30.0312235	30.0283898	30.4064693	30.4298155	
70.78826	30.1383194	30.1418362	30.5135652	30.5432619	
70.79838	30.2447278	30.2640092	30.6199735	30.6479817	
70.80857	30.3509506	30.368729	30.7261964	30.7527014	
70.81872	30.4560428	30.4734487	30.8312886	30.8486945	
70.82883	30.5598191	30.5781685	30.9350649	30.9534143	
70.83902	30.6635895	30.6828883	31.0388353	31.058134	
70.84925	30.7668756	30.787608	31.1421214	31.1541271	
70.85936	30.8682632	30.8836011	31.243509	31.2501203	
70.86949	30.9689473	30.9795942	31.3441931	31.3461134	
70.87959	31.0686233	31.0755873	31.4438691	31.4421065	
70.88977	31.1681463	31.1715804	31.5433921	31.5380996	
70.90025	31.269827	31.2675735	31.6450728	31.6340927	
70.91037	31.3671422	31.3635667	31.742388	31.7300858	
70.92081	31.4667528	31.4508331	31.8419986	31.8173523	
70.93867	31.6340016	31.6166394	32.0092474	31.9831585	
70.94323	31.6767487	31.651546	32.0519945	32.0180651	
70.95382	31.7749562	31.7388124	32.150202	32.1140582	
70.96354	31.8642997	31.8260789	32.2395455	32.2013247	
70.97368	31.9567849	31.9133454	32.3320307	32.2885912	
70.98422	32.0519845	32.0006118	32.4272303	32.3758576	
70.99403	32.1398658	32.0878783	32.5151116	32.4631241	
71.00412	32.2294205	32.1664181	32.6046662	32.5503905	
71.01466	32.322063	32.2536846	32.6973088	32.637657	
71.02449	32.4077787	32.340951	32.7830244	32.7249235	
71.03464	32.4953527	32.4282175	32.8705985	32.8034633	
71.04519	32.5856029	32.515484	32.9608487	32.8907298	
71.05497	32.6685088	32.6027504	33.0437546	32.9867229	
71.06513	32.7537455	32.6900169	33.1289913	33.0739893	
71.07558	32.8405746	32.7685567	33.2158204	33.1612558	
71.08541	32.9215527	32.8558232	33.2967985	33.2485223	
71.09561	33.0047478	32.9430896	33.3799935	33.3357887	
71.1062	33.0901315	33.0216294	33.4653773	33.4230552	
71.11591	33.167706	33.1088959	33.5429518	33.5103216	
71.12603	33.2477804	33.1961624	33.6230262	33.5888615	
71.13652	33.3299367	33.2747022	33.7051825	33.6761279	
71.14637	33.4063105	33.3619687	33.7815563	33.7546677	
71.15646	33.4837166	33.4405085	33.8589624	33.8419342	
71.16698	33.5635531	33.5277749	33.9387989	33.9292007	
71.1768	33.6373147	33.6063147	34.0125605	34.0077405	
71.18701	33.7131614	33.6848546	34.0884072	34.0862803	
71.19741	33.7896463	33.772121	34.164892	34.1648201	
71.20727	33.8613305	33.8506608	34.2365763	34.2433599	
71.21751	33.9349227	33.9292007	34.3101685	34.3218997	
71.22792	34.0089749	33.9990138	34.3842207	34.4004396	
71.23771	34.0777841	34.0775536	34.4530299	34.4789794	
71.24794	34.1488468	34.1560935	34.5240926	34.5575192	
71.25832	34.2201861	34.2259066	34.5954319	34.6273324	
71.26824	34.2875215	34.2957198	34.6627673	34.7058722	
71.2783	34.3550397	34.365533	34.7302855	34.7756853	
71.28876	34.4244567	34.4266195	34.7997025	34.8454985	
71.29863	34.4891212	34.4964327	34.864367	34.906585	
71.30874	34.5545009	34.5575192	34.9297467	34.9763982	
71.31928	34.6218683	34.6186057	34.997114	35.0462114	
71.32904	34.6834715	34.6709656	35.0587172	35.1072979	
71.33924	34.7470431	34.7320521	35.1222889	35.1596578	
71.35011	34.8138881	34.7931386	35.1891339	35.2207443	
71.3595	34.8709409	34.8454985	35.2461867	35.2731042	
71.36965	34.9317496	34.906585	35.3069954	35.3254641	
71.38002	34.9930542	34.9589449	35.3683	35.3865506	
71.3899	35.0507327	35.0113048	35.4259785	35.4389105	
71.40008	35.1093033	35.0636647	35.4845491	35.4912703	
71.41056	35.1687335	35.1160246	35.5439793	35.5436302	
71.42036	35.2235645	35.1771111	35.5988102	35.5959901	
71.43049	35.2794377	35.229471	35.6546835	35.6396233	
71.44096	35.3363896	35.2818308	35.7116354	35.6919832	
71.45874	35.4299966	35.3778239	35.8052424	35.7792497	
71.46351	35.4552076	35.3952772	35.8304534	35.8054296	
71.47359	35.5073947	35.4476371	35.8826405	35.8490628	
71.48362	35.5585849	35.499997	35.9338307	35.9014227	
71.49415	35.6121835	35.5523569	35.9874293	35.9450559	
71.50397	35.6599851	35.6047167	36.0352309	35.9974158	
71.51409	35.7091723	35.6570766	36.084418	36.0410491	
71.52424	35.7577399	35.7094365	36.1329857	36.0934089	
71.53442	35.8056933	35.7617964	36.180939	36.1370422	
71.54456	35.8525948	35.8141563	36.2278405	36.189402	
71.55472	35.8987721	35.8577895	36.2740179	36.2330353	
71.56511	35.9451913	35.9101494	36.3204371	36.2853951	
71.57503	35.9887387	35.9537826	36.3639845	36.337755	
71.58516	36.0324076	36.0061425	36.4076534	36.3813883	
71.59533	36.0754696	36.0497757	36.4507154	36.4337481	
71.6055	36.1176804	36.0934089	36.4929262	36.4773814	
71.61566	36.1590987	36.1457688	36.5343445	36.5210146	
71.62586	36.1998643	36.1806754	36.5751101	36.5646478	
71.63596	36.2394028	36.2330353	36.6146486	36.6082811	
71.64612	36.2784032	36.2679419	36.653649	36.6519143	
71.6563	36.3167266	36.3115751	36.6919724	36.6868209	
71.66644	36.3540487	36.3464817	36.7292945	36.7304541	
71.67661	36.3906763	36.3901149	36.7659221	36.7740873	
71.68686	36.4268351	36.4250215	36.8020809	36.8089939	
71.6971	36.4631409	36.4686547	36.8383867	36.8439005	
71.70711	36.4958103	36.5035613	36.8710561	36.8788071	
71.71728	36.5293128	36.5384679	36.9045586	36.9137137	
71.72741	36.5618437	36.5646478	36.9370895	36.9486203	
71.73763	36.593876	36.5995544	36.9691218	36.9748002	
71.74771	36.6247122	36.634461	36.999958	37.0009801	
71.75796	36.6552265	36.6606409	37.0304723	37.0358867	
71.76803	36.6844609	36.6868209	37.0597067	37.0620667	
71.77819	36.7131851	36.7130008	37.0884309	37.0882466	
71.78829	36.7409356	36.7391808	37.1161814	37.1144265	
71.79843	36.7680214	36.7653607	37.1432671	37.1406065	
71.80862	36.7944536	36.7915406	37.1696993	37.1667864	
71.81875	36.819936	36.8089939	37.1951818	37.1842397	
71.82888	36.8446742	36.8264472	37.21992	37.2104197	
71.83905	36.868734	36.8526272	37.2439798	37.2365996	
71.85759	36.9093601	36.8613538	37.2846059	37.2540529	
71.86218	36.9195216	36.8875337	37.2947674	37.2802328	
71.8724	36.9411059	36.904987	37.3163517	37.2976861	
71.88252	36.9617308	36.9224403	37.3369766	37.3151394	
71.89264	36.9816104	36.931167	37.3568562	37.3325927	
71.90289	37.0009562	36.9486203	37.376202	37.350046	
71.91299	37.019268	36.9660736	37.3945138	37.3674993	
71.92319	37.036987	36.9835268	37.4122328	37.3849526	
71.93336	37.0539022	36.9922535	37.429148	37.3936792	
71.94346	37.0699603	37.0009801	37.4452061	37.4024059	
71.95364	37.0853935	37.0184334	37.4606393	37.4198592	
71.96381	37.1000617	37.0271601	37.4753075	37.4198592	
71.97394	37.1139234	37.0446134	37.4891692	37.4373125	
71.98438	37.1274223	37.05334	37.5026681	37.4460391	
71.9943	37.1395737	37.0707933	37.5148195	37.4547657	
72.00441	37.1512182	37.07952	37.526464	37.4634924	
72.01457	37.1622136	37.0882466	37.5374594	37.472219	
72.02483	37.1725697	37.0969733	37.5478155	37.4809457	
72.03502	37.1821477	37.1056999	37.5573935	37.4896723	
72.04509	37.1909234	37.1144265	37.5661692	37.498399	
72.05528	37.1990994	37.1231532	37.5743451	37.5071256	
72.0655	37.2066092	37.1318798	37.581855	37.5158523	
72.07557	37.2133568	37.1406065	37.5886026	37.5245789	
72.08574	37.2195025	37.1406065	37.5947483	37.5245789	
72.09608	37.2250729	37.1406065	37.6003187	37.5333056	
72.10619	37.2299088	37.1493331	37.6051546	37.5333056	
72.11637	37.2341644	37.1493331	37.6094102	37.5420322	
72.1265	37.2378216	37.1493331	37.6130674	37.5420322	
72.13705	37.2410173	37.1493331	37.6162631	37.5507589	
72.14694	37.2435356	37.1493331	37.6187814	37.5507589	
72.15696	37.2456122	37.1493331	37.6208579	37.5507589	
72.16745	37.2516065	37.1493331	37.6268522	37.5507589	
72.17738	37.2516065	37.1493331	37.6268522	37.5507589	
72.18746	37.2516065	37.1493331	37.6268522	37.5507589	
72.19783	37.2516065	37.1493331	37.6268522	37.5507589	
72.20778	37.2516065	37.1493331	37.6268522	37.5507589	
72.21798	37.2516065	37.1493331	37.6268522	37.5507589	
72.2285	37.2516065	37.1493331	37.6268522	37.5507589	
72.23864	37.2516065	37.1493331	37.6268522	37.5507589	
72.24877	37.2516065	37.1493331	37.6268522	37.5507589	
72.25896	37.2516065	37.1493331	37.6268522	37.5507589	
72.26906	37.2516065	37.1493331	37.6268522	37.5507589	
72.27924	37.2516065	37.1493331	37.6268522	37.5507589	
72.29011	37.2516065	37.1493331	37.6268522	37.5507589	
72.29959	37.2516065	37.1493331	37.6268522	37.5507589	
72.30965	37.2516065	37.1493331	37.6268522	37.5507589	
72.31982	37.2516065	37.1493331	37.6268522	37.5507589	
72.32999	37.2516065	37.1493331	37.6268522	37.5507589	
72.34011	37.2516065	37.1493331	37.6268522	37.5507589	
72.35023	37.2516065	37.1493331	37.6268522	37.5507589	
72.36044	37.2516065	37.1493331	37.6268522	37.5507589	
72.37055	37.2516065	37.1493331	37.6268522	37.5507589	
72.38076	37.2516065	37.1493331	37.6268522	37.5507589	
72.39094	37.2516065	37.1493331	37.6268522	37.5507589	
72.40107	37.2516065	37.1493331	37.6268522	37.5507589	
72.41156	37.2516065	37.1493331	37.6268522	37.5507589	
72.4214	37.2516065	37.1493331	37.6268522	37.5507589	
72.43154	37.2516065	37.1493331	37.6268522	37.5507589	
72.44208	37.2516065	37.1493331	37.6268522	37.5507589	
72.45187	37.2516065	37.1493331	37.6268522	37.5507589	
72.46203	37.2516065	37.1493331	37.6268522	37.5507589	
72.47254	37.2516065	37.1493331	37.6268522	37.5507589	
72.48237	37.2516065	37.1493331	37.6268522	37.5507589	
72.49252	37.2516065	37.1493331	37.6268522	37.5507589	
72.50289	37.2516065	37.1493331	37.6268522	37.5507589	
72.51284	37.2516065	37.1493331	37.6268522	37.5507589	
72.52306	37.2516065	37.1493331	37.6268522	37.5507589	
72.53331	37.2516065	37.1493331	37.6268522	37.5507589	
72.54329	37.2516065	37.1493331	37.6268522	37.5507589	
72.55351	37.2516065	37.1493331	37.6268522	37.5507589	
72.56435	37.2516065	37.1493331	37.6268522	37.5507589	
72.57371	37.2516065	37.1493331	37.6268522	37.5507589	
72.58384	37.2516065	37.1493331	37.6268522	37.5507589	
72.59408	37.2516065	37.1493331	37.6268522	37.5507589	
72.60417	37.2516065	37.1493331	37.6268522	37.5507589	
72.6143	37.2516065	37.1493331	37.6268522	37.5507589	
72.62462	37.2516065	37.1493331	37.6268522	37.5507589	
72.63463	37.2516065	37.1493331	37.6268522	37.5507589	
72.64478	37.2516065	37.1493331	37.6268522	37.5507589	
72.65508	37.2516065	37.1493331	37.6268522	37.5507589	
72.6651	37.2516065	37.1493331	37.6268522	37.5507589	
72.67526	37.2516065	37.1493331	37.6268522	37.5507589	
72.68547	37.2516065	37.1493331	37.6268522	37.5507589	
72.69555	37.2516065	37.1493331	37.6268522	37.5507589	
72.70576	37.2516065	37.1493331	37.6268522	37.5507589	
72.71593	37.2516065	37.1493331	37.6268522	37.5507589	
72.72604	37.2516065	37.1493331	37.6268522	37.5507589	
72.73621	37.2516065	37.1493331	37.6268522	37.5507589	
72.75694	37.2516065	37.1493331	37.6268522	37.5507589	
72.76187	37.2516065	37.1493331	37.6268522	37.5507589	
72.77201	37.2516065	37.1493331	37.6268522	37.5507589	
72.78814	37.2516065	37.1493331	37.6268522	37.5507589	
72.79297	37.2516065	37.1493331	37.6268522	37.5507589	
72.80335	37.2516065	37.1493331	37.6268522	37.5507589	
72.8134	37.2516065	37.1493331	37.6268522	37.5507589	
72.82363	37.2516065	37.1493331	37.6268522	37.5507589	
72.83391	37.2516065	37.1493331	37.6268522	37.5507589	
72.84403	37.2516065	37.1493331	37.6268522	37.5507589	
72.85424	37.2516065	37.1493331	37.6268522	37.5507589	
72.86446	37.2516065	37.1493331	37.6268522	37.5507589	
72.87471	37.2516065	37.1493331	37.6268522	37.5507589	
72.8849	37.2516065	37.1493331	37.6268522	37.5507589	
72.89515	37.2516065	37.1493331	37.6268522	37.5507589	
72.90535	37.2516065	37.1493331	37.6268522	37.5507589	
72.91557	37.2516065	37.1493331	37.6268522	37.5507589	
72.92607	37.2516065	37.1493331	37.6268522	37.5507589	
72.93598	37.2516065	37.1493331	37.6268522	37.5507589	
72.94624	37.2516065	37.1493331	37.6268522	37.5507589	
72.95643	37.2516065	37.1493331	37.6268522	37.5507589	
72.96663	37.2516065	37.1493331	37.6268522	37.5507589	
72.97686	37.2516065	37.1493331	37.6268522	37.5507589	
72.98713	37.2516065	37.1493331	37.6268522	37.5507589	
72.99732	37.2516065	37.1493331	37.6268522	37.5507589	
73.00752	37.2516065	37.1493331	37.6268522	37.5507589	
73.01794	37.2516065	37.1493331	37.6268522	37.5507589	
73.02805	37.2516065	37.1493331	37.6268522	37.5507589	
73.03827	37.2516065	37.1493331	37.6268522	37.5507589	
73.04846	37.2516065	37.1493331	37.6268522	37.5507589	
73.05864	37.2516065	37.1493331	37.6268522	37.5507589	
73.06887	37.2516065	37.1493331	37.6268522	37.5507589	
73.07946	37.2516065	37.1493331	37.6268522	37.5507589	
73.08939	37.2516065	37.1493331	37.6268522	37.5507589	
73.0996	37.2516065	37.1493331	37.6268522	37.5507589	
73.10987	37.2516065	37.1493331	37.6268522	37.5507589	
73.11996	37.2516065	37.1493331	37.6268522	37.5507589	
73.13021	37.2516065	37.1493331	37.6268522	37.5507589	
73.14039	37.2516065	37.1493331	37.6268522	37.5594855	
73.15063	37.2516065	37.1493331	37.6268522	37.5594855	
73.16942	37.2516065	37.1493331	37.6268522	37.5594855	
73.17429	37.2516065	37.1493331	37.6268522	37.5594855	
73.18452	37.2516065	37.1493331	37.6268522	37.5682121	
73.19474	37.2516065	37.1493331	37.6268522	37.5769388	
73.20529	37.2516065	37.1493331	37.6268522	37.5856654	
73.21556	37.2516065	37.1493331	37.6268522	37.5856654	
73.22583	37.2516065	37.1493331	37.6268522	37.5943921	
73.23593	37.2516065	37.1493331	37.6268522	37.5943921	
73.24616	37.2516065	37.1493331	37.6268522	37.5943921	
73.25642	37.2516065	37.1493331	37.6268522	37.5943921	
73.26656	37.2516065	37.1493331	37.6268522	37.5943921	
73.27687	37.2516065	37.1493331	37.6268522	37.5943921	
73.28705	37.2516065	37.1493331	37.6268522	37.5943921	
73.29721	37.2516065	37.1493331	37.6268522	37.5943921	
73.3075	37.2516065	37.1493331	37.6268522	37.5943921	
73.31771	37.2516065	37.1493331	37.6268522	37.5943921	
73.32802	37.2516065	37.1493331	37.6268522	37.5943921	
73.33839	37.2516065	37.1493331	37.6268522	37.5943921	
73.34836	37.2516065	37.1493331	37.6268522	37.5943921	
73.35858	37.2516065	37.1493331	37.6268522	37.5943921	
73.36886	37.2516065	37.1493331	37.6268522	37.6031187	
73.37904	37.2516065	37.1493331	37.6268522	37.6031187	
73.38935	37.2516065	37.1493331	37.6268522	37.6031187	
73.39963	37.2516065	37.1493331	37.6268522	37.6031187	
73.40989	37.2516065	37.1493331	37.6268522	37.6118454	
73.4199	37.2516065	37.1493331	37.6268522	37.6118454	
73.43012	37.2516065	37.1580598	37.6268522	37.620572	
73.44033	37.2516065	37.1580598	37.6268522	37.620572	
73.4505	37.2516065	37.1580598	37.6268522	37.620572	
73.46079	37.2516065	37.1667864	37.6268522	37.620572	
73.47115	37.2516065	37.1755131	37.6268522	37.620572	
73.4812	37.2516065	37.1842397	37.6268522	37.6292987	
73.4915	37.2516065	37.1929664	37.6268522	37.6292987	
73.50191	37.2516065	37.201693	37.6268522	37.6292987	
73.51191	37.2516065	37.2104197	37.6268522	37.6292987	
73.52218	37.2516065	37.2104197	37.6268522	37.6292987	
73.53235	37.2516065	37.2191463	37.6268522	37.6292987	
73.54257	37.2516065	37.2278729	37.6268522	37.6292987	
73.55304	37.2516065	37.2278729	37.6268522	37.6292987	
73.5716	37.2516065	37.2278729	37.6268522	37.6292987	
73.57651	37.2516065	37.2278729	37.6268522	37.6292987	
73.58663	37.2516065	37.2278729	37.6268522	37.6292987	
73.59708	37.2516065	37.2278729	37.6268522	37.6292987	
73.60708	37.2516065	37.2278729	37.6268522	37.6292987	
73.61725	37.2516065	37.2278729	37.6268522	37.6292987	
73.62798	37.2516065	37.2278729	37.6268522	37.6292987	
73.63778	37.2516065	37.2278729	37.6268522	37.6292987	
73.64803	37.2516065	37.2278729	37.6268522	37.6292987	
73.65848	37.2516065	37.2278729	37.6268522	37.6292987	
73.66842	37.2516065	37.2278729	37.6268522	37.6292987	
73.67863	37.2516065	37.2278729	37.6268522	37.6292987	
73.68907	37.2516065	37.2278729	37.6268522	37.6292987	
73.6992	37.2516065	37.2278729	37.6268522	37.6292987	
73.71797	37.2516065	37.2278729	37.6268522	37.6292987	
73.72278	37.2516065	37.2278729	37.6268522	37.6292987	
73.73309	37.2516065	37.2278729	37.6268522	37.6292987	
73.74328	37.2516065	37.2278729	37.6268522	37.6292987	
73.75346	37.2516065	37.2278729	37.6268522	37.6292987	
73.7637	37.2516065	37.2278729	37.6268522	37.6292987	
73.77394	37.2516065	37.2278729	37.6268522	37.6292987	
73.78416	37.2516065	37.2278729	37.6268522	37.6292987	
73.79435	37.2516065	37.2278729	37.6268522	37.6292987	
73.80458	37.2516065	37.2278729	37.6268522	37.6292987	
73.81479	37.2516065	37.2278729	37.6268522	37.6292987	
73.82501	37.2516065	37.2278729	37.6268522	37.6292987	
73.83531	37.2516065	37.2278729	37.6268522	37.6292987	
73.84544	37.2516065	37.2278729	37.6268522	37.6292987	
73.85564	37.2516065	37.2278729	37.6268522	37.6292987	
73.8661	37.2516065	37.2278729	37.6268522	37.6292987	
73.87626	37.2516065	37.2278729	37.6268522	37.6292987	
73.88649	37.2516065	37.2278729	37.6268522	37.6292987	
73.8968	37.2516065	37.2278729	37.6268522	37.6292987	
73.90696	37.2516065	37.2278729	37.6268522	37.6292987	
73.91716	37.2516065	37.2278729	37.6268522	37.6292987	
73.92739	37.2516065	37.2278729	37.6268522	37.6292987	
73.93769	37.2516065	37.2278729	37.6268522	37.6292987	
73.94794	37.2516065	37.2278729	37.6268522	37.6292987	
73.95815	37.2516065	37.2278729	37.6268522	37.6292987	
73.96838	37.2516065	37.2278729	37.6268522	37.6292987	
73.97855	37.2516065	37.2278729	37.6268522	37.6292987	
73.9911	37.2516065	37.2278729	37.6268522	37.6292987	
73.99872	37.2516065	37.2278729	37.6268522	37.6292987	
74.00887	37.2516065	37.2278729	37.6268522	37.6292987	
74.01907	37.2516065	37.2278729	37.6268522	37.6292987	
74.02926	37.2516065	37.2278729	37.6268522	37.6292987	
74.03942	37.2516065	37.2278729	37.6268522	37.6292987	
74.04948	37.2516065	37.2278729	37.6268522	37.6292987	
74.05968	37.2516065	37.2278729	37.6268522	37.6292987	
74.06977	37.2516065	37.2278729	37.6268522	37.6292987	
74.07994	37.2516065	37.2278729	37.6268522	37.6292987	
74.09013	37.2516065	37.2278729	37.6268522	37.6292987	
74.10026	37.2516065	37.2278729	37.6268522	37.6292987	
74.11049	37.2516065	37.2278729	37.6268522	37.6292987	
74.12062	37.2516065	37.2278729	37.6268522	37.6292987	
74.13077	37.2516065	37.2278729	37.6268522	37.6292987	
74.14085	37.2516065	37.2278729	37.6268522	37.6292987	
74.15102	37.2516065	37.2278729	37.6268522	37.6292987	
74.16116	37.2516065	37.2278729	37.6268522	37.6292987	
74.17142	37.2516065	37.2278729	37.6268522	37.6292987	
74.1816	37.2516065	37.2278729	37.6268522	37.6292987	
74.19175	37.2516065	37.2278729	37.6268522	37.6292987	
74.20194	37.2516065	37.2278729	37.6268522	37.6292987	
74.21204	37.2516065	37.2365996	37.6268522	37.6292987	
74.22223	37.2516065	37.2365996	37.6268522	37.6292987	
74.23241	37.2516065	37.2365996	37.6268522	37.6292987	
74.24302	37.2502543	37.2453262	37.6255001	37.6292987	
74.25272	37.2483031	37.2453262	37.6235489	37.6292987	
74.26285	37.2454246	37.2453262	37.6206703	37.620572	
74.27303	37.2417012	37.2453262	37.616947	37.620572	
74.29137	37.2317008	37.2365996	37.6069465	37.6118454	
74.29684	37.2287588	37.2365996	37.6040046	37.6031187	
74.30616	37.2229146	37.2278729	37.5981603	37.6031187	
74.31629	37.2157091	37.2278729	37.5909548	37.5943921	
74.32644	37.207665	37.2191463	37.5829108	37.5943921	
74.33663	37.1987495	37.2104197	37.5739953	37.5856654	
74.34678	37.1890588	37.2104197	37.5643046	37.5769388	
74.35687	37.1785973	37.201693	37.5538431	37.5682121	
74.36742	37.1667582	37.1929664	37.542004	37.5594855	
74.37762	37.1544926	37.1842397	37.5297384	37.5507589	
74.38797	37.1411849	37.1755131	37.5164307	37.5420322	
74.39797	37.127537	37.1667864	37.5027828	37.5333056	
74.40797	37.1130888	37.1580598	37.4883346	37.5245789	
74.41834	37.0972334	37.1406065	37.4724792	37.5158523	
74.4286	37.080712	37.1406065	37.4559578	37.5071256	
74.43845	37.0640931	37.1318798	37.4393388	37.498399	
74.44871	37.0459047	37.1318798	37.4211505	37.4896723	
74.45876	37.0273094	37.1231532	37.4025552	37.4896723	
74.46889	37.0077322	37.1231532	37.382978	37.4896723	
74.47913	36.987099	37.1231532	37.3623448	37.4896723	
74.48931	36.9657487	37.1056999	37.3409945	37.4809457	
74.49938	36.9438557	37.1056999	37.3191015	37.472219	
74.50961	36.9207317	37.0882466	37.2959775	37.4634924	
74.5197	36.8971434	37.0707933	37.2723892	37.4547657	
74.52988	36.8725227	37.0358867	37.2477685	37.4285858	
74.53999	36.847229	37.0097068	37.2224748	37.4111325	
74.55011	36.8210928	36.9835268	37.1963386	37.3849526	
74.56038	36.7937357	36.9486203	37.1689815	37.350046	
74.57047	36.7660259	36.9137137	37.1412717	37.3238661	
74.58058	36.7374567	36.8788071	37.1127025	37.2889595	
74.59864	36.6832352	36.8264472	37.058481	37.2278729	
74.60351	36.6686729	36.8089939	37.0439187	37.2104197	
74.61341	36.6381498	36.7740873	37.0133956	37.1755131	
74.62357	36.6059109	36.7391808	36.9811567	37.1318798	
74.63403	36.5718822	36.7042742	36.947128	37.0969733	
74.64388	36.5390737	36.6606409	36.9143195	37.05334	
74.65402	36.5044509	36.6257344	36.8796967	37.0097068	
74.6645	36.4677596	36.5821011	36.8430054	36.9660736	
74.67437	36.4324868	36.5471945	36.8077326	36.9224403	
74.68451	36.395431	36.5035613	36.7706768	36.8788071	
74.69493	36.356422	36.4512014	36.7316678	36.8264472	
74.70483	36.3185984	36.4075682	36.6938442	36.782814	
74.71499	36.2790051	36.363935	36.6542509	36.7391808	
74.7254	36.2374624	36.3203017	36.6127082	36.6868209	
74.73531	36.197245	36.2679419	36.5724908	36.6431876	
74.74544	36.155229	36.2330353	36.5304748	36.5908278	
74.75583	36.1112946	36.189402	36.4865403	36.5471945	
74.76574	36.0686279	36.1457688	36.4438737	36.5035613	
74.77589	36.0240852	36.1021356	36.399331	36.4599281	
74.7864	35.9770454	36.067229	36.3522912	36.4075682	
74.79621	35.9324504	36.0235958	36.3076961	36.363935	
74.80638	35.8853006	35.9799625	36.2605464	36.3203017	
74.81693	35.8355215	35.9363293	36.2107673	36.2679419	
74.82667	35.7885816	35.8926961	36.1638274	36.2330353	
74.83682	35.7393566	35.8490628	36.1146024	36.1806754	
74.84733	35.6871866	35.796703	36.0624324	36.1370422	
74.85713	35.6378444	35.7443431	36.0130902	36.0934089	
74.86736	35.5854717	35.7007098	35.9607174	36.0410491	
74.87775	35.5313884	35.64835	35.9066341	35.9886892	
74.88761	35.4793062	35.5959901	35.854552	35.9450559	
74.8979	35.4241045	35.5349036	35.7993503	35.8926961	
74.90825	35.3677216	35.4825437	35.7429674	35.8490628	
74.9181	35.3132839	35.4301838	35.6885297	35.796703	
74.92819	35.2567299	35.3778239	35.6319757	35.7443431	
74.93863	35.1972985	35.3254641	35.5725443	35.6919832	
74.94845	35.1406837	35.2731042	35.5159295	35.6308967	
74.95859	35.0813646	35.2207443	35.4566104	35.5785368	
74.96906	35.0191938	35.1596578	35.3944396	35.5174503	
74.97939	34.9570483	35.0985713	35.3322941	35.4650904	
74.98906	34.8981332	35.0374847	35.273379	35.3952772	
74.99952	34.8334844	34.9763982	35.2087302	35.3341907	
75.00942	34.7715907	34.9153117	35.1468365	35.2731042	
75.01958	34.7072093	34.8542252	35.0824551	35.203291	
75.03	34.6402812	34.784412	35.015527	35.1334778	
75.03979	34.5766438	34.7233255	34.9518896	35.0636647	
75.05014	34.5085136	34.6535123	34.8837594	34.9938515	
75.06042	34.4399882	34.5836991	34.815234	34.9240383	
75.07026	34.3736656	34.513886	34.7489114	34.8542252	
75.08043	34.3042429	34.4440728	34.6794887	34.7756853	
75.09087	34.2321291	34.3829863	34.6073749	34.7058722	
75.10077	34.1629771	34.3044464	34.5382229	34.6273324	
75.111	34.09059	34.2259066	34.4658358	34.5575192	
75.12134	34.0166585	34.1560935	34.3919043	34.4789794	
75.13129	33.9447187	34.0775536	34.3199645	34.4004396	
75.14138	33.8709689	33.9990138	34.2462147	34.3218997	
75.15179	33.7939545	33.9292007	34.1692003	34.2433599	
75.16179	33.719166	33.8506608	34.0944118	34.1648201	
75.17183	33.6433388	33.7633944	34.0185846	34.0775536	
75.18228	33.5634772	33.6848546	33.938723	33.9990138	
75.19421	33.4710897	33.6063147	33.8463354	33.920474	
75.20255	33.4061148	33.5190483	33.7813606	33.8332075	
75.21276	33.3255906	33.4405085	33.7008364	33.7546677	
75.22283	33.2454204	33.353242	33.6206662	33.6761279	
75.23303	33.1633778	33.2659755	33.5386236	33.5975881	
75.24323	33.0804127	33.1874357	33.4556585	33.5103216	
75.25329	32.9979217	33.1088959	33.3731675	33.4317818	
75.26343	32.9138825	33.0216294	33.2891282	33.353242	
75.2737	32.8278488	32.9430896	33.2030946	33.2659755	
75.28378	32.7427194	32.8558232	33.1179652	33.1874357	
75.29391	32.6563024	32.7772834	33.0315482	33.1088959	
75.3041	32.5684532	32.6900169	32.943699	33.0216294	
75.31424	32.4803187	32.6027504	32.8555645	32.9430896	
75.32441	32.3910242	32.515484	32.76627	32.8558232	
75.33459	32.3008927	32.4282175	32.6761385	32.7685567	
75.34472	32.2103497	32.340951	32.5855954	32.6812902	
75.35484	32.1190956	32.2449579	32.4943414	32.5940238	
75.36506	32.0260265	32.1489648	32.4012723	32.4980307	
75.37521	31.9328376	32.0616984	32.3080834	32.4107642	
75.38535	31.8389281	31.9744319	32.2141738	32.3147711	
75.39553	31.7437042	31.8784388	32.1189499	32.218778	
75.40567	31.6481749	31.7824457	32.0234207	32.1315115	
75.41579	31.5518915	31.6864526	31.9271373	32.0355184	
75.43426	31.3728713	31.5206463	31.7481171	31.8609855	
75.43885	31.3286319	31.4682864	31.7038777	31.8173523	
75.44905	31.2288886	31.3722933	31.6041344	31.7126325	
75.46721	31.0482282	31.1977604	31.423474	31.5380996	
75.47177	31.0029033	31.1454005	31.378149	31.4944664	
75.48197	30.9005432	31.0494074	31.275789	31.3897466	
75.4921	30.7979759	30.9446876	31.1732217	31.2937535	
75.50222	30.6948342	30.8399679	31.07008	31.1890337	
75.51249	30.5892514	30.7352481	30.9644972	31.084314	
75.52257	30.4847228	30.6305284	30.8599686	30.9795942	
75.53275	30.3785137	30.5083553	30.7537595	30.8748745	
75.54291	30.2714772	30.4036356	30.646723	30.7701547	
75.55367	30.1572581	30.2901892	30.5325038	30.665435	
75.56362	30.051016	30.1767428	30.4262618	30.5607152	
75.57407	29.9383186	30.0632964	30.3135643	30.4472688	
75.5839	29.8317272	29.94985	30.206973	30.342549	
75.59406	29.7206394	29.8451302	30.0958852	30.2378293	
75.60443	29.6062529	29.7316838	29.9814987	30.1243829	
75.61435	29.496311	29.6269641	29.8715568	30.0196631	
75.62454	29.3823753	29.5135177	29.7576211	29.9062167	
75.6348	29.2667548	29.3913446	29.6420005	29.7927703	
75.64486	29.1528126	29.2866248	29.5280584	29.6793239	
75.65498	29.037174	29.1644518	29.4124198	29.5658775	
75.66519	28.9197273	29.0510054	29.2949731	29.4437045	
75.68329	28.7083407	28.8415659	29.0835865	29.234265	
75.6879	28.6546357	28.789206	29.0298815	29.1819051	
75.69961	28.5165089	28.6757596	28.8917547	29.059732	
75.70818	28.4151432	28.5535866	28.790389	28.937559	
75.7183	28.294448	28.4401402	28.6696938	28.815386	
75.72878	28.1685167	28.3179671	28.5437625	28.6844863	
75.73859	28.0508447	28.2045207	28.4260905	28.5535866	
75.74874	27.9290567	28.0823477	28.3043025	28.4314135	
75.76719	27.7071407	27.9601746	28.0823865	28.3005138	
75.77184	27.6517607	27.803095	28.0270065	28.1347075	
75.78199	27.5300327	27.6809219	27.9052785	28.0038078	
75.7922	27.4074287	27.5500222	27.7826745	27.8641815	
75.80235	27.2869821	27.4191225	27.6622279	27.7332818	
75.81249	27.1673227	27.2882229	27.5425685	27.6023821	
75.82266	27.0480916	27.1573232	27.4233374	27.4714824	
75.83282	26.9298959	27.0351501	27.3051417	27.3405827	
75.84298	26.8125708	26.9042504	27.1878166	27.209683	
75.85317	26.6956728	26.7733507	27.0709186	27.08751	
75.8633	26.5802809	26.6511777	26.9555267	26.9566103	
75.87345	26.4654405	26.520278	26.8406863	26.8344372	
75.88362	26.3513017	26.3981049	26.7265475	26.7035376	
75.89375	26.2383414	26.2759319	26.6135872	26.5900912	
75.9039	26.1260263	26.1450322	26.5012721	26.4679181	
75.91414	26.0135563	26.0315858	26.3888021	26.3544717	
75.92421	25.903692	25.9094127	26.2789377	26.2410253	
75.93435	25.7939854	25.7959663	26.1692312	26.1275789	
75.94455	25.6844089	25.6825199	26.0596547	26.0141325	
75.95485	25.5746096	25.5690735	25.9498554	25.9006861	
75.96502	25.4670899	25.4556271	25.8423357	25.7959663	
75.97518	25.3604259	25.3509074	25.7356717	25.6912466	
75.98534	25.2545346	25.2461876	25.6297804	25.5865268	
75.9955	25.1495293	25.1414679	25.5247751	25.4818071	
76.00565	25.0454288	25.0454748	25.4206746	25.3770873	
76.01583	24.9418893	24.940755	25.3171351	25.2723676	
76.02601	24.8391663	24.8447619	25.2144121	25.1763745	
76.03618	24.737339	24.7487688	25.1125848	25.0803814	
76.04629	24.6369647	24.6527757	25.0122105	24.9931149	
76.05658	24.5355961	24.5567826	24.9108418	24.8971218	
76.06666	24.436654	24.4607895	24.8118998	24.8098553	
76.07679	24.3391135	24.373523	24.7143593	24.7138622	
76.08693	24.2416794	24.2775299	24.6169251	24.6353224	
76.09712	24.144548	24.1902634	24.5197938	24.5393293	
76.1073	24.0484318	24.0942703	24.4236776	24.4607895	
76.1174	23.9538896	24.0070039	24.3291354	24.373523	
76.12757	23.8594176	23.9197374	24.2346634	24.2862565	
76.13768	23.7665153	23.8237443	24.1417611	24.1989901	
76.1479	23.6732369	23.7364778	24.0484827	24.1204503	
76.15803	23.5816477	23.6492114	23.9568934	24.0331838	
76.16819	23.4906459	23.5619449	23.8658917	23.9459173	
76.17832	23.4007196	23.4746784	23.7759653	23.8586509	
76.18849	23.311228	23.387412	23.6864738	23.7713844	
76.1986	23.2231016	23.3001455	23.5983474	23.6753913	
76.2088	23.1350561	23.2041524	23.5103019	23.5881248	
76.21893	23.048352	23.1168859	23.4235978	23.5008584	
76.22907	22.9625151	23.0383461	23.3377609	23.4135919	
76.2393	22.8766503	22.942353	23.2518961	23.3175988	
76.2494	22.7926744	22.8550866	23.1679202	23.2303323	
76.26	22.7054404	22.7678201	23.0806862	23.1430659	
76.26978	22.6257213	22.6805536	23.0009671	23.0557994	
76.27988	22.5441929	22.5932872	22.9194387	22.968533	
76.29005	22.462948	22.5060207	22.8381938	22.8812665	
76.30015	22.3831165	22.4187542	22.7583623	22.7852734	
76.31035	22.3031612	22.3402144	22.678407	22.6980069	
76.32053	22.2243393	22.252948	22.5995851	22.6107405	
76.33059	22.1471994	22.1744081	22.5224452	22.523474	
76.34084	22.0694367	22.0958683	22.4446825	22.4449342	
76.35089	21.9940511	22.0173285	22.3692969	22.3576677	
76.36135	21.91634	21.9387887	22.2915857	22.2704013	
76.37158	21.8412159	21.8689755	22.2164617	22.1918614	
76.38171	21.7677074	21.7991624	22.1429532	22.1133216	
76.39188	21.6946932	21.7206225	22.069939	22.0347818	
76.40209	21.6221283	21.6420827	21.9973741	21.956242	
76.41217	21.5514397	21.5722696	21.9266855	21.8864288	
76.42234	21.4807968	21.5024564	21.8560426	21.8166156	
76.43258	21.4105971	21.4326432	21.7858429	21.7468025	
76.4427	21.341979	21.3715567	21.7172248	21.6769893	
76.45282	21.2742177	21.3017435	21.6494635	21.6071761	
76.46302	21.2066876	21.2319304	21.5819334	21.537363	
76.47319	21.1401415	21.1708438	21.5153873	21.4762764	
76.48342	21.0741549	21.1010307	21.4494006	21.4151899	
76.49354	21.0095819	21.0399441	21.3848277	21.3541034	
76.50363	20.9460662	20.9788576	21.321312	21.2930169	
76.51389	20.8823117	20.9177711	21.2575575	21.2319304	
76.524	20.8202542	20.8566846	21.1955	21.1708438	
76.53413	20.758909	20.795598	21.1341548	21.1184839	
76.54427	20.6982856	20.7345115	21.0735314	21.0573974	
76.55464	20.6371461	20.673425	21.0123919	21.0050375	
76.5646	20.5792695	20.6210651	20.9545152	20.943951	
76.57477	20.5208867	20.5599786	20.8961325	20.8915911	
76.58494	20.4633758	20.5076187	20.8386215	20.8392313	
76.59506	20.4070066	20.4465322	20.7822524	20.7868714	
76.60519	20.3513185	20.3854457	20.7265642	20.7345115	
76.6154	20.2958345	20.3330858	20.6710803	20.673425	
76.62555	20.2418491	20.2807259	20.6170949	20.6297918	
76.63568	20.188612	20.228366	20.5638578	20.5687052	
76.64587	20.1358423	20.1760062	20.511088	20.5163454	
76.656	20.0841976	20.1236463	20.4594434	20.4639855	
76.6662	20.0330653	20.0712864	20.4083111	20.4116256	
76.67677	19.9808958	20.0276532	20.3561416	20.3592657	
76.68688	19.9318506	19.9752933	20.3070964	20.3069058	
76.69702	19.8818936	19.9316601	20.2571394	20.2632726	
76.70722	19.8355485	19.8793002	20.2107943	20.2109127	
76.71734	19.7888546	19.8269403	20.1641004	20.1672795	
76.72778	19.7415005	19.7833071	20.1167463	20.1149196	
76.73768	19.6973798	19.7396738	20.0726255	20.0712864	
76.74778	19.6531426	19.687314	20.0283884	20.0189265	
76.75816	19.6085543	19.6436807	19.9838001	19.9752933	
76.7681	19.5666471	19.6000475	19.9418929	19.9316601	
76.77826	19.5245918	19.5564143	19.8998376	19.8880268	
76.78854	19.4828287	19.512781	19.8580745	19.8443936	
76.79854	19.4430216	19.4778745	19.8182674	19.809487	
76.80871	19.4033372	19.4342412	19.778583	19.7658538	
76.81891	19.3643347	19.390608	19.7395805	19.7222205	
76.829	19.3265651	19.3557014	19.7018109	19.687314	
76.83912	19.2894642	19.3207948	19.66471	19.6524074	
76.84934	19.252769	19.2771616	19.6280148	19.6175008	
76.86758	19.1905149	19.2160751	19.5657606	19.5476876	
76.87217	19.174756	19.1986218	19.5500017	19.538961	
76.88266	19.1398451	19.1637152	19.5150909	19.5040544	
76.89248	19.1078665	19.1288086	19.4831123	19.4778745	
76.90262	19.0756822	19.093902	19.450928	19.4429679	
76.91308	19.0433208	19.0589954	19.4185666	19.4080613	
76.92297	19.013441	19.0328155	19.3886868	19.3818813	
76.93311	18.9836423	19.0066356	19.3588881	19.3557014	
76.94353	18.9538098	18.9804556	19.3290555	19.3207948	
76.95339	18.9263485	18.9542757	19.3015943	19.3033415	
76.96359	18.8987259	18.9280957	19.2739717	19.2684349	
76.97402	18.8713246	18.9019158	19.2465704	19.242255	
76.98397	18.8459197	18.8757359	19.2211655	19.2248017	
76.99411	18.8208301	18.8495559	19.1960759	19.1986218	
77.00448	18.7959653	18.8321026	19.171211	19.1724418	
77.01437	18.773007	18.8146493	19.1482528	19.1549885	
77.02461	18.7500188	18.7884694	19.1252646	19.1288086	
77.03498	18.7275462	18.7710161	19.102792	19.1113553	
77.04486	18.7068651	18.7535628	19.0821109	19.093902	
77.05519	18.6860536	18.7361095	19.0612993	19.0764487	
77.06545	18.6661675	18.7186562	19.0414133	19.0589954	
77.07543	18.647563	18.7012029	19.0228088	19.0502688	
77.08548	18.6295789	18.6837496	19.0048247	19.0328155	
77.09591	18.6117267	18.675023	18.9869725	19.0240888	
77.10586	18.5954146	18.6575697	18.9706604	19.0066356	
77.11596	18.5796185	18.6401164	18.9548643	18.9979089	
77.12637	18.564127	18.6313898	18.9393728	18.9891823	
77.13625	18.5501296	18.6226631	18.9253754	18.9804556	
77.14646	18.5364166	18.6052098	18.9116624	18.971729	
77.15685	18.5232459	18.5964832	18.8984916	18.9542757	
77.16678	18.5113617	18.5877565	18.8866074	18.945549	
77.17691	18.4999617	18.5790299	18.8752075	18.9368224	
77.18732	18.4890112	18.5703032	18.864257	18.9280957	
77.19722	18.4792842	18.5615766	18.85453	18.9193691	
77.20741	18.4699826	18.5528499	18.8452283	18.9193691	
77.21779	18.4612484	18.5441233	18.8364942	18.9106424	
77.22809	18.4532956	18.5353967	18.8285414	18.9019158	
77.23788	18.4463612	18.5353967	18.821607	18.8931892	
77.24826	18.4397234	18.52667	18.8149692	18.8844625	
77.25812	18.4340218	18.5179434	18.8092676	18.8844625	
77.26825	18.4288151	18.5179434	18.8040609	18.8757359	
77.2787	18.4241118	18.5092167	18.7993576	18.8757359	
77.28863	18.4202028	18.5092167	18.7954485	18.8670092	
77.2987	18.4168068	18.5004901	18.7920526	18.8670092	
77.30915	18.4138737	18.5004901	18.7891195	18.8582826	
77.31902	18.4115683	18.5004901	18.7868141	18.8582826	
77.32921	18.4096685	18.5004901	18.7849142	18.8582826	
77.33965	18.404497	18.5004901	18.7797428	18.8582826	
77.34944	18.404497	18.5004901	18.7797428	18.8582826	
77.36007	18.404497	18.5004901	18.7797428	18.8582826	
77.37011	18.404497	18.5004901	18.7797428	18.8582826	
77.37989	18.404497	18.5004901	18.7797428	18.8582826	
77.39004	18.404497	18.5004901	18.7797428	18.8582826	
77.40046	18.404497	18.5004901	18.7797428	18.8582826	
77.41039	18.404497	18.5004901	18.7797428	18.8582826	
77.42052	18.404497	18.5004901	18.7797428	18.8582826	
77.43094	18.404497	18.5004901	18.7797428	18.8582826	
77.4409	18.404497	18.5004901	18.7797428	18.8582826	
77.45096	18.404497	18.5004901	18.7797428	18.8582826	
77.4614	18.404497	18.5004901	18.7797428	18.8582826	
77.47145	18.404497	18.5004901	18.7797428	18.8582826	
77.48144	18.404497	18.5004901	18.7797428	18.8582826	
77.49188	18.404497	18.5004901	18.7797428	18.8582826	
77.50173	18.404497	18.5004901	18.7797428	18.8582826	
77.51332	18.404497	18.5004901	18.7797428	18.8582826	
77.52244	18.404497	18.5004901	18.7797428	18.8582826	
77.53222	18.404497	18.5004901	18.7797428	18.8582826	
77.54238	18.404497	18.5004901	18.7797428	18.8582826	
77.55297	18.404497	18.5004901	18.7797428	18.8582826	
77.56271	18.404497	18.5004901	18.7797428	18.8582826	
77.57312	18.404497	18.5004901	18.7797428	18.8582826	
77.58329	18.404497	18.5004901	18.7797428	18.8582826	
77.59337	18.404497	18.5004901	18.7797428	18.8582826	
77.60356	18.404497	18.5004901	18.7797428	18.8582826	
77.61382	18.404497	18.5004901	18.7797428	18.8582826	
77.62389	18.404497	18.5004901	18.7797428	18.8582826	
77.6341	18.404497	18.5004901	18.7797428	18.8582826	
77.64434	18.404497	18.5004901	18.7797428	18.8582826	
77.65433	18.404497	18.5004901	18.7797428	18.8582826	
77.66447	18.404497	18.5004901	18.7797428	18.8582826	
77.67488	18.404497	18.5004901	18.7797428	18.8582826	
77.6848	18.404497	18.5004901	18.7797428	18.8582826	
77.69491	18.404497	18.5004901	18.7797428	18.8582826	
77.70535	18.404497	18.5004901	18.7797428	18.8582826	
77.71526	18.404497	18.5004901	18.7797428	18.8582826	
77.72541	18.404497	18.5004901	18.7797428	18.8582826	
77.73585	18.404497	18.5004901	18.7797428	18.8582826	
77.74574	18.404497	18.5004901	18.7797428	18.8582826	
77.75585	18.404497	18.5004901	18.7797428	18.8582826	
77.7663	18.404497	18.5004901	18.7797428	18.8582826	
77.77624	18.404497	18.5004901	18.7797428	18.8582826	
77.78642	18.404497	18.5004901	18.7797428	18.8582826	
77.79679	18.404497	18.5004901	18.7797428	18.8582826	
77.80673	18.404497	18.5004901	18.7797428	18.8582826	
77.81684	18.404497	18.5004901	18.7797428	18.8582826	
77.82725	18.404497	18.5004901	18.7797428	18.8582826	
77.83718	18.404497	18.5004901	18.7797428	18.8582826	
77.84729	18.404497	18.5004901	18.7797428	18.8582826	
77.85772	18.404497	18.5004901	18.7797428	18.8582826	
77.86761	18.404497	18.5004901	18.7797428	18.8582826	
77.87773	18.404497	18.5004901	18.7797428	18.8582826	
77.88819	18.404497	18.5004901	18.7797428	18.8582826	
77.89813	18.404497	18.5004901	18.7797428	18.8582826	
77.90821	18.404497	18.5004901	18.7797428	18.8582826	
77.91861	18.404497	18.5004901	18.7797428	18.8582826	
77.92861	18.404497	18.5004901	18.7797428	18.8582826	
77.93865	18.404497	18.5004901	18.7797428	18.8582826	
77.94905	18.404497	18.5004901	18.7797428	18.8582826	
77.95893	18.404497	18.5004901	18.7797428	18.8582826	
77.96906	18.404497	18.5004901	18.7797428	18.8582826	
77.97989	18.404497	18.5004901	18.7797428	18.8582826	
77.98938	18.404497	18.5004901	18.7797428	18.8582826	
77.99958	18.404497	18.5004901	18.7797428	18.8582826	
78.01009	18.404497	18.5004901	18.7797428	18.8582826	
78.01981	18.404497	18.5004901	18.7797428	18.8582826	
78.03013	18.404497	18.5004901	18.7797428	18.8582826	
78.04043	18.404497	18.5004901	18.7797428	18.8582826	
78.05033	18.404497	18.5004901	18.7797428	18.8582826	
78.06045	18.404497	18.5004901	18.7797428	18.8582826	
78.07086	18.404497	18.5004901	18.7797428	18.8582826	
78.08865	18.404497	18.5004901	18.7797428	18.8582826	
78.09325	18.404497	18.5004901	18.7797428	18.8582826	
78.10341	18.404497	18.5004901	18.7797428	18.8582826	
78.11369	18.404497	18.5004901	18.7797428	18.8582826	
78.12373	18.404497	18.5004901	18.7797428	18.8582826	
78.13393	18.404497	18.5004901	18.7797428	18.8582826	
78.14407	18.404497	18.5004901	18.7797428	18.8582826	
78.15422	18.404497	18.5004901	18.7797428	18.8582826	
78.16441	18.404497	18.5004901	18.7797428	18.8582826	
78.17454	18.404497	18.5004901	18.7797428	18.8582826	
78.18472	18.404497	18.5004901	18.7797428	18.8582826	
78.19487	18.404497	18.5004901	18.7797428	18.8582826	
78.20499	18.404497	18.5004901	18.7797428	18.8582826	
78.21514	18.404497	18.5004901	18.7797428	18.8582826	
78.22533	18.404497	18.5004901	18.7797428	18.8582826	
78.24335	18.404497	18.5004901	18.7797428	18.8582826	
78.24792	18.404497	18.5004901	18.7797428	18.8582826	
78.25816	18.404497	18.5004901	18.7797428	18.8582826	
78.26824	18.404497	18.5004901	18.7797428	18.8582826	
78.27835	18.404497	18.5004901	18.7797428	18.8582826	
78.28854	18.404497	18.5004901	18.7797428	18.8582826	
78.29867	18.404497	18.5004901	18.7797428	18.8495559	
78.30882	18.404497	18.4917634	18.7797428	18.8495559	
78.31899	18.404497	18.4830368	18.7797428	18.8495559	
78.32923	18.404497	18.4830368	18.7797428	18.8495559	
78.33937	18.404497	18.4655835	18.7797428	18.8408293	
78.34949	18.404497	18.4655835	18.7797428	18.8321026	
78.3597	18.404497	18.4481302	18.7797428	18.8321026	
78.36977	18.404497	18.4394035	18.7797428	18.823376	
78.37996	18.404497	18.4306769	18.7797428	18.8146493	
78.39007	18.404497	18.4219503	18.7797428	18.8059227	
78.40021	18.404497	18.4132236	18.7797428	18.797196	
