60.78638	18.4060287	18.3957703	18.7812745	18.7797428	
60.79648	18.408161	18.378317	18.7834068	18.7710161	
60.80665	18.4111895	18.3695904	18.7864353	18.7622895	
60.81682	18.4149575	18.3608637	18.7902033	18.7535628	
60.82721	18.4197204	18.3608637	18.7949662	18.7448362	
60.83712	18.4250275	18.3608637	18.8002733	18.7448362	
60.8473	18.4313272	18.3608637	18.8065729	18.7448362	
60.85743	18.43841	18.3608637	18.8136558	18.7448362	
60.8676	18.446348	18.3608637	18.8215938	18.7448362	
60.87774	18.4550883	18.3608637	18.8303341	18.7448362	
60.88793	18.4647026	18.3608637	18.8399484	18.7448362	
60.89808	18.4750994	18.3608637	18.8503452	18.7448362	
60.90823	18.4863213	18.3608637	18.8615671	18.7535628	
60.91837	18.4983568	18.3608637	18.8736026	18.7535628	
60.9286	18.5113332	18.3608637	18.886579	18.7622895	
60.93867	18.5249313	18.3695904	18.900177	18.7622895	
60.94879	18.5394027	18.3695904	18.9146485	18.7710161	
60.95898	18.5547929	18.378317	18.9300387	18.7710161	
60.96914	18.5709847	18.3870437	18.9462305	18.7797428	
60.97931	18.5880209	18.3957703	18.9632667	18.7797428	
60.98939	18.6057013	18.4132236	18.9809471	18.7797428	
60.99959	18.6244445	18.4219503	18.9996903	18.7884694	
61.00972	18.6438616	18.4394035	19.0191074	18.797196	
61.01989	18.664205	18.4568568	19.0394508	18.8146493	
61.03004	18.6853085	18.4743101	19.0605543	18.823376	
61.04022	18.7073084	18.5004901	19.0825542	18.8408293	
61.05031	18.7299312	18.5179434	19.105177	18.8582826	
61.06052	18.753684	18.5441233	19.1289298	18.8757359	
61.07071	18.7781736	18.5703032	19.1534194	18.9019158	
61.08087	18.8034583	18.5964832	19.1787041	18.9280957	
61.09099	18.8294328	18.6226631	19.2046786	18.9542757	
61.10115	18.8563395	18.6575697	19.2315853	18.9891823	
61.11139	18.8843198	18.6924763	19.2595656	19.0240888	
61.12186	18.9138245	18.7186562	19.2890702	19.0589954	
61.13168	18.9422095	18.7535628	19.3174553	19.1026287	
61.14188	18.9725435	18.7884694	19.3477893	19.1462619	
61.15201	19.0035059	18.8321026	19.3787517	19.1898951	
61.16215	19.035296	18.8670092	19.4105418	19.2335284	
61.17231	19.0680146	18.9106424	19.4432604	19.2684349	
61.18248	19.1015907	18.9542757	19.4768365	19.3207948	
61.19268	19.1360617	18.9891823	19.5113075	19.3644281	
61.20279	19.171045	19.0328155	19.5462908	19.4080613	
61.21295	19.2070614	19.0764487	19.5823072	19.4516945	
61.22314	19.2440242	19.120082	19.61927	19.4953277	
61.23329	19.2816234	19.1637152	19.6568692	19.538961	
61.24345	19.3201124	19.2073484	19.6953582	19.5825942	
61.25355	19.3591643	19.2509816	19.73441	19.6349541	
61.26371	19.3993042	19.2946149	19.77455	19.6785873	
61.28183	19.4740878	19.3731547	19.8493336	19.7571271	
61.2864	19.4928358	19.390608	19.8680816	19.7745804	
61.29664	19.5359674	19.4429679	19.9112132	19.8182137	
61.30675	19.5794205	19.4778745	19.9546663	19.8618469	
61.31687	19.6236481	19.5302343	19.9988939	19.9054801	
61.32706	19.6690778	19.5738676	20.0443236	19.9491134	
61.33723	19.7152737	19.6175008	20.0905195	19.9927466	
61.34734	19.7619431	19.661134	20.1371889	20.0363798	
61.35743	19.8093667	19.7134939	20.1846125	20.0887397	
61.36767	19.8583209	19.7571271	20.2335667	20.1323729	
61.37776	19.9073858	19.8007604	20.2826316	20.1847328	
61.38793	19.9576302	19.8443936	20.332876	20.228366	
61.39812	20.0088606	19.8967535	20.3841064	20.2807259	
61.40825	20.0605513	19.9491134	20.4357971	20.3330858	
61.41836	20.1129877	19.9927466	20.4882335	20.3854457	
61.42863	20.1671474	20.0363798	20.5423932	20.4378055	
61.43872	20.2211179	20.0887397	20.5963637	20.4901654	
61.44889	20.2763246	20.1410996	20.6515704	20.5425253	
61.45902	20.3321664	20.1934594	20.7074122	20.5948852	
61.46919	20.3890579	20.2458193	20.7643037	20.6472451	
61.4798	20.4493532	20.2981792	20.8245989	20.6996049	
61.48951	20.5052211	20.3505391	20.8804669	20.7519648	
61.49959	20.5640338	20.402899	20.9392796	20.8043247	
61.50976	20.6242326	20.4639855	20.9994784	20.8741379	
61.51992	20.6851367	20.525072	21.0603825	20.9264977	
61.53015	20.7473616	20.5774319	21.1226074	20.9875843	
61.54027	20.8097893	20.6472451	21.1850351	21.0486708	
61.55045	20.8733309	20.7083316	21.2485767	21.1184839	
61.56064	20.937759	20.7781447	21.3130048	21.1882971	
61.57896	21.0569777	20.9003178	21.4322234	21.3104702	
61.58356	21.0867621	20.9264977	21.4620079	21.3366501	
61.59373	21.1537538	20.9963109	21.5289996	21.4151899	
61.6039	21.2216335	21.0661241	21.5968793	21.4850031	
61.61406	21.2901971	21.1446639	21.6654428	21.5548163	
61.62418	21.3593768	21.2144771	21.7346226	21.6246294	
61.63476	21.4325661	21.2930169	21.8078119	21.6944426	
61.64456	21.5011025	21.36283	21.8763483	21.7729824	
61.65468	21.5727308	21.4413699	21.9479766	21.8427956	
61.66529	21.6487558	21.5199097	22.0240015	21.9213354	
61.67502	21.7191557	21.5897228	22.0944014	21.9911486	
61.68516	21.7933692	21.6682627	22.168615	22.0696884	
61.69563	21.870987	21.7468025	22.2462328	22.1482282	
61.70551	21.9448725	21.8166156	22.3201183	22.226768	
61.7156	22.0211668	21.8951555	22.3964126	22.3053078	
61.73694	22.1872587	22.0609617	22.5625045	22.4711141	
61.74153	22.2227995	22.0958683	22.5980453	22.5060207	
61.75169	22.3026302	22.1656815	22.677876	22.5845605	
61.76193	22.3839321	22.252948	22.7591779	22.671827	
61.77202	22.4647471	22.3314878	22.8399928	22.7503668	
61.78218	22.5469751	22.4100276	22.9222209	22.8289066	
61.79243	22.6308252	22.4885674	23.0060709	22.9074464	
61.80251	22.7141159	22.5671072	23.0893617	22.9859862	
61.81265	22.7987279	22.6543737	23.1739737	23.0732527	
61.82285	22.8846331	22.7416402	23.2598789	23.1517925	
61.83301	22.9709995	22.82018	23.3462453	23.2303323	
61.84315	23.0580343	22.8987198	23.4332801	23.3175988	
61.85338	23.1467614	22.9947129	23.5220072	23.4048653	
61.86345	23.2348102	23.0819794	23.610056	23.4921317	
61.87363	23.3246719	23.1692458	23.6999177	23.5706715	
61.8838	23.4153624	23.2565123	23.7906081	23.657938	
61.8939	23.5064623	23.3437787	23.8817081	23.7452045	
61.90412	23.5988433	23.4397719	23.9740891	23.8411976	
61.91428	23.6919145	23.5270383	24.0671603	23.928464	
61.92443	23.7855413	23.6230314	24.1607871	24.0157305	
61.93457	23.8800092	23.7190245	24.255255	24.1117236	
61.94477	23.9758994	23.8150176	24.3511452	24.2077167	
61.95487	24.0717103	23.9110108	24.4469561	24.2949832	
61.96504	24.1689098	24.0157305	24.5441555	24.3997029	
61.97526	24.2674928	24.1117236	24.6427385	24.4956961	
61.98535	24.365514	24.2077167	24.7407598	24.5916892	
61.99548	24.464795	24.3124365	24.8400408	24.6876823	
62.00566	24.5654669	24.4084296	24.9407127	24.792402	
62.01583	24.6668171	24.5131493	25.0420629	24.8883951	
62.03414	24.8526769	24.6964089	25.2279227	25.0716547	
62.03874	24.8992031	24.7487688	25.2744489	25.1240146	
62.04894	25.0035448	24.8534885	25.3787906	25.2287343	
62.05937	25.1112238	24.9582083	25.4864696	25.3334541	
62.06927	25.214084	25.0629281	25.5893298	25.4381738	
62.07939	25.320069	25.1676478	25.6953148	25.5516202	
62.08986	25.4306329	25.2723676	25.8058787	25.65634	
62.09974	25.5357454	25.3770873	25.9109912	25.7610598	
62.11012	25.6470052	25.4818071	26.022251	25.8745062	
62.12022	25.756089	25.5952535	26.1313348	25.9879526	
62.13018	25.8644814	25.7086999	26.2397272	26.101399	
62.14028	25.9751638	25.8221463	26.3504096	26.2148454	
62.15058	26.0890067	25.9355927	26.4642525	26.3195651	
62.16067	26.2012698	26.0403124	26.5765156	26.4417382	
62.17861	26.4039685	26.2497519	26.7792143	26.642451	
62.18359	26.4600918	26.3021118	26.8353376	26.6948109	
62.19335	26.5712104	26.4155582	26.9464562	26.8082573	
62.20349	26.6875628	26.5290046	27.0628086	26.9217037	
62.21401	26.809082	26.642451	27.1843278	27.0438768	
62.22424	26.9281345	26.7558974	27.3033803	27.1573232	
62.23435	27.0465213	26.8780705	27.4217671	27.2794962	
62.24465	27.1680852	26.9915169	27.543331	27.4016693	
62.25464	27.2867065	27.1136899	27.6619523	27.5238423	
62.26483	27.408469	27.2271363	27.7837148	27.6460154	
62.27517	27.532693	27.3493094	27.9079388	27.7681884	
62.2851	27.653929	27.4714824	28.0291748	27.8903614	
62.29529	27.774049	27.6023821	28.1492948	28.0125345	
62.30565	27.898441	27.7245552	28.2736868	28.1347075	
62.31557	28.017421	27.8554549	28.3926668	28.2656072	
62.32573	28.139329	27.9776279	28.5145748	28.3965069	
62.33613	28.2629294	28.099801	28.6381751	28.51868	
62.34614	28.380957	28.221974	28.7562028	28.6495797	
62.35617	28.498577	28.3528737	28.8738228	28.7717527	
62.36662	28.6201234	28.4837734	28.9953692	28.9026524	
62.37681	28.7379498	28.6059464	29.1131956	29.0335521	
62.38688	28.8533539	28.7281195	29.2285997	29.1557252	
62.39713	28.9702488	28.8502925	29.3454946	29.2778982	
62.40725	29.0848016	28.9724656	29.4600474	29.4000712	
62.41729	29.1975892	29.1033653	29.572835	29.5222443	
62.42764	29.3130908	29.2255383	29.6883366	29.6444173	
62.43762	29.4235834	29.3477114	29.7988292	29.7665904	
62.44787	29.5363036	29.4698844	29.9115494	29.8887634	
62.45813	29.6483022	29.5920575	30.023548	30.0022098	
62.46847	29.7602839	29.7055039	30.1355297	30.1243829	
62.48728	29.9606039	29.9323967	30.3358497	30.3338224	
62.49188	30.0096859	29.9847565	30.3849317	30.3949089	
62.50205	30.1175994	30.098203	30.4928452	30.5083553	
62.51221	30.2236539	30.2116494	30.5988997	30.6130751	
62.52237	30.3294268	30.3250958	30.7046725	30.7177948	
62.53252	30.434222	30.4298155	30.8094678	30.8312412	
62.54269	30.5385297	30.5432619	30.9137755	30.935961	
62.55291	30.6424125	30.639255	31.0176583	31.0406807	
62.56298	30.7439675	30.7439748	31.1192133	31.1366739	
62.57311	30.8453369	30.8486945	31.2205827	31.2413936	
62.58336	30.9471141	30.9534143	31.3223599	31.3373867	
62.59345	31.0464582	31.0494074	31.421704	31.4333798	
62.60358	31.1454348	31.1454005	31.5206806	31.5206463	
62.61376	31.244062	31.2413936	31.6193078	31.6166394	
62.62388	31.3412847	31.3286601	31.7165305	31.7126325	
62.63414	31.4389712	31.4246532	31.814217	31.799899	
62.64423	31.5343283	31.5206463	31.909574	31.8958921	
62.65438	31.6293644	31.6079128	32.0046102	31.9744319	
62.66461	31.7243697	31.6951792	32.0996155	32.070425	
62.67468	31.8171884	31.7824457	32.1924342	32.1576915	
62.68484	31.9099463	31.8697121	32.2851921	32.2449579	
62.69503	32.0020615	31.9569786	32.3773073	32.3322244	
62.70521	32.0934499	32.0442451	32.4686957	32.4194909	
62.71533	32.1833552	32.1227849	32.558601	32.4980307	
62.72545	32.2724212	32.2013247	32.6476669	32.5852971	
62.73567	32.3616906	32.2885912	32.7369364	32.6725636	
62.74583	32.4494897	32.3758576	32.8247355	32.7598301	
62.75592	32.5359718	32.4543974	32.9112176	32.8470965	
62.76618	32.6231181	32.5416639	32.9983639	32.9256363	
62.77623	32.7076211	32.6202037	33.0828669	33.0129028	
62.78642	32.7924887	32.7074702	33.1677345	33.1001693	
62.7966	32.8765166	32.78601	33.2517624	33.1874357	
62.80675	32.9593837	32.8732765	33.3346295	33.2659755	
62.81693	33.0417061	32.9518163	33.4169519	33.353242	
62.82707	33.1229554	33.0390827	33.4982012	33.4405085	
62.83719	33.2032333	33.1263492	33.5784791	33.5277749	
62.84738	33.2832098	33.204889	33.6584556	33.6063147	
62.85752	33.3620357	33.2921555	33.7372815	33.6848546	
62.86765	33.4399638	33.3706953	33.8152096	33.772121	
62.87778	33.5170422	33.4492351	33.892288	33.8593875	
62.88799	33.5940286	33.5365016	33.9692744	33.9379273	
62.89821	33.6701596	33.6150414	34.0454054	34.0251938	
62.90824	33.744138	33.7023079	34.1193838	34.1037336	
62.91842	33.8183901	33.7808477	34.1936359	34.1822734	
62.92862	33.8919014	33.8593875	34.2671472	34.2608132	
62.93869	33.963807	33.9379273	34.3390527	34.339353	
62.94884	34.0353893	34.0164671	34.4106351	34.4178928	
62.95898	34.106173	34.0862803	34.4814188	34.487706	
62.96919	34.1765376	34.1560935	34.5517834	34.5575192	
62.97936	34.2459405	34.2346333	34.6211863	34.6273324	
62.98984	34.3164842	34.3044464	34.69173	34.7058722	
62.99962	34.3816199	34.365533	34.7568657	34.7756853	
63.00978	34.4484841	34.4353461	34.8237298	34.8454985	
63.0199	34.5142029	34.5051593	34.8894487	34.9153117	
63.03006	34.5794512	34.5662458	34.954697	34.9763982	
63.04022	34.6439242	34.6273324	35.01917	35.0462114	
63.05036	34.7073875	34.6884189	35.0826333	35.1072979	
63.06051	34.7701586	34.7495054	35.1454044	35.1683844	
63.07858	34.8787994	34.8542252	35.2540452	35.2731042	
63.08318	34.906522	34.8804051	35.2817678	35.2992841	
63.09334	34.9667473	34.932765	35.3419931	35.3603706	
63.10368	35.0271877	34.9938515	35.4024335	35.4214572	
63.11379	35.0854914	35.0462114	35.4607372	35.473817	
63.12393	35.1431947	35.0985713	35.5184405	35.5261769	
63.13412	35.2005259	35.1509311	35.5757717	35.5785368	
63.14424	35.2562923	35.203291	35.6315381	35.6308967	
63.15474	35.3135019	35.2556509	35.6887477	35.6832566	
63.16456	35.3662729	35.3080108	35.7415186	35.7356164	
63.17472	35.420087	35.3603706	35.7953328	35.7792497	
63.18526	35.475034	35.4127305	35.8502798	35.8316095	
63.195	35.5250354	35.4650904	35.9002812	35.8839694	
63.2052	35.576626	35.5087236	35.9518718	35.9363293	
63.21572	35.628954	35.5610835	36.0041998	35.9799625	
63.22552	35.6770075	35.6134434	36.0522533	36.0235958	
63.23566	35.7258936	35.6570766	36.1011394	36.0759556	
63.24611	35.7754443	35.7094365	36.1506901	36.1283155	
63.25594	35.8212909	35.7617964	36.1965367	36.1632221	
63.26615	35.8681079	35.8141563	36.2433537	36.215582	
63.27645	35.9145317	35.8577895	36.2897775	36.2592152	
63.28642	35.9586786	35.9014227	36.3339244	36.3028484	
63.29665	36.003401	35.9537826	36.3786468	36.3464817	
63.30696	36.0482121	35.9974158	36.4234579	36.3988416	
63.31693	36.0889874	36.0410491	36.4642332	36.4424748	
63.32704	36.1306245	36.0846823	36.5058703	36.4773814	
63.33732	36.1721402	36.1283155	36.547386	36.5297412	
63.34734	36.2117934	36.1806754	36.5870392	36.5646478	
63.35744	36.251015	36.2243086	36.6262608	36.6082811	
63.36786	36.2906171	36.2679419	36.6658629	36.6519143	
63.37777	36.3275431	36.3028484	36.7027889	36.6955475	
63.38792	36.3645647	36.3464817	36.7398105	36.7304541	
63.39827	36.4015189	36.3813883	36.7767647	36.7740873	
63.40823	36.4362788	36.4250215	36.8115246	36.8089939	
63.4184	36.4710213	36.4599281	36.8462671	36.8439005	
63.42871	36.5054142	36.4948347	36.88066	36.8788071	
63.43868	36.5379277	36.5297412	36.9131735	36.9137137	
63.44886	36.5703095	36.5646478	36.9455553	36.9486203	
63.45913	36.6021931	36.5908278	36.9774389	36.9748002	
63.46913	36.6324856	36.6257344	37.0077314	37.0009801	
63.48061	36.6662125	36.6519143	37.0414583	37.0358867	
63.48958	36.6920059	36.6868209	37.0672517	37.0620667	
63.4996	36.7200247	36.7130008	37.0952704	37.0882466	
63.50971	36.7475566	36.7391808	37.1228024	37.1144265	
63.52003	36.7748366	36.756634	37.1500824	37.1406065	
63.53011	36.8007035	36.782814	37.1759492	37.1580598	
63.54029	36.8260731	36.8089939	37.2013188	37.1842397	
63.55117	36.8522538	36.8264472	37.2274996	37.2104197	
63.5606	36.8743109	36.8439005	37.2495567	37.2278729	
63.57859	36.9134205	36.8788071	37.2886663	37.2627795	
63.5832	36.9235288	36.8875337	37.2987746	37.2715062	
63.59331	36.9447115	36.904987	37.3199573	37.2802328	
63.60345	36.9651854	36.9224403	37.3404311	37.3064128	
63.61363	36.9849871	36.931167	37.3602329	37.3151394	
63.62378	37.0039503	36.9486203	37.3791961	37.3325927	
63.63397	37.022252	36.9660736	37.3974978	37.350046	
63.64414	37.0397553	36.9835268	37.4150011	37.3674993	
63.65428	37.0564547	36.9922535	37.4317004	37.3762259	
63.66439	37.0723616	37.0009801	37.4476074	37.3936792	
63.67463	37.0877159	37.0184334	37.4629617	37.4024059	
63.68473	37.1021376	37.0271601	37.4773833	37.4198592	
63.69487	37.1158655	37.0446134	37.4911113	37.4285858	
63.70565	37.1296213	37.05334	37.5048671	37.4373125	
63.71573	37.1417931	37.0707933	37.5170389	37.4460391	
63.72592	37.1533551	37.0707933	37.5286009	37.4547657	
63.73611	37.1642112	37.0882466	37.539457	37.4634924	
63.74632	37.1743565	37.0969733	37.5496023	37.472219	
63.75639	37.1836766	37.1056999	37.5589224	37.4809457	
63.76661	37.1924352	37.1056999	37.567681	37.4896723	
63.77684	37.2004928	37.1144265	37.5757386	37.4896723	
63.7869	37.2077593	37.1231532	37.5830051	37.498399	
63.79709	37.2144468	37.1231532	37.5896926	37.5071256	
63.80725	37.2204639	37.1231532	37.5957097	37.5158523	
63.81736	37.2258139	37.1318798	37.6010596	37.5158523	
63.82755	37.2305805	37.1318798	37.6058263	37.5158523	
63.83768	37.2347272	37.1318798	37.609973	37.5245789	
63.84786	37.2383057	37.1318798	37.6135515	37.5245789	
63.85801	37.2413302	37.1318798	37.616576	37.5245789	
63.86817	37.2438391	37.1318798	37.6190849	37.5245789	
63.87827	37.2458624	37.1318798	37.6211082	37.5245789	
63.88844	37.2516065	37.1318798	37.6268522	37.5245789	
63.89856	37.2516065	37.1318798	37.6268522	37.5245789	
63.90872	37.2516065	37.1318798	37.6268522	37.5245789	
63.91888	37.2516065	37.1318798	37.6268522	37.5245789	
63.93718	37.2516065	37.1318798	37.6268522	37.5245789	
63.94728	37.2516065	37.1318798	37.6268522	37.5245789	
63.95736	37.2516065	37.1318798	37.6268522	37.5245789	
63.96757	37.2516065	37.1318798	37.6268522	37.5245789	
63.97794	37.2516065	37.1318798	37.6268522	37.5245789	
63.98801	37.2516065	37.1318798	37.6268522	37.5245789	
63.99817	37.2516065	37.1318798	37.6268522	37.5245789	
64.00833	37.2516065	37.1318798	37.6268522	37.5245789	
64.01844	37.2516065	37.1318798	37.6268522	37.5245789	
64.02858	37.2516065	37.1318798	37.6268522	37.5245789	
64.03879	37.2516065	37.1318798	37.6268522	37.5245789	
64.04892	37.2516065	37.1318798	37.6268522	37.5245789	
64.05903	37.2516065	37.1318798	37.6268522	37.5245789	
64.06928	37.2516065	37.1318798	37.6268522	37.5245789	
64.07943	37.2516065	37.1318798	37.6268522	37.5245789	
64.0895	37.2516065	37.1318798	37.6268522	37.5245789	
64.09977	37.2516065	37.1318798	37.6268522	37.5245789	
64.10979	37.2516065	37.1318798	37.6268522	37.5245789	
64.11992	37.2516065	37.1318798	37.6268522	37.5245789	
64.13839	37.2516065	37.1318798	37.6268522	37.5245789	
64.14298	37.2516065	37.1318798	37.6268522	37.5245789	
64.15315	37.2516065	37.1318798	37.6268522	37.5245789	
64.16332	37.2516065	37.1318798	37.6268522	37.5245789	
64.17346	37.2516065	37.1318798	37.6268522	37.5245789	
64.18366	37.2516065	37.1318798	37.6268522	37.5245789	
64.1938	37.2516065	37.1318798	37.6268522	37.5245789	
64.20394	37.2516065	37.1318798	37.6268522	37.5245789	
64.21406	37.2516065	37.1318798	37.6268522	37.5245789	
64.22428	37.2516065	37.1318798	37.6268522	37.5245789	
64.23444	37.2516065	37.1318798	37.6268522	37.5245789	
64.24459	37.2516065	37.1318798	37.6268522	37.5245789	
64.26285	37.2516065	37.1318798	37.6268522	37.5245789	
64.26744	37.2516065	37.1318798	37.6268522	37.5245789	
64.27763	37.2516065	37.1318798	37.6268522	37.5245789	
64.28785	37.2516065	37.1318798	37.6268522	37.5245789	
64.29836	37.2516065	37.1318798	37.6268522	37.5245789	
64.30808	37.2516065	37.1318798	37.6268522	37.5245789	
64.31824	37.2516065	37.1318798	37.6268522	37.5245789	
64.32839	37.2516065	37.1318798	37.6268522	37.5245789	
64.3385	37.2516065	37.1318798	37.6268522	37.5245789	
64.34902	37.2516065	37.1318798	37.6268522	37.5245789	
64.36744	37.2516065	37.1318798	37.6268522	37.5245789	
64.37242	37.2516065	37.1318798	37.6268522	37.5245789	
64.38222	37.2516065	37.1318798	37.6268522	37.5245789	
64.39238	37.2516065	37.1318798	37.6268522	37.5245789	
64.40282	37.2516065	37.1318798	37.6268522	37.5245789	
64.41268	37.2516065	37.1318798	37.6268522	37.5245789	
64.42286	37.2516065	37.1318798	37.6268522	37.5245789	
64.43336	37.2516065	37.1318798	37.6268522	37.5245789	
64.44318	37.2516065	37.1318798	37.6268522	37.5245789	
64.45333	37.2516065	37.1318798	37.6268522	37.5245789	
64.46401	37.2516065	37.1318798	37.6268522	37.5245789	
64.47365	37.2516065	37.1318798	37.6268522	37.5245789	
64.49267	37.2516065	37.1318798	37.6268522	37.5245789	
64.49731	37.2516065	37.1318798	37.6268522	37.5245789	
64.5074	37.2516065	37.1318798	37.6268522	37.5245789	
64.51757	37.2516065	37.1318798	37.6268522	37.5245789	
64.52776	37.2516065	37.1318798	37.6268522	37.5245789	
64.53794	37.2516065	37.1318798	37.6268522	37.5245789	
64.54808	37.2516065	37.1318798	37.6268522	37.5245789	
64.55825	37.2516065	37.1318798	37.6268522	37.5245789	
64.5685	37.2516065	37.1318798	37.6268522	37.5245789	
64.57846	37.2516065	37.1318798	37.6268522	37.5245789	
64.58865	37.2516065	37.1318798	37.6268522	37.5245789	
64.59878	37.2516065	37.1318798	37.6268522	37.5245789	
64.60897	37.2516065	37.1318798	37.6268522	37.5245789	
64.6191	37.2516065	37.1318798	37.6268522	37.5245789	
64.63711	37.2516065	37.1318798	37.6268522	37.5245789	
64.64168	37.2516065	37.1318798	37.6268522	37.5245789	
64.65189	37.2516065	37.1318798	37.6268522	37.5245789	
64.66201	37.2516065	37.1318798	37.6268522	37.5245789	
64.6722	37.2516065	37.1318798	37.6268522	37.5245789	
64.68245	37.2516065	37.1318798	37.6268522	37.5245789	
64.69255	37.2516065	37.1318798	37.6268522	37.5245789	
64.7027	37.2516065	37.1318798	37.6268522	37.5245789	
64.71297	37.2516065	37.1318798	37.6268522	37.5245789	
64.72305	37.2516065	37.1318798	37.6268522	37.5245789	
64.73318	37.2516065	37.1318798	37.6268522	37.5245789	
64.74346	37.2516065	37.1318798	37.6268522	37.5245789	
64.7535	37.2516065	37.1318798	37.6268522	37.5245789	
64.76366	37.2516065	37.1318798	37.6268522	37.5245789	
64.77385	37.2516065	37.1318798	37.6268522	37.5245789	
64.78402	37.2516065	37.1318798	37.6268522	37.5245789	
64.79421	37.2516065	37.1318798	37.6268522	37.5245789	
64.80434	37.2516065	37.1318798	37.6268522	37.5245789	
64.81457	37.2516065	37.1318798	37.6268522	37.5245789	
64.82481	37.2516065	37.1318798	37.6268522	37.5245789	
64.83491	37.2516065	37.1318798	37.6268522	37.5245789	
64.84503	37.2516065	37.1318798	37.6268522	37.5245789	
64.8552	37.2516065	37.1318798	37.6268522	37.5245789	
64.86539	37.2516065	37.1318798	37.6268522	37.5245789	
64.87551	37.2516065	37.1318798	37.6268522	37.5245789	
64.88595	37.2516065	37.1318798	37.6268522	37.5245789	
64.89589	37.2516065	37.1318798	37.6268522	37.5245789	
64.90603	37.2516065	37.1318798	37.6268522	37.5245789	
64.91633	37.2516065	37.1318798	37.6268522	37.5245789	
64.92636	37.2516065	37.1318798	37.6268522	37.5245789	
64.93648	37.2516065	37.1318798	37.6268522	37.5245789	
64.94677	37.2516065	37.1318798	37.6268522	37.5245789	
64.95689	37.2516065	37.1318798	37.6268522	37.5245789	
64.96695	37.2516065	37.1318798	37.6268522	37.5245789	
64.97713	37.2516065	37.1318798	37.6268522	37.5245789	
64.98728	37.2516065	37.1318798	37.6268522	37.5245789	
64.99739	37.2516065	37.1318798	37.6268522	37.5245789	
65.00754	37.2516065	37.1318798	37.6268522	37.5245789	
65.0177	37.2516065	37.1318798	37.6268522	37.5245789	
65.02787	37.2516065	37.1318798	37.6268522	37.5245789	
65.03815	37.2516065	37.1318798	37.6268522	37.5245789	
65.04819	37.2516065	37.1318798	37.6268522	37.5245789	
65.05837	37.2516065	37.1318798	37.6268522	37.5245789	
65.06845	37.2516065	37.1318798	37.6268522	37.5245789	
65.07861	37.2516065	37.1318798	37.6268522	37.5245789	
65.08879	37.2516065	37.1318798	37.6268522	37.5245789	
65.09893	37.2516065	37.1318798	37.6268522	37.5245789	
65.10908	37.2516065	37.1318798	37.6268522	37.5245789	
65.11928	37.2516065	37.1318798	37.6268522	37.5245789	
65.12941	37.2516065	37.1318798	37.6268522	37.5245789	
65.13959	37.2516065	37.1318798	37.6268522	37.5245789	
65.14963	37.2516065	37.1318798	37.6268522	37.5245789	
65.15981	37.2516065	37.1318798	37.6268522	37.5245789	
65.16997	37.2516065	37.1318798	37.6268522	37.5245789	
65.18008	37.2516065	37.1318798	37.6268522	37.5245789	
65.19251	37.2516065	37.1318798	37.6268522	37.5245789	
65.20233	37.2516065	37.1318798	37.6268522	37.5245789	
65.2124	37.2516065	37.1318798	37.6268522	37.5245789	
65.22287	37.2516065	37.1318798	37.6268522	37.5245789	
65.23277	37.2516065	37.1318798	37.6268522	37.5245789	
65.24287	37.2516065	37.1318798	37.6268522	37.5245789	
65.25329	37.2516065	37.1318798	37.6268522	37.5245789	
65.26313	37.2516065	37.1318798	37.6268522	37.5245789	
65.27332	37.2516065	37.1318798	37.6268522	37.5245789	
65.28378	37.2516065	37.1318798	37.6268522	37.5245789	
65.29363	37.2516065	37.1318798	37.6268522	37.5245789	
65.30379	37.2516065	37.1318798	37.6268522	37.5245789	
65.31425	37.2516065	37.1318798	37.6268522	37.5333056	
65.32411	37.2516065	37.1318798	37.6268522	37.5420322	
65.3343	37.2516065	37.1318798	37.6268522	37.5420322	
65.34473	37.2516065	37.1318798	37.6268522	37.5507589	
65.35455	37.2516065	37.1318798	37.6268522	37.5594855	
65.36473	37.2516065	37.1406065	37.6268522	37.5682121	
65.37517	37.2516065	37.1406065	37.6268522	37.5769388	
65.3851	37.2516065	37.1406065	37.6268522	37.5943921	
65.39519	37.2516065	37.1406065	37.6268522	37.6031187	
65.40568	37.2516065	37.1406065	37.6268522	37.6118454	
65.41571	37.2516065	37.1493331	37.6268522	37.620572	
65.42586	37.2516065	37.1493331	37.6268522	37.6292987	
65.4362	37.2516065	37.1580598	37.6268522	37.6380253	
65.44616	37.2516065	37.1580598	37.6268522	37.6380253	
65.4563	37.2516065	37.1580598	37.6268522	37.646752	
65.46668	37.2516065	37.1667864	37.6268522	37.646752	
65.47705	37.2516065	37.1667864	37.6268522	37.646752	
65.48704	37.2516065	37.1755131	37.6268522	37.646752	
65.49727	37.2516065	37.1755131	37.6268522	37.6554786	
65.50735	37.2516065	37.1755131	37.6268522	37.6554786	
65.51749	37.2516065	37.1755131	37.6268522	37.646752	
65.52771	37.2516065	37.1842397	37.6268522	37.6380253	
65.53788	37.2516065	37.1842397	37.6268522	37.6380253	
65.548	37.2516065	37.1842397	37.6268522	37.6292987	
65.5582	37.2516065	37.1842397	37.6268522	37.6292987	
65.5685	37.2516065	37.1929664	37.6268522	37.620572	
65.57849	37.2516065	37.1929664	37.6268522	37.620572	
65.58864	37.2516065	37.1929664	37.6268522	37.6118454	
65.59876	37.2516065	37.1929664	37.6268522	37.6118454	
65.60898	37.2516065	37.201693	37.6268522	37.6118454	
65.61912	37.2516065	37.201693	37.6268522	37.6118454	
65.62929	37.2516065	37.2104197	37.6268522	37.6118454	
65.63942	37.2516065	37.2104197	37.6268522	37.6118454	
65.64986	37.2516065	37.2104197	37.6268522	37.6118454	
65.66007	37.2516065	37.2104197	37.6268522	37.6118454	
65.6698	37.2516065	37.2104197	37.6268522	37.6118454	
65.68818	37.2516065	37.2104197	37.6268522	37.6118454	
65.69274	37.2516065	37.2104197	37.6268522	37.6118454	
65.70296	37.2516065	37.2104197	37.6268522	37.6118454	
65.7132	37.2516065	37.2104197	37.6268522	37.6118454	
65.72329	37.2516065	37.2104197	37.6268522	37.6118454	
65.73343	37.2516065	37.2104197	37.6268522	37.6118454	
65.74368	37.2516065	37.2104197	37.6268522	37.6118454	
65.75374	37.2516065	37.2104197	37.6268522	37.6118454	
65.76392	37.2516065	37.2104197	37.6268522	37.6118454	
65.77409	37.2516065	37.2104197	37.6268522	37.6118454	
65.78426	37.2516065	37.2104197	37.6268522	37.6118454	
65.79449	37.2516065	37.2104197	37.6268522	37.6118454	
65.80462	37.2516065	37.2104197	37.6268522	37.6118454	
65.81476	37.2516065	37.2104197	37.6268522	37.6118454	
65.825	37.2516065	37.2104197	37.6268522	37.6118454	
65.8351	37.2516065	37.2104197	37.6268522	37.6118454	
65.84523	37.2516065	37.2191463	37.6268522	37.6118454	
65.85539	37.2516065	37.2278729	37.6268522	37.6118454	
65.86555	37.2516065	37.2278729	37.6268522	37.6118454	
65.87569	37.2516065	37.2365996	37.6268522	37.6118454	
65.88586	37.2516065	37.2365996	37.6268522	37.6118454	
65.89648	37.25025	37.2453262	37.6254958	37.6118454	
65.90633	37.2482489	37.2453262	37.6234947	37.6118454	
65.91641	37.2453806	37.2540529	37.6206264	37.6118454	
65.92663	37.2416263	37.2540529	37.6168721	37.6118454	
65.93706	37.2368657	37.2540529	37.6121115	37.6118454	
65.94683	37.2317731	37.2540529	37.6070189	37.6118454	
65.95701	37.2255624	37.2540529	37.6008082	37.6118454	
65.96717	37.2185394	37.2540529	37.5937852	37.6118454	
65.97733	37.2106922	37.2453262	37.585938	37.6118454	
65.98745	37.2020555	37.2453262	37.5773013	37.6031187	
65.99762	37.1925484	37.2453262	37.5677942	37.6031187	
66.00772	37.1822946	37.2365996	37.5575404	37.5943921	
66.01795	37.1710665	37.2278729	37.5463123	37.5943921	
66.02812	37.1590781	37.2191463	37.5343239	37.5856654	
66.03821	37.1463783	37.2104197	37.5216241	37.5769388	
66.04841	37.1326921	37.201693	37.5079379	37.5769388	
66.05857	37.1182394	37.1842397	37.4934852	37.5594855	
66.06868	37.1030485	37.1755131	37.4782943	37.5507589	
66.07887	37.0868987	37.1580598	37.4621445	37.5420322	
66.08906	37.0699147	37.1493331	37.4451605	37.5245789	
66.0992	37.0522081	37.1406065	37.4274539	37.5158523	
66.10938	37.0335823	37.1231532	37.4088281	37.5071256	
66.11947	37.0143199	37.1056999	37.3895657	37.4896723	
66.12962	36.9941186	37.0969733	37.3693644	37.4809457	
66.13978	36.9730385	37.07952	37.3482843	37.4634924	
66.14987	36.9513512	37.0707933	37.326597	37.4460391	
66.16005	36.9285926	37.05334	37.3038383	37.4373125	
66.17022	36.9050356	37.0358867	37.2802814	37.4198592	
66.18033	36.880822	37.0184334	37.2560677	37.3936792	
66.1905	36.8556225	37.0009801	37.2308683	37.3762259	
66.20072	36.8294534	36.9835268	37.2046992	37.350046	
66.21084	36.8027495	36.9573469	37.1779953	37.3325927	
66.22094	36.7752499	36.931167	37.1504957	37.3064128	
66.23116	36.7465736	36.904987	37.1218194	37.2802328	
66.24133	36.7172707	36.8788071	37.0925165	37.2453262	
66.25141	36.6873952	36.8439005	37.062641	37.2104197	
66.26158	36.6563938	36.8089939	37.0316396	37.1842397	
66.27177	36.6245381	36.7740873	36.9997838	37.1493331	
66.28189	36.5920591	36.7391808	36.9673049	37.1231532	
66.29209	36.5584875	36.7042742	36.9337333	37.0882466	
66.30223	36.5242964	36.6606409	36.8995421	37.0446134	
66.31239	36.4892146	36.6257344	36.8644604	37.0097068	
66.32263	36.4530145	36.5821011	36.8282603	36.9748002	
66.33276	36.4164092	36.5384679	36.791655	36.931167	
66.34294	36.3787319	36.4948347	36.7539776	36.8962604	
66.35313	36.3402277	36.4599281	36.7154735	36.8526272	
66.36324	36.3012196	36.4075682	36.6764654	36.8089939	
66.37341	36.2611546	36.363935	36.6364004	36.7653607	
66.38364	36.2199975	36.3203017	36.5952433	36.7217275	
66.39375	36.1785061	36.2679419	36.5537519	36.6780942	
66.40387	36.1361452	36.2330353	36.511391	36.6257344	
66.41408	36.0925827	36.1806754	36.4678285	36.5821011	
66.42423	36.0484545	36.1370422	36.4237003	36.5297412	
66.44236	35.9664146	36.0585023	36.3416604	36.4424748	
66.44713	35.9449281	36.0410491	36.3201739	36.4250215	
66.45714	35.8987837	35.9886892	36.2740295	36.3726616	
66.46724	35.8513615	35.9450559	36.2266072	36.3290284	
66.47741	35.8028527	35.8926961	36.1780985	36.2766685	
66.4969	35.7060022	35.8054296	36.081248	36.1806754	
66.50188	35.6814003	35.7792497	36.0566461	36.1544955	
66.51207	35.629941	35.7268898	36.0051868	36.1108622	
66.52221	35.5779243	35.6745299	35.9531701	36.0585023	
66.53239	35.5248723	35.6308967	35.900118	36.0061425	
66.54272	35.4700921	35.5698102	35.8453379	35.9537826	
66.55364	35.4112713	35.5261769	35.7865171	35.9014227	
66.56285	35.3610783	35.4650904	35.736324	35.8490628	
66.57297	35.3050735	35.4214572	35.6803193	35.7879763	
66.58311	35.2481183	35.3603706	35.6233641	35.7356164	
66.59337	35.1896075	35.3080108	35.5648532	35.6745299	
66.60345	35.1313108	35.2556509	35.5065566	35.62217	
66.61361	35.0717938	35.1945644	35.4470396	35.5610835	
66.6238	35.011155	35.1334778	35.3864008	35.499997	
66.63393	34.9501571	35.081118	35.3254029	35.4476371	
66.64408	34.8881399	35.0113048	35.2633857	35.3778239	
66.65425	34.8252093	34.9589449	35.200455	35.3167374	
66.6644	34.7615918	34.8978584	35.1368376	35.2556509	
66.67463	34.696665	34.8367719	35.0719107	35.1945644	
66.68476	34.6314985	34.7756853	35.0067443	35.1247512	
66.6949	34.5654312	34.7058722	34.940677	35.0636647	
66.70514	34.4979093	34.6447857	34.8731551	34.9938515	
66.71525	34.4303987	34.5836991	34.8056445	34.9240383	
66.72539	34.3619117	34.513886	34.7371575	34.8542252	
66.73556	34.292394	34.4527994	34.6676398	34.784412	
66.74571	34.2220565	34.3829863	34.5973023	34.7145988	
66.75581	34.1514409	34.3131731	34.5266866	34.636059	
66.76602	34.0790818	34.2433599	34.4543276	34.5575192	
66.77625	34.0058221	34.1735468	34.3810679	34.487706	
66.7864	33.9322857	34.0950069	34.3075315	34.4091662	
66.7965	33.8583348	34.0251938	34.2335806	34.339353	
66.80664	33.7832148	33.946654	34.1584606	34.2608132	
66.81689	33.7064423	33.8681141	34.0816881	34.1822734	
66.82697	33.6301522	33.7895743	34.005398	34.1037336	
66.83716	33.5521557	33.7197611	33.9274015	34.0339204	
66.84728	33.473909	33.6324947	33.8491547	33.9553806	
66.85741	33.3947715	33.5539549	33.7700173	33.8768408	
66.86777	33.3129531	33.4754151	33.6881989	33.7895743	
66.87794	33.2318637	33.3881486	33.6071095	33.7110345	
66.88804	33.1504877	33.3008821	33.5257334	33.6324947	
66.89823	33.0674448	33.2223423	33.4426905	33.5452282	
66.90833	32.9844702	33.1350758	33.359716	33.4666884	
66.91848	32.8999393	33.056536	33.2751851	33.3794219	
66.92867	32.8148172	32.9605429	33.190063	33.2921555	
66.93878	32.7292652	32.8820031	33.104511	33.204889	
66.94891	32.6426705	32.7947366	33.0179163	33.1176226	
66.9591	32.5547468	32.6987435	32.9299926	33.0303561	
66.96952	32.4639693	32.6114771	32.8392151	32.9430896	
66.97939	32.3772339	32.5242106	32.7524797	32.8470965	
66.98959	32.2867528	32.4282175	32.6619986	32.7598301	
66.99971	32.1962107	32.340951	32.5714565	32.6725636	
67.00984	32.104731	32.2536846	32.4799768	32.5852971	
67.02003	32.0117842	32.1489648	32.38703	32.489304	
67.03014	31.9188626	32.0616984	32.2941084	32.3933109	
67.04049	31.8227552	31.9657053	32.198001	32.3060445	
67.05059	31.7282834	31.8697121	32.1035292	32.218778	
67.06074	31.6324418	31.773719	32.0076876	32.1140582	
67.07086	31.5361227	31.6777259	31.9113685	32.0267918	
67.08114	31.4373898	31.5817328	31.8126356	31.9395253	
67.09121	31.3399394	31.4857397	31.7151852	31.8348056	
67.10135	31.2409175	31.38102	31.6161633	31.7475391	
67.1116	31.1399664	31.2850268	31.5152122	31.651546	
67.12169	31.0398629	31.1890337	31.4151087	31.5468262	
67.13185	30.9381861	31.084314	31.3134319	31.4508331	
67.14206	30.835122	30.9883209	31.2103678	31.3461134	
67.15222	30.7317586	30.8836011	31.1070044	31.2501203	
67.16243	30.6270919	30.7788814	31.0023376	31.1541271	
67.17257	30.5223025	30.6741616	30.8975483	31.0494074	
67.18273	30.4164377	30.5694418	30.7916835	30.9446876	
67.19291	30.3096084	30.4647221	30.6848542	30.8399679	
67.20306	30.202218	30.3512757	30.5774638	30.7352481	
67.2132	30.0941648	30.2465559	30.4694106	30.6305284	
67.22382	29.9799317	30.1331095	30.3551775	30.5258086	
67.23356	29.8746151	30.0196631	30.2498609	30.4123622	
67.2437	29.7640444	29.9149434	30.1392902	30.3076425	
67.25382	29.6528842	29.801497	30.02813	30.1941961	
67.26401	29.5401104	29.6880506	29.9153562	30.0894763	
67.27416	29.4269903	29.5746042	29.8022361	29.9760299	
67.28442	29.311775	29.4611578	29.6870208	29.8625835	
67.29451	29.1972039	29.356438	29.5724497	29.7491371	
67.30465	29.0821688	29.234265	29.4574145	29.6356907	
67.3148	28.9657264	29.1208186	29.3409722	29.5135177	
67.32497	28.848168	29.0073722	29.2234138	29.4000712	
67.3351	28.7303457	28.8851991	29.1055915	29.2778982	
67.34532	28.6105901	28.7630261	28.9858359	29.1557252	
67.35541	28.491596	28.6495797	28.8668418	29.0422788	
67.36561	28.3704799	28.5274066	28.7457257	28.9201057	
67.37579	28.2486771	28.4139602	28.6239229	28.7979327	
67.38595	28.1266371	28.2917872	28.5018829	28.667033	
67.39604	28.0056891	28.1696141	28.3809349	28.5448599	
67.4062	27.8837331	28.0474411	28.2589789	28.4139602	
67.4164	27.7613331	27.925268	28.1365789	28.2830605	
67.4266	27.6389571	27.803095	28.0142029	28.1521608	
67.43666	27.5176251	27.6809219	27.8928709	28.0299878	
67.44685	27.3971049	27.5500222	27.7723506	27.8903614	
67.45707	27.2765918	27.4278492	27.6518376	27.7594618	
67.46712	27.1587586	27.2969495	27.5340044	27.6285621	
67.47733	27.0399959	27.1747765	27.4152417	27.4976624	
67.48877	26.9078799	27.0526034	27.2831256	27.3667627	
67.49763	26.806122	26.9217037	27.1813678	27.2445896	
67.50775	26.6907763	26.7995307	27.066022	27.1136899	
67.51791	26.5758358	26.668631	26.9510816	26.9827902	
67.52811	26.4612202	26.5464579	26.836466	26.8606172	
67.53823	26.3482315	26.4242849	26.7234773	26.7384441	
67.54835	26.2360959	26.3021118	26.6113416	26.6162711	
67.56719	26.0308067	26.1712121	26.4060525	26.4853714	
67.57179	25.9807162	26.0228591	26.355962	26.3370184	
67.58191	25.8712817	25.9006861	26.2465275	26.2148454	
67.59215	25.7613391	25.7785131	26.1365849	26.101399	
67.60229	25.6532457	25.6650667	26.0284914	25.9879526	
67.61242	25.5461837	25.5516202	25.9214295	25.8657795	
67.62265	25.4389034	25.4294472	25.8141492	25.7610598	
67.63273	25.3339398	25.3247274	25.7091856	25.65634	
67.64292	25.2286027	25.2200077	25.6038485	25.5516202	
67.65309	25.1243686	25.1152879	25.4996144	25.4381738	
67.66322	25.0213412	25.0105682	25.396587	25.3334541	
67.67343	24.9182645	24.9058484	25.2935103	25.237461	
67.68352	24.8172068	24.8098553	25.1924526	25.1327412	
67.69366	24.7165199	24.7138622	25.0917657	25.0454748	
67.70389	24.6156985	24.6091425	24.9909443	24.9494817	
67.72224	24.438198	24.521876	24.8134438	24.8534885	
67.72684	24.393658	24.3997029	24.7689038	24.7487688	
67.73703	24.2959173	24.3124365	24.6711631	24.6615023	
67.74717	24.1994167	24.2164434	24.5746625	24.5742359	
67.75724	24.1044434	24.1204503	24.4796892	24.4869694	
67.76747	24.0087999	24.0331838	24.3840457	24.4084296	
67.77762	23.91473	23.9459173	24.2899758	24.3211631	
67.78777	23.8213883	23.8586509	24.196634	24.2426233	
67.79792	23.7289206	23.7713844	24.1041664	24.1553568	
67.80813	23.636648	23.6841179	24.0118938	24.076817	
67.81821	23.5464857	23.5968515	23.9217315	23.9895506	
67.82832	23.4567269	23.509585	23.8319727	23.9110108	
67.83854	23.3668619	23.4223186	23.7421077	23.8237443	
67.84865	23.2787803	23.3437787	23.6540261	23.7364778	
67.85877	23.1914166	23.2565123	23.5666624	23.657938	
67.86897	23.1041406	23.1692458	23.4793864	23.5706715	
67.8791	23.0183759	23.0819794	23.3936217	23.4921317	
67.88935	22.9323732	23.0034395	23.307619	23.4048653	
67.89943	22.8485224	22.9161731	23.2237682	23.3175988	
67.90962	22.7645694	22.8289066	23.1398152	23.2303323	
67.91977	22.6818423	22.7416402	23.0570881	23.1430659	
67.92989	22.6001456	22.6543737	22.9753914	23.0557994	
67.93997	22.5195514	22.5758339	22.8947972	22.968533	
67.95012	22.4392084	22.4972941	22.8144542	22.8812665	
67.9604	22.3586085	22.4100276	22.7338543	22.794	
67.97843	22.2204754	22.2704013	22.5957212	22.645647	
67.98298	22.1855515	22.2354947	22.5607973	22.6107405	
67.99328	22.1074672	22.1569549	22.482713	22.523474	
68.00329	22.0324212	22.078415	22.407667	22.4449342	
68.01349	21.9567356	21.9998752	22.3319814	22.3576677	
68.02371	21.8817061	21.9213354	22.2569519	22.2704013	
68.03381	21.8083517	21.8427956	22.1835975	22.1918614	
68.04416	21.7340947	21.7729824	22.1093405	22.1133216	
68.05415	21.6631182	21.6944426	22.038364	22.0260552	
68.0643	21.5918737	21.6246294	21.9671195	21.956242	
68.0745	21.5210317	21.5548163	21.8962775	21.8777022	
68.08465	21.4514019	21.4850031	21.8266477	21.7991624	
68.09479	21.3826368	21.4151899	21.7578826	21.7293492	
68.10509	21.3135622	21.3453768	21.688808	21.659536	
68.11513	21.2470411	21.2755636	21.6222869	21.5897228	
68.12528	21.1806004	21.2057504	21.5558462	21.5199097	
68.13541	21.1151103	21.1359372	21.4903561	21.4588232	
68.14564	21.0498067	21.0748507	21.4250525	21.3977366	
68.1557	20.9863031	21.0137642	21.3615489	21.3279235	
68.16589	20.9228569	20.943951	21.2981027	21.2755636	
68.17609	20.8601537	20.8828645	21.2353995	21.2144771	
68.18619	20.7988267	20.821778	21.1740724	21.1533905	
68.19638	20.7378194	20.7606915	21.1130652	21.092304	
68.20657	20.6775333	20.6996049	21.0527791	21.0312175	
68.21667	20.618343	20.6472451	20.9935887	20.9788576	
68.22686	20.5600165	20.5861585	20.9352623	20.9177711	
68.23704	20.5022454	20.525072	20.8774912	20.8654112	
68.24716	20.4456587	20.4727121	20.8209045	20.8043247	
68.2573	20.3896999	20.4203522	20.7649457	20.7606915	
68.26742	20.3346367	20.3592657	20.7098825	20.6996049	
68.2776	20.2801029	20.3069058	20.6553487	20.6472451	
68.28779	20.2263064	20.254546	20.6015522	20.5948852	
68.29793	20.1735854	20.2109127	20.5488311	20.5512519	
68.30803	20.1218368	20.1585529	20.4970825	20.4988921	
68.31819	20.0706333	20.106193	20.4458791	20.4552588	
68.32859	20.0189984	20.0625598	20.3942442	20.402899	
68.33853	19.9704091	20.0101999	20.3456549	20.3505391	
68.34862	19.9218956	19.9665666	20.2971413	20.3069058	
68.35882	19.8736765	19.9142068	20.2489223	20.254546	
68.36895	19.8265655	19.8705735	20.2018113	20.2109127	
68.37909	19.7801988	19.8269403	20.1554446	20.1672795	
68.38933	19.7342024	19.7833071	20.1094482	20.1149196	
68.39941	19.6896985	19.7396738	20.0649443	20.0712864	
68.40988	19.6442878	19.687314	20.0195336	20.0276532	
68.41973	19.602385	19.6524074	19.9776308	19.9840199	
68.42986	19.5600365	19.6087741	19.9352823	19.9316601	
68.44026	19.5173633	19.5651409	19.892609	19.8967535	
68.45019	19.4774176	19.5215077	19.8526634	19.8531202	
68.46032	19.4374441	19.4778745	19.8126899	19.809487	
68.47072	19.3972395	19.4429679	19.7724853	19.7745804	
68.48071	19.3593887	19.3993346	19.7346345	19.7309472	
68.49225	19.3167247	19.3644281	19.6919705	19.6960406	
68.50106	19.2846947	19.3207948	19.6599405	19.6524074	
68.51118	19.2486909	19.2858882	19.6239367	19.6175008	
68.52137	19.2132427	19.2509816	19.5884885	19.5825942	
68.5315	19.1787922	19.2160751	19.5540379	19.5476876	
68.54184	19.1444586	19.1811685	19.5197044	19.5215077	
68.55184	19.112016	19.1462619	19.4872618	19.4866011	
68.56201	19.0797787	19.1113553	19.4550245	19.4604212	
68.57211	19.0485703	19.0764487	19.4238161	19.4255146	
68.58223	19.0180785	19.0415421	19.3933243	19.3993346	
68.59243	18.9881066	19.0066356	19.3633524	19.3731547	
68.60444	18.95404	18.971729	19.3292858	19.3382481	
68.61274	18.930889	18.945549	19.3061348	19.3120682	
68.62292	18.9033145	18.9193691	19.2785603	19.2858882	
68.63318	18.8763701	18.8844625	19.2516159	19.2684349	
68.64345	18.8501781	18.8582826	19.2254239	19.242255	
68.65394	18.8242511	18.8321026	19.1994969	19.2248017	
68.66383	18.8005229	18.8146493	19.1757687	19.1986218	
68.67392	18.7770736	18.7884694	19.1523194	19.1811685	
68.68433	18.7537167	18.7622895	19.1289625	19.1637152	
68.69423	18.7322177	18.7448362	19.1074635	19.1462619	
68.70439	18.7109311	18.7273829	19.0861769	19.1288086	
68.71488	18.6897684	18.7099296	19.0650142	19.1113553	
68.72469	18.670681	18.7012029	19.0459268	19.093902	
68.73485	18.6516844	18.6924763	19.0269302	19.0764487	
68.74547	18.6326523	18.675023	19.0078981	19.0589954	
68.75514	18.6159928	18.6662964	18.9912386	19.0415421	
68.76532	18.5992373	18.6575697	18.9744831	19.0328155	
68.77588	18.5826598	18.6401164	18.9579056	19.0240888	
68.78565	18.5679961	18.6313898	18.9432419	19.0066356	
68.7958	18.553522	18.6226631	18.9287678	18.9979089	
68.80618	18.5394924	18.6052098	18.9147382	18.9891823	
68.8162	18.5266574	18.6052098	18.9019032	18.9804556	
68.82635	18.5143884	18.5964832	18.8896342	18.971729	
68.83662	18.5027136	18.5877565	18.8779594	18.9542757	
68.84676	18.4919042	18.5877565	18.8671499	18.9542757	
68.85692	18.481784	18.5877565	18.8570298	18.9368224	
68.86707	18.4723783	18.5877565	18.8476241	18.9280957	
68.8772	18.4636985	18.5877565	18.8389443	18.9193691	
68.88732	18.4556947	18.5877565	18.8309405	18.9193691	
68.89753	18.4483135	18.5877565	18.8235593	18.9019158	
68.90764	18.4416707	18.5790299	18.8169164	18.9019158	
68.91776	18.4356705	18.5790299	18.8109163	18.8844625	
68.92801	18.4302458	18.5703032	18.8054916	18.8757359	
68.93808	18.4255244	18.5528499	18.8007701	18.8670092	
68.94818	18.4213865	18.5441233	18.7966323	18.8495559	
68.95845	18.4177759	18.52667	18.7930217	18.8408293	
68.9685	18.4147737	18.5092167	18.7900195	18.8321026	
68.97889	18.4122255	18.4917634	18.7874713	18.8146493	
68.98903	18.4102029	18.4830368	18.7854487	18.797196	
68.99922	18.404497	18.4655835	18.7797428	18.7884694	
69.00941	18.404497	18.4394035	18.7797428	18.7710161	
69.01949	18.404497	18.4219503	18.7797428	18.7622895	
69.02961	18.404497	18.404497	18.7797428	18.7448362	
69.03977	18.404497	18.3870437	18.7797428	18.7361095	
