78.41097	18.4058891	18.404497	18.7811349	18.7884694	
78.42108	18.4079872	18.404497	18.783233	18.7797428	
78.43117	18.4108928	18.404497	18.7861386	18.7710161	
78.44138	18.4146722	18.404497	18.789918	18.7622895	
78.45162	18.4193031	18.4132236	18.7945489	18.7622895	
78.46168	18.4246548	18.4132236	18.7999005	18.7710161	
78.4719	18.4309343	18.4219503	18.80618	18.7710161	
78.48213	18.4380551	18.4306769	18.8133009	18.7797428	
78.49215	18.4458258	18.4306769	18.8210716	18.7797428	
78.50237	18.4545962	18.4394035	18.8298419	18.797196	
78.51389	18.4656114	18.4481302	18.8408572	18.797196	
78.52267	18.4745185	18.4568568	18.8497643	18.8146493	
78.53284	18.4857257	18.4655835	18.8609715	18.823376	
78.543	18.4977386	18.4743101	18.8729844	18.8321026	
78.55311	18.5105196	18.4830368	18.8857654	18.8495559	
78.56338	18.5243582	18.4917634	18.899604	18.8582826	
78.57415	18.5397974	18.5004901	18.9150432	18.8757359	
78.58424	18.5550599	18.5179434	18.9303057	18.8844625	
78.59447	18.5713753	18.52667	18.9466211	18.9019158	
78.60454	18.5882456	18.5353967	18.9634914	18.9193691	
78.61474	18.6061528	18.5528499	18.9813986	18.9368224	
78.62492	18.6248812	18.5528499	19.000127	18.9542757	
78.63505	18.6443234	18.5703032	19.0195692	18.9630023	
78.64519	18.6646078	18.5703032	19.0398536	18.971729	
78.65536	18.685783	18.5877565	19.0610288	18.9891823	
78.66551	18.707731	18.5877565	19.0829768	18.9979089	
78.67575	18.7307205	18.6052098	19.1059663	19.0153622	
78.68588	18.7542817	18.6139365	19.1295275	19.0240888	
78.69601	18.7786614	18.6313898	19.1539072	19.0415421	
78.70625	18.8041595	18.6401164	19.1794052	19.0589954	
78.71633	18.8300634	18.6662964	19.2053092	19.0677221	
78.72655	18.8571604	18.6837496	19.2324062	19.093902	
78.73678	18.8851242	18.7099296	19.26037	19.1113553	
78.7469	18.9136022	18.7361095	19.288848	19.1288086	
78.75697	18.9427518	18.7710161	19.3179976	19.1637152	
78.76716	18.9730627	18.797196	19.3483085	19.1898951	
78.77741	19.0044483	18.8321026	19.3796941	19.2160751	
78.78759	19.0363988	18.8757359	19.4116446	19.2509816	
78.79766	19.0688034	18.9106424	19.4440492	19.2858882	
78.8079	19.1026482	18.9542757	19.477894	19.3207948	
78.81803	19.1368774	18.9979089	19.5121232	19.3644281	
78.82813	19.1718611	19.0415421	19.5471069	19.3993346	
78.8383	19.2079431	19.0851754	19.5831889	19.4429679	
78.84842	19.2446289	19.1288086	19.6198747	19.4866011	
78.85858	19.2823096	19.1724418	19.6575554	19.538961	
78.86875	19.3208557	19.2160751	19.6961015	19.5825942	
78.87889	19.36011	19.2684349	19.7353557	19.6349541	
78.88905	19.4002198	19.3120682	19.7754656	19.687314	
78.89927	19.4414616	19.3644281	19.8167073	19.7396738	
78.90939	19.4830737	19.4080613	19.8583194	19.7833071	
78.91948	19.5255647	19.4604212	19.9008105	19.8356669	
78.92965	19.5689249	19.512781	19.9441707	19.8880268	
78.93978	19.613036	19.5564143	19.9882817	19.9316601	
78.94992	19.6580445	19.6087741	20.0332903	19.9840199	
78.96011	19.7041264	19.6524074	20.0793722	20.0363798	
78.9703	19.7509785	19.7047673	20.1262243	20.0887397	
78.98058	19.7991886	19.7484005	20.1744344	20.1410996	
78.99055	19.8466386	19.7920337	20.2218844	20.1847328	
79.00907	19.9382046	19.8880268	20.3134504	20.2719993	
79.01363	19.9606555	19.9054801	20.3359013	20.2894526	
79.02382	20.0119076	19.9491134	20.3871534	20.3418124	
79.03399	20.063891	20.0014732	20.4391368	20.3854457	
79.0444	20.1180047	20.0451065	20.4932505	20.4378055	
79.05429	20.1700881	20.0974663	20.5453339	20.4901654	
79.06444	20.2244902	20.1410996	20.5997359	20.5425253	
79.07477	20.2806799	20.1934594	20.6559257	20.5948852	
79.08477	20.335885	20.2458193	20.7111307	20.6385184	
79.09491	20.3925602	20.2981792	20.7678059	20.6908783	
79.10515	20.4507574	20.3505391	20.8260032	20.7432382	
79.11539	20.5097413	20.402899	20.8849871	20.8043247	
79.12551	20.5688833	20.4552588	20.9441291	20.8566846	
79.13569	20.6292078	20.5163454	21.0044536	20.9090444	
79.14583	20.6900859	20.5774319	21.0653316	20.970131	
79.15593	20.7515687	20.6297918	21.1268145	21.0312175	
79.16612	20.8144655	20.6996049	21.1897113	21.0835774	
79.17629	20.8779902	20.7606915	21.253236	21.1533905	
79.18645	20.9422899	20.821778	21.3175357	21.2144771	
79.1966	21.0073888	20.8915911	21.3826346	21.2755636	
79.20677	21.0733983	20.9614043	21.4486441	21.3453768	
79.21687	21.139786	21.0224908	21.5150318	21.4151899	
79.22701	21.2073285	21.1010307	21.5825743	21.4850031	
79.23719	21.2758596	21.1708438	21.6511053	21.5548163	
79.24733	21.3449965	21.240657	21.7202423	21.6246294	
79.25749	21.4150684	21.3191968	21.7903142	21.7031692	
79.26769	21.4862853	21.3977366	21.8615311	21.7817091	
79.27779	21.557595	21.4675498	21.9328408	21.8515222	
79.28795	21.6301782	21.5460896	22.005424	21.9300621	
79.29821	21.7043295	21.6246294	22.0795753	22.0086019	
79.30826	21.7776746	21.6944426	22.1529204	22.0871417	
79.31839	21.8525919	21.7729824	22.2278377	22.1656815	
79.3286	21.9287496	21.8515222	22.3039954	22.2442213	
79.3387	22.0050183	21.9213354	22.3802641	22.3227611	
79.3492	22.0852292	21.9998752	22.460475	22.4100276	
79.35899	22.160619	22.078415	22.5358647	22.4885674	
79.36915	22.239811	22.1569549	22.6150568	22.5671072	
79.37961	22.3222131	22.2354947	22.6974589	22.6543737	
79.38945	22.4004576	22.3140345	22.7757034	22.7241869	
79.39963	22.4825832	22.3925743	22.857829	22.8114533	
79.40997	22.5662284	22.4711141	22.9414742	22.8899931	
79.4199	22.6476023	22.5496539	23.0228481	22.968533	
79.43003	22.7314693	22.6281938	23.1067151	23.0470728	
79.44048	22.8189746	22.7154602	23.1942204	23.1343392	
79.45037	22.9023356	22.794	23.2775814	23.2128791	
79.46044	22.9881791	22.8812665	23.3634249	23.2914189	
79.47086	23.0779066	22.968533	23.4531524	23.3699587	
79.48086	23.1647062	23.0557994	23.539952	23.4572251	
79.49089	23.252687	23.1430659	23.6279328	23.535765	
79.50138	23.3454841	23.2303323	23.7207299	23.6230314	
79.51172	23.437865	23.3263255	23.8131108	23.7102979	
79.52187	23.52942	23.4223186	23.9046658	23.806291	
79.53203	23.6218464	23.509585	23.9970922	23.8935575	
79.54217	23.7148292	23.6055781	24.090075	23.9808239	
79.55229	23.8085022	23.7015712	24.183748	24.0680904	
79.5626	23.9048489	23.7975644	24.2800947	24.1640835	
79.57336	24.0062879	23.8935575	24.3815337	24.2600766	
79.58276	24.0955793	23.9895506	24.470825	24.3560697	
79.59295	24.1932468	24.0855437	24.5684926	24.4520628	
79.60315	24.2917454	24.1902634	24.6669912	24.5480559	
79.61321	24.3898318	24.2862565	24.7650776	24.6527757	
79.62338	24.4897533	24.3822497	24.8649991	24.7487688	
79.63354	24.5904019	24.4869694	24.9656476	24.8534885	
79.6517	24.7735383	24.6789556	25.1487841	25.0367481	
79.6563	24.8198372	24.7225889	25.195083	25.089108	
79.66648	24.9233669	24.8273086	25.2986126	25.1938278	
79.67659	25.0270408	24.9320284	25.4022866	25.2985475	
79.6868	25.1325261	25.0367481	25.5077719	25.4032673	
79.69732	25.2474201	25.1501945	25.6226659	25.5167137	
79.70709	25.3446189	25.2549143	25.7198647	25.6214334	
79.71746	25.4574225	25.359634	25.8326683	25.7348798	
79.73687	25.6634392	25.5690735	26.038685	25.9443193	
79.74143	25.712418	25.6214334	26.0876638	25.9966792	
79.75164	25.8231982	25.7261532	26.198444	26.1101256	
79.76176	25.9338171	25.8308729	26.3090629	26.2148454	
79.77189	26.0453997	25.9443193	26.4206455	26.3282918	
79.7821	26.158656	26.0577657	26.5339018	26.4417382	
79.79223	26.2719773	26.1624855	26.6472231	26.5464579	
79.80241	26.3865649	26.2672052	26.7618107	26.6511777	
79.81257	26.5018208	26.3893783	26.8770666	26.7646241	
79.82282	26.6188728	26.494098	26.9941186	26.8780705	
79.83299	26.7357884	26.6162711	27.1110342	26.9915169	
79.84316	26.8536007	26.7297175	27.2288465	27.1136899	
79.8533	26.9718396	26.8431639	27.3470854	27.2271363	
79.86341	27.0906513	26.9653369	27.4658971	27.3493094	
79.87362	27.2114405	27.08751	27.5866863	27.4714824	
79.88384	27.3331122	27.2009564	27.708358	27.5849288	
79.89393	27.4541168	27.3231294	27.8293626	27.7158285	
79.90414	27.5765888	27.4540291	27.9518346	27.8292749	
79.91435	27.6991688	27.5762022	28.0744146	27.9601746	
79.92446	27.8244608	27.6983752	28.1997066	28.0823477	
79.93462	27.9423968	27.8292749	28.3176426	28.2132474	
79.94476	28.0640888	27.951448	28.4393346	28.3441471	
79.95519	28.1892968	28.0823477	28.5645426	28.4663201	
79.96503	28.306117	28.2045207	28.6813628	28.5972198	
79.9752	28.4262119	28.3354204	28.8014577	28.7281195	
79.98556	28.5476526	28.4575935	28.9228984	28.8590192	
79.99565	28.665039	28.5884931	29.0402848	28.9811922	
80.00571	28.7812858	28.7106662	29.1565316	29.1120919	
80.01602	28.8996139	28.8328392	29.2748597	29.234265	
80.02611	29.0145838	28.9550123	29.3898296	29.3651647	
80.03617	29.1284769	29.085912	29.5037227	29.4873377	
80.04639	29.2432556	29.208085	29.6185014	29.6095108	
80.05652	29.3563231	29.3215314	29.7315689	29.7316838	
80.06665	29.4684438	29.4437045	29.8436896	29.8451302	
80.07681	29.5802186	29.5658775	29.9554644	29.9673033	
80.08696	29.6909357	29.6880506	30.0661815	30.0807497	
80.09709	29.8006649	29.801497	30.1759107	30.1941961	
80.10724	29.9098778	29.9149434	30.2851235	30.3076425	
80.1174	30.0182723	30.0283898	30.3935181	30.4210889	
80.12755	30.1257124	30.1418362	30.5009582	30.5258086	
80.13772	30.2327105	30.2465559	30.6079563	30.6305284	
80.14794	30.3392476	30.3512757	30.7144934	30.7265215	
80.15804	30.4438016	30.4559954	30.8190474	30.8312412	
80.16815	30.547648	30.5607152	30.9228938	30.9272343	
80.17835	30.6515195	30.665435	31.0267653	31.0319541	
80.1884	30.753039	30.7527014	31.1282848	31.1192206	
80.20089	30.8780871	30.8748745	31.2533328	31.2413936	
80.21053	30.9737976	30.9621409	31.3490434	31.3286601	
80.22862	31.1503737	31.1366739	31.5256195	31.503193	
80.23327	31.1958093	31.1803071	31.571055	31.5380996	
80.24342	31.2939914	31.2763002	31.6692372	31.6340927	
80.25355	31.3910926	31.3635667	31.7663384	31.7300858	
80.26372	31.4882561	31.4508331	31.8635019	31.8260789	
80.27387	31.583644	31.5380996	31.9588898	31.9133454	
80.28401	31.6784256	31.6340927	32.0536713	32.0006118	
80.29419	31.7728518	31.7213592	32.1480976	32.0966049	
80.30432	31.865895	31.8086256	32.2411407	32.1838714	
80.31452	31.9588646	31.9046187	32.3341104	32.2798645	
80.32466	32.0504582	31.9918852	32.425704	32.367131	
80.33479	32.1410704	32.0791517	32.5163162	32.4543974	
80.34504	32.2320182	32.1664181	32.607264	32.5503905	
80.3551	32.3204444	32.2536846	32.6956901	32.637657	
80.36528	32.409024	32.340951	32.7842698	32.7249235	
80.37541	32.4964457	32.4282175	32.8716915	32.8121899	
80.38555	32.5831828	32.515484	32.9584286	32.908183	
80.3958	32.6699581	32.6027504	33.0452039	32.9867229	
80.40586	32.7543578	32.6900169	33.1296036	33.082716	
80.41605	32.8390472	32.7772834	33.214293	33.1699824	
80.42627	32.9231187	32.8645498	33.2983645	33.2572489	
80.43631	33.0049129	32.9518163	33.3801587	33.3445154	
80.44655	33.0875569	33.0390827	33.4628027	33.4317818	
80.45667	33.1687592	33.1263492	33.544005	33.5190483	
80.46678	33.2482893	33.2136157	33.6235351	33.6063147	
80.477	33.3282779	33.3008821	33.7035237	33.6935812	
80.48713	33.4067335	33.3881486	33.7819793	33.7808477	
80.49727	33.4845012	33.4666884	33.859747	33.8593875	
80.50746	33.5618014	33.5539549	33.9370472	33.946654	
80.51894	33.6478649	33.6324947	34.0231107	34.0251938	
80.52774	33.7134883	33.7197611	34.0887341	34.1037336	
80.53792	33.7879851	33.7895743	34.1632309	34.1822734	
80.5481	33.8620008	33.8768408	34.2372466	34.2608132	
80.55838	33.9358495	33.946654	34.3110953	34.3480797	
80.56844	34.0073299	34.0164671	34.3825757	34.4178928	
80.57856	34.0784769	34.0950069	34.4537227	34.487706	
80.58861	34.1482711	34.1648201	34.5235169	34.5575192	
80.59879	34.2181962	34.2259066	34.593442	34.6273324	
80.60897	34.2872727	34.2957198	34.6625185	34.6971455	
80.61909	34.3551462	34.3568063	34.730392	34.7669587	
80.62932	34.4229896	34.4178928	34.7982354	34.8367719	
80.6394	34.4890069	34.4789794	34.8642527	34.8978584	
80.64956	34.5547085	34.5400659	34.9299543	34.9589449	
80.66766	34.6686468	34.6447857	35.0438926	35.0723913	
80.67224	34.6975266	34.6709656	35.0727724	35.0985713	
80.68245	34.7609217	34.7320521	35.1361675	35.1509311	
80.69257	34.8230308	34.784412	35.1982766	35.2120177	
80.70273	34.8844898	34.8454985	35.2597356	35.2643775	
80.71289	34.9451698	34.906585	35.3204156	35.3254641	
80.72306	35.005093	34.9589449	35.3803388	35.3778239	
80.73319	35.0639387	35.0113048	35.4391845	35.4301838	
80.74332	35.1220497	35.0723913	35.4972955	35.4825437	
80.75355	35.1798716	35.1247512	35.5551174	35.5349036	
80.7638	35.237028	35.1858377	35.6122738	35.5872634	
80.77383	35.2921366	35.2381976	35.6673824	35.6396233	
80.78405	35.3474922	35.2905575	35.722738	35.6832566	
80.79428	35.4020366	35.351644	35.7772824	35.7356164	
80.80433	35.4548607	35.4040039	35.8301065	35.7879763	
80.81453	35.5076962	35.4650904	35.882942	35.8403362	
80.82471	35.5595648	35.5174503	35.9348106	35.8926961	
80.83483	35.6103615	35.5698102	35.9856073	35.9450559	
80.84501	35.6606589	35.62217	36.0359047	35.9974158	
80.85512	35.7098024	35.6745299	36.0850482	36.0497757	
80.86535	35.758705	35.7268898	36.1339508	36.1021356	
80.87549	35.8064086	35.7792497	36.1816544	36.1544955	
80.88562	35.8532352	35.8316095	36.228481	36.1981287	
80.89578	35.8995213	35.8752428	36.2747671	36.2504886	
80.90596	35.9448407	35.918876	36.3200865	36.3028484	
80.91608	35.9892496	35.9712359	36.3644953	36.3552083	
80.92623	36.0329724	36.0235958	36.4082182	36.3988416	
80.93643	36.0761146	36.067229	36.4513604	36.4424748	
80.94657	36.1181764	36.1108622	36.4934222	36.4948347	
80.95667	36.1611138	36.1544955	36.5363596	36.5384679	
80.96705	36.2007741	36.1981287	36.5760199	36.5821011	
80.97718	36.24042	36.2330353	36.6156658	36.6257344	
80.98749	36.2799275	36.2766685	36.6551733	36.6693676	
80.99733	36.3169155	36.3203017	36.6921613	36.7042742	
81.00746	36.3541699	36.3552083	36.7294157	36.7479074	
81.01785	36.3915786	36.3901149	36.7668244	36.782814	
81.02794	36.4271419	36.4337481	36.8023877	36.8177206	
81.03791	36.4615054	36.4686547	36.8367512	36.8526272	
81.04825	36.4962917	36.5035613	36.8715375	36.8875337	
81.06644	36.5544475	36.5384679	36.9296933	36.9137137	
81.07147	36.5705641	36.5733745	36.9458099	36.9573469	
81.08162	36.6021381	36.6082811	36.9773839	36.9835268	
81.09148	36.632076	36.634461	37.0073217	37.0097068	
81.10165	36.6621378	36.6693676	37.0373836	37.0358867	
81.11205	36.69209	36.6955475	37.0673358	37.0707933	
81.12199	36.7199568	36.7217275	37.0952026	37.0969733	
81.1321	36.7475235	36.7479074	37.1227693	37.1231532	
81.14256	36.7752066	36.7653607	37.1504524	37.1406065	
81.1524	36.8005297	36.7915406	37.1757755	37.1667864	
81.16259	36.8259587	36.8089939	37.2012045	37.1929664	
81.17319	36.8515662	36.8264472	37.226812	37.2104197	
81.18289	36.8742962	36.8526272	37.249542	37.2278729	
81.1931	36.8974338	36.8700804	37.2726795	37.2453262	
81.20349	36.920172	36.8875337	37.2954177	37.2715062	
81.21334	36.9409954	36.8962604	37.3162411	37.2889595	
81.22352	36.9617568	36.9137137	37.3370026	37.3064128	
81.23396	36.982239	36.931167	37.3574848	37.3151394	
81.24391	37.0010246	36.9486203	37.3762704	37.3413193	
81.25404	37.0193858	36.9660736	37.3946316	37.350046	
81.26444	37.0374499	36.9748002	37.4126956	37.3674993	
81.27443	37.0540487	36.9922535	37.4292945	37.3849526	
81.28452	37.0701026	37.0097068	37.4453484	37.4024059	
81.29491	37.08582	37.0184334	37.4610658	37.4111325	
81.30482	37.1001234	37.0358867	37.4753692	37.4285858	
81.315	37.1140571	37.05334	37.4893029	37.4373125	
81.3254	37.1275057	37.0620667	37.5027515	37.4547657	
81.33529	37.1396151	37.07952	37.5148609	37.4634924	
81.34546	37.1513352	37.0882466	37.526581	37.4809457	
81.35584	37.1625374	37.1056999	37.5377831	37.4896723	
81.36576	37.1725656	37.1144265	37.5478113	37.5071256	
81.37592	37.1821181	37.1231532	37.5573639	37.5158523	
81.38642	37.1912326	37.1318798	37.5664784	37.5245789	
81.39623	37.1991194	37.1406065	37.5743652	37.5333056	
81.40636	37.2065706	37.1493331	37.5818164	37.5420322	
81.41683	37.2135537	37.1580598	37.5887995	37.5507589	
81.42674	37.2195419	37.1580598	37.5947877	37.5594855	
81.4368	37.2249908	37.1580598	37.6002366	37.5682121	
81.44727	37.2299762	37.1667864	37.605222	37.5769388	
81.45715	37.234126	37.1667864	37.6093718	37.5769388	
81.4672	37.2377688	37.1667864	37.6130146	37.5769388	
81.47771	37.2409647	37.1667864	37.6162104	37.5856654	
81.48792	37.243551	37.1667864	37.6187968	37.5856654	
81.49769	37.2455898	37.1667864	37.6208356	37.5856654	
81.50821	37.2516065	37.1667864	37.6268522	37.5856654	
81.5184	37.2516065	37.1667864	37.6268522	37.5856654	
81.52847	37.2516065	37.1667864	37.6268522	37.5856654	
81.53864	37.2516065	37.1667864	37.6268522	37.5856654	
81.54846	37.2516065	37.1667864	37.6268522	37.5856654	
81.55879	37.2516065	37.1667864	37.6268522	37.5856654	
81.56907	37.2516065	37.1667864	37.6268522	37.5856654	
81.57895	37.2516065	37.1667864	37.6268522	37.5856654	
81.58904	37.2516065	37.1667864	37.6268522	37.5856654	
81.59951	37.2516065	37.1667864	37.6268522	37.5856654	
81.60943	37.2516065	37.1667864	37.6268522	37.5856654	
81.61958	37.2516065	37.1667864	37.6268522	37.5856654	
81.63001	37.2516065	37.1667864	37.6268522	37.5856654	
81.63985	37.2516065	37.1667864	37.6268522	37.5856654	
81.64999	37.2516065	37.1667864	37.6268522	37.5856654	
81.66043	37.2516065	37.1667864	37.6268522	37.5856654	
81.67028	37.2516065	37.1667864	37.6268522	37.5856654	
81.68042	37.2516065	37.1667864	37.6268522	37.5856654	
81.69092	37.2516065	37.1667864	37.6268522	37.5856654	
81.71054	37.2516065	37.1667864	37.6268522	37.5856654	
81.71511	37.2516065	37.1667864	37.6268522	37.5856654	
81.72533	37.2516065	37.1667864	37.6268522	37.5856654	
81.73546	37.2516065	37.1667864	37.6268522	37.5856654	
81.74563	37.2516065	37.1667864	37.6268522	37.5856654	
81.75583	37.2516065	37.1667864	37.6268522	37.5856654	
81.76594	37.2516065	37.1667864	37.6268522	37.5856654	
81.77607	37.2516065	37.1667864	37.6268522	37.5856654	
81.78631	37.2516065	37.1667864	37.6268522	37.5856654	
81.79644	37.2516065	37.1667864	37.6268522	37.5856654	
81.80661	37.2516065	37.1667864	37.6268522	37.5856654	
81.81684	37.2516065	37.1667864	37.6268522	37.5856654	
81.82694	37.2516065	37.1667864	37.6268522	37.5856654	
81.83708	37.2516065	37.1667864	37.6268522	37.5856654	
81.84726	37.2516065	37.1667864	37.6268522	37.5856654	
81.85739	37.2516065	37.1667864	37.6268522	37.5856654	
81.86748	37.2516065	37.1667864	37.6268522	37.5856654	
81.87768	37.2516065	37.1667864	37.6268522	37.5856654	
81.88787	37.2516065	37.1667864	37.6268522	37.5856654	
81.89798	37.2516065	37.1667864	37.6268522	37.5856654	
81.90834	37.2516065	37.1667864	37.6268522	37.5856654	
81.91829	37.2516065	37.1667864	37.6268522	37.5856654	
81.92843	37.2516065	37.1667864	37.6268522	37.5856654	
81.93865	37.2516065	37.1667864	37.6268522	37.5856654	
81.9487	37.2516065	37.1667864	37.6268522	37.5856654	
81.95886	37.2516065	37.1755131	37.6268522	37.5856654	
81.96909	37.2516065	37.1755131	37.6268522	37.5856654	
81.97925	37.2516065	37.1755131	37.6268522	37.5856654	
81.98937	37.2516065	37.1755131	37.6268522	37.5856654	
81.99951	37.2516065	37.1755131	37.6268522	37.5943921	
82.00984	37.2516065	37.1842397	37.6268522	37.5943921	
82.01983	37.2516065	37.1929664	37.6268522	37.5943921	
82.02997	37.2516065	37.1929664	37.6268522	37.5943921	
82.04006	37.2516065	37.1929664	37.6268522	37.5943921	
82.05029	37.2516065	37.201693	37.6268522	37.5943921	
82.06061	37.2516065	37.201693	37.6268522	37.5943921	
82.07051	37.2516065	37.201693	37.6268522	37.5943921	
82.0891	37.2516065	37.201693	37.6268522	37.5943921	
82.09384	37.2516065	37.201693	37.6268522	37.5943921	
82.10389	37.2516065	37.201693	37.6268522	37.5943921	
82.11458	37.2516065	37.201693	37.6268522	37.5943921	
82.12421	37.2516065	37.201693	37.6268522	37.5943921	
82.13433	37.2516065	37.2104197	37.6268522	37.5943921	
82.14475	37.2516065	37.2104197	37.6268522	37.5943921	
82.15469	37.2516065	37.2104197	37.6268522	37.5943921	
82.16481	37.2516065	37.2104197	37.6268522	37.5943921	
82.17513	37.2516065	37.2104197	37.6268522	37.5943921	
82.18516	37.2516065	37.2104197	37.6268522	37.5943921	
82.19528	37.2516065	37.2104197	37.6268522	37.5943921	
82.20556	37.2516065	37.2104197	37.6268522	37.5943921	
82.21555	37.2516065	37.2104197	37.6268522	37.5943921	
82.22615	37.2516065	37.2104197	37.6268522	37.5943921	
82.23603	37.2516065	37.2104197	37.6268522	37.5943921	
82.24607	37.2516065	37.2104197	37.6268522	37.5943921	
82.25621	37.2516065	37.2104197	37.6268522	37.5943921	
82.26646	37.2516065	37.2104197	37.6268522	37.5943921	
82.27652	37.2516065	37.2104197	37.6268522	37.5943921	
82.28665	37.2516065	37.2104197	37.6268522	37.5943921	
82.29687	37.2516065	37.2104197	37.6268522	37.5943921	
82.30698	37.2516065	37.2104197	37.6268522	37.5943921	
82.31711	37.2516065	37.2104197	37.6268522	37.5943921	
82.32735	37.2516065	37.2104197	37.6268522	37.5943921	
82.33749	37.2516065	37.2104197	37.6268522	37.5943921	
82.34763	37.2516065	37.2104197	37.6268522	37.5943921	
82.35775	37.2516065	37.2104197	37.6268522	37.5943921	
82.36793	37.2516065	37.2104197	37.6268522	37.5943921	
82.37809	37.2516065	37.2104197	37.6268522	37.5943921	
82.38824	37.2516065	37.2104197	37.6268522	37.5943921	
82.39838	37.2516065	37.2104197	37.6268522	37.5943921	
82.4085	37.2516065	37.2104197	37.6268522	37.5943921	
82.41875	37.2516065	37.2104197	37.6268522	37.5943921	
82.43688	37.2516065	37.2104197	37.6268522	37.5943921	
82.44148	37.2516065	37.2104197	37.6268522	37.5943921	
82.45164	37.2516065	37.2104197	37.6268522	37.5943921	
82.46175	37.2516065	37.2104197	37.6268522	37.5943921	
82.47201	37.2516065	37.2104197	37.6268522	37.5943921	
82.48211	37.2516065	37.2104197	37.6268522	37.5943921	
82.49225	37.2516065	37.2104197	37.6268522	37.5943921	
82.5024	37.2516065	37.2104197	37.6268522	37.5943921	
82.51257	37.2516065	37.2104197	37.6268522	37.5943921	
82.52417	37.2516065	37.2104197	37.6268522	37.5943921	
82.53291	37.2516065	37.2104197	37.6268522	37.5943921	
82.54307	37.2516065	37.2104197	37.6268522	37.5943921	
82.5532	37.2516065	37.2104197	37.6268522	37.5943921	
82.56339	37.2516065	37.2104197	37.6268522	37.5943921	
82.5735	37.2516065	37.2104197	37.6268522	37.5943921	
82.58369	37.2516065	37.2104197	37.6268522	37.5943921	
82.59378	37.2516065	37.2104197	37.6268522	37.5943921	
82.60404	37.2516065	37.2104197	37.6268522	37.5943921	
82.61414	37.2516065	37.2104197	37.6268522	37.5943921	
82.6243	37.2516065	37.2104197	37.6268522	37.5943921	
82.63456	37.2516065	37.2104197	37.6268522	37.5943921	
82.64463	37.2516065	37.2104197	37.6268522	37.5943921	
82.65478	37.2516065	37.2104197	37.6268522	37.5943921	
82.66496	37.2516065	37.2104197	37.6268522	37.5943921	
82.67511	37.2516065	37.2104197	37.6268522	37.5943921	
82.68525	37.2516065	37.2104197	37.6268522	37.5943921	
82.69544	37.2516065	37.2104197	37.6268522	37.5943921	
82.70559	37.2516065	37.2104197	37.6268522	37.5943921	
82.71571	37.2516065	37.2104197	37.6268522	37.5943921	
82.72592	37.2516065	37.2104197	37.6268522	37.5943921	
82.73606	37.2516065	37.2104197	37.6268522	37.5943921	
82.74623	37.2516065	37.2104197	37.6268522	37.5943921	
82.75637	37.2516065	37.2104197	37.6268522	37.5943921	
82.76651	37.2516065	37.2104197	37.6268522	37.5943921	
82.77666	37.2516065	37.2104197	37.6268522	37.5943921	
82.78689	37.2516065	37.2104197	37.6268522	37.5943921	
82.79697	37.2516065	37.2104197	37.6268522	37.5943921	
82.80713	37.2516065	37.2104197	37.6268522	37.5943921	
82.81733	37.2516065	37.2104197	37.6268522	37.5943921	
82.82744	37.2516065	37.2104197	37.6268522	37.5943921	
82.83758	37.2516065	37.2104197	37.6268522	37.5943921	
82.84777	37.2516065	37.2104197	37.6268522	37.5943921	
82.85793	37.2516065	37.2191463	37.6268522	37.5943921	
82.8681	37.2516065	37.2278729	37.6268522	37.5943921	
82.87827	37.2516065	37.2278729	37.6268522	37.5943921	
82.88837	37.2516065	37.2365996	37.6268522	37.5943921	
82.89859	37.2516065	37.2453262	37.6268522	37.5943921	
82.90869	37.2516065	37.2453262	37.6268522	37.5943921	
82.9188	37.2516065	37.2453262	37.6268522	37.5943921	
82.92897	37.2516065	37.2540529	37.6268522	37.5943921	
82.93919	37.2516065	37.2540529	37.6268522	37.5943921	
82.94932	37.2516065	37.2540529	37.6268522	37.5943921	
82.95947	37.2516065	37.2540529	37.6268522	37.5943921	
82.96963	37.2516065	37.2540529	37.6268522	37.5943921	
82.97971	37.2516065	37.2540529	37.6268522	37.5943921	
82.98984	37.2516065	37.2540529	37.6268522	37.5943921	
83.00006	37.2516065	37.2540529	37.6268522	37.6031187	
83.01017	37.2516065	37.2540529	37.6268522	37.6031187	
83.0203	37.2516065	37.2540529	37.6268522	37.6118454	
83.03056	37.250342	37.2540529	37.6255878	37.6118454	
83.0407	37.2482784	37.2540529	37.6235242	37.620572	
83.05097	37.2453333	37.2453262	37.6205791	37.6292987	
83.061	37.2416667	37.2453262	37.6169125	37.6292987	
83.07138	37.2369945	37.2453262	37.6122403	37.6292987	
83.08152	37.231621	37.2365996	37.6068668	37.6292987	
83.09172	37.2253723	37.2278729	37.6006181	37.6292987	
83.10188	37.2183252	37.2191463	37.593571	37.6292987	
83.11198	37.2105171	37.2104197	37.5857629	37.6292987	
83.12223	37.2017311	37.2104197	37.5769769	37.620572	
83.13233	37.1922781	37.201693	37.5675239	37.620572	
83.14249	37.1819327	37.1929664	37.5571785	37.6118454	
83.15263	37.1707809	37.1842397	37.5460267	37.6118454	
83.16286	37.1586949	37.1755131	37.5339407	37.6118454	
83.17294	37.1459821	37.1667864	37.5212279	37.6031187	
83.18315	37.1322708	37.1580598	37.5075166	37.5943921	
83.19333	37.1177604	37.1493331	37.4930062	37.5943921	
83.2034	37.1025994	37.1406065	37.4778452	37.5856654	
83.2136	37.0864115	37.1318798	37.4616573	37.5769388	
83.22374	37.06949	37.1231532	37.4447358	37.5682121	
83.23391	37.0517021	37.1144265	37.4269479	37.5594855	
83.24417	37.0329018	37.1056999	37.4081475	37.5420322	
83.25423	37.013672	37.0969733	37.3889177	37.5245789	
83.27251	36.9754332	37.0882466	37.350679	37.5158523	
83.27712	36.9658976	37.0707933	37.3411434	37.4896723	
83.28726	36.9438442	37.0707933	37.31909	37.4634924	
83.29744	36.9208598	37.05334	37.2961056	37.4373125	
83.3076	36.8970931	37.0358867	37.2723389	37.4111325	
83.31769	36.8726631	37.0184334	37.2479089	37.3849526	
83.32796	36.8469767	36.9922535	37.2222225	37.350046	
83.33804	36.8209344	36.9660736	37.1961802	37.3238661	
83.34819	36.7939141	36.9398936	37.1691599	37.2976861	
83.35827	36.7662282	36.9137137	37.141474	37.2627795	
83.36862	36.7369731	36.8788071	37.1122189	37.2278729	
83.3787	36.7076804	36.8526272	37.0829262	37.201693	
83.38874	36.6776844	36.8089939	37.0529302	37.1667864	
83.39893	36.6463715	36.7740873	37.0216173	37.1318798	
83.40907	36.6144391	36.7391808	36.9896849	37.0882466	
83.42758	36.5527513	36.6955475	36.9279971	37.05334	
83.43216	36.5375835	36.6431876	36.9128293	37.0009801	
83.44233	36.5028369	36.5995544	36.8780827	36.9660736	
83.45271	36.4664805	36.5559212	36.8417262	36.931167	
83.46262	36.4310312	36.512288	36.806277	36.8875337	
83.47297	36.3930912	36.4686547	36.7683369	36.8439005	
83.48314	36.3550354	36.4250215	36.7302812	36.8002673	
83.49323	36.3164804	36.3726616	36.6917262	36.756634	
83.50336	36.2769228	36.3290284	36.6521686	36.7130008	
83.51365	36.235858	36.2853951	36.6111038	36.6780942	
83.52503	36.1893931	36.2417619	36.5646389	36.634461	
83.53385	36.1528795	36.1981287	36.5281253	36.5908278	
83.54412	36.1093772	36.1544955	36.484623	36.5471945	
83.55416	36.0661248	36.1108622	36.4413706	36.5035613	
83.56435	36.0213495	36.0759556	36.3965953	36.4599281	
83.57453	35.9758075	36.0323224	36.3510533	36.4250215	
83.58466	35.9296239	35.9886892	36.3048697	36.3726616	
83.5948	35.8826228	35.9537826	36.2578686	36.337755	
83.60495	35.8347561	35.9101494	36.2100019	36.2853951	
83.61504	35.7863168	35.8665161	36.1615626	36.2417619	
83.62525	35.736497	35.8141563	36.1117428	36.1981287	
83.63541	35.6860673	35.770523	36.0613131	36.1457688	
83.64553	35.6350538	35.7268898	36.0102996	36.0934089	
83.65569	35.5830433	35.6745299	35.958289	36.0497757	
83.6659	35.5298567	35.6308967	35.9051025	35.9974158	
83.67612	35.4758513	35.5785368	35.8510971	35.9450559	
83.68621	35.421703	35.5261769	35.7969488	35.8926961	
83.69634	35.3664677	35.473817	35.7417135	35.8403362	
83.70704	35.3072359	35.4127305	35.6824817	35.7792497	
83.71708	35.2508846	35.3603706	35.6261303	35.7268898	
83.72729	35.192686	35.3080108	35.5679318	35.6745299	
83.73741	35.1342188	35.2556509	35.5094646	35.6134434	
83.74756	35.0747889	35.1945644	35.4500347	35.5523569	
83.75804	35.0124613	35.1334778	35.3877071	35.4912703	
83.76789	34.9531444	35.0723913	35.3283902	35.4301838	
83.778	34.8915021	35.0113048	35.2667479	35.3603706	
83.78874	34.8249786	34.9502183	35.2002244	35.2992841	
83.79834	34.7649136	34.8891317	35.1401594	35.2381976	
83.80848	34.7005526	34.8193186	35.0757984	35.1683844	
83.819	34.6328588	34.7582321	35.0081046	35.0985713	
83.82877	34.5693199	34.6884189	34.9445657	35.0287581	
83.83892	34.5024227	34.6186057	34.8776685	34.9589449	
83.84942	34.4322949	34.5487925	34.8075407	34.8891317	
83.85926	34.3658643	34.4789794	34.7411101	34.8105919	
83.86948	34.2960798	34.4091662	34.6713255	34.7407788	
83.87991	34.2238557	34.339353	34.5991015	34.6622389	
83.88969	34.1554801	34.2695399	34.5307259	34.5924258	
83.89983	34.0837141	34.191	34.4589598	34.5226126	
83.91025	34.0090933	34.1211869	34.3843391	34.4440728	
83.92016	33.9373889	34.0426471	34.3126347	34.365533	
83.93025	33.8635232	33.9641072	34.238769	34.2957198	
83.9407	33.7860808	33.8855674	34.1613266	34.21718	
83.9505	33.7128064	33.8070276	34.0880522	34.1386402	
83.96862	33.5740007	33.6674013	33.9492465	33.9990138	
83.97324	33.538756	33.6324947	33.9140018	33.9728339	
83.98355	33.4588271	33.5539549	33.8340729	33.8942941	
83.9937	33.3793349	33.4754151	33.7545807	33.8157543	
84.00388	33.2989133	33.3968752	33.674159	33.7372144	
84.014	33.2180377	33.3183354	33.5932835	33.6586746	
84.02419	33.1358263	33.231069	33.511072	33.5801348	
84.03437	33.0527271	33.1525291	33.4279728	33.501595	
84.04446	32.9697076	33.0652627	33.3449534	33.4230552	
84.05462	32.8851831	32.9867229	33.2604289	33.3357887	
84.06481	32.799619	32.8994564	33.1748647	33.2572489	
84.075	32.7132757	32.8121899	33.0885215	33.1699824	
84.08512	32.6266931	32.7336501	33.0019389	33.0914426	
84.09529	32.5387486	32.6463837	32.9139944	32.9954495	
84.10551	32.4496393	32.5591172	32.8248851	32.9169097	
84.11561	32.3606857	32.4718507	32.7359315	32.8209166	
84.1258	32.2701228	32.3845843	32.6453686	32.7336501	
84.13592	32.1794284	32.2973178	32.5546742	32.637657	
84.14604	32.0878878	32.2013247	32.4631336	32.5503905	
84.15626	31.9945846	32.1140582	32.3698304	32.4543974	
84.1664	31.9011829	32.0180651	32.2764287	32.367131	
84.17654	31.8070053	31.9307987	32.1822511	32.2711379	
84.1868	31.7108188	31.8348056	32.0860646	32.1838714	
84.19711	31.6126403	31.7388124	31.9878861	32.0791517	
84.20705	31.5186217	31.6428193	31.8938675	31.9918852	
84.21719	31.4211092	31.5468262	31.796355	31.8958921	
84.22734	31.3226071	31.4508331	31.6978529	31.799899	
84.23746	31.223725	31.3461134	31.5989708	31.6951792	
84.2476	31.1236554	31.2413936	31.4989012	31.5991861	
84.25776	31.0227214	31.1454005	31.3979672	31.503193	
84.26793	30.9208713	31.0406807	31.296117	31.3984732	
84.27808	30.8182766	30.935961	31.1935224	31.2937535	
84.28821	30.715125	30.8312412	31.0903707	31.1890337	
84.29834	30.6111006	30.7265215	30.9863464	31.0930406	
84.30854	30.5055218	30.6218017	30.8807676	30.9883209	
84.31866	30.4001229	30.517082	30.7753687	30.8836011	
84.3288	30.2935026	30.4036356	30.6687484	30.7701547	
84.33902	30.1852233	30.2989158	30.5604691	30.665435	
84.3491	30.0777051	30.1854694	30.4529509	30.5607152	
84.36726	29.8806329	30.072023	30.2558787	30.4559954	
84.37184	29.8311045	29.9323967	30.2063503	30.3250958	
84.38199	29.7201563	29.8276769	30.0954021	30.220376	
84.39217	29.6079723	29.7055039	29.983218	30.1069296	
84.40235	29.4949473	29.5920575	29.8701931	29.9934832	
84.4125	29.3815219	29.4786111	29.7567677	29.8800368	
84.42264	29.2674663	29.3651647	29.6427121	29.7665904	
84.43282	29.1519708	29.2517183	29.5272166	29.6444173	
84.44302	29.035507	29.1382719	29.4107528	29.5309709	
84.4531	28.9195136	29.0160988	29.2947594	29.4087979	
84.46327	28.8017	28.9026524	29.1769458	29.2866248	
84.47347	28.6827053	28.789206	29.0579511	29.1731784	
84.48359	28.5638516	28.667033	28.9390974	29.0510054	
84.49378	28.4432229	28.5535866	28.8184687	28.9288324	
84.50392	28.3224961	28.4401402	28.6977419	28.7979327	
84.51408	28.2007172	28.3179671	28.5759629	28.6844863	
84.52471	28.0712852	28.2045207	28.4465309	28.5535866	
84.53449	27.9557012	28.0823477	28.3309469	28.4314135	
84.54464	27.8298452	27.9601746	28.2050909	28.3092405	
84.55483	27.7116932	27.8380016	28.0869389	28.1783408	
84.56517	27.5876492	27.7158285	27.9628949	28.0474411	
84.57541	27.4646732	27.5936555	27.8399189	27.9165414	
84.58554	27.3443952	27.4714824	27.719641	27.7856417	
84.5956	27.2257376	27.3493094	27.6009834	27.6634686	
84.60581	27.106051	27.2271363	27.4812968	27.532569	
84.61588	26.9888516	27.0962366	27.3640973	27.4016693	
84.6261	26.8707078	26.9653369	27.2459536	27.2794962	
84.63633	26.7533147	26.8431639	27.1285605	27.1573232	
84.64655	26.6369444	26.7122642	27.0121902	27.0351501	
84.65674	26.5215143	26.5900912	26.8967601	26.9129771	
84.66688	26.4076442	26.4591915	26.78289	26.790804	
84.67702	26.2945789	26.3370184	26.6698247	26.668631	
84.68716	26.1822857	26.2148454	26.5575315	26.5464579	
84.69734	26.0703633	26.0926723	26.4456091	26.4242849	
84.70749	25.9597171	25.9704993	26.3349629	26.3108385	
84.71757	25.8505832	25.8570529	26.225829	26.1973921	
84.72781	25.7404374	25.7436065	26.1156832	26.0839457	
84.73794	25.6324009	25.6301601	26.0076467	25.9704993	
84.74841	25.5214945	25.5167137	25.8967403	25.8657795	
84.75821	25.4184688	25.4119939	25.7937145	25.7610598	
84.76835	25.3128128	25.3072742	25.6880586	25.65634	
84.77855	25.2072246	25.2025544	25.5824704	25.5516202	
84.78865	25.103497	25.0978346	25.4787428	25.4469005	
84.79881	25.0001458	25.0018415	25.3753916	25.3421807	
84.80894	24.8977405	24.9058484	25.2729863	25.2461876	
84.81952	24.7916546	24.8011287	25.1669004	25.1501945	
84.82933	24.6941362	24.7051356	25.069382	25.0542014	
84.83941	24.5947281	24.6091425	24.9699739	24.9582083	
84.84989	24.492106	24.5131493	24.8673518	24.8709418	
84.85969	24.3971009	24.4258829	24.7723467	24.7836754	
84.86982	24.2996318	24.3298898	24.6748776	24.6964089	
84.88027	24.1998575	24.2426233	24.5751032	24.6091425	
84.89013	24.1065718	24.1466302	24.4818176	24.521876	
84.90031	24.011063	24.0593637	24.3863087	24.4346095	
84.91075	23.9140068	23.9720973	24.2892525	24.3473431	
84.92062	23.8230356	23.8761042	24.1982814	24.2600766	
84.93873	23.6591138	23.7190245	24.0343596	24.102997	
84.95149	23.5447246	23.6055781	23.9199704	23.9895506	
84.95612	23.5033182	23.5619449	23.878564	23.9459173	
84.96619	23.4139981	23.4746784	23.7892439	23.8673775	
84.97635	23.3247886	23.387412	23.7000344	23.7713844	
84.98674	23.2344653	23.2914189	23.6097111	23.6841179	
84.99685	23.1473223	23.2041524	23.5225681	23.5968515	
85.00696	23.061004	23.1081593	23.4362498	23.5008584	
85.0171	22.9752264	23.0208928	23.3504722	23.4135919	
85.02723	22.8902777	22.9336264	23.2655235	23.3175988	
85.03789	22.801859	22.8463599	23.1771048	23.2216057	
85.04805	22.7181229	22.7590934	23.0933686	23.1343392	
85.05809	22.6368183	22.671827	23.0120641	23.0383461	
85.06833	22.5543264	22.5845605	22.9295722	22.9510797	
85.07862	22.4722622	22.4972941	22.847508	22.8638132	
85.08858	22.3936769	22.4187542	22.7689227	22.7765467	
85.09883	22.3136033	22.3402144	22.6888491	22.6892803	
85.10887	22.2359114	22.2616746	22.6111572	22.6107405	
85.11912	22.1574405	22.1744081	22.5326863	22.5322006	
85.13753	22.019804	22.0958683	22.3950498	22.4449342	
85.14217	21.9850731	21.9998752	22.3603189	22.3402144	
85.15237	21.9097078	21.9213354	22.2849536	22.2616746	
85.16246	21.8359525	21.8515222	22.2111983	22.1831348	
85.17258	21.7627565	21.7817091	22.1380023	22.104595	
85.18274	21.6900153	21.7031692	22.0652611	22.0260552	
85.19293	21.6180467	21.6333561	21.9932924	21.956242	
85.20503	21.5337158	21.5548163	21.9089616	21.8689755	
85.21515	21.4639102	21.4850031	21.839156	21.7991624	
85.2253	21.3946891	21.4151899	21.7699349	21.7293492	
85.23539	21.3267219	21.3453768	21.7019677	21.659536	
85.25388	21.2053814	21.2842902	21.5806272	21.5984495	
85.25849	21.1751023	21.1970238	21.5503481	21.5199097	
85.26863	21.1094214	21.1359372	21.4846672	21.4588232	
85.27882	21.0442212	21.0661241	21.419467	21.3977366	
85.28893	20.9803444	21.0050375	21.3555902	21.3279235	
85.29913	20.9167617	20.943951	21.2920075	21.2755636	
85.30933	20.8539516	20.8741379	21.2291974	21.2144771	
85.31941	20.7927079	20.8130513	21.1679537	21.1533905	
85.32963	20.7314012	20.7519648	21.1066469	21.1010307	
85.33972	20.671626	20.6908783	21.0468718	21.0399441	
85.34982	20.6126665	20.6385184	20.9879123	20.9788576	
85.36002	20.5538898	20.5774319	20.9291356	20.9264977	
85.3702	20.4960556	20.525072	20.8713014	20.8741379	
85.38036	20.4391691	20.4639855	20.8144149	20.821778	
85.39047	20.3833376	20.4116256	20.7585834	20.7694181	
85.40072	20.3275596	20.3592657	20.7028054	20.7083316	
85.41089	20.273027	20.3069058	20.6482727	20.6559717	
85.42095	20.2198802	20.254546	20.595126	20.6036118	
85.43114	20.1668261	20.2021861	20.5420718	20.5512519	
85.44133	20.1146075	20.1498262	20.4898533	20.4988921	
85.45144	20.0635878	20.0974663	20.4388336	20.4465322	
85.46162	20.0130106	20.0451065	20.3882564	20.3941723	
85.4718	19.963246	20.0014732	20.3384917	20.3418124	
85.48196	19.914401	19.9491134	20.2896468	20.2894526	
85.50007	19.8304314	19.8618469	20.2056771	20.2021861	
85.50464	19.8091862	19.8443936	20.184432	20.1760062	
85.51489	19.7625437	19.8007604	20.1377895	20.1323729	
85.52501	19.7172517	19.7571271	20.0924975	20.0887397	
85.53516	19.6726091	19.7047673	20.0478549	20.0363798	
85.54533	19.6287368	19.661134	20.0039826	19.9927466	
85.55544	19.5858584	19.6175008	19.9611042	19.9491134	
85.56565	19.5433966	19.5738676	19.9186423	19.9054801	
85.57577	19.5021175	19.5302343	19.8773633	19.8618469	
85.58599	19.4611982	19.4866011	19.836444	19.8269403	
85.59618	19.4212692	19.4429679	19.796515	19.7833071	
85.60625	19.3825386	19.4080613	19.7577844	19.7484005	
85.61652	19.3438602	19.3644281	19.719106	19.7047673	
85.6268	19.305959	19.3295215	19.6812048	19.6698607	
85.63683	19.2697408	19.2858882	19.6449866	19.6349541	
85.64701	19.2337808	19.2509816	19.6090266	19.6000475	
85.65714	19.1987976	19.2160751	19.5740434	19.5651409	
85.66741	19.1641361	19.1811685	19.5393819	19.538961	
85.67749	19.1308844	19.1462619	19.5061302	19.5040544	
85.68761	19.0983151	19.1113553	19.4735609	19.4778745	
85.698	19.0648942	19.0764487	19.44014	19.4429679	
85.70793	19.0352408	19.0502688	19.4104866	19.4080613	
85.71964	18.9999281	19.0153622	19.3751739	19.390608	
85.73853	18.9475792	18.9630023	19.322825	19.3295215	
85.74315	18.9345927	18.9542757	19.3098385	19.3207948	
85.75329	18.9070294	18.9280957	19.2822752	19.2946149	
85.76365	18.8796595	18.9019158	19.2549053	19.2684349	
85.7738	18.8536221	18.8757359	19.2288679	19.242255	
85.78394	18.8284018	18.8495559	19.2036476	19.2160751	
85.79416	18.8037499	18.8321026	19.1789957	19.1986218	
85.80432	18.7800293	18.8146493	19.1552751	19.1724418	
85.81446	18.7571289	18.7884694	19.1323747	19.1462619	
85.82465	18.734862	18.7710161	19.1101078	19.1288086	
85.83483	18.7134249	18.7535628	19.0886707	19.1026287	
85.84495	18.6928517	18.7361095	19.0680974	19.0851754	
85.85512	18.6729558	18.7186562	19.0482016	19.0677221	
85.86524	18.6539257	18.7012029	19.0291715	19.0502688	
85.87541	18.6355446	18.6837496	19.0107903	19.0240888	
85.88555	18.6179839	18.675023	18.9932297	19.0153622	
85.89572	18.6011277	18.6575697	18.9763735	18.9979089	
85.90587	18.5850548	18.6401164	18.9603006	18.9804556	
85.91605	18.5696891	18.6313898	18.9449349	18.971729	
85.92618	18.5551354	18.6139365	18.9303812	18.9542757	
85.93636	18.5412503	18.6052098	18.9164961	18.945549	
85.94648	18.5281798	18.5877565	18.9034256	18.9368224	
85.9566	18.5158483	18.5790299	18.891094	18.9193691	
85.96678	18.5041611	18.5703032	18.8794069	18.9106424	
85.97696	18.4932118	18.5528499	18.8684576	18.9019158	
85.98717	18.4829467	18.5441233	18.8581925	18.9019158	
85.99725	18.4735146	18.5353967	18.8487604	18.8931892	
86.00743	18.4646873	18.52667	18.8399331	18.8844625	
86.0176	18.4565653	18.5179434	18.831811	18.8844625	
86.02769	18.4491762	18.5179434	18.824422	18.8844625	
86.03794	18.4423661	18.5092167	18.8176119	18.8757359	
86.04806	18.4362847	18.5004901	18.8115305	18.8757359	
86.05817	18.430851	18.5004901	18.8060968	18.8757359	
86.06842	18.4259835	18.4917634	18.8012293	18.8670092	
86.07851	18.4217851	18.4917634	18.7970309	18.8670092	
86.08869	18.418136	18.4917634	18.7933817	18.8670092	
86.09895	18.4150307	18.4917634	18.7902765	18.8582826	
86.10899	18.4124926	18.4917634	18.7877384	18.8582826	
86.11932	18.4103911	18.4917634	18.7856369	18.8582826	
86.12945	18.404497	18.4917634	18.7797428	18.8582826	
86.13946	18.404497	18.4917634	18.7797428	18.8582826	
86.14957	18.404497	18.4917634	18.7797428	18.8582826	
86.15978	18.404497	18.4917634	18.7797428	18.8582826	
86.16989	18.404497	18.4917634	18.7797428	18.8582826	
86.18004	18.404497	18.4917634	18.7797428	18.8582826	
86.19023	18.404497	18.4917634	18.7797428	18.8582826	
86.20038	18.404497	18.4917634	18.7797428	18.8582826	
86.21047	18.404497	18.4917634	18.7797428	18.8582826	
86.22073	18.404497	18.4917634	18.7797428	18.8582826	
86.2308	18.404497	18.4917634	18.7797428	18.8582826	
86.24133	18.404497	18.4917634	18.7797428	18.8582826	
86.25138	18.404497	18.4917634	18.7797428	18.8582826	
86.26152	18.404497	18.4830368	18.7797428	18.8582826	
86.27165	18.404497	18.4830368	18.7797428	18.8582826	
86.28185	18.404497	18.4830368	18.7797428	18.8582826	
86.29203	18.404497	18.4830368	18.7797428	18.8582826	
86.30216	18.404497	18.4743101	18.7797428	18.8582826	
86.31236	18.404497	18.4655835	18.7797428	18.8582826	
86.32249	18.404497	18.4655835	18.7797428	18.8582826	
86.33266	18.404497	18.4568568	18.7797428	18.8495559	
86.34284	18.404497	18.4481302	18.7797428	18.8495559	
86.35296	18.404497	18.4306769	18.7797428	18.8408293	
86.36319	18.404497	18.4219503	18.7797428	18.8321026	
86.3733	18.404497	18.4132236	18.7797428	18.823376	
86.38345	18.404497	18.3957703	18.7797428	18.8146493	
86.39363	18.404497	18.3957703	18.7797428	18.8059227	
86.40381	18.404497	18.378317	18.7797428	18.7884694	
86.41391	18.404497	18.378317	18.7797428	18.7797428	
86.42407	18.404497	18.3608637	18.7797428	18.7710161	
