86.43659	18.4063822	18.3608637	18.781628	18.7535628	
86.44667	18.4086427	18.3608637	18.7838885	18.7448362	
86.45688	18.4117055	18.3608637	18.7869513	18.7361095	
86.46702	18.4156006	18.3608637	18.7908464	18.7273829	
86.47724	18.4203717	18.3608637	18.7956174	18.7273829	
86.4873	18.4258629	18.3608637	18.8011086	18.7273829	
86.49752	18.4322872	18.3695904	18.807533	18.7273829	
86.50764	18.4394576	18.378317	18.8147033	18.7273829	
86.51775	18.4474397	18.3870437	18.8226855	18.7361095	
86.52839	18.4567871	18.3957703	18.8320328	18.7448362	
86.53812	18.4660401	18.3957703	18.8412859	18.7535628	
86.54828	18.4765413	18.404497	18.8517871	18.7710161	
86.55839	18.4878227	18.404497	18.8630685	18.7797428	
86.56854	18.4999677	18.404497	18.8752135	18.797196	
86.57872	18.5129665	18.404497	18.8882123	18.8146493	
86.58884	18.5267234	18.404497	18.9019692	18.823376	
86.59895	18.5412692	18.404497	18.916515	18.8321026	
86.60926	18.5569805	18.404497	18.9322263	18.8495559	
86.61936	18.57316	18.4132236	18.9484058	18.8495559	
86.62942	18.5900952	18.4132236	18.965341	18.8670092	
86.63957	18.6079969	18.4132236	18.9832427	18.8670092	
86.64978	18.6268597	18.4306769	19.0021055	18.8757359	
86.65989	18.6463257	18.4394035	19.0215715	18.8844625	
86.67	18.6666358	18.4655835	19.0418815	18.8931892	
86.68021	18.6880674	18.4830368	19.0633131	18.9019158	
86.69035	18.7099843	18.5092167	19.0852301	18.9193691	
86.7005	18.7328307	18.5353967	19.1080765	18.9280957	
86.71074	18.7567682	18.5703032	19.132014	18.945549	
86.72087	18.7812271	18.6052098	19.1564729	18.9630023	
86.73106	18.8066558	18.6401164	19.1819016	18.9891823	
86.74123	18.8328712	18.675023	19.208117	19.0153622	
86.75133	18.8597276	18.7099296	19.2349734	19.0415421	
86.76155	18.8877295	18.7448362	19.2629752	19.0677221	
86.77169	18.9163692	18.7884694	19.291615	19.1026287	
86.78184	18.9458089	18.823376	19.3210547	19.1462619	
86.79199	18.9760808	18.8670092	19.3513266	19.1898951	
86.80219	19.0073578	18.9106424	19.3826036	19.2335284	
86.81241	19.0395361	18.9542757	19.4147818	19.2858882	
86.8225	19.0720914	18.9979089	19.4473372	19.3382481	
86.83268	19.1058139	19.0415421	19.4810597	19.3818813	
86.8429	19.1404619	19.0851754	19.5157077	19.4342412	
86.85297	19.1754056	19.1288086	19.5506514	19.4866011	
86.86315	19.2116009	19.1724418	19.5868467	19.5476876	
86.8733	19.2484571	19.2160751	19.6237029	19.6000475	
86.88347	19.2862666	19.2684349	19.6615124	19.6524074	
86.89363	19.3248572	19.3033415	19.700103	19.6960406	
86.90377	19.3641742	19.3469748	19.73942	19.7484005	
86.91394	19.4044154	19.390608	19.7796612	19.7920337	
86.92413	19.4456203	19.4255146	19.8208661	19.8269403	
86.93426	19.4873597	19.4691478	19.8626055	19.8705735	
86.9444	19.5300016	19.5040544	19.9052474	19.9142068	
86.95456	19.5735242	19.5476876	19.94877	19.9491134	
86.96468	19.6176928	19.5825942	19.9929385	19.9840199	
86.97485	19.6629316	19.6175008	20.0381774	20.0189265	
86.98503	19.7090169	19.6524074	20.0842627	20.0625598	
86.99519	19.7558693	19.687314	20.1311151	20.0974663	
87.00533	19.8034037	19.7222205	20.1786495	20.1323729	
87.01551	19.852024	19.7658538	20.2272698	20.1672795	
87.0257	19.9014896	19.809487	20.2767354	20.2109127	
87.03583	19.9514625	19.8443936	20.3267083	20.2458193	
87.04596	20.0022609	19.8967535	20.3775067	20.2894526	
87.05614	20.0541565	19.9403867	20.4294023	20.3330858	
87.06643	20.1074964	19.9840199	20.4827422	20.376719	
87.07655	20.1607208	20.0363798	20.5359666	20.4203522	
87.08664	20.2145566	20.0887397	20.5898024	20.4727121	
87.0968	20.2696543	20.1410996	20.6449001	20.525072	
87.10707	20.326242	20.1934594	20.7014878	20.5774319	
87.11715	20.3830069	20.2458193	20.7582527	20.6297918	
87.12729	20.4399902	20.3069058	20.815236	20.6908783	
87.13748	20.4985926	20.3679924	20.8738384	20.7519648	
87.14759	20.5574611	20.4290789	20.9327069	20.8130513	
87.15767	20.6170493	20.4901654	20.9922951	20.8741379	
87.16794	20.6785512	20.5599786	21.053797	20.943951	
87.17802	20.7397747	20.6210651	21.1150205	21.0137642	
87.18817	20.8022444	20.6908783	21.1774902	21.0835774	
87.19836	20.8657421	20.7606915	21.2409878	21.1533905	
87.20847	20.9296445	20.8305046	21.3048903	21.2232037	
87.21861	20.9944768	20.9090444	21.3697226	21.2930169	
87.22917	21.0629906	20.9788576	21.4382364	21.3715567	
87.23896	21.1272236	21.0486708	21.5024694	21.4413699	
87.2577	21.2535802	21.1272106	21.628826	21.5199097	
87.26232	21.284607	21.2232037	21.6598528	21.6159028	
87.2725	21.3541248	21.2930169	21.7293706	21.6944426	
87.28267	21.4244157	21.3715567	21.7996615	21.7642558	
87.29282	21.4953211	21.4500965	21.8705668	21.8427956	
87.30296	21.5670207	21.5199097	21.9422665	21.9213354	
87.31314	21.6399138	21.5984495	22.0151595	21.9911486	
87.32332	21.7135124	21.6769893	22.0887582	22.0696884	
87.33344	21.7875374	21.7468025	22.1627832	22.1395016	
87.34367	21.8632387	21.8166156	22.2384845	22.2180414	
87.35381	21.9390481	21.8864288	22.3142938	22.2878545	
87.36396	22.0157716	21.956242	22.3910174	22.3663944	
87.37443	22.0958822	22.0347818	22.471128	22.4449342	
87.38427	22.1720453	22.104595	22.5472911	22.5147474	
87.39443	22.2511098	22.1744081	22.6263556	22.5845605	
87.40493	22.3339515	22.252948	22.7091973	22.6543737	
87.41478	22.4123433	22.3227611	22.7875891	22.7329135	
87.42493	22.4940333	22.4013009	22.8692791	22.8027267	
87.43547	22.5797753	22.4711141	22.9550211	22.8812665	
87.44527	22.6602799	22.5496539	23.0355257	22.9598063	
87.45541	22.7443037	22.6281938	23.1195495	23.0383461	
87.46588	22.8320468	22.7067336	23.2072926	23.1081593	
87.47572	22.9152291	22.794	23.2904749	23.1866991	
87.48586	23.0017129	22.8725398	23.3769587	23.2652389	
87.49623	23.0911245	22.9598063	23.4663703	23.3525054	
87.50648	23.1802851	23.0470728	23.5555309	23.4310452	
87.51648	23.2680426	23.1343392	23.6432883	23.5183117	
87.52667	23.3589258	23.2303323	23.7341716	23.5968515	
87.54546	23.5284143	23.3961386	23.9036601	23.7713844	
87.55002	23.5695544	23.4397719	23.9448002	23.806291	
87.56021	23.6625515	23.535765	24.0377973	23.9022841	
87.57037	23.7561733	23.6317581	24.1314191	23.9982772	
87.58055	23.850744	23.7364778	24.2259898	24.0942703	
87.5986	24.0216694	23.9110108	24.3969152	24.2688032	
87.6032	24.0650702	23.9633706	24.440316	24.3211631	
87.6133	24.161539	24.0593637	24.5367847	24.4171562	
87.62351	24.2600039	24.1640835	24.6352497	24.521876	
87.63367	24.358763	24.2688032	24.7340088	24.6265957	
87.6438	24.4580011	24.373523	24.8332469	24.7313155	
87.65399	24.5587099	24.4782428	24.9339557	24.8360353	
87.66413	24.6596449	24.5829625	25.0348907	24.9494817	
87.6743	24.7617673	24.6876823	25.1370131	25.0542014	
87.68456	24.8657109	24.792402	25.2409566	25.1589212	
87.69463	24.9684629	24.8971218	25.3437087	25.2636409	
87.71483	25.1787466	25.1065613	25.5539924	25.4818071	
87.71944	25.2265322	25.1501945	25.601778	25.5254403	
87.72964	25.333409	25.2549143	25.7086548	25.6388867	
87.73974	25.4402405	25.359634	25.8154863	25.7436065	
87.74983	25.5475453	25.4643538	25.922791	25.8570529	
87.76003	25.6570081	25.5778002	26.0322538	25.9704993	
87.77023	25.7673693	25.6825199	26.1426151	26.075219	
87.78041	25.8781678	25.7959663	26.2534136	26.1886654	
87.79049	25.9886959	25.9006861	26.3639417	26.3021118	
87.80106	26.1057373	26.0141325	26.4809831	26.4068316	
87.81087	26.2148241	26.1275789	26.5900699	26.520278	
87.82094	26.3278748	26.2410253	26.7031206	26.6249977	
87.83147	26.4468212	26.3544717	26.822067	26.7384441	
87.84126	26.5581187	26.4591915	26.9333645	26.8431639	
87.85142	26.6745694	26.5726379	27.0498152	26.9478837	
87.86201	26.7968868	26.6860843	27.1721326	27.0613301	
87.87173	26.9098467	26.8082573	27.2850925	27.1747765	
87.88189	27.0286923	26.9217037	27.4039381	27.2882229	
87.89238	27.1524958	27.0351501	27.5277416	27.4016693	
87.9022	27.2689683	27.1573232	27.6442141	27.5151157	
87.9124	27.3907845	27.2707696	27.7660303	27.6372887	
87.92289	27.5169694	27.3929426	27.8922152	27.7507351	
87.93268	27.6345334	27.5151157	28.0097792	27.8729082	
87.94282	27.7561174	27.6460154	28.1313632	28.0038078	
87.95326	27.8814454	27.7681884	28.2566912	28.1347075	
87.96314	28.0000654	27.8903614	28.3753112	28.2568806	
87.97327	28.1215774	28.0125345	28.4968232	28.3877803	
87.98374	28.2472654	28.1434342	28.6225112	28.51868	
87.99363	28.3646899	28.2743339	28.7399357	28.6495797	
88.00375	28.4841369	28.3965069	28.8593827	28.7804794	
88.01422	28.6067991	28.51868	28.9820449	28.9113791	
88.02409	28.7216313	28.6495797	29.0968771	29.0422788	
88.03425	28.8390823	28.7717527	29.2143281	29.1731784	
88.04467	28.9585904	28.9026524	29.3338362	29.3040781	
88.05457	29.0713824	29.0248255	29.4466282	29.4262512	
88.0649	29.1882036	29.1469985	29.5634494	29.5484242	
88.07525	29.3044612	29.2691716	29.679707	29.6705973	
88.08509	29.4141284	29.3913446	29.7893742	29.801497	
88.09523	29.5263847	29.5135177	29.9016305	29.9149434	
88.10568	29.6411325	29.6356907	30.0163783	30.0371164	
88.11555	29.7488306	29.7578637	30.1240764	30.1592895	
88.12569	29.8585661	29.8713101	30.2338119	30.2640092	
88.13615	29.9709004	29.9847565	30.3461462	30.3774556	
88.146	30.0759432	30.1069296	30.451189	30.490902	
88.15612	30.1830788	30.2116494	30.5583246	30.5956218	
88.16662	30.2932561	30.3250958	30.6685019	30.7003415	
88.17652	30.3964597	30.4298155	30.7717055	30.8050613	
88.18664	30.5010984	30.5345353	30.8763442	30.9010544	
88.1971	30.6083548	30.639255	30.9836006	30.9970475	
88.20694	30.7084051	30.7352481	31.0836508	31.1017673	
88.21713	30.8121242	30.8399679	31.18737	31.1890337	
88.22762	30.9163757	30.9272343	31.2916214	31.2850268	
88.23737	31.0132674	31.0319541	31.3885132	31.38102	
88.24754	31.1133927	31.1192206	31.4886385	31.4770131	
88.258	31.2155985	31.206487	31.5908443	31.5642795	
88.26778	31.3104637	31.3024801	31.6857094	31.6602726	
88.28598	31.4836255	31.3897466	31.8588713	31.7475391	
88.29062	31.5277947	31.503193	31.9030404	31.8609855	
88.30862	31.6958501	31.6602726	32.0710959	32.0267918	
88.31318	31.7384306	31.7039059	32.1136764	32.070425	
88.32341	31.8330754	31.7911723	32.2083212	32.1664181	
88.33351	31.92562	31.8784388	32.3008658	32.2536846	
88.34367	32.0179991	31.9657053	32.3932449	32.3496777	
88.35389	32.1100265	32.0616984	32.4852723	32.4369441	
88.36401	32.2002986	32.1402382	32.5755444	32.5329373	
88.37414	32.2899488	32.2275046	32.6651946	32.6202037	
88.38434	32.3797842	32.3234977	32.75503	32.7074702	
88.39451	32.4676195	32.4107642	32.8428652	32.8034633	
88.40465	32.5548105	32.4980307	32.9300563	32.8907298	
88.41484	32.6417224	32.5765705	33.0169682	32.9867229	
88.42498	32.7273081	32.6725636	33.1025539	33.0739893	
88.43518	32.8125627	32.7598301	33.1878084	33.1612558	
88.44533	32.8965583	32.8470965	33.2718041	33.2485223	
88.45545	32.9795342	32.934363	33.35478	33.3357887	
88.46561	33.0620163	33.0216294	33.4372621	33.4143285	
88.47581	33.1439714	33.1088959	33.5192171	33.501595	
88.48595	33.2246227	33.1961624	33.5998685	33.5801348	
88.49608	33.3044273	33.2834288	33.6796731	33.6674013	
88.50627	33.3839081	33.3706953	33.7591539	33.7546677	
88.51644	33.4623437	33.4492351	33.8375894	33.8244809	
88.52653	33.5393204	33.5277749	33.9145661	33.9117474	
88.53812	33.626719	33.6150414	34.0019648	33.9902872	
88.54686	33.6920282	33.6848546	34.067274	34.068827	
88.55695	33.7666605	33.772121	34.1419063	34.1473668	
88.5672	33.8415781	33.8419342	34.2168239	34.2259066	
88.57749	33.9160191	33.920474	34.2912649	34.3044464	
88.58819	33.9924775	33.9902872	34.3677233	34.3829863	
88.59761	34.0590469	34.0601004	34.4342927	34.4527994	
88.60772	34.129737	34.1299135	34.5049828	34.5226126	
88.61796	34.2004596	34.1997267	34.5757054	34.5924258	
88.6281	34.2697158	34.2608132	34.6449616	34.6709656	
88.63821	34.3379595	34.3306264	34.7132053	34.7407788	
88.64834	34.4055125	34.3917129	34.7807583	34.8105919	
88.65853	34.4726941	34.4527994	34.8479399	34.8804051	
88.6687	34.5388302	34.5226126	34.914076	34.9414916	
88.67882	34.6038853	34.5836991	34.9791311	35.0113048	
88.68899	34.6684615	34.6447857	35.0437073	35.0723913	
88.70717	34.7806554	34.7058722	35.1559012	35.1334778	
88.71207	34.8110056	34.784412	35.1862514	35.203291	
88.72197	34.8712345	34.8367719	35.2464803	35.2643775	
88.73212	34.9322057	34.8978584	35.3074514	35.3167374	
88.74246	34.9935027	34.9589449	35.3687484	35.3778239	
88.75245	35.0519237	35.0200314	35.4271695	35.4301838	
88.76261	35.110536	35.0723913	35.4857818	35.4825437	
88.77288	35.1689584	35.1334778	35.5442041	35.5349036	
88.78291	35.2251836	35.1858377	35.6004294	35.5872634	
88.79306	35.2812886	35.2469242	35.6565344	35.6396233	
88.80334	35.33726	35.2992841	35.7125058	35.6919832	
88.8134	35.391273	35.351644	35.7665188	35.7443431	
88.82358	35.4450591	35.4040039	35.8203049	35.796703	
88.83377	35.4981902	35.4650904	35.873436	35.8403362	
88.84389	35.5500834	35.5174503	35.9253292	35.8926961	
88.854	35.6010993	35.5698102	35.9763451	35.9450559	
88.8642	35.6517994	35.62217	36.0270452	35.9886892	
88.87434	35.7013639	35.6745299	36.0766096	36.0410491	
88.88456	35.7505078	35.7268898	36.1257536	36.0934089	
88.89469	35.798433	35.7792497	36.1736788	36.1457688	
88.90505	35.8465829	35.8228829	36.2218287	36.1981287	
88.91504	35.8922561	35.8752428	36.2675019	36.2417619	
88.92516	35.9377133	35.918876	36.3129591	36.2941218	
88.93532	35.9825294	35.9712359	36.3577752	36.337755	
88.94544	36.026401	36.0148691	36.4016468	36.3901149	
88.9556	36.0696343	36.0585023	36.4448801	36.4424748	
88.96572	36.1118353	36.1021356	36.487081	36.486108	
88.97586	36.1533916	36.1457688	36.5286374	36.5297412	
88.98608	36.1944624	36.189402	36.5697082	36.5733745	
88.99621	36.2343189	36.2330353	36.6095647	36.6170077	
89.00634	36.2734241	36.2766685	36.6486699	36.6519143	
89.01656	36.3121676	36.3115751	36.6874134	36.6955475	
89.02663	36.3493325	36.3464817	36.7245783	36.7304541	
89.03683	36.3862805	36.3901149	36.7615263	36.7740873	
89.04696	36.4221933	36.4250215	36.7974391	36.8089939	
89.05711	36.4573685	36.4599281	36.8326143	36.8439005	
89.06751	36.4925445	36.486108	36.8677903	36.8788071	
89.07746	36.525477	36.5210146	36.9007228	36.9137137	
89.08758	36.5581691	36.5471945	36.9334149	36.9398936	
89.09773	36.5901815	36.5821011	36.9654272	36.9660736	
89.10795	36.6215747	36.6082811	36.9968205	37.0009801	
89.11811	36.6520021	36.634461	37.0272479	37.0271601	
89.1282	36.6814501	36.6693676	37.0566959	37.05334	
89.14656	36.731886	36.6955475	37.1071318	37.07952	
89.1512	36.7446847	36.7217275	37.1199305	37.1056999	
89.16141	36.7718865	36.7479074	37.1471323	37.1406065	
89.17159	36.7982358	36.7740873	37.1734816	37.1580598	
89.18174	36.8236916	36.8002673	37.1989374	37.1842397	
89.19189	36.8483767	36.8264472	37.2236225	37.2104197	
89.20206	36.8723502	36.8439005	37.247596	37.2278729	
89.21218	36.8954162	36.8613538	37.270662	37.2453262	
89.22236	36.9178321	36.8875337	37.2930779	37.2715062	
89.23256	36.9395884	36.904987	37.3148342	37.2889595	
89.24268	36.9602652	36.931167	37.335511	37.3151394	
89.25283	36.980303	36.9486203	37.3555488	37.3325927	
89.26299	36.9996017	36.9660736	37.3748475	37.350046	
89.2732	37.0182046	36.9748002	37.3934504	37.3674993	
89.28333	37.0359104	36.9922535	37.4111562	37.3849526	
89.29347	37.0528718	37.0097068	37.4281175	37.4024059	
89.30362	37.0690988	37.0184334	37.4443446	37.4198592	
89.31381	37.0846199	37.0358867	37.4598657	37.4285858	
89.32415	37.0996021	37.0446134	37.4748479	37.4460391	
89.33408	37.1132778	37.0620667	37.4885236	37.4547657	
89.34424	37.1265137	37.0707933	37.5017595	37.472219	
89.3544	37.1390184	37.07952	37.5142642	37.4809457	
89.36462	37.1508576	37.0882466	37.5261033	37.4896723	
89.3747	37.1618145	37.1056999	37.5370603	37.5071256	
89.38487	37.1721494	37.1144265	37.5473952	37.5158523	
89.3951	37.1818103	37.1231532	37.5570561	37.5245789	
89.40518	37.1906409	37.1318798	37.5658867	37.5333056	
89.41536	37.1988632	37.1406065	37.574109	37.5507589	
89.42551	37.2063632	37.1580598	37.581609	37.5594855	
89.4357	37.2132174	37.1667864	37.5884632	37.5769388	
89.44586	37.2193867	37.1755131	37.5946325	37.5943921	
89.456	37.2248948	37.1929664	37.6001406	37.6031187	
89.46612	37.2297698	37.201693	37.6050156	37.620572	
89.47634	37.2340692	37.2104197	37.609315	37.6292987	
89.48644	37.237738	37.2191463	37.6129838	37.6380253	
89.49664	37.240875	37.2278729	37.6161208	37.646752	
89.5068	37.2434753	37.2365996	37.6187211	37.646752	
89.51692	37.2455795	37.2453262	37.6208252	37.6554786	
89.52706	37.2516065	37.2540529	37.6268522	37.6554786	
89.53871	37.2516065	37.2627795	37.6268522	37.6554786	
89.54744	37.2516065	37.2715062	37.6268522	37.6554786	
89.55748	37.2516065	37.2802328	37.6268522	37.6554786	
89.56794	37.2516065	37.2802328	37.6268522	37.6554786	
89.57792	37.2516065	37.2802328	37.6268522	37.646752	
89.58872	37.2516065	37.2802328	37.6268522	37.646752	
89.59823	37.2505219	37.2802328	37.6257676	37.646752	
89.60832	37.248535	37.2802328	37.6237808	37.6380253	
89.61846	37.245714	37.2802328	37.6209598	37.6380253	
89.62872	37.2420056	37.2715062	37.6172514	37.6380253	
89.63886	37.2375273	37.2627795	37.6127731	37.6292987	
89.64897	37.2322542	37.2627795	37.6074999	37.6292987	
89.66717	37.2195048	37.2540529	37.5947505	37.6292987	
89.67175	37.2163791	37.2453262	37.5916249	37.6292987	
89.68192	37.2083881	37.2365996	37.5836339	37.6292987	
89.69205	37.1995982	37.2278729	37.574844	37.6292987	
89.71196	37.1783819	37.2104197	37.5536277	37.6292987	
89.72452	37.164104	37.201693	37.5393498	37.6292987	
89.72911	37.1588756	37.1929664	37.5341213	37.6292987	
89.73951	37.1458847	37.1842397	37.5211305	37.6292987	
89.74944	37.1327404	37.1755131	37.5079862	37.620572	
89.75967	37.1183281	37.1580598	37.4935739	37.6118454	
89.76973	37.1033535	37.1493331	37.4785993	37.6031187	
89.77986	37.087454	37.1406065	37.4626998	37.5943921	
89.79015	37.0704515	37.1318798	37.4456973	37.5769388	
89.80014	37.0531548	37.1231532	37.4284006	37.5594855	
89.81034	37.0346496	37.1231532	37.4098954	37.5420322	
89.82057	37.0152551	37.1144265	37.3905009	37.5245789	
89.83058	36.9954931	37.1056999	37.3707389	37.5071256	
89.84911	36.955502	37.0882466	37.3307478	37.4547657	
89.85371	36.9456834	37.0882466	37.3209292	37.4460391	
89.86382	36.923023	37.0707933	37.2982688	37.4198592	
89.87408	36.8991926	37.05334	37.2744384	37.3936792	
89.88418	36.8749127	37.0271601	37.2501584	37.3674993	
89.89431	36.8497254	37.0009801	37.2249711	37.3325927	
89.90451	36.8234393	36.9660736	37.1986851	37.3064128	
89.91464	36.7967137	36.9398936	37.1719595	37.2715062	
89.92483	36.7689222	36.904987	37.144168	37.2453262	
89.93502	36.7402484	36.8700804	37.1154942	37.2104197	
89.94512	36.7110739	36.8264472	37.0863197	37.1755131	
89.95535	36.6806299	36.7915406	37.0558757	37.1406065	
89.96546	36.6497542	36.756634	37.025	37.1056999	
89.97561	36.6179307	36.7130008	36.9931765	37.0707933	
89.98582	36.5851029	36.6693676	36.9603487	37.0358867	
89.99592	36.551774	36.634461	36.9270198	37.0009801	
90.00606	36.5175336	36.5908278	36.8927794	36.9660736	
90.01622	36.4823607	36.5471945	36.8576065	36.931167	
90.02642	36.4462148	36.512288	36.8214606	36.8962604	
90.03658	36.4093933	36.4686547	36.784639	36.8613538	
90.04664	36.3721434	36.4250215	36.7473892	36.8264472	
90.05692	36.3332247	36.3813883	36.7084704	36.782814	
90.0672	36.2934448	36.3464817	36.6686906	36.7391808	
90.07721	36.253951	36.3028484	36.6291968	36.7042742	
90.08736	36.2130217	36.2679419	36.5882675	36.6606409	
90.0975	36.1713517	36.2243086	36.5465975	36.6170077	
90.10767	36.1287388	36.1806754	36.5039846	36.5733745	
90.11786	36.0851587	36.1457688	36.4604045	36.5297412	
90.12796	36.0411854	36.1108622	36.4164312	36.486108	
90.13811	35.9961775	36.067229	36.3714233	36.4424748	
90.14826	35.9502763	36.0235958	36.3255221	36.3988416	
90.15861	35.9026801	35.9886892	36.2779259	36.3552083	
90.16853	35.8561342	35.9450559	36.23138	36.3028484	
90.17872	35.8078058	35.9014227	36.1830516	36.2592152	
90.18885	35.7587472	35.8577895	36.133993	36.215582	
90.19901	35.7087461	35.8054296	36.0839919	36.1632221	
90.20928	35.6572788	35.7617964	36.0325246	36.1195889	
90.21948	35.6054242	35.7094365	35.98067	36.067229	
90.22947	35.553854	35.6570766	35.9290998	36.0148691	
90.23968	35.5002358	35.6047167	35.8754816	35.9625092	
90.24984	35.446088	35.5523569	35.8213338	35.9101494	
90.26013	35.3903893	35.4912703	35.7656351	35.8577895	
90.27013	35.3354605	35.4301838	35.7107063	35.796703	
90.28024	35.2791392	35.3778239	35.6543849	35.7443431	
90.29039	35.2217754	35.3254641	35.5970212	35.6832566	
90.30061	35.1631546	35.2556509	35.5384004	35.6308967	
90.31076	35.1040962	35.203291	35.479342	35.5698102	
90.32086	35.0445622	35.1422045	35.419808	35.5087236	
90.33112	34.9831819	35.081118	35.3584276	35.4476371	
90.3412	34.9220964	35.0113048	35.2973422	35.3865506	
90.35131	34.8600228	34.9502183	35.2352686	35.3167374	
90.36153	34.7963831	34.8891317	35.1716289	35.2556509	
90.37172	34.7321318	34.8280452	35.1073776	35.1858377	
90.38184	34.6675768	34.7669587	35.0428226	35.1160246	
90.39204	34.6015716	34.6971455	34.9768174	35.0462114	
90.40214	34.5354868	34.6273324	34.9107326	34.9763982	
90.41233	34.4678714	34.5575192	34.8431172	34.9153117	
90.4225	34.3996631	34.4964327	34.7749089	34.8454985	
90.43267	34.3303518	34.4266195	34.7055975	34.7669587	
90.44281	34.260837	34.3568063	34.6360828	34.6971455	
90.45294	34.1903907	34.2869932	34.5656365	34.6273324	
90.46309	34.119009	34.21718	34.4942548	34.5575192	
90.47328	34.0464635	34.1473668	34.4217093	34.4789794	
90.48351	33.9728013	34.0775536	34.3480471	34.4091662	
90.49358	33.8995302	34.0077405	34.274776	34.3306264	
90.50372	33.8249473	33.9292007	34.2001931	34.2608132	
90.51397	33.7486201	33.8593875	34.1238659	34.1822734	
90.52407	33.6726139	33.7808477	34.0478597	34.1037336	
90.53422	33.5954974	33.7023079	33.9707432	34.0339204	
90.5444	33.5171835	33.6324947	33.8924293	33.9553806	
90.55456	33.4383152	33.5452282	33.813561	33.8768408	
90.56479	33.3579764	33.4666884	33.7332222	33.798301	
90.57492	33.2776612	33.3794219	33.652907	33.7197611	
90.58502	33.1967856	33.3008821	33.5720314	33.649948	
90.59528	33.1137228	33.2136157	33.4889685	33.5626815	
90.60534	33.0315097	33.1263492	33.4067555	33.4841417	
90.61546	32.9479931	33.0478094	33.3232389	33.4056019	
90.62559	32.8634714	32.9605429	33.2387172	33.3183354	
90.63581	32.7774696	32.8732765	33.1527154	33.231069	
90.64593	32.6914517	32.78601	33.0666975	33.1525291	
90.65607	32.6044924	32.7074702	32.9797382	33.056536	
90.66626	32.5162369	32.6114771	32.8914827	32.9692696	
90.67638	32.4277712	32.5242106	32.8030169	32.8820031	
90.68654	32.338182	32.4282175	32.7134278	32.7947366	
90.69677	32.2469827	32.340951	32.6222285	32.7074702	
90.70687	32.1563288	32.2536846	32.5315746	32.6114771	
90.71696	32.0648054	32.1664181	32.4400512	32.515484	
90.72718	31.9712989	32.0791517	32.3465447	32.4194909	
90.73728	31.8780881	31.9744319	32.2533339	32.3234977	
90.74749	31.7830142	31.8871654	32.15826	32.2362313	
90.75758	31.6882384	31.7911723	32.0634842	32.1402382	
90.76773	31.5921297	31.6951792	31.9673755	32.0442451	
90.77797	31.4942879	31.5991861	31.8695337	31.948252	
90.78812	31.3964465	31.503193	31.7716923	31.8522588	
90.79821	31.2984394	31.4071999	31.6736852	31.7562657	
90.80834	31.1992017	31.3112068	31.5744475	31.6602726	
90.81854	31.0983732	31.206487	31.473619	31.5642795	
90.82875	30.996782	31.1017673	31.3720278	31.4682864	
90.83881	30.8957307	31.0057742	31.2709764	31.3635667	
90.84901	30.7924144	30.9010544	31.1676602	31.2675735	
90.86712	30.6059836	30.7963347	30.9812294	31.1628538	
90.8717	30.5587782	30.665435	30.934024	31.0406807	
90.88189	30.4529966	30.5607152	30.8282424	30.935961	
90.89203	30.3468722	30.4559954	30.722118	30.8312412	
90.90217	30.2398827	30.342549	30.6151285	30.7177948	
90.91232	30.1320487	30.2378293	30.5072945	30.6130751	
90.92248	30.023218	30.1243829	30.3984638	30.5083553	
90.93267	29.9132558	30.0196631	30.2885016	30.4036356	
90.94276	29.8035075	29.9062167	30.1787533	30.2901892	
90.95288	29.6927005	29.801497	30.0679463	30.1854694	
90.96305	29.5804389	29.6967772	29.9556847	30.072023	
90.97322	29.4673943	29.5833308	29.8426401	29.9585766	
90.98331	29.354394	29.4786111	29.7296398	29.8451302	
90.99356	29.2388118	29.3651647	29.6140576	29.7316838	
91.00367	29.1239628	29.2517183	29.4992086	29.6095108	
91.01381	29.0080417	29.1382719	29.3832875	29.4960644	
91.02399	28.890589	29.0248255	29.2658348	29.382618	
91.03418	28.7723872	28.9113791	29.147633	29.2604449	
91.04426	28.6546542	28.789206	29.0299	29.1382719	
91.05481	28.5304365	28.6757596	28.9056823	29.0160988	
91.0646	28.4141043	28.5535866	28.7893501	28.8939258	
91.07478	28.2930371	28.4314135	28.6682829	28.7717527	
91.08531	28.1664613	28.3092405	28.541707	28.6495797	
91.09506	28.0494973	28.1870674	28.424743	28.51868	
91.10526	27.9271573	28.0648944	28.302403	28.3965069	
91.11577	27.8009533	27.9339947	28.176199	28.2656072	
91.12567	27.6821893	27.8118216	28.057435	28.1347075	
91.13571	27.5617813	27.6809219	27.937027	28.0125345	
91.14617	27.4361893	27.5587489	27.811435	27.8903614	
91.156	27.31942	27.4278492	27.6946658	27.7507351	
91.16616	27.1994952	27.2969495	27.574741	27.6285621	
91.17675	27.0750264	27.1660498	27.4502722	27.4976624	
91.18648	26.9621415	27.0438768	27.3373873	27.3667627	
91.19667	26.8439312	26.9129771	27.219177	27.2445896	
91.20713	26.7243753	26.7820774	27.099621	27.1224166	
91.21689	26.6131585	26.6511777	26.9884043	27.0002435	
91.22707	26.4979635	26.5290046	26.8732093	26.8780705	
91.23755	26.3802727	26.4068316	26.7555185	26.7558974	
91.24737	26.270736	26.2846585	26.6459817	26.6337244	
91.25751	26.1585053	26.1624855	26.5337511	26.5115513	
91.26803	26.0429203	26.0403124	26.418166	26.3981049	
91.27786	25.935691	25.926866	26.3109368	26.2846585	
91.28796	25.8262632	25.8134196	26.201509	26.1624855	
91.29842	25.7138443	25.7086999	26.0890901	26.0577657	
91.30829	25.6085811	25.5952535	25.9838269	25.953046	
91.31838	25.5016948	25.4818071	25.8769406	25.8395996	
91.32887	25.3915288	25.3770873	25.7667746	25.7436065	
91.33872	25.2888108	25.2723676	25.6640566	25.6388867	
91.34889	25.183633	25.1676478	25.5588788	25.534167	
91.35946	25.0751816	25.0629281	25.4504274	25.4381738	
91.36923	24.975656	24.9582083	25.3509017	25.3421807	
91.37945	24.8724862	24.8622152	25.247732	25.237461	
91.38983	24.7683743	24.7662221	25.1436201	25.1501945	
91.39962	24.6711304	24.6789556	25.0463762	25.0542014	
91.40977	24.5709343	24.5829625	24.9461801	24.9582083	
91.42023	24.4687685	24.4869694	24.8440143	24.8622152	
91.43007	24.3733024	24.3997029	24.7485482	24.7749487	
91.44021	24.2757934	24.3124365	24.6510392	24.6789556	
91.45068	24.1759472	24.2164434	24.551193	24.5916892	
91.4605	24.0830582	24.1291769	24.458304	24.5044227	
91.47074	23.9870093	24.0331838	24.3622551	24.4084296	
91.48112	23.890574	23.9459173	24.2658198	24.3211631	
91.4914	23.7958844	23.8586509	24.1711302	24.22517	
91.50138	23.7047011	23.7713844	24.0799468	24.1466302	
91.51163	23.6118792	23.6753913	23.987125	24.0506371	
91.52172	23.5213787	23.5881248	23.8966245	23.9720973	
91.53189	23.4310367	23.5008584	23.8062825	23.8761042	
91.54355	23.3283938	23.4135919	23.7036396	23.7888377	
91.55216	23.2532693	23.3175988	23.6285151	23.7015712	
91.56234	23.1652013	23.2303323	23.540447	23.6143048	
91.57267	23.0766716	23.1343392	23.4519174	23.5183117	
91.58264	22.9921177	23.0383461	23.3673635	23.4223186	
91.59349	22.9008806	22.942353	23.2761264	23.3263255	
91.60368	22.8161166	22.8550866	23.1913624	23.239059	
91.61372	22.7334255	22.7678201	23.1086713	23.1430659	
91.62389	22.6503657	22.6805536	23.0256115	23.0557994	
91.63446	22.56496	22.5932872	22.9402058	22.968533	
91.64424	22.4867489	22.5060207	22.8619947	22.8725398	
91.65438	22.4064847	22.4187542	22.7817305	22.7852734	
91.67279	22.2636426	22.2704013	22.6388883	22.6281938	
91.67744	22.2278553	22.2354947	22.6031011	22.5845605	
91.68759	22.1501102	22.1569549	22.525356	22.5060207	
91.69807	22.0686213	22.078415	22.4438671	22.4274809	
91.70792	21.9968868	21.9998752	22.3721326	22.3402144	
91.71802	21.9220267	21.9300621	22.2972725	22.2704013	
91.72825	21.8469398	21.8602489	22.2221855	22.1918614	
91.73836	21.773594	21.7817091	22.1488397	22.1133216	
91.7485	21.7008506	21.7118959	22.0760964	22.0435085	
91.75864	21.628863	21.6420827	22.0041088	21.9736953	
91.76881	21.5573157	21.5722696	21.9325614	21.9038821	
91.77896	21.4871618	21.511183	21.8624076	21.8340689	
91.78913	21.417418	21.4500965	21.7926638	21.7729824	
91.79933	21.348311	21.3802833	21.7235568	21.7031692	
91.80939	21.2809519	21.3191968	21.6561977	21.6420827	
91.81997	21.2110153	21.2493836	21.5862611	21.5722696	
91.82987	21.1463388	21.1882971	21.5215846	21.5199097	
91.83987	21.081775	21.1184839	21.4570208	21.4500965	
91.85008	21.0166415	21.0661241	21.3918873	21.3977366	
91.86014	20.9533615	20.9963109	21.3286073	21.3279235	
91.87033	20.8900049	20.9352244	21.2652507	21.2755636	
91.88049	20.8276707	20.8741379	21.2029165	21.2144771	
91.89071	20.7657926	20.8043247	21.1410384	21.1533905	
91.9009	20.704888	20.7432382	21.0801338	21.092304	
91.91098	20.6454877	20.6821516	21.0207335	21.0312175	
91.92112	20.5865319	20.6210651	20.9617777	20.9788576	
91.93152	20.5268789	20.5599786	20.9021247	20.9090444	
91.94146	20.4706606	20.5076187	20.8459063	20.8566846	
91.95156	20.4143057	20.4465322	20.7895515	20.795598	
91.96171	20.3585477	20.3854457	20.7337934	20.7345115	
91.97188	20.3034641	20.3330858	20.6787099	20.6821516	
91.98206	20.2490763	20.2719993	20.6243221	20.6210651	
91.9922	20.1958156	20.2196394	20.5710614	20.5687052	
92.0024	20.1429639	20.1672795	20.5182097	20.5163454	
92.01253	20.0913312	20.1149196	20.466577	20.4552588	
92.02264	20.0405695	20.0625598	20.4158152	20.402899	
92.0329	19.9898844	20.0101999	20.3651302	20.3505391	
92.04302	19.9407194	19.95784	20.3159652	20.3069058	
92.05318	19.8921532	19.9142068	20.267399	20.254546	
92.06336	19.8442829	19.8618469	20.2195287	20.2109127	
92.07365	19.7967129	19.8182137	20.1719587	20.1585529	
92.08383	19.7504737	19.7745804	20.1257195	20.1149196	
92.09413	19.70453	19.7222205	20.0797758	20.0712864	
92.10414	19.6606576	19.6785873	20.0359034	20.0276532	
92.11429	19.6169953	19.6349541	19.9922411	19.9840199	
92.12457	19.5735052	19.6000475	19.948751	19.9403867	
92.13462	19.5318781	19.5476876	19.9071239	19.8967535	
92.14481	19.4904057	19.512781	19.8656515	19.8618469	
92.15496	19.4499262	19.4778745	19.825172	19.8269403	
92.1651	19.4102912	19.4342412	19.785537	19.7833071	
92.17523	19.3714897	19.3993346	19.7467355	19.7484005	
92.18541	19.3332716	19.3644281	19.7085174	19.7134939	
92.1956	19.2958276	19.3207948	19.6710734	19.6785873	
92.2057	19.259531	19.2858882	19.6347768	19.6436807	
92.21584	19.2238377	19.2509816	19.5990835	19.6087741	
92.22605	19.1887429	19.2160751	19.5639887	19.5738676	
92.23659	19.1533762	19.1724418	19.528622	19.538961	
92.24679	19.1199156	19.1462619	19.4951614	19.512781	
92.25691	19.0875612	19.1113553	19.462807	19.4778745	
92.26703	19.0559311	19.0764487	19.4311769	19.4429679	
92.27722	19.0248916	19.0502688	19.4001374	19.4080613	
92.28734	18.9948704	19.0153622	19.3701162	19.3731547	
92.29749	18.9655517	18.9891823	19.3407975	19.3469748	
92.30767	18.9369033	18.9630023	19.312149	19.3207948	
92.31779	18.9092376	18.9368224	19.2844834	19.2946149	
92.32796	18.8822292	18.9106424	19.257475	19.2684349	
92.33818	18.8558507	18.8844625	19.2310965	19.2335284	
92.34826	18.8306119	18.8670092	19.2058577	19.2073484	
92.35839	18.8060343	18.8408293	19.18128	19.1898951	
92.36856	18.7821404	18.8146493	19.1573862	19.1637152	
92.37871	18.7590568	18.797196	19.1343026	19.1375352	
92.38891	18.7366639	18.7710161	19.1119097	19.120082	
92.39904	18.715192	18.7535628	19.0904378	19.093902	
92.40921	18.6944011	18.7273829	19.0696469	19.0764487	
92.41945	18.6742437	18.7099296	19.0494895	19.0589954	
92.42951	18.6552077	18.6924763	19.0304535	19.0415421	
92.43962	18.6368198	18.675023	19.0120656	19.0240888	
92.44978	18.6191203	18.6662964	18.9943661	19.0066356	
92.45995	18.6021655	18.6488431	18.9774113	18.9891823	
92.47051	18.5853657	18.6401164	18.9606115	18.9804556	
92.48097	18.5695505	18.6226631	18.9447963	18.971729	
92.49106	18.5550286	18.6052098	18.9302744	18.9542757	
92.50137	18.5409489	18.5964832	18.9161947	18.945549	
92.51153	18.527811	18.5877565	18.9030568	18.9368224	
92.5217	18.5154087	18.5703032	18.8906545	18.9280957	
92.53186	18.5037383	18.5615766	18.8789841	18.9193691	
92.542	18.4928157	18.5528499	18.8680615	18.9193691	
92.55215	18.4826157	18.5441233	18.8578615	18.9106424	
92.56235	18.473073	18.5353967	18.8483188	18.9106424	
92.573	18.4639009	18.52667	18.8391467	18.9019158	
92.58265	18.4561947	18.5179434	18.8314405	18.9019158	
92.59352	18.4483301	18.5179434	18.8235759	18.8931892	
92.60333	18.4418365	18.5092167	18.8170823	18.8844625	
92.61308	18.4359832	18.5004901	18.8112289	18.8844625	
92.62322	18.4305583	18.5004901	18.8058041	18.8757359	
92.63369	18.425629	18.4917634	18.8008748	18.8670092	
92.64359	18.4215312	18.4830368	18.796777	18.8670092	
92.65369	18.4179346	18.4830368	18.7931804	18.8582826	
92.66425	18.4147896	18.4830368	18.7900354	18.8495559	
92.67408	18.4123302	18.4830368	18.7875759	18.8495559	
92.68419	18.4102861	18.4743101	18.7855318	18.8495559	
92.6946	18.404497	18.4743101	18.7797428	18.8495559	
92.7045	18.404497	18.4743101	18.7797428	18.8495559	
92.71465	18.404497	18.4743101	18.7797428	18.8408293	
92.74123	18.404497	18.4743101	18.7797428	18.8495559	
92.74617	18.404497	18.4743101	18.7797428	18.8495559	
92.75662	18.404497	18.4743101	18.7797428	18.8495559	
92.76645	18.404497	18.4743101	18.7797428	18.8495559	
92.77684	18.404497	18.4743101	18.7797428	18.8495559	
92.78727	18.404497	18.4743101	18.7797428	18.8495559	
92.79724	18.404497	18.4743101	18.7797428	18.8495559	
92.80743	18.404497	18.4743101	18.7797428	18.8495559	
92.81893	18.404497	18.4743101	18.7797428	18.8495559	
92.82798	18.404497	18.4743101	18.7797428	18.8495559	
92.8381	18.404497	18.4743101	18.7797428	18.8495559	
92.84831	18.404497	18.4743101	18.7797428	18.8495559	
92.8585	18.404497	18.4743101	18.7797428	18.8495559	
92.86861	18.404497	18.4743101	18.7797428	18.8495559	
92.87885	18.404497	18.4743101	18.7797428	18.8495559	
92.88912	18.404497	18.4743101	18.7797428	18.8495559	
92.90774	18.404497	18.4743101	18.7797428	18.8495559	
92.91259	18.404497	18.4743101	18.7797428	18.8495559	
92.92275	18.404497	18.4743101	18.7797428	18.8495559	
92.9331	18.404497	18.4743101	18.7797428	18.8495559	
92.94321	18.404497	18.4743101	18.7797428	18.8495559	
92.95343	18.404497	18.4743101	18.7797428	18.8495559	
92.96371	18.404497	18.4743101	18.7797428	18.8495559	
92.97389	18.404497	18.4743101	18.7797428	18.8495559	
92.98407	18.404497	18.4743101	18.7797428	18.8495559	
92.99432	18.404497	18.4743101	18.7797428	18.8495559	
93.00452	18.404497	18.4743101	18.7797428	18.8495559	
93.01474	18.404497	18.4743101	18.7797428	18.8495559	
93.02498	18.404497	18.4743101	18.7797428	18.8495559	
93.03514	18.404497	18.4743101	18.7797428	18.8495559	
93.04542	18.404497	18.4743101	18.7797428	18.8495559	
93.05564	18.404497	18.4743101	18.7797428	18.8495559	
93.06584	18.404497	18.4743101	18.7797428	18.8495559	
93.07607	18.404497	18.4743101	18.7797428	18.8495559	
93.08624	18.404497	18.4743101	18.7797428	18.8495559	
93.09646	18.404497	18.4743101	18.7797428	18.8495559	
93.10668	18.404497	18.4743101	18.7797428	18.8495559	
93.11691	18.404497	18.4743101	18.7797428	18.8495559	
93.12713	18.404497	18.4743101	18.7797428	18.8495559	
93.13731	18.404497	18.4743101	18.7797428	18.8495559	
93.1476	18.404497	18.4743101	18.7797428	18.8495559	
93.15773	18.404497	18.4743101	18.7797428	18.8495559	
93.16802	18.404497	18.4830368	18.7797428	18.8495559	
93.17838	18.404497	18.4830368	18.7797428	18.8495559	
93.18841	18.404497	18.4743101	18.7797428	18.8495559	
93.19866	18.404497	18.4743101	18.7797428	18.8495559	
93.20893	18.404497	18.4743101	18.7797428	18.8495559	
93.2191	18.404497	18.4830368	18.7797428	18.8495559	
93.23775	18.404497	18.4830368	18.7797428	18.8495559	
93.24299	18.404497	18.4743101	18.7797428	18.8495559	
93.25288	18.404497	18.4743101	18.7797428	18.8495559	
93.26319	18.404497	18.4743101	18.7797428	18.8495559	
93.2736	18.404497	18.4743101	18.7797428	18.8495559	
93.28356	18.404497	18.4743101	18.7797428	18.8495559	
93.2937	18.404497	18.4743101	18.7797428	18.8495559	
93.3042	18.404497	18.4743101	18.7797428	18.8495559	
93.31423	18.404497	18.4743101	18.7797428	18.8495559	
93.32445	18.404497	18.4743101	18.7797428	18.8495559	
93.33583	18.404497	18.4743101	18.7797428	18.8495559	
93.34479	18.404497	18.4743101	18.7797428	18.8495559	
93.35507	18.404497	18.4743101	18.7797428	18.8495559	
93.36536	18.404497	18.4743101	18.7797428	18.8495559	
93.3756	18.404497	18.4743101	18.7797428	18.8495559	
93.38581	18.404497	18.4743101	18.7797428	18.8495559	
93.40448	18.404497	18.4743101	18.7797428	18.8495559	
93.40943	18.404497	18.4655835	18.7797428	18.8495559	
93.41971	18.404497	18.4655835	18.7797428	18.8495559	
93.42982	18.404497	18.4655835	18.7797428	18.8495559	
93.44002	18.404497	18.4568568	18.7797428	18.8495559	
93.45028	18.404497	18.4568568	18.7797428	18.8495559	
93.46043	18.404497	18.4568568	18.7797428	18.8495559	
93.47067	18.404497	18.4568568	18.7797428	18.8495559	
93.48104	18.404497	18.4568568	18.7797428	18.8495559	
93.4912	18.404497	18.4568568	18.7797428	18.8495559	
93.50139	18.404497	18.4568568	18.7797428	18.8495559	
93.51163	18.404497	18.4568568	18.7797428	18.8495559	
93.5217	18.404497	18.4568568	18.7797428	18.8495559	
93.5319	18.404497	18.4568568	18.7797428	18.8495559	
93.54211	18.404497	18.4568568	18.7797428	18.8408293	
93.5523	18.404497	18.4568568	18.7797428	18.8408293	
93.56245	18.404497	18.4568568	18.7797428	18.8408293	
93.5726	18.404497	18.4568568	18.7797428	18.8408293	
93.58285	18.404497	18.4568568	18.7797428	18.8408293	
93.59378	18.404497	18.4568568	18.7797428	18.8408293	
93.60334	18.404497	18.4568568	18.7797428	18.8408293	
93.61356	18.404497	18.4568568	18.7797428	18.8408293	
93.62376	18.404497	18.4568568	18.7797428	18.8408293	
93.63397	18.404497	18.4568568	18.7797428	18.8408293	
93.64419	18.404497	18.4481302	18.7797428	18.8408293	
93.65436	18.404497	18.4481302	18.7797428	18.8408293	
93.66452	18.404497	18.4394035	18.7797428	18.8408293	
93.67476	18.404497	18.4306769	18.7797428	18.8321026	
93.68508	18.404497	18.4306769	18.7797428	18.8321026	
93.69521	18.404497	18.4219503	18.7797428	18.823376	
93.70543	18.404497	18.4132236	18.7797428	18.8146493	
93.71575	18.404497	18.404497	18.7797428	18.8059227	
93.72586	18.404497	18.3957703	18.7797428	18.797196	
