100.0899	18.414158	18.404497	18.7894038	18.7797428	
100.0947	18.4155394	18.404497	18.7907852	18.7797428	
100.1049	18.4195027	18.404497	18.7947485	18.7797428	
100.1151	18.4242906	18.4132236	18.7995364	18.7797428	
100.1253	18.4298829	18.4132236	18.8051287	18.7884694	
100.1355	18.4363526	18.4219503	18.8115984	18.7884694	
100.1457	18.4436618	18.4306769	18.8189076	18.797196	
100.1559	18.451758	18.4306769	18.8270038	18.797196	
100.1661	18.4606643	18.4394035	18.8359101	18.797196	
100.1763	18.4704949	18.4481302	18.8457407	18.8059227	
100.1866	18.4812297	18.4481302	18.8564755	18.8146493	
100.1969	18.4927462	18.4568568	18.867992	18.823376	
100.208	18.5062598	18.4655835	18.8815056	18.8321026	
100.2172	18.5180925	18.4655835	18.8933383	18.8408293	
100.2274	18.532054	18.4743101	18.9072998	18.8495559	
100.2377	18.5469542	18.4830368	18.9222	18.8495559	
100.2478	18.5624621	18.4830368	18.9377079	18.8582826	
100.2581	18.5789887	18.4917634	18.9542345	18.8582826	
100.2683	18.5963457	18.5004901	18.9715915	18.8670092	
100.2786	18.6145946	18.5092167	18.9898404	18.8757359	
100.2887	18.6334155	18.5179434	19.0086612	18.8844625	
100.2989	18.6531809	18.5353967	19.0284267	18.8931892	
100.309	18.6737084	18.5528499	19.0489542	18.9106424	
100.3192	18.695186	18.5703032	19.0704318	18.9193691	
100.3296	18.7178769	18.5877565	19.0931227	18.945549	
100.3396	18.7405285	18.6139365	19.1157743	18.971729	
100.3499	18.7645899	18.6401164	19.1398357	18.9891823	
100.3601	18.7893511	18.6662964	19.1645969	19.0240888	
100.3703	18.8150041	18.6924763	19.1902499	19.0589954	
100.3806	18.8416794	18.7273829	19.2169252	19.093902	
100.3907	18.8688596	18.7622895	19.2441054	19.1375352	
100.4092	18.9216268	18.8321026	19.2968726	19.2160751	
100.4145	18.9365523	18.8495559	19.3117981	19.2335284	
100.4243	18.965636	18.8931892	19.3408818	19.2858882	
100.4345	18.996284	18.9368224	19.3715297	19.3295215	
100.4449	19.0287356	18.971729	19.4039814	19.3731547	
100.4549	19.0604526	19.0153622	19.4356984	19.4080613	
100.4651	19.0939144	19.0589954	19.4691602	19.4516945	
100.4765	19.1323271	19.093902	19.5075729	19.4866011	
100.4855	19.1631016	19.1288086	19.5383474	19.5215077	
100.4957	19.199089	19.1724418	19.5743348	19.5651409	
100.5059	19.2357254	19.2073484	19.6109711	19.6000475	
100.5162	19.2734847	19.242255	19.6487305	19.6349541	
100.5263	19.3114544	19.2858882	19.6867002	19.6698607	
100.5365	19.3507515	19.3207948	19.7259973	19.7047673	
100.5468	19.3910762	19.3557014	19.766322	19.7396738	
100.5569	19.4315486	19.390608	19.8067944	19.7745804	
100.5674	19.474392	19.4255146	19.8496378	19.809487	
100.5773	19.5157447	19.4691478	19.8909905	19.8443936	
100.5875	19.5592266	19.5040544	19.9344724	19.8793002	
100.606	19.6410887	19.5738676	20.0163345	19.9491134	
100.611	19.6628603	19.5825942	20.0381061	19.9665666	
100.6211	19.7085999	19.6262274	20.0838457	20.0014732	
100.6313	19.7556508	19.6698607	20.1308966	20.0451065	
100.6415	19.8031451	19.7047673	20.1783909	20.0887397	
100.6517	19.8518686	19.7484005	20.2271144	20.1323729	
100.6619	19.9013599	19.7920337	20.2766057	20.1760062	
100.6721	19.9513684	19.8443936	20.3266142	20.228366	
100.6823	20.0025094	19.8880268	20.3777552	20.2807259	
100.6925	20.0547717	19.9403867	20.4300175	20.3243591	
100.7028	20.1075864	19.9927466	20.4828322	20.3854457	
100.7129	20.1607682	20.0538331	20.536014	20.4378055	
100.7231	20.215436	20.106193	20.5906817	20.4901654	
100.7333	20.2704346	20.1672795	20.6456804	20.5599786	
100.7435	20.3265058	20.228366	20.7017516	20.6210651	
100.7538	20.3839397	20.2981792	20.7591855	20.6821516	
100.764	20.4417297	20.3592657	20.8169755	20.7432382	
100.7742	20.5004415	20.4203522	20.8756873	20.8043247	
100.7844	20.5598527	20.4901654	20.9350985	20.8741379	
100.7946	20.6202653	20.5599786	20.995511	20.943951	
100.8049	20.6813987	20.6210651	21.0566445	21.0137642	
100.8151	20.7433414	20.6908783	21.1185872	21.0748507	
100.8253	20.8061989	20.7606915	21.1814447	21.1446639	
100.8355	20.86993	20.8305046	21.2451758	21.2144771	
100.8458	20.9348451	20.8915911	21.3100909	21.2755636	
100.8559	20.9997189	20.9614043	21.3749647	21.3453768	
100.8661	21.0659041	21.0312175	21.4411499	21.4151899	
100.8765	21.1335727	21.092304	21.5088185	21.4850031	
100.8865	21.2005433	21.1621172	21.575789	21.5460896	
100.8968	21.269491	21.2319304	21.6447368	21.6159028	
100.907	21.3387259	21.2930169	21.7139717	21.685716	
100.9171	21.4087961	21.36283	21.7840418	21.7555291	
100.9274	21.4801838	21.4326432	21.8554296	21.8253423	
100.9377	21.5527628	21.5024564	21.9280086	21.8864288	
100.9478	21.6251738	21.5722696	22.0004196	21.956242	
100.9581	21.6992386	21.6333561	22.0744844	22.0347818	
100.9683	21.7735087	21.7031692	22.1487545	22.104595	
100.9785	21.8490505	21.7729824	22.2242963	22.1744081	
100.9887	21.9252492	21.8427956	22.300495	22.252948	
100.9989	22.0017694	21.9126088	22.3770152	22.3227611	
101.0092	22.0800353	21.9911486	22.455281	22.3925743	
101.0196	22.1603659	22.0609617	22.5356117	22.4711141	
101.0296	22.2384414	22.1395016	22.6136872	22.5496539	
101.0401	22.3206136	22.2180414	22.6958594	22.6194671	
101.0501	22.4002185	22.2965812	22.7754643	22.6980069	
101.0604	22.4831286	22.375121	22.8583744	22.7765467	
101.0705	22.5652932	22.4623875	22.940539	22.8638132	
101.0807	22.6488106	22.5496539	23.0240564	22.942353	
101.0911	22.7346123	22.6369204	23.1098581	23.0296195	
101.1012	22.8194581	22.7241869	23.1947039	23.1081593	
101.1114	22.9054707	22.8114533	23.2807165	23.1954258	
101.1217	22.9931355	22.8987198	23.3683813	23.2826922	
101.1318	23.0802243	22.9859862	23.4554701	23.3699587	
101.1421	23.169269	23.0819794	23.5445148	23.4572251	
101.1523	23.2589945	23.1779725	23.6342403	23.5532183	
101.1625	23.3490285	23.2652389	23.7242743	23.6404847	
101.1728	23.4440301	23.361232	23.8192759	23.7364778	
101.183	23.5326618	23.4572251	23.9079076	23.8324709	
101.1931	23.6252639	23.5532183	24.0005097	23.928464	
101.2036	23.7213091	23.6492114	24.0965549	24.0157305	
101.2136	23.8137737	23.7539311	24.1890195	24.1204503	
101.2238	23.9090514	23.8499242	24.2842971	24.2164434	
101.2341	24.0062115	23.9459173	24.3814573	24.3211631	
101.2443	24.1033655	24.0506371	24.4786113	24.4171562	
101.2545	24.2005597	24.1466302	24.5758055	24.5131493	
101.2647	24.2989191	24.2426233	24.6741649	24.6091425	
101.2749	24.3992618	24.3386164	24.7745076	24.7138622	
101.2851	24.4991682	24.4433362	24.874414	24.818582	
101.2953	24.5998006	24.5393293	24.9750464	24.9145751	
101.3055	24.702229	24.644049	25.0774748	25.0192948	
101.3157	24.8051919	24.7487688	25.1804377	25.1240146	
101.3264	24.9137727	24.8447619	25.2890185	25.2287343	
101.3362	25.0140628	24.9494817	25.3893086	25.3247274	
101.3464	25.1194628	25.0542014	25.4947086	25.4294472	
101.3571	25.2301933	25.1501945	25.6054391	25.534167	
101.3669	25.3332884	25.2549143	25.7085342	25.6388867	
101.3771	25.4408537	25.359634	25.8160995	25.7436065	
101.3876	25.5529758	25.4643538	25.9282215	25.8483262	
101.3975	25.6594935	25.5690735	26.0347393	25.9617726	
101.4078	25.7702101	25.6737933	26.1454559	26.0664924	
101.4192	25.8944058	25.7872397	26.2696516	26.1712121	
101.4283	25.994115	25.8919595	26.3693608	26.2846585	
101.4384	26.1062304	26.0054059	26.4814762	26.3893783	
101.4486	26.2203507	26.1188523	26.5955965	26.494098	
101.4589	26.3349593	26.2322987	26.7102051	26.6075444	
101.469	26.4501285	26.3457451	26.8253743	26.7209908	
101.4792	26.5661976	26.4591915	26.9414433	26.8344372	
101.4896	26.6849294	26.5813645	27.0601752	26.9478837	
101.4998	26.8025117	26.6948109	27.1777575	27.0700567	
101.51	26.920994	26.816984	27.2962398	27.1922297	
101.5201	27.039727	26.939157	27.4149728	27.3144028	
101.5303	27.1601881	27.0613301	27.5354339	27.4365758	
101.541	27.2869085	27.1835031	27.6621543	27.5587489	
101.5508	27.4035337	27.3144028	27.7787795	27.6896486	
101.5611	27.5286393	27.4365758	27.9038851	27.8118216	
101.58	27.7548633	27.6721953	28.1301091	28.0561677	
101.5848	27.8129793	27.7332818	28.1882251	28.1172542	
101.595	27.9354513	27.8641815	28.3106971	28.2394273	
101.6058	28.0642593	27.9950812	28.4395051	28.3790536	
101.6155	28.1806713	28.1172542	28.5559171	28.5012267	
101.6257	28.3025262	28.2481539	28.677772	28.6321264	
101.6359	28.422063	28.370327	28.7973088	28.7630261	
101.6463	28.5444023	28.5012267	28.9196481	28.8939258	
101.6563	28.6610757	28.6233997	29.0363215	29.0248255	
101.6665	28.7788725	28.7455728	29.1541183	29.1469985	
101.6769	28.8973543	28.8677458	29.2726001	29.2691716	
101.687	29.0128263	28.9986455	29.3880721	29.3913446	
101.6973	29.1296429	29.1208186	29.5048887	29.5135177	
101.7074	29.2431475	29.2429916	29.6183933	29.6356907	
101.7177	29.3571434	29.356438	29.7323892	29.7578637	
101.728	29.471164	29.4786111	29.8464098	29.8713101	
101.7381	29.5826264	29.5920575	29.9578722	29.9847565	
101.7563	29.7789789	29.7055039	30.1542247	30.0894763	
101.7613	29.8333666	29.8451302	30.2086124	30.2378293	
101.7715	29.943103	29.9585766	30.3183487	30.342549	
101.7817	30.0514307	30.072023	30.4266765	30.4559954	
101.7922	30.1625063	30.1854694	30.5377521	30.5607152	
101.8025	30.2695476	30.2901892	30.6447934	30.665435	
101.8131	30.3796749	30.3949089	30.7549207	30.7701547	
101.8229	30.4809537	30.490902	30.8561995	30.8661478	
101.8331	30.5854355	30.5956218	30.9606813	30.9621409	
101.8436	30.6918099	30.6916149	31.0670557	31.058134	
101.8534	30.7910163	30.787608	31.1662621	31.1541271	
101.8637	30.8942342	30.8836011	31.26948	31.2501203	
101.8741	30.9973315	30.9795942	31.3725773	31.3461134	
101.8842	31.096165	31.0755873	31.4714108	31.4333798	
101.8944	31.1954698	31.1715804	31.5707155	31.5293729	
101.9058	31.3059078	31.2588469	31.6811536	31.625366	
101.9148	31.3918766	31.35484	31.7671224	31.7213592	
101.925	31.4892048	31.4508331	31.8644506	31.8173523	
101.9381	31.6119213	31.5380996	31.9871671	31.9046187	
101.9455	31.6808866	31.625366	32.0561324	32.0093385	
101.9557	31.7754574	31.7213592	32.1507032	32.1053316	
101.9658	31.8681531	31.8173523	32.2433989	32.2013247	
101.9758	31.9592261	31.9046187	32.3344718	32.2885912	
101.9859	32.0507913	32.0006118	32.4260371	32.3933109	
101.9961	32.141764	32.0966049	32.5170097	32.4805774	
102.0062	32.2313074	32.1838714	32.6065532	32.5765705	
102.0164	32.3207298	32.2885912	32.6959756	32.6725636	
102.0265	32.4094026	32.3758576	32.7846484	32.7598301	
102.0367	32.4973836	32.4631241	32.8726294	32.8470965	
102.0468	32.5834899	32.5591172	32.9587357	32.9430896	
102.057	32.6695208	32.6463837	33.0447666	33.0303561	
102.0672	32.7551992	32.7336501	33.130445	33.1263492	
102.0773	32.8389242	32.8209166	33.21417	33.2136157	
102.0958	32.9892176	32.908183	33.3644634	33.3008821	
102.1005	33.0271646	33.0216294	33.4024104	33.4056019	
102.1105	33.1081835	33.1088959	33.4834293	33.4928683	
102.1208	33.1897435	33.1961624	33.5649893	33.5801348	
102.1309	33.2699022	33.2747022	33.645148	33.6586746	
102.141	33.348662	33.3619687	33.7239078	33.7459411	
102.1512	33.4269537	33.4405085	33.8021995	33.8244809	
102.1613	33.5046539	33.5190483	33.8798997	33.9030207	
102.1715	33.5815104	33.5975881	33.9567562	33.9815605	
102.1818	33.6582308	33.6761279	34.0334766	34.0601004	
102.1918	33.7327619	33.7459411	34.1080077	34.1386402	
102.202	33.8069636	33.8157543	34.1822094	34.2084533	
102.2122	33.8808773	33.8855674	34.2561231	34.2782665	
102.2223	33.9532041	33.9553806	34.3284499	34.3480797	
102.2324	34.0250983	34.0164671	34.4003441	34.4178928	
102.2431	34.0994905	34.0862803	34.4747363	34.487706	
102.2531	34.1692778	34.1560935	34.5445236	34.5575192	
102.2633	34.2387501	34.21718	34.6139959	34.6273324	
102.2735	34.3076246	34.2782665	34.6828704	34.6884189	
102.2838	34.3766414	34.3480797	34.7518872	34.7582321	
102.2939	34.4428893	34.4004396	34.818135	34.8193186	
102.304	34.5087947	34.4702527	34.8840405	34.8804051	
102.3141	34.5738483	34.5313393	34.9490941	34.9414916	
102.3243	34.6390632	34.5924258	35.014309	35.0113048	
102.3344	34.7026839	34.6622389	35.0779297	35.0723913	
102.3446	34.7654216	34.7145988	35.1406673	35.1334778	
102.3547	34.8273876	34.784412	35.2026334	35.1858377	
102.3649	34.8892802	34.8454985	35.264526	35.2556509	
102.375	34.9494981	34.906585	35.3247439	35.3080108	
102.3852	35.0094946	34.9676716	35.3847404	35.3603706	
102.3954	35.0684219	35.0287581	35.4436676	35.4301838	
102.4055	35.1264758	35.0898446	35.5017216	35.4825437	
102.4157	35.1838364	35.1509311	35.5590822	35.5349036	
102.4259	35.2405428	35.2120177	35.6157886	35.5959901	
102.436	35.2961916	35.2731042	35.6714374	35.6570766	
102.4461	35.3508467	35.3341907	35.7260925	35.7094365	
102.4563	35.405408	35.3952772	35.7806538	35.7617964	
102.4664	35.4582945	35.4476371	35.8335402	35.8141563	
102.4766	35.5111573	35.499997	35.8864031	35.8665161	
102.4868	35.5630262	35.5610835	35.938272	35.918876	
102.497	35.6137535	35.6134434	35.9889993	35.9712359	
102.5071	35.6639862	35.6658033	36.039232	36.0235958	
102.5173	35.7132744	35.7181631	36.0885202	36.0846823	
102.5274	35.7613458	35.7617964	36.1365916	36.1283155	
102.5375	35.8091101	35.8141563	36.1843558	36.1806754	
102.5477	35.8561153	35.8665161	36.2313611	36.2330353	
102.558	35.9028015	35.9101494	36.2780473	36.2853951	
102.568	35.9473984	35.9537826	36.3226442	36.337755	
102.5785	35.9931795	35.9974158	36.3684253	36.3726616	
102.5884	36.0361106	36.0410491	36.4113564	36.4250215	
102.5985	36.0784343	36.0759556	36.4536801	36.4686547	
102.6094	36.1236421	36.1283155	36.4988879	36.512288	
102.6195	36.1646332	36.1632221	36.539879	36.5471945	
102.63	36.2063502	36.1981287	36.581596	36.5821011	
102.6398	36.2448386	36.2417619	36.6200844	36.6170077	
102.65	36.283531	36.2766685	36.6587768	36.6519143	
102.6601	36.3215217	36.3115751	36.6967675	36.6868209	
102.6702	36.3587312	36.3464817	36.733977	36.7217275	
102.6804	36.3953367	36.3813883	36.7705825	36.756634	
102.6906	36.4309052	36.4162948	36.806151	36.782814	
102.7086	36.4913492	36.4773814	36.866595	36.8439005	
102.7132	36.5066718	36.4948347	36.8819175	36.8526272	
102.7234	36.5398788	36.5210146	36.9151245	36.8875337	
102.7336	36.5723236	36.5559212	36.9475693	36.9137137	
102.7437	36.6037896	36.5821011	36.9790354	36.9486203	
102.7538	36.6345339	36.6170077	37.0097797	36.9835268	
102.7641	36.6645894	36.6519143	37.0398352	37.0097068	
102.7742	36.6936875	36.6780942	37.0689333	37.0446134	
102.7848	36.7234007	36.7130008	37.0986465	37.0707933	
102.7945	36.7497587	36.7391808	37.1250045	37.1056999	
102.8048	36.7768261	36.7653607	37.1520719	37.1406065	
102.8152	36.803474	36.7915406	37.1787198	37.1755131	
102.825	36.8279798	36.8264472	37.2032256	37.201693	
102.8351	36.8524442	36.8439005	37.22769	37.2278729	
102.8455	36.8766948	36.8700804	37.2519406	37.2540529	
102.8555	36.8992032	36.8962604	37.274449	37.2802328	
102.8656	36.9213239	36.9137137	37.2965697	37.3064128	
102.8759	36.9429976	36.931167	37.3182434	37.3325927	
102.886	36.9634864	36.9486203	37.3387322	37.350046	
102.8962	36.9834122	36.9660736	37.358658	37.3674993	
102.9063	37.0025417	36.9835268	37.3777875	37.3849526	
102.9165	37.0209318	37.0009801	37.3961776	37.4024059	
102.9266	37.0384393	37.0097068	37.4136851	37.4111325	
102.9368	37.0552645	37.0271601	37.4305103	37.4198592	
102.9469	37.0713301	37.0358867	37.4465759	37.4373125	
102.957	37.0865663	37.05334	37.4618121	37.4460391	
102.9672	37.101179	37.0707933	37.4764248	37.4547657	
102.9774	37.1150482	37.07952	37.4902939	37.4634924	
102.9876	37.1281696	37.0882466	37.5034153	37.472219	
102.9978	37.1406079	37.1056999	37.5158537	37.4809457	
103.0079	37.1522202	37.1144265	37.527466	37.4896723	
103.018	37.1630934	37.1318798	37.5383392	37.5071256	
103.0282	37.1733376	37.1406065	37.5485834	37.5245789	
103.0383	37.1828043	37.1580598	37.5580501	37.5420322	
103.0485	37.1915905	37.1755131	37.5668363	37.5594855	
103.0586	37.19969	37.1842397	37.5749357	37.5769388	
103.0688	37.2071143	37.1929664	37.5823601	37.5943921	
103.0789	37.2138353	37.2104197	37.5890811	37.6118454	
103.0891	37.2199312	37.2191463	37.595177	37.6292987	
103.0993	37.225411	37.2278729	37.6006568	37.646752	
103.1094	37.2301936	37.2453262	37.6054394	37.6554786	
103.1199	37.2345294	37.2540529	37.6097752	37.6642053	
103.1297	37.2380274	37.2627795	37.6132732	37.6816586	
103.1398	37.2410984	37.2715062	37.6163442	37.6903852	
103.1503	37.2437134	37.2715062	37.6189592	37.6991118	
103.1601	37.2457235	37.2715062	37.6209693	37.6991118	
103.1703	37.2516065	37.2627795	37.6268522	37.6991118	
103.1808	37.2516065	37.2627795	37.6268522	37.6991118	
103.1906	37.2516065	37.2627795	37.6268522	37.6991118	
103.2008	37.2516065	37.2540529	37.6268522	37.6991118	
103.2112	37.2516065	37.2540529	37.6268522	37.6991118	
103.221	37.2516065	37.2540529	37.6268522	37.6903852	
103.2312	37.2516065	37.2540529	37.6268522	37.6903852	
103.2415	37.2516065	37.2540529	37.6268522	37.6903852	
103.2515	37.2516065	37.2540529	37.6268522	37.6903852	
103.2617	37.2516065	37.2540529	37.6268522	37.6903852	
103.272	37.2516065	37.2540529	37.6268522	37.6903852	
103.282	37.2516065	37.2540529	37.6268522	37.6903852	
103.2922	37.2516065	37.2540529	37.6268522	37.6903852	
103.3024	37.2516065	37.2540529	37.6268522	37.6903852	
103.3125	37.2516065	37.2540529	37.6268522	37.6903852	
103.3227	37.2516065	37.2540529	37.6268522	37.6903852	
103.3329	37.2516065	37.2540529	37.6268522	37.6903852	
103.343	37.2516065	37.2540529	37.6268522	37.6903852	
103.3531	37.2516065	37.2540529	37.6268522	37.6903852	
103.3634	37.2516065	37.2540529	37.6268522	37.6903852	
103.3734	37.2516065	37.2540529	37.6268522	37.6816586	
103.3836	37.2516065	37.2540529	37.6268522	37.6816586	
103.3938	37.2516065	37.2540529	37.6268522	37.6729319	
103.4039	37.2516065	37.2540529	37.6268522	37.6642053	
103.4141	37.2516065	37.2540529	37.6268522	37.6642053	
103.4243	37.2516065	37.2540529	37.6268522	37.6642053	
103.4344	37.2516065	37.2540529	37.6268522	37.6642053	
103.4446	37.2516065	37.2540529	37.6268522	37.6642053	
103.4548	37.2516065	37.2540529	37.6268522	37.6642053	
103.4649	37.2516065	37.2540529	37.6268522	37.6642053	
103.4751	37.2516065	37.2540529	37.6268522	37.6642053	
103.4852	37.2516065	37.2540529	37.6268522	37.6642053	
103.4953	37.2516065	37.2540529	37.6268522	37.6642053	
103.5055	37.2516065	37.2540529	37.6268522	37.6642053	
103.5157	37.2516065	37.2540529	37.6268522	37.6642053	
103.5338	37.2516065	37.2540529	37.6268522	37.6642053	
103.5384	37.2516065	37.2540529	37.6268522	37.6642053	
103.5486	37.2516065	37.2540529	37.6268522	37.6642053	
103.5587	37.2516065	37.2540529	37.6268522	37.6642053	
103.5689	37.2516065	37.2540529	37.6268522	37.6642053	
103.5793	37.2516065	37.2540529	37.6268522	37.6642053	
103.5894	37.2516065	37.2540529	37.6268522	37.6642053	
103.5995	37.2516065	37.2540529	37.6268522	37.6642053	
103.6104	37.2516065	37.2540529	37.6268522	37.6642053	
103.6205	37.2516065	37.2540529	37.6268522	37.6642053	
103.6306	37.2516065	37.2540529	37.6268522	37.6642053	
103.6427	37.2516065	37.2540529	37.6268522	37.6642053	
103.651	37.2516065	37.2540529	37.6268522	37.6642053	
103.6611	37.2516065	37.2540529	37.6268522	37.6642053	
103.6713	37.2516065	37.2540529	37.6268522	37.6642053	
103.6814	37.2516065	37.2540529	37.6268522	37.6642053	
103.6916	37.2516065	37.2540529	37.6268522	37.6642053	
103.7108	37.2516065	37.2540529	37.6268522	37.6642053	
103.7154	37.2516065	37.2540529	37.6268522	37.6642053	
103.7256	37.2516065	37.2540529	37.6268522	37.6642053	
103.7357	37.2516065	37.2540529	37.6268522	37.6642053	
103.7459	37.2516065	37.2540529	37.6268522	37.6642053	
103.756	37.2516065	37.2540529	37.6268522	37.6642053	
103.7662	37.2516065	37.2540529	37.6268522	37.6642053	
103.7764	37.2516065	37.2540529	37.6268522	37.6642053	
103.7867	37.2516065	37.2540529	37.6268522	37.6642053	
103.7967	37.2516065	37.2540529	37.6268522	37.6642053	
103.8071	37.2516065	37.2540529	37.6268522	37.6642053	
103.817	37.2516065	37.2540529	37.6268522	37.6642053	
103.8272	37.2516065	37.2540529	37.6268522	37.6642053	
103.8373	37.2516065	37.2540529	37.6268522	37.6642053	
103.8475	37.2516065	37.2540529	37.6268522	37.6642053	
103.8576	37.2516065	37.2540529	37.6268522	37.6642053	
103.8677	37.2516065	37.2540529	37.6268522	37.6642053	
103.8861	37.2516065	37.2540529	37.6268522	37.6642053	
103.8991	37.2516065	37.2540529	37.6268522	37.6642053	
103.9037	37.2516065	37.2540529	37.6268522	37.6642053	
103.9139	37.2516065	37.2540529	37.6268522	37.6642053	
103.9241	37.2516065	37.2540529	37.6268522	37.6642053	
103.9341	37.2516065	37.2540529	37.6268522	37.6642053	
103.9444	37.2516065	37.2540529	37.6268522	37.6642053	
103.9545	37.2516065	37.2540529	37.6268522	37.6642053	
103.9714	37.2516065	37.2540529	37.6268522	37.6642053	
103.9814	37.2516065	37.2540529	37.6268522	37.6642053	
103.9915	37.2516065	37.2540529	37.6268522	37.6642053	
104.0031	37.2516065	37.2540529	37.6268522	37.6642053	
104.012	37.2516065	37.2540529	37.6268522	37.6642053	
104.0222	37.2516065	37.2540529	37.6268522	37.6642053	
104.0324	37.2516065	37.2540529	37.6268522	37.6642053	
104.0426	37.2516065	37.2540529	37.6268522	37.6642053	
104.0528	37.2516065	37.2540529	37.6268522	37.6642053	
104.063	37.2516065	37.2540529	37.6268522	37.6642053	
104.0732	37.2516065	37.2540529	37.6268522	37.6642053	
104.0834	37.2516065	37.2540529	37.6268522	37.6642053	
104.0958	37.2516065	37.2540529	37.6268522	37.6642053	
104.1039	37.2516065	37.2540529	37.6268522	37.6642053	
104.1141	37.2516065	37.2540529	37.6268522	37.6642053	
104.1256	37.2516065	37.2540529	37.6268522	37.6642053	
104.1363	37.2516065	37.2540529	37.6268522	37.6642053	
104.1473	37.2516065	37.2540529	37.6268522	37.6642053	
104.1575	37.2516065	37.2540529	37.6268522	37.6642053	
104.1675	37.2516065	37.2540529	37.6268522	37.6642053	
104.1776	37.2516065	37.2540529	37.6268522	37.6642053	
104.1879	37.2516065	37.2540529	37.6268522	37.6642053	
104.1981	37.2516065	37.2540529	37.6268522	37.6642053	
104.2081	37.2516065	37.2540529	37.6268522	37.6642053	
104.2183	37.2516065	37.2540529	37.6268522	37.6642053	
104.2364	37.2516065	37.2540529	37.6268522	37.6642053	
104.241	37.2516065	37.2540529	37.6268522	37.6642053	
104.2513	37.2516065	37.2540529	37.6268522	37.6642053	
104.2614	37.2516065	37.2540529	37.6268522	37.6642053	
104.2715	37.2516065	37.2540529	37.6268522	37.6642053	
104.2817	37.2516065	37.2540529	37.6268522	37.6642053	
104.2919	37.2516065	37.2540529	37.6268522	37.6642053	
104.3021	37.2516065	37.2540529	37.6268522	37.6642053	
104.3122	37.2516065	37.2540529	37.6268522	37.6642053	
104.3224	37.2516065	37.2540529	37.6268522	37.6642053	
104.3326	37.2516065	37.2540529	37.6268522	37.6642053	
104.3427	37.2516065	37.2540529	37.6268522	37.6642053	
104.3528	37.2516065	37.2540529	37.6268522	37.6642053	
104.363	37.2516065	37.2540529	37.6268522	37.6642053	
104.3732	37.2516065	37.2540529	37.6268522	37.6642053	
104.3833	37.2516065	37.2540529	37.6268522	37.6642053	
104.3935	37.2516065	37.2540529	37.6268522	37.6642053	
104.4037	37.2516065	37.2540529	37.6268522	37.6642053	
104.4138	37.2516065	37.2540529	37.6268522	37.6642053	
104.4239	37.2516065	37.2540529	37.6268522	37.6642053	
104.4341	37.2516065	37.2540529	37.6268522	37.6642053	
104.4443	37.2516065	37.2540529	37.6268522	37.6642053	
104.4544	37.2516065	37.2540529	37.6268522	37.6642053	
104.4646	37.2516065	37.2540529	37.6268522	37.6642053	
104.4748	37.2516065	37.2540529	37.6268522	37.6642053	
104.4849	37.2516065	37.2540529	37.6268522	37.6642053	
104.4951	37.2516065	37.2540529	37.6268522	37.6642053	
104.5052	37.2516065	37.2540529	37.6268522	37.6642053	
104.5154	37.2516065	37.2540529	37.6268522	37.6642053	
104.5255	37.2516065	37.2540529	37.6268522	37.6642053	
104.5357	37.2516065	37.2540529	37.6268522	37.6642053	
104.5458	37.2516065	37.2540529	37.6268522	37.6642053	
104.556	37.2516065	37.2540529	37.6268522	37.6642053	
104.5662	37.2516065	37.2540529	37.6268522	37.6642053	
104.5777	37.2516065	37.2540529	37.6268522	37.6642053	
104.5865	37.2516065	37.2540529	37.6268522	37.6642053	
104.5967	37.2516065	37.2540529	37.6268522	37.6642053	
104.6078	37.2516065	37.2540529	37.6268522	37.6642053	
104.6169	37.2516065	37.2540529	37.6268522	37.6642053	
104.6271	37.2516065	37.2540529	37.6268522	37.6642053	
104.6372	37.2516065	37.2540529	37.6268522	37.6642053	
104.6473	37.2516065	37.2540529	37.6268522	37.6642053	
104.6575	37.2516065	37.2540529	37.6268522	37.6642053	
104.6677	37.2516065	37.2540529	37.6268522	37.6642053	
104.6781	37.2516065	37.2540529	37.6268522	37.6642053	
104.688	37.2516065	37.2540529	37.6268522	37.6642053	
104.6981	37.2516065	37.2540529	37.6268522	37.6642053	
104.7083	37.2516065	37.2540529	37.6268522	37.6642053	
104.7184	37.2516065	37.2540529	37.6268522	37.6642053	
104.7286	37.2516065	37.2540529	37.6268522	37.6642053	
104.7387	37.2516065	37.2540529	37.6268522	37.6642053	
104.7489	37.2516065	37.2540529	37.6268522	37.6642053	
104.759	37.2516065	37.2540529	37.6268522	37.6642053	
104.7692	37.2516065	37.2540529	37.6268522	37.6642053	
104.7794	37.2516065	37.2540529	37.6268522	37.6642053	
104.7899	37.2516065	37.2540529	37.6268522	37.6642053	
104.7997	37.2516065	37.2540529	37.6268522	37.6642053	
104.8098	37.2516065	37.2540529	37.6268522	37.6642053	
104.8203	37.2516065	37.2540529	37.6268522	37.6642053	
104.8303	37.2516065	37.2540529	37.6268522	37.6642053	
104.8404	37.2516065	37.2540529	37.6268522	37.6642053	
104.8506	37.2516065	37.2540529	37.6268522	37.6642053	
104.8608	37.2516065	37.2540529	37.6268522	37.6642053	
104.8709	37.2516065	37.2540529	37.6268522	37.6642053	
104.881	37.2516065	37.2540529	37.6268522	37.6642053	
104.8912	37.2516065	37.2540529	37.6268522	37.6642053	
104.9014	37.2516065	37.2540529	37.6268522	37.6642053	
104.9115	37.2516065	37.2540529	37.6268522	37.6642053	
104.9217	37.2516065	37.2540529	37.6268522	37.6642053	
104.9318	37.2516065	37.2540529	37.6268522	37.6642053	
104.9421	37.2516065	37.2540529	37.6268522	37.6642053	
104.9521	37.2516065	37.2540529	37.6268522	37.6642053	
104.9623	37.2516065	37.2540529	37.6268522	37.6642053	
104.9725	37.2516065	37.2540529	37.6268522	37.6642053	
104.9826	37.2516065	37.2540529	37.6268522	37.6642053	
104.9928	37.2516065	37.2540529	37.6268522	37.6642053	
105.003	37.2516065	37.2540529	37.6268522	37.6642053	
105.0131	37.2516065	37.2540529	37.6268522	37.6642053	
105.0233	37.2516065	37.2540529	37.6268522	37.6642053	
105.0334	37.2516065	37.2540529	37.6268522	37.6642053	
105.0436	37.2516065	37.2540529	37.6268522	37.6642053	
105.0538	37.2516065	37.2540529	37.6268522	37.6642053	
105.0643	37.2516065	37.2540529	37.6268522	37.6642053	
105.0741	37.2516065	37.2540529	37.6268522	37.6642053	
105.0842	37.2516065	37.2540529	37.6268522	37.6642053	
105.0961	37.2516065	37.2540529	37.6268522	37.6642053	
105.1045	37.2516065	37.2540529	37.6268522	37.6642053	
105.1147	37.2516065	37.2540529	37.6268522	37.6642053	
105.1252	37.2516065	37.2540529	37.6268522	37.6642053	
105.135	37.2516065	37.2540529	37.6268522	37.6642053	
105.1452	37.2516065	37.2540529	37.6268522	37.6642053	
105.1556	37.2516065	37.2540529	37.6268522	37.6642053	
105.1655	37.2516065	37.2540529	37.6268522	37.6642053	
105.1756	37.2516065	37.2540529	37.6268522	37.6642053	
105.1861	37.2516065	37.2540529	37.6268522	37.6642053	
105.1959	37.2516065	37.2540529	37.6268522	37.6642053	
105.2083	37.2516065	37.2540529	37.6268522	37.6642053	
105.2164	37.2516065	37.2540529	37.6268522	37.6642053	
105.2263	37.2516065	37.2540529	37.6268522	37.6642053	
105.2365	37.2516065	37.2540529	37.6268522	37.6642053	
105.2468	37.2516065	37.2540529	37.6268522	37.6642053	
105.2568	37.2516065	37.2540529	37.6268522	37.6642053	
105.2669	37.2516065	37.2540529	37.6268522	37.6642053	
105.2772	37.2516065	37.2540529	37.6268522	37.6642053	
105.2874	37.2516065	37.2540529	37.6268522	37.6642053	
105.2974	37.2516065	37.2540529	37.6268522	37.6642053	
105.3077	37.2516065	37.2540529	37.6268522	37.6642053	
105.3177	37.2516065	37.2540529	37.6268522	37.6642053	
105.3279	37.2516065	37.2540529	37.6268522	37.6642053	
105.3382	37.2516065	37.2540529	37.6268522	37.6642053	
105.3482	37.2516065	37.2540529	37.6268522	37.6642053	
105.3583	37.2516065	37.2540529	37.6268522	37.6642053	
105.3686	37.2516065	37.2540529	37.6268522	37.6642053	
105.3786	37.2516065	37.2540529	37.6268522	37.6642053	
105.3888	37.2516065	37.2540529	37.6268522	37.6642053	
105.3991	37.2516065	37.2540529	37.6268522	37.6642053	
105.4111	37.2516065	37.2540529	37.6268522	37.6642053	
105.4193	37.2516065	37.2540529	37.6268522	37.6642053	
105.4295	37.2516065	37.2540529	37.6268522	37.6642053	
105.4396	37.2516065	37.2540529	37.6268522	37.6642053	
105.4497	37.2516065	37.2540529	37.6268522	37.6642053	
105.4599	37.2516065	37.2540529	37.6268522	37.6642053	
105.47	37.2516065	37.2540529	37.6268522	37.6642053	
105.4801	37.2516065	37.2540529	37.6268522	37.6642053	
105.4904	37.2516065	37.2540529	37.6268522	37.6642053	
105.5004	37.2516065	37.2540529	37.6268522	37.6642053	
105.5105	37.2516065	37.2540529	37.6268522	37.6642053	
105.5289	37.2516065	37.2540529	37.6268522	37.6642053	
105.5336	37.2516065	37.2540529	37.6268522	37.6642053	
105.5437	37.2516065	37.2540529	37.6268522	37.6642053	
105.5538	37.2516065	37.2540529	37.6268522	37.6642053	
105.564	37.2516065	37.2540529	37.6268522	37.6642053	
105.5742	37.2516065	37.2540529	37.6268522	37.6642053	
105.5844	37.2516065	37.2540529	37.6268522	37.6642053	
105.5945	37.2516065	37.2540529	37.6268522	37.6642053	
105.6048	37.2516065	37.2540529	37.6268522	37.6642053	
105.6149	37.2516065	37.2540529	37.6268522	37.6642053	
105.625	37.2516065	37.2540529	37.6268522	37.6642053	
105.6351	37.2516065	37.2540529	37.6268522	37.6642053	
105.6453	37.2516065	37.2540529	37.6268522	37.6642053	
105.6555	37.2516065	37.2540529	37.6268522	37.6642053	
105.6656	37.2516065	37.2540529	37.6268522	37.6642053	
105.6758	37.2516065	37.2540529	37.6268522	37.6642053	
105.6859	37.2516065	37.2540529	37.6268522	37.6642053	
105.6961	37.2516065	37.2540529	37.6268522	37.6642053	
105.7063	37.2516065	37.2540529	37.6268522	37.6642053	
105.7163	37.2516065	37.2540529	37.6268522	37.6642053	
105.7266	37.2516065	37.2540529	37.6268522	37.6642053	
105.7368	37.2516065	37.2540529	37.6268522	37.6642053	
105.7469	37.2516065	37.2540529	37.6268522	37.6642053	
105.7571	37.2516065	37.2540529	37.6268522	37.6642053	
105.7673	37.2516065	37.2540529	37.6268522	37.6642053	
105.7774	37.2516065	37.2540529	37.6268522	37.6642053	
105.7877	37.2516065	37.2540529	37.6268522	37.6642053	
105.7977	37.2516065	37.2540529	37.6268522	37.6642053	
105.8079	37.2516065	37.2540529	37.6268522	37.6642053	
105.818	37.2516065	37.2540529	37.6268522	37.6554786	
105.8282	37.2516065	37.2540529	37.6268522	37.6554786	
105.8383	37.2516065	37.2540529	37.6268522	37.646752	
105.8485	37.2516065	37.2540529	37.6268522	37.6380253	
105.8594	37.2501721	37.2540529	37.6254179	37.6292987	
105.8695	37.2480738	37.2540529	37.6233196	37.6292987	
105.8796	37.2451545	37.2540529	37.6204003	37.6292987	
105.8897	37.2414043	37.2540529	37.6166501	37.620572	
105.9014	37.2358832	37.2453262	37.611129	37.620572	
105.91	37.2313445	37.2453262	37.6065903	37.6118454	
105.9202	37.225108	37.2453262	37.6003537	37.6118454	
105.9304	37.217966	37.2453262	37.5932118	37.6118454	
105.9404	37.2102154	37.2365996	37.5854612	37.6118454	
105.9511	37.2009863	37.2278729	37.5762321	37.6118454	
105.9609	37.1918401	37.2191463	37.5670859	37.6118454	
105.9709	37.1816086	37.2104197	37.5568543	37.6118454	
105.9811	37.1703685	37.2104197	37.5456143	37.6118454	
105.9912	37.1583925	37.201693	37.5336383	37.6118454	
106.0014	37.1455628	37.1842397	37.5208086	37.6118454	
106.0116	37.1318354	37.1755131	37.5070812	37.6031187	
106.0217	37.1173824	37.1667864	37.4926282	37.5943921	
106.032	37.101932	37.1580598	37.4771778	37.5856654	
106.0421	37.0857285	37.1406065	37.4609742	37.5769388	
106.0522	37.0689165	37.1318798	37.4441623	37.5594855	
106.0624	37.0511385	37.1144265	37.4263843	37.5420322	
106.0725	37.0324621	37.1056999	37.4077079	37.5245789	
106.0827	37.0130615	37.0969733	37.3883073	37.4896723	
106.0929	36.9925956	37.0882466	37.3678413	37.472219	
106.103	36.9715839	37.0707933	37.3468297	37.4460391	
106.1217	36.929303	37.0620667	37.3045488	37.4198592	
106.1264	36.9188593	37.0358867	37.2941051	37.3849526	
106.1366	36.8949462	37.0184334	37.270192	37.350046	
106.1468	36.8702375	36.9922535	37.2454833	37.3151394	
106.1569	36.8447944	36.9660736	37.2200402	37.2889595	
106.1671	36.8184142	36.931167	37.19366	37.2540529	
106.1772	36.791419	36.8962604	37.1666648	37.2278729	
106.1874	36.7635057	36.8613538	37.1387515	37.1929664	
106.1976	36.7346038	36.8177206	37.1098495	37.1580598	
106.2076	36.7052672	36.782814	37.0805129	37.1231532	
106.2178	36.6748951	36.7391808	37.0501409	37.0882466	
106.228	36.6433645	36.7042742	37.0186103	37.0620667	
106.2382	36.6111253	36.6606409	36.9863711	37.0271601	
106.2483	36.5784394	36.6170077	36.9536852	36.9922535	
106.2585	36.5446738	36.5821011	36.9199196	36.9660736	
106.2687	36.509986	36.5471945	36.8852318	36.931167	
106.2787	36.4749317	36.512288	36.8501775	36.8962604	
106.2889	36.4385655	36.4686547	36.8138113	36.8613538	
106.2991	36.4016945	36.4337481	36.7769403	36.8351739	
106.3093	36.3636202	36.3988416	36.738866	36.8002673	
106.3194	36.3250962	36.3552083	36.700342	36.7653607	
106.3296	36.2855409	36.3203017	36.6607866	36.7304541	
106.3397	36.2454854	36.2853951	36.6207312	36.6955475	
106.3498	36.2043693	36.2504886	36.5796151	36.6606409	
106.36	36.162242	36.215582	36.5374878	36.6170077	
106.3701	36.1195177	36.1806754	36.4947635	36.5821011	
106.3803	36.0757899	36.1457688	36.4510357	36.5471945	
106.3904	36.0315569	36.1108622	36.4068027	36.5035613	
106.4006	35.9864058	36.067229	36.3616515	36.4599281	
106.4187	35.9025234	35.9974158	36.2777692	36.3726616	
106.4232	35.8814082	35.9799625	36.256654	36.3552083	
106.4335	35.8329883	35.9363293	36.2082341	36.3028484	
106.4436	35.7844558	35.8839694	36.1597016	36.2592152	
106.4539	35.7339644	35.8403362	36.1092102	36.1981287	
106.4641	35.6836312	35.7879763	36.058877	36.1544955	
106.4743	35.6322123	35.7356164	36.007458	36.0934089	
106.4844	35.58032	35.6832566	35.9555658	36.0410491	
106.4945	35.5273792	35.62217	35.9026249	35.9886892	
106.5047	35.4736986	35.5698102	35.8489444	35.9276027	
106.5148	35.4191999	35.5087236	35.7944457	35.8665161	
106.5251	35.3632365	35.4476371	35.7384823	35.8141563	
106.5351	35.3077147	35.3865506	35.6829605	35.7443431	
106.5453	35.2507567	35.3254641	35.6260025	35.6919832	
106.5557	35.1915726	35.2643775	35.5668184	35.62217	
106.5656	35.1341106	35.1945644	35.5093564	35.5610835	
106.5757	35.0746853	35.1334778	35.4499311	35.499997	
106.5863	35.0119679	35.0723913	35.3872137	35.4389105	
106.5961	34.9532218	35.0025781	35.3284676	35.3778239	
106.6149	34.8364028	34.8891317	35.2116486	35.2556509	
106.6195	34.8077206	34.8629518	35.1829664	35.2207443	
106.6296	34.7439849	34.8018653	35.1192307	35.1596578	
106.6397	34.679733	34.7320521	35.0549788	35.0985713	
106.6499	34.6137995	34.6709656	34.9890453	35.0287581	
106.6601	34.5473702	34.6098791	34.922616	34.9589449	
106.6703	34.4798782	34.5400659	34.855124	34.8891317	
106.6804	34.4123104	34.4789794	34.7875562	34.8280452	
106.6906	34.343238	34.4178928	34.7184838	34.7582321	
106.7087	34.2173237	34.2957198	34.5925695	34.636059	
106.7132	34.1858746	34.2695399	34.5611204	34.6011524	
106.7235	34.1138534	34.1997267	34.4890992	34.5313393	
106.7336	34.0418572	34.1386402	34.417103	34.4702527	
106.7438	33.9684866	34.0601004	34.3437324	34.4004396	
106.7539	33.8947378	33.9902872	34.2699836	34.3306264	
106.7641	33.8198169	33.9117474	34.1950627	34.2608132	
106.7743	33.7433795	33.8419342	34.1186253	34.1822734	
106.7844	33.6674077	33.7633944	34.0426535	34.1124602	
106.7946	33.5901728	33.6848546	33.9654186	34.0339204	
106.8048	33.5111369	33.6063147	33.8863827	33.9641072	
106.8149	33.4332223	33.5277749	33.808468	33.8855674	
106.825	33.3535945	33.4405085	33.7288402	33.8070276	
106.8353	33.2721934	33.3619687	33.6474392	33.7197611	
106.8454	33.1912608	33.2747022	33.5665066	33.6412213	
106.8555	33.1092003	33.1961624	33.4844461	33.5539549	
106.8657	33.0258948	33.1088959	33.4011406	33.4754151	
106.8759	32.9419101	33.0216294	33.3171559	33.3881486	
106.886	32.8573184	32.934363	33.2325642	33.3008821	
106.8962	32.7717414	32.8383699	33.1469872	33.2136157	
106.9063	32.6853558	32.7598301	33.0606016	33.1176226	
106.9164	32.5983708	32.663837	32.9736166	33.0303561	
106.9266	32.5101251	32.5765705	32.8853708	32.934363	
106.9369	32.4202425	32.489304	32.7954883	32.8470965	
106.9469	32.3322543	32.3933109	32.7075001	32.7598301	
106.9571	32.2411055	32.3060445	32.6163513	32.663837	
106.9672	32.1505593	32.218778	32.5258051	32.5678438	
106.9774	32.0578593	32.1315115	32.4331051	32.4805774	
106.9876	31.9646209	32.0355184	32.3398667	32.3845843	
106.9977	31.8713571	31.948252	32.2466029	32.2885912	
107.0079	31.7763524	31.8609855	32.1515982	32.2013247	
107.018	31.6810392	31.7649924	32.056285	32.1053316	
107.0282	31.5850086	31.6689993	31.9602544	32.0093385	
107.0383	31.4875178	31.5730062	31.8627636	31.9133454	
107.0485	31.389605	31.4770131	31.7648508	31.8173523	
107.0586	31.2912313	31.38102	31.6664771	31.7213592	
107.0688	31.1910955	31.2763002	31.5663413	31.625366	
107.079	31.0910958	31.1803071	31.4663416	31.5293729	
107.0891	30.9902369	31.084314	31.3654827	31.4333798	
107.0994	30.8861074	30.9795942	31.2613532	31.3373867	
107.1095	30.7846355	30.8748745	31.1598813	31.2413936	
107.1196	30.6810177	30.7701547	31.0562635	31.1366739	
107.1303	30.5703865	30.665435	30.9456323	31.0406807	
107.1403	30.4673605	30.5607152	30.8426063	30.9446876	
107.1503	30.3624987	30.4559954	30.7377445	30.8399679	
107.1607	30.2532079	30.3512757	30.6284536	30.7352481	
107.1706	30.147858	30.2465559	30.5231038	30.6305284	
107.1889	29.9502905	30.0458431	30.3255363	30.4385422	
107.1938	29.8969264	29.9934832	30.2721721	30.3861823	
107.2037	29.7902742	29.8800368	30.16552	30.2727359	
107.2138	29.679208	29.775317	30.0544538	30.1592895	
107.2243	29.5631877	29.653144	29.9384335	30.0458431	
107.2341	29.4535644	29.5396976	29.8288102	29.9323967	
107.2448	29.3343147	29.4262512	29.7095605	29.8102236	
107.2548	29.2206461	29.3128048	29.5958919	29.6967772	
107.265	29.1056725	29.1906317	29.4809183	29.5746042	
107.2751	28.9892793	29.0771853	29.3645251	29.4524311	
107.2853	28.8711973	28.9550123	29.2464431	29.3302581	
107.2954	28.7540027	28.8415659	29.1292485	29.208085	
107.3056	28.6354975	28.7281195	29.0107433	29.085912	
107.3158	28.5150762	28.6059464	28.890322	28.9637389	
107.3259	28.3951969	28.4837734	28.7704427	28.8415659	
107.3361	28.2740297	28.3616003	28.6492755	28.7193928	
107.3463	28.1508972	28.2394273	28.526143	28.5884931	
107.3563	28.0305252	28.1172542	28.405771	28.4663201	
107.3665	27.9084612	27.9950812	28.283707	28.3441471	
107.3767	27.7856892	27.8729082	28.160935	28.2132474	
107.3868	27.6648852	27.7507351	28.040131	28.0910743	
107.397	27.5423412	27.6285621	27.917587	27.9601746	
107.4075	27.4168572	27.506389	27.792103	27.8292749	
107.4172	27.3006905	27.384216	27.6759363	27.7071019	
107.4274	27.1803571	27.2620429	27.5556029	27.5762022	
107.4457	26.967644	27.0264235	27.3428898	27.358036	
107.4504	26.9139303	26.9653369	27.289176	27.2969495	
107.4605	26.7974125	26.8431639	27.1726583	27.1747765	
107.4707	26.6801226	26.7209908	27.0553684	27.0526034	
107.4808	26.5650312	26.5900912	26.940277	26.939157	
107.4909	26.4509023	26.4679181	26.8261481	26.816984	
107.5012	26.3358807	26.3457451	26.7111265	26.7035376	
107.5113	26.2234935	26.223572	26.5987393	26.5813645	
107.5214	26.1116029	26.1101256	26.4868487	26.4679181	
107.5316	25.9995325	25.9966792	26.3747783	26.3544717	
107.5418	25.8892424	25.8832328	26.2644882	26.2497519	
107.5519	25.7798243	25.7610598	26.1550701	26.1450322	
107.5621	25.6701636	25.65634	26.0454093	26.0403124	
107.5722	25.5622941	25.5516202	25.9375399	25.9355927	
107.5828	25.4476479	25.4469005	25.8228937	25.8308729	
107.5926	25.3478483	25.3421807	25.7230941	25.7261532	
107.6028	25.2416222	25.237461	25.616868	25.6214334	
107.6137	25.1292793	25.1327412	25.5045251	25.5167137	
107.6231	25.033161	25.0280215	25.4084067	25.4119939	
107.6332	24.9305716	24.9320284	25.3058174	25.3160008	
107.6434	24.8280084	24.8360353	25.2032542	25.2200077	
107.6536	24.7260138	24.7487688	25.1012596	25.1240146	
107.6637	24.6258575	24.644049	25.0011033	25.0280215	
107.6738	24.5259601	24.5567826	24.9012059	24.9233017	
107.684	24.4268268	24.4607895	24.8020726	24.8273086	
107.6942	24.3282964	24.3647964	24.7035422	24.7313155	
107.7045	24.2295224	24.2775299	24.6047682	24.644049	
107.7145	24.1346537	24.1902634	24.5098995	24.5393293	
107.7353	23.9409079	23.9982772	24.3161537	24.3560697	
107.7403	23.8946864	23.954644	24.2699322	24.3124365	
107.7501	23.8042498	23.8586509	24.1794956	24.22517	
107.7602	23.711317	23.7626578	24.0865628	24.1291769	
107.7707	23.6164244	23.6666647	23.9916702	24.0331838	
107.7805	23.52843	23.5793982	23.9036758	23.9459173	
107.7993	23.3623947	23.4048653	23.7376405	23.7801111	
107.804	23.3217549	23.361232	23.6970007	23.7364778	
107.8141	23.2330199	23.2652389	23.6082656	23.6492114	
107.8242	23.1456357	23.1779725	23.5208815	23.5532183	
107.8344	23.0587269	23.0819794	23.4339727	23.4659518	
107.8446	22.9724616	22.9947129	23.3477074	23.3786853	
107.8547	22.8873992	22.8987198	23.262645	23.2826922	
107.8649	22.8029958	22.8114533	23.1782416	23.1954258	
107.875	22.7192883	22.7241869	23.0945341	23.1081593	
107.8852	22.6360552	22.645647	23.011301	23.0208928	
107.8953	22.5546111	22.5583806	22.9298569	22.9336264	
107.9055	22.473352	22.4798408	22.8485978	22.8463599	
107.9157	22.3926943	22.4013009	22.7679401	22.7590934	
107.9258	22.3131072	22.3227611	22.688353	22.6805536	
107.936	22.2344531	22.2442213	22.6096989	22.6020138	
107.9461	22.1570077	22.1656815	22.5322535	22.5147474	
107.9563	22.0796151	22.0871417	22.4548609	22.4449342	
107.9664	22.0035412	22.0173285	22.378787	22.3663944	
107.9766	21.928075	21.9475153	22.3033208	22.2878545	
107.9868	21.8531583	21.8777022	22.2284041	22.2180414	
107.9969	21.7791213	21.807889	22.1543671	22.1395016	
108.007	21.7066264	21.7380758	22.0818722	22.0696884	
108.0172	21.6341463	21.6682627	22.0093921	21.9998752	
108.0274	21.562765	21.5984495	21.9380108	21.9300621	
108.0375	21.4925272	21.5286363	21.867773	21.8602489	
108.0477	21.4226924	21.4675498	21.7979382	21.7904357	
108.0578	21.3539416	21.3977366	21.7291874	21.7293492	
108.0679	21.2858104	21.3279235	21.6610562	21.659536	
108.0781	21.2183252	21.2581103	21.593571	21.5984495	
108.0882	21.1521152	21.1882971	21.527361	21.5286363	
108.0986	21.0849679	21.1184839	21.4602137	21.4675498	
108.1086	21.0213533	21.0573974	21.3965991	21.3977366	
108.1187	20.9577229	20.9875843	21.3329687	21.3366501	
108.1289	20.8943762	20.9264977	21.269622	21.2755636	
108.1392	20.830918	20.8566846	21.2061637	21.2144771	
108.1493	20.7696198	20.7868714	21.1448656	21.1533905	
108.1595	20.7087803	20.7257849	21.0840261	21.0835774	
108.1695	20.6493043	20.6646983	21.0245501	21.0312175	
108.1796	20.5903641	20.6036118	20.9656099	20.970131	
108.1901	20.530205	20.5425253	20.9054508	20.9090444	
108.1999	20.4745796	20.4901654	20.8498254	20.8566846	
108.2101	20.4179608	20.4290789	20.7932066	20.795598	
108.2203	20.3616861	20.3679924	20.7369319	20.7345115	
108.2305	20.3062161	20.3156325	20.6814619	20.6821516	
108.2406	20.2522988	20.2632726	20.6275446	20.6210651	
108.2588	20.1580734	20.1672795	20.5333192	20.525072	
108.2634	20.1344006	20.1410996	20.5096464	20.4988921	
108.2736	20.0825457	20.0974663	20.4577915	20.4465322	
108.284	20.0303953	20.0451065	20.4056411	20.3854457	
108.2939	19.9814072	19.9927466	20.356653	20.3418124	
108.304	19.9323587	19.9491134	20.3076045	20.2894526	
108.3144	19.88279	19.8967535	20.2580358	20.2458193	
108.3244	19.836109	19.8618469	20.2113547	20.1934594	
108.3345	19.7891767	19.809487	20.1644225	20.1498262	
108.3448	19.742868	19.7745804	20.1181138	20.106193	
108.3548	19.6980591	19.7309472	20.0733049	20.0625598	
108.365	19.6534228	19.687314	20.0286686	20.0189265	
108.3751	19.6100244	19.6349541	19.9852702	19.9840199	
108.3853	19.5671836	19.6000475	19.9424294	19.9403867	
108.3955	19.5251346	19.5564143	19.9003804	19.8967535	
108.4056	19.4839485	19.512781	19.8591943	19.8618469	
108.4158	19.4435323	19.4691478	19.8187781	19.8269403	
108.4259	19.4040499	19.4255146	19.7792957	19.7920337	
108.4362	19.3648962	19.390608	19.740142	19.7571271	
108.4542	19.2988994	19.3207948	19.6741452	19.687314	
108.4588	19.2821658	19.3033415	19.6574116	19.6698607	
108.4693	19.244913	19.2684349	19.6201587	19.6349541	
108.4791	19.2105755	19.2335284	19.5858213	19.6000475	
108.4893	19.1757956	19.1986218	19.5510414	19.5651409	
108.4997	19.1411306	19.1549885	19.5163764	19.5302343	
108.5096	19.1090588	19.1288086	19.4843046	19.4953277	
108.5197	19.076904	19.093902	19.4521498	19.4604212	
108.5301	19.0445867	19.0589954	19.4198325	19.4342412	
108.5401	19.0146052	19.0240888	19.3898509	19.3993346	
108.5501	18.9850221	18.9979089	19.3602679	19.3731547	
108.5606	18.9550811	18.971729	19.3303269	19.3382481	
108.5705	18.9275612	18.9368224	19.3028069	19.3120682	
108.5806	18.9000859	18.9106424	19.2753317	19.2858882	
108.5911	18.8725795	18.8844625	19.2478253	19.2597083	
108.6009	18.847416	18.8582826	19.2226618	19.2335284	
108.6111	18.822278	18.8321026	19.1975238	19.2073484	
108.6216	18.7970364	18.8146493	19.1722821	19.1811685	
108.6313	18.7743825	18.7884694	19.1496283	19.1637152	
108.6415	18.7515801	18.7710161	19.1268259	19.1288086	
108.652	18.7287305	18.7448362	19.1039763	19.1113553	
108.6618	18.7081406	18.7273829	19.0833864	19.093902	
108.672	18.6876313	18.7099296	19.0628771	19.0677221	
108.6825	18.6672878	18.7012029	19.0425336	19.0502688	
108.6923	18.6488853	18.6837496	19.0241311	19.0240888	
108.7026	18.6305848	18.6662964	19.0058306	19.0153622	
108.7129	18.6128376	18.6575697	18.9880833	18.9979089	
108.7229	18.5964641	18.6401164	18.9717099	18.9804556	
108.7331	18.5805117	18.6226631	18.9557574	18.971729	
108.7434	18.5650464	18.6139365	18.9402922	18.9542757	
108.7533	18.5509966	18.5964832	18.9262424	18.945549	
108.7636	18.5372114	18.5790299	18.9124572	18.9368224	
108.7739	18.5240652	18.5703032	18.899311	18.9280957	
108.7838	18.5121839	18.5528499	18.8874297	18.9193691	
108.7941	18.50052	18.5353967	18.8757658	18.9106424	
108.8044	18.4896983	18.52667	18.8649441	18.9019158	
108.8145	18.479756	18.5179434	18.8550018	18.9019158	
108.8246	18.4704525	18.5004901	18.8456983	18.8931892	
108.8349	18.461795	18.4917634	18.8370408	18.8844625	
108.845	18.453903	18.4830368	18.8291488	18.8757359	
108.8551	18.4467353	18.4743101	18.8219811	18.8670092	
108.8654	18.4401205	18.4655835	18.8153663	18.8670092	
108.8755	18.4342858	18.4655835	18.8095316	18.8495559	
108.8856	18.4290667	18.4655835	18.8043125	18.8495559	
108.8959	18.4243796	18.4655835	18.7996254	18.8408293	
108.9059	18.4204216	18.4568568	18.7956674	18.8321026	
108.916	18.4169736	18.4568568	18.7922194	18.8146493	
108.9264	18.4140344	18.4568568	18.7892802	18.8146493	
108.9363	18.4116873	18.4568568	18.7869331	18.8059227	
108.9465	18.4097655	18.4568568	18.7850113	18.797196	
108.9649	18.404497	18.4568568	18.7797428	18.7884694	
108.9696	18.404497	18.4568568	18.7797428	18.7797428	
108.9797	18.404497	18.4568568	18.7797428	18.7797428	
108.9899	18.404497	18.4568568	18.7797428	18.7797428	
109	18.404497	18.4568568	18.7797428	18.7797428	
109.0101	18.404497	18.4481302	18.7797428	18.7797428	
109.0203	18.404497	18.4481302	18.7797428	18.7797428	
109.0305	18.404497	18.4394035	18.7797428	18.7797428	
109.0407	18.404497	18.4306769	18.7797428	18.7797428	
109.0508	18.404497	18.4306769	18.7797428	18.7797428	
109.061	18.404497	18.4306769	18.7797428	18.7797428	
109.0711	18.404497	18.4219503	18.7797428	18.7797428	
