109.0928	18.4101367	18.4132236	18.7853825	18.7797428	
109.0984	18.411504	18.4132236	18.7867498	18.7797428	
109.1076	18.4145067	18.4132236	18.7897525	18.7797428	
109.1179	18.4188104	18.4132236	18.7940562	18.7797428	
109.1279	18.4237537	18.4132236	18.7989995	18.7797428	
109.1381	18.4296349	18.4132236	18.8048807	18.7797428	
109.1482	18.436268	18.4132236	18.8115137	18.7884694	
109.1584	18.4437768	18.4219503	18.8190226	18.7884694	
109.1686	18.4521922	18.4219503	18.8274379	18.797196	
109.1787	18.4612215	18.4306769	18.8364673	18.797196	
109.1888	18.4712095	18.4306769	18.8464553	18.8059227	
109.1989	18.4819368	18.4394035	18.8571826	18.8146493	
109.2091	18.4935549	18.4481302	18.8688007	18.823376	
109.2193	18.50608	18.4655835	18.8813258	18.8321026	
109.2294	18.5192439	18.4743101	18.8944897	18.8495559	
109.2402	18.5343716	18.4830368	18.9096174	18.8670092	
109.2497	18.5483069	18.5004901	18.9235527	18.8844625	
109.2599	18.5640631	18.5179434	18.9393089	18.9019158	
109.27	18.5807136	18.52667	18.9559594	18.9106424	
109.2801	18.5979928	18.5441233	18.9732386	18.9280957	
109.2988	18.6334064	18.5528499	19.0086521	18.9368224	
109.3034	18.6419996	18.5703032	19.0172454	18.9542757	
109.3136	18.662138	18.5877565	19.0373838	18.9630023	
109.3238	18.6831495	18.5964832	19.0583953	18.971729	
109.3339	18.7049079	18.6052098	19.0801537	18.9804556	
109.344	18.7274464	18.6226631	19.1026922	18.9891823	
109.3542	18.7508089	18.6401164	19.1260547	19.0153622	
109.3644	18.7751563	18.6662964	19.1504021	19.0328155	
109.3746	18.8003126	18.6924763	19.1755584	19.0589954	
109.385	18.8270463	18.7186562	19.2022921	19.0851754	
109.3949	18.8528744	18.7448362	19.2281202	19.120082	
109.4051	18.8806606	18.7797428	19.2559064	19.1549885	
109.4155	18.909762	18.8146493	19.2850078	19.1986218	
109.4253	18.9378889	18.8495559	19.3131347	19.2335284	
109.4355	18.9681229	18.8931892	19.3433687	19.2684349	
109.4459	18.9996079	18.9368224	19.3748537	19.3120682	
109.4558	19.0304699	18.971729	19.4057157	19.3557014	
109.4659	19.0628095	19.0066356	19.4380553	19.390608	
109.4763	19.0969269	19.0502688	19.4721727	19.4255146	
109.4863	19.1304058	19.0851754	19.5056516	19.4691478	
109.4964	19.1654089	19.120082	19.5406547	19.5040544	
109.5068	19.2018736	19.1549885	19.5771194	19.538961	
109.5168	19.2379145	19.1898951	19.6131603	19.5738676	
109.5269	19.2751508	19.2248017	19.6503966	19.6175008	
109.5371	19.3139504	19.2684349	19.6891962	19.6524074	
109.5472	19.3524734	19.3033415	19.7277192	19.687314	
109.5573	19.392195	19.3382481	19.7674407	19.7222205	
109.5676	19.4335566	19.3818813	19.8088024	19.7658538	
109.5776	19.4745076	19.4255146	19.8497534	19.809487	
109.589	19.522422	19.4604212	19.8976678	19.8443936	
109.598	19.5606969	19.5040544	19.9359427	19.8880268	
109.6081	19.6043442	19.5476876	19.97959	19.9316601	
109.6189	19.6521756	19.5913209	20.0274214	19.9840199	
109.6295	19.7002269	19.6349541	20.0754727	20.0276532	
109.6392	19.7446302	19.6785873	20.119876	20.0712864	
109.6494	19.7919269	19.7222205	20.1671726	20.106193	
109.6595	19.8402206	19.7658538	20.2154664	20.1585529	
109.6696	19.8889409	19.809487	20.2641867	20.2021861	
109.6798	19.9386719	19.8618469	20.3139177	20.2458193	
109.7004	20.0457024	19.9054801	20.4209482	20.2894526	
109.7077	20.0817123	19.9927466	20.4569581	20.376719	
109.7178	20.1341544	20.0451065	20.5094002	20.4290789	
109.728	20.1883484	20.106193	20.5635942	20.4901654	
109.7381	20.2427367	20.1585529	20.6179825	20.5425253	
109.7483	20.2982115	20.2196394	20.6734573	20.6036118	
109.7585	20.3548807	20.2807259	20.7301265	20.6646983	
109.7686	20.4114625	20.3418124	20.7867083	20.7257849	
109.779	20.4711098	20.402899	20.8463556	20.7868714	
109.7889	20.5284414	20.4639855	20.9036872	20.8566846	
109.7991	20.5878578	20.525072	20.9631036	20.9177711	
109.8094	20.6493215	20.5948852	21.0245672	20.9788576	
109.8194	20.7096344	20.6559717	21.0848802	21.0486708	
109.8297	20.7722748	20.7257849	21.1475206	21.1097573	
109.8398	20.8349293	20.7868714	21.2101751	21.1795705	
109.8498	20.8979815	20.8479579	21.2732273	21.240657	
109.8599	20.9621081	20.9177711	21.3373539	21.3104702	
109.8702	21.0279155	20.9788576	21.4031613	21.3715567	
109.8803	21.0937901	21.0486708	21.4690359	21.4326432	
109.8905	21.160859	21.1184839	21.5361048	21.5024564	
109.9091	21.2870759	21.240657	21.6623217	21.6246294	
109.9136	21.3179557	21.2755636	21.6932015	21.659536	
109.9238	21.3876965	21.3366501	21.7629423	21.7293492	
109.934	21.458624	21.4064633	21.8338698	21.7991624	
109.9441	21.5293499	21.4762764	21.9045956	21.8689755	
109.9542	21.6014721	21.537363	21.9767179	21.9387887	
109.9644	21.674667	21.6071761	22.0499128	22.0086019	
109.9746	21.7488691	21.6769893	22.1241149	22.078415	
109.9847	21.8231501	21.7468025	22.1983959	22.1482282	
109.9949	21.8989884	21.8253423	22.2742342	22.226768	
110.0051	21.9755912	21.9038821	22.350837	22.2965812	
110.0152	22.0520921	21.9736953	22.4273379	22.3663944	
110.0254	22.1303718	22.0522351	22.5056176	22.4449342	
110.0356	22.2093102	22.1307749	22.584556	22.5147474	
110.0457	22.2882655	22.2005881	22.6635113	22.5932872	
110.0642	22.4365903	22.3402144	22.8118361	22.7416402	
110.0688	22.4735658	22.375121	22.8488116	22.7765467	
110.0789	22.5554515	22.4623875	22.9306973	22.8638132	
110.0891	22.6388436	22.5409273	23.0140894	22.942353	
110.1079	22.7966175	22.6281938	23.1718633	23.0208928	
110.1125	22.8346062	22.7416402	23.209852	23.1343392	
110.1226	22.920539	22.8289066	23.2957848	23.2128791	
110.1328	23.0069697	22.9161731	23.3822154	23.3088722	
110.1434	23.0985221	23.0121662	23.4737679	23.4048653	
110.1532	23.1839268	23.1081593	23.5591726	23.4921317	
110.1634	23.2731636	23.2041524	23.6484094	23.5881248	
110.1738	23.3651677	23.3001455	23.7404135	23.6753913	
110.1837	23.4538732	23.3961386	23.829119	23.7713844	
110.1938	23.5455328	23.4921317	23.9207786	23.8673775	
110.2041	23.6392452	23.5881248	24.014491	23.9633706	
110.216	23.7488833	23.7015712	24.1241291	24.0680904	
110.2261	23.842477	23.7975644	24.2177228	24.1640835	
110.2363	23.9376714	23.8935575	24.3129172	24.2600766	
110.2465	24.0338556	23.9895506	24.4091014	24.3560697	
110.2566	24.1301751	24.0855437	24.5054209	24.4433362	
110.2668	24.2280812	24.1815368	24.603327	24.5393293	
110.277	24.3265732	24.2775299	24.7018189	24.644049	
110.287	24.4250415	24.3822497	24.8002873	24.7313155	
110.2972	24.5255592	24.4782428	24.900805	24.8360353	
110.3073	24.6258244	24.5742359	25.0010702	24.9320284	
110.3175	24.7277463	24.670229	25.102992	25.0280215	
110.3277	24.8301703	24.7749487	25.2054161	25.1327412	
110.3378	24.9329137	24.8709418	25.3081594	25.237461	
110.3479	25.0373654	24.9669349	25.4126111	25.3421807	
110.3584	25.1454299	25.0716547	25.5206757	25.4381738	
110.3682	25.2474321	25.1676478	25.6226779	25.5428936	
110.3783	25.353864	25.2723676	25.7291098	25.6476134	
110.3967	25.5502732	25.3770873	25.925519	25.7523331	
110.4013	25.5992132	25.507987	25.974459	25.8919595	
110.4114	25.7082008	25.6127068	26.0834466	26.0054059	
110.4217	25.8200817	25.7261532	26.1953275	26.1101256	
110.4318	25.929753	25.8308729	26.3049988	26.223572	
110.4419	26.0414211	25.9443193	26.4166669	26.3370184	
110.4521	26.1546412	26.0577657	26.529887	26.4591915	
110.4622	26.2674532	26.1712121	26.642699	26.5639112	
110.4724	26.381957	26.2846585	26.7572028	26.6860843	
110.4826	26.4977131	26.3981049	26.8729589	26.7995307	
110.4927	26.6131272	26.520278	26.988373	26.9129771	
110.5029	26.7296962	26.6337244	27.104942	27.0351501	
110.5131	26.8475324	26.7558974	27.2227782	27.1485965	
110.5233	26.9670104	26.8780705	27.3422562	27.2707696	
110.5334	27.085917	27.0002435	27.4611627	27.384216	
110.5436	27.2057279	27.1224166	27.5809737	27.506389	
110.5537	27.3258798	27.2533163	27.7011256	27.6285621	
110.5639	27.4482028	27.3754893	27.8234486	27.7507351	
110.574	27.5701588	27.506389	27.9454046	27.8729082	
110.5842	27.6914668	27.6285621	28.0667126	28.0038078	
110.5948	27.8195908	27.7594618	28.1948366	28.1347075	
110.6047	27.9384388	27.8903614	28.3136846	28.2568806	
110.6156	28.0683868	28.0125345	28.4436326	28.3790536	
110.625	28.1816548	28.1347075	28.5569006	28.5099533	
110.6352	28.3026396	28.2568806	28.6778854	28.640853	
110.6453	28.4221822	28.3790536	28.797428	28.7630261	
110.6555	28.5413043	28.5099533	28.9165501	28.8939258	
110.6656	28.6595487	28.6321264	29.0347944	29.0248255	
110.6759	28.7780486	28.7542994	29.1532944	29.1469985	
110.686	28.8937045	28.8677458	29.2689503	29.2691716	
110.6962	29.0102007	28.9899189	29.3854465	29.3913446	
110.7063	29.1248716	29.1120919	29.5001174	29.5135177	
110.7164	29.2382832	29.2255383	29.613529	29.6356907	
110.7267	29.3533245	29.3389847	29.7285703	29.7404105	
110.7369	29.4652334	29.4524311	29.8404792	29.8625835	
110.747	29.5765933	29.5658775	29.951839	29.9673033	
110.7572	29.6881752	29.6793239	30.063421	30.0807497	
110.7673	29.7969359	29.7927703	30.1721817	30.1941961	
110.7774	29.9064602	29.8974901	30.281706	30.2989158	
110.7876	30.0153305	30.0109365	30.3905763	30.4036356	
110.7978	30.122308	30.1156562	30.4975538	30.5083553	
110.8079	30.2292663	30.220376	30.6045121	30.6130751	
110.8181	30.3354245	30.3250958	30.7106703	30.7177948	
110.8283	30.4404447	30.4298155	30.8156905	30.8137879	
110.8384	30.5446591	30.5258086	30.9199049	30.9097811	
110.8486	30.6483293	30.6305284	31.0235751	31.0057742	
110.8587	30.7504004	30.7352481	31.1256462	31.1017673	
110.8688	30.8522881	30.8312412	31.2275339	31.1977604	
110.879	30.9534466	30.9272343	31.3286923	31.2937535	
110.8892	31.0537666	31.0319541	31.4290124	31.3897466	
110.8993	31.1530846	31.1279472	31.5283304	31.4857397	
110.9095	31.2518939	31.2239403	31.6271397	31.5904595	
110.9196	31.3490845	31.3199334	31.7243303	31.6864526	
110.9297	31.445638	31.4159265	31.8208838	31.7824457	
110.9399	31.54198	31.5119196	31.9172258	31.8784388	
110.9501	31.63728	31.5991861	32.0125258	31.9744319	
110.9602	31.7313326	31.6951792	32.1065784	32.070425	
110.9704	31.8253783	31.7911723	32.2006241	32.1576915	
110.9805	31.917826	31.8871654	32.2930718	32.2536846	
110.9991	32.0846893	32.0442451	32.4599351	32.4282175	
111.0037	32.126049	32.0878783	32.5012948	32.4631241	
111.0138	32.2160697	32.1838714	32.5913155	32.5678438	
111.024	32.3055041	32.2711379	32.6807499	32.6551103	
111.0341	32.3938905	32.3584043	32.7691363	32.7423768	
111.0444	32.4823598	32.4543974	32.8576056	32.8383699	
111.0546	32.5700347	32.5416639	32.9452805	32.9256363	
111.0647	32.6555606	32.6289304	33.0308064	33.0216294	
111.0749	32.7406972	32.7161968	33.115943	33.1088959	
111.0851	32.8256539	32.8034633	33.2008997	33.1961624	
111.0956	32.9127399	32.8907298	33.2879856	33.2834288	
111.1053	32.9918492	32.9779962	33.367095	33.3619687	
111.1155	33.0736968	33.056536	33.4489426	33.4405085	
111.1256	33.1546403	33.1438025	33.5298861	33.5277749	
111.1357	33.234784	33.231069	33.6100298	33.6063147	
111.146	33.3149846	33.3096088	33.6902304	33.6848546	
111.1561	33.3937031	33.3881486	33.7689489	33.772121	
111.1663	33.4715877	33.4666884	33.8468335	33.8506608	
111.1767	33.5512772	33.5452282	33.926523	33.9292007	
111.1865	33.6247676	33.6150414	34.0000133	33.9990138	
111.1968	33.7008735	33.6935812	34.0761193	34.0775536	
111.2071	33.7767628	33.772121	34.1520086	34.1560935	
111.217	33.8487224	33.8419342	34.2239682	34.2259066	
111.2271	33.9220373	33.9117474	34.2972831	34.3044464	
111.2376	33.9966203	33.9815605	34.3718661	34.3742596	
111.2474	34.0656778	34.0513737	34.4409236	34.4527994	
111.2576	34.136442	34.1211869	34.5116878	34.513886	
111.2681	34.2082846	34.191	34.5835304	34.5924258	
111.2779	34.2753435	34.2520866	34.6505892	34.6535123	
111.288	34.3431307	34.3218997	34.7183764	34.7233255	
111.2989	34.4150682	34.3829863	34.790314	34.7931386	
111.3083	34.4770859	34.4527994	34.8523317	34.8542252	
111.3185	34.5430836	34.513886	34.9183294	34.9240383	
111.329	34.6100751	34.5749725	34.9853209	34.9851249	
111.3387	34.6718605	34.636059	35.0471063	35.0462114	
111.3489	34.7352069	34.6971455	35.1104527	35.1160246	
111.3594	34.7997629	34.7669587	35.1750086	35.1771111	
111.3693	34.8600489	34.8280452	35.2352947	35.2381976	
111.3794	34.9207545	34.8891317	35.2960003	35.2992841	
111.3899	34.9828749	34.9502183	35.3581207	35.3603706	
111.3997	35.0399904	35.0113048	35.4152362	35.4127305	
111.4098	35.0983419	35.0636647	35.4735877	35.4650904	
111.4203	35.1581503	35.1247512	35.5333961	35.5261769	
111.4301	35.2129847	35.1858377	35.5882305	35.5785368	
111.4402	35.2690308	35.2469242	35.6442766	35.6308967	
111.4507	35.3260041	35.3080108	35.7012499	35.6832566	
111.4605	35.3787115	35.3603706	35.7539573	35.7356164	
111.4787	35.4732854	35.4650904	35.8485312	35.8316095	
111.4916	35.5389645	35.5261769	35.9142103	35.8926961	
111.4962	35.5625044	35.5523569	35.9377502	35.918876	
111.5063	35.6133237	35.6047167	35.9885695	35.9712359	
111.5165	35.6636314	35.6570766	36.0388772	36.0235958	
111.5267	35.7133093	35.7094365	36.0885551	36.0759556	
111.5368	35.7612131	35.7617964	36.1364588	36.1283155	
111.547	35.8090624	35.8054296	36.1843082	36.1806754	
111.5571	35.8557902	35.8490628	36.2310359	36.2243086	
111.5672	35.9017624	35.8926961	36.2770081	36.2766685	
111.5774	35.9472638	35.9363293	36.3225096	36.3203017	
111.5876	35.9916296	35.9799625	36.3668754	36.3726616	
111.5977	36.03528	36.0235958	36.4105258	36.4075682	
111.6079	36.0784654	36.067229	36.4537112	36.4599281	
111.6187	36.1230108	36.1021356	36.4982566	36.4948347	
111.6281	36.1614067	36.1457688	36.5366525	36.5384679	
111.6383	36.2019104	36.1806754	36.5771562	36.5821011	
111.6484	36.241409	36.215582	36.6166548	36.6170077	
111.6586	36.2804916	36.2592152	36.6557374	36.6519143	
111.6688	36.3185719	36.2941218	36.6938177	36.6868209	
111.6789	36.3559374	36.3290284	36.7311832	36.7217275	
111.689	36.3923123	36.3552083	36.7675581	36.7479074	
111.7084	36.4584853	36.3901149	36.8337311	36.782814	
111.713	36.4741402	36.4337481	36.849386	36.8264472	
111.7232	36.508203	36.4599281	36.8834487	36.8526272	
111.7334	36.5414014	36.4948347	36.9166472	36.8788071	
111.7435	36.5734779	36.5297412	36.9487237	36.9137137	
111.754	36.6059737	36.5646478	36.9812195	36.9398936	
111.7639	36.635891	36.5995544	37.0111368	36.9748002	
111.774	36.6657126	36.634461	37.0409584	37.0009801	
111.7844	36.6956663	36.6693676	37.070912	37.0358867	
111.7943	36.7232426	36.7042742	37.0984884	37.0707933	
111.8045	36.7508431	36.7391808	37.1260889	37.1056999	
111.8226	36.7970712	36.7915406	37.172317	37.1580598	
111.8272	36.8088299	36.8089939	37.1840757	37.1667864	
111.8374	36.833948	36.8439005	37.2091938	37.201693	
111.8483	36.8600244	36.8700804	37.2352702	37.2278729	
111.8577	36.8816607	36.8962604	37.2569065	37.2540529	
111.868	36.9046697	36.9137137	37.2799155	37.2802328	
111.8863	36.9426084	36.9486203	37.3178542	37.3238661	
111.891	36.9523627	36.9573469	37.3276085	37.3325927	
111.9011	36.9726377	36.9660736	37.3478835	37.350046	
111.9113	36.9921038	36.9835268	37.3673495	37.3762259	
111.9214	37.010767	36.9922535	37.3860128	37.3849526	
111.9316	37.0287152	37.0009801	37.403961	37.4024059	
111.9419	37.0462021	37.0097068	37.4214479	37.4198592	
111.952	37.0625615	37.0184334	37.4378073	37.4285858	
111.9622	37.0782538	37.0358867	37.4534996	37.4373125	
111.9724	37.0932686	37.0446134	37.4685144	37.4460391	
111.9825	37.1074559	37.05334	37.4827017	37.4547657	
111.9927	37.1209565	37.0707933	37.4962023	37.4547657	
112.0029	37.1337342	37.0707933	37.50898	37.4634924	
112.013	37.1457457	37.0882466	37.5209915	37.472219	
112.0231	37.1570232	37.0969733	37.532269	37.472219	
112.0333	37.1676361	37.1056999	37.5428819	37.4809457	
112.0435	37.177489	37.1231532	37.5527348	37.4896723	
112.0537	37.1866751	37.1406065	37.5619209	37.4896723	
112.0638	37.1951627	37.1580598	37.5704085	37.5071256	
112.074	37.2029289	37.1755131	37.5781747	37.5245789	
112.0841	37.2100629	37.1929664	37.5853087	37.5333056	
112.0945	37.2166137	37.2104197	37.5918595	37.5507589	
112.1045	37.2223299	37.2365996	37.5975757	37.5594855	
112.1147	37.2274959	37.2540529	37.6027417	37.5769388	
112.1248	37.2320387	37.2715062	37.6072845	37.5943921	
112.1349	37.235981	37.2889595	37.6112268	37.6118454	
112.1452	37.2394075	37.2976861	37.6146533	37.6292987	
112.1553	37.2422444	37.3064128	37.6174902	37.646752	
112.1655	37.2445899	37.3151394	37.6198357	37.6642053	
112.1756	37.246461	37.3151394	37.6217067	37.6729319	
112.1858	37.2516065	37.3151394	37.6268522	37.6816586	
112.196	37.2516065	37.3151394	37.6268522	37.6903852	
112.2061	37.2516065	37.3064128	37.6268522	37.6991118	
112.2163	37.2516065	37.2976861	37.6268522	37.6991118	
112.2264	37.2516065	37.2889595	37.6268522	37.6991118	
112.2366	37.2516065	37.2802328	37.6268522	37.6903852	
112.2473	37.2516065	37.2627795	37.6268522	37.6816586	
112.2574	37.2516065	37.2453262	37.6268522	37.6729319	
112.2675	37.2516065	37.2365996	37.6268522	37.6642053	
112.2777	37.2516065	37.2278729	37.6268522	37.646752	
112.2878	37.2516065	37.2104197	37.6268522	37.6380253	
112.298	37.2516065	37.2104197	37.6268522	37.620572	
112.3082	37.2503602	37.201693	37.625606	37.6118454	
112.3183	37.248322	37.201693	37.6235678	37.5943921	
112.3284	37.2454498	37.1929664	37.6206956	37.5943921	
112.3387	37.2416579	37.201693	37.6169037	37.5856654	
112.3487	37.2371982	37.201693	37.6124439	37.5769388	
112.3589	37.2318191	37.2104197	37.6070649	37.5769388	
112.3691	37.2256238	37.2104197	37.6008696	37.5769388	
112.3793	37.2185941	37.2191463	37.5938399	37.5769388	
112.3894	37.2107518	37.2278729	37.5859976	37.5769388	
112.3999	37.2017953	37.2365996	37.5770411	37.5769388	
112.4097	37.1926469	37.2365996	37.5678927	37.5769388	
112.4199	37.1823322	37.2365996	37.557578	37.5769388	
112.43	37.1711931	37.2365996	37.5464389	37.5769388	
112.4401	37.1593156	37.2278729	37.5345614	37.5682121	
112.4503	37.1465199	37.2191463	37.5217657	37.5594855	
112.4605	37.1328536	37.2104197	37.5080994	37.5594855	
112.4707	37.1182289	37.1929664	37.4934747	37.5594855	
112.4887	37.0896063	37.1580598	37.4648521	37.5420322	
112.4933	37.0822416	37.1406065	37.4574874	37.5333056	
112.5034	37.0653106	37.1231532	37.4405564	37.5245789	
112.5136	37.0472816	37.0882466	37.4225274	37.5071256	
112.5237	37.0285562	37.0620667	37.403802	37.4896723	
112.5339	37.0089832	37.0271601	37.384229	37.4634924	
112.544	36.9886174	37.0097068	37.3638632	37.4373125	
112.5542	36.9674204	36.9922535	37.3426662	37.4111325	
112.5644	36.9452948	36.9748002	37.3205406	37.3849526	
112.5745	36.9224646	36.9660736	37.2977104	37.3587726	
112.5847	36.8987338	36.9660736	37.2739796	37.3325927	
112.5961	36.870865	36.9660736	37.2461108	37.3064128	
112.605	36.8488888	36.9660736	37.2241346	37.2802328	
112.6153	36.8221322	36.9660736	37.197378	37.2627795	
112.6253	36.7956614	36.9660736	37.1709072	37.2365996	
112.6358	36.7667963	36.9573469	37.1420421	37.2191463	
112.6456	36.7391351	36.9573469	37.1143809	37.2104197	
112.6557	36.7099493	36.9486203	37.0851951	37.1929664	
112.6662	36.6784776	36.9398936	37.0537234	37.1842397	
112.6761	36.6483034	36.9224403	37.0235491	37.1755131	
112.6862	36.6164588	36.8962604	36.9917046	37.1755131	
112.6967	36.5823122	36.8700804	36.9575579	37.1667864	
112.7065	36.5500675	36.8264472	36.9253133	37.1580598	
112.7166	36.5157544	36.7915406	36.8910001	37.1493331	
112.7271	36.4793014	36.756634	36.8545472	37.1318798	
112.737	36.4441451	36.7042742	36.8193909	37.1056999	
112.7471	36.4073605	36.6519143	36.7826063	37.0707933	
112.7575	36.36895	36.6082811	36.7441958	37.0358867	
112.7675	36.3310412	36.5559212	36.706287	36.9835268	
112.7776	36.2917908	36.5035613	36.6670366	36.931167	
112.788	36.2505527	36.4512014	36.6257985	36.8788071	
112.7981	36.2097016	36.3988416	36.5849474	36.8177206	
112.808	36.1688176	36.337755	36.5440634	36.756634	
112.8184	36.1253299	36.2853951	36.5005757	36.6868209	
112.8284	36.0823966	36.2330353	36.4576423	36.6170077	
112.8385	36.0382109	36.1719487	36.4134567	36.5559212	
112.8488	35.9924148	36.1195889	36.3676606	36.4948347	
112.8588	35.9470958	36.067229	36.3223416	36.4337481	
112.869	35.9004169	36.0148691	36.2756627	36.3726616	
112.8792	35.8522337	35.9537826	36.2274795	36.3115751	
112.8971	35.7650892	35.9014227	36.1403349	36.2504886	
112.9017	35.7428906	35.8403362	36.1181364	36.1806754	
112.9201	35.6501796	35.7356164	36.0254254	36.067229	
112.9246	35.6271561	35.7094365	36.0024019	36.0410491	
112.9349	35.574422	35.6396233	35.9496678	35.9799625	
112.945	35.5219125	35.5698102	35.8971583	35.918876	
112.9551	35.4681859	35.5087236	35.8434317	35.8665161	
112.9653	35.4132733	35.4476371	35.7885191	35.8054296	
112.9755	35.3579737	35.3865506	35.7332195	35.7443431	
112.9856	35.3019044	35.3341907	35.6771502	35.6919832	
112.9957	35.2449069	35.2731042	35.6201527	35.6396233	
113.0059	35.1866444	35.2207443	35.5618902	35.5872634	
113.016	35.1281439	35.1683844	35.5033896	35.5349036	
113.0262	35.0686216	35.1160246	35.4438674	35.4912703	
113.0364	35.0078143	35.0636647	35.3830601	35.4389105	
113.0465	34.9469645	35.0113048	35.3222103	35.3865506	
113.0567	34.8844831	34.9589449	35.2597289	35.3341907	
113.0669	34.8216137	34.906585	35.1968595	35.2818308	
113.077	34.7581752	34.8542252	35.133421	35.2207443	
113.0871	34.6938601	34.8018653	35.0691059	35.1683844	
113.106	34.5705377	34.7495054	34.9457835	35.1160246	
113.1106	34.5407412	34.6709656	34.915987	35.0374847	
113.1286	34.419286	34.5575192	34.7945318	34.9153117	
113.1332	34.3884855	34.5226126	34.7637313	34.8891317	
113.1435	34.318446	34.4527994	34.6936918	34.8105919	
113.1538	34.2473978	34.3829863	34.6226436	34.7320521	
113.1637	34.17883	34.3131731	34.5540758	34.6535123	
113.1739	34.1070935	34.2259066	34.4823393	34.5662458	
113.1843	34.0328743	34.1386402	34.40812	34.487706	
113.1942	33.9614848	34.0513737	34.3367305	34.3917129	
113.2043	33.8877325	33.946654	34.2629783	34.3044464	
113.2148	33.8105675	33.8506608	34.1858133	34.2084533	
113.2246	33.7369828	33.7546677	34.1122286	34.1124602	
113.2348	33.6601689	33.649948	34.0354147	34.0164671	
113.2453	33.5801001	33.5539549	33.9553459	33.9292007	
113.2551	33.5049753	33.4579618	33.8802211	33.8332075	
113.2652	33.426001	33.3619687	33.8012468	33.7459411	
113.2757	33.3438225	33.2834288	33.7190683	33.6586746	
113.2856	33.2651902	33.2136157	33.640436	33.5801348	
113.2959	33.1828094	33.1350758	33.5580552	33.501595	
113.3061	33.0994372	33.0739893	33.474683	33.4317818	
113.316	33.0185332	33.0041762	33.393779	33.3619687	
113.3262	32.9348604	32.9430896	33.3101062	33.3008821	
113.3366	32.8476821	32.8820031	33.2229279	33.231069	
113.3465	32.7641735	32.8209166	33.1394192	33.1699824	
113.3566	32.6783694	32.7598301	33.0536152	33.1088959	
113.3671	32.5879867	32.6900169	32.9632325	33.0390827	
113.3769	32.5027627	32.6202037	32.8780085	32.9692696	
113.3872	32.41256	32.5503905	32.7878058	32.8994564	
113.3976	32.3212393	32.4718507	32.6964851	32.8121899	
113.4074	32.2337734	32.3933109	32.6090192	32.7423768	
113.4175	32.1427392	32.3060445	32.517985	32.6551103	
113.428	32.0470755	32.218778	32.4223213	32.5678438	
113.4378	31.9578582	32.1227849	32.3331039	32.4718507	
113.448	31.8636425	32.0267918	32.2388883	32.3758576	
113.4584	31.766413	31.9307987	32.1416588	32.2798645	
113.4683	31.6737152	31.8348056	32.048961	32.1838714	
113.4784	31.5777816	31.7300858	31.9530274	32.0791517	
113.4888	31.4778221	31.625366	31.8530679	31.9744319	
113.4987	31.3828905	31.5206463	31.7581362	31.8697121	
113.5088	31.2839742	31.4071999	31.65922	31.7649924	
113.5193	31.1807833	31.2937535	31.5560291	31.651546	
113.5292	31.0833677	31.1803071	31.4586135	31.5380996	
113.5393	30.9822701	31.0668607	31.3575159	31.4246532	
113.5499	30.8764008	30.9534143	31.2516466	31.3112068	
113.5597	30.7769698	30.8312412	31.1522156	31.1977604	
113.5697	30.6743611	30.7177948	31.0496069	31.084314	
113.5803	30.565547	30.5956218	30.9407928	30.9708676	
113.59	30.4645671	30.4821754	30.8398129	30.8574212	
113.6094	30.2594446	30.2640092	30.6346904	30.6479817	
113.614	30.2112274	30.2116494	30.5864732	30.5956218	
113.6248	30.0958026	30.098203	30.4710484	30.4821754	
113.6349	29.9873498	29.9934832	30.3625956	30.3774556	
113.6451	29.8771946	29.8974901	30.2524403	30.2814625	
113.6552	29.7669591	29.7927703	30.1422049	30.1767428	
113.6655	29.6547728	29.6967772	30.0300186	30.0807497	
113.6756	29.5424001	29.5920575	29.9176459	29.9760299	
113.6858	29.4290666	29.4960644	29.8043124	29.8713101	
113.6959	29.3158244	29.3913446	29.6910702	29.775317	
113.7152	29.0947103	29.1906317	29.4699561	29.5658775	
113.7199	29.0421765	29.1469985	29.4174223	29.5222443	
113.73	28.9258821	29.0422788	29.3011279	29.4175245	
113.7402	28.8075054	28.937559	29.1827512	29.3040781	
113.7503	28.6901186	28.8241126	29.0653644	29.1906317	
113.7604	28.5708294	28.7106662	28.9460752	29.0771853	
113.7706	28.4503202	28.6059464	28.825566	28.9550123	
113.7886	28.23428	28.3877803	28.6095258	28.7368461	
113.7934	28.1776068	28.3354204	28.5528526	28.6844863	
113.8034	28.0574868	28.2132474	28.4327326	28.5535866	
113.8136	27.9351108	28.0910743	28.3103566	28.4314135	
113.8238	27.8123028	27.9601746	28.1875486	28.3005138	
113.8338	27.6918468	27.8292749	28.0670926	28.1696141	
113.844	27.5694708	27.6896486	27.9447166	28.0299878	
113.8542	27.4471428	27.5587489	27.8223886	27.8990881	
113.8643	27.3277374	27.4191225	27.7029832	27.7594618	
113.8745	27.2075129	27.2794962	27.5827587	27.6285621	
113.8847	27.0876744	27.1485965	27.4629202	27.4976624	
113.8949	26.9689795	27.0089702	27.3442253	27.358036	
113.905	26.8527479	26.8693438	27.2279936	27.2271363	
113.9152	26.7356295	26.7384441	27.1108753	27.0962366	
113.9253	26.61987	26.6075444	26.9951157	26.9653369	
113.9354	26.5060622	26.4766448	26.881308	26.8431639	
113.9456	26.3914259	26.3544717	26.7666717	26.7122642	
113.9557	26.2787544	26.2322987	26.6540002	26.5900912	
113.9658	26.166391	26.1101256	26.5416368	26.4766448	
113.9761	26.0541186	26.0054059	26.4293644	26.3631984	
113.9862	25.9438197	25.8919595	26.3190655	26.2497519	
113.9963	25.8339052	25.7785131	26.209151	26.1450322	
114.0065	25.7245654	25.6825199	26.0998112	26.0403124	
114.0166	25.6167232	25.5865268	25.991969	25.9355927	
114.0268	25.5086154	25.4818071	25.8838612	25.8395996	
114.037	25.4018764	25.385814	25.7771222	25.7436065	
114.0471	25.2963596	25.2898209	25.6716054	25.65634	
114.0573	25.1912478	25.2025544	25.5664936	25.5603469	
114.0674	25.087007	25.1065613	25.4622528	25.4730804	
114.0776	24.9831026	25.0192948	25.3583484	25.3770873	
114.0877	24.8813728	24.9233017	25.2566186	25.2898209	
114.098	24.7784086	24.8360353	25.1536544	25.2025544	
114.1082	24.6769701	24.7487688	25.0522158	25.1065613	
114.1182	24.5781115	24.6615023	24.9533573	25.0192948	
114.1283	24.4789591	24.5655092	24.8542049	24.9233017	
114.1386	24.3794158	24.4695161	24.7546616	24.8360353	
114.1486	24.282969	24.373523	24.6582148	24.7400421	
114.1588	24.1854174	24.2775299	24.5606632	24.644049	
114.1689	24.0900683	24.1815368	24.4653141	24.5480559	
114.1791	23.9949886	24.076817	24.3702343	24.4520628	
114.1979	23.8216004	23.9808239	24.1968462	24.3473431	
114.2025	23.7795296	23.8411976	24.1547754	24.22517	
114.2126	23.6870766	23.7364778	24.0623224	24.1204503	
114.2386	23.4570369	23.4746784	23.8322827	23.8499242	
114.2432	23.4161838	23.4223186	23.7914296	23.806291	
114.2535	23.3260194	23.3263255	23.7012652	23.7015712	
114.2636	23.2385003	23.2303323	23.6137461	23.6055781	
114.2737	23.1509384	23.1343392	23.5261842	23.509585	
114.2839	23.0636776	23.0383461	23.4389234	23.4135919	
114.2941	22.9776755	22.942353	23.3529213	23.3175988	
114.3042	22.8926303	22.8550866	23.2678761	23.2303323	
114.3144	22.8082511	22.7678201	23.1834969	23.1430659	
114.3245	22.7246152	22.6892803	23.0998609	23.0557994	
114.3347	22.6419892	22.6020138	23.017235	22.9772596	
114.3449	22.5598033	22.5322006	22.9350491	22.8987198	
114.355	22.4789966	22.4536608	22.8542424	22.82018	
114.3652	22.3987111	22.3838477	22.7739569	22.7416402	
114.3753	22.3192329	22.3140345	22.6944787	22.671827	
114.3854	22.2407832	22.2442213	22.616029	22.6020138	
114.3956	22.162729	22.1744081	22.5379748	22.523474	
114.4058	22.0855236	22.1133216	22.4607694	22.4623875	
114.4159	22.0098599	22.0435085	22.3851057	22.3925743	
114.426	21.9346553	21.9824219	22.309901	22.3227611	
114.4362	21.8596535	21.9213354	22.2348993	22.252948	
114.4465	21.785296	21.8515222	22.1605418	22.1831348	
114.4566	21.7124927	21.7904357	22.0877385	22.1133216	
114.4668	21.6399128	21.7206225	22.0151586	22.0435085	
114.477	21.5688049	21.6508094	21.9440507	21.9736953	
114.4872	21.4975228	21.5809962	21.8727686	21.9126088	
114.4973	21.4283321	21.511183	21.8035779	21.8427956	
114.5074	21.3597355	21.4326432	21.7349812	21.7729824	
114.5176	21.2913979	21.36283	21.6666437	21.6944426	
114.5277	21.2244575	21.2842902	21.5997033	21.6246294	
114.5379	21.1576981	21.2144771	21.5329438	21.5548163	
114.548	21.0923858	21.1359372	21.4676315	21.4850031	
114.5582	21.0273944	21.0573974	21.4026401	21.4151899	
114.5683	20.9637499	20.9875843	21.3389957	21.3453768	
114.5785	20.9006687	20.9090444	21.2759145	21.2668369	
114.5887	20.8380271	20.8392313	21.2132729	21.1970238	
114.6003	20.7677575	20.7694181	21.1430033	21.1359372	
114.6089	20.7159379	20.6996049	21.0911837	21.0661241	
114.6191	20.6558977	20.6297918	21.0311435	20.9963109	
114.6294	20.5957106	20.5687052	20.9709564	20.9352244	
114.6399	20.5357829	20.5163454	20.9110287	20.8741379	
114.6496	20.480507	20.4552588	20.8557527	20.8130513	
114.6597	20.4241548	20.402899	20.7994006	20.7606915	
114.6699	20.3682334	20.3505391	20.7434792	20.6996049	
114.68	20.313401	20.2981792	20.6886468	20.6472451	
114.6902	20.2588393	20.2458193	20.6340851	20.5948852	
114.7003	20.2055196	20.2021861	20.5807654	20.5512519	
114.7105	20.1527524	20.1585529	20.5279982	20.4988921	
114.7206	20.1009284	20.106193	20.4761742	20.4552588	
114.7308	20.0494858	20.0712864	20.4247316	20.4116256	
114.7409	19.9995462	20.0189265	20.374792	20.3679924	
114.7513	19.9489281	19.9752933	20.3241739	20.3156325	
114.7615	19.9002596	19.9316601	20.2755053	20.2807259	
114.7717	19.8521753	19.8967535	20.2274211	20.2370927	
114.7819	19.8050293	19.8531202	20.1802751	20.1934594	
114.7919	19.7591869	19.809487	20.1344327	20.1498262	
114.8022	19.7134626	19.7658538	20.0887084	20.106193	
114.8123	19.6688672	19.7309472	20.044113	20.0625598	
114.8225	19.6251017	19.687314	20.0003475	20.0189265	
114.8327	19.5816202	19.6349541	19.956866	19.9840199	
114.8429	19.5392716	19.6000475	19.9145174	19.9316601	
114.853	19.4979775	19.5476876	19.8732233	19.8967535	
114.8632	19.4571364	19.5040544	19.8323822	19.8531202	
114.8734	19.4174871	19.4604212	19.7927329	19.809487	
114.8835	19.37848	19.4080613	19.7537258	19.7658538	
114.8938	19.3398579	19.3731547	19.7151036	19.7222205	
114.9038	19.302738	19.3207948	19.6779838	19.687314	
114.9142	19.2653443	19.2771616	19.6405901	19.6436807	
114.9244	19.2293835	19.2335284	19.6046293	19.6087741	
114.9345	19.1944668	19.1986218	19.5697126	19.5651409	
114.9447	19.1603878	19.1549885	19.5356336	19.5302343	
114.9548	19.1267705	19.1113553	19.5020163	19.4953277	
114.965	19.0942977	19.0764487	19.4695435	19.4604212	
114.9752	19.0623265	19.0502688	19.4375723	19.4255146	
114.9854	19.0311512	19.0153622	19.406397	19.390608	
114.9955	19.000997	18.9891823	19.3762428	19.3557014	
115.0057	18.9713792	18.9542757	19.346625	19.3295215	
115.0161	18.9420468	18.9368224	19.3172926	19.3033415	
115.0259	18.9148731	18.9106424	19.2901189	19.2684349	
115.0362	18.887616	18.8844625	19.2628618	19.242255	
115.0463	18.861333	18.8670092	19.2365788	19.2160751	
115.0564	18.8359001	18.8495559	19.2111459	19.1986218	
115.0666	18.8110392	18.823376	19.186285	19.1724418	
115.0768	18.7869237	18.8059227	19.1621695	19.1549885	
115.087	18.7636231	18.797196	19.1388689	19.1288086	
115.0971	18.7412457	18.7797428	19.1164915	19.120082	
115.1073	18.7195398	18.7622895	19.0947856	19.1026287	
115.1174	18.698633	18.7448362	19.0738787	19.0851754	
115.1275	18.6785612	18.7361095	19.053807	19.0764487	
115.1377	18.659223	18.7186562	19.0344688	19.0589954	
115.1483	18.6399014	18.7012029	19.0151471	19.0502688	
115.1582	18.6224743	18.6837496	18.99772	19.0328155	
115.1683	18.6054891	18.675023	18.9807349	19.0240888	
115.1784	18.5892344	18.6488431	18.9644802	19.0066356	
115.1887	18.5735066	18.6313898	18.9487524	18.9979089	
115.1987	18.5588078	18.6139365	18.9340536	18.9891823	
115.2088	18.5448302	18.5964832	18.920076	18.971729	
115.2287	18.5207948	18.5703032	18.8960406	18.945549	
115.2333	18.5151732	18.5615766	18.890419	18.9368224	
115.2435	18.5035492	18.5441233	18.878795	18.9193691	
115.2537	18.4926174	18.52667	18.8678632	18.9106424	
115.2638	18.4825157	18.5092167	18.8577615	18.8931892	
115.274	18.4730823	18.5004901	18.8483281	18.8844625	
115.2924	18.4587611	18.4743101	18.8340069	18.8582826	
115.297	18.4551069	18.4743101	18.8303527	18.8495559	
115.3072	18.4478915	18.4655835	18.8231373	18.8408293	
115.3174	18.4412793	18.4568568	18.8165251	18.8321026	
115.3275	18.4353994	18.4481302	18.8106451	18.823376	
115.3376	18.4300849	18.4481302	18.8053307	18.8146493	
115.3479	18.4253732	18.4481302	18.800619	18.8146493	
115.358	18.4212697	18.4481302	18.7965155	18.8146493	
115.3681	18.4177599	18.4481302	18.7930056	18.8059227	
115.3783	18.4147555	18.4481302	18.7900012	18.8059227	
115.3884	18.4122637	18.4481302	18.7875095	18.8059227	
115.3985	18.4102513	18.4481302	18.7854971	18.8059227	
115.4087	18.404497	18.4481302	18.7797428	18.8059227	
115.4188	18.404497	18.4481302	18.7797428	18.8059227	
115.429	18.404497	18.4481302	18.7797428	18.8059227	
115.4393	18.404497	18.4481302	18.7797428	18.8059227	
115.4494	18.404497	18.4481302	18.7797428	18.8059227	
115.4595	18.404497	18.4481302	18.7797428	18.8059227	
115.4697	18.404497	18.4481302	18.7797428	18.8059227	
115.4798	18.404497	18.4481302	18.7797428	18.8059227	
115.4899	18.404497	18.4481302	18.7797428	18.8059227	
115.5001	18.404497	18.4481302	18.7797428	18.8059227	
115.5103	18.404497	18.4481302	18.7797428	18.8059227	
115.5204	18.404497	18.4481302	18.7797428	18.8059227	
115.5305	18.404497	18.4481302	18.7797428	18.8059227	
115.5411	18.404497	18.4481302	18.7797428	18.8059227	
115.5512	18.404497	18.4481302	18.7797428	18.8059227	
115.5614	18.404497	18.4481302	18.7797428	18.8059227	
115.5715	18.404497	18.4481302	18.7797428	18.8059227	
115.5817	18.404497	18.4481302	18.7797428	18.8059227	
115.5919	18.404497	18.4481302	18.7797428	18.8059227	
115.6034	18.404497	18.4481302	18.7797428	18.8059227	
115.6122	18.404497	18.4481302	18.7797428	18.8059227	
115.6231	18.404497	18.4481302	18.7797428	18.8059227	
115.6325	18.404497	18.4481302	18.7797428	18.8059227	
115.6427	18.404497	18.4481302	18.7797428	18.8059227	
115.6528	18.404497	18.4481302	18.7797428	18.8059227	
115.6709	18.404497	18.4481302	18.7797428	18.8059227	
115.6755	18.404497	18.4481302	18.7797428	18.8059227	
115.6857	18.404497	18.4481302	18.7797428	18.8059227	
115.6957	18.404497	18.4481302	18.7797428	18.8059227	
115.7159	18.404497	18.4481302	18.7797428	18.8059227	
115.7205	18.404497	18.4481302	18.7797428	18.8059227	
115.7306	18.404497	18.4481302	18.7797428	18.8059227	
115.7409	18.404497	18.4481302	18.7797428	18.8059227	
115.751	18.404497	18.4481302	18.7797428	18.8059227	
115.7611	18.404497	18.4481302	18.7797428	18.8059227	
115.7713	18.404497	18.4481302	18.7797428	18.8059227	
115.7815	18.404497	18.4481302	18.7797428	18.8059227	
115.7916	18.404497	18.4481302	18.7797428	18.8059227	
115.8019	18.404497	18.4481302	18.7797428	18.8059227	
115.8119	18.404497	18.4481302	18.7797428	18.8059227	
115.822	18.404497	18.4481302	18.7797428	18.8059227	
115.8322	18.404497	18.4481302	18.7797428	18.8059227	
115.8424	18.404497	18.4481302	18.7797428	18.8059227	
115.8528	18.404497	18.4481302	18.7797428	18.8059227	
115.8627	18.404497	18.4481302	18.7797428	18.8059227	
115.8728	18.404497	18.4481302	18.7797428	18.8059227	
115.883	18.404497	18.4481302	18.7797428	18.8059227	
115.8931	18.404497	18.4481302	18.7797428	18.8059227	
115.9033	18.404497	18.4481302	18.7797428	18.8059227	
115.9135	18.404497	18.4481302	18.7797428	18.8059227	
115.9236	18.404497	18.4481302	18.7797428	18.8059227	
115.9338	18.404497	18.4481302	18.7797428	18.8059227	
115.9439	18.404497	18.4481302	18.7797428	18.8059227	
115.9541	18.404497	18.4394035	18.7797428	18.8059227	
115.9643	18.404497	18.4394035	18.7797428	18.8059227	
115.9744	18.404497	18.4394035	18.7797428	18.8059227	
115.9846	18.404497	18.4394035	18.7797428	18.8059227	
115.9947	18.404497	18.4394035	18.7797428	18.8059227	
116.0049	18.404497	18.4394035	18.7797428	18.8059227	
116.0151	18.404497	18.4394035	18.7797428	18.8059227	
116.0252	18.404497	18.4394035	18.7797428	18.8059227	
116.0353	18.404497	18.4394035	18.7797428	18.8059227	
116.0456	18.404497	18.4394035	18.7797428	18.8059227	
116.0556	18.404497	18.4394035	18.7797428	18.8059227	
116.0658	18.404497	18.4394035	18.7797428	18.8059227	
116.076	18.404497	18.4394035	18.7797428	18.8059227	
116.0861	18.404497	18.4394035	18.7797428	18.8059227	
116.0974	18.404497	18.4394035	18.7797428	18.8059227	
116.1068	18.404497	18.4394035	18.7797428	18.8059227	
116.1169	18.404497	18.4306769	18.7797428	18.8059227	
116.1271	18.404497	18.4306769	18.7797428	18.8059227	
116.1373	18.404497	18.4306769	18.7797428	18.8059227	
116.1475	18.404497	18.4306769	18.7797428	18.797196	
116.1576	18.404497	18.4219503	18.7797428	18.797196	
