116.1708	18.406591	18.4132236	18.7818368	18.797196	
116.1809	18.4088856	18.4132236	18.7841314	18.797196	
116.1914	18.4121573	18.404497	18.7874031	18.797196	
116.2015	18.4161476	18.3957703	18.7913934	18.7884694	
116.2116	18.4209301	18.3957703	18.7961758	18.7884694	
116.2219	18.4266189	18.3957703	18.8018646	18.7884694	
116.232	18.4330548	18.3957703	18.8083006	18.7884694	
116.2421	18.4403227	18.404497	18.8155685	18.7884694	
116.2523	18.4484823	18.4132236	18.8237281	18.7884694	
116.2625	18.4573999	18.4132236	18.8326457	18.797196	
116.2726	18.4671706	18.4306769	18.8424164	18.797196	
116.2828	18.4777351	18.4306769	18.8529809	18.8059227	
116.293	18.4891963	18.4481302	18.8644421	18.8146493	
116.3032	18.5015397	18.4568568	18.8767855	18.8146493	
116.3133	18.5144856	18.4655835	18.8897314	18.8321026	
116.3235	18.5284478	18.4830368	18.9036936	18.8495559	
116.3337	18.5432416	18.4830368	18.9184874	18.8670092	
116.3438	18.5586618	18.5004901	18.9339076	18.8844625	
116.3539	18.5750194	18.5004901	18.9502652	18.9019158	
116.3641	18.592234	18.5179434	18.9674798	18.9193691	
116.3743	18.6103062	18.52667	18.985552	18.9368224	
116.3844	18.6291371	18.5353967	19.0043829	18.9542757	
116.3945	18.6487468	18.5528499	19.0239926	18.971729	
116.4047	18.669256	18.5703032	19.0445018	18.9891823	
116.4149	18.6906228	18.5964832	19.0658686	19.0066356	
116.425	18.7127147	18.6139365	19.0879605	19.0240888	
116.4352	18.7356996	18.6401164	19.1109454	19.0502688	
116.4454	18.7595625	18.6662964	19.1348083	19.0677221	
116.4555	18.784082	18.6924763	19.1593278	19.093902	
116.4656	18.8093939	18.7273829	19.1846396	19.1113553	
116.4758	18.8358153	18.7535628	19.2110611	19.1288086	
116.4859	18.8628704	18.7797428	19.2381162	19.1549885	
116.4961	18.8907599	18.8146493	19.2660057	19.1811685	
116.5063	18.9195674	18.8495559	19.2948132	19.2160751	
116.5164	18.9491641	18.8844625	19.3244099	19.242255	
116.5265	18.9794349	18.9106424	19.3546807	19.2684349	
116.5367	19.0107705	18.945549	19.3860163	19.3033415	
116.5469	19.0427864	18.9804556	19.4180322	19.3469748	
116.557	19.075485	19.0153622	19.4507308	19.3818813	
116.5673	19.1096645	19.0502688	19.4849103	19.4255146	
116.5774	19.1439034	19.0851754	19.5191491	19.4604212	
116.5875	19.1793106	19.1288086	19.5545564	19.5040544	
116.5978	19.2158738	19.1637152	19.5911196	19.5476876	
116.6079	19.2527371	19.1986218	19.6279829	19.5825942	
116.618	19.2902694	19.2335284	19.6655152	19.6262274	
116.6289	19.3317782	19.2771616	19.7070239	19.6785873	
116.639	19.3711451	19.3207948	19.7463909	19.7222205	
116.6491	19.411171	19.3557014	19.7864167	19.7571271	
116.6594	19.4528902	19.3993346	19.828136	19.7920337	
116.6694	19.4944681	19.4429679	19.8697139	19.8356669	
116.6799	19.5388215	19.4866011	19.9140673	19.8793002	
116.6899	19.581669	19.5302343	19.9569148	19.9229334	
116.7	19.6259728	19.5738676	20.0012186	19.9665666	
116.7101	19.6710906	19.6175008	20.0463363	20.0014732	
116.7203	19.7173998	19.6524074	20.0926456	20.0451065	
116.7304	19.7642271	19.7047673	20.1394729	20.0887397	
116.7406	19.8119523	19.7484005	20.1871981	20.1323729	
116.7586	19.8998467	19.8269403	20.2750925	20.2109127	
116.7632	19.9222236	19.8531202	20.2974694	20.228366	
116.7733	19.972612	19.8967535	20.3478578	20.2807259	
116.7835	20.0239685	19.9491134	20.3992143	20.3330858	
116.7937	20.0760899	20.0014732	20.4513357	20.3854457	
116.8041	20.1305955	20.0538331	20.5058413	20.4378055	
116.814	20.1830446	20.106193	20.5582904	20.4901654	
116.8241	20.2373342	20.1585529	20.61258	20.5512519	
116.8345	20.2937626	20.2196394	20.6690083	20.6036118	
116.8445	20.349026	20.2807259	20.7242718	20.6646983	
116.8546	20.4061023	20.3330858	20.7813481	20.7170582	
116.8649	20.464383	20.402899	20.8396288	20.7868714	
116.8749	20.5226562	20.4552588	20.897902	20.8392313	
116.8851	20.5821077	20.525072	20.9573535	20.9090444	
116.8953	20.6428979	20.5861585	21.0181437	20.970131	
116.9054	20.7039351	20.6472451	21.0791809	21.0312175	
116.9156	20.7657189	20.7083316	21.1409647	21.1010307	
116.9258	20.8291992	20.7781447	21.204445	21.1621172	
116.9359	20.8922692	20.8392313	21.267515	21.2232037	
116.9462	20.9575924	20.9090444	21.3328382	21.2930169	
116.9564	21.0231068	20.9788576	21.3983525	21.36283	
116.9665	21.0888874	21.0486708	21.4641332	21.4326432	
116.9766	21.1560082	21.1097573	21.531254	21.4937297	
116.9868	21.2239445	21.1795705	21.5991903	21.5635429	
116.997	21.2925788	21.2493836	21.6678246	21.6333561	
117.0072	21.3624842	21.3191968	21.73773	21.7031692	
117.0173	21.4321767	21.3802833	21.8074224	21.7729824	
117.0274	21.503215	21.4500965	21.8784608	21.8427956	
117.0376	21.5753799	21.5199097	21.9506257	21.9213354	
117.0481	21.6506424	21.5984495	22.0258882	21.9911486	
117.0579	21.7216811	21.659536	22.0969269	22.0609617	
117.068	21.7955807	21.7380758	22.1708265	22.1307749	
117.0785	21.8732241	21.807889	22.2484699	22.2005881	
117.0883	21.9465706	21.8777022	22.3218164	22.2791279	
117.0985	22.0238134	21.956242	22.3990592	22.3576677	
117.109	22.1044791	22.0260552	22.4797249	22.4274809	
117.1188	22.1800474	22.0958683	22.5552932	22.5060207	
117.1289	22.2589651	22.1831348	22.6342109	22.5845605	
117.1394	22.3416098	22.252948	22.7168556	22.6631003	
117.1494	22.4213481	22.3402144	22.7965939	22.7416402	
117.1595	22.5027855	22.4187542	22.8780313	22.82018	
117.1698	22.5866595	22.5060207	22.9619053	22.8987198	
117.1798	22.6688555	22.5845605	23.0441013	22.9859862	
117.1901	22.7548081	22.671827	23.1300539	23.0645261	
117.2002	22.8389729	22.7590934	23.2142187	23.1430659	
117.2182	22.9932466	22.8463599	23.3684924	23.2303323	
117.2228	23.0323181	22.9598063	23.4075639	23.3437787	
117.2333	23.1230425	23.0557994	23.4982883	23.4310452	
117.2438	23.2148422	23.1517925	23.590088	23.5270383	
117.2537	23.3019955	23.2477856	23.6772413	23.6143048	
117.2638	23.3918057	23.3437787	23.7670515	23.7102979	
117.2739	23.4826415	23.4397719	23.8578873	23.806291	
117.2841	23.574536	23.5270383	23.9497818	23.9022841	
117.2943	23.6676435	23.6317581	24.0428893	23.9982772	
117.3044	23.761078	23.7190245	24.1363238	24.0855437	
117.3146	23.8554668	23.8150176	24.2307125	24.1815368	
117.3247	23.9508607	23.9110108	24.3261065	24.2775299	
117.3349	24.0468236	24.0070039	24.4220694	24.373523	
117.345	24.1434361	24.102997	24.5186819	24.4695161	
117.3552	24.2415705	24.1989901	24.6168163	24.5655092	
117.3653	24.3397412	24.2949832	24.714987	24.6615023	
117.3755	24.4389291	24.3909763	24.8141749	24.7662221	
117.3856	24.5392987	24.4869694	24.9145445	24.8622152	
117.3958	24.6400735	24.5829625	25.0153193	24.9582083	
117.406	24.7424003	24.6789556	25.1176461	25.0629281	
117.4161	24.8448747	24.7836754	25.2201205	25.1589212	
117.4262	24.9480473	24.8883951	25.3232931	25.2636409	
117.4365	25.0532666	24.9843882	25.4285124	25.359634	
117.4466	25.158089	25.0803814	25.5333348	25.4643538	
117.4567	25.2638477	25.1851011	25.6390935	25.5690735	
117.4668	25.3699497	25.2898209	25.7451955	25.6737933	
117.477	25.4781846	25.3945406	25.8534304	25.7785131	
117.4873	25.587589	25.4992604	25.9628348	25.8832328	
117.4973	25.695809	25.6039801	26.0710548	25.9879526	
117.5075	25.8063293	25.7086999	26.1815751	26.0926723	
117.5177	25.9178136	25.8134196	26.2930594	26.2061187	
117.5279	26.0292748	25.926866	26.4045206	26.3108385	
117.538	26.1417025	26.0403124	26.5169483	26.4242849	
117.5481	26.2546034	26.1537588	26.6298492	26.5290046	
117.5583	26.3688452	26.2759319	26.744091	26.6511777	
117.5684	26.4838782	26.3893783	26.859124	26.7646241	
117.5786	26.5994017	26.5115513	26.9746475	26.8780705	
117.5887	26.7160707	26.6337244	27.0913165	27.0002435	
117.5989	26.8337399	26.7558974	27.2089857	27.1224166	
117.6099	26.9619233	26.8867971	27.3371691	27.2620429	
117.6196	27.0760611	27.0089702	27.4513069	27.3754893	
117.6307	27.207358	27.1398699	27.5826038	27.506389	
117.6486	27.4222316	27.358036	27.7974773	27.7332818	
117.6532	27.4765739	27.4191225	27.8518197	27.7943683	
117.6634	27.5996099	27.5412956	27.9748557	27.925268	
117.6735	27.7207979	27.6634686	28.0960437	28.0474411	
117.6836	27.8421179	27.7943683	28.2173637	28.1696141	
117.6939	27.9652619	27.9165414	28.3405077	28.3005138	
117.7139	28.2053219	28.1696141	28.5805677	28.5535866	
117.7185	28.2603763	28.221974	28.6356221	28.6146731	
117.7286	28.3801404	28.3441471	28.7553862	28.7368461	
117.7388	28.4998239	28.4663201	28.8750697	28.8677458	
117.7571	28.7122436	28.6932129	29.0874894	29.0946386	
117.7617	28.7657353	28.7455728	29.1409811	29.1469985	
117.7719	28.8824071	28.8677458	29.2576529	29.2691716	
117.7821	28.9994799	28.9899189	29.3747257	29.3913446	
117.7922	29.1137201	29.1033653	29.4889659	29.504791	
117.8025	29.229914	29.2168117	29.6051598	29.6269641	
117.8126	29.3421215	29.3389847	29.7173673	29.7404105	
117.8227	29.4542627	29.4524311	29.8295085	29.8451302	
117.8328	29.5657115	29.5658775	29.9409573	29.94985	
117.843	29.6775898	29.6705973	30.0528356	30.0632964	
117.8532	29.7876163	29.7840437	30.1628621	30.1680161	
117.8634	29.8974435	29.8887634	30.2726893	30.2727359	
117.8735	30.0060958	29.9934832	30.3813416	30.368729	
117.8837	30.1134658	30.098203	30.4887116	30.4734487	
117.8939	30.2214167	30.2029227	30.5966625	30.5781685	
117.904	30.3270353	30.3076425	30.702281	30.6828883	
117.9142	30.4321393	30.4123622	30.8073851	30.7788814	
117.9243	30.5368236	30.517082	30.9120694	30.8836011	
117.9345	30.6408065	30.6218017	31.0160523	30.9795942	
117.9446	30.7431048	30.7177948	31.1183506	31.084314	
117.9548	30.8448806	30.8225146	31.2201264	31.1803071	
117.965	30.9465012	30.9272343	31.321747	31.2850268	
117.9751	31.0471985	31.0232275	31.4224443	31.38102	
117.9852	31.1457747	31.1192206	31.5210204	31.4857397	
117.9954	31.245085	31.2239403	31.6203308	31.5904595	
118.0056	31.3428916	31.3112068	31.7181374	31.6864526	
118.0157	31.4399858	31.4159265	31.8152316	31.7911723	
118.0259	31.536543	31.5119196	31.9117888	31.8871654	
118.036	31.6314053	31.6079128	32.0066511	31.9831585	
118.0464	31.7283848	31.6951792	32.1036306	32.0791517	
118.0564	31.8205675	31.7911723	32.1958133	32.1751448	
118.0665	31.9130008	31.8871654	32.2882466	32.2711379	
118.0767	32.0060333	31.9744319	32.3812791	32.3584043	
118.0868	32.0970352	32.070425	32.472281	32.4543974	
118.097	32.1874202	32.1576915	32.562666	32.5503905	
118.1071	32.2770438	32.2536846	32.6522896	32.637657	
118.1173	32.3661808	32.3322244	32.7414266	32.7249235	
118.1274	32.4541465	32.4282175	32.8293923	32.8121899	
118.1376	32.5414339	32.515484	32.9166797	32.908183	
118.148	32.6303469	32.6027504	33.0055927	32.9954495	
118.158	32.7145817	32.6900169	33.0898275	33.082716	
118.1681	32.7988756	32.7772834	33.1741214	33.1699824	
118.1782	32.8827228	32.8645498	33.2579686	33.2572489	
118.1884	32.965685	32.9518163	33.3409308	33.3357887	
118.1986	33.0485718	33.0303561	33.4238176	33.4230552	
118.2087	33.1295492	33.1176226	33.504795	33.5103216	
118.2188	33.2101778	33.1961624	33.5854236	33.5888615	
118.229	33.2908079	33.2747022	33.6660537	33.6674013	
118.2472	33.4306965	33.4230552	33.8059423	33.8070276	
118.2518	33.4664034	33.4579618	33.8416492	33.8419342	
118.2625	33.5475031	33.5365016	33.9227489	33.9292007	
118.2723	33.6215665	33.6150414	33.9968122	33.9990138	
118.2825	33.6970886	33.6848546	34.0723344	34.0775536	
118.293	33.7746981	33.7633944	34.1499439	34.1473668	
118.303	33.8475416	33.8419342	34.2227874	34.2259066	
118.313	33.919186	33.9117474	34.2944318	34.2957198	
118.3234	33.9936054	33.9815605	34.3688512	34.3742596	
118.3333	34.0633415	34.0513737	34.4385873	34.4440728	
118.3434	34.1341429	34.1211869	34.5093887	34.513886	
118.3537	34.2050854	34.191	34.5803312	34.5924258	
118.3638	34.2734334	34.2520866	34.6486792	34.6622389	
118.374	34.3420985	34.3218997	34.7173443	34.7233255	
118.3842	34.4100156	34.3829863	34.7852614	34.7931386	
118.3942	34.4759376	34.4527994	34.8511834	34.8542252	
118.4044	34.5419975	34.513886	34.9172433	34.9240383	
118.4146	34.6074247	34.5749725	34.9826705	34.9851249	
118.4247	34.6712127	34.6447857	35.0464585	35.0462114	
118.4348	34.7345213	34.7058722	35.1097671	35.1160246	
118.4451	34.7979614	34.7669587	35.1732072	35.1683844	
118.4553	34.8599859	34.8280452	35.2352317	35.229471	
118.4655	34.921066	34.8891317	35.2963118	35.2905575	
118.4757	34.9815211	34.9589449	35.3567669	35.351644	
118.4859	35.0412121	35.0113048	35.4164578	35.4040039	
118.4959	35.0994024	35.0723913	35.4746482	35.4650904	
118.5061	35.1571854	35.1334778	35.5324312	35.5174503	
118.5162	35.2139626	35.1858377	35.5892084	35.5698102	
118.5264	35.2701488	35.2469242	35.6453946	35.6308967	
118.5365	35.3255591	35.3080108	35.7008049	35.6832566	
118.5467	35.3802711	35.3603706	35.7555169	35.7356164	
118.5568	35.4338766	35.4214572	35.8091224	35.7879763	
118.567	35.4869246	35.4650904	35.8621704	35.8490628	
118.5771	35.5388372	35.5261769	35.914083	35.8926961	
118.5873	35.5904053	35.5785368	35.9656511	35.9537826	
118.5975	35.6408691	35.6308967	36.0161149	35.9974158	
118.609	35.6971152	35.6832566	36.072361	36.0585023	
118.6177	35.7391743	35.7268898	36.1144201	36.1021356	
118.6287	35.791166	35.7792497	36.1664118	36.1544955	
118.6381	35.8348762	35.8228829	36.210122	36.1981287	
118.6481	35.8809244	35.8752428	36.2561702	36.2504886	
118.6586	35.9281439	35.918876	36.3033897	36.3028484	
118.6685	35.9717146	35.9625092	36.3469604	36.3464817	
118.6786	36.0156855	36.0061425	36.3909313	36.3988416	
118.697	36.0922796	36.0497757	36.4675254	36.4424748	
118.7016	36.1116129	36.1021356	36.4868587	36.4948347	
118.7117	36.1528674	36.1457688	36.5281132	36.5384679	
118.7219	36.1938346	36.189402	36.5690804	36.5821011	
118.7321	36.233692	36.2330353	36.6089378	36.6170077	
118.7422	36.2728359	36.2679419	36.6480817	36.6519143	
118.7524	36.3111264	36.3028484	36.6863722	36.6955475	
118.7625	36.3486609	36.337755	36.7239067	36.7304541	
118.7728	36.3855318	36.3726616	36.7607776	36.7653607	
118.7829	36.4214198	36.4075682	36.7966656	36.8002673	
118.793	36.4563984	36.4512014	36.8316441	36.8351739	
118.8034	36.4914581	36.486108	36.8667039	36.8613538	
118.8134	36.524414	36.512288	36.8996598	36.8962604	
118.8235	36.5571285	36.5471945	36.9323743	36.931167	
118.8337	36.5890391	36.5821011	36.9642849	36.9573469	
118.8438	36.6202984	36.6170077	36.9955442	36.9835268	
118.854	36.6507817	36.6431876	37.0260275	37.0184334	
118.8641	36.6801978	36.6693676	37.0554436	37.0358867	
118.8743	36.7091038	36.7042742	37.0843496	37.0707933	
118.8845	36.7372744	36.7217275	37.1125202	37.0969733	
118.8946	36.7643393	36.7479074	37.1395851	37.1231532	
118.9048	36.790873	36.7740873	37.1661188	37.1406065	
118.9149	36.8164588	36.7915406	37.1917046	37.1755131	
118.9251	36.8413098	36.8177206	37.2165556	37.1929664	
118.9354	36.8657465	36.8439005	37.2409923	37.2104197	
118.9454	36.8887715	36.8613538	37.2640173	37.2365996	
118.9555	36.9112977	36.8788071	37.2865435	37.2627795	
118.9658	36.9332667	36.8962604	37.3085125	37.2802328	
118.9758	36.954111	36.9137137	37.3293567	37.2976861	
118.9862	36.9747628	36.931167	37.3500086	37.3151394	
118.9962	36.9939464	36.9573469	37.3691922	37.3413193	
119.0063	37.0125985	36.9748002	37.3878443	37.3587726	
119.0165	37.0305421	37.0009801	37.4057879	37.3849526	
119.0266	37.0477639	37.0184334	37.4230096	37.4024059	
119.0368	37.0642345	37.0358867	37.4394803	37.4198592	
119.0469	37.0798658	37.0620667	37.4551116	37.4373125	
119.0571	37.0948318	37.07952	37.4700776	37.4547657	
119.0672	37.1090385	37.1056999	37.4842843	37.472219	
119.0774	37.1224238	37.1144265	37.4976696	37.4896723	
119.0876	37.1352035	37.1318798	37.5104493	37.5071256	
119.0977	37.1471751	37.1406065	37.5224209	37.5158523	
119.1079	37.1584523	37.1493331	37.5336981	37.5245789	
119.1181	37.169	37.1580598	37.5442458	37.5333056	
119.1282	37.1787477	37.1667864	37.5539935	37.5420322	
119.1383	37.1878367	37.1755131	37.5630825	37.5507589	
119.1486	37.1963751	37.1755131	37.5716209	37.5507589	
119.1586	37.2039868	37.1755131	37.5792326	37.5594855	
119.1688	37.2110232	37.1755131	37.586269	37.5594855	
119.179	37.2174117	37.1755131	37.5926575	37.5594855	
119.1892	37.2231826	37.1755131	37.5984284	37.5594855	
119.2072	37.230873	37.1755131	37.6061188	37.5594855	
119.2118	37.2329127	37.1755131	37.6081585	37.5594855	
119.2221	37.2367142	37.1755131	37.61196	37.5594855	
119.2321	37.2399288	37.1755131	37.6151746	37.5594855	
119.2423	37.2426531	37.1755131	37.6178989	37.5594855	
119.2525	37.2448932	37.1755131	37.620139	37.5594855	
119.2626	37.2466864	37.1755131	37.6219322	37.5594855	
119.2728	37.2516065	37.1755131	37.6268522	37.5594855	
119.2829	37.2516065	37.1842397	37.6268522	37.5594855	
119.2931	37.2516065	37.1929664	37.6268522	37.5594855	
119.3035	37.2516065	37.1929664	37.6268522	37.5594855	
119.3134	37.2516065	37.1929664	37.6268522	37.5594855	
119.3236	37.2516065	37.1929664	37.6268522	37.5594855	
119.3338	37.2516065	37.201693	37.6268522	37.5594855	
119.3439	37.2516065	37.201693	37.6268522	37.5594855	
119.354	37.2516065	37.201693	37.6268522	37.5594855	
119.3642	37.2516065	37.201693	37.6268522	37.5594855	
119.3744	37.2516065	37.201693	37.6268522	37.5594855	
119.3845	37.2516065	37.201693	37.6268522	37.5594855	
119.3947	37.2516065	37.201693	37.6268522	37.5594855	
119.4049	37.2516065	37.201693	37.6268522	37.5594855	
119.415	37.2516065	37.201693	37.6268522	37.5594855	
119.4252	37.2516065	37.201693	37.6268522	37.5594855	
119.4354	37.2516065	37.201693	37.6268522	37.5682121	
119.4457	37.2516065	37.201693	37.6268522	37.5769388	
119.4557	37.2516065	37.201693	37.6268522	37.5769388	
119.4658	37.2516065	37.201693	37.6268522	37.5769388	
119.4761	37.2516065	37.201693	37.6268522	37.5769388	
119.4862	37.2516065	37.201693	37.6268522	37.5769388	
119.4963	37.2516065	37.201693	37.6268522	37.5769388	
119.5065	37.2516065	37.201693	37.6268522	37.5769388	
119.5166	37.2516065	37.201693	37.6268522	37.5769388	
119.5267	37.2516065	37.201693	37.6268522	37.5769388	
119.5369	37.2516065	37.201693	37.6268522	37.5769388	
119.5471	37.2516065	37.201693	37.6268522	37.5769388	
119.5572	37.2516065	37.201693	37.6268522	37.5769388	
119.5753	37.2516065	37.201693	37.6268522	37.5769388	
119.5799	37.2516065	37.201693	37.6268522	37.5769388	
119.5901	37.2516065	37.201693	37.6268522	37.5769388	
119.6005	37.2516065	37.201693	37.6268522	37.5769388	
119.6118	37.2516065	37.201693	37.6268522	37.5769388	
119.6206	37.2516065	37.201693	37.6268522	37.5769388	
119.6317	37.2516065	37.201693	37.6268522	37.5769388	
119.6408	37.2516065	37.201693	37.6268522	37.5769388	
119.6509	37.2516065	37.201693	37.6268522	37.5769388	
119.6695	37.2516065	37.201693	37.6268522	37.5769388	
119.6741	37.2516065	37.201693	37.6268522	37.5769388	
119.6843	37.2516065	37.201693	37.6268522	37.5769388	
119.6944	37.2516065	37.201693	37.6268522	37.5769388	
119.7051	37.2516065	37.201693	37.6268522	37.5769388	
119.715	37.2516065	37.201693	37.6268522	37.5769388	
119.7253	37.2516065	37.201693	37.6268522	37.5769388	
119.7355	37.2516065	37.201693	37.6268522	37.5769388	
119.7455	37.2516065	37.201693	37.6268522	37.5769388	
119.7557	37.2516065	37.201693	37.6268522	37.5769388	
119.7659	37.2516065	37.201693	37.6268522	37.5769388	
119.776	37.2516065	37.201693	37.6268522	37.5769388	
119.7862	37.2516065	37.201693	37.6268522	37.5769388	
119.7963	37.2516065	37.201693	37.6268522	37.5769388	
119.8066	37.2516065	37.201693	37.6268522	37.5769388	
119.8168	37.2516065	37.201693	37.6268522	37.5769388	
119.827	37.2516065	37.201693	37.6268522	37.5769388	
119.8372	37.2516065	37.201693	37.6268522	37.5769388	
119.8475	37.2516065	37.201693	37.6268522	37.5769388	
119.8575	37.2516065	37.201693	37.6268522	37.5769388	
119.8676	37.2516065	37.201693	37.6268522	37.5769388	
119.8779	37.2516065	37.201693	37.6268522	37.5769388	
119.888	37.2516065	37.201693	37.6268522	37.5769388	
119.8981	37.2516065	37.201693	37.6268522	37.5769388	
119.9083	37.2516065	37.201693	37.6268522	37.5769388	
119.9186	37.2516065	37.201693	37.6268522	37.5769388	
119.9286	37.2516065	37.201693	37.6268522	37.5769388	
119.9387	37.2516065	37.201693	37.6268522	37.5769388	
119.9489	37.2516065	37.201693	37.6268522	37.5769388	
119.959	37.2516065	37.201693	37.6268522	37.5769388	
119.9771	37.2516065	37.201693	37.6268522	37.5769388	
119.9817	37.2516065	37.201693	37.6268522	37.5769388	
119.9918	37.2516065	37.201693	37.6268522	37.5769388	
120.002	37.2516065	37.201693	37.6268522	37.5769388	
120.0122	37.2516065	37.201693	37.6268522	37.5769388	
120.0224	37.2516065	37.201693	37.6268522	37.5769388	
120.0325	37.2516065	37.201693	37.6268522	37.5769388	
120.0427	37.2516065	37.201693	37.6268522	37.5769388	
120.0529	37.2516065	37.201693	37.6268522	37.5769388	
120.063	37.2516065	37.201693	37.6268522	37.5769388	
120.0732	37.2516065	37.201693	37.6268522	37.5769388	
120.0836	37.2516065	37.201693	37.6268522	37.5769388	
120.0936	37.2516065	37.201693	37.6268522	37.5769388	
120.1037	37.2516065	37.201693	37.6268522	37.5769388	
120.1138	37.2516065	37.201693	37.6268522	37.5769388	
120.124	37.2516065	37.201693	37.6268522	37.5769388	
120.1342	37.2516065	37.201693	37.6268522	37.5769388	
120.1443	37.2516065	37.201693	37.6268522	37.5769388	
120.1545	37.2516065	37.201693	37.6268522	37.5769388	
120.1647	37.2516065	37.201693	37.6268522	37.5769388	
120.1748	37.2516065	37.201693	37.6268522	37.5769388	
120.185	37.2516065	37.201693	37.6268522	37.5769388	
120.1951	37.2516065	37.201693	37.6268522	37.5769388	
120.2055	37.2516065	37.201693	37.6268522	37.5769388	
120.224	37.2516065	37.201693	37.6268522	37.5769388	
120.2287	37.2516065	37.201693	37.6268522	37.5769388	
120.2471	37.2516065	37.201693	37.6268522	37.5769388	
120.2517	37.2516065	37.201693	37.6268522	37.5769388	
120.2619	37.2516065	37.201693	37.6268522	37.5769388	
120.272	37.2516065	37.201693	37.6268522	37.5769388	
120.2822	37.2516065	37.201693	37.6268522	37.5769388	
120.2923	37.2516065	37.201693	37.6268522	37.5769388	
120.3027	37.2516065	37.201693	37.6268522	37.5769388	
120.3127	37.2516065	37.201693	37.6268522	37.5769388	
120.3228	37.2516065	37.201693	37.6268522	37.5769388	
120.333	37.2516065	37.201693	37.6268522	37.5769388	
120.3432	37.2516065	37.201693	37.6268522	37.5769388	
120.3533	37.2516065	37.201693	37.6268522	37.5769388	
120.3635	37.2516065	37.201693	37.6268522	37.5769388	
120.3736	37.2516065	37.201693	37.6268522	37.5769388	
120.3838	37.2516065	37.201693	37.6268522	37.5769388	
120.394	37.2516065	37.201693	37.6268522	37.5769388	
120.4041	37.2516065	37.201693	37.6268522	37.5769388	
120.4143	37.2516065	37.201693	37.6268522	37.5769388	
120.4244	37.2516065	37.201693	37.6268522	37.5769388	
120.4346	37.2516065	37.201693	37.6268522	37.5769388	
120.4447	37.2516065	37.201693	37.6268522	37.5769388	
120.4549	37.2516065	37.201693	37.6268522	37.5769388	
120.465	37.2516065	37.201693	37.6268522	37.5769388	
120.4752	37.2516065	37.201693	37.6268522	37.5769388	
120.4854	37.2516065	37.201693	37.6268522	37.5769388	
120.4956	37.2516065	37.201693	37.6268522	37.5769388	
120.5057	37.2516065	37.201693	37.6268522	37.5769388	
120.5159	37.2516065	37.201693	37.6268522	37.5769388	
120.5261	37.2516065	37.201693	37.6268522	37.5769388	
120.5362	37.2516065	37.201693	37.6268522	37.5769388	
120.5464	37.2516065	37.201693	37.6268522	37.5769388	
120.5565	37.2516065	37.201693	37.6268522	37.5769388	
120.5667	37.2516065	37.201693	37.6268522	37.5769388	
120.5768	37.2516065	37.201693	37.6268522	37.5769388	
120.587	37.2516065	37.201693	37.6268522	37.5769388	
120.5971	37.2516065	37.201693	37.6268522	37.5769388	
120.6073	37.2516065	37.201693	37.6268522	37.5769388	
120.6174	37.2516065	37.201693	37.6268522	37.5769388	
120.6276	37.2516065	37.201693	37.6268522	37.5769388	
120.6378	37.2516065	37.201693	37.6268522	37.5769388	
120.648	37.2516065	37.201693	37.6268522	37.5769388	
120.658	37.2516065	37.201693	37.6268522	37.5769388	
120.6682	37.2516065	37.201693	37.6268522	37.5769388	
120.6784	37.2516065	37.201693	37.6268522	37.5769388	
120.6885	37.2516065	37.201693	37.6268522	37.5769388	
120.6987	37.2516065	37.201693	37.6268522	37.5769388	
120.7088	37.2516065	37.201693	37.6268522	37.5769388	
120.7189	37.2516065	37.201693	37.6268522	37.5769388	
120.7291	37.2516065	37.201693	37.6268522	37.5769388	
120.7393	37.2516065	37.201693	37.6268522	37.5769388	
120.7494	37.2516065	37.201693	37.6268522	37.5769388	
120.7597	37.2516065	37.201693	37.6268522	37.5769388	
120.7698	37.2516065	37.201693	37.6268522	37.5769388	
120.7799	37.2516065	37.201693	37.6268522	37.5769388	
120.7902	37.2516065	37.201693	37.6268522	37.5769388	
120.8002	37.2516065	37.201693	37.6268522	37.5769388	
120.8104	37.2516065	37.201693	37.6268522	37.5769388	
120.8205	37.2516065	37.201693	37.6268522	37.5769388	
120.839	37.2516065	37.201693	37.6268522	37.5769388	
120.8437	37.2516065	37.201693	37.6268522	37.5769388	
120.8538	37.2516065	37.201693	37.6268522	37.5769388	
120.8639	37.2516065	37.201693	37.6268522	37.5769388	
120.8741	37.2516065	37.201693	37.6268522	37.5769388	
120.8842	37.2516065	37.201693	37.6268522	37.5769388	
120.8944	37.2516065	37.201693	37.6268522	37.5769388	
120.912	37.2516065	37.201693	37.6268522	37.5769388	
120.9222	37.2516065	37.201693	37.6268522	37.5769388	
120.9323	37.2516065	37.201693	37.6268522	37.5769388	
120.9425	37.2516065	37.201693	37.6268522	37.5769388	
120.9526	37.2516065	37.201693	37.6268522	37.5769388	
120.9627	37.2516065	37.201693	37.6268522	37.5769388	
120.973	37.2516065	37.201693	37.6268522	37.5769388	
120.9831	37.2516065	37.201693	37.6268522	37.5856654	
120.9932	37.2516065	37.201693	37.6268522	37.5856654	
121.0035	37.2516065	37.201693	37.6268522	37.5856654	
121.0136	37.2516065	37.201693	37.6268522	37.5856654	
121.0238	37.2516065	37.2104197	37.6268522	37.5856654	
121.034	37.2516065	37.2104197	37.6268522	37.5943921	
121.0441	37.2516065	37.2191463	37.6268522	37.5943921	
121.0543	37.2516065	37.2278729	37.6268522	37.5943921	
121.0644	37.2516065	37.2278729	37.6268522	37.6031187	
121.0746	37.2516065	37.2365996	37.6268522	37.6118454	
121.0848	37.2516065	37.2365996	37.6268522	37.620572	
121.0951	37.2503398	37.2365996	37.6255856	37.6292987	
121.1054	37.2482043	37.2365996	37.6234501	37.6380253	
121.1152	37.2454331	37.2365996	37.6206788	37.646752	
121.1254	37.2417017	37.2365996	37.6169475	37.646752	
121.1356	37.2371563	37.2365996	37.6124021	37.6554786	
121.1457	37.2318228	37.2365996	37.6070686	37.6554786	
121.1558	37.2256426	37.2278729	37.6008884	37.646752	
121.1661	37.2185565	37.2278729	37.5938023	37.646752	
121.1762	37.2107999	37.2191463	37.5860457	37.646752	
121.1863	37.2021424	37.2104197	37.5773882	37.6292987	
121.1965	37.1926348	37.2104197	37.5678806	37.6292987	
121.2066	37.1823772	37.201693	37.5576229	37.620572	
121.2168	37.1711803	37.1929664	37.5464261	37.6118454	
121.2269	37.1592408	37.1842397	37.5344866	37.6031187	
121.2371	37.1464694	37.1755131	37.5217152	37.5943921	
121.2473	37.1328279	37.1667864	37.5080737	37.5943921	
121.2574	37.1184365	37.1580598	37.4936823	37.5943921	
121.2676	37.1030965	37.1406065	37.4783423	37.5856654	
121.2778	37.0869933	37.1231532	37.4622391	37.5769388	
121.2879	37.0700708	37.1144265	37.4453166	37.5594855	
121.298	37.0524364	37.1056999	37.4276822	37.5507589	
121.3082	37.0337912	37.0882466	37.409037	37.5333056	
121.3184	37.0144012	37.07952	37.389647	37.5071256	
121.3285	36.9943381	37.0707933	37.3695839	37.4809457	
121.3386	36.9732313	37.05334	37.3484771	37.4547657	
121.3488	36.9513712	37.0358867	37.326617	37.4198592	
121.3589	36.9287804	37.0184334	37.3040262	37.3849526	
121.3691	36.9051835	37.0009801	37.2804293	37.350046	
121.3793	36.8808009	36.9748002	37.2560467	37.3064128	
121.3894	36.8556786	36.9486203	37.2309244	37.2715062	
121.3996	36.8295354	36.9224403	37.2047811	37.2278729	
121.4097	36.8030518	36.8962604	37.1782976	37.1929664	
121.4198	36.7754502	36.8613538	37.150696	37.1580598	
121.43	36.746759	36.8264472	37.1220048	37.1318798	
121.4401	36.7176925	36.7915406	37.0929383	37.1056999	
121.4503	36.6876709	36.756634	37.0629167	37.0707933	
121.4604	36.656702	36.7217275	37.0319478	37.05334	
121.4706	36.6248963	36.6868209	37.0001421	37.0271601	
121.4887	36.5652417	36.6170077	36.9404875	36.9835268	
121.4933	36.5498683	36.5995544	36.9251141	36.9660736	
121.5034	36.5157957	36.5646478	36.8910415	36.9486203	
121.5136	36.4805014	36.5210146	36.8557472	36.9224403	
121.5237	36.4443798	36.486108	36.8196256	36.8962604	
121.5339	36.4075362	36.4424748	36.782782	36.8613538	
121.544	36.3698544	36.4075682	36.7451002	36.8264472	
121.5541	36.3313885	36.363935	36.7066343	36.7915406	
121.5643	36.2918929	36.3290284	36.6671387	36.756634	
121.5745	36.251612	36.2941218	36.6268578	36.7130008	
121.5847	36.21064	36.2592152	36.5858858	36.6693676	
121.5948	36.1687092	36.215582	36.5439549	36.6257344	
121.6053	36.1245347	36.1806754	36.4997805	36.5821011	
121.6165	36.0767042	36.1457688	36.45195	36.5297412	
121.6253	36.0383056	36.1108622	36.4135514	36.486108	
121.6361	35.9901953	36.067229	36.3654411	36.4337481	
121.6462	35.9442419	36.0235958	36.3194877	36.3813883	
121.6563	35.8977927	35.9886892	36.2730385	36.337755	
121.6665	35.8499927	35.9363293	36.2252385	36.2853951	
121.6767	35.8009371	35.8926961	36.1761828	36.2330353	
121.6869	35.7502701	35.8490628	36.1255159	36.1806754	
121.6971	35.7001775	35.796703	36.0754233	36.1283155	
121.7071	35.6509791	35.7356164	36.0262249	36.0759556	
121.7172	35.5996866	35.6832566	35.9749324	36.0235958	
121.7274	35.5465452	35.62217	35.921791	35.9625092	
121.7375	35.4933488	35.5698102	35.8685946	35.9101494	
121.7477	35.4391053	35.499997	35.8143511	35.8577895	
121.7579	35.3833606	35.4389105	35.7586064	35.796703	
121.768	35.3282801	35.3778239	35.7035258	35.7443431	
121.7781	35.2716283	35.3167374	35.6468741	35.6919832	
121.7883	35.2136501	35.2556509	35.5888959	35.6396233	
121.7984	35.155581	35.1945644	35.5308268	35.5785368	
121.8087	35.0953741	35.1334778	35.4706198	35.5174503	
121.8189	35.035329	35.081118	35.4105748	35.4650904	
121.8291	34.974404	35.0113048	35.3496498	35.3952772	
121.8392	34.9127148	34.9589449	35.2879606	35.3429174	
121.8501	34.8452644	34.8978584	35.2205102	35.2818308	
121.8595	34.7872269	34.8367719	35.1624727	35.2207443	
121.8697	34.7225724	34.784412	35.0978182	35.1509311	
121.8798	34.657746	34.7233255	35.0329918	35.0898446	
121.8899	34.5925943	34.6622389	34.9678401	35.0200314	
121.9001	34.5252035	34.6011524	34.9004493	34.9589449	
121.9103	34.4576598	34.5400659	34.8329056	34.8891317	
121.9203	34.3902548	34.4702527	34.7655006	34.8193186	
121.9305	34.3211941	34.4091662	34.6964399	34.7495054	
121.9407	34.2505665	34.3480797	34.6258123	34.6796922	
121.951	34.1788994	34.2695399	34.5541452	34.6011524	
121.9613	34.1062	34.1997267	34.4814458	34.5226126	
121.9718	34.0311766	34.1211869	34.4064224	34.4527994	
121.9816	33.9607815	34.0513737	34.3360273	34.3829863	
121.9918	33.8862585	33.9728339	34.2615043	34.3044464	
122.0021	33.8098131	33.8942941	34.1850589	34.2346333	
122.0121	33.7357774	33.8157543	34.1110232	34.1560935	
122.0223	33.6586017	33.7372144	34.0338475	34.0775536	
122.0327	33.5791779	33.6586746	33.9544237	33.9990138	
122.0426	33.5033865	33.5714082	33.8786323	33.920474	
122.0527	33.4241889	33.4928683	33.7994347	33.8419342	
122.0632	33.3418776	33.4056019	33.7171234	33.7546677	
122.0731	33.2635257	33.3183354	33.6387715	33.6761279	
122.0832	33.1820823	33.231069	33.5573281	33.5975881	
122.0938	33.0959939	33.1438025	33.4712397	33.5103216	
122.1037	33.0151105	33.056536	33.3903563	33.4230552	
122.1138	32.931794	32.9779962	33.3070398	33.3445154	
122.1242	32.8447582	32.8907298	33.220004	33.2572489	
122.1342	32.7605353	32.8121899	33.1357811	33.1787091	
122.1443	32.674608	32.7249235	33.0498538	33.0914426	
122.1546	32.585468	32.637657	32.9607138	33.0041762	
122.1645	32.4997373	32.5591172	32.8749831	32.9169097	
122.1747	32.4105177	32.4718507	32.7857635	32.8296432	
122.1851	32.3182535	32.3933109	32.6934993	32.7423768	
122.195	32.2302931	32.3060445	32.6055389	32.6551103	
122.2051	32.1391377	32.218778	32.5143835	32.5678438	
122.2156	32.0439665	32.1227849	32.4192123	32.4718507	
122.2254	31.9535851	32.0355184	32.3288309	32.3845843	
122.2356	31.8595503	31.9395253	32.2347961	32.2885912	
122.2465	31.7580008	31.8522588	32.1332466	32.2013247	
122.2559	31.6693528	31.7562657	32.0445986	32.1053316	
122.2661	31.5730124	31.6602726	31.9482582	32.0093385	
122.2765	31.4728705	31.5642795	31.8481163	31.9133454	
122.2864	31.3775346	31.4682864	31.7527804	31.8173523	
122.2965	31.2792014	31.3635667	31.6544472	31.7213592	
122.307	31.1759959	31.2675735	31.5512417	31.625366	
122.3169	31.0784912	31.1628538	31.453737	31.5206463	
122.3272	30.9755342	31.0668607	31.35078	31.4159265	
122.3374	30.8724287	30.9621409	31.2476745	31.3112068	
122.3472	30.7729573	30.8486945	31.1482031	31.2152137	
122.3574	30.6688385	30.7439748	31.0440843	31.1104939	
122.3679	30.5605002	30.6305284	30.935746	31.0057742	
122.3777	30.4590858	30.5258086	30.8343316	30.9010544	
122.3879	30.3522409	30.4123622	30.7274867	30.787608	
122.3984	30.241798	30.3076425	30.6170438	30.6828883	
122.4082	30.1378971	30.1941961	30.5131429	30.5781685	
122.4183	30.0294747	30.0894763	30.4047205	30.4734487	
122.4288	29.9163246	29.9847565	30.2915704	30.368729	
122.4386	29.8093655	29.8713101	30.1846113	30.2640092	
122.4487	29.6985433	29.7665904	30.0737891	30.1505628	
122.4592	29.5825165	29.6618706	29.9577623	30.0458431	
122.469	29.4735631	29.5484242	29.8488089	29.9323967	
122.4793	29.3591906	29.4349778	29.7344364	29.8102236	
122.4897	29.2411324	29.3215314	29.6163782	29.7055039	
122.4995	29.1301552	29.2168117	29.505401	29.5833308	
122.5096	29.0142076	29.1033653	29.3894534	29.4698844	
122.5201	28.8929075	28.9811922	29.2681533	29.3477114	
122.53	28.779059	28.8677458	29.1543048	29.234265	
122.5401	28.6602743	28.7542994	29.0355201	29.1120919	
122.5507	28.5362748	28.6321264	28.9115205	28.9899189	
122.5604	28.4206285	28.51868	28.7958742	28.8677458	
122.5706	28.2998114	28.3965069	28.6750572	28.7455728	
122.5811	28.1727493	28.2743339	28.5479951	28.6233997	
122.5909	28.0560013	28.1521608	28.4312471	28.4925	
122.601	27.9342133	28.0299878	28.3094591	28.370327	
122.6115	27.8084173	27.8990881	28.1836631	28.2394273	
122.6219	27.6830413	27.7681884	28.0582871	28.099801	
122.6326	27.5550733	27.6460154	27.9303191	27.9776279	
122.6421	27.4410973	27.5151157	27.8163431	27.8554549	
122.6522	27.3212458	27.384216	27.6964916	27.7245552	
122.6624	27.2013294	27.2620429	27.5765752	27.5936555	
122.6726	27.0817025	27.1224166	27.4569483	27.4714824	
122.6827	26.9639883	27.0002435	27.3392341	27.3405827	
122.6929	26.8460829	26.8693438	27.2213287	27.2184097	
122.703	26.7297105	26.7384441	27.1049563	27.08751	
122.7131	26.614811	26.6162711	26.9900568	26.9653369	
122.7233	26.4993109	26.494098	26.8745567	26.8518905	
122.7336	26.3844519	26.371925	26.7596977	26.7297175	
122.7438	26.2703813	26.2584786	26.6456271	26.6162711	
122.7538	26.1594102	26.1450322	26.534656	26.5028247	
122.7644	26.0433392	26.0315858	26.418585	26.3893783	
122.7742	25.935834	25.9181394	26.3110798	26.2846585	
122.7843	25.8268846	25.8134196	26.2021304	26.1712121	
122.8027	25.6311341	25.6214334	26.0063798	25.9792259	
122.8073	25.5817489	25.5690735	25.9569947	25.9355927	
122.8174	25.4749244	25.4643538	25.8501702	25.8308729	
122.8276	25.3679287	25.359634	25.7431745	25.7261532	
122.8377	25.2628511	25.2636409	25.6380969	25.6214334	
122.8479	25.1575952	25.1676478	25.5328409	25.5254403	
122.8581	25.053429	25.0629281	25.4286748	25.4294472	
122.8682	24.9506574	24.9756616	25.3259032	25.3334541	
122.8784	24.8480615	24.8796685	25.2233073	25.237461	
122.8885	24.7466841	24.7836754	25.1219299	25.1501945	
122.8986	24.6462997	24.6876823	25.0215455	25.0542014	
122.9088	24.5460975	24.6004158	24.9213433	24.9582083	
122.919	24.447018	24.5044227	24.8222638	24.8709418	
122.9291	24.3491494	24.4084296	24.7243952	24.7749487	
122.9393	24.2514202	24.3124365	24.626666	24.6789556	
122.9494	24.1550032	24.2164434	24.530249	24.5829625	
122.9597	24.0584979	24.1117236	24.4337436	24.4869694	
122.9697	23.9645497	24.0157305	24.3397955	24.3997029	
122.9799	23.8701297	23.9197374	24.2453754	24.2949832	
122.99	23.7768134	23.8150176	24.1520592	24.1989901	
123.0002	23.6845575	23.7190245	24.0598033	24.102997	
123.0103	23.5924463	23.6230314	23.9676921	24.0070039	
123.0205	23.5018929	23.5270383	23.8771387	23.9110108	
123.0307	23.4113723	23.4397719	23.7866181	23.8150176	
123.0409	23.3218248	23.3437787	23.6970706	23.7190245	
123.0509	23.2341221	23.2477856	23.6093679	23.6317581	
123.0613	23.1447899	23.1517925	23.5200357	23.535765	
123.0714	23.0579839	23.0645261	23.4332297	23.4397719	
123.0816	22.9721453	22.968533	23.3473911	23.3525054	
123.0917	22.8866249	22.8812665	23.2618707	23.2565123	
123.1019	22.8021328	22.794	23.1773786	23.1692458	
123.1121	22.7188816	22.7067336	23.0941274	23.0819794	
123.1222	22.6362328	22.6281938	23.0114786	23.0034395	
123.1324	22.5538588	22.5496539	22.9291046	22.9161731	
123.1426	22.47246	22.4623875	22.8477058	22.8289066	
123.1528	22.3919694	22.3925743	22.7672152	22.7503668	
123.1629	22.3129078	22.3140345	22.6881536	22.671827	
123.1731	22.2342348	22.2442213	22.6094805	22.6020138	
123.1832	22.1565817	22.1656815	22.5318275	22.5147474	
123.1934	22.0793824	22.0958683	22.4546282	22.4449342	
123.2035	22.0036596	22.0260552	22.3789053	22.375121	
123.2137	21.9281356	21.956242	22.3033813	22.3053078	
123.2239	21.8528665	21.8864288	22.2281123	22.2354947	
123.234	21.7795845	21.8166156	22.1548303	22.1569549	
123.2442	21.7067396	21.7555291	22.0819854	22.0871417	
123.2544	21.6336601	21.685716	22.0089059	22.0173285	
123.2645	21.563059	21.6159028	21.9383047	21.9475153	
123.2747	21.4925326	21.5460896	21.8677784	21.8777022	
123.2849	21.4220729	21.4850031	21.7973187	21.807889	
123.295	21.3538904	21.4151899	21.7291362	21.7380758	
123.3051	21.2859062	21.3366501	21.661152	21.6682627	
123.3153	21.2185711	21.2668369	21.5938169	21.5984495	
123.3255	21.1521924	21.1970238	21.5274382	21.537363	
123.3357	21.086283	21.1184839	21.4615288	21.4675498	
123.3458	21.0216879	21.0486708	21.3969337	21.3977366	
123.3559	20.9579493	20.9788576	21.333195	21.3279235	
123.3661	20.8946562	20.9090444	21.269902	21.2668369	
123.3763	20.8321356	20.8392313	21.2073814	21.1970238	
123.3864	20.7708998	20.7694181	21.1461456	21.1359372	
123.3965	20.7102262	20.6996049	21.085472	21.0748507	
123.4068	20.649795	20.6385184	21.0250408	21.0137642	
123.4168	20.5911173	20.5774319	20.9663631	20.9526777	
123.427	20.5329113	20.525072	20.9081571	20.8915911	
123.4372	20.4750079	20.4639855	20.8502536	20.8392313	
123.4473	20.4187447	20.402899	20.7939905	20.7694181	
123.4574	20.3628692	20.3505391	20.738115	20.7170582	
123.4676	20.3079614	20.2981792	20.6832072	20.6646983	
123.4779	20.252755	20.254546	20.6280008	20.6123385	
123.4879	20.1999694	20.2109127	20.5752152	20.5599786	
123.4981	20.1471809	20.1585529	20.5224267	20.5076187	
123.5082	20.0956528	20.106193	20.4708986	20.4639855	
123.5184	20.0444213	20.0625598	20.4196671	20.4116256	
123.5285	19.9943741	20.0189265	20.3696199	20.3679924	
123.5386	19.9451557	19.9665666	20.3204015	20.3156325	
123.5488	19.8966333	19.9316601	20.2718791	20.2807259	
123.559	19.8485731	19.8880268	20.2238189	20.228366	
123.5691	19.8017409	19.8443936	20.1769867	20.1847328	
123.5793	19.7552416	19.8007604	20.1304874	20.1410996	
123.5898	19.7082874	19.7571271	20.0835332	20.0974663	
123.6	19.6637295	19.7047673	20.0389753	20.0538331	
123.6104	19.618722	19.661134	19.9939678	20.0101999	
123.6216	19.5717676	19.6175008	19.9470134	19.9665666	
123.6305	19.5347833	19.5738676	19.9100291	19.9229334	
123.6408	19.4926155	19.5302343	19.8678613	19.8793002	
123.6509	19.4526129	19.4778745	19.8278587	19.8356669	
123.661	19.4130503	19.4342412	19.7882961	19.7920337	
123.6712	19.3736991	19.390608	19.7489449	19.7571271	
123.6813	19.3359782	19.3469748	19.7112239	19.7134939	
123.6914	19.2986055	19.3033415	19.6738512	19.6698607	
123.7108	19.2308063	19.2335284	19.6060521	19.6000475	
123.7154	19.2148387	19.2160751	19.5900845	19.5825942	
123.7256	19.1799212	19.1724418	19.555167	19.5476876	
123.7362	19.1446988	19.1375352	19.5199446	19.512781	
123.7463	19.111767	19.1026287	19.4870128	19.4691478	
123.7564	19.0796444	19.0677221	19.4548901	19.4429679	
123.7666	19.0478686	19.0415421	19.4231144	19.4080613	
123.7768	19.0172601	19.0153622	19.3925059	19.3731547	
123.7869	18.9874382	18.9891823	19.362684	19.3469748	
123.7971	18.9580412	18.9630023	19.333287	19.3207948	
123.8073	18.9298199	18.9368224	19.3050657	19.2946149	
123.8173	18.9024524	18.9193691	19.2776982	19.2684349	
123.8275	18.8756159	18.8931892	19.2508617	19.2509816	
123.8377	18.8496267	18.8757359	19.2248725	19.2248017	
123.8479	18.8242389	18.8495559	19.1994846	19.1986218	
123.858	18.7999993	18.8321026	19.1752451	19.1811685	
123.8682	18.7762665	18.8146493	19.1515123	19.1637152	
123.8783	18.753461	18.797196	19.1287068	19.1462619	
123.8884	18.7314747	18.7710161	19.1067205	19.1288086	
123.8985	18.7102011	18.7535628	19.0854469	19.1113553	
123.9087	18.6896899	18.7361095	19.0649357	19.093902	
123.9189	18.6698165	18.7099296	19.0450622	19.0851754	
123.929	18.6508704	18.6924763	19.0261162	19.0589954	
123.9392	18.6325481	18.675023	19.0077938	19.0502688	
123.9494	18.6149643	18.6575697	18.9902101	19.0240888	
123.9595	18.5983213	18.6401164	18.9735671	19.0153622	
123.9696	18.5823567	18.6226631	18.9576025	18.9891823	
123.9798	18.5670884	18.5964832	18.9423341	18.9804556	
123.9899	18.5526685	18.5877565	18.9279143	18.9542757	
124.0001	18.5388483	18.5703032	18.9140941	18.945549	
124.0102	18.5258592	18.5528499	18.901105	18.9193691	
124.0204	18.5136129	18.5353967	18.8888587	18.9106424	
124.0306	18.5020573	18.52667	18.8773031	18.8931892	
124.0408	18.4911623	18.5179434	18.8664081	18.8844625	
124.0509	18.4811106	18.5004901	18.8563564	18.8670092	
124.0611	18.4717004	18.4917634	18.8469462	18.8582826	
124.0713	18.4629994	18.4830368	18.8382452	18.8495559	
124.0814	18.4550278	18.4830368	18.8302736	18.8408293	
124.0916	18.4477115	18.4743101	18.8229573	18.8321026	
124.1018	18.4410378	18.4655835	18.8162836	18.8321026	
124.112	18.4350407	18.4655835	18.8102865	18.823376	
124.1221	18.429733	18.4655835	18.8049788	18.823376	
124.1323	18.4250148	18.4655835	18.8002606	18.823376	
124.1425	18.4209043	18.4655835	18.7961501	18.823376	
124.1526	18.4174024	18.4655835	18.7926482	18.823376	
124.1628	18.4144253	18.4655835	18.7896711	18.823376	
124.173	18.411972	18.4655835	18.7872178	18.823376	
124.1831	18.41	18.4655835	18.7852458	18.823376	
124.1932	18.404497	18.4655835	18.7797428	18.823376	
124.2034	18.404497	18.4655835	18.7797428	18.823376	
124.2135	18.404497	18.4655835	18.7797428	18.823376	
124.2238	18.404497	18.4655835	18.7797428	18.823376	
124.2339	18.404497	18.4655835	18.7797428	18.823376	
124.244	18.404497	18.4655835	18.7797428	18.823376	
124.2542	18.404497	18.4655835	18.7797428	18.823376	
124.2643	18.404497	18.4655835	18.7797428	18.823376	
124.2745	18.404497	18.4655835	18.7797428	18.823376	
124.2847	18.404497	18.4655835	18.7797428	18.823376	
124.2948	18.404497	18.4655835	18.7797428	18.823376	
124.3049	18.404497	18.4655835	18.7797428	18.823376	
124.3151	18.404497	18.4655835	18.7797428	18.823376	
124.3253	18.404497	18.4655835	18.7797428	18.823376	
124.3354	18.404497	18.4655835	18.7797428	18.823376	
124.3456	18.404497	18.4655835	18.7797428	18.823376	
124.3557	18.404497	18.4655835	18.7797428	18.823376	
124.3659	18.404497	18.4655835	18.7797428	18.823376	
124.3761	18.404497	18.4655835	18.7797428	18.823376	
124.3862	18.404497	18.4655835	18.7797428	18.823376	
124.3964	18.404497	18.4655835	18.7797428	18.823376	
124.4066	18.404497	18.4655835	18.7797428	18.823376	
124.4167	18.404497	18.4655835	18.7797428	18.823376	
124.4268	18.404497	18.4655835	18.7797428	18.823376	
124.4371	18.404497	18.4655835	18.7797428	18.823376	
124.4471	18.404497	18.4655835	18.7797428	18.823376	
124.4573	18.404497	18.4655835	18.7797428	18.823376	
124.4674	18.404497	18.4655835	18.7797428	18.823376	
124.4776	18.404497	18.4655835	18.7797428	18.823376	
124.4879	18.404497	18.4655835	18.7797428	18.823376	
124.4979	18.404497	18.4655835	18.7797428	18.823376	
124.5081	18.404497	18.4655835	18.7797428	18.823376	
124.5182	18.404497	18.4655835	18.7797428	18.823376	
124.5284	18.404497	18.4655835	18.7797428	18.823376	
124.5385	18.404497	18.4655835	18.7797428	18.823376	
124.5486	18.404497	18.4655835	18.7797428	18.823376	
124.5589	18.404497	18.4655835	18.7797428	18.823376	
124.569	18.404497	18.4655835	18.7797428	18.823376	
124.5791	18.404497	18.4655835	18.7797428	18.823376	
124.5894	18.404497	18.4655835	18.7797428	18.823376	
124.5994	18.404497	18.4655835	18.7797428	18.823376	
124.6096	18.404497	18.4655835	18.7797428	18.823376	
124.6197	18.404497	18.4655835	18.7797428	18.823376	
124.6299	18.404497	18.4655835	18.7797428	18.823376	
124.6401	18.404497	18.4655835	18.7797428	18.823376	
124.6503	18.404497	18.4655835	18.7797428	18.823376	
124.6604	18.404497	18.4655835	18.7797428	18.823376	
124.6706	18.404497	18.4655835	18.7797428	18.823376	
124.6886	18.404497	18.4655835	18.7797428	18.823376	
124.6932	18.404497	18.4655835	18.7797428	18.823376	
124.7034	18.404497	18.4655835	18.7797428	18.823376	
124.7135	18.404497	18.4655835	18.7797428	18.823376	
124.7237	18.404497	18.4655835	18.7797428	18.823376	
124.7339	18.404497	18.4655835	18.7797428	18.823376	
124.7441	18.404497	18.4655835	18.7797428	18.823376	
124.7542	18.404497	18.4655835	18.7797428	18.823376	
124.7644	18.404497	18.4655835	18.7797428	18.823376	
124.7746	18.404497	18.4655835	18.7797428	18.823376	
124.7847	18.404497	18.4655835	18.7797428	18.823376	
124.7949	18.404497	18.4655835	18.7797428	18.823376	
124.8051	18.404497	18.4655835	18.7797428	18.823376	
124.8152	18.404497	18.4655835	18.7797428	18.823376	
124.8253	18.404497	18.4655835	18.7797428	18.823376	
124.8357	18.404497	18.4655835	18.7797428	18.823376	
124.8457	18.404497	18.4655835	18.7797428	18.823376	
124.8559	18.404497	18.4655835	18.7797428	18.823376	
124.866	18.404497	18.4655835	18.7797428	18.823376	
124.8761	18.404497	18.4655835	18.7797428	18.823376	
124.8864	18.404497	18.4655835	18.7797428	18.823376	
124.8965	18.404497	18.4655835	18.7797428	18.823376	
124.9066	18.404497	18.4655835	18.7797428	18.823376	
124.9172	18.404497	18.4655835	18.7797428	18.823376	
124.9269	18.404497	18.4655835	18.7797428	18.823376	
124.9373	18.404497	18.4655835	18.7797428	18.823376	
124.9475	18.404497	18.4655835	18.7797428	18.823376	
124.9573	18.404497	18.4568568	18.7797428	18.823376	
124.9675	18.404497	18.4568568	18.7797428	18.823376	
124.9779	18.404497	18.4568568	18.7797428	18.823376	
124.9878	18.404497	18.4568568	18.7797428	18.823376	
124.9979	18.404497	18.4568568	18.7797428	18.823376	
125.0084	18.404497	18.4568568	18.7797428	18.823376	
125.0183	18.404497	18.4568568	18.7797428	18.823376	
125.0284	18.404497	18.4481302	18.7797428	18.823376	
125.0388	18.404497	18.4481302	18.7797428	18.8146493	
125.0487	18.404497	18.4394035	18.7797428	18.8146493	
125.0589	18.404497	18.4306769	18.7797428	18.8146493	
125.0692	18.404497	18.4306769	18.7797428	18.8146493	
125.079	18.404497	18.4219503	18.7797428	18.8146493	
125.0894	18.404497	18.4132236	18.7797428	18.8146493	
125.0997	18.404497	18.404497	18.7797428	18.8059227	
125.1096	18.404497	18.3957703	18.7797428	18.8059227	
125.1197	18.404497	18.3957703	18.7797428	18.797196	
