125.135	18.4072848	18.3870437	18.7825306	18.797196	
125.14	18.4082085	18.378317	18.7834543	18.7884694	
125.1502	18.4111009	18.378317	18.7863467	18.7884694	
125.1603	18.4147961	18.3870437	18.7900419	18.7797428	
125.1705	18.4193282	18.3957703	18.7945739	18.7797428	
125.181	18.4249632	18.3957703	18.800209	18.7797428	
125.1909	18.4309256	18.404497	18.8061714	18.7884694	
125.201	18.4378969	18.4132236	18.8131427	18.7884694	
125.2111	18.4457165	18.4219503	18.8209623	18.797196	
125.2235	18.4566252	18.4306769	18.831871	18.797196	
125.2316	18.4641647	18.4394035	18.8394104	18.8059227	
125.2417	18.4744553	18.4568568	18.849701	18.8146493	
125.252	18.4857745	18.4655835	18.8610202	18.8146493	
125.2621	18.4976743	18.4743101	18.8729201	18.8321026	
125.2722	18.5103953	18.4830368	18.8856411	18.8408293	
125.2824	18.5240236	18.4917634	18.8992694	18.8582826	
125.2925	18.5384927	18.5004901	18.9137384	18.8757359	
125.3028	18.5538716	18.5004901	18.9291174	18.8931892	
125.313	18.5701902	18.5004901	18.945436	18.9106424	
125.3232	18.5871874	18.5092167	18.9624332	18.9280957	
125.3334	18.6049959	18.5179434	18.9802417	18.945549	
125.3435	18.6234629	18.52667	18.9987087	18.9542757	
125.3537	18.6429374	18.5353967	19.0181832	18.971729	
125.3638	18.663286	18.5528499	19.0385318	18.9891823	
125.3741	18.6843865	18.5703032	19.0596323	19.0066356	
125.3842	18.7063551	18.5964832	19.0816009	19.0153622	
125.3944	18.7290027	18.6226631	19.1042485	19.0328155	
125.4045	18.7525505	18.6575697	19.1277963	19.0502688	
125.4147	18.7771226	18.6924763	19.1523684	19.0677221	
125.4248	18.8021029	18.7186562	19.1773487	19.093902	
125.435	18.8281224	18.7535628	19.2033682	19.1113553	
125.4452	18.8551687	18.7884694	19.2304145	19.1462619	
125.4553	18.8827242	18.823376	19.25797	19.1637152	
125.4656	18.91176	18.8582826	19.2870057	19.1986218	
125.4758	18.9413101	18.8931892	19.3165559	19.2335284	
125.486	18.971344	18.9193691	19.3465898	19.2684349	
125.4962	19.0023767	18.9542757	19.3776224	19.3033415	
125.5063	19.0342918	18.9891823	19.4095375	19.3469748	
125.5165	19.0670267	19.0240888	19.4422725	19.390608	
125.5267	19.1007005	19.0589954	19.4759463	19.4255146	
125.5369	19.1349218	19.0851754	19.5101676	19.4691478	
125.547	19.1699108	19.120082	19.5451565	19.512781	
125.5572	19.2059382	19.1549885	19.581184	19.5476876	
125.5673	19.2427755	19.1898951	19.6180213	19.5913209	
125.5774	19.2801614	19.2335284	19.6554072	19.6349541	
125.5876	19.3184491	19.2684349	19.6936949	19.6785873	
125.5978	19.3580307	19.3033415	19.7332765	19.7222205	
125.6158	19.4308266	19.3731547	19.8060724	19.7920337	
125.6207	19.4504381	19.3993346	19.8256839	19.8007604	
125.6306	19.491433	19.4342412	19.8666788	19.8443936	
125.6415	19.5371547	19.4778745	19.9124005	19.8793002	
125.6516	19.5806351	19.5302343	19.9558809	19.9142068	
125.6617	19.6250162	19.5738676	20.000262	19.95784	
125.6719	19.6703941	19.6175008	20.0456398	19.9927466	
125.682	19.7164889	19.6524074	20.0917347	20.0363798	
125.6921	19.7630343	19.7047673	20.13828	20.0712864	
125.7027	19.8125733	19.7484005	20.1878191	20.1236463	
125.713	19.8621882	19.8007604	20.237434	20.1672795	
125.7323	19.958068	19.8967535	20.3333138	20.254546	
125.7369	19.9808334	19.9142068	20.3560792	20.2807259	
125.7471	20.0323627	19.9665666	20.4076084	20.3330858	
125.7572	20.0843797	20.0189265	20.4596255	20.3854457	
125.7673	20.1373443	20.0712864	20.5125901	20.4378055	
125.7775	20.1913002	20.1236463	20.566546	20.4988921	
125.7876	20.2458422	20.1760062	20.621088	20.5599786	
125.7979	20.3018031	20.228366	20.6770489	20.6123385	
125.8081	20.3586365	20.2894526	20.7338823	20.6821516	
125.8181	20.415102	20.3505391	20.7903477	20.7345115	
125.8282	20.4727575	20.4116256	20.8480033	20.8043247	
125.8399	20.5429551	20.4727121	20.9182009	20.8654112	
125.8486	20.5912947	20.5337986	20.9665405	20.9352244	
125.8587	20.6515479	20.5948852	21.0267937	20.9963109	
125.8689	20.7130764	20.6559717	21.0883222	21.0573974	
125.879	20.775156	20.7257849	21.1504018	21.1184839	
125.8892	20.8381929	20.7868714	21.2134387	21.1882971	
125.8994	20.9020896	20.8566846	21.2773354	21.2581103	
125.9095	20.9661541	20.9177711	21.3413999	21.3191968	
125.9196	21.0314966	20.9875843	21.4067424	21.3802833	
125.9298	21.0978156	21.0573974	21.4730614	21.4500965	
125.9399	21.1644308	21.1184839	21.5396766	21.511183	
125.95	21.2322349	21.1882971	21.6074807	21.5722696	
125.9602	21.3012413	21.2581103	21.6764871	21.6420827	
125.9704	21.3707457	21.3279235	21.7459915	21.7118959	
125.9805	21.4408351	21.3977366	21.8160809	21.7817091	
125.9908	21.5132627	21.4675498	21.8885085	21.8515222	
126.0009	21.584402	21.537363	21.9596478	21.9213354	
126.011	21.6572218	21.6071761	22.0324676	21.9911486	
126.0212	21.731464	21.6769893	22.1067098	22.0609617	
126.0314	21.8055677	21.7468025	22.1808134	22.1307749	
126.0415	21.8809705	21.8166156	22.2562163	22.2093147	
126.0517	21.9573149	21.8864288	22.3325607	22.2878545	
126.0619	22.0343966	21.956242	22.4096424	22.3576677	
126.0721	22.1126407	22.0347818	22.4878865	22.4362075	
126.0822	22.1911141	22.1133216	22.5663599	22.5147474	
126.0924	22.2707831	22.1831348	22.6460289	22.5932872	
126.1026	22.3514745	22.2704013	22.7267203	22.671827	
126.1127	22.4320351	22.3489411	22.8072809	22.7503668	
126.1229	22.5139014	22.4274809	22.8891472	22.8289066	
126.133	22.5966331	22.5147474	22.9718789	22.9161731	
126.1432	22.6805323	22.5932872	23.0557781	23.0034395	
126.1533	22.7646644	22.6892803	23.1399102	23.0819794	
126.1635	22.8500764	22.7765467	23.2253222	23.1692458	
126.1737	22.9364461	22.8638132	23.3116919	23.2477856	
126.1839	23.0231961	22.9510797	23.3984419	23.3350521	
126.194	23.1110229	23.0470728	23.4862687	23.4223186	
126.2041	23.1992707	23.1343392	23.5745165	23.5183117	
126.2143	23.2884279	23.2303323	23.6636737	23.6055781	
126.2245	23.3786588	23.3263255	23.7539046	23.6928446	
126.2346	23.4696978	23.4223186	23.8449436	23.7888377	
126.2448	23.5621126	23.509585	23.9373584	23.8761042	
126.255	23.6550858	23.6055781	24.0303316	23.9720973	
126.2651	23.7481811	23.7015712	24.1234268	24.0680904	
126.2753	23.8422359	23.7975644	24.2174817	24.1553568	
126.2855	23.9378423	23.8935575	24.3130881	24.2600766	
126.2956	24.0337175	23.9808239	24.4089633	24.3560697	
126.3058	24.1302525	24.0855437	24.5054983	24.4520628	
126.3159	24.2278325	24.1728101	24.6030783	24.5480559	
126.3261	24.3265709	24.2775299	24.7018167	24.644049	
126.3362	24.4255163	24.373523	24.8007621	24.7487688	
126.3464	24.5254415	24.4695161	24.9006873	24.8447619	
126.3565	24.6263302	24.5742359	25.001576	24.9494817	
126.3667	24.7288042	24.670229	25.10405	25.0454748	
126.3768	24.830695	24.7662221	25.2059408	25.1501945	
126.387	24.9342964	24.8709418	25.3095422	25.2549143	
126.3972	25.0385709	24.9669349	25.4138167	25.3509074	
126.4073	25.143431	25.0629281	25.5186768	25.4556271	
126.4175	25.2492823	25.1676478	25.6245281	25.5603469	
126.4276	25.3555976	25.2723676	25.7308434	25.6650667	
126.4377	25.4629894	25.3770873	25.8382352	25.7697864	
126.448	25.5722513	25.4818071	25.9474971	25.8832328	
126.4581	25.6810372	25.5952535	26.056283	25.9879526	
126.4682	25.7901172	25.6999732	26.165363	26.0926723	
126.4784	25.9013107	25.8134196	26.2765565	26.2061187	
126.4885	26.0124906	25.926866	26.3877364	26.3108385	
126.4986	26.1247131	26.0403124	26.4999589	26.4242849	
126.5088	26.2386257	26.1450322	26.6138714	26.5290046	
126.519	26.3527821	26.2584786	26.7280279	26.642451	
126.5291	26.4671126	26.3806516	26.8423584	26.7558974	
126.5393	26.5837688	26.494098	26.9590146	26.8780705	
126.5494	26.6993141	26.6162711	27.0745599	26.9915169	
126.5597	26.8179131	26.7384441	27.1931588	27.1049633	
126.5701	26.938919	26.8606172	27.3141648	27.2271363	
126.5802	27.0576608	26.9827902	27.4329066	27.358036	
126.5903	27.1813632	27.1049633	27.556609	27.4714824	
126.6005	27.2983884	27.2271363	27.6736342	27.6023821	
126.6188	27.5194131	27.358036	27.8946589	27.7245552	
126.6237	27.5783931	27.506389	27.9536389	27.8903614	
126.6336	27.6963771	27.6372887	28.0716229	28.0125345	
126.6437	27.8182731	27.7681884	28.1935189	28.1434342	
126.6542	27.9443451	27.8990881	28.3195909	28.2743339	
126.6641	28.0625211	28.0299878	28.4377669	28.4139602	
126.6741	28.1830731	28.1608875	28.5583189	28.5361333	
126.6847	28.3081478	28.2830605	28.6833936	28.667033	
126.6945	28.4246257	28.4139602	28.7998715	28.7979327	
126.7046	28.5429285	28.5361333	28.9181743	28.9201057	
126.7232	28.7568946	28.6583063	29.1321404	29.0422788	
126.7278	28.8101783	28.8066593	29.1854241	29.208085	
126.7379	28.9264289	28.9288324	29.3016747	29.3215314	
126.7481	29.0424022	29.0422788	29.417648	29.4437045	
126.7582	29.1565787	29.1644518	29.5318245	29.5658775	
126.7684	29.2702881	29.2866248	29.6455339	29.6880506	
126.7786	29.3836112	29.4000712	29.758857	29.7927703	
126.7887	29.4953581	29.5135177	29.8706039	29.9062167	
126.7989	29.6073899	29.6182374	29.9826357	30.0196631	
126.809	29.7176903	29.7229572	30.0929361	30.1243829	
126.8193	29.8283209	29.8276769	30.2035667	30.2291026	
126.8294	29.9372618	29.9323967	30.3125076	30.3250958	
126.8395	30.0446907	30.0283898	30.4199364	30.4298155	
126.8496	30.1517098	30.1243829	30.5269556	30.5258086	
126.8597	30.2576675	30.2291026	30.6329133	30.6218017	
126.87	30.3641331	30.3338224	30.7393789	30.7177948	
126.8802	30.4694327	30.4385422	30.8446785	30.8137879	
126.8902	30.5725821	30.5345353	30.9478279	30.9097811	
126.9004	30.6761645	30.639255	31.0514103	31.0057742	
126.9106	30.7785957	30.7352481	31.1538415	31.1017673	
126.9208	30.8803781	30.8399679	31.2556239	31.1977604	
126.9309	30.9813606	30.935961	31.3566064	31.2937535	
126.9411	31.0811247	31.0406807	31.4563705	31.3984732	
126.9514	31.1815702	31.1366739	31.556816	31.4944664	
126.9615	31.2798107	31.2413936	31.6550565	31.5904595	
126.9717	31.3773597	31.3373867	31.7526055	31.6951792	
126.9819	31.4744492	31.4421065	31.849695	31.799899	
126.9921	31.5714522	31.5380996	31.946698	31.9046187	
127.0022	31.6655966	31.6340927	32.0408423	32.0006118	
127.0124	31.7602141	31.7300858	32.1354599	32.1053316	
127.0227	31.8546176	31.8260789	32.2298634	32.2013247	
127.0327	31.9463258	31.922072	32.3215716	32.3060445	
127.0428	32.037734	32.0093385	32.4129797	32.4020376	
127.0531	32.1293678	32.1140582	32.5046136	32.4980307	
127.0632	32.2194567	32.2013247	32.5947024	32.5940238	
127.0733	32.3085583	32.2973178	32.6838041	32.6900169	
127.0835	32.3975976	32.3845843	32.7728433	32.7772834	
127.0937	32.4852421	32.4718507	32.8604879	32.8732765	
127.1038	32.5719975	32.5678438	32.9472433	32.9605429	
127.114	32.6582754	32.6551103	33.0335212	33.0478094	
127.1241	32.7435782	32.7423768	33.118824	33.1350758	
127.1346	32.8299834	32.8209166	33.2052292	33.2136157	
127.1445	32.9118851	32.908183	33.2871309	33.3008821	
127.1547	32.9951284	32.9867229	33.3703742	33.3794219	
127.1648	33.0767782	33.0652627	33.452024	33.4579618	
127.175	33.1578816	33.1438025	33.5331274	33.5452282	
127.1851	33.2378773	33.2223423	33.6131231	33.6150414	
127.1952	33.317392	33.3008821	33.6926378	33.6935812	
127.2054	33.3964844	33.3794219	33.7717302	33.772121	
127.2155	33.4740394	33.4492351	33.8492852	33.8419342	
127.2257	33.5510817	33.5277749	33.9263275	33.920474	
127.2359	33.6277129	33.6063147	34.0029587	33.9902872	
127.2464	33.7060327	33.6848546	34.0812785	34.068827	
127.2563	33.7786041	33.7546677	34.1538499	34.1386402	
127.2664	33.8523349	33.8244809	34.2275807	34.2084533	
127.2765	33.9251725	33.8942941	34.3004183	34.2869932	
127.2868	33.9979734	33.9728339	34.3732192	34.365533	
127.2969	34.0690724	34.0426471	34.4443182	34.4353461	
127.307	34.1395051	34.1211869	34.5147509	34.513886	
127.3172	34.2094223	34.191	34.5846681	34.5836991	
127.3273	34.27846	34.2520866	34.6537058	34.6535123	
127.3375	34.346456	34.3218997	34.7217017	34.7233255	
127.3476	34.4139205	34.3829863	34.7891663	34.7931386	
127.3578	34.4804384	34.4527994	34.8556842	34.8629518	
127.3679	34.5463772	34.5226126	34.921623	34.9240383	
127.3781	34.6113707	34.5924258	34.9866165	34.9851249	
127.3885	34.6769979	34.6535123	35.0522436	35.0462114	
127.3984	34.7384869	34.7145988	35.1137326	35.1160246	
127.4085	34.8008823	34.784412	35.176128	35.1771111	
127.4187	34.8627652	34.8454985	35.238011	35.2381976	
127.4288	34.9234893	34.906585	35.2987351	35.2905575	
127.439	34.9838636	34.9676716	35.3591094	35.351644	
127.4491	35.0431946	35.0287581	35.4184404	35.4127305	
127.4593	35.1017799	35.081118	35.4770257	35.4650904	
127.4695	35.159456	35.1422045	35.5347018	35.5261769	
127.4796	35.2164138	35.1945644	35.5916596	35.5785368	
127.4897	35.2720121	35.2556509	35.6472579	35.6308967	
127.4998	35.3271755	35.3080108	35.7024213	35.6832566	
127.51	35.3819041	35.3603706	35.7571499	35.7356164	
127.5202	35.4358457	35.4127305	35.8110915	35.7879763	
127.5303	35.4881959	35.4650904	35.8634417	35.8403362	
127.5405	35.5403635	35.5174503	35.9156092	35.8926961	
127.5507	35.5919652	35.5698102	35.967211	35.9450559	
127.5609	35.6426794	35.62217	36.0179252	35.9974158	
127.571	35.6918472	35.6658033	36.067093	36.0497757	
127.5811	35.7405234	35.7181631	36.1157691	36.1021356	
127.5912	35.7885551	35.770523	36.1638009	36.1544955	
127.6014	35.8360393	35.8141563	36.211285	36.2068553	
127.6116	35.8824152	35.8665161	36.2576609	36.2592152	
127.6217	35.9280273	35.9101494	36.3032731	36.3028484	
127.6332	35.9786499	35.9537826	36.3538957	36.3552083	
127.6428	36.0200741	36.0061425	36.3953199	36.4075682	
127.6522	36.0601924	36.0497757	36.4354382	36.4424748	
127.6623	36.1025663	36.0934089	36.4778121	36.4948347	
127.6725	36.1441165	36.1370422	36.5193623	36.5384679	
127.6826	36.1850015	36.1806754	36.5602473	36.5733745	
127.6928	36.2251183	36.2243086	36.6003641	36.6170077	
127.7129	36.3003564	36.2941218	36.6756021	36.6868209	
127.7175	36.3178797	36.3115751	36.6931255	36.7042742	
127.7276	36.3550614	36.3552083	36.7303072	36.7391808	
127.7378	36.3915292	36.3901149	36.766775	36.7740873	
127.748	36.4273468	36.4250215	36.8025926	36.8089939	
127.7584	36.4631926	36.4599281	36.8384384	36.8351739	
127.7683	36.4965669	36.4948347	36.8718127	36.8700804	
127.7788	36.5309228	36.5210146	36.9061686	36.8962604	
127.7886	36.5623305	36.5559212	36.9375763	36.931167	
127.7988	36.5942795	36.5821011	36.9695253	36.9573469	
127.8173	36.6489272	36.634461	37.024173	37.0097068	
127.8219	36.6626031	36.6519143	37.0378488	37.0184334	
127.832	36.6918098	36.6780942	37.0670556	37.05334	
127.8422	36.7203285	36.7042742	37.0955743	37.0707933	
127.8523	36.7479255	36.7217275	37.1231713	37.1056999	
127.8625	36.7748189	36.7479074	37.1500647	37.1318798	
127.8727	36.8010232	36.7740873	37.1762689	37.1580598	
127.8828	36.8263028	36.7915406	37.2015486	37.1842397	
127.893	36.850758	36.8264472	37.2260038	37.2104197	
127.9032	36.8746823	36.8439005	37.2499281	37.2365996	
127.9133	36.8975802	36.8700804	37.272826	37.2627795	
127.9235	36.9197819	36.8962604	37.2950276	37.2802328	
127.9336	36.9413016	36.9137137	37.3165474	37.3064128	
127.9438	36.9619182	36.9398936	37.337164	37.3238661	
127.9539	36.9817915	36.9573469	37.3570373	37.3413193	
127.9641	37.0010527	36.9835268	37.3762985	37.3587726	
127.9743	37.0194226	37.0009801	37.3946684	37.3762259	
127.9844	37.0370512	37.0184334	37.412297	37.3936792	
127.9946	37.0539596	37.0358867	37.4292054	37.4111325	
128.0047	37.070078	37.0620667	37.4453238	37.4198592	
128.0149	37.0855074	37.0707933	37.4607532	37.4373125	
128.0251	37.1001239	37.0969733	37.4753697	37.4547657	
128.0352	37.1139881	37.1056999	37.4892338	37.472219	
128.0454	37.1272141	37.1231532	37.5024599	37.4809457	
128.0556	37.1396087	37.1231532	37.5148545	37.4896723	
128.0657	37.1512704	37.1406065	37.5265162	37.5071256	
128.0759	37.1622619	37.1406065	37.5375077	37.5245789	
128.086	37.1725393	37.1406065	37.5477851	37.5245789	
128.0963	37.1822076	37.1493331	37.5574534	37.5333056	
128.1065	37.1910617	37.1493331	37.5663075	37.5420322	
128.1168	37.1992505	37.1493331	37.5744963	37.5507589	
128.1269	37.2067144	37.1493331	37.5819601	37.5507589	
128.137	37.2134436	37.1493331	37.5886894	37.5507589	
128.1472	37.2195773	37.1493331	37.5948231	37.5507589	
128.1574	37.2251098	37.1493331	37.6003556	37.5507589	
128.1675	37.2299078	37.1493331	37.6051536	37.5507589	
128.1779	37.2342574	37.1493331	37.6095032	37.5507589	
128.1878	37.2378116	37.1580598	37.6130573	37.5507589	
128.1979	37.2409212	37.1580598	37.616167	37.5507589	
128.2082	37.2435324	37.1667864	37.6187782	37.5507589	
128.2186	37.2456487	37.1755131	37.6208945	37.5507589	
128.2284	37.2516065	37.1842397	37.6268522	37.5594855	
128.2385	37.2516065	37.1929664	37.6268522	37.5594855	
128.2487	37.2516065	37.2104197	37.6268522	37.5594855	
128.2588	37.2516065	37.2104197	37.6268522	37.5594855	
128.269	37.2516065	37.2191463	37.6268522	37.5594855	
128.2792	37.2516065	37.2278729	37.6268522	37.5769388	
128.2894	37.2516065	37.2365996	37.6268522	37.5856654	
128.2995	37.2516065	37.2365996	37.6268522	37.5943921	
128.3096	37.2516065	37.2365996	37.6268522	37.6031187	
128.3198	37.2516065	37.2365996	37.6268522	37.6118454	
128.33	37.2503626	37.2365996	37.6256084	37.620572	
128.3401	37.2483175	37.2365996	37.6235633	37.6292987	
128.3502	37.2454206	37.2365996	37.6206664	37.6380253	
128.3604	37.2416982	37.2365996	37.616944	37.6380253	
128.3706	37.2371708	37.2365996	37.6124165	37.6380253	
128.3807	37.2317923	37.2365996	37.6070381	37.6380253	
128.391	37.2255415	37.2365996	37.6007873	37.6292987	
128.401	37.2185904	37.2278729	37.5938361	37.6292987	
128.4112	37.2107736	37.2278729	37.5860194	37.620572	
128.4215	37.2019866	37.2278729	37.5772324	37.6118454	
128.4315	37.1925642	37.2191463	37.56781	37.5943921	
128.4417	37.1822544	37.2104197	37.5575002	37.5943921	
128.4519	37.1710426	37.2104197	37.5462884	37.5769388	
128.462	37.1591133	37.201693	37.5343591	37.5594855	
128.4722	37.1462261	37.1929664	37.5214719	37.5420322	
128.4824	37.1326609	37.1755131	37.5079067	37.5245789	
128.4926	37.1180562	37.1667864	37.493302	37.5158523	
128.5028	37.1026879	37.1493331	37.4779336	37.498399	
128.5129	37.086641	37.1318798	37.4618868	37.4896723	
128.5231	37.0697572	37.1056999	37.4450029	37.472219	
128.5332	37.0520376	37.0969733	37.4272833	37.4634924	
128.5435	37.0332987	37.07952	37.4085445	37.4547657	
128.5535	37.0140162	37.0707933	37.389262	37.4460391	
128.5637	36.9937243	37.0620667	37.3689701	37.4373125	
128.5739	36.9725718	37.05334	37.3478176	37.4285858	
128.5841	36.9507306	37.0446134	37.3259764	37.4198592	
128.5943	36.9279118	37.0358867	37.3031576	37.4111325	
128.6044	36.9044239	37.0184334	37.2796697	37.3849526	
128.6146	36.8800713	37.0009801	37.2553171	37.3674993	
128.6247	36.8549671	36.9835268	37.2302129	37.350046	
128.6449	36.800849	36.9224403	37.1760948	37.2802328	
128.6494	36.7886891	36.9137137	37.1639349	37.2715062	
128.6598	36.7599693	36.8788071	37.1352151	37.2365996	
128.6698	36.7317453	36.8439005	37.1069911	37.1929664	
128.68	36.7020132	36.8002673	37.077259	37.1580598	
128.6904	36.670746	36.756634	37.0459917	37.1144265	
128.7004	36.6398682	36.7130008	37.0151139	37.0707933	
128.7104	36.6082117	36.6693676	36.9834575	37.0358867	
128.7208	36.5742011	36.6257344	36.9494469	36.9922535	
128.7307	36.5412826	36.5821011	36.9165284	36.9486203	
128.7409	36.5066919	36.5384679	36.8819377	36.9137137	
128.7513	36.4700916	36.4948347	36.8453373	36.8700804	
128.7612	36.4349127	36.4512014	36.8101585	36.8264472	
128.7713	36.3978487	36.4075682	36.7730945	36.7915406	
128.7818	36.3586216	36.363935	36.7338674	36.756634	
128.7917	36.3210907	36.3290284	36.6963365	36.7130008	
128.8018	36.2814363	36.2853951	36.6566821	36.6780942	
128.8123	36.2396894	36.2504886	36.6149352	36.634461	
128.8222	36.1996954	36.2068553	36.5749412	36.5995544	
128.8324	36.1574166	36.1719487	36.5326624	36.5559212	
128.8428	36.1136389	36.1457688	36.4888847	36.5210146	
128.8527	36.0709062	36.1108622	36.446152	36.486108	
128.8629	36.0260103	36.0759556	36.4012561	36.4424748	
128.8732	35.979886	36.0410491	36.3551318	36.4075682	
128.8831	35.9348803	36.0061425	36.3101261	36.3726616	
128.8933	35.8878231	35.9712359	36.2630689	36.337755	
128.9037	35.8387013	35.9363293	36.2139471	36.2941218	
128.9136	35.7913501	35.8926961	36.1665959	36.2504886	
128.9238	35.7416947	35.8490628	36.1169405	36.2068553	
128.9342	35.6900607	35.8054296	36.0653065	36.1632221	
128.9441	35.640391	35.7617964	36.0156368	36.1108622	
128.9543	35.5883562	35.7094365	35.963602	36.0585023	
128.9646	35.5343017	35.64835	35.9095475	36.0148691	
128.9745	35.4820464	35.5872634	35.8572922	35.9537826	
128.9847	35.4277085	35.5261769	35.8029543	35.9014227	
128.9951	35.3708283	35.4563638	35.7460741	35.8403362	
129.005	35.3164459	35.3952772	35.6916917	35.7792497	
129.0152	35.2591471	35.3254641	35.6343928	35.7094365	
129.0256	35.2000648	35.2556509	35.5753106	35.6396233	
129.0355	35.1432174	35.1858377	35.5184632	35.5785368	
129.0456	35.0836531	35.1160246	35.4588989	35.5087236	
129.0561	35.0218724	35.0462114	35.3971181	35.4389105	
129.0659	34.9624564	34.9851249	35.3377022	35.3690973	
129.0761	34.9007928	34.9240383	35.2760386	35.2992841	
129.0865	34.8362123	34.8542252	35.2114581	35.229471	
129.0965	34.7738317	34.7931386	35.1490775	35.1683844	
129.1066	34.7098935	34.7320521	35.0851392	35.0985713	
129.117	34.6427659	34.6796922	35.0180116	35.0287581	
129.127	34.5781083	34.6186057	34.9533541	34.9589449	
129.1371	34.5120021	34.5575192	34.8872479	34.8978584	
129.1475	34.4423337	34.4964327	34.8175795	34.8367719	
129.1575	34.3749224	34.4353461	34.7501681	34.7669587	
129.1675	34.3064682	34.3742596	34.681714	34.6971455	
129.178	34.2343904	34.3131731	34.6096362	34.636059	
129.1878	34.1659057	34.2433599	34.5411514	34.5749725	
129.1979	34.0941875	34.1735468	34.4694333	34.5051593	
129.2084	34.0193908	34.1124602	34.3946365	34.4440728	
129.2182	33.948336	34.0426471	34.3235818	34.3742596	
129.2284	33.8737967	33.9728339	34.2490425	34.3044464	
129.239	33.7958845	33.8942941	34.1711303	34.2346333	
129.2487	33.7233059	33.8244809	34.0985517	34.1648201	
129.2588	33.6466819	33.7459411	34.0219277	34.0862803	
129.2693	33.5662157	33.6674013	33.9414615	34.0164671	
129.2792	33.4899588	33.5801348	33.8652046	33.9292007	
129.2893	33.4113057	33.4928683	33.7865515	33.8593875	
129.2998	33.3290615	33.4056019	33.7043073	33.772121	
129.3096	33.2504003	33.3183354	33.6256461	33.6848546	
129.3197	33.1694319	33.231069	33.5446777	33.6063147	
129.3302	33.0843455	33.1438025	33.4595912	33.5190483	
129.34	33.003686	33.056536	33.3789318	33.4317818	
129.3501	32.9200264	32.9692696	33.2952722	33.3357887	
129.3685	32.7647751	32.8034633	33.1400209	33.1787091	
129.373	32.726193	32.7685567	33.1014388	33.1350758	
129.3833	32.6388949	32.6725636	33.0141406	33.0478094	
129.3934	32.5514101	32.5852971	32.9266559	32.9518163	
129.4035	32.4630324	32.4980307	32.8382782	32.8645498	
129.4137	32.3739293	32.4194909	32.7491751	32.7685567	
129.4239	32.2832308	32.3234977	32.6584766	32.6725636	
129.434	32.1923047	32.2449579	32.5675505	32.5852971	
129.4442	32.1007736	32.1576915	32.4760194	32.4980307	
129.4544	32.0076824	32.070425	32.3829282	32.4107642	
129.4645	31.9146148	31.9744319	32.2898606	32.3234977	
129.4747	31.8202769	31.8871654	32.1955227	32.2275046	
129.4848	31.7249226	31.799899	32.1001684	32.1402382	
129.495	31.628786	31.7039059	32.0040318	32.0442451	
129.5051	31.5325148	31.6079128	31.9077605	31.9569786	
129.5153	31.4348229	31.5206463	31.8100687	31.8697121	
129.5255	31.3362937	31.4159265	31.7115395	31.7824457	
129.5358	31.2351462	31.3199334	31.610392	31.6864526	
129.5458	31.1370703	31.2239403	31.5123161	31.5904595	
129.5559	31.0366736	31.1192206	31.4119194	31.4944664	
129.5661	30.9347497	31.0232275	31.3099955	31.3984732	
129.5763	30.8317412	30.9185077	31.206987	31.2937535	
129.5864	30.7290731	30.8137879	31.1043189	31.1977604	
129.5965	30.6248639	30.7090682	31.0001097	31.0930406	
129.6067	30.5195462	30.6043484	30.894792	30.9883209	
129.6168	30.4142727	30.490902	30.7895185	30.8748745	
129.627	30.3076831	30.3774556	30.6829288	30.7614281	
129.6472	30.0919016	30.1592895	30.4671473	30.5432619	
129.6517	30.0431755	30.1069296	30.4184212	30.490902	
129.6619	29.9334907	29.9934832	30.3087365	30.3774556	
129.672	29.8236143	29.8800368	30.1988601	30.2640092	
129.6822	29.7124873	29.775317	30.0877331	30.1505628	
129.6924	29.5998105	29.653144	29.9750563	30.0371164	
129.7031	29.481131	29.5396976	29.8563768	29.9149434	
129.7129	29.3711203	29.4262512	29.7463661	29.8102236	
129.7234	29.2535139	29.3215314	29.6287597	29.6880506	
129.7333	29.1410482	29.1993584	29.516294	29.5746042	
129.7434	29.0250481	29.085912	29.4002939	29.4611578	
129.7537	28.9063741	28.9724656	29.2816199	29.3389847	
129.7637	28.7904115	28.8502925	29.1656573	29.2168117	
129.7739	28.6717731	28.7368461	29.0470189	29.1033653	
129.7842	28.5509542	28.6233997	28.9262	28.9811922	
129.7942	28.4321247	28.5012267	28.8073705	28.8590192	
129.8044	28.3104664	28.3790536	28.6857121	28.7368461	
129.8147	28.1868469	28.2656072	28.5620927	28.6146731	
129.8247	28.0669429	28.1434342	28.4421887	28.4925	
129.8349	27.9442189	28.0212611	28.3194647	28.370327	
129.8451	27.8225149	27.8990881	28.1977607	28.2394273	
129.8553	27.7003549	27.7856417	28.0756007	28.1172542	
129.8653	27.5796709	27.6634686	27.9549167	27.9950812	
129.8756	27.4567069	27.532569	27.8319527	27.8729082	
129.8857	27.336136	27.4103959	27.7113818	27.7507351	
129.8958	27.2167815	27.2794962	27.5920273	27.6285621	
129.906	27.0973014	27.1573232	27.4725472	27.506389	
129.9161	26.9800185	27.0264235	27.3552643	27.3754893	
129.9263	26.8619421	26.9042504	27.2371879	27.2620429	
129.9366	26.7441622	26.7733507	27.119408	27.1311432	
129.9466	26.6295533	26.6511777	27.0047991	27.0089702	
129.9569	26.514047	26.5290046	26.8892928	26.8867971	
129.9671	26.3994137	26.4068316	26.7746594	26.7733507	
129.9772	26.2866669	26.2846585	26.6619127	26.6511777	
129.9873	26.1746119	26.1624855	26.5498577	26.5290046	
129.9975	26.0620338	26.0490391	26.4372796	26.4242849	
130.0076	25.9522205	25.9355927	26.3274663	26.3021118	
130.0177	25.8425692	25.8221463	26.217815	26.1886654	
130.0279	25.7327438	25.7174265	26.1079895	26.0839457	
130.0381	25.6242958	25.6127068	25.9995416	25.9704993	
130.0483	25.5167209	25.507987	25.8919667	25.8657795	
130.0588	25.406104	25.4119939	25.7813497	25.7610598	
130.0685	25.3044962	25.3072742	25.679742	25.65634	
130.0787	25.1996526	25.211281	25.5748984	25.5603469	
130.0896	25.0880425	25.1152879	25.4632883	25.4643538	
130.099	24.9916637	25.0192948	25.3669094	25.3683607	
130.1093	24.8875941	24.9233017	25.2628399	25.2723676	
130.1281	24.701427	24.8273086	25.0766728	25.1851011	
130.1328	24.6544025	24.7051356	25.0296483	25.0629281	
130.1511	24.4761189	24.6091425	24.8513647	24.9582083	
130.1559	24.4301141	24.4782428	24.8053599	24.8447619	
130.1662	24.3304867	24.373523	24.7057325	24.7487688	
130.1763	24.2337921	24.2688032	24.6090378	24.644049	
130.1866	24.1361915	24.1728101	24.5114372	24.5393293	
130.1966	24.0419463	24.0680904	24.4171921	24.4433362	
130.2147	23.8746767	23.8848308	24.2499225	24.2688032	
130.2193	23.8315983	23.8411976	24.2068441	24.22517	
130.2305	23.7293288	23.7364778	24.1045746	24.1204503	
130.2488	23.5656503	23.5619449	23.9408961	23.954644	
130.2534	23.5244449	23.5270383	23.8996907	23.9110108	
130.2637	23.4328952	23.4310452	23.808141	23.8237443	
130.2738	23.3443039	23.3437787	23.7195497	23.7364778	
130.2839	23.2558175	23.2477856	23.6310633	23.6404847	
130.2941	23.1677195	23.1692458	23.5429653	23.5619449	
130.3043	23.0802076	23.0819794	23.4554534	23.4746784	
130.3144	22.9948762	22.9947129	23.370122	23.387412	
130.3246	22.909294	22.9161731	23.2845398	23.3001455	
130.3348	22.8246226	22.8289066	23.1998684	23.2128791	
130.3449	22.741257	22.7503668	23.1165028	23.1256126	
130.355	22.6586843	22.671827	23.0339301	23.0383461	
130.3652	22.5761888	22.5932872	22.9514346	22.9598063	
130.3754	22.4948478	22.5147474	22.8700936	22.8725398	
130.3855	22.4146822	22.4449342	22.789928	22.794	
130.3957	22.3347936	22.375121	22.7100394	22.7154602	
130.4059	22.2558397	22.2965812	22.6310855	22.6369204	
130.416	22.1784514	22.226768	22.5536972	22.5583806	
130.4262	22.1008032	22.1482282	22.4760489	22.4798408	
130.4363	22.0248369	22.0696884	22.4000827	22.4013009	
130.4465	21.949281	21.9998752	22.3245268	22.3314878	
130.4567	21.8736491	21.9213354	22.2488949	22.252948	
130.4671	21.797821	21.8427956	22.1730668	22.1831348	
130.4771	21.7265981	21.7642558	22.1018439	22.104595	
130.4872	21.6546702	21.6944426	22.029916	22.0347818	
130.4973	21.5836993	21.6159028	21.9589451	21.956242	
130.5074	21.5132217	21.537363	21.8884674	21.8864288	
130.5177	21.4427211	21.4675498	21.8179669	21.8166156	
130.5277	21.3743565	21.3977366	21.7496023	21.7468025	
130.5379	21.3059895	21.3191968	21.6812353	21.6769893	
130.5481	21.2383593	21.2493836	21.6136051	21.6071761	
130.5582	21.1721122	21.1795705	21.547358	21.537363	
130.5683	21.1063687	21.1097573	21.4816145	21.4675498	
130.5785	21.0414975	21.0399441	21.4167433	21.3977366	
130.5886	20.9775333	20.9788576	21.3527791	21.3366501	
130.5988	20.9141599	20.9090444	21.2894057	21.2755636	
130.6089	20.8515969	20.8479579	21.2268426	21.2057504	
130.6191	20.7900702	20.7868714	21.165316	21.1533905	
130.6293	20.7288005	20.7257849	21.1040463	21.0835774	
130.6494	20.6117539	20.6123385	20.9869997	20.9788576	
130.654	20.5851284	20.5861585	20.9603742	20.943951	
130.6642	20.526988	20.5337986	20.9022337	20.8915911	
130.6743	20.4697708	20.4727121	20.8450166	20.8392313	
130.6847	20.4116751	20.4203522	20.7869209	20.7868714	
130.695	20.3554885	20.3679924	20.7307343	20.7345115	
130.7048	20.3024547	20.3156325	20.6777005	20.6821516	
130.7149	20.2485926	20.2719993	20.6238384	20.6297918	
130.7253	20.1938215	20.228366	20.5690672	20.5774319	
130.7353	20.142319	20.1760062	20.5175648	20.525072	
130.7454	20.0909197	20.1236463	20.4661654	20.4727121	
130.7559	20.0385849	20.0712864	20.4138307	20.4203522	
130.7658	19.9896941	20.0276532	20.3649399	20.3679924	
130.7759	19.9406548	19.9752933	20.3159006	20.3243591	
130.7862	19.8912382	19.9316601	20.266484	20.2807259	
130.7962	19.8444313	19.8793002	20.2196771	20.228366	
130.8064	19.7975923	19.8356669	20.1728381	20.1760062	
130.8168	19.7500665	19.7833071	20.1253123	20.1323729	
130.8267	19.705992	19.7396738	20.0812377	20.0887397	
130.8369	19.661649	19.687314	20.0368948	20.0451065	
130.8471	19.6175376	19.6349541	19.9927834	20.0014732	
130.8572	19.5751986	19.5913209	19.9504444	19.95784	
130.8673	19.5332285	19.5476876	19.9084743	19.9054801	
130.8776	19.4914892	19.5040544	19.866735	19.8618469	
130.8876	19.4514831	19.4604212	19.8267289	19.8269403	
130.8977	19.4119414	19.4167879	19.7871872	19.7833071	
130.908	19.3727346	19.3731547	19.7479804	19.7396738	
130.918	19.3350133	19.3382481	19.7102591	19.7047673	
130.9282	19.2977309	19.2946149	19.6729767	19.6698607	
130.9384	19.2608572	19.2597083	19.6361029	19.6262274	
130.9485	19.2256439	19.2160751	19.6008896	19.5913209	
130.9586	19.1908165	19.1898951	19.5660623	19.5564143	
130.969	19.1559287	19.1549885	19.5311745	19.5215077	
130.9789	19.1233626	19.120082	19.4986084	19.4953277	
130.989	19.0909237	19.093902	19.4661695	19.4604212	
130.9995	19.0582324	19.0589954	19.4334782	19.4342412	
131.0096	19.0274854	19.0415421	19.4027312	19.3993346	
131.0197	18.9975416	19.0153622	19.3727874	19.3731547	
131.0299	18.9679955	18.9891823	19.3432413	19.3469748	
131.04	18.9396007	18.9630023	19.3148465	19.3207948	
131.0501	18.9118666	18.945549	19.2871124	19.2946149	
131.0603	18.8847434	18.9193691	19.2599892	19.2684349	
131.0704	18.8585906	18.8931892	19.2338364	19.2509816	
131.0807	18.8328111	18.8670092	19.2080569	19.2248017	
131.0989	18.7903591	18.823376	19.1656049	19.1811685	
131.1115	18.7616859	18.797196	19.1369317	19.1549885	
131.1161	18.7513579	18.7797428	19.1266037	19.1462619	
131.1263	18.7292238	18.7622895	19.1044696	19.120082	
131.1366	18.7078188	18.7361095	19.0830646	19.093902	
131.1467	18.6874313	18.7186562	19.062677	19.0764487	
131.157	18.667579	18.7012029	19.0428248	19.0589954	
131.1671	18.648714	18.675023	19.0239598	19.0415421	
131.1771	18.630772	18.6575697	19.0060178	19.0240888	
131.1873	18.6133345	18.6401164	18.9885803	19.0066356	
131.1975	18.5967459	18.6226631	18.9719916	18.9891823	
131.2076	18.5808374	18.6052098	18.9560832	18.971729	
131.2178	18.5657497	18.5964832	18.9409955	18.9542757	
131.2279	18.5513531	18.5790299	18.9265989	18.945549	
131.2381	18.5376627	18.5703032	18.9129085	18.9280957	
131.2482	18.5247791	18.5528499	18.9000249	18.9193691	
131.2583	18.5126429	18.5441233	18.8878887	18.9106424	
131.2685	18.5011663	18.5353967	18.8764121	18.9019158	
131.2787	18.4904199	18.5179434	18.8656657	18.8844625	
131.2888	18.4804158	18.5179434	18.8556616	18.8844625	
131.2989	18.4711211	18.5004901	18.8463669	18.8757359	
131.3091	18.4624742	18.5004901	18.83772	18.8670092	
131.3194	18.454456	18.4917634	18.8297018	18.8670092	
131.3294	18.4473202	18.4830368	18.822566	18.8582826	
131.3396	18.4407074	18.4830368	18.8159532	18.8495559	
131.3497	18.4347976	18.4830368	18.8100434	18.8495559	
131.3598	18.4295245	18.4743101	18.8047703	18.8495559	
131.37	18.4248401	18.4743101	18.8000858	18.8408293	
131.3801	18.4207817	18.4655835	18.7960275	18.8408293	
131.3903	18.4172887	18.4655835	18.7925345	18.8408293	
131.4006	18.4143215	18.4655835	18.7895672	18.8408293	
131.4107	18.4118972	18.4655835	18.787143	18.8408293	
131.4208	18.409937	18.4655835	18.7851828	18.8408293	
131.431	18.404497	18.4655835	18.7797428	18.8408293	
131.4411	18.404497	18.4655835	18.7797428	18.8408293	
131.4512	18.404497	18.4655835	18.7797428	18.8408293	
131.4614	18.404497	18.4655835	18.7797428	18.8408293	
131.4716	18.404497	18.4655835	18.7797428	18.8408293	
131.4817	18.404497	18.4655835	18.7797428	18.8408293	
131.4919	18.404497	18.4655835	18.7797428	18.8408293	
131.502	18.404497	18.4655835	18.7797428	18.8408293	
131.5122	18.404497	18.4655835	18.7797428	18.8408293	
131.5224	18.404497	18.4655835	18.7797428	18.8408293	
131.5325	18.404497	18.4655835	18.7797428	18.8408293	
131.5427	18.404497	18.4655835	18.7797428	18.8408293	
131.5528	18.404497	18.4655835	18.7797428	18.8408293	
131.563	18.404497	18.4655835	18.7797428	18.8408293	
131.5731	18.404497	18.4655835	18.7797428	18.8408293	
131.5834	18.404497	18.4655835	18.7797428	18.8408293	
131.5935	18.404497	18.4655835	18.7797428	18.8408293	
131.6036	18.404497	18.4655835	18.7797428	18.8408293	
131.6139	18.404497	18.4655835	18.7797428	18.8408293	
131.624	18.404497	18.4655835	18.7797428	18.8408293	
131.6341	18.404497	18.4655835	18.7797428	18.8408293	
131.645	18.404497	18.4655835	18.7797428	18.8408293	
131.6544	18.404497	18.4655835	18.7797428	18.8408293	
131.6646	18.404497	18.4655835	18.7797428	18.8408293	
131.6747	18.404497	18.4655835	18.7797428	18.8408293	
131.6849	18.404497	18.4655835	18.7797428	18.8408293	
131.6951	18.404497	18.4655835	18.7797428	18.8408293	
131.7052	18.404497	18.4655835	18.7797428	18.8408293	
131.7153	18.404497	18.4655835	18.7797428	18.8408293	
131.7255	18.404497	18.4655835	18.7797428	18.8408293	
131.7357	18.404497	18.4655835	18.7797428	18.8408293	
131.7458	18.404497	18.4655835	18.7797428	18.8408293	
131.7559	18.404497	18.4655835	18.7797428	18.8408293	
131.7662	18.404497	18.4655835	18.7797428	18.8408293	
131.7763	18.404497	18.4655835	18.7797428	18.8408293	
131.7864	18.404497	18.4655835	18.7797428	18.8408293	
131.7967	18.404497	18.4655835	18.7797428	18.8408293	
131.8068	18.404497	18.4655835	18.7797428	18.8408293	
131.817	18.404497	18.4655835	18.7797428	18.8408293	
131.8271	18.404497	18.4655835	18.7797428	18.8321026	
131.8372	18.404497	18.4655835	18.7797428	18.8321026	
131.8474	18.404497	18.4655835	18.7797428	18.8321026	
131.8575	18.404497	18.4655835	18.7797428	18.8321026	
131.8676	18.404497	18.4655835	18.7797428	18.8321026	
131.8779	18.404497	18.4655835	18.7797428	18.8321026	
131.888	18.404497	18.4655835	18.7797428	18.8408293	
131.8982	18.404497	18.4655835	18.7797428	18.8408293	
131.9083	18.404497	18.4655835	18.7797428	18.8321026	
131.9185	18.404497	18.4655835	18.7797428	18.8321026	
131.9287	18.404497	18.4655835	18.7797428	18.8321026	
131.9387	18.404497	18.4655835	18.7797428	18.8321026	
131.9491	18.404497	18.4655835	18.7797428	18.8321026	
131.9591	18.404497	18.4655835	18.7797428	18.8321026	
131.9692	18.404497	18.4655835	18.7797428	18.8321026	
131.9794	18.404497	18.4655835	18.7797428	18.8321026	
131.9895	18.404497	18.4655835	18.7797428	18.8321026	
132	18.404497	18.4655835	18.7797428	18.8321026	
132.0098	18.404497	18.4568568	18.7797428	18.8321026	
132.0199	18.404497	18.4568568	18.7797428	18.8321026	
132.0303	18.404497	18.4568568	18.7797428	18.8321026	
132.0403	18.404497	18.4568568	18.7797428	18.8321026	
132.0504	18.404497	18.4568568	18.7797428	18.8321026	
132.0608	18.404497	18.4568568	18.7797428	18.823376	
132.0786	18.404497	18.4568568	18.7797428	18.823376	
132.0832	18.404497	18.4568568	18.7797428	18.8146493	
132.094	18.404497	18.4568568	18.7797428	18.8146493	
132.1036	18.404497	18.4568568	18.7797428	18.8146493	
132.1137	18.404497	18.4481302	18.7797428	18.8146493	
132.1242	18.404497	18.4481302	18.7797428	18.8059227	
132.1341	18.404497	18.4306769	18.7797428	18.8059227	
132.1446	18.404497	18.4306769	18.7797428	18.797196	
132.1547	18.404497	18.4132236	18.7797428	18.797196	
132.1646	18.404497	18.404497	18.7797428	18.797196	
132.1747	18.404497	18.3957703	18.7797428	18.797196	
