132.229	18.4067562	18.3608637	18.7820019	18.797196	
132.2436	18.4108845	18.3608637	18.7861303	18.797196	
132.2488	18.4123783	18.3608637	18.7876241	18.797196	
132.2583	18.4160301	18.3608637	18.7912759	18.7884694	
132.2685	18.420793	18.3695904	18.7960388	18.7884694	
132.2786	18.4262917	18.378317	18.8015375	18.7884694	
132.2888	18.4327019	18.3957703	18.8079477	18.7884694	
132.299	18.4399134	18.404497	18.8151592	18.7884694	
132.3091	18.44791	18.4132236	18.8231558	18.7884694	
132.3194	18.4569045	18.4306769	18.8321503	18.7884694	
132.3294	18.4664588	18.4394035	18.8417046	18.797196	
132.3399	18.4774207	18.4481302	18.8526665	18.797196	
132.3496	18.4882029	18.4568568	18.8634487	18.8059227	
132.3599	18.5004608	18.4655835	18.8757066	18.8146493	
132.37	18.5133961	18.4655835	18.8886419	18.8321026	
132.3801	18.5271393	18.4743101	18.9023851	18.8495559	
132.3903	18.5418245	18.4830368	18.9170703	18.8670092	
132.4005	18.5572867	18.4917634	18.9325325	18.8844625	
132.4106	18.5734973	18.5004901	18.9487431	18.9019158	
132.4208	18.5907397	18.5179434	18.9659855	18.9280957	
132.4309	18.6085557	18.5353967	18.9838015	18.9542757	
132.441	18.6272616	18.5528499	19.0025074	18.971729	
132.4514	18.6472318	18.5703032	19.0224776	18.9891823	
132.4618	18.6682703	18.5964832	19.0435161	19.0066356	
132.472	18.6894808	18.6226631	19.0647266	19.0240888	
132.4821	18.7115583	18.6401164	19.0868041	19.0415421	
132.4923	18.7344173	18.675023	19.1096631	19.0589954	
132.5024	18.7581543	18.6924763	19.1334001	19.0677221	
132.5127	18.7830037	18.7186562	19.1582495	19.0851754	
132.5227	18.8081538	18.7448362	19.1833996	19.1026287	
132.5329	18.8344327	18.7710161	19.2096785	19.120082	
132.5432	18.8617914	18.797196	19.2370372	19.1375352	
132.5532	18.88918	18.823376	19.2644258	19.1637152	
132.5634	18.9180791	18.8495559	19.2933249	19.1986218	
132.5735	18.9475485	18.8844625	19.3227943	19.2335284	
132.5837	18.9778623	18.9193691	19.353108	19.2684349	
132.5938	19.0089965	18.945549	19.3842423	19.3033415	
132.604	19.0410034	18.9804556	19.4162492	19.3469748	
132.6141	19.0737926	19.0153622	19.4490384	19.390608	
132.6243	19.1075019	19.0589954	19.4827477	19.4342412	
132.6345	19.1419024	19.093902	19.5171482	19.4778745	
132.6549	19.2156169	19.1637152	19.5908627	19.5651409	
132.6596	19.2322916	19.1811685	19.6075373	19.5825942	
132.6697	19.2694626	19.2248017	19.6447084	19.6262274	
132.6798	19.3074945	19.2597083	19.6827403	19.6698607	
132.69	19.3465562	19.3033415	19.721802	19.7134939	
132.7001	19.3862081	19.3382481	19.7614539	19.7484005	
132.7103	19.4266831	19.3818813	19.8019289	19.7920337	
132.7205	19.4684102	19.4255146	19.843656	19.8269403	
132.7306	19.5104719	19.4691478	19.8857177	19.8618469	
132.7569	19.62712	19.5825942	20.0023658	19.9491134	
132.7615	19.6473427	19.6000475	20.0225885	19.9665666	
132.7716	19.6929264	19.6436807	20.0681722	20.0101999	
132.7819	19.7398367	19.687314	20.1150825	20.0538331	
132.792	19.7867719	19.7309472	20.1620177	20.0974663	
132.8021	19.8347491	19.7745804	20.2099949	20.1410996	
132.8123	19.8839675	19.8269403	20.2592132	20.1934594	
132.8225	19.933986	19.8793002	20.3092317	20.2370927	
132.8327	19.9847978	19.9229334	20.3600435	20.2894526	
132.8429	20.0359966	19.9752933	20.4112424	20.3505391	
132.853	20.0880669	20.0276532	20.4633127	20.402899	
132.8632	20.1415671	20.0712864	20.5168129	20.4552588	
132.8733	20.1951682	20.1236463	20.570414	20.5163454	
132.8835	20.2497404	20.1760062	20.6249861	20.5687052	
132.8936	20.3051954	20.2370927	20.6804412	20.6297918	
132.9038	20.3617061	20.2981792	20.7369519	20.6908783	
132.9139	20.4187132	20.3505391	20.793959	20.7519648	
132.9241	20.4766281	20.4116256	20.8518739	20.8043247	
132.9343	20.5357208	20.4727121	20.9109666	20.8741379	
132.9444	20.5950167	20.5425253	20.9702624	20.9352244	
132.9545	20.6554136	20.6036118	21.0306594	21.0050375	
132.9647	20.7171449	20.6646983	21.0923907	21.0661241	
132.9749	20.7790578	20.7345115	21.1543036	21.1272106	
132.985	20.8420873	20.8043247	21.2173331	21.1882971	
133.0083	20.9920724	20.8741379	21.3673182	21.2581103	
133.0131	21.0227351	20.9875843	21.3979809	21.3715567	
133.0235	21.0906605	21.0573974	21.4659063	21.4413699	
133.0335	21.1566186	21.1359372	21.5318644	21.511183	
133.0438	21.22509	21.2057504	21.6003358	21.5809962	
133.054	21.2936555	21.2755636	21.6689013	21.6508094	
133.0642	21.3633177	21.3366501	21.7385635	21.7206225	
133.0744	21.4341072	21.4151899	21.809353	21.7991624	
133.0847	21.505949	21.4762764	21.8811948	21.8689755	
133.0949	21.5782456	21.537363	21.9534914	21.9300621	
133.105	21.6508527	21.6071761	22.0260985	21.9998752	
133.1152	21.7245038	21.6769893	22.0997495	22.0696884	
133.1255	21.7995931	21.7468025	22.1748389	22.1395016	
133.1357	21.8754636	21.8166156	22.2507094	22.2093147	
133.1459	21.9516339	21.8864288	22.3268797	22.2791279	
133.1561	22.0290017	21.956242	22.4042475	22.3576677	
133.1663	22.1072601	22.0260552	22.4825059	22.4362075	
133.1766	22.1862146	22.104595	22.5614603	22.5147474	
133.1868	22.2664161	22.1831348	22.6416619	22.5845605	
133.197	22.346723	22.2616746	22.7219688	22.671827	
133.2073	22.4287974	22.3402144	22.8040431	22.7503668	
133.2174	22.5105569	22.4274809	22.8858027	22.8289066	
133.2277	22.5939415	22.5147474	22.9691873	22.9074464	
133.238	22.6792089	22.6020138	23.0544547	22.9947129	
133.2481	22.7627325	22.6892803	23.1379783	23.0732527	
133.2584	22.8489882	22.7765467	23.224234	23.1605192	
133.2685	22.9347589	22.8725398	23.3100047	23.2477856	
133.2788	23.0222784	22.9598063	23.3975242	23.3350521	
133.2891	23.1111704	23.0557994	23.4864162	23.4223186	
133.2992	23.1998507	23.1517925	23.5750965	23.509585	
133.3096	23.2910722	23.2477856	23.6663179	23.5968515	
133.3198	23.3816779	23.3350521	23.7569236	23.6928446	
133.3299	23.4720366	23.4310452	23.8472823	23.7888377	
133.3401	23.5643086	23.5270383	23.9395544	23.8761042	
133.3503	23.657479	23.6143048	24.0327248	23.9808239	
133.3606	23.7516614	23.7102979	24.1269072	24.076817	
133.3708	23.8464935	23.806291	24.2217393	24.1728101	
133.381	23.9426631	23.9022841	24.3179089	24.2775299	
133.3912	24.0383744	23.9982772	24.4136202	24.3647964	
133.4014	24.1359106	24.0855437	24.5111564	24.4695161	
133.4116	24.2338078	24.1815368	24.6090536	24.5655092	
133.4218	24.3325253	24.2775299	24.7077711	24.670229	
133.432	24.4322705	24.373523	24.8075163	24.7662221	
133.4422	24.5324897	24.4782428	24.9077355	24.8622152	
133.4524	24.6342605	24.5742359	25.0095063	24.9582083	
133.4626	24.7368906	24.6789556	25.1121364	25.0629281	
133.4729	24.8410144	24.7749487	25.2162602	25.1676478	
133.483	24.9438651	24.8796685	25.3191109	25.2636409	
133.4933	25.0490172	24.9843882	25.424263	25.3683607	
133.5036	25.155658	25.089108	25.5309038	25.4643538	
133.5137	25.2612176	25.1938278	25.6364634	25.5690735	
133.5239	25.3685432	25.2985475	25.743789	25.6737933	
133.5342	25.4772602	25.4119939	25.852506	25.7785131	
133.5444	25.5857512	25.5167137	25.960997	25.8919595	
133.5545	25.6952537	25.6214334	26.0704995	25.9966792	
133.5648	25.8067912	25.7348798	26.182037	26.1101256	
133.575	25.9179173	25.8483262	26.2931631	26.2148454	
133.5852	26.0302614	25.9704993	26.4055072	26.3282918	
133.5958	26.1473517	26.075219	26.5225975	26.4417382	
133.6057	26.2576015	26.1886654	26.6328473	26.5551846	
133.6159	26.3725523	26.3021118	26.7477981	26.668631	
133.6262	26.4896789	26.4242849	26.8649246	26.7820774	
133.6363	26.6049965	26.5377313	26.9802423	26.9042504	
133.6473	26.7311838	26.6599043	27.1064295	27.0176968	
133.6568	26.841425	26.7733507	27.2166708	27.1398699	
133.6669	26.9591472	26.8955238	27.334393	27.2620429	
133.6772	27.0800217	27.0176968	27.4552675	27.3929426	
133.6875	27.2013149	27.1485965	27.5765607	27.5151157	
133.6978	27.3234387	27.2620429	27.6986845	27.6460154	
133.7079	27.4455334	27.3929426	27.8207792	27.7681884	
133.7181	27.5677414	27.5151157	27.9429872	27.8990881	
133.7285	27.6916774	27.6460154	28.0669232	28.0299878	
133.7385	27.8123974	27.7681884	28.1876432	28.1521608	
133.749	27.9384214	27.8903614	28.3136672	28.2830605	
133.759	28.0579414	28.0125345	28.4331872	28.4139602	
133.7692	28.1806294	28.1434342	28.5558752	28.5361333	
133.7797	28.305587	28.2656072	28.6808328	28.6583063	
133.7896	28.4224634	28.3877803	28.7977092	28.789206	
133.8002	28.5463406	28.5099533	28.9215864	28.9201057	
133.8113	28.6757447	28.640853	29.0509905	29.0422788	
133.8204	28.7799539	28.7542994	29.1551997	29.1644518	
133.8305	28.8960667	28.8764725	29.2713125	29.2866248	
133.8407	29.0124829	28.9986455	29.3877287	29.4000712	
133.851	29.1290891	29.1120919	29.5043348	29.5222443	
133.8611	29.2425861	29.234265	29.6178319	29.6356907	
133.8797	29.4478466	29.356438	29.8230924	29.7404105	
133.8846	29.5018127	29.4960644	29.8770585	29.8800368	
133.8948	29.6138027	29.6182374	29.9890485	29.9934832	
133.9051	29.7257834	29.7316838	30.1010292	30.1069296	
133.9152	29.8353977	29.8451302	30.2106435	30.220376	
133.9254	29.9446729	29.94985	30.3199187	30.3250958	
133.9356	30.0529987	30.0545697	30.4282444	30.4385422	
133.9458	30.1606911	30.1592895	30.5359369	30.5432619	
133.956	30.2680049	30.2640092	30.6432507	30.6479817	
133.9662	30.3737685	30.368729	30.7490143	30.7527014	
133.9765	30.4794773	30.4647221	30.854723	30.8574212	
133.9867	30.5847591	30.5694418	30.9600049	30.9621409	
133.9969	30.6883403	30.665435	31.0635861	31.058134	
134.0071	30.7902317	30.7614281	31.1654775	31.1541271	
134.0173	30.8927647	30.8574212	31.2680105	31.2501203	
134.0275	30.9940238	30.9621409	31.3692696	31.3461134	
134.0378	31.0947191	31.058134	31.4699649	31.4421065	
134.0481	31.1951716	31.1541271	31.5704173	31.5380996	
134.0583	31.2937816	31.2501203	31.6690274	31.625366	
134.0684	31.3908967	31.3461134	31.7661425	31.7300858	
134.0786	31.4880547	31.4508331	31.8633004	31.8260789	
134.0889	31.5851498	31.5468262	31.9603956	31.922072	
134.0991	31.6797548	31.6428193	32.0550005	32.0093385	
134.1181	31.8541116	31.7388124	32.2293574	32.1140582	
134.1229	31.898664	31.8697121	32.2739097	32.2449579	
134.1332	31.9914707	31.9657053	32.3667165	32.340951	
134.1519	32.1576643	32.070425	32.5329101	32.4369441	
134.1569	32.2025153	32.1925981	32.5777611	32.5678438	
134.1669	32.2906519	32.2885912	32.6658977	32.6725636	
134.1772	32.3808915	32.3845843	32.7561373	32.7685567	
134.1874	32.468872	32.4805774	32.8441178	32.8645498	
134.1976	32.5565174	32.5678438	32.9317632	32.9518163	
134.2165	32.7145616	32.7336501	33.0898074	33.1263492	
134.2215	32.756353	32.7772834	33.1315988	33.1612558	
134.2347	32.8657588	32.8558232	33.2410046	33.2485223	
134.2416	32.9224341	32.934363	33.2976799	33.3270621	
134.2517	33.0048509	33.0129028	33.3800967	33.4056019	
134.2619	33.0870557	33.0914426	33.4623015	33.4754151	
134.272	33.1677809	33.1612558	33.5430267	33.5539549	
134.2821	33.2476692	33.2397956	33.622915	33.6324947	
134.2923	33.3271145	33.3183354	33.7023603	33.7023079	
134.3025	33.4061972	33.3881486	33.781443	33.772121	
134.3126	33.4838173	33.4579618	33.8590631	33.8506608	
134.323	33.5624274	33.5365016	33.9376732	33.9292007	
134.333	33.6374163	33.6063147	34.0126621	33.9990138	
134.3431	33.7126344	33.6848546	34.0878802	34.068827	
134.3533	33.7869146	33.7546677	34.1621604	34.1386402	
134.3634	33.8607758	33.8244809	34.2360215	34.21718	
134.3736	33.933527	33.8942941	34.3087728	34.2869932	
134.3837	34.0057861	33.9728339	34.3810319	34.365533	
134.3939	34.0772596	34.0513737	34.4525054	34.4353461	
134.404	34.1474826	34.1211869	34.5227284	34.513886	
134.4142	34.2174216	34.191	34.5926674	34.5836991	
134.4244	34.2864519	34.2608132	34.6616977	34.6535123	
134.4345	34.3540438	34.3306264	34.7292896	34.7320521	
134.4449	34.4233803	34.4004396	34.7986261	34.8018653	
134.4548	34.4882217	34.4702527	34.8634675	34.8629518	
134.465	34.5537598	34.5400659	34.9290056	34.932765	
134.4752	34.6187115	34.6098791	34.9939573	34.9938515	
134.4853	34.6829511	34.6709656	35.0581969	35.0636647	
134.4955	34.7463223	34.7320521	35.1215681	35.1247512	
134.5057	34.8085022	34.8018653	35.183748	35.1858377	
134.5158	34.8702614	34.8629518	35.2455072	35.2556509	
134.526	34.9312621	34.9240383	35.3065079	35.3080108	
134.5361	34.9909063	34.9851249	35.3661521	35.3690973	
134.5463	35.0502328	35.0462114	35.4254786	35.4301838	
134.5564	35.1082143	35.0985713	35.4834601	35.4825437	
134.5666	35.166006	35.1509311	35.5412518	35.5436302	
134.5768	35.2232265	35.2120177	35.5984723	35.5959901	
134.5869	35.2788953	35.2643775	35.6541411	35.6570766	
134.597	35.3338154	35.3167374	35.7090611	35.7094365	
134.6073	35.3886912	35.3690973	35.763937	35.7530697	
134.6174	35.4418761	35.4214572	35.8171219	35.8054296	
134.6275	35.4945064	35.473817	35.8697522	35.8577895	
134.6377	35.5465016	35.5261769	35.9217474	35.9101494	
134.6499	35.6078776	35.5698102	35.9831234	35.9537826	
134.6579	35.6477616	35.62217	36.0230074	36.0061425	
134.6682	35.697571	35.6745299	36.0728168	36.0585023	
134.6783	35.7461295	35.7268898	36.1213753	36.1021356	
134.6884	35.7938139	35.770523	36.1690597	36.1544955	
134.6986	35.8410901	35.8228829	36.2163359	36.1981287	
134.7087	35.8872141	35.8665161	36.2624598	36.2504886	
134.7188	35.9327285	35.918876	36.3079743	36.2941218	
134.7291	35.9777997	35.9625092	36.3530455	36.337755	
134.7392	36.021664	36.0061425	36.3969098	36.3901149	
134.7493	36.0647361	36.0585023	36.4399819	36.4424748	
134.7597	36.1079841	36.0934089	36.4832299	36.4773814	
134.7697	36.1488068	36.1457688	36.5240525	36.5297412	
134.7798	36.1894559	36.1806754	36.5647017	36.5646478	
134.7901	36.2297013	36.2243086	36.6049471	36.6082811	
134.8002	36.2685855	36.2679419	36.6438313	36.6519143	
134.8103	36.3068282	36.3028484	36.682074	36.6868209	
134.8206	36.3451007	36.3464817	36.7203465	36.7217275	
134.8307	36.3815015	36.3813883	36.7567473	36.756634	
134.841	36.4179979	36.4250215	36.7932437	36.7915406	
134.8512	36.4531228	36.4599281	36.8283686	36.8264472	
134.8614	36.487765	36.4948347	36.8630108	36.8613538	
134.8715	36.5212882	36.5210146	36.8965339	36.8962604	
134.8816	36.5538778	36.5559212	36.9291236	36.931167	
134.8918	36.5858767	36.5821011	36.9611225	36.9573469	
134.9019	36.6171175	36.6170077	36.9923633	36.9835268	
134.9121	36.6475989	36.6431876	37.0228447	37.0184334	
134.9223	36.6771711	36.6693676	37.0524169	37.0446134	
134.9327	36.7068743	36.6955475	37.0821201	37.0707933	
134.9426	36.7341208	36.7217275	37.1093665	37.0969733	
134.9527	36.7614137	36.7479074	37.1366595	37.1231532	
134.9631	36.7884265	36.7740873	37.1636723	37.1493331	
134.9731	36.8137174	36.7915406	37.1889632	37.1755131	
134.9832	36.8386036	36.8177206	37.2138494	37.1929664	
135.0016	36.88066	36.8439005	37.2559058	37.2191463	
135.0062	36.8913505	36.8613538	37.2665963	37.2453262	
135.0163	36.9136522	36.8875337	37.288898	37.2715062	
135.0268	36.9359173	36.904987	37.311163	37.2889595	
135.0366	36.9562258	36.931167	37.3314716	37.3151394	
135.0468	36.9763454	36.9486203	37.3515912	37.3325927	
135.0573	36.9962521	36.9660736	37.3714979	37.350046	
135.0671	37.0143515	36.9835268	37.3895972	37.3674993	
135.0773	37.0321837	37.0009801	37.4074294	37.3849526	
135.0878	37.049788	37.0271601	37.4250338	37.4024059	
135.0978	37.0659354	37.0446134	37.4411812	37.4198592	
135.1081	37.0816924	37.0620667	37.4569382	37.4285858	
135.1183	37.0965188	37.07952	37.4717646	37.4460391	
135.1284	37.1105803	37.0969733	37.4858261	37.4547657	
135.1383	37.1236133	37.1056999	37.498859	37.472219	
135.1487	37.1364532	37.1231532	37.5116989	37.4896723	
135.1586	37.1481161	37.1318798	37.5233619	37.498399	
135.1688	37.1593128	37.1406065	37.5345586	37.5158523	
135.1793	37.1700565	37.1493331	37.5453023	37.5245789	
135.1893	37.1796232	37.1580598	37.554869	37.5333056	
135.1995	37.1886837	37.1580598	37.5639295	37.5420322	
135.2098	37.197098	37.1667864	37.5723438	37.5507589	
135.22	37.2047794	37.1667864	37.5800252	37.5594855	
135.2318	37.2126846	37.1667864	37.5879304	37.5594855	
135.2419	37.2188247	37.1667864	37.5940705	37.5594855	
135.252	37.2243617	37.1667864	37.5996075	37.5594855	
135.2622	37.229297	37.1667864	37.6045428	37.5594855	
135.2723	37.2336261	37.1667864	37.6088719	37.5594855	
135.2825	37.2373523	37.1755131	37.6125981	37.5594855	
135.2926	37.2405268	37.1755131	37.6157726	37.5594855	
135.3028	37.2431876	37.1842397	37.6184334	37.5682121	
135.313	37.2453542	37.1929664	37.6206	37.5682121	
135.3232	37.2470652	37.201693	37.6223109	37.5769388	
135.3333	37.2516065	37.2104197	37.6268522	37.5769388	
135.3436	37.2516065	37.2191463	37.6268522	37.5856654	
135.3536	37.2516065	37.2278729	37.6268522	37.5943921	
135.3638	37.2516065	37.2278729	37.6268522	37.5943921	
135.374	37.2516065	37.2278729	37.6268522	37.6031187	
135.3842	37.2516065	37.2278729	37.6268522	37.6118454	
135.3943	37.2516065	37.2278729	37.6268522	37.6118454	
135.4045	37.2516065	37.2278729	37.6268522	37.6118454	
135.4146	37.2516065	37.2278729	37.6268522	37.620572	
135.4249	37.2516065	37.2278729	37.6268522	37.620572	
135.4349	37.2516065	37.2278729	37.6268522	37.6118454	
135.4451	37.2516065	37.2278729	37.6268522	37.6118454	
135.4553	37.2516065	37.2365996	37.6268522	37.6118454	
135.4654	37.2516065	37.2365996	37.6268522	37.6118454	
135.4756	37.2516065	37.2365996	37.6268522	37.6118454	
135.486	37.2502905	37.2453262	37.6255363	37.6118454	
135.4961	37.2482144	37.2453262	37.6234602	37.6118454	
135.5063	37.2453225	37.2453262	37.6205683	37.6118454	
135.5165	37.2415389	37.2453262	37.6167847	37.6118454	
135.5266	37.2370149	37.2453262	37.6122607	37.620572	
135.5369	37.2315646	37.2453262	37.6068104	37.620572	
135.547	37.2253581	37.2453262	37.6006039	37.6118454	
135.5571	37.2183714	37.2453262	37.5936172	37.6118454	
135.5673	37.2104648	37.2453262	37.5857106	37.6118454	
135.5774	37.2018081	37.2365996	37.5770539	37.6031187	
135.5876	37.1922747	37.2278729	37.5675205	37.6031187	
135.5977	37.1819416	37.2191463	37.5571874	37.5943921	
135.6079	37.170733	37.2104197	37.5459788	37.5943921	
135.618	37.1588198	37.201693	37.5340656	37.5769388	
135.6282	37.1459986	37.1842397	37.5212444	37.5682121	
135.6384	37.1322677	37.1667864	37.5075135	37.5507589	
135.6505	37.1146802	37.1493331	37.489926	37.5333056	
135.6586	37.1025949	37.1318798	37.4778407	37.5158523	
135.6688	37.0864717	37.1056999	37.4617175	37.4896723	
135.6789	37.0695668	37.0882466	37.4448126	37.472219	
135.6891	37.0517818	37.0620667	37.4270276	37.4460391	
135.717	36.9946849	36.9922535	37.3699307	37.3762259	
135.7216	36.9855652	36.9835268	37.360811	37.3674993	
135.7318	36.9642667	36.9573469	37.3395125	37.3325927	
135.7419	36.9422618	36.931167	37.3175076	37.3064128	
135.7521	36.9193714	36.904987	37.2946172	37.2802328	
135.7623	36.8956184	36.8788071	37.2708642	37.2540529	
135.7724	36.8711132	36.8526272	37.246359	37.2278729	
135.7826	36.8457297	36.8264472	37.2209755	37.201693	
135.7928	36.8194654	36.7915406	37.1947111	37.1755131	
135.8029	36.7925629	36.7740873	37.1678087	37.1406065	
135.8131	36.7646499	36.7479074	37.1398957	37.1231532	
135.8233	36.735645	36.7217275	37.1108908	37.0969733	
135.8334	36.7064525	36.6955475	37.0816983	37.0707933	
135.8435	36.676243	36.6693676	37.0514888	37.0446134	
135.8537	36.6449172	36.6431876	37.020163	37.0184334	
135.8639	36.6129985	36.6170077	36.9882443	36.9922535	
135.874	36.5802468	36.5908278	36.9554926	36.9660736	
135.8842	36.5465791	36.5646478	36.9218249	36.9398936	
135.8944	36.5119958	36.5471945	36.8872416	36.9137137	
135.9047	36.4762858	36.5210146	36.8515316	36.8788071	
135.9147	36.4405909	36.4948347	36.8158367	36.8439005	
135.9248	36.4039123	36.4686547	36.7791581	36.8089939	
135.935	36.3660543	36.4337481	36.7413001	36.7740873	
135.9452	36.3274602	36.3988416	36.702706	36.7391808	
135.9553	36.2881759	36.3552083	36.6634217	36.6955475	
135.9654	36.24803	36.3028484	36.6232757	36.6519143	
135.9757	36.206462	36.2592152	36.5817078	36.6170077	
135.9858	36.1649185	36.2068553	36.5401643	36.5733745	
135.9959	36.1223116	36.1544955	36.4975574	36.5384679	
136.0062	36.0782877	36.1108622	36.4535335	36.4948347	
136.0163	36.0341877	36.067229	36.4094335	36.4599281	
136.0264	35.9891299	36.0235958	36.3643757	36.4162948	
136.0366	35.9430371	35.9886892	36.3182829	36.3813883	
136.0468	35.8962482	35.9537826	36.271494	36.337755	
136.0572	35.8472529	35.9101494	36.2224987	36.3028484	
136.0671	35.8000846	35.8665161	36.1753304	36.2504886	
136.0772	35.7509312	35.8228829	36.126177	36.2068553	
136.0874	35.7006085	35.7792497	36.0758543	36.1632221	
136.0976	35.6496802	35.7268898	36.024926	36.1108622	
136.1076	35.5983241	35.6745299	35.9735699	36.0585023	
136.1179	35.545138	35.6134434	35.9203838	35.9974158	
136.128	35.4919482	35.5523569	35.867194	35.9363293	
136.1381	35.4379513	35.499997	35.8131971	35.8752428	
136.1482	35.3830924	35.4301838	35.7583382	35.8141563	
136.1585	35.326807	35.3778239	35.7020528	35.7443431	
136.1686	35.2702842	35.3080108	35.64553	35.6745299	
136.1787	35.2129883	35.2556509	35.5882341	35.6134434	
136.1889	35.154299	35.1945644	35.5295448	35.5523569	
136.199	35.095341	35.1334778	35.4705867	35.4825437	
136.2092	35.0349731	35.081118	35.4102189	35.4301838	
136.2194	34.9738624	35.0113048	35.3491082	35.3603706	
136.2295	34.9127805	34.9589449	35.2880263	35.3080108	
136.2397	34.850067	34.906585	35.2253128	35.2469242	
136.2498	34.7869104	34.8454985	35.1621562	35.1858377	
136.2599	34.7229586	34.784412	35.0982044	35.1247512	
136.2701	34.6578476	34.7233255	35.0330934	35.0636647	
136.2803	34.5921125	34.6535123	34.9673582	35.0113048	
136.2904	34.5256672	34.5924258	34.900913	34.9414916	
136.3005	34.4584686	34.5226126	34.8337144	34.8804051	
136.3108	34.3894172	34.4527994	34.764663	34.8193186	
136.3209	34.3206024	34.3917129	34.6958482	34.7495054	
136.3311	34.2506678	34.3218997	34.6259136	34.6796922	
136.3412	34.1797802	34.2520866	34.555026	34.6098791	
136.3514	34.1085229	34.1822734	34.4837687	34.5400659	
136.3615	34.0358967	34.1124602	34.4111425	34.4702527	
136.3717	33.9624694	34.0339204	34.3377152	34.4004396	
136.3819	33.8880344	33.9641072	34.2632802	34.3218997	
136.3924	33.8109661	33.8855674	34.1862119	34.2433599	
136.4022	33.7376547	33.8070276	34.1129005	34.1735468	
136.4124	33.6611967	33.7372144	34.0364425	34.0862803	
136.4227	33.5821269	33.649948	33.9573727	34.0077405	
136.4327	33.5052694	33.5714082	33.8805152	33.9292007	
136.4429	33.4264849	33.4928683	33.8017307	33.8419342	
136.4532	33.3451232	33.4056019	33.720369	33.7546677	
136.4632	33.2658728	33.3183354	33.6411186	33.6761279	
136.4733	33.1847427	33.2397956	33.5599885	33.5888615	
136.4836	33.1014206	33.1525291	33.4766664	33.5103216	
136.4936	33.0189646	33.0652627	33.3942104	33.4230552	
136.5038	32.934665	32.9867229	33.3099108	33.3357887	
136.514	32.8502281	32.8994564	33.2254738	33.2485223	
136.5241	32.7645964	32.8121899	33.1398422	33.1612558	
136.5343	32.6775089	32.7336501	33.0527547	33.082716	
136.5445	32.5906732	32.6463837	32.965919	32.9954495	
136.5546	32.5030026	32.5591172	32.8782484	32.9169097	
136.5647	32.413982	32.4718507	32.7892278	32.8296432	
136.5749	32.3239102	32.3845843	32.699156	32.7423768	
136.5852	32.2324646	32.2973178	32.6077104	32.6551103	
136.5952	32.1419929	32.2013247	32.5172387	32.5678438	
136.6054	32.0496176	32.1140582	32.4248633	32.4718507	
136.6157	31.9556621	32.0267918	32.3309079	32.3845843	
136.6257	31.8627757	31.9307987	32.2380215	32.2885912	
136.6359	31.767929	31.8348056	32.1431748	32.2013247	
136.646	31.6725496	31.7475391	32.0477954	32.1053316	
136.6562	31.5758766	31.651546	31.9511224	32.0093385	
136.6663	31.4791479	31.5555529	31.8543937	31.922072	
136.6766	31.3799598	31.4508331	31.7552055	31.8173523	
136.6868	31.2810103	31.35484	31.6562561	31.7213592	
136.697	31.1807369	31.2588469	31.5559826	31.625366	
136.7071	31.0808198	31.1541271	31.4560656	31.5206463	
136.7172	30.9802583	31.058134	31.3555041	31.4159265	
136.7274	30.8771635	30.9534143	31.2524093	31.3199334	
136.7375	30.7750028	30.8399679	31.1502485	31.2152137	
136.7477	30.6712539	30.7352481	31.0464997	31.1104939	
136.7584	30.5610391	30.6305284	30.9362849	31.0057742	
136.768	30.4608992	30.5258086	30.836145	30.9010544	
136.7781	30.3551809	30.4123622	30.7304267	30.787608	
136.7886	30.2444638	30.2989158	30.6197096	30.6828883	
136.7985	30.1395079	30.1941961	30.5147537	30.5781685	
136.8086	30.0312168	30.0807497	30.4064626	30.4734487	
136.819	29.9190411	29.9673033	30.2942869	30.3600023	
136.8289	29.8108371	29.8625835	30.1860829	30.2465559	
136.8391	29.7001797	29.7578637	30.0754255	30.1331095	
136.8496	29.584321	29.6444173	29.9595668	30.0196631	
136.8594	29.4748728	29.5396976	29.8501185	29.9149434	
136.8696	29.3607457	29.4262512	29.7359915	29.801497	
136.8799	29.2442709	29.3215314	29.6195166	29.6880506	
136.8899	29.1317977	29.208085	29.5070435	29.5658775	
136.9	29.0159282	29.0946386	29.391174	29.4611578	
136.9104	28.8964783	28.9811922	29.2717241	29.3389847	
136.9203	28.7811151	28.8677458	29.1563609	29.2255383	
136.9305	28.6626124	28.7455728	29.0378582	29.1033653	
136.9407	28.5415985	28.6321264	28.9168443	28.9899189	
136.9588	28.3260798	28.4139602	28.7013256	28.7630261	
136.9638	28.2662226	28.3616003	28.6414684	28.7106662	
136.974	28.1436418	28.2394273	28.5188876	28.5884931	
136.9842	28.0217818	28.1172542	28.3970276	28.4575935	
136.9943	27.9006058	27.9950812	28.2758516	28.3354204	
137.0045	27.7779538	27.8729082	28.1531996	28.2045207	
137.0146	27.6563218	27.7420085	28.0315676	28.073621	
137.0248	27.5344258	27.6111088	27.9096716	27.9427213	
137.035	27.4122058	27.4889357	27.7874516	27.8205483	
137.0451	27.2920525	27.358036	27.6672983	27.6896486	
137.0553	27.1716194	27.2271363	27.5468652	27.5587489	
137.0654	27.0529351	27.08751	27.4281809	27.4365758	
137.0755	26.9351744	26.9653369	27.3104202	27.3056761	
137.0857	26.8178434	26.8344372	27.1930892	27.1835031	
137.0961	26.6986126	26.7035376	27.0738584	27.0526034	
137.106	26.5854283	26.5726379	26.9606741	26.939157	
137.1162	26.470794	26.4504648	26.8460398	26.8257106	
137.1264	26.3559249	26.3282918	26.7311707	26.7035376	
137.1365	26.2434241	26.2148454	26.6186699	26.5900912	
137.1466	26.1309921	26.101399	26.5062379	26.4766448	
137.1568	26.01883	25.9879526	26.3940758	26.371925	
137.1671	25.9072629	25.8745062	26.2825087	26.2584786	
137.1773	25.7968846	25.7697864	26.1721303	26.1537588	
137.1874	25.6878356	25.6737933	26.0630814	26.0490391	
137.1975	25.5801782	25.5690735	25.955424	25.9443193	
137.2078	25.4719018	25.4643538	25.8471475	25.8483262	
137.2179	25.3654779	25.3770873	25.7407237	25.7436065	
137.2285	25.2550475	25.2723676	25.6302933	25.6476134	
137.2382	25.1550317	25.1851011	25.5302775	25.5428936	
137.2487	25.0472584	25.089108	25.4225042	25.4469005	
137.2584	24.9479851	24.9931149	25.3232309	25.3421807	
137.2686	24.8451605	24.8883951	25.2204063	25.2461876	
137.2788	24.7433215	24.8011287	25.1185673	25.1501945	
137.2889	24.6427094	24.7051356	25.0179552	25.0542014	
137.2991	24.5428763	24.6091425	24.9181221	24.9582083	
137.3093	24.4426942	24.5044227	24.81794	24.8534885	
137.3194	24.3450626	24.4084296	24.7203084	24.7662221	
137.3296	24.2474429	24.3124365	24.6226887	24.670229	
137.3397	24.1505891	24.2077167	24.5258349	24.5655092	
137.3498	24.0553045	24.102997	24.4305503	24.4695161	
137.36	23.9594063	24.0070039	24.3346521	24.373523	
137.3702	23.8652777	23.9022841	24.2405235	24.2775299	
137.3803	23.7722217	23.806291	24.1474675	24.1815368	
137.3905	23.6795742	23.7015712	24.0548199	24.0855437	
137.4007	23.5870962	23.5968515	23.962342	23.9808239	
137.4108	23.4963789	23.5008584	23.8716246	23.8848308	
137.4209	23.4068097	23.4048653	23.7820555	23.7888377	
137.4311	23.3167392	23.3088722	23.691985	23.7015712	
137.4413	23.2281037	23.2128791	23.6033495	23.6055781	
137.4514	23.1406479	23.1256126	23.5158937	23.5183117	
137.4616	23.0536442	23.0383461	23.4288899	23.4223186	
137.4718	22.9667353	22.9510797	23.3419811	23.3350521	
137.4819	22.8823916	22.8638132	23.2576373	23.2477856	
137.4921	22.7977514	22.7852734	23.1729972	23.1605192	
137.5022	22.7139669	22.7067336	23.0892127	23.0819794	
137.5123	22.6315993	22.6281938	23.0068451	23.0034395	
137.5226	22.5491195	22.5496539	22.9243653	22.9161731	
137.5327	22.46824	22.4798408	22.8434858	22.8376333	
137.5428	22.3878306	22.4100276	22.7630764	22.7590934	
137.5531	22.3077938	22.3402144	22.6830396	22.6892803	
137.5631	22.2297457	22.2704013	22.6049915	22.6107405	
137.5733	22.1515204	22.1918614	22.5267662	22.5322006	
137.5835	22.0739261	22.1220483	22.4491719	22.4623875	
137.5936	21.9982617	22.0522351	22.3735075	22.3838477	
137.6038	21.9228906	21.9736953	22.2981364	22.3140345	
137.6139	21.8480826	21.9038821	22.2233284	22.2354947	
137.6241	21.7741602	21.8340689	22.149406	22.1656815	
137.6342	21.7014746	21.7555291	22.0767204	22.0958683	
137.6444	21.6290681	21.6769893	22.0043139	22.0173285	
137.6566	21.5429746	21.6071761	21.9182204	21.9475153	
137.6647	21.4873951	21.5286363	21.8626409	21.8777022	
137.6749	21.4175144	21.4500965	21.7927602	21.7991624	
137.685	21.3485002	21.3802833	21.723746	21.7293492	
137.6952	21.2808576	21.3017435	21.6561034	21.659536	
137.7054	21.2129205	21.2232037	21.5881663	21.5809962	
137.7155	21.1470676	21.1533905	21.5223134	21.511183	
137.7257	21.0810887	21.0835774	21.4563344	21.4413699	
137.7359	21.0160018	21.0137642	21.3912476	21.3715567	
137.746	20.9524349	20.943951	21.3276807	21.3104702	
137.7561	20.8893656	20.8741379	21.2646114	21.240657	
137.7664	20.8262698	20.8043247	21.2015156	21.1795705	
137.7765	20.7650703	20.7432382	21.1403161	21.1184839	
137.7866	20.7042581	20.6821516	21.0795039	21.0573974	
137.7968	20.644197	20.6297918	21.0194428	20.9963109	
137.8069	20.5852086	20.5774319	20.9604544	20.943951	
137.8171	20.5267253	20.525072	20.9019711	20.8828645	
137.8274	20.4683	20.4727121	20.8435458	20.8305046	
137.8374	20.4129255	20.4203522	20.7881713	20.7694181	
137.8476	20.3567363	20.3679924	20.7319821	20.7257849	
137.8577	20.3018394	20.3243591	20.6770851	20.6646983	
137.8678	20.2478944	20.2807259	20.6231402	20.6210651	
137.878	20.1942616	20.228366	20.5695074	20.5687052	
137.8882	20.1414749	20.1847328	20.5167207	20.525072	
137.8983	20.0897467	20.1410996	20.4649925	20.4727121	
137.9084	20.0389523	20.0887397	20.414198	20.4203522	
137.9186	19.9884189	20.0363798	20.3636647	20.376719	
137.9287	19.939312	19.9840199	20.3145578	20.3243591	
137.9389	19.8908213	19.9316601	20.2660671	20.2807259	
137.949	19.8429557	19.8793002	20.2182015	20.228366	
137.9671	19.7611395	19.8269403	20.1363852	20.1847328	
137.9716	19.7403185	19.7571271	20.1155643	20.1236463	
137.9818	19.6949265	19.7134939	20.0701722	20.0712864	
137.992	19.6504914	19.6524074	20.0257372	20.0276532	
138.0021	19.6070548	19.6087741	19.9823005	19.9752933	
138.0123	19.5640894	19.5564143	19.9393352	19.9316601	
138.0225	19.5220312	19.512781	19.8972769	19.8793002	
138.0326	19.4810705	19.4604212	19.8563163	19.8356669	
138.0428	19.4404798	19.4255146	19.8157256	19.7920337	
138.053	19.4010587	19.3818813	19.7763045	19.7571271	
138.0631	19.362296	19.3469748	19.7375418	19.7134939	
138.0734	19.3239248	19.3033415	19.6991705	19.6785873	
138.0835	19.2870223	19.2684349	19.6622681	19.6436807	
138.0936	19.2505544	19.2335284	19.6258002	19.6087741	
138.1039	19.2147204	19.2073484	19.5899662	19.5825942	
138.114	19.1802582	19.1724418	19.555504	19.5476876	
138.1241	19.1463559	19.1462619	19.5216017	19.512781	
138.1343	19.1129218	19.120082	19.4881676	19.4866011	
138.1444	19.0808019	19.093902	19.4560477	19.4604212	
138.1546	19.0492056	19.0677221	19.4244514	19.4342412	
138.1649	19.0178958	19.0415421	19.3931416	19.4080613	
138.1749	18.9882846	19.0153622	19.3635303	19.3731547	
138.1851	18.9589549	18.9891823	19.3342007	19.3557014	
138.1952	18.930706	18.971729	19.3059517	19.3295215	
138.2056	18.9025253	18.945549	19.2777711	19.3033415	
138.2155	18.8762177	18.9193691	19.2514634	19.2771616	
138.2257	18.8500391	18.8931892	19.2252849	19.2509816	
138.2359	18.8248327	18.8670092	19.2000785	19.2248017	
138.246	18.8003889	18.8408293	19.1756347	19.1986218	
138.2562	18.7766167	18.8146493	19.1518625	19.1724418	
138.2663	18.7537505	18.7884694	19.1289963	19.1462619	
138.2765	18.7316224	18.7622895	19.1068682	19.120082	
138.2867	18.7100416	18.7361095	19.0852874	19.093902	
138.2968	18.6895925	18.7099296	19.0648383	19.0764487	
138.307	18.6697729	18.6837496	19.0450187	19.0502688	
138.3172	18.6505877	18.6575697	19.0258335	19.0240888	
138.3275	18.6320619	18.6401164	19.0073077	19.0066356	
138.3375	18.6148484	18.6139365	18.9900942	18.9891823	
138.3476	18.5980388	18.5964832	18.9732846	18.9630023	
138.3577	18.5821261	18.5790299	18.9573719	18.9542757	
138.3683	18.5663565	18.5615766	18.9416023	18.9368224	
138.3781	18.5523011	18.5528499	18.9275469	18.9193691	
138.3882	18.5385795	18.5353967	18.9138253	18.9106424	
138.3986	18.5252657	18.52667	18.9005115	18.8931892	
138.4085	18.5132792	18.5179434	18.888525	18.8844625	
138.4187	18.5017479	18.5092167	18.8769937	18.8844625	
138.429	18.4907658	18.5004901	18.8660116	18.8757359	
138.439	18.4808242	18.5004901	18.85607	18.8670092	
138.4492	18.4713865	18.5004901	18.8466323	18.8670092	
138.4594	18.4627153	18.5004901	18.8379611	18.8670092	
138.4694	18.4548042	18.5004901	18.83005	18.8670092	
138.4796	18.447483	18.5004901	18.8227287	18.8670092	
138.4897	18.4408771	18.5004901	18.8161229	18.8670092	
138.4999	18.4349222	18.5004901	18.810168	18.8670092	
138.51	18.4296113	18.5004901	18.8048571	18.8670092	
138.5202	18.4248897	18.5004901	18.8001355	18.8670092	
138.5304	18.4208081	18.5004901	18.7960539	18.8582826	
138.5405	18.4173112	18.4917634	18.792557	18.8582826	
138.5507	18.4143444	18.4830368	18.7895902	18.8582826	
138.561	18.4118878	18.4830368	18.7871336	18.8495559	
138.5709	18.4099486	18.4743101	18.7851944	18.8495559	
138.5811	18.404497	18.4655835	18.7797428	18.8495559	
138.5913	18.404497	18.4568568	18.7797428	18.8408293	
138.6015	18.404497	18.4481302	18.7797428	18.8321026	
138.6116	18.404497	18.4394035	18.7797428	18.8321026	
138.6218	18.404497	18.4306769	18.7797428	18.823376	
138.632	18.404497	18.4306769	18.7797428	18.8146493	
138.6421	18.404497	18.4306769	18.7797428	18.8146493	
138.6523	18.404497	18.4306769	18.7797428	18.8059227	
138.6625	18.404497	18.4306769	18.7797428	18.797196	
138.6729	18.404497	18.4306769	18.7797428	18.797196	
138.6827	18.404497	18.4306769	18.7797428	18.797196	
138.6928	18.404497	18.4306769	18.7797428	18.797196	
138.7034	18.404497	18.4306769	18.7797428	18.8059227	
138.7211	18.404497	18.4306769	18.7797428	18.8059227	
138.7257	18.404497	18.4306769	18.7797428	18.8059227	
138.736	18.404497	18.4306769	18.7797428	18.8059227	
138.746	18.404497	18.4306769	18.7797428	18.8059227	
138.7561	18.404497	18.4306769	18.7797428	18.8059227	
138.7664	18.404497	18.4306769	18.7797428	18.797196	
138.7764	18.404497	18.4306769	18.7797428	18.797196	
138.7866	18.404497	18.4306769	18.7797428	18.797196	
138.7968	18.404497	18.4306769	18.7797428	18.8059227	
138.8069	18.404497	18.4306769	18.7797428	18.8059227	
138.817	18.404497	18.4306769	18.7797428	18.8059227	
138.8354	18.404497	18.4306769	18.7797428	18.8059227	
138.8401	18.404497	18.4306769	18.7797428	18.8059227	
138.8502	18.404497	18.4306769	18.7797428	18.797196	
138.8604	18.404497	18.4306769	18.7797428	18.797196	
138.8705	18.404497	18.4306769	18.7797428	18.8059227	
138.8807	18.404497	18.4306769	18.7797428	18.8059227	
138.8908	18.404497	18.4306769	18.7797428	18.8059227	
138.9009	18.404497	18.4306769	18.7797428	18.8059227	
138.9111	18.404497	18.4306769	18.7797428	18.8059227	
138.9293	18.404497	18.4306769	18.7797428	18.8059227	
138.9338	18.404497	18.4306769	18.7797428	18.8059227	
138.944	18.404497	18.4306769	18.7797428	18.8059227	
138.9541	18.404497	18.4306769	18.7797428	18.8059227	
138.9643	18.404497	18.4306769	18.7797428	18.8059227	
138.9745	18.404497	18.4306769	18.7797428	18.8059227	
138.9846	18.404497	18.4306769	18.7797428	18.8059227	
138.9947	18.404497	18.4306769	18.7797428	18.8059227	
139.0049	18.404497	18.4306769	18.7797428	18.8059227	
139.0155	18.404497	18.4306769	18.7797428	18.8059227	
139.0256	18.404497	18.4306769	18.7797428	18.8059227	
139.036	18.404497	18.4306769	18.7797428	18.8059227	
139.046	18.404497	18.4306769	18.7797428	18.8059227	
139.0561	18.404497	18.4306769	18.7797428	18.8059227	
139.0664	18.404497	18.4306769	18.7797428	18.8059227	
139.0764	18.404497	18.4306769	18.7797428	18.8059227	
139.0866	18.404497	18.4306769	18.7797428	18.8059227	
139.0968	18.404497	18.4306769	18.7797428	18.8059227	
139.1069	18.404497	18.4306769	18.7797428	18.8059227	
139.117	18.404497	18.4306769	18.7797428	18.8059227	
139.1272	18.404497	18.4306769	18.7797428	18.8059227	
139.1453	18.404497	18.4306769	18.7797428	18.8059227	
139.1499	18.404497	18.4306769	18.7797428	18.8059227	
139.1605	18.404497	18.4306769	18.7797428	18.8059227	
139.1702	18.404497	18.4306769	18.7797428	18.8059227	
139.1804	18.404497	18.4306769	18.7797428	18.8059227	
139.1908	18.404497	18.4306769	18.7797428	18.8059227	
139.2011	18.404497	18.4306769	18.7797428	18.8059227	
139.2108	18.404497	18.4306769	18.7797428	18.8059227	
139.2213	18.404497	18.4306769	18.7797428	18.8059227	
139.2311	18.404497	18.4306769	18.7797428	18.8059227	
139.2495	18.404497	18.4306769	18.7797428	18.8059227	
139.2541	18.404497	18.4306769	18.7797428	18.8059227	
139.2643	18.404497	18.4306769	18.7797428	18.8059227	
139.2744	18.404497	18.4306769	18.7797428	18.8059227	
139.2846	18.404497	18.4306769	18.7797428	18.8059227	
139.2948	18.404497	18.4306769	18.7797428	18.8059227	
139.3049	18.404497	18.4306769	18.7797428	18.8059227	
139.3151	18.404497	18.4306769	18.7797428	18.8059227	
139.3252	18.404497	18.4306769	18.7797428	18.8059227	
139.3354	18.404497	18.4306769	18.7797428	18.8059227	
139.3456	18.404497	18.4306769	18.7797428	18.8059227	
139.3559	18.404497	18.4306769	18.7797428	18.8059227	
139.366	18.404497	18.4306769	18.7797428	18.8059227	
139.3762	18.404497	18.4306769	18.7797428	18.8059227	
139.3863	18.404497	18.4306769	18.7797428	18.8059227	
139.3965	18.404497	18.4306769	18.7797428	18.8059227	
139.4067	18.404497	18.4306769	18.7797428	18.8059227	
139.4168	18.404497	18.4306769	18.7797428	18.8059227	
139.427	18.404497	18.4306769	18.7797428	18.8059227	
139.4372	18.404497	18.4306769	18.7797428	18.8059227	
139.4473	18.404497	18.4306769	18.7797428	18.8059227	
139.4577	18.404497	18.4306769	18.7797428	18.8059227	
139.4676	18.404497	18.4306769	18.7797428	18.8059227	
139.4777	18.404497	18.4306769	18.7797428	18.8059227	
139.488	18.404497	18.4306769	18.7797428	18.8059227	
139.4981	18.404497	18.4306769	18.7797428	18.8059227	
139.5082	18.404497	18.4306769	18.7797428	18.8059227	
139.5183	18.404497	18.4306769	18.7797428	18.8059227	
139.5285	18.404497	18.4306769	18.7797428	18.8059227	
139.5386	18.404497	18.4306769	18.7797428	18.8059227	
139.5487	18.404497	18.4306769	18.7797428	18.8059227	
139.559	18.404497	18.4306769	18.7797428	18.8059227	
139.5691	18.404497	18.4306769	18.7797428	18.8059227	
139.5875	18.404497	18.4306769	18.7797428	18.8059227	
139.5921	18.404497	18.4306769	18.7797428	18.8059227	
139.6022	18.404497	18.4306769	18.7797428	18.8059227	
139.6124	18.404497	18.4306769	18.7797428	18.8059227	
139.6226	18.404497	18.4306769	18.7797428	18.8059227	
139.6327	18.404497	18.4306769	18.7797428	18.8059227	
139.6429	18.404497	18.4306769	18.7797428	18.8059227	
139.6531	18.404497	18.4306769	18.7797428	18.8059227	
139.6633	18.404497	18.4306769	18.7797428	18.8059227	
139.6737	18.404497	18.4306769	18.7797428	18.8059227	
139.6836	18.404497	18.4306769	18.7797428	18.8059227	
139.6937	18.404497	18.4306769	18.7797428	18.8059227	
139.7041	18.404497	18.4306769	18.7797428	18.8059227	
139.714	18.404497	18.4306769	18.7797428	18.8059227	
139.7242	18.404497	18.4306769	18.7797428	18.8059227	
139.7345	18.404497	18.4306769	18.7797428	18.8059227	
139.7445	18.404497	18.4306769	18.7797428	18.8059227	
139.7546	18.404497	18.4306769	18.7797428	18.8059227	
139.7649	18.404497	18.4306769	18.7797428	18.8059227	
139.775	18.404497	18.4306769	18.7797428	18.8059227	
139.7851	18.404497	18.4306769	18.7797428	18.8059227	
139.7953	18.404497	18.4306769	18.7797428	18.8059227	
139.8055	18.404497	18.4306769	18.7797428	18.8059227	
139.8156	18.404497	18.4306769	18.7797428	18.8059227	
139.8258	18.404497	18.4306769	18.7797428	18.8059227	
139.8359	18.404497	18.4306769	18.7797428	18.8059227	
139.8461	18.404497	18.4306769	18.7797428	18.8059227	
139.8563	18.404497	18.4306769	18.7797428	18.8059227	
139.8664	18.404497	18.4306769	18.7797428	18.8059227	
139.8767	18.404497	18.4306769	18.7797428	18.8059227	
139.8868	18.404497	18.4306769	18.7797428	18.8059227	
139.8969	18.404497	18.4306769	18.7797428	18.797196	
139.9071	18.404497	18.4306769	18.7797428	18.797196	
139.9173	18.404497	18.4306769	18.7797428	18.797196	
139.9274	18.404497	18.4219503	18.7797428	18.797196	
139.9375	18.404497	18.4219503	18.7797428	18.797196	
