139.9519	18.4069684	18.4132236	18.7822142	18.8059227	
139.9579	18.4081014	18.4132236	18.7833472	18.8059227	
139.9684	18.4111229	18.4132236	18.7863687	18.8059227	
139.9782	18.4146699	18.4132236	18.7899157	18.797196	
139.9883	18.419181	18.4132236	18.7944268	18.797196	
139.9984	18.4245526	18.404497	18.7997984	18.797196	
140.0085	18.4306979	18.4132236	18.8059437	18.797196	
140.0187	18.4377316	18.4132236	18.8129774	18.797196	
140.0288	18.4455237	18.4132236	18.8207694	18.8059227	
140.039	18.4541615	18.4132236	18.8294073	18.8059227	
140.0495	18.4640624	18.4132236	18.8393082	18.8146493	
140.0594	18.4740242	18.4219503	18.8492699	18.8146493	
140.0695	18.4851115	18.4306769	18.8603573	18.8146493	
140.0796	18.4970736	18.4306769	18.8723194	18.823376	
140.0897	18.5097787	18.4481302	18.8850245	18.8321026	
140.1001	18.523645	18.4568568	18.8988908	18.8321026	
140.1101	18.5378549	18.4655835	18.9131007	18.8321026	
140.1202	18.5530748	18.4830368	18.9283206	18.8408293	
140.1303	18.5690941	18.5004901	18.9443399	18.8495559	
140.1405	18.5860418	18.5179434	18.9612876	18.8582826	
140.1589	18.6200229	18.5528499	18.9952687	18.8844625	
140.1635	18.6283431	18.5703032	19.0035888	18.8931892	
140.1737	18.6480328	18.5877565	19.0232786	18.9106424	
140.1839	18.6686065	18.6052098	19.0438523	18.9368224	
140.194	18.6896823	18.6313898	19.0649281	18.9630023	
140.2042	18.7118249	18.6488431	19.0870707	18.9891823	
140.2143	18.7346335	18.675023	19.1098793	19.0240888	
140.2245	18.7583789	18.6924763	19.1336247	19.0589954	
140.2365	18.7877465	18.7186562	19.1629923	19.1026287	
140.2466	18.8131551	18.7448362	19.1884009	19.1375352	
140.2568	18.8396831	18.7797428	19.2149289	19.1811685	
140.2669	18.866549	18.8059227	19.2417948	19.2248017	
140.2771	18.8946306	18.8408293	19.2698764	19.2597083	
140.2873	18.9237258	18.8757359	19.2989716	19.3033415	
140.2975	18.9534056	18.9193691	19.3286514	19.3382481	
140.3075	18.9835746	18.9542757	19.3588204	19.3731547	
140.3177	19.0150267	18.9891823	19.3902725	19.4080613	
140.3279	19.0472592	19.0328155	19.4225049	19.4429679	
140.3384	19.0811984	19.0677221	19.4564441	19.4691478	
140.3482	19.1139235	19.1026287	19.4891693	19.4953277	
140.3583	19.1481145	19.1288086	19.5233603	19.5215077	
140.3684	19.1834616	19.1637152	19.5587074	19.5476876	
140.3786	19.2200958	19.1986218	19.5953416	19.5738676	
140.3887	19.2567425	19.2248017	19.6319883	19.6000475	
140.3989	19.2947622	19.2509816	19.670008	19.6262274	
140.4091	19.3337974	19.2858882	19.7090432	19.6524074	
140.4191	19.372675	19.3120682	19.7479208	19.6785873	
140.4293	19.4133827	19.3469748	19.7886285	19.7134939	
140.4395	19.4547746	19.3818813	19.8300204	19.7484005	
140.4496	19.4964073	19.4167879	19.8716531	19.7833071	
140.4597	19.5388719	19.4516945	19.9141177	19.8269403	
140.47	19.5831513	19.4953277	19.9583971	19.8705735	
140.4801	19.6273644	19.538961	20.0026102	19.9142068	
140.4901	19.6722275	19.5825942	20.0474733	19.9665666	
140.5004	19.7189587	19.6349541	20.0942045	20.0189265	
140.5105	19.76552	19.687314	20.1407658	20.0712864	
140.5206	19.8130808	19.7396738	20.1883266	20.1236463	
140.5389	19.9027635	19.8356669	20.2780093	20.228366	
140.5435	19.9248883	19.8618469	20.3001341	20.2458193	
140.5536	19.9752923	19.9229334	20.3505381	20.3069058	
140.5639	20.0271453	19.9752933	20.4023911	20.3679924	
140.5741	20.0792892	20.0363798	20.454535	20.4203522	
140.5843	20.1324295	20.0974663	20.5076753	20.4814388	
140.5944	20.185989	20.1585529	20.5612347	20.5425253	
140.6046	20.2408453	20.2109127	20.6160911	20.5948852	
140.6148	20.2964282	20.2719993	20.671674	20.6559717	
140.6249	20.3525123	20.3330858	20.7277581	20.7170582	
140.635	20.4094395	20.3854457	20.7846853	20.7694181	
140.6452	20.4676592	20.4552588	20.842905	20.8392313	
140.6554	20.5263585	20.5076187	20.9016043	20.8915911	
140.6659	20.5884523	20.5687052	20.9636981	20.9526777	
140.6761	20.6485495	20.6297918	21.0237953	21.0137642	
140.6862	20.7098385	20.6821516	21.0850843	21.0661241	
140.6964	20.7719353	20.7432382	21.1471811	21.1272106	
140.7065	20.834858	20.8043247	21.2101038	21.1882971	
140.7167	20.8989393	20.8566846	21.2741851	21.240657	
140.7269	20.9634923	20.9177711	21.3387381	21.3017435	
140.7372	21.0298218	20.9788576	21.4050676	21.36283	
140.7472	21.0949352	21.0399441	21.4701809	21.4239166	
140.7573	21.1613441	21.1010307	21.5365899	21.4850031	
140.7675	21.2294681	21.1621172	21.6047139	21.5460896	
140.7777	21.2984034	21.2232037	21.6736492	21.6071761	
140.7878	21.3676687	21.2930169	21.7429145	21.6769893	
140.7979	21.4380638	21.36283	21.8133096	21.7468025	
140.8082	21.5096922	21.4326432	21.884938	21.8166156	
140.8183	21.581198	21.511183	21.9564438	21.8864288	
140.8284	21.6537444	21.5897228	22.0289902	21.9649686	
140.8386	21.7281867	21.659536	22.1034325	22.0435085	
140.8487	21.8018403	21.7468025	22.1770861	22.1307749	
140.8588	21.8769193	21.8253423	22.2521651	22.2093147	
140.869	21.9532306	21.9038821	22.3284764	22.2878545	
140.8793	22.0309182	21.9824219	22.406164	22.375121	
140.8894	22.1084284	22.0609617	22.4836742	22.4536608	
140.8996	22.1872773	22.1482282	22.5625231	22.5409273	
140.9096	22.2659091	22.226768	22.6411549	22.6194671	
140.9198	22.3462085	22.3053078	22.7214543	22.7067336	
140.93	22.4273913	22.3925743	22.8026371	22.7852734	
140.9401	22.5085921	22.4798408	22.8838378	22.8638132	
140.9502	22.5912822	22.5583806	22.966528	22.9510797	
140.9604	22.6750062	22.6369204	23.0502519	23.0296195	
140.9705	22.7591464	22.7241869	23.1343922	23.1081593	
140.9807	22.8447971	22.8027267	23.2200429	23.1866991	
140.9909	22.9310932	22.8899931	23.306339	23.2739656	
141.0011	23.0175959	22.968533	23.3928417	23.3525054	
141.0112	23.1051452	23.0557994	23.480391	23.4310452	
141.0215	23.1944809	23.1430659	23.5697267	23.5183117	
141.0316	23.2836413	23.2303323	23.658887	23.5968515	
141.0417	23.3733903	23.3175988	23.7486361	23.6841179	
141.0519	23.4648019	23.4048653	23.8400477	23.7713844	
141.0621	23.5563874	23.4921317	23.9316332	23.8673775	
141.0723	23.6495802	23.5881248	24.024826	23.954644	
141.0824	23.7429187	23.6753913	24.1181645	24.0506371	
141.0926	23.8371371	23.7713844	24.2123829	24.1466302	
141.1027	23.9323508	23.8673775	24.3075966	24.2426233	
141.1129	24.0285066	23.9633706	24.4037524	24.3386164	
141.123	24.1248938	24.0593637	24.5001396	24.4346095	
141.1332	24.2228104	24.1553568	24.5980562	24.5393293	
141.1434	24.3216857	24.2600766	24.6969315	24.644049	
141.1536	24.4209591	24.3647964	24.7962049	24.7400421	
141.1638	24.5210686	24.4695161	24.8963144	24.8447619	
141.1739	24.6222256	24.5742359	24.9974714	24.9494817	
141.1842	24.724628	24.6789556	25.0998738	25.0542014	
141.1943	24.8263754	24.7836754	25.2016212	25.1589212	
141.2044	24.9297902	24.8883951	25.305036	25.2636409	
141.2146	25.0339587	24.9931149	25.4092045	25.3683607	
141.2247	25.1388895	25.0978346	25.5141353	25.4730804	
141.2349	25.2447184	25.211281	25.6199642	25.5778002	
141.245	25.3514363	25.3160008	25.726682	25.6825199	
141.2553	25.459612	25.4207206	25.8348578	25.7959663	
141.2655	25.5690552	25.5254403	25.944301	25.9006861	
141.2756	25.6768522	25.6301601	26.052098	26.0141325	
141.2857	25.7868118	25.7348798	26.1620576	26.1275789	
141.2959	25.8983799	25.8395996	26.2736257	26.2322987	
141.306	26.0093071	25.953046	26.3845529	26.3457451	
141.3162	26.1215868	26.0664924	26.4968325	26.4591915	
141.3264	26.2350276	26.1799388	26.6102734	26.5639112	
141.3365	26.3492624	26.2846585	26.7245081	26.668631	
141.3466	26.4636956	26.4068316	26.8389414	26.7820774	
141.3568	26.5799032	26.520278	26.955149	26.8955238	
141.367	26.6963048	26.6337244	27.0715506	27.0002435	
141.3771	26.8134829	26.7471708	27.1887286	27.1224166	
141.3873	26.9318478	26.8606172	27.3070936	27.235863	
141.3974	27.0507679	26.9827902	27.4260136	27.3493094	
141.4076	27.1701182	27.1049633	27.5453639	27.4714824	
141.4177	27.2912831	27.2271363	27.6665289	27.5936555	
141.4279	27.4131228	27.3493094	27.7883686	27.7158285	
141.438	27.5342148	27.4714824	27.9094606	27.8380016	
141.4483	27.6572268	27.5936555	28.0324726	27.9689013	
141.4583	27.7777788	27.7158285	28.1530246	28.099801	
141.4685	27.8993868	27.8467282	28.2746326	28.221974	
141.4787	28.0226988	27.9689013	28.3979446	28.3528737	
141.4888	28.1434908	28.099801	28.5187366	28.4837734	
141.4989	28.2636811	28.2307007	28.6389269	28.6146731	
141.5092	28.3850828	28.3528737	28.7603285	28.7455728	
141.5271	28.5933223	28.4837734	28.9685681	28.8764725	
141.5317	28.6469014	28.6321264	29.0221472	29.0335521	
141.5419	28.7639916	28.7630261	29.1392373	29.1557252	
141.5521	28.881357	28.8851991	29.2566028	29.2866248	
141.5622	28.9962838	29.0160988	29.3715296	29.4087979	
141.5724	29.1110423	29.1382719	29.4862881	29.5309709	
141.5825	29.2248863	29.2517183	29.6001321	29.653144	
141.5927	29.3382809	29.3738913	29.7135267	29.7665904	
141.6028	29.4505072	29.4873377	29.825753	29.8713101	
141.613	29.561953	29.5920575	29.9371988	29.9760299	
141.6232	29.672844	29.7055039	30.0480898	30.0807497	
141.6333	29.7829713	29.801497	30.1582171	30.1767428	
141.6435	29.8917498	29.9062167	30.2669956	30.2727359	
141.6537	30.0003085	30.0109365	30.3755543	30.368729	
141.666	30.1310585	30.1069296	30.5063042	30.4647221	
141.6739	30.2138416	30.2029227	30.5890873	30.5607152	
141.6844	30.3228965	30.3076425	30.6981423	30.6567083	
141.6942	30.4241911	30.4036356	30.7994369	30.7527014	
141.7045	30.5294745	30.4996287	30.9047202	30.8574212	
141.7148	30.6343391	30.5956218	31.0095848	30.9621409	
141.7247	30.7345851	30.7003415	31.1098309	31.058134	
141.7349	30.836638	30.787608	31.2118838	31.1628538	
141.7453	30.9400316	30.8923278	31.3152774	31.2675735	
141.7553	31.0382689	30.9970475	31.4135147	31.3722933	
141.7654	31.1379642	31.0930406	31.51321	31.4682864	
141.7758	31.2378548	31.1890337	31.6131005	31.5730062	
141.7858	31.3339748	31.2937535	31.7092206	31.6777259	
141.7959	31.4303534	31.3897466	31.8055992	31.773719	
141.8062	31.5280186	31.4944664	31.9032643	31.8784388	
141.8162	31.6223262	31.5904595	31.9975719	31.9744319	
141.8263	31.7162134	31.6951792	32.0914592	32.0791517	
141.8366	31.8108622	31.7911723	32.186108	32.1751448	
141.8468	31.9034907	31.8871654	32.2787364	32.2711379	
141.8569	31.995015	31.9831585	32.3702608	32.367131	
141.867	32.0863203	32.0791517	32.461566	32.4631241	
141.8772	32.1766358	32.1751448	32.5518816	32.5591172	
141.8874	32.2663232	32.2711379	32.641569	32.6551103	
141.8976	32.3558685	32.3584043	32.7311143	32.7423768	
141.9077	32.4428119	32.4456708	32.8180577	32.8296432	
141.9178	32.5295881	32.5329373	32.9048339	32.9169097	
141.928	32.6166235	32.6202037	32.9918693	33.0041762	
141.9381	32.701407	32.7074702	33.0766528	33.0914426	
141.9484	32.7869874	32.7947366	33.1622332	33.1699824	
141.9584	32.8698274	32.8732765	33.2450732	33.2485223	
141.9685	32.9527636	32.9518163	33.3280094	33.3357887	
141.9787	33.0348042	33.0216294	33.41005	33.4056019	
141.9888	33.1164971	33.1088959	33.4917429	33.4841417	
141.999	33.1971796	33.1787091	33.5724254	33.5626815	
142.0091	33.2765559	33.2572489	33.6518017	33.6412213	
142.0272	33.4156042	33.3357887	33.79085	33.7197611	
142.0318	33.4509402	33.4230552	33.826186	33.8157543	
142.0419	33.5281611	33.501595	33.9034069	33.8942941	
142.0521	33.6046099	33.5801348	33.9798557	33.9728339	
142.0622	33.6800806	33.6586746	34.0553264	34.0513737	
142.0725	33.755535	33.7372144	34.1307808	34.1299135	
142.0826	33.8291993	33.8157543	34.2044451	34.2084533	
142.0928	33.9023881	33.8855674	34.2776339	34.2782665	
142.1031	33.975686	33.9641072	34.3509317	34.3480797	
142.1132	34.0473446	34.0339204	34.4225904	34.4266195	
142.1234	34.1178508	34.1037336	34.4930966	34.4964327	
142.1336	34.188042	34.1822734	34.5632878	34.5662458	
142.1437	34.257226	34.2433599	34.6324718	34.636059	
142.1538	34.3249936	34.3131731	34.7002394	34.7058722	
142.164	34.3928162	34.3829863	34.768062	34.7756853	
142.1744	34.461004	34.4527994	34.8362498	34.8367719	
142.1844	34.5256747	34.5226126	34.9009205	34.906585	
142.1945	34.5904437	34.5924258	34.9656895	34.9763982	
142.2046	34.654831	34.6535123	35.0300768	35.0374847	
142.2148	34.7183365	34.7145988	35.0935823	35.1072979	
142.2249	34.7809634	34.7756853	35.1562092	35.1683844	
142.2351	34.8428701	34.8367719	35.2181159	35.2207443	
142.2452	34.903753	34.8891317	35.2789988	35.2905575	
142.2558	34.9664967	34.9502183	35.3417425	35.3429174	
142.266	35.0259278	35.0113048	35.4011736	35.3952772	
142.2761	35.0844248	35.0636647	35.4596706	35.4563638	
142.2863	35.1422108	35.1160246	35.5174566	35.5087236	
142.2965	35.1994801	35.1683844	35.5747259	35.5698102	
142.3066	35.2554246	35.2207443	35.6306704	35.62217	
142.3167	35.3107824	35.2818308	35.6860281	35.6745299	
142.327	35.3658282	35.3341907	35.7410739	35.7181631	
142.3371	35.4192977	35.3865506	35.7945435	35.770523	
142.3472	35.4721235	35.4389105	35.8473693	35.8141563	
142.3573	35.5242239	35.499997	35.8994697	35.8752428	
142.3675	35.5757984	35.5523569	35.9510442	35.918876	
142.3778	35.6268443	35.6047167	36.0020901	35.9799625	
142.3879	35.6766786	35.6570766	36.0519244	36.0235958	
142.398	35.725246	35.7094365	36.1004918	36.0846823	
142.4082	35.7737781	35.7617964	36.1490239	36.1283155	
142.4183	35.8207496	35.8141563	36.1959954	36.189402	
142.4285	35.8677422	35.8665161	36.242988	36.2330353	
142.4386	35.912979	35.9101494	36.2882248	36.2853951	
142.4488	35.9581806	35.9537826	36.3334264	36.337755	
142.4589	36.0022016	36.0061425	36.3774474	36.3813883	
142.469	36.0454791	36.0497757	36.4207249	36.4337481	
142.4876	36.1215802	36.0934089	36.496826	36.4773814	
142.4922	36.1404981	36.1457688	36.5157439	36.5297412	
142.5023	36.1813323	36.189402	36.5565781	36.5733745	
142.5126	36.2216325	36.2330353	36.5968783	36.6170077	
142.5227	36.2606608	36.2679419	36.6359066	36.6519143	
142.5328	36.2989859	36.3028484	36.6742317	36.6868209	
142.543	36.3368404	36.3464817	36.7120862	36.7217275	
142.5531	36.3735653	36.3726616	36.7488111	36.756634	
142.5633	36.4096742	36.4075682	36.78492	36.7915406	
142.5735	36.4452505	36.4424748	36.8204963	36.8264472	
142.5836	36.4795624	36.4773814	36.8548082	36.8613538	
142.5938	36.5133349	36.5035613	36.8885807	36.8875337	
142.604	36.546339	36.5384679	36.9215848	36.9137137	
142.6141	36.5783699	36.5646478	36.9536157	36.9398936	
142.6246	36.6106261	36.5908278	36.9858719	36.9660736	
142.6345	36.6403279	36.6170077	37.0155737	36.9922535	
142.6446	36.6700429	36.6431876	37.0452887	37.0184334	
142.655	36.699606	36.6693676	37.0748517	37.05334	
142.667	36.732725	36.6955475	37.1079707	37.0707933	
142.6751	36.7545823	36.7217275	37.1298281	37.1056999	
142.6854	36.7815851	36.7479074	37.1568309	37.1318798	
142.6954	36.8071089	36.7740873	37.1823547	37.1580598	
142.7056	36.8323054	36.8089939	37.2075512	37.1842397	
142.7158	36.856674	36.8264472	37.2319198	37.2104197	
142.7259	36.8800778	36.8613538	37.2553236	37.2453262	
142.736	36.9029084	36.8875337	37.2781542	37.2627795	
142.7462	36.9248683	36.9137137	37.3001141	37.2889595	
142.7563	36.9460216	36.931167	37.3212674	37.3151394	
142.7665	36.9665581	36.9573469	37.3418039	37.3413193	
142.7766	36.9863315	36.9835268	37.3615773	37.3587726	
142.7868	37.0052788	37.0009801	37.3805246	37.3849526	
142.7969	37.0234455	37.0184334	37.3986913	37.4024059	
142.8071	37.0409562	37.0358867	37.416202	37.4198592	
142.8173	37.0576134	37.0620667	37.4328592	37.4285858	
142.8274	37.0734936	37.0707933	37.4487394	37.4460391	
142.8376	37.0887933	37.0882466	37.4640391	37.4547657	
142.8477	37.1031731	37.0969733	37.4784189	37.472219	
142.8579	37.1169599	37.1056999	37.4922056	37.4809457	
142.868	37.1298918	37.1144265	37.5051376	37.4896723	
142.8782	37.1421369	37.1231532	37.5173827	37.498399	
142.8883	37.1536765	37.1231532	37.5289223	37.5071256	
142.8984	37.164435	37.1318798	37.5396808	37.5158523	
142.9086	37.1745375	37.1318798	37.5497833	37.5245789	
142.9188	37.1839244	37.1406065	37.5591702	37.5245789	
142.9289	37.1926027	37.1406065	37.5678485	37.5245789	
142.939	37.2006028	37.1406065	37.5758485	37.5333056	
142.9492	37.2079352	37.1406065	37.583181	37.5420322	
142.9598	37.2148238	37.1493331	37.5900696	37.5420322	
142.9694	37.2205523	37.1580598	37.5957981	37.5420322	
142.9799	37.2260716	37.1580598	37.6013174	37.5507589	
142.9901	37.2307985	37.1755131	37.6060443	37.5507589	
142.9999	37.2348115	37.1755131	37.6100572	37.5594855	
143.0103	37.2384304	37.1929664	37.6136762	37.5594855	
143.0205	37.2414511	37.201693	37.6166969	37.5594855	
143.0303	37.2438888	37.2104197	37.6191346	37.5682121	
143.0405	37.2459122	37.2104197	37.621158	37.5769388	
143.051	37.2516065	37.2191463	37.6268522	37.5856654	
143.0609	37.2516065	37.2191463	37.6268522	37.5943921	
143.071	37.2516065	37.2278729	37.6268522	37.5943921	
143.0814	37.2516065	37.2278729	37.6268522	37.6031187	
143.0913	37.2516065	37.2278729	37.6268522	37.6118454	
143.1015	37.2516065	37.2278729	37.6268522	37.6118454	
143.1118	37.2516065	37.2278729	37.6268522	37.6118454	
143.1219	37.2516065	37.2278729	37.6268522	37.6118454	
143.132	37.2516065	37.2278729	37.6268522	37.6118454	
143.1422	37.2516065	37.2278729	37.6268522	37.6118454	
143.1524	37.2516065	37.2278729	37.6268522	37.6031187	
143.1625	37.2516065	37.2278729	37.6268522	37.6031187	
143.1728	37.2516065	37.2278729	37.6268522	37.6031187	
143.183	37.2516065	37.2278729	37.6268522	37.6031187	
143.1931	37.2516065	37.2278729	37.6268522	37.6118454	
143.2033	37.2516065	37.2278729	37.6268522	37.6118454	
143.2134	37.2516065	37.2278729	37.6268522	37.6118454	
143.2236	37.2516065	37.2278729	37.6268522	37.6118454	
143.2418	37.2516065	37.2278729	37.6268522	37.6118454	
143.2464	37.2516065	37.2278729	37.6268522	37.6118454	
143.2566	37.2516065	37.2278729	37.6268522	37.6031187	
143.2667	37.2516065	37.2278729	37.6268522	37.6031187	
143.2769	37.2516065	37.2278729	37.6268522	37.6031187	
143.2871	37.2516065	37.2278729	37.6268522	37.6118454	
143.2972	37.2516065	37.2278729	37.6268522	37.6118454	
143.3073	37.2516065	37.2278729	37.6268522	37.6118454	
143.3175	37.2516065	37.2278729	37.6268522	37.6118454	
143.3277	37.2516065	37.2278729	37.6268522	37.6118454	
143.3379	37.2516065	37.2278729	37.6268522	37.6118454	
143.348	37.2516065	37.2278729	37.6268522	37.6031187	
143.3582	37.2516065	37.2278729	37.6268522	37.6031187	
143.3683	37.2516065	37.2278729	37.6268522	37.6031187	
143.3784	37.2516065	37.2278729	37.6268522	37.6118454	
143.3886	37.2516065	37.2278729	37.6268522	37.6118454	
143.3988	37.2516065	37.2278729	37.6268522	37.6118454	
143.4089	37.2516065	37.2278729	37.6268522	37.6118454	
143.419	37.2516065	37.2278729	37.6268522	37.6118454	
143.4293	37.2516065	37.2278729	37.6268522	37.6118454	
143.4394	37.2516065	37.2278729	37.6268522	37.6031187	
143.4495	37.2516065	37.2278729	37.6268522	37.6031187	
143.4596	37.2516065	37.2278729	37.6268522	37.6031187	
143.4698	37.2516065	37.2278729	37.6268522	37.6118454	
143.4802	37.2516065	37.2278729	37.6268522	37.6118454	
143.4901	37.2516065	37.2278729	37.6268522	37.6118454	
143.5002	37.2516065	37.2278729	37.6268522	37.6118454	
143.5104	37.2516065	37.2278729	37.6268522	37.6118454	
143.5206	37.2516065	37.2278729	37.6268522	37.6118454	
143.5308	37.2516065	37.2278729	37.6268522	37.6031187	
143.5409	37.2516065	37.2278729	37.6268522	37.6031187	
143.551	37.2516065	37.2278729	37.6268522	37.6031187	
143.5612	37.2516065	37.2278729	37.6268522	37.6118454	
143.5714	37.2516065	37.2278729	37.6268522	37.6118454	
143.5815	37.2516065	37.2278729	37.6268522	37.6118454	
143.5917	37.2516065	37.2278729	37.6268522	37.6118454	
143.6019	37.2516065	37.2278729	37.6268522	37.6118454	
143.6121	37.2516065	37.2278729	37.6268522	37.6118454	
143.6222	37.2516065	37.2278729	37.6268522	37.6031187	
143.6325	37.2516065	37.2278729	37.6268522	37.6031187	
143.6426	37.2516065	37.2278729	37.6268522	37.6118454	
143.6527	37.2516065	37.2278729	37.6268522	37.6118454	
143.6629	37.2516065	37.2278729	37.6268522	37.6118454	
143.6731	37.2516065	37.2278729	37.6268522	37.6118454	
143.6832	37.2516065	37.2278729	37.6268522	37.6118454	
143.6933	37.2516065	37.2278729	37.6268522	37.6118454	
143.7035	37.2516065	37.2278729	37.6268522	37.6031187	
143.7339	37.2516065	37.2278729	37.6268522	37.6031187	
143.7401	37.2516065	37.2278729	37.6268522	37.6118454	
143.7502	37.2516065	37.2278729	37.6268522	37.6118454	
143.7604	37.2516065	37.2278729	37.6268522	37.6118454	
143.7705	37.2516065	37.2278729	37.6268522	37.6118454	
143.7891	37.2516065	37.2278729	37.6268522	37.6118454	
143.7938	37.2516065	37.2278729	37.6268522	37.6118454	
143.8039	37.2516065	37.2278729	37.6268522	37.6118454	
143.8141	37.2516065	37.2278729	37.6268522	37.6118454	
143.8243	37.2516065	37.2278729	37.6268522	37.6118454	
143.8346	37.2516065	37.2278729	37.6268522	37.6118454	
143.8446	37.2516065	37.2278729	37.6268522	37.6118454	
143.8547	37.2516065	37.2278729	37.6268522	37.6118454	
143.8648	37.2516065	37.2278729	37.6268522	37.6118454	
143.875	37.2516065	37.2278729	37.6268522	37.6118454	
143.8852	37.2516065	37.2278729	37.6268522	37.6118454	
143.8953	37.2516065	37.2278729	37.6268522	37.6118454	
143.9055	37.2516065	37.2278729	37.6268522	37.6118454	
143.9156	37.2516065	37.2278729	37.6268522	37.6118454	
143.9258	37.2516065	37.2278729	37.6268522	37.6118454	
143.9442	37.2516065	37.2278729	37.6268522	37.6118454	
143.9487	37.2516065	37.2278729	37.6268522	37.6118454	
143.9589	37.2516065	37.2278729	37.6268522	37.6118454	
143.9691	37.2516065	37.2278729	37.6268522	37.6118454	
143.9793	37.2516065	37.2278729	37.6268522	37.6118454	
143.9894	37.2516065	37.2278729	37.6268522	37.6118454	
144	37.2516065	37.2278729	37.6268522	37.6118454	
144.0098	37.2516065	37.2278729	37.6268522	37.6118454	
144.0198	37.2516065	37.2278729	37.6268522	37.6118454	
144.03	37.2516065	37.2278729	37.6268522	37.6118454	
144.0402	37.2516065	37.2278729	37.6268522	37.6118454	
144.0503	37.2516065	37.2278729	37.6268522	37.6118454	
144.0605	37.2516065	37.2278729	37.6268522	37.6118454	
144.0706	37.2516065	37.2278729	37.6268522	37.6118454	
144.0887	37.2516065	37.2278729	37.6268522	37.6118454	
144.0935	37.2516065	37.2278729	37.6268522	37.6118454	
144.1035	37.2516065	37.2278729	37.6268522	37.6118454	
144.1137	37.2516065	37.2278729	37.6268522	37.6118454	
144.1238	37.2516065	37.2278729	37.6268522	37.6118454	
144.134	37.2516065	37.2278729	37.6268522	37.6118454	
144.1442	37.2516065	37.2278729	37.6268522	37.6118454	
144.1543	37.2516065	37.2278729	37.6268522	37.6118454	
144.1645	37.2516065	37.2278729	37.6268522	37.6118454	
144.1746	37.2516065	37.2278729	37.6268522	37.6118454	
144.1848	37.2516065	37.2278729	37.6268522	37.6118454	
144.195	37.2516065	37.2278729	37.6268522	37.6118454	
144.2054	37.2516065	37.2278729	37.6268522	37.6118454	
144.2153	37.2516065	37.2278729	37.6268522	37.6118454	
144.2255	37.2516065	37.2278729	37.6268522	37.6118454	
144.2358	37.2516065	37.2278729	37.6268522	37.6118454	
144.2459	37.2516065	37.2278729	37.6268522	37.6118454	
144.256	37.2516065	37.2278729	37.6268522	37.6118454	
144.2662	37.2516065	37.2278729	37.6268522	37.6118454	
144.2763	37.2516065	37.2278729	37.6268522	37.6118454	
144.2864	37.2516065	37.2278729	37.6268522	37.6118454	
144.2966	37.2516065	37.2278729	37.6268522	37.6118454	
144.3067	37.2516065	37.2278729	37.6268522	37.6118454	
144.3169	37.2516065	37.2278729	37.6268522	37.6118454	
144.3271	37.2516065	37.2278729	37.6268522	37.6118454	
144.3372	37.2516065	37.2278729	37.6268522	37.6118454	
144.3473	37.2516065	37.2278729	37.6268522	37.6118454	
144.3575	37.2516065	37.2278729	37.6268522	37.6118454	
144.3677	37.2516065	37.2278729	37.6268522	37.6118454	
144.3779	37.2516065	37.2278729	37.6268522	37.6118454	
144.388	37.2516065	37.2278729	37.6268522	37.6118454	
144.3981	37.2516065	37.2365996	37.6268522	37.6118454	
144.4083	37.2516065	37.2365996	37.6268522	37.6118454	
144.4195	37.250102	37.2365996	37.6253478	37.6118454	
144.4288	37.248237	37.2365996	37.6234828	37.6118454	
144.4387	37.2454466	37.2365996	37.6206924	37.6118454	
144.4488	37.2417476	37.2365996	37.6169934	37.6118454	
144.459	37.2372077	37.2365996	37.6124535	37.620572	
144.4691	37.2318737	37.2365996	37.6071195	37.620572	
144.4794	37.2256235	37.2365996	37.6008692	37.620572	
144.4895	37.2186603	37.2278729	37.5939061	37.620572	
144.4996	37.2108485	37.2278729	37.5860943	37.620572	
144.5098	37.202219	37.2278729	37.5774648	37.620572	
144.5201	37.1924968	37.2191463	37.5677426	37.6118454	
144.5301	37.1824498	37.2104197	37.5576956	37.6118454	
144.5402	37.1713555	37.2104197	37.5466013	37.6031187	
144.5503	37.1593884	37.1929664	37.5346342	37.6031187	
144.5605	37.1465664	37.1842397	37.5218122	37.5943921	
144.5707	37.1329797	37.1755131	37.5082255	37.5943921	
144.5809	37.1184633	37.1580598	37.4937091	37.5943921	
144.5911	37.1031954	37.1406065	37.4784412	37.5856654	
144.6012	37.0871661	37.1231532	37.4624119	37.5682121	
144.6114	37.0702007	37.1056999	37.4454465	37.5594855	
144.6215	37.0524963	37.0969733	37.4277421	37.5333056	
144.6319	37.0333915	37.07952	37.4086373	37.5158523	
144.642	37.0142557	37.0707933	37.3895014	37.4896723	
144.6521	36.9940501	37.0707933	37.3692959	37.4547657	
144.6623	36.9728735	37.05334	37.3481193	37.4198592	
144.6826	36.9268093	37.0358867	37.3020551	37.3587726	
144.6872	36.9165136	37.0271601	37.2917594	37.350046	
144.6973	36.8926488	37.0097068	37.2678946	37.3151394	
144.7074	36.8680321	36.9922535	37.2432779	37.2802328	
144.7176	36.8424649	36.9660736	37.2177107	37.2627795	
144.7278	36.8159673	36.9398936	37.1912131	37.2365996	
144.738	36.7885723	36.904987	37.163818	37.2104197	
144.7481	36.7607696	36.8700804	37.1360154	37.1842397	
144.7583	36.731867	36.8351739	37.1071128	37.1667864	
144.7685	36.7020599	36.7915406	37.0773056	37.1406065	
144.7785	36.6718545	36.7479074	37.0471003	37.1231532	
144.7888	36.6403136	36.7042742	37.0155594	37.1056999	
144.7989	36.6082288	36.6519143	36.9834745	37.0707933	
144.809	36.5753589	36.6082811	36.9506047	37.0358867	
144.8193	36.5412409	36.5559212	36.9164867	37.0009801	
144.8294	36.5067274	36.512288	36.8819732	36.9660736	
144.8396	36.4711195	36.4599281	36.8463653	36.9224403	
144.8578	36.4044719	36.3813883	36.7797177	36.8439005	
144.8624	36.3876897	36.363935	36.7629354	36.8177206	
144.8725	36.349477	36.3203017	36.7247228	36.7653607	
144.8827	36.3105068	36.2853951	36.6857526	36.7130008	
144.8929	36.2706462	36.2504886	36.645892	36.6693676	
144.9031	36.2299778	36.2243086	36.6052235	36.6170077	
144.9132	36.1884775	36.1981287	36.5637233	36.5733745	
144.9233	36.146398	36.1719487	36.5216437	36.5297412	
144.9335	36.1032993	36.1457688	36.4785451	36.486108	
144.9437	36.0592326	36.1195889	36.4344784	36.4424748	
144.9539	36.0142987	36.0934089	36.3895445	36.4075682	
144.964	35.9691637	36.0585023	36.3444095	36.3726616	
144.9742	35.9225059	36.0235958	36.2977517	36.3290284	
144.9844	35.874875	35.9799625	36.2501208	36.2941218	
144.9945	35.8272004	35.9363293	36.2024462	36.2504886	
145.0047	35.7782937	35.8839694	36.1535395	36.215582	
145.0148	35.7289113	35.8316095	36.1041571	36.1719487	
145.025	35.6781329	35.7792497	36.0533787	36.1283155	
145.0351	35.6266604	35.7181631	36.0019062	36.0846823	
145.0452	35.574774	35.6570766	35.9500198	36.0323224	
145.0554	35.5217026	35.6047167	35.8969484	35.9799625	
145.0656	35.4677058	35.5349036	35.8429516	35.9276027	
145.0757	35.4132801	35.473817	35.7885259	35.8665161	
145.0859	35.3576782	35.4040039	35.7329239	35.8141563	
145.0963	35.2998981	35.3429174	35.6751439	35.7443431	
145.1065	35.2429402	35.2818308	35.618186	35.6832566	
145.1166	35.185238	35.2120177	35.5604838	35.62217	
145.127	35.1247548	35.1509311	35.5000006	35.5523569	
145.1372	35.0649941	35.081118	35.4402399	35.4825437	
145.1471	35.0059653	35.0200314	35.381211	35.4127305	
145.1572	34.944925	34.9589449	35.3201708	35.3429174	
145.1674	34.8826289	34.906585	35.2578747	35.2731042	
145.1776	34.8198496	34.8454985	35.1950954	35.203291	
145.1877	34.7563317	34.784412	35.1315775	35.1334778	
145.1979	34.6910741	34.7320521	35.0663199	35.0636647	
145.208	34.6261809	34.6709656	35.0014267	35.0025781	
145.2182	34.5599238	34.6186057	34.9351695	34.9414916	
145.2283	34.4932167	34.5575192	34.8684625	34.8716785	
145.2406	34.410409	34.487706	34.7856548	34.8018653	
145.2504	34.3444176	34.4178928	34.7196634	34.7320521	
145.2605	34.2749471	34.3568063	34.6501929	34.6796922	
145.2711	34.2014265	34.2869932	34.5766723	34.6098791	
145.2809	34.1326337	34.21718	34.5078795	34.5487925	
145.2911	34.0604229	34.1473668	34.4356686	34.487706	
145.3014	33.9862085	34.0775536	34.3614543	34.4178928	
145.3114	33.9134165	33.9990138	34.2886623	34.3480797	
145.3216	33.8388581	33.920474	34.2141039	34.2782665	
145.3318	33.7625544	33.8419342	34.1378002	34.2084533	
145.3419	33.686712	33.7546677	34.0619578	34.1299135	
145.352	33.6103002	33.6848546	33.985546	34.0513737	
145.3623	33.5315189	33.5975881	33.9067647	33.9815605	
145.3723	33.4534849	33.5103216	33.8287307	33.8942941	
145.3825	33.3739722	33.4317818	33.749218	33.8070276	
145.3927	33.2928395	33.3445154	33.6680853	33.7197611	
145.4028	33.2124172	33.2572489	33.587663	33.6324947	
145.421	33.0636331	33.1088959	33.4388789	33.4754151	
145.426	33.0223172	33.0652627	33.397563	33.4405085	
145.4361	32.9389705	32.9779962	33.3142163	33.3445154	
145.4463	32.8543274	32.8907298	33.2295732	33.2572489	
145.4565	32.7678694	32.8121899	33.1431152	33.1612558	
145.4666	32.6826834	32.7249235	33.0579291	33.0739893	
145.4767	32.5951361	32.637657	32.9703819	32.9867229	
145.487	32.5064586	32.5503905	32.8817044	32.8994564	
145.4971	32.418284	32.4631241	32.7935298	32.8121899	
145.5072	32.3287152	32.3758576	32.703961	32.7249235	
145.5176	32.2360912	32.2885912	32.611337	32.637657	
145.5275	32.1468162	32.2013247	32.522062	32.5503905	
145.5377	32.0547301	32.1140582	32.4299759	32.4631241	
145.5479	31.9610131	32.0267918	32.3362589	32.3758576	
145.558	31.8673568	31.9395253	32.2426025	32.2885912	
145.5681	31.7733974	31.8435322	32.1486432	32.2013247	
145.5783	31.6778631	31.7562657	32.0531089	32.1053316	
145.5884	31.5817425	31.6602726	31.9569883	32.0180651	
145.5986	31.4844704	31.5642795	31.8597162	31.922072	
145.6088	31.3863413	31.4682864	31.7615871	31.8348056	
145.6189	31.2881323	31.3635667	31.6633781	31.7300858	
145.629	31.1887202	31.2675735	31.563966	31.6340927	
145.6393	31.0871145	31.1628538	31.4623603	31.5380996	
145.6494	30.9864908	31.0668607	31.3617366	31.4421065	
145.6595	30.885052	30.9534143	31.2602978	31.3373867	
145.6698	30.7807371	30.8486945	31.1559829	31.232667	
145.6798	30.6780858	30.7439748	31.0533316	31.1279472	
145.6901	30.5720326	30.639255	30.9472784	31.0145008	
145.7117	30.3449103	30.5258086	30.7201561	30.9097811	
145.7163	30.297261	30.3512757	30.6725068	30.7352481	
145.7267	30.1865114	30.2378293	30.5617572	30.6218017	
145.7369	30.0783301	30.1243829	30.4535759	30.5083553	
145.7469	29.9702176	30.0022098	30.3454634	30.3949089	
145.7571	29.8602883	29.8887634	30.2355341	30.2727359	
145.7673	29.748917	29.775317	30.1241627	30.1592895	
145.7774	29.6379572	29.6705973	30.013203	30.0458431	
145.7876	29.5249731	29.5571509	29.9002189	29.9323967	
145.7977	29.4124871	29.4437045	29.7877329	29.8189503	
145.8079	29.2977906	29.3389847	29.6730364	29.7055039	
145.8181	29.1823064	29.2168117	29.5575522	29.6007841	
145.8283	29.0651828	29.1120919	29.4404286	29.4873377	
145.8384	28.949118	28.9986455	29.3243638	29.3738913	
145.8487	28.8309737	28.8851991	29.2062195	29.2604449	
145.8587	28.7140886	28.7717527	29.0893344	29.1469985	
145.8688	28.5950706	28.6583063	28.9703164	29.0248255	
145.8872	28.3771471	28.4575935	28.7523929	28.815386	
145.8917	28.3226873	28.4052336	28.6979331	28.7630261	
145.9019	28.1998477	28.2917872	28.5750935	28.640853	
145.9121	28.0783597	28.1696141	28.4536055	28.51868	
145.9222	27.9570277	28.0561677	28.3322735	28.3965069	
145.9326	27.8327797	27.925268	28.2080255	28.2743339	
145.9425	27.7136077	27.8118216	28.0888535	28.1434342	
145.9527	27.5917237	27.6809219	27.9669695	28.0212611	
145.9628	27.4704517	27.5587489	27.8456975	27.8903614	
145.973	27.3491617	27.4365758	27.7244075	27.7681884	
145.9832	27.229015	27.2969495	27.6042608	27.6372887	
145.9933	27.1105267	27.1747765	27.4857725	27.506389	
146.0034	26.9921707	27.0351501	27.3674165	27.384216	
146.0136	26.8747732	26.9042504	27.250019	27.2533163	
146.0238	26.7581494	26.7733507	27.1333952	27.1311432	
146.042	26.5520759	26.5464579	26.9273217	26.9129771	
146.0466	26.5002356	26.4853714	26.8754814	26.8518905	
146.0568	26.3857727	26.3544717	26.7610185	26.7384441	
146.067	26.272533	26.2410253	26.6477787	26.6162711	
146.0771	26.1606605	26.1188523	26.5359063	26.5028247	
146.0873	26.0489388	26.0054059	26.4241846	26.3893783	
146.0974	25.9385888	25.9006861	26.3138345	26.2846585	
146.1075	25.8290955	25.7959663	26.2043413	26.1799388	
146.1177	25.7200549	25.6912466	26.0953007	26.075219	
146.1279	25.6111592	25.6039801	25.986405	25.9704993	
146.1381	25.5035312	25.4992604	25.878777	25.8745062	
146.1482	25.3972021	25.4119939	25.7724479	25.7785131	
146.1584	25.2914511	25.3160008	25.6666968	25.6825199	
146.1686	25.1862936	25.2200077	25.5615394	25.5865268	
146.1787	25.0827172	25.1327412	25.457963	25.4818071	
146.1889	24.9791366	25.0280215	25.3543824	25.3945406	
146.199	24.8767071	24.940755	25.2519529	25.2898209	
146.2092	24.7752923	24.8447619	25.1505381	25.1938278	
146.2194	24.6742206	24.7487688	25.0494664	25.0978346	
146.2295	24.5745827	24.644049	24.9498284	24.9931149	
146.24	24.4715724	24.5393293	24.8468181	24.9058484	
146.2498	24.3766996	24.4433362	24.7519454	24.8011287	
146.2599	24.2796833	24.3473431	24.6549291	24.7051356	
146.2701	24.1827695	24.2426233	24.5580153	24.6091425	
146.2802	24.0869921	24.1379036	24.4622379	24.5044227	
146.2904	23.9915297	24.0331838	24.3667754	24.3997029	
146.3005	23.8979067	23.928464	24.2731525	24.3037098	
146.3186	23.7329879	23.7452045	24.1082336	24.1204503	
146.3232	23.6911146	23.7015712	24.0663604	24.0855437	
146.3337	23.5966978	23.5968515	23.9719436	23.9808239	
146.3436	23.5082887	23.4921317	23.8835345	23.8848308	
146.3537	23.4186232	23.3961386	23.793869	23.7888377	
146.3642	23.3267882	23.3001455	23.7020339	23.7015712	
146.3741	23.2407417	23.2128791	23.6159875	23.6055781	
146.3842	23.1532395	23.1256126	23.5284853	23.5183117	
146.3947	23.0638324	23.0383461	23.4390782	23.4223186	
146.4045	22.9807026	22.9510797	23.3559484	23.3437787	
146.4147	22.8955994	22.8725398	23.2708452	23.2565123	
146.425	22.8093966	22.794	23.1846424	23.1779725	
146.435	22.7276734	22.7241869	23.1029192	23.090706	
146.4451	22.6451496	22.6543737	23.0203954	23.0121662	
146.4556	22.5610476	22.5758339	22.9362934	22.9336264	
146.4654	22.482221	22.5060207	22.8574668	22.8638132	
146.4756	22.4017899	22.4362075	22.7770357	22.7852734	
146.486	22.3208524	22.3576677	22.6960982	22.7067336	
146.4959	22.2437765	22.2878545	22.6190223	22.6369204	
146.5062	22.1654386	22.2180414	22.5406844	22.5583806	
146.5164	22.0882159	22.1482282	22.4634616	22.4885674	
146.5264	22.0128589	22.078415	22.3881047	22.4100276	
146.5367	21.9362462	21.9998752	22.311492	22.3402144	
146.5468	21.8622849	21.9213354	22.2375307	22.2704013	
146.5569	21.7891803	21.8515222	22.164426	22.1918614	
146.5671	21.7157159	21.7729824	22.0909616	22.1133216	
146.5773	21.6436756	21.685716	22.0189214	22.0435085	
146.5874	21.5726731	21.6071761	21.9479189	21.9649686	
146.5975	21.5023865	21.5286363	21.8776322	21.8864288	
146.6077	21.4322525	21.4500965	21.8074983	21.8166156	
146.6178	21.3640192	21.3802833	21.739265	21.7380758	
146.628	21.2959695	21.3017435	21.6712153	21.659536	
146.6382	21.2280735	21.2232037	21.6033193	21.5897228	
146.6483	21.1622363	21.1533905	21.5374821	21.5199097	
146.6584	21.0969281	21.0835774	21.4721739	21.4500965	
146.6687	21.0312507	21.0137642	21.4064965	21.3802833	
146.6799	20.9608477	20.943951	21.3360935	21.3017435	
146.689	20.903711	20.8828645	21.2789568	21.2493836	
146.7071	20.7943331	20.821778	21.1695789	21.1882971	
146.7117	20.7665971	20.7519648	21.1418429	21.1097573	
146.7219	20.7056494	20.6996049	21.0808952	21.0486708	
146.7322	20.6451623	20.6385184	21.0204081	20.9963109	
146.7423	20.5863438	20.5861585	20.9615895	20.943951	
146.7525	20.5280653	20.525072	20.9033111	20.8828645	
146.7627	20.4707578	20.4727121	20.8460036	20.8392313	
146.7728	20.414316	20.4203522	20.7895618	20.7868714	
146.783	20.3585383	20.376719	20.7337841	20.7345115	
146.7932	20.3033567	20.3243591	20.6786024	20.6821516	
146.8033	20.2495561	20.2807259	20.6248019	20.6297918	
146.8135	20.1962284	20.228366	20.5714741	20.5861585	
146.8236	20.1435697	20.1847328	20.5188155	20.5337986	
146.8338	20.0921429	20.1410996	20.4673887	20.4814388	
146.844	20.0409785	20.0887397	20.4162243	20.4378055	
146.8541	19.9908141	20.0363798	20.3660598	20.3854457	
146.8643	19.9416826	19.9840199	20.3169284	20.3330858	
146.8744	19.893065	19.9316601	20.2683108	20.2807259	
146.8846	19.8454831	19.8793002	20.2207289	20.2370927	
146.8947	19.7986864	19.8269403	20.1739322	20.1847328	
146.9049	19.752357	19.7745804	20.1276028	20.1410996	
146.9151	19.7071716	19.7222205	20.0824174	20.0887397	
146.9252	19.662873	19.6785873	20.0381188	20.0363798	
146.9354	19.6190292	19.6262274	19.994275	19.9927466	
146.9455	19.5763152	19.5825942	19.951561	19.9403867	
146.9558	19.5336979	19.5302343	19.9089437	19.8967535	
146.9659	19.4924207	19.4866011	19.8676664	19.8531202	
146.9762	19.4517249	19.4429679	19.8269707	19.809487	
146.9863	19.4121269	19.3993346	19.7873727	19.7658538	
146.9964	19.3733632	19.3557014	19.748609	19.7222205	
147.0066	19.3352089	19.3207948	19.7104547	19.687314	
147.0168	19.2977605	19.2858882	19.6730063	19.6524074	
147.0269	19.2614854	19.2509816	19.6367312	19.6175008	
147.0371	19.2257158	19.2160751	19.6009616	19.5825942	
147.0473	19.190802	19.1898951	19.5660478	19.5564143	
147.0574	19.1568395	19.1549885	19.5320853	19.5302343	
147.0676	19.1234269	19.1288086	19.4986727	19.4953277	
147.0777	19.0910341	19.1026287	19.4662799	19.4691478	
147.0879	19.0590356	19.0764487	19.4342814	19.4429679	
147.0982	19.0278591	19.0502688	19.4031049	19.4167879	
147.1082	18.9980039	19.0240888	19.3732497	19.390608	
147.1183	18.9687408	19.0066356	19.3439866	19.3644281	
147.1286	18.9398489	18.9804556	19.3150947	19.3382481	
147.1386	18.9123477	18.9542757	19.2875935	19.3120682	
147.1488	18.8854153	18.9368224	19.2606611	19.2858882	
147.159	18.8590386	18.9106424	19.2342844	19.2684349	
147.1691	18.8336338	18.8844625	19.2088796	19.2335284	
147.1873	18.791086	18.8495559	19.1663318	19.2160751	
147.1919	18.7802537	18.8146493	19.1554995	19.1811685	
147.2099	18.7411523	18.7622895	19.1163981	19.1288086	
147.2144	18.7312128	18.7448362	19.1064586	19.1113553	
147.2247	18.7097381	18.7186562	19.0849839	19.0851754	
147.2347	18.6894947	18.6924763	19.0647405	19.0589954	
147.2449	18.6697747	18.6662964	19.0450205	19.0328155	
147.2555	18.6499897	18.6401164	19.0252355	19.0066356	
147.2652	18.6325867	18.6226631	19.0078325	18.9891823	
147.2757	18.6146053	18.5964832	18.9898511	18.9630023	
147.2855	18.5984609	18.5790299	18.9737067	18.945549	
147.2957	18.5824815	18.5703032	18.9577272	18.9280957	
147.3062	18.5668306	18.5528499	18.9420764	18.9193691	
147.316	18.5528665	18.5353967	18.9281123	18.9106424	
147.3262	18.5391318	18.52667	18.9143776	18.9019158	
147.3365	18.5258878	18.5179434	18.9011336	18.8931892	
147.3465	18.51388	18.5092167	18.8891258	18.8844625	
147.3566	18.5024291	18.5004901	18.8776749	18.8844625	
147.367	18.4914037	18.5004901	18.8666495	18.8844625	
147.377	18.4814518	18.5004901	18.8566976	18.8844625	
147.3871	18.4721268	18.5004901	18.8473726	18.8844625	
147.3974	18.4632943	18.5004901	18.8385401	18.8844625	
147.4074	18.4554151	18.5004901	18.8306609	18.8757359	
147.4175	18.4481308	18.5004901	18.8233766	18.8757359	
147.4279	18.4413684	18.5004901	18.8166142	18.8757359	
147.4378	18.435495	18.5004901	18.8107408	18.8670092	
147.448	18.4301192	18.5004901	18.805365	18.8582826	
147.4583	18.4253152	18.5004901	18.800561	18.8495559	
147.4682	18.4212555	18.4917634	18.7965013	18.8495559	
147.4784	18.4177028	18.4830368	18.7929486	18.8408293	
147.489	18.414596	18.4830368	18.7898418	18.8321026	
147.4987	18.4121949	18.4655835	18.7874407	18.823376	
147.5088	18.4101789	18.4655835	18.7854246	18.8146493	
147.5193	18.404497	18.4481302	18.7797428	18.8146493	
147.5292	18.404497	18.4394035	18.7797428	18.8059227	
147.5393	18.404497	18.4306769	18.7797428	18.8059227	
147.5496	18.404497	18.4306769	18.7797428	18.797196	
147.5597	18.404497	18.4219503	18.7797428	18.797196	
147.5698	18.404497	18.4219503	18.7797428	18.797196	
