0.03407555	
0.03867136	
0.04889592	
0.05922849	
0.06919706	
0.07926964	
0.08944221	
0.09968577	
0.1097243	
0.1199839	
0.1300675	
0.140305	
0.1504006	
0.1606982	
0.1706248	
0.1807973	
0.1912099	
0.2011345	
0.211328	
0.2214456	
0.2315402	
0.2420367	
0.2518433	
0.2636518	
0.2721205	
0.282273	
0.2924056	
0.3026042	
0.3127027	
0.330685	
0.3350368	
0.3452214	
0.3554209	
0.3655565	
0.3757971	
0.3858536	
0.3960172	
0.4062788	
0.4163263	
0.4264999	
0.4366435	
0.446778	
0.4672592	
0.471708	
0.4817786	
0.4919321	
0.5020847	
0.5124293	
0.5223728	
0.5324864	
0.542678	
0.5607972	
0.565204	
0.5752986	
0.5854562	
0.5956097	
0.6058043	
0.6160049	
0.6261644	
0.636299	
0.6464836	
0.6566371	
0.6667557	
0.6769683	
0.6870908	
0.6972254	
0.707382	
0.7175605	
0.7355668	
0.7398966	
0.7501142	
0.7602267	
0.7710853	
0.7804779	
0.7907214	
0.800776	
0.8109346	
0.8210902	
0.8312147	
0.8414193	
0.8515099	
0.8616944	
0.871856	
0.8819466	
0.8920811	
0.9022867	
0.9123613	
0.9227048	
0.9326694	
0.943066	
0.9530516	
0.9631701	
0.9734697	
0.9836073	
0.9937718	
1.003922	
1.014066	
1.024256	
1.034437	
1.044569	
1.054755	
1.064871	
1.074995	
1.08524	
1.095357	
1.105513	
1.115665	
1.125866	
1.136024	
1.146224	
1.156379	
1.166564	
1.176717	
1.186846	
1.197033	
1.207163	
1.217301	
1.22746	
1.237623	
1.247861	
1.257927	
1.268077	
1.278291	
1.288385	
1.298535	
1.308678	
1.31891	
1.329001	
1.339146	
1.349389	
1.359517	
1.369648	
1.379827	
1.391403	
1.400111	
1.410255	
1.420509	
1.430561	
1.440757	
1.450823	
1.461037	
1.47112	
1.481255	
1.491478	
1.501569	
1.511741	
1.521875	
1.531971	
1.542156	
1.552294	
1.562464	
1.572569	
1.582772	
1.600899	
1.605316	
1.615449	
1.625601	
1.635711	
1.645913	
1.656126	
1.666285	
1.676409	
1.686972	
1.697134	
1.707268	
1.717438	
1.727589	
1.737696	
1.747923	
1.758047	
1.76821	
1.778382	
1.788505	
1.798668	
1.809316	
1.819185	
1.829305	
1.839471	
1.849605	
1.859713	
1.870027	
1.880112	
1.890233	
1.900374	
1.910724	
1.920838	
1.93081	
1.942316	
1.9511	
1.961245	
1.971459	
1.98156	
1.991703	
2.001818	
2.011996	
2.022126	
2.032251	
2.042406	
2.052545	
2.062727	
2.072869	
2.08306	
2.09324	
2.103347	
2.113499	
2.123673	
2.133833	
2.144075	
2.154183	
2.164342	
2.174599	
2.184701	
2.194855	
2.205022	
2.215155	
2.225275	
2.235474	
2.245628	
2.255817	
2.265929	
2.276045	
2.28627	
2.296397	
2.30653	
2.316705	
2.32684	
2.337001	
2.347147	
2.357324	
2.367453	
2.377625	
2.387768	
2.398003	
2.408155	
2.418302	
2.428438	
2.438677	
2.448713	
2.468509	
2.47292	
2.483411	
2.493513	
2.503665	
2.513797	
2.524011	
2.534109	
2.544279	
2.554431	
2.564577	
2.574735	
2.584905	
2.595067	
2.605264	
2.615367	
2.625501	
2.635622	
2.645818	
2.656053	
2.666122	
2.676284	
2.690494	-5.69667962	-5.69850001	-3.64591775	-3.64773814	
2.696632	-5.69581932	-5.69850001	-3.64505745	-3.64773814	
2.706815	-5.6936417	-5.69850001	-3.64287983	-3.64773814	
2.71691	-5.69087653	-5.68977336	-3.64011466	-3.64773814	
2.72713	-5.68744494	-5.68977336	-3.63668307	-3.63901149	
2.737217	-5.68345191	-5.68977336	-3.63269004	-3.63901149	
2.747419	-5.6787859	-5.68977336	-3.62802403	-3.63901149	
2.757574	-5.67352237	-5.68977336	-3.6227605	-3.63028484	
2.767717	-5.66764991	-5.68977336	-3.61688804	-3.63028484	
2.777905	-5.66112444	-5.68104672	-3.61036257	-3.63028484	
2.788043	-5.65402101	-5.67232007	-3.60325914	-3.63028484	
2.79823	-5.64625275	-5.66359342	-3.59549088	-3.6215582	
2.808517	-5.63777525	-5.65486678	-3.58701338	-3.61283155	
2.818763	-5.62870218	-5.64614013	-3.57794031	-3.59537826	
2.828892	-5.6191198	-5.63741348	-3.56835792	-3.58665161	
2.83929	-5.60862362	-5.61996019	-3.55786174	-3.57792497	
2.8492	-5.59805076	-5.61123355	-3.54728889	-3.56919832	
2.85937	-5.58656984	-5.6025069	-3.53580797	-3.56047167	
2.86951	-5.57450436	-5.58505361	-3.52374248	-3.54301838	
2.879656	-5.5618178	-5.57632696	-3.51105593	-3.52556509	
2.889748	-5.54857695	-5.56760031	-3.49781508	-3.5081118	
2.900078	-5.53438729	-5.55014702	-3.48362542	-3.49938515	
2.910211	-5.51985068	-5.54142038	-3.46908881	-3.4906585	
2.920294	-5.50479582	-5.53269373	-3.45403395	-3.47320521	
2.930445	-5.48900353	-5.51524044	-3.43824166	-3.45575192	
2.940765	-5.47230388	-5.50651379	-3.42154201	-3.43829863	
2.9508	-5.45547829	-5.4890605	-3.40471642	-3.42957198	
2.960884	-5.43795379	-5.47160721	-3.38719192	-3.42084533	
2.971037	-5.41969066	-5.45415391	-3.36892879	-3.40339204	
2.981191	-5.40080526	-5.43670062	-3.35004339	-3.38593875	
2.999827	-5.36357103	-5.41924733	-3.31280916	-3.35975881	
3.004422	-5.35446683	-5.39306739	-3.30370496	-3.33357887	
3.014629	-5.33344394	-5.3756141	-3.28268207	-3.31612558	
3.024951	-5.31151971	-5.3581608	-3.26075784	-3.28994564	
3.034838	-5.28996748	-5.34943416	-3.23920561	-3.28121899	
3.04508	-5.26698732	-5.33198086	-3.21622545	-3.2637657	
3.055204	-5.24366278	-5.30580093	-3.19290091	-3.24631241	
3.065342	-5.21969379	-5.27962099	-3.16893192	-3.22885912	
3.075459	-5.19515116	-5.25344105	-3.14438929	-3.19395253	
3.085605	-5.16991684	-5.21853446	-3.11915497	-3.16777259	
3.096487	-5.14210169	-5.18362788	-3.09133982	-3.13286601	
3.106041	-5.11721338	-5.14872129	-3.06645151	-3.09795942	
3.116123	-5.09030704	-5.11381471	-3.03954517	-3.06305284	
3.126305	-5.06249763	-5.08763477	-3.01173576	-3.0368729	
3.136405	-5.0343225	-5.06145483	-2.98356062	-3.00196631	
3.146585	-5.00527985	-5.03527489	-2.95451798	-2.97578637	
3.156761	-4.97563019	-5.00909495	-2.92486831	-2.94087979	
3.166947	-4.9453407	-4.97418837	-2.89457883	-2.91469985	
3.177067	-4.91462603	-4.93928178	-2.86386416	-2.88851991	
3.187186	-4.88330007	-4.9043752	-2.8325382	-2.85361333	
3.198001	-4.84904619	-4.86946861	-2.79828432	-2.81870674	
3.207708	-4.81783469	-4.83456203	-2.76707282	-2.78380016	
3.217726	-4.7850152	-4.79965544	-2.73425333	-2.74889357	
3.227945	-4.75086377	-4.76474886	-2.7001019	-2.71398699	
3.237994	-4.71669994	-4.72111563	-2.66593807	-2.67035376	
3.248227	-4.68126964	-4.68620904	-2.63050777	-2.63544717	
3.258357	-4.64559062	-4.65130246	-2.59482875	-2.60054059	
3.268502	-4.60921897	-4.61639587	-2.5584571	-2.55690735	
3.278707	-4.57203127	-4.57276264	-2.5212694	-2.52200077	
3.288773	-4.53387718	-4.53785606	-2.48311531	-2.47836754	
3.299576	-4.4939476	-4.50294947	-2.44318573	-2.44346095	
3.309332	-4.45662893	-4.46804289	-2.40586706	-2.40855437	
3.319323	-4.41779759	-4.42440965	-2.36703572	-2.37364778	
3.329733	-4.3766298	-4.38077642	-2.32586793	-2.33001455	
3.339554	-4.33728083	-4.34586984	-2.28651896	-2.28638132	
3.349714	-4.29591053	-4.30223661	-2.24514866	-2.24274809	
3.359986	-4.25346017	-4.25860337	-2.2026983	-2.19911486	
3.370047	-4.21129388	-4.22369679	-2.16053201	-2.16420827	
3.380221	-4.16799502	-4.18006356	-2.11723315	-2.12057504	
3.390339	-4.12434779	-4.13643033	-2.07358592	-2.07694181	
3.401152	-4.07692432	-4.08407045	-2.02616245	-2.03330858	
3.410976	-4.03334215	-4.04043722	-1.98258028	-1.98967535	
3.420773	-3.98931881	-3.99680399	-1.93855694	-1.94604212	
3.430986	-3.94274531	-3.95317076	-1.89198344	-1.89368224	
3.441099	-3.89605442	-3.90953752	-1.84529254	-1.85004901	
3.451243	-3.84856919	-3.85717765	-1.79780732	-1.79768913	
3.461503	-3.7999008	-3.80481777	-1.74913893	-1.7540559	
3.471552	-3.75167224	-3.75245789	-1.70091037	-1.71042267	
3.481691	-3.70236288	-3.70882466	-1.65160101	-1.65806279	
3.491824	-3.65246168	-3.66519143	-1.60169981	-1.60570291	
3.503638	-3.59335589	-3.61283155	-1.54259402	-1.55334303	
3.512254	-3.54995225	-3.56047167	-1.49919038	-1.50098316	
3.522331	-3.49850939	-3.49938515	-1.44774752	-1.44862328	
3.532435	-3.44629988	-3.44702527	-1.39553801	-1.3962634	
3.542688	-3.39266916	-3.38593875	-1.34190729	-1.35263017	
3.553153	-3.33726572	-3.33357887	-1.28650385	-1.30027029	
3.562953	-3.28486836	-3.28994564	-1.23410649	-1.24791042	
3.573022	-3.23037767	-3.23758576	-1.1796158	-1.18682389	
3.583216	-3.1746109	-3.17649924	-1.12384903	-1.13446401	
3.59333	-3.11865969	-3.12413936	-1.06789781	-1.08210414	
3.605493	-3.05035271	-3.05432619	-0.999590838	-1.01229097	
3.61469	-2.99830971	-3.00196631	-0.947547837	-0.951204442	
3.624532	-2.94206335	-2.93215314	-0.891301482	-0.898844565	
3.634675	-2.88342889	-2.87979327	-0.83266702	-0.837758041	
3.644822	-2.82413562	-2.81870674	-0.773373745	-0.776671517	
3.655032	-2.76387653	-2.75762022	-0.713114655	-0.715584993	
3.665168	-2.70341611	-2.69653369	-0.652654239	-0.663225116	
3.675331	-2.64405202	-2.63544717	-0.593290148	-0.602138592	
3.685508	-2.58518967	-2.58308729	-0.534427794	-0.532325422	
3.695625	-2.52726046	-2.51327412	-0.476498592	-0.471238898	
3.707039	-2.46265044	-2.46091425	-0.411888569	-0.410152374	
3.716031	-2.41226269	-2.39110108	-0.361500817	-0.34906585	
3.726143	-2.35618471	-2.3387412	-0.30542284	-0.287979327	
3.736248	-2.30073702	-2.27765467	-0.249975147	-0.226892803	
3.746419	-2.24546991	-2.21656815	-0.194708034	-0.174532925	
3.756604	-2.19084062	-2.16420827	-0.140078746	-0.113446401	
3.766757	-2.13695233	-2.11184839	-0.0861904632	-0.0698131701	
3.77703	-2.08300049	-2.05076187	-0.0322386194	-0.00872664626	
3.787149	-2.03049724	-1.99840199	0.0202646349	0.0523598776	
3.797321	-1.97830935	-1.94604212	0.0724525255	0.104719755	
3.808618	-1.92110216	-1.88495559	0.129659715	0.157079633	
3.817664	-1.87577077	-1.83259571	0.174991105	0.20943951	
3.827753	-1.82580823	-1.78023584	0.224953638	0.261799388	
3.837985	-1.77572823	-1.72787596	0.275033642	0.314159265	
3.848164	-1.72653438	-1.67551608	0.324227487	0.366519143	
3.858367	-1.67781326	-1.63188285	0.372948613	0.41887902	
3.868488	-1.63009704	-1.58824962	0.420664836	0.471238898	
3.878726	-1.58243401	-1.54461639	0.468327865	0.514872129	
3.88879	-1.53593598	-1.50098316	0.514825892	0.558505361	
3.899211	-1.48856632	-1.44862328	0.56219555	0.602138592	
3.910898	-1.43669799	-1.40499005	0.614063881	0.645771823	
3.919323	-1.39940958	-1.36135682	0.651352292	0.689405055	
3.929482	-1.35515263	-1.31772359	0.69560924	0.733038286	
3.939534	-1.31190348	-1.26536371	0.738858392	0.776671517	
3.950642	-1.26485451	-1.22173048	0.785907366	0.829031395	
3.960227	-1.22477496	-1.18682389	0.825986914	0.86393798	
3.97032	-1.18316029	-1.15191731	0.867601581	0.907571211	
3.980448	-1.14199391	-1.10828408	0.908767966	0.942477796	
3.990674	-1.10105087	-1.06465084	0.949711003	0.986111027	
4.000767	-1.0612118	-1.02974426	0.989550071	1.02974426	
4.012354	-1.01629066	-0.994837674	1.03447122	1.06465084	
4.021148	-0.982614482	-0.951204442	1.06814739	1.10828408	
4.031241	-0.944580499	-0.916297857	1.10618137	1.14319066	
4.041442	-0.906712002	-0.872664626	1.14404987	1.17809725	
4.051512	-0.869948812	-0.837758041	1.18081306	1.21300383	
4.062095	-0.831925791	-0.811578102	1.21883608	1.24791042	
4.071786	-0.797672059	-0.776671517	1.25308981	1.282817	
4.081968	-0.762281272	-0.741764932	1.2884806	1.31772359	
4.092136	-0.727532309	-0.706858347	1.32322956	1.35263017	
4.10222	-0.693651543	-0.663225116	1.35711033	1.37881011	
4.113833	-0.655440987	-0.628318531	1.39532088	1.41371669	
4.122588	-0.627039165	-0.602138592	1.42372271	1.44862328	
4.132678	-0.594919444	-0.575958653	1.45584243	1.48352986	
4.150863	-0.539352828	-0.523598776	1.51140904	1.54461639	
4.155366	-0.525539916	-0.514872129	1.52522195	1.56206968	
4.165555	-0.495021419	-0.479965544	1.55574045	1.58824962	
4.17571	-0.465195693	-0.453785606	1.58556618	1.61442956	
4.185851	-0.435983776	-0.41887902	1.61477809	1.6406095	
4.196048	-0.40725809	-0.383972435	1.64350378	1.66678944	
4.206143	-0.379369797	-0.34906585	1.67139207	1.69296937	
4.216911	-0.3502908	-0.322885912	1.70047107	1.71914931	
4.226823	-0.324092954	-0.296705973	1.72666892	1.74532925	
4.236945	-0.2979199	-0.27925268	1.75284197	1.78023584	
4.247126	-0.272184322	-0.244346095	1.77857755	1.80641578	
4.257225	-0.247224957	-0.226892803	1.80353691	1.83259571	
4.26743	-0.222613625	-0.200712864	1.82814825	1.85004901	
4.277638	-0.198571131	-0.174532925	1.85219074	1.87622895	
4.287763	-0.175321711	-0.157079633	1.87544016	1.90240888	
4.297923	-0.152571193	-0.130899694	1.89819068	1.91986218	
4.308063	-0.130440626	-0.104719755	1.92032125	1.94604212	
4.320068	-0.105111019	-0.0785398163	1.94565085	1.97222205	
4.329734	-0.0851975237	-0.0610865238	1.96556435	1.98967535	
4.339893	-0.0648593406	-0.0436332313	1.98590253	2.00712864	
4.350078	-0.0450512884	-0.0261799388	2.00571058	2.02458193	
4.36058	-0.02524808	-0.00872664626	2.02551379	2.05076187	
4.370407	-0.00725071345	0.00872664626	2.04351116	2.06821516	
4.380553	0.0107531348	0.0261799388	2.06151501	2.08566846	
4.39077	0.0282963767	0.034906585	2.07905825	2.0943951	
4.400818	0.0449901651	0.0523598776	2.09575204	2.11184839	
4.410981	0.0613084222	0.0698131701	2.11207029	2.12930169	
4.421369	0.0773793105	0.0872664626	2.12814118	2.13802833	
4.439278	0.102920378	0.104719755	2.15368225	2.15548163	
4.443789	0.109406405	0.122173048	2.16016828	2.17293492	
4.464028	0.135417784	0.157079633	2.18617966	2.2078415	
4.468561	0.141324823	0.165806279	2.19208669	2.21656815	
4.47896	0.154133672	0.174532925	2.20489554	2.2252948	
4.488903	0.165858509	0.174532925	2.21662038	2.2252948	
4.499039	0.177258099	0.174532925	2.22801997	2.23402144	
4.509317	0.18825366	0.183259571	2.23901553	2.23402144	
4.519913	0.198987776	0.191986218	2.24974965	2.25147474	
4.529551	0.20827426	0.20943951	2.25903613	2.26020138	
4.539594	0.217421187	0.218166156	2.26818306	2.26892803	
4.54979	0.226158201	0.226892803	2.27692007	2.27765467	
4.560105	0.234449893	0.235619449	2.28521176	2.28638132	
4.570088	0.24196739	0.244346095	2.29272926	2.30383461	
4.580241	0.249090839	0.253072742	2.29985271	2.30383461	
4.590422	0.25570961	0.261799388	2.30647148	2.31256126	
4.600636	0.261833837	0.261799388	2.31259571	2.31256126	
4.610768	0.267407316	0.261799388	2.31816919	2.31256126	
4.621626	0.272795429	0.261799388	2.3235573	2.32128791	
4.631066	0.277088365	0.261799388	2.32785024	2.32128791	
4.641129	0.281194272	0.261799388	2.33195614	2.32128791	
4.651381	0.284881057	0.270526034	2.33564293	2.32128791	
4.661558	0.288095709	0.27925268	2.33885758	2.33001455	
4.671973	0.290926657	0.27925268	2.34168853	2.3387412	
4.681777	0.293220402	0.27925268	2.34398227	2.3387412	
4.691977	0.295203519	0.27925268	2.34596539	2.33001455	
4.70211	0.296812846	0.27925268	2.34757472	2.3387412	
4.712277	0.301499992	0.27925268	2.35226186	2.3387412	
4.723171	0.301499992	0.27925268	2.35226186	2.3387412	
4.732576	0.301499992	0.27925268	2.35226186	2.3387412	
4.74283	0.301499992	0.27925268	2.35226186	2.3387412	
4.760745	0.301499992	0.27925268	2.35226186	2.3387412	
4.765269	0.301499992	0.287979327	2.35226186	2.3387412	
4.775969	0.301499992	0.287979327	2.35226186	2.3387412	
4.785531	0.301499992	0.287979327	2.35226186	2.3387412	
4.795704	0.301499992	0.287979327	2.35226186	2.3387412	
4.80582	0.301499992	0.27925268	2.35226186	2.3387412	
4.815952	0.301499992	0.27925268	2.35226186	2.3387412	
4.827995	0.301499992	0.27925268	2.35226186	2.3387412	
4.837919	0.301499992	0.27925268	2.35226186	2.3387412	
4.848144	0.301499992	0.287979327	2.35226186	2.3387412	
4.858219	0.301499992	0.287979327	2.35226186	2.3387412	
4.868331	0.301499992	0.287979327	2.35226186	2.3387412	
4.87859	0.301499992	0.287979327	2.35226186	2.3387412	
4.888685	0.301499992	0.27925268	2.35226186	2.3387412	
4.898892	0.301499992	0.27925268	2.35226186	2.3387412	
4.908994	0.301499992	0.27925268	2.35226186	2.3387412	
4.919317	0.301499992	0.27925268	2.35226186	2.3387412	
4.929333	0.301499992	0.287979327	2.35226186	2.3387412	
4.939389	0.301499992	0.287979327	2.35226186	2.3387412	
4.95094	0.301499992	0.287979327	2.35226186	2.3387412	
4.959745	0.301499992	0.287979327	2.35226186	2.3387412	
4.969875	0.301499992	0.27925268	2.35226186	2.3387412	
4.980028	0.301499992	0.27925268	2.35226186	2.3387412	
4.990244	0.301499992	0.27925268	2.35226186	2.3387412	
5.000372	0.301499992	0.27925268	2.35226186	2.3387412	
5.010548	0.301499992	0.287979327	2.35226186	2.3387412	
5.020679	0.301499992	0.287979327	2.35226186	2.3387412	
5.030874	0.301499992	0.287979327	2.35226186	2.3387412	
5.040963	0.301499992	0.287979327	2.35226186	2.3387412	
5.051101	0.301499992	0.27925268	2.35226186	2.3387412	
5.061288	0.301499992	0.27925268	2.35226186	2.3387412	
5.071462	0.301499992	0.27925268	2.35226186	2.3387412	
5.08155	0.301499992	0.27925268	2.35226186	2.3387412	
5.091704	0.301499992	0.287979327	2.35226186	2.3387412	
5.102132	0.301499992	0.287979327	2.35226186	2.3387412	
5.112075	0.301499992	0.287979327	2.35226186	2.3387412	
5.122161	0.301499992	0.287979327	2.35226186	2.3387412	
5.132308	0.301499992	0.27925268	2.35226186	2.3387412	
5.142478	0.301499992	0.27925268	2.35226186	2.3387412	
5.152643	0.301499992	0.27925268	2.35226186	2.3387412	
5.162844	0.301499992	0.27925268	2.35226186	2.3387412	
5.172972	0.301499992	0.287979327	2.35226186	2.3387412	
5.183137	0.301499992	0.287979327	2.35226186	2.3387412	
5.193297	0.301499992	0.287979327	2.35226186	2.3387412	
5.203449	0.301499992	0.287979327	2.35226186	2.3387412	
5.213743	0.301499992	0.27925268	2.35226186	2.3387412	
5.223786	0.301499992	0.27925268	2.35226186	2.3387412	
5.23412	0.301499992	0.27925268	2.35226186	2.3387412	
5.244141	0.301499992	0.27925268	2.35226186	2.3387412	
5.254268	0.301499992	0.287979327	2.35226186	2.3387412	
5.266135	0.301499992	0.287979327	2.35226186	2.3387412	
5.274577	0.301499992	0.287979327	2.35226186	2.3387412	
5.284695	0.301499992	0.287979327	2.35226186	2.3387412	
5.294878	0.301499992	0.27925268	2.35226186	2.3387412	
5.305025	0.301499992	0.27925268	2.35226186	2.3387412	
5.315208	0.301499992	0.27925268	2.35226186	2.3387412	
5.325373	0.301499992	0.27925268	2.35226186	2.3387412	
5.335456	0.301499992	0.287979327	2.35226186	2.3387412	
5.345639	0.301499992	0.287979327	2.35226186	2.3387412	
5.355789	0.301499992	0.287979327	2.35226186	2.3387412	
5.365968	0.301499992	0.287979327	2.35226186	2.3387412	
5.3762	0.301499992	0.27925268	2.35226186	2.3387412	
5.386298	0.301499992	0.27925268	2.35226186	2.3387412	
5.396461	0.301499992	0.27925268	2.35226186	2.3387412	
5.406673	0.301499992	0.27925268	2.35226186	2.3387412	
5.41678	0.301499992	0.287979327	2.35226186	2.3387412	
5.427	0.301499992	0.287979327	2.35226186	2.3387412	
5.437118	0.301499992	0.287979327	2.35226186	2.3387412	
5.447291	0.301499992	0.287979327	2.35226186	2.3387412	
5.45743	0.301499992	0.27925268	2.35226186	2.3387412	
5.46758	0.301499992	0.27925268	2.35226186	2.3387412	
5.477751	0.301499992	0.27925268	2.35226186	2.3387412	
5.487901	0.301499992	0.27925268	2.35226186	2.3387412	
5.498056	0.301499992	0.287979327	2.35226186	2.3387412	
5.508213	0.301499992	0.287979327	2.35226186	2.3387412	
5.518393	0.301499992	0.287979327	2.35226186	2.3387412	
5.528553	0.301499992	0.287979327	2.35226186	2.3387412	
5.538663	0.301499992	0.27925268	2.35226186	2.3387412	
5.548856	0.301499992	0.27925268	2.35226186	2.3387412	
5.55902	0.301499992	0.27925268	2.35226186	2.3387412	
5.56917	0.301499992	0.27925268	2.35226186	2.3387412	
5.579243	0.301499992	0.287979327	2.35226186	2.3387412	
5.589472	0.301499992	0.287979327	2.35226186	2.3387412	
5.599553	0.301499992	0.287979327	2.35226186	2.3387412	
5.609771	0.301499992	0.287979327	2.35226186	2.3387412	
5.619883	0.301499992	0.27925268	2.35226186	2.3387412	
5.630084	0.301499992	0.27925268	2.35226186	2.3387412	
5.648137	0.301499992	0.27925268	2.35226186	2.3387412	
5.65269	0.301499992	0.287979327	2.35226186	2.3387412	
5.67076	0.301499992	0.287979327	2.35226186	2.3387412	
5.675509	0.301499992	0.287979327	2.35226186	2.3387412	
5.685463	0.301499992	0.287979327	2.35226186	2.3387412	
5.6956	0.301499992	0.27925268	2.35226186	2.3387412	
5.705766	0.301499992	0.27925268	2.35226186	2.3387412	
5.715901	0.301499992	0.27925268	2.35226186	2.3387412	
5.726083	0.301499992	0.27925268	2.35226186	2.3387412	
5.736278	0.301499992	0.287979327	2.35226186	2.3387412	
5.746396	0.301499992	0.287979327	2.35226186	2.3387412	
5.756576	0.301499992	0.287979327	2.35226186	2.3387412	
5.766748	0.301499992	0.287979327	2.35226186	2.3387412	
5.77759	0.301499992	0.27925268	2.35226186	2.3387412	
5.786992	0.301499992	0.27925268	2.35226186	2.3387412	
5.797124	0.301499992	0.27925268	2.35226186	2.3387412	
5.807277	0.301499992	0.27925268	2.35226186	2.3387412	
5.817458	0.301499992	0.287979327	2.35226186	2.3387412	
5.82757	0.301499992	0.287979327	2.35226186	2.3387412	
5.837759	0.301499992	0.287979327	2.35226186	2.3387412	
5.847924	0.301499992	0.287979327	2.35226186	2.3387412	
5.858218	0.301499992	0.27925268	2.35226186	2.3387412	
5.869544	0.301499992	0.27925268	2.35226186	2.3387412	
5.878472	0.301499992	0.27925268	2.35226186	2.3387412	
5.888563	0.301499992	0.27925268	2.35226186	2.3387412	
5.898684	0.301499992	0.287979327	2.35226186	2.3387412	
5.909026	0.301499992	0.287979327	2.35226186	2.3387412	
5.919089	0.301499992	0.287979327	2.35226186	2.3387412	
5.92921	0.301499992	0.287979327	2.35226186	2.3387412	
5.939281	0.301499992	0.27925268	2.35226186	2.3387412	
5.950887	0.301499992	0.27925268	2.35226186	2.3387412	
5.959614	0.301499992	0.27925268	2.35226186	2.3387412	
5.969795	0.301499992	0.287979327	2.35226186	2.3387412	
5.979979	0.301499992	0.287979327	2.35226186	2.3387412	
5.990095	0.301499992	0.287979327	2.35226186	2.3387412	
6.008177	0.301499992	0.27925268	2.35226186	2.3387412	
6.012699	0.301499992	0.27925268	2.35226186	2.3387412	
6.030813	0.301499992	0.27925268	2.35226186	2.3387412	
6.035322	0.301499992	0.287979327	2.35226186	2.3387412	
6.045513	0.301499992	0.287979327	2.35226186	2.3387412	
6.055707	0.301499992	0.287979327	2.35226186	2.3387412	
6.065818	0.301499992	0.287979327	2.35226186	2.3387412	
6.075961	0.301499992	0.27925268	2.35226186	2.3387412	
6.086133	0.301499992	0.27925268	2.35226186	2.3387412	
6.096349	0.301499992	0.27925268	2.35226186	2.3387412	
6.106484	0.301499992	0.287979327	2.35226186	2.3387412	
6.116644	0.301499992	0.287979327	2.35226186	2.3387412	
6.126897	0.301499992	0.287979327	2.35226186	2.3387412	
6.136933	0.301499992	0.287979327	2.35226186	2.3387412	
6.147142	0.301499992	0.27925268	2.35226186	2.3387412	
6.157343	0.301499992	0.27925268	2.35226186	2.3387412	
6.167465	0.301499992	0.27925268	2.35226186	2.3387412	
6.177617	0.301499992	0.287979327	2.35226186	2.3387412	
6.18776	0.301499992	0.287979327	2.35226186	2.3387412	
6.197951	0.301499992	0.287979327	2.35226186	2.3387412	
6.208092	0.301499992	0.287979327	2.35226186	2.3387412	
6.218246	0.301499992	0.27925268	2.35226186	2.3387412	
6.228874	0.302517538	0.27925268	2.35327941	2.3387412	
6.239041	0.304096977	0.27925268	2.35485885	2.3387412	
6.24913	0.30626954	0.287979327	2.35703141	2.3387412	
6.259249	0.309067895	0.287979327	2.35982977	2.3387412	
6.26946	0.312518119	0.27925268	2.36327999	2.3387412	
6.279601	0.316559477	0.27925268	2.36732135	2.3387412	
6.289735	0.321213898	0.287979327	2.37197577	2.3387412	
6.299867	0.326482552	0.296705973	2.37724442	2.3387412	
6.310021	0.332384386	0.296705973	2.38314626	2.34746784	
6.320564	0.339192504	0.305432619	2.38995438	2.35619449	
6.33051	0.346195262	0.314159265	2.39695713	2.35619449	
6.340503	0.353818106	0.322885912	2.40457998	2.36492114	
6.350695	0.362227546	0.331612558	2.41298942	2.37364778	
6.360805	0.371187672	0.331612558	2.42194954	2.38237443	
6.370937	0.380777363	0.331612558	2.43153923	2.39110108	
6.381087	0.390999356	0.340339204	2.44176123	2.39982772	
6.391263	0.401873796	0.34906585	2.45263567	2.40855437	
6.401452	0.413382977	0.366519143	2.46414485	2.41728101	
6.411525	0.425369989	0.383972435	2.47613186	2.43473431	
6.422055	0.438584682	0.392699082	2.48934655	2.44346095	
6.432046	0.451703642	0.410152374	2.50246551	2.46091425	
6.442156	0.465587164	0.41887902	2.51634903	2.47836754	
6.463349	0.498112005	0.436332313	2.54887388	2.49582083	
6.467877	0.504937081	0.462512252	2.55569895	2.51327412	
6.478081	0.521167428	0.488692191	2.5719293	2.53072742	
6.488264	0.537969221	0.497418837	2.58873109	2.54818071	
6.498373	0.555268301	0.506145483	2.60603017	2.565634	
6.508516	0.573240269	0.506145483	2.62400214	2.57436065	
6.518739	0.591993018	0.523598776	2.64275489	2.59181394	
6.529438	0.61233716	0.549778714	2.66309903	2.61799388	
6.539062	0.631122668	0.575958653	2.68188454	2.63544717	
6.549239	0.651634241	0.610865238	2.70239611	2.66162711	
6.559381	0.6726994	0.645771823	2.72346127	2.68780705	
6.569682	0.694760847	0.671951762	2.74552272	2.71398699	
6.579626	0.716603396	0.698131701	2.76736527	2.74016693	
6.589803	0.739599895	0.715584993	2.79036177	2.76634686	
6.600024	0.763323867	0.733038286	2.81408574	2.7925268	
6.61013	0.787397484	0.750491578	2.83815935	2.81870674	
6.6203	0.812236159	0.767944871	2.86299803	2.83616003	
6.632028	0.84178155	0.802851456	2.89254342	2.86233997	
6.640836	0.864355569	0.837758041	2.91511744	2.88851991	
6.650743	0.890342754	0.872664626	2.94110462	2.91469985	
6.660883	0.917578653	0.907571211	2.96834052	2.94960644	
6.671287	0.946192668	0.942477796	2.99695454	2.98451302	
6.681186	0.973982794	0.968657735	3.02474467	3.01069296	
6.691857	1.00463923	0.994837674	3.0554011	3.04559954	
6.701874	1.03399832	1.02974426	3.08476019	3.07177948	
6.712027	1.06439074	1.0559242	3.11515261	3.10668607	
6.722126	1.09522567	1.08210414	3.14598754	3.14159265	
6.733816	1.13184292	1.11701072	3.1826048	3.17649924	
6.742499	1.15936607	1.15191731	3.21012794	3.21140582	
6.752628	1.19212425	1.18682389	3.24288613	3.24631241	
6.762783	1.22561227	1.23045712	3.27637414	3.27249235	
6.772914	1.25963968	1.26536371	3.31040155	3.30739893	
6.783496	1.29587508	1.30027029	3.34663696	3.34230552	
6.793574	1.33096181	1.33517688	3.38172368	3.3772121	
6.803725	1.36693752	1.37008346	3.41769939	3.41211869	
6.813911	1.4036426	1.40499005	3.45440447	3.45575192	
6.824027	1.44071814	1.43989663	3.49148001	3.4906585	
6.83539	1.48320424	1.47480322	3.53396611	3.52556509	
6.844452	1.51747586	1.51843645	3.56823773	3.56919832	
6.854589	1.55649967	1.55334303	3.60726154	3.61283155	
6.864722	1.59610039	1.59697627	3.64686226	3.65646478	
6.874846	1.63629651	1.6406095	3.68705838	3.69137137	
6.885063	1.67750763	1.68424273	3.7282695	3.7350046	
6.895266	1.71923688	1.72787596	3.76999875	3.76991118	
6.905368	1.76119087	1.76278254	3.81195274	3.81354442	
6.915517	1.80395519	1.80641578	3.85471706	3.85717765	
6.925671	1.84737233	1.85004901	3.89813421	3.90081088	
6.936957	1.89646279	1.88495559	3.94722466	3.94444411	
6.946049	1.93638758	1.93731547	3.98714945	3.98807734	
6.95658	1.98336836	1.98967535	4.03413023	4.03171057	
6.966602	2.02866539	2.03330858	4.07942726	4.08407045	
6.976708	2.07494799	2.08566846	4.12570986	4.12770368	
6.987178	2.12359532	2.12930169	4.17435719	4.18006356	
6.997061	2.17006584	2.17293492	4.22082771	4.22369679	
7.007277	2.21873858	2.2252948	4.26950046	4.27605667	
7.017363	2.26740313	2.26892803	4.318165	4.3196899	
7.027485	2.31686218	2.32128791	4.36762405	4.36332313	
7.038596	2.3719625	2.37364778	4.42272437	4.41568301	
7.047839	2.41818107	2.41728101	4.46894294	4.46804289	
7.058233	2.47092628	2.46964089	4.52168815	4.52040276	
7.068124	2.52163618	2.52200077	4.57239805	4.57276264	
7.07827	2.57427888	2.58308729	4.62504075	4.63384916	
7.088504	2.62804638	2.63544717	4.67880825	4.68620904	
7.098703	2.68223184	2.68780705	4.73299371	4.73856892	
7.108862	2.73683906	2.74016693	4.78760093	4.78220215	
7.11907	2.79233657	2.7925268	4.84309844	4.84328867	
7.1293	2.84856574	2.84488668	4.89932762	4.88692191	
7.14019	2.90918425	2.89724656	4.95994612	4.94800843	
7.149594	2.96196048	2.96705973	5.01272235	5.00909495	
7.159642	3.01902408	3.02814625	5.06978595	5.07018148	
7.169775	3.0771658	3.08923278	5.12792767	5.131268	
7.179891	3.13586431	3.14159265	5.18662618	5.19235452	
7.190123	3.19585001	3.20267918	5.24661188	5.2447144	
7.200308	3.25615722	3.2637657	5.30691909	5.30580093	
7.210399	3.31653366	3.32485223	5.36729553	5.3581608	
7.220532	3.37593463	3.38593875	5.4266965	5.41924733	
7.230732	3.43512053	3.43829863	5.4858824	5.48033385	
7.241774	3.49846879	3.5081118	5.54923066	5.55014702	
7.251047	3.55115016	3.56919832	5.60191203	5.61996019	
7.261163	3.60800838	3.63028484	5.65877025	5.68104672	
7.271404	3.66496037	3.69137137	5.71572225	5.74213324	
7.281485	3.72040871	3.75245789	5.77117059	5.79449312	
7.291977	3.77748531	3.80481777	5.82824718	5.85557964	
7.301937	3.83106999	3.85717765	5.88183186	5.90793952	
7.312058	3.88490427	3.90953752	5.93566614	5.96902604	
7.322161	3.93804432	3.97062405	5.98880619	6.02138592	
7.332337	3.99096861	4.03171057	6.04173048	6.0737458	
7.34337	4.04764581	4.08407045	6.09840768	6.12610567	
7.352694	4.09497918	4.13643033	6.14574105	6.17846555	
7.362886	4.14613358	4.1887902	6.19689545	6.23955208	
7.372998	4.19627933	4.24115008	6.2470412	6.29191195	
7.383174	4.24613332	4.28478331	6.29689519	6.35299848	
7.393469	4.29594982	4.33714319	6.34671169	6.39663171	
7.403644	4.34457279	4.38950307	6.39533466	6.44899159	
7.413818	4.3925564	4.4331363	6.44331827	6.49262482	
7.423923	4.43962781	4.48549618	6.49038968	6.53625805	
7.434094	4.48641228	4.52912941	6.53717415	6.58861793	
7.445451	4.53786258	4.57276264	6.58862445	6.63225116	
7.462576	4.61337759	4.65130246	6.66413946	6.71079097	
7.467122	4.63343247	4.6774824	6.68419434	6.72824427	
7.477287	4.67760442	4.71238898	6.72836629	6.7718775	
7.487413	4.72098705	4.75602221	6.77174892	6.81551073	
7.497613	4.76406377	4.79965544	6.81482564	6.85914396	
7.507761	4.80635741	4.83456203	6.85711928	6.90277719	
7.517945	4.84812065	4.87819526	6.89888252	6.93768378	
7.52809	4.88916445	4.91310184	6.93992632	6.98131701	
7.538198	4.92944732	4.95673508	6.98020919	7.01622359	
7.549772	4.97477844	5.00036831	7.02554031	7.06858347	
7.559846	5.01361556	5.04400154	7.06437743	7.10349006	
7.570013	5.05223294	5.07890812	7.10299482	7.14712329	
7.580075	5.08986454	5.12254135	7.14062641	7.19075652	
7.590572	5.12846729	5.15744794	7.17922916	7.2256631	
7.600502	5.16442379	5.19235452	7.21518566	7.26056969	
7.61058	5.20031689	5.22726111	7.25107876	7.29547627	
7.620746	5.23590554	5.26216769	7.28666741	7.33038286	
7.630929	5.27095363	5.29707428	7.3217155	7.3565628	
7.641012	5.30506947	5.32325422	7.35583134	7.39146938	
7.651239	5.33906671	5.3581608	7.38982858	7.42637597	
7.66153	5.37264322	5.39306739	7.42340509	7.46128255	
7.671567	5.40479509	5.42797397	7.45555696	7.48746249	
7.681672	5.4365834	5.46288056	7.48734527	7.52236908	
7.692226	5.46912734	5.49778714	7.51988921	7.55727566	
7.701998	5.49871475	5.52396708	7.54947662	7.5834556	
7.712153	5.52884809	5.55014702	7.57960996	7.60963554	
7.722371	5.55857408	5.58505361	7.60933595	7.64454212	
7.732407	5.58718524	5.61123355	7.63794711	7.67944871	
7.742604	5.61565798	5.64614013	7.66641985	7.696902	
7.752878	5.64372027	5.67232007	7.69448214	7.72308194	
7.762999	5.67076802	5.68977336	7.72152989	7.74926188	
7.773146	5.69729911	5.7159533	7.74806098	7.76671517	
7.783744	5.72435092	5.74213324	7.77511279	7.79289511	
7.793847	5.74954744	5.76831318	7.80030931	7.81907505	
7.803985	5.77424724	5.79449312	7.82500912	7.85398163	
7.814113	5.79833196	5.82067306	7.84909383	7.87143493	
7.824593	5.82261772	5.83812635	7.87337959	7.89761487	
7.83439	5.84477329	5.86430629	7.89553517	7.91506816	
7.844557	5.86718129	5.88175958	7.91794316	7.9412481	
7.85479	5.8891196	5.90793952	7.93988147	7.95870139	
7.864956	5.91032483	5.93411946	7.9610867	7.97615468	
7.875092	5.93087943	5.95157275	7.9816413	7.99360797	
7.885237	5.95087071	5.96902604	8.00163259	8.01106127	
7.895383	5.97027023	5.98647933	8.0210321	8.02851456	
7.905544	5.989122	6.00393263	8.03988387	8.04596785	
7.915703	6.00737733	6.02138592	8.0581392	8.06342114	
7.926044	6.0253589	6.03883921	8.07612077	8.08960108	
7.936011	6.04212805	6.0562925	8.09288992	8.10705438	
7.946139	6.05858089	6.06501915	8.10934276	8.11578102	
7.958003	6.07702811	6.08247244	8.12778999	8.13323431	
7.966519	6.08991834	6.09992574	8.14068022	8.15068761	
7.97668	6.10469189	6.11737903	8.15545376	8.15941425	
7.986845	6.11889513	6.12610567	8.169657	8.1681409	
7.996983	6.1324941	6.14355897	8.18325597	8.18559419	
8.007197	6.14561244	6.15228561	8.19637432	8.20304748	
8.017297	6.15801682	6.16101226	8.20877869	8.20304748	
8.027443	6.16992252	6.16973891	8.22068439	8.22050078	
8.037678	6.18135164	6.17846555	8.23211351	8.22922742	
8.047767	6.192069	6.19591884	8.24283087	8.23795407	
8.058019	6.20238883	6.20464549	8.2531507	8.24668072	
8.068177	6.21205776	6.21337214	8.26281963	8.25540736	
8.078309	6.22115406	6.21337214	8.27191593	8.27286065	
8.088546	6.22978652	6.22209878	8.28054839	8.2815873	
8.098575	6.2377198	6.23082543	8.28848167	8.2815873	
8.108787	6.24528294	6.23955208	8.29604481	8.29031395	
8.119031	6.25226112	6.24827872	8.30302299	8.29904059	
8.129116	6.25864446	6.25700537	8.30940633	8.30776724	
8.139409	6.26462637	6.26573201	8.31538824	8.30776724	
8.149365	6.26992536	6.26573201	8.32068723	8.30776724	
8.159621	6.27486393	6.27445866	8.32562581	8.31649389	
8.169786	6.27926783	6.27445866	8.3300297	8.32522053	
8.179882	6.28316839	6.27445866	8.33393026	8.32522053	
8.190035	6.28662357	6.27445866	8.33738544	8.32522053	
8.200533	6.28970684	6.27445866	8.34046871	8.32522053	
8.210338	6.29219994	6.27445866	8.34296181	8.32522053	
8.220467	6.29436579	6.28318531	8.34512766	8.32522053	
8.230622	6.2961433	6.28318531	8.34690517	8.32522053	
8.240765	6.30149999	6.28318531	8.35226186	8.32522053	
8.250938	6.30149999	6.28318531	8.35226186	8.32522053	
8.261152	6.30149999	6.28318531	8.35226186	8.32522053	
8.271416	6.30149999	6.28318531	8.35226186	8.32522053	
8.281484	6.30149999	6.28318531	8.35226186	8.32522053	
8.291557	6.30149999	6.28318531	8.35226186	8.32522053	
8.302053	6.30149999	6.28318531	8.35226186	8.32522053	
8.311874	6.30149999	6.28318531	8.35226186	8.32522053	
8.321968	6.30149999	6.28318531	8.35226186	8.32522053	
8.332285	6.30149999	6.28318531	8.35226186	8.32522053	
8.342469	6.30149999	6.28318531	8.35226186	8.32522053	
8.361791	6.30149999	6.28318531	8.35226186	8.32522053	
8.36638	6.30149999	6.28318531	8.35226186	8.32522053	
8.38451	6.30149999	6.28318531	8.35226186	8.32522053	
8.389059	6.30149999	6.28318531	8.35226186	8.32522053	
8.399347	6.30149999	6.28318531	8.35226186	8.32522053	
8.409366	6.30149999	6.28318531	8.35226186	8.32522053	
8.4195	6.30149999	6.28318531	8.35226186	8.32522053	
8.429731	6.30149999	6.28318531	8.35226186	8.32522053	
8.439804	6.30149999	6.28318531	8.35226186	8.32522053	
8.453339	6.30149999	6.28318531	8.35226186	8.32522053	
8.460683	6.30149999	6.28318531	8.35226186	8.32522053	
8.470282	6.30149999	6.28318531	8.35226186	8.32522053	
8.480436	6.30149999	6.28318531	8.35226186	8.32522053	
8.49051	6.30149999	6.28318531	8.35226186	8.32522053	
8.500746	6.30149999	6.28318531	8.35226186	8.32522053	
8.510833	6.30149999	6.28318531	8.35226186	8.32522053	
8.520973	6.30149999	6.28318531	8.35226186	8.32522053	
8.531106	6.30149999	6.28318531	8.35226186	8.32522053	
8.541236	6.30149999	6.28318531	8.35226186	8.32522053	
8.551941	6.30149999	6.28318531	8.35226186	8.32522053	
8.562725	6.30149999	6.28318531	8.35226186	8.32522053	
8.571711	6.30149999	6.28318531	8.35226186	8.32522053	
8.581943	6.30149999	6.28318531	8.35226186	8.32522053	
8.592027	6.30149999	6.28318531	8.35226186	8.32522053	
8.602144	6.30149999	6.28318531	8.35226186	8.32522053	
8.61235	6.30149999	6.28318531	8.35226186	8.32522053	
8.622481	6.30149999	6.28318531	8.35226186	8.32522053	
8.632677	6.30149999	6.28318531	8.35226186	8.32522053	
8.64294	6.30149999	6.28318531	8.35226186	8.32522053	
8.653158	6.30149999	6.28318531	8.35226186	8.32522053	
8.664304	6.30149999	6.28318531	8.35226186	8.32522053	
8.673537	6.30149999	6.28318531	8.35226186	8.32522053	
8.683739	6.30149999	6.28318531	8.35226186	8.32522053	
8.693888	6.30149999	6.28318531	8.35226186	8.32522053	
8.704009	6.30149999	6.28318531	8.35226186	8.32522053	
8.714212	6.30149999	6.28318531	8.35226186	8.32522053	
8.724351	6.30149999	6.28318531	8.35226186	8.32522053	
8.734494	6.30149999	6.28318531	8.35226186	8.32522053	
8.744704	6.30149999	6.28318531	8.35226186	8.32522053	
8.754829	6.30149999	6.28318531	8.35226186	8.32522053	
8.76587	6.30149999	6.28318531	8.35226186	8.32522053	
8.775222	6.30149999	6.28318531	8.35226186	8.32522053	
8.785754	6.30149999	6.28318531	8.35226186	8.32522053	
8.795846	6.30149999	6.28318531	8.35226186	8.32522053	
8.805997	6.30149999	6.28318531	8.35226186	8.32522053	
8.816148	6.30149999	6.28318531	8.35226186	8.32522053	
8.826275	6.30149999	6.28318531	8.35226186	8.32522053	
8.836489	6.30149999	6.28318531	8.35226186	8.32522053	
8.846633	6.30149999	6.28318531	8.35226186	8.32522053	
8.856744	6.30149999	6.28318531	8.35226186	8.32522053	
8.868644	6.30149999	6.28318531	8.35226186	8.32522053	
8.87712	6.30149999	6.28318531	8.35226186	8.32522053	
8.887337	6.30149999	6.28318531	8.35226186	8.32522053	
8.897421	6.30149999	6.28318531	8.35226186	8.32522053	
8.907534	6.30149999	6.28318531	8.35226186	8.32522053	
8.917763	6.30149999	6.28318531	8.35226186	8.32522053	
8.927894	6.30149999	6.28318531	8.35226186	8.32522053	
8.938013	6.30149999	6.28318531	8.35226186	8.32522053	
8.948215	6.30149999	6.28318531	8.35226186	8.32522053	
8.959744	6.30149999	6.28318531	8.35226186	8.32522053	
8.9704	6.30149999	6.28318531	8.35226186	8.32522053	
8.978741	6.30149999	6.28318531	8.35226186	8.32522053	
8.988883	6.30149999	6.28318531	8.35226186	8.32522053	
8.999106	6.30149999	6.28318531	8.35226186	8.32522053	
9.009331	6.30149999	6.28318531	8.35226186	8.32522053	
9.019343	6.30149999	6.28318531	8.35226186	8.32522053	
9.029474	6.30149999	6.28318531	8.35226186	8.32522053	
9.039642	6.30149999	6.28318531	8.35226186	8.32522053	
9.049789	6.30149999	6.28318531	8.35226186	8.32522053	
9.059904	6.30149999	6.28318531	8.35226186	8.32522053	
9.071598	6.30149999	6.28318531	8.35226186	8.32522053	
9.080484	6.30149999	6.28318531	8.35226186	8.32522053	
9.09038	6.30149999	6.28318531	8.35226186	8.32522053	
9.100534	6.30149999	6.28318531	8.35226186	8.32522053	
9.110753	6.30149999	6.28318531	8.35226186	8.32522053	
9.12084	6.30149999	6.28318531	8.35226186	8.32522053	
9.130971	6.30149999	6.28318531	8.35226186	8.32522053	
9.141123	6.30149999	6.28318531	8.35226186	8.32522053	
9.151373	6.30149999	6.28318531	8.35226186	8.32522053	
9.170349	6.30149999	6.28318531	8.35226186	8.32522053	
9.175042	6.30149999	6.28318531	8.35226186	8.32522053	
9.185134	6.30149999	6.28318531	8.35226186	8.32522053	
9.195279	6.30149999	6.28318531	8.35226186	8.32522053	
9.205423	6.30149999	6.28318531	8.35226186	8.32522053	
9.215568	6.30149999	6.28318531	8.35226186	8.32522053	
9.225766	6.30149999	6.28318531	8.35226186	8.32522053	
9.235916	6.30149999	6.28318531	8.35226186	8.32522053	
9.246099	6.30149999	6.28318531	8.35226186	8.33394718	
9.256229	6.30149999	6.28318531	8.35226186	8.33394718	
9.266349	6.30149999	6.28318531	8.35226186	8.33394718	
9.276626	6.30149999	6.28318531	8.35226186	8.33394718	
9.286782	6.30149999	6.28318531	8.35226186	8.33394718	
9.296896	6.30149999	6.28318531	8.35226186	8.32522053	
9.30705	6.30149999	6.28318531	8.35226186	8.32522053	
9.317185	6.30149999	6.28318531	8.35226186	8.32522053	
9.32737	6.30149999	6.28318531	8.35226186	8.32522053	
9.337472	6.30149999	6.28318531	8.35226186	8.32522053	
9.347653	6.30149999	6.28318531	8.35226186	8.32522053	
9.35785	6.30149999	6.28318531	8.35226186	8.32522053	
9.367955	6.30149999	6.28318531	8.35226186	8.32522053	
9.37814	6.30149999	6.28318531	8.35226186	8.32522053	
9.388313	6.30149999	6.28318531	8.35226186	8.32522053	
9.398456	6.30149999	6.28318531	8.35226186	8.32522053	
9.408666	6.30149999	6.28318531	8.35226186	8.32522053	
9.418734	6.30149999	6.28318531	8.35226186	8.32522053	
9.428901	6.30149999	6.28318531	8.35226186	8.32522053	
9.439158	6.30149999	6.28318531	8.35226186	8.32522053	
9.449202	6.30149999	6.28318531	8.35226186	8.32522053	
9.459363	6.30149999	6.28318531	8.35226186	8.32522053	
9.469493	6.30149999	6.28318531	8.35226186	8.32522053	
9.479658	6.30149999	6.28318531	8.35226186	8.32522053	
9.489786	6.30149999	6.28318531	8.35226186	8.32522053	
9.500035	6.30149999	6.28318531	8.35226186	8.32522053	
9.510101	6.30149999	6.28318531	8.35226186	8.32522053	
9.520266	6.30149999	6.28318531	8.35226186	8.32522053	
9.530384	6.30149999	6.28318531	8.35226186	8.32522053	
9.540755	6.30149999	6.28318531	8.35226186	8.32522053	
9.550719	6.30149999	6.28318531	8.35226186	8.32522053	
9.560858	6.30149999	6.28318531	8.35226186	8.32522053	
9.570967	6.30149999	6.28318531	8.35226186	8.32522053	
9.581112	6.30149999	6.28318531	8.35226186	8.32522053	
9.599572	6.30149999	6.28318531	8.35226186	8.32522053	
9.604256	6.30149999	6.28318531	8.35226186	8.32522053	
9.614421	6.30149999	6.28318531	8.35226186	8.32522053	
9.632483	6.30149999	6.28318531	8.35226186	8.32522053	
9.636996	6.30149999	6.28318531	8.35226186	8.32522053	
9.647236	6.30149999	6.28318531	8.35226186	8.32522053	
9.657331	6.30149999	6.28318531	8.35226186	8.32522053	
9.667476	6.30149999	6.28318531	8.35226186	8.32522053	
9.677667	6.30149999	6.28318531	8.35226186	8.33394718	
9.687808	6.30149999	6.28318531	8.35226186	8.33394718	
9.697964	6.30149999	6.28318531	8.35226186	8.32522053	
9.708159	6.30149999	6.28318531	8.35226186	8.32522053	
9.718301	6.30149999	6.28318531	8.35226186	8.32522053	
9.728488	6.30149999	6.28318531	8.35226186	8.32522053	
9.738561	6.30149999	6.28318531	8.35226186	8.32522053	
9.748722	6.30149999	6.28318531	8.35226186	8.32522053	
9.758956	6.30149999	6.28318531	8.35226186	8.32522053	
9.769039	6.30149999	6.28318531	8.35226186	8.32522053	
9.77922	6.30149999	6.28318531	8.35226186	8.32522053	
9.789388	6.30149999	6.28318531	8.35226186	8.32522053	
9.799541	6.30149999	6.28318531	8.35226186	8.32522053	
9.809717	6.30149999	6.28318531	8.35226186	8.32522053	
9.819834	6.30149999	6.28318531	8.35226186	8.32522053	
9.830053	6.30149999	6.28318531	8.35226186	8.32522053	
9.840203	6.30149999	6.28318531	8.35226186	8.32522053	
9.850519	6.30149999	6.28318531	8.35226186	8.32522053	
9.860451	6.30149999	6.28318531	8.35226186	8.32522053	
9.870595	6.30149999	6.28318531	8.35226186	8.32522053	
9.880788	6.30149999	6.28318531	8.35226186	8.32522053	
9.8909	6.30149999	6.28318531	8.35226186	8.32522053	
9.901062	6.30149999	6.28318531	8.35226186	8.32522053	
9.911653	6.30149999	6.28318531	8.35226186	8.32522053	
9.929238	6.30149999	6.28318531	8.35226186	8.32522053	
9.933971	6.30149999	6.28318531	8.35226186	8.32522053	
9.943927	6.30149999	6.28318531	8.35226186	8.32522053	
9.954055	6.30149999	6.28318531	8.35226186	8.32522053	
9.964265	6.30149999	6.28318531	8.35226186	8.32522053	
9.974414	6.30149999	6.28318531	8.35226186	8.32522053	
9.984636	6.30149999	6.28318531	8.35226186	8.32522053	
9.994744	6.30149999	6.28318531	8.35226186	8.32522053	
10.00487	6.30149999	6.28318531	8.35226186	8.32522053	
10.01514	6.30149999	6.28318531	8.35226186	8.32522053	
10.02521	6.30149999	6.28318531	8.35226186	8.32522053	
10.03536	6.30149999	6.28318531	8.35226186	8.32522053	
10.04555	6.30149999	6.28318531	8.35226186	8.33394718	
10.05568	6.30149999	6.28318531	8.35226186	8.33394718	
10.06588	6.30149999	6.28318531	8.35226186	8.32522053	
10.076	6.30149999	6.28318531	8.35226186	8.32522053	
10.08621	6.30149999	6.28318531	8.35226186	8.32522053	
10.09636	6.30149999	6.28318531	8.35226186	8.32522053	
10.1065	6.30149999	6.28318531	8.35226186	8.32522053	
10.11672	6.30149999	6.28318531	8.35226186	8.32522053	
10.1269	6.30149999	6.28318531	8.35226186	8.32522053	
10.13699	6.30149999	6.28318531	8.35226186	8.32522053	
10.14718	6.30149999	6.28318531	8.35226186	8.32522053	
10.15729	6.30149999	6.28318531	8.35226186	8.32522053	
10.16749	6.30149999	6.28318531	8.35226186	8.32522053	
10.17763	6.30149999	6.28318531	8.35226186	8.32522053	
10.18779	6.30149999	6.28318531	8.35226186	8.32522053	
10.198	6.30149999	6.28318531	8.35226186	8.32522053	
10.2081	6.30149999	6.28318531	8.35226186	8.32522053	
10.21828	6.30149999	6.28318531	8.35226186	8.32522053	
10.22848	6.30149999	6.28318531	8.35226186	8.32522053	
10.23861	6.30149999	6.28318531	8.35226186	8.32522053	
10.24885	6.30149999	6.28318531	8.35226186	8.32522053	
10.25897	6.30149999	6.28318531	8.35226186	8.32522053	
10.27109	6.30149999	6.28318531	8.35226186	8.32522053	
10.2793	6.30149999	6.28318531	8.35226186	8.32522053	
10.28934	6.30149999	6.28318531	8.35226186	8.32522053	
10.2995	6.30149999	6.28318531	8.35226186	8.32522053	
10.30964	6.30149999	6.28318531	8.35226186	8.32522053	
10.3198	6.30149999	6.28318531	8.35226186	8.32522053	
10.33004	6.30149999	6.28318531	8.35226186	8.32522053	
10.34013	6.30149999	6.28318531	8.35226186	8.32522053	
10.35028	6.30149999	6.28318531	8.35226186	8.32522053	
10.36041	6.30149999	6.28318531	8.35226186	8.32522053	
10.37074	6.30149999	6.28318531	8.35226186	8.32522053	
10.38074	6.30149999	6.28318531	8.35226186	8.32522053	
10.39088	6.30149999	6.28318531	8.35226186	8.32522053	
10.40101	6.30149999	6.28318531	8.35226186	8.33394718	
10.41114	6.30149999	6.28318531	8.35226186	8.33394718	
10.42171	6.30149999	6.28318531	8.35226186	8.32522053	
10.43172	6.30149999	6.28318531	8.35226186	8.32522053	
10.44169	6.30149999	6.28318531	8.35226186	8.32522053	
10.46265	6.30149999	6.28318531	8.35226186	8.32522053	
10.46722	6.30149999	6.28318531	8.35226186	8.32522053	
10.47735	6.30149999	6.28318531	8.35226186	8.32522053	
10.48758	6.30149999	6.28318531	8.35226186	8.32522053	
10.49769	6.30149999	6.28318531	8.35226186	8.32522053	
10.50783	6.30149999	6.28318531	8.35226186	8.32522053	
10.51803	6.30149999	6.28318531	8.35226186	8.32522053	
10.52812	6.30149999	6.28318531	8.35226186	8.32522053	
10.53855	6.30149999	6.28318531	8.35226186	8.32522053	
10.54846	6.30149999	6.28318531	8.35226186	8.32522053	
10.55862	6.30149999	6.28318531	8.35226186	8.32522053	
10.5688	6.30149999	6.28318531	8.35226186	8.32522053	
10.57918	6.30149999	6.28318531	8.35226186	8.32522053	
10.58913	6.30149999	6.28318531	8.35226186	8.32522053	
10.59934	6.30149999	6.28318531	8.35226186	8.32522053	
10.60949	6.30149999	6.28318531	8.35226186	8.32522053	
10.61956	6.30149999	6.28318531	8.35226186	8.32522053	
10.62965	6.30149999	6.28318531	8.35226186	8.32522053	
10.64015	6.30149999	6.28318531	8.35226186	8.32522053	
10.65005	6.30149999	6.28318531	8.35226186	8.32522053	
10.66024	6.30149999	6.28318531	8.35226186	8.32522053	
10.67034	6.30149999	6.28318531	8.35226186	8.32522053	
10.68044	6.30149999	6.28318531	8.35226186	8.32522053	
10.6907	6.30149999	6.28318531	8.35226186	8.32522053	
10.70078	6.30149999	6.28318531	8.35226186	8.32522053	
10.71091	6.30149999	6.28318531	8.35226186	8.32522053	
10.72106	6.30149999	6.28318531	8.35226186	8.32522053	
10.7312	6.30149999	6.28318531	8.35226186	8.32522053	
10.74979	6.30149999	6.28318531	8.35226186	8.32522053	
10.75437	6.30149999	6.28318531	8.35226186	8.33394718	
10.76447	6.30149999	6.28318531	8.35226186	8.33394718	
10.77468	6.30149999	6.28318531	8.35226186	8.32522053	
10.78558	6.30149999	6.28318531	8.35226186	8.32522053	
10.79499	6.30149999	6.28318531	8.35226186	8.32522053	
10.80513	6.30149999	6.28318531	8.35226186	8.32522053	
10.81533	6.30149999	6.28318531	8.35226186	8.32522053	
10.82539	6.30149999	6.28318531	8.35226186	8.32522053	
10.83553	6.30149999	6.28318531	8.35226186	8.32522053	
10.84577	6.30149999	6.28318531	8.35226186	8.32522053	
10.85592	6.30149999	6.28318531	8.35226186	8.32522053	
10.86605	6.30149999	6.28318531	8.35226186	8.32522053	
10.87621	6.30149999	6.28318531	8.35226186	8.32522053	
10.88637	6.30149999	6.28318531	8.35226186	8.32522053	
10.89655	6.30149999	6.28318531	8.35226186	8.32522053	
10.90666	6.30149999	6.28318531	8.35226186	8.32522053	
10.91682	6.30149999	6.28318531	8.35226186	8.32522053	
10.92699	6.30149999	6.28318531	8.35226186	8.32522053	
10.93712	6.30149999	6.28318531	8.35226186	8.32522053	
10.94731	6.30149999	6.28318531	8.35226186	8.32522053	
10.95783	6.30149999	6.28318531	8.35226186	8.32522053	
10.96794	6.30149999	6.28318531	8.35226186	8.32522053	
10.9781	6.30149999	6.28318531	8.35226186	8.32522053	
10.98822	6.30149999	6.28318531	8.35226186	8.32522053	
10.99836	6.30149999	6.28318531	8.35226186	8.32522053	
11.00857	6.30149999	6.28318531	8.35226186	8.32522053	
11.01869	6.30149999	6.28318531	8.35226186	8.32522053	
11.02886	6.30149999	6.28318531	8.35226186	8.32522053	
11.03901	6.30149999	6.28318531	8.35226186	8.32522053	
11.04927	6.30149999	6.28318531	8.35226186	8.32522053	
11.05942	6.30149999	6.28318531	8.35226186	8.32522053	
11.06949	6.30149999	6.28318531	8.35226186	8.32522053	
11.07962	6.30149999	6.28318531	8.35226186	8.32522053	
11.08977	6.30149999	6.28318531	8.35226186	8.32522053	
11.09988	6.30149999	6.28318531	8.35226186	8.32522053	
11.1101	6.30149999	6.28318531	8.35226186	8.33394718	
11.12022	6.30149999	6.28318531	8.35226186	8.33394718	
11.13034	6.30149999	6.28318531	8.35226186	8.32522053	
11.14046	6.30149999	6.28318531	8.35226186	8.32522053	
11.15072	6.30149999	6.28318531	8.35226186	8.32522053	
11.16087	6.30149999	6.28318531	8.35226186	8.32522053	
11.17101	6.30149999	6.28318531	8.35226186	8.32522053	
11.18114	6.30149999	6.28318531	8.35226186	8.32522053	
11.19933	6.30149999	6.28318531	8.35226186	8.32522053	
11.20387	6.30149999	6.28318531	8.35226186	8.32522053	
11.21408	6.30149999	6.28318531	8.35226186	8.32522053	
11.2242	6.30149999	6.28318531	8.35226186	8.32522053	
11.23435	6.30149999	6.28318531	8.35226186	8.32522053	
11.24453	6.30149999	6.28318531	8.35226186	8.32522053	
11.25469	6.30149999	6.28318531	8.35226186	8.32522053	
11.26492	6.30149999	6.28318531	8.35226186	8.32522053	
11.27506	6.30149999	6.28318531	8.35226186	8.32522053	
11.2852	6.30149999	6.28318531	8.35226186	8.32522053	
11.29546	6.30149999	6.28318531	8.35226186	8.32522053	
11.30553	6.30149999	6.28318531	8.35226186	8.32522053	
11.31569	6.30149999	6.28318531	8.35226186	8.32522053	
11.32584	6.30149999	6.28318531	8.35226186	8.32522053	
11.33596	6.30149999	6.28318531	8.35226186	8.32522053	
11.34614	6.30149999	6.28318531	8.35226186	8.32522053	
11.35629	6.30149999	6.28318531	8.35226186	8.32522053	
11.36645	6.30149999	6.28318531	8.35226186	8.32522053	
11.37671	6.30149999	6.28318531	8.35226186	8.32522053	
11.3868	6.30149999	6.28318531	8.35226186	8.32522053	
11.39696	6.30149999	6.28318531	8.35226186	8.32522053	
11.40712	6.30149999	6.28318531	8.35226186	8.32522053	
11.41726	6.30149999	6.28318531	8.35226186	8.32522053	
11.42745	6.30149999	6.28318531	8.35226186	8.32522053	
11.4376	6.30149999	6.28318531	8.35226186	8.32522053	
11.44777	6.30149999	6.28318531	8.35226186	8.33394718	
11.45792	6.30149999	6.28318531	8.35226186	8.33394718	
11.46804	6.30149999	6.28318531	8.35226186	8.32522053	
11.47842	6.30149999	6.28318531	8.35226186	8.32522053	
11.48839	6.30149999	6.28318531	8.35226186	8.32522053	
11.49852	6.30149999	6.28318531	8.35226186	8.32522053	
11.50866	6.30149999	6.28318531	8.35226186	8.32522053	
11.51887	6.30149999	6.28318531	8.35226186	8.32522053	
11.52901	6.30149999	6.28318531	8.35226186	8.32522053	
11.53911	6.30149999	6.28318531	8.35226186	8.32522053	
11.54931	6.30149999	6.28318531	8.35226186	8.32522053	
11.5595	6.30149999	6.28318531	8.35226186	8.32522053	
11.5696	6.30149999	6.28318531	8.35226186	8.32522053	
11.57971	6.30149999	6.28318531	8.35226186	8.32522053	
11.59005	6.30149999	6.28318531	8.35226186	8.32522053	
11.60008	6.30149999	6.28318531	8.35226186	8.32522053	
11.61035	6.30149999	6.28318531	8.35226186	8.32522053	
11.62035	6.30149999	6.28318531	8.35226186	8.32522053	
11.63073	6.30149999	6.28318531	8.35226186	8.32522053	
11.64068	6.30149999	6.28318531	8.35226186	8.32522053	
11.6508	6.30149999	6.28318531	8.35226186	8.32522053	
11.66097	6.30149999	6.28318531	8.35226186	8.32522053	
11.67109	6.30149999	6.28318531	8.35226186	8.32522053	
11.68124	6.30149999	6.28318531	8.35226186	8.32522053	
11.69193	6.30149999	6.28318531	8.35226186	8.32522053	
11.70159	6.30149999	6.28318531	8.35226186	8.32522053	
11.71179	6.30149999	6.28318531	8.35226186	8.32522053	
11.72184	6.30149999	6.28318531	8.35226186	8.32522053	
11.73222	6.30149999	6.28318531	8.35226186	8.32522053	
11.74217	6.30149999	6.28318531	8.35226186	8.32522053	
11.75231	6.30149999	6.28318531	8.35226186	8.32522053	
11.76242	6.30149999	6.28318531	8.35226186	8.32522053	
11.77256	6.30149999	6.28318531	8.35226186	8.32522053	
11.78301	6.30149999	6.28318531	8.35226186	8.32522053	
11.79324	6.30149999	6.28318531	8.35226186	8.32522053	
11.80336	6.30149999	6.28318531	8.35226186	8.33394718	
11.81348	6.30149999	6.28318531	8.35226186	8.33394718	
11.82369	6.30149999	6.28318531	8.35226186	8.32522053	
11.83379	6.30149999	6.28318531	8.35226186	8.32522053	
11.84396	6.30149999	6.28318531	8.35226186	8.32522053	
11.85415	6.30149999	6.28318531	8.35226186	8.32522053	
11.86429	6.30149999	6.28318531	8.35226186	8.32522053	
11.87443	6.30149999	6.28318531	8.35226186	8.32522053	
11.88458	6.30149999	6.28318531	8.35226186	8.32522053	
11.89491	6.30149999	6.28318531	8.35226186	8.32522053	
11.905	6.30149999	6.28318531	8.35226186	8.32522053	
11.91513	6.30149999	6.28318531	8.35226186	8.32522053	
11.92531	6.30149999	6.28318531	8.35226186	8.32522053	
11.9355	6.30149999	6.28318531	8.35226186	8.32522053	
11.94562	6.30149999	6.28318531	8.35226186	8.32522053	
11.95576	6.30149999	6.28318531	8.35226186	8.32522053	
11.96729	6.30149999	6.28318531	8.35226186	8.32522053	
11.97611	6.30149999	6.28318531	8.35226186	8.32522053	
11.98624	6.30149999	6.28318531	8.35226186	8.32522053	
11.9964	6.30149999	6.28318531	8.35226186	8.32522053	
12.00659	6.30149999	6.28318531	8.35226186	8.32522053	
12.01678	6.30149999	6.28318531	8.35226186	8.32522053	
12.02688	6.30149999	6.28318531	8.35226186	8.32522053	
12.03702	6.30149999	6.28318531	8.35226186	8.32522053	
12.04727	6.30149999	6.28318531	8.35226186	8.32522053	
12.05735	6.30149999	6.28318531	8.35226186	8.32522053	
12.06754	6.30149999	6.28318531	8.35226186	8.32522053	
12.07766	6.30149999	6.28318531	8.35226186	8.32522053	
12.08787	6.30149999	6.28318531	8.35226186	8.32522053	
12.09802	6.30149999	6.28318531	8.35226186	8.32522053	
12.10833	6.30149999	6.28318531	8.35226186	8.32522053	
12.11838	6.30149999	6.28318531	8.35226186	8.32522053	
12.12851	6.30149999	6.28318531	8.35226186	8.32522053	
12.13871	6.30149999	6.28318531	8.35226186	8.32522053	
12.14892	6.30149999	6.28318531	8.35226186	8.33394718	
12.15905	6.30149999	6.28318531	8.35226186	8.33394718	
12.16919	6.30149999	6.28318531	8.35226186	8.32522053	
12.17934	6.30149999	6.28318531	8.35226186	8.32522053	
12.18947	6.30149999	6.28318531	8.35226186	8.32522053	
12.19968	6.30149999	6.28318531	8.35226186	8.32522053	
12.2098	6.30149999	6.28318531	8.35226186	8.32522053	
12.22	6.30149999	6.28318531	8.35226186	8.32522053	
12.23013	6.30149999	6.28318531	8.35226186	8.32522053	
12.24026	6.30149999	6.28318531	8.35226186	8.32522053	
12.25039	6.30149999	6.28318531	8.35226186	8.32522053	
12.26052	6.30149999	6.28318531	8.35226186	8.32522053	
12.2707	6.30149999	6.28318531	8.35226186	8.32522053	
12.28093	6.30149999	6.28318531	8.35226186	8.32522053	
12.29102	6.30149999	6.28318531	8.35226186	8.32522053	
12.30116	6.30149999	6.28318531	8.35226186	8.32522053	
12.3194	6.30149999	6.28318531	8.35226186	8.32522053	
12.32392	6.30149999	6.28318531	8.35226186	8.32522053	
12.33409	6.30149999	6.28318531	8.35226186	8.32522053	
12.34425	6.30149999	6.28318531	8.35226186	8.32522053	
12.35439	6.30149999	6.28318531	8.35226186	8.32522053	
12.36455	6.30149999	6.28318531	8.35226186	8.32522053	
12.37471	6.30149999	6.28318531	8.35226186	8.32522053	
12.38496	6.30149999	6.28318531	8.35226186	8.32522053	
12.39508	6.30149999	6.28318531	8.35226186	8.32522053	
12.40523	6.30149999	6.28318531	8.35226186	8.32522053	
12.41548	6.30149999	6.28318531	8.35226186	8.32522053	
12.42555	6.30149999	6.28318531	8.35226186	8.32522053	
12.43579	6.30149999	6.28318531	8.35226186	8.32522053	
12.44584	6.30149999	6.28318531	8.35226186	8.32522053	
12.46516	6.30149999	6.28318531	8.35226186	8.32522053	
12.4697	6.30149999	6.28318531	8.35226186	8.32522053	
12.47987	6.30149999	6.28318531	8.35226186	8.33394718	
12.49002	6.30149999	6.28318531	8.35226186	8.33394718	
12.50016	6.30149999	6.28318531	8.35226186	8.32522053	
12.51035	6.30149999	6.28318531	8.35226186	8.32522053	
12.52046	6.30149999	6.28318531	8.35226186	8.32522053	
12.53061	6.30149999	6.28318531	8.35226186	8.32522053	
12.54075	6.30149999	6.28318531	8.35226186	8.32522053	
12.55093	6.30149999	6.28318531	8.35226186	8.32522053	
12.56109	6.30149999	6.28318531	8.35226186	8.32522053	
12.57121	6.30149999	6.28318531	8.35226186	8.32522053	
12.58925	6.30149999	6.28318531	8.35226186	8.32522053	
12.59379	6.30149999	6.28318531	8.35226186	8.32522053	
12.60392	6.30149999	6.28318531	8.35226186	8.32522053	
12.61417	6.30149999	6.28318531	8.35226186	8.32522053	
12.62429	6.30149999	6.28318531	8.35226186	8.32522053	
12.63445	6.30149999	6.28318531	8.35226186	8.32522053	
12.6446	6.30149999	6.28318531	8.35226186	8.32522053	
12.6549	6.30149999	6.28318531	8.35226186	8.32522053	
12.66506	6.30149999	6.28318531	8.35226186	8.32522053	
12.67521	6.30149999	6.28318531	8.35226186	8.32522053	
12.68536	6.30149999	6.28318531	8.35226186	8.32522053	
12.69557	6.30149999	6.28318531	8.35226186	8.32522053	
12.70568	6.30149999	6.28318531	8.35226186	8.32522053	
12.71583	6.30149999	6.28318531	8.35226186	8.32522053	
12.72613	6.30149999	6.28318531	8.35226186	8.32522053	
12.73625	6.30149999	6.28318531	8.35226186	8.32522053	
12.74641	6.30149999	6.28318531	8.35226186	8.32522053	
12.75657	6.30149999	6.28318531	8.35226186	8.32522053	
12.76673	6.30149999	6.28318531	8.35226186	8.32522053	
12.77695	6.30149999	6.28318531	8.35226186	8.32522053	
12.78775	6.30149999	6.28318531	8.35226186	8.33394718	
12.79718	6.30149999	6.28318531	8.35226186	8.33394718	
12.80736	6.30149999	6.28318531	8.35226186	8.32522053	
12.81744	6.30149999	6.28318531	8.35226186	8.32522053	
12.8276	6.30149999	6.28318531	8.35226186	8.32522053	
12.83786	6.30149999	6.28318531	8.35226186	8.32522053	
12.84798	6.30149999	6.28318531	8.35226186	8.32522053	
12.85812	6.30149999	6.28318531	8.35226186	8.32522053	
12.86828	6.30149999	6.28318531	8.35226186	8.32522053	
12.87839	6.30149999	6.28318531	8.35226186	8.32522053	
12.88859	6.30149999	6.28318531	8.35226186	8.32522053	
12.89873	6.30149999	6.28318531	8.35226186	8.32522053	
12.90891	6.30149999	6.28318531	8.35226186	8.32522053	
12.91905	6.30149999	6.28318531	8.35226186	8.32522053	
12.92932	6.30149999	6.28318531	8.35226186	8.32522053	
12.93936	6.30149999	6.28318531	8.35226186	8.32522053	
12.9495	6.30149999	6.28318531	8.35226186	8.32522053	
12.95969	6.30149999	6.28318531	8.35226186	8.32522053	
12.97907	6.30149999	6.28318531	8.35226186	8.32522053	
12.98366	6.30149999	6.28318531	8.35226186	8.32522053	
12.99376	6.30149999	6.28318531	8.35226186	8.32522053	
13.00395	6.30149999	6.28318531	8.35226186	8.32522053	
13.01413	6.30149999	6.28318531	8.35226186	8.32522053	
13.02425	6.30149999	6.28318531	8.35226186	8.32522053	
13.03441	6.30149999	6.28318531	8.35226186	8.32522053	
13.04489	6.30149999	6.28318531	8.35226186	8.32522053	
13.05476	6.30149999	6.28318531	8.35226186	8.32522053	
13.06498	6.30149999	6.28318531	8.35226186	8.32522053	
13.07503	6.30149999	6.28318531	8.35226186	8.32522053	
13.08518	6.30149999	6.28318531	8.35226186	8.32522053	
13.09541	6.30149999	6.28318531	8.35226186	8.33394718	
13.10551	6.30149999	6.28318531	8.35226186	8.33394718	
13.11566	6.30149999	6.28318531	8.35226186	8.32522053	
13.12583	6.30149999	6.28318531	8.35226186	8.32522053	
13.13596	6.30149999	6.28318531	8.35226186	8.32522053	
13.14616	6.30149999	6.28318531	8.35226186	8.32522053	
13.15632	6.30149999	6.28318531	8.35226186	8.32522053	
13.16647	6.30149999	6.28318531	8.35226186	8.32522053	
13.17664	6.30149999	6.28318531	8.35226186	8.32522053	
13.18678	6.30149999	6.28318531	8.35226186	8.32522053	
13.19693	6.30149999	6.28318531	8.35226186	8.32522053	
13.20711	6.30149999	6.28318531	8.35226186	8.32522053	
13.21725	6.30149999	6.28318531	8.35226186	8.32522053	
13.2274	6.30149999	6.28318531	8.35226186	8.32522053	
13.23755	6.30149999	6.28318531	8.35226186	8.32522053	
13.24777	6.30149999	6.28318531	8.35226186	8.32522053	
13.2579	6.30149999	6.28318531	8.35226186	8.32522053	
13.26803	6.30149999	6.28318531	8.35226186	8.32522053	
13.27824	6.30149999	6.28318531	8.35226186	8.32522053	
13.28836	6.30149999	6.28318531	8.35226186	8.32522053	
13.29847	6.30149999	6.28318531	8.35226186	8.32522053	
13.30867	6.30149999	6.28318531	8.35226186	8.32522053	
13.31888	6.30149999	6.28318531	8.35226186	8.32522053	
13.329	6.30149999	6.28318531	8.35226186	8.32522053	
13.33923	6.30149999	6.28318531	8.35226186	8.32522053	
13.34939	6.30149999	6.28318531	8.35226186	8.32522053	
13.35978	6.30149999	6.28318531	8.35226186	8.32522053	
13.36973	6.30149999	6.28318531	8.35226186	8.32522053	
13.37986	6.30149999	6.28318531	8.35226186	8.32522053	
13.39006	6.30149999	6.28318531	8.35226186	8.32522053	
13.40022	6.30149999	6.28318531	8.35226186	8.33394718	
13.41032	6.30149999	6.28318531	8.35226186	8.33394718	
13.42045	6.30149999	6.28318531	8.35226186	8.32522053	
13.43061	6.30149999	6.28318531	8.35226186	8.32522053	
13.44076	6.30149999	6.28318531	8.35226186	8.32522053	
13.45091	6.30149999	6.28318531	8.35226186	8.32522053	
13.46134	6.30149999	6.28318531	8.35226186	8.32522053	
13.47122	6.30149999	6.28318531	8.35226186	8.32522053	
13.48142	6.30149999	6.28318531	8.35226186	8.32522053	
13.49151	6.30149999	6.28318531	8.35226186	8.32522053	
13.50168	6.30149999	6.28318531	8.35226186	8.32522053	
13.51214	6.30149999	6.28318531	8.35226186	8.32522053	
13.52196	6.30149999	6.28318531	8.35226186	8.32522053	
13.53205	6.30149999	6.28318531	8.35226186	8.32522053	
13.5423	6.30149999	6.28318531	8.35226186	8.32522053	
13.55237	6.30149999	6.28318531	8.35226186	8.32522053	
13.56256	6.30149999	6.28318531	8.35226186	8.32522053	
13.57265	6.30149999	6.28318531	8.35226186	8.32522053	
13.59074	6.30149999	6.28318531	8.35226186	8.32522053	
13.59527	6.30149999	6.28318531	8.35226186	8.32522053	
13.60544	6.30149999	6.28318531	8.35226186	8.32522053	
13.61567	6.30149999	6.28318531	8.35226186	8.32522053	
13.62573	6.30149999	6.28318531	8.35226186	8.32522053	
13.63589	6.30149999	6.28318531	8.35226186	8.32522053	
13.64608	6.30149999	6.28318531	8.35226186	8.32522053	
13.65623	6.30149999	6.28318531	8.35226186	8.32522053	
13.66638	6.30149999	6.28318531	8.35226186	8.32522053	
13.67654	6.30149999	6.28318531	8.35226186	8.32522053	
13.68671	6.30149999	6.28318531	8.35226186	8.32522053	
13.69691	6.30149999	6.28318531	8.35226186	8.32522053	
13.70702	6.30149999	6.28318531	8.35226186	8.33394718	
13.71717	6.30149999	6.28318531	8.35226186	8.33394718	
13.72734	6.30149999	6.28318531	8.35226186	8.32522053	
13.73745	6.30149999	6.28318531	8.35226186	8.32522053	
13.74766	6.30149999	6.28318531	8.35226186	8.32522053	
13.75779	6.30149999	6.28318531	8.35226186	8.32522053	
13.76793	6.30149999	6.28318531	8.35226186	8.32522053	
13.77815	6.30149999	6.28318531	8.35226186	8.32522053	
13.789	6.30149999	6.28318531	8.35226186	8.32522053	
13.79843	6.30149999	6.28318531	8.35226186	8.32522053	
13.80854	6.30149999	6.28318531	8.35226186	8.32522053	
13.81867	6.30149999	6.28318531	8.35226186	8.32522053	
13.82887	6.30149999	6.28318531	8.35226186	8.32522053	
13.83903	6.30149999	6.28318531	8.35226186	8.32522053	
13.84919	6.30149999	6.28318531	8.35226186	8.32522053	
13.85935	6.30149999	6.28318531	8.35226186	8.32522053	
13.86947	6.30149999	6.28318531	8.35226186	8.32522053	
13.87972	6.30149999	6.28318531	8.35226186	8.32522053	
13.88981	6.30149999	6.28318531	8.35226186	8.32522053	
13.89998	6.30149999	6.28318531	8.35226186	8.32522053	
13.91017	6.30149999	6.28318531	8.35226186	8.32522053	
13.92057	6.30149999	6.28318531	8.35226186	8.32522053	
13.93038	6.30149999	6.28318531	8.35226186	8.32522053	
13.94058	6.30149999	6.28318531	8.35226186	8.32522053	
13.95076	6.30149999	6.28318531	8.35226186	8.32522053	
13.96093	6.30149999	6.28318531	8.35226186	8.32522053	
13.97256	6.30149999	6.28318531	8.35226186	8.32522053	
13.9812	6.30149999	6.28318531	8.35226186	8.32522053	
13.99933	6.30149999	6.28318531	8.35226186	8.32522053	
14.00387	6.30149999	6.28318531	8.35226186	8.32522053	
14.01407	6.30149999	6.28318531	8.35226186	8.32522053	
14.02421	6.30149999	6.28318531	8.35226186	8.33394718	
14.03434	6.30149999	6.28318531	8.35226186	8.33394718	
14.04453	6.30149999	6.28318531	8.35226186	8.32522053	
14.05473	6.30149999	6.28318531	8.35226186	8.32522053	
14.06493	6.30149999	6.28318531	8.35226186	8.32522053	
14.07501	6.30149999	6.28318531	8.35226186	8.32522053	
14.08519	6.30149999	6.28318531	8.35226186	8.32522053	
14.09544	6.30149999	6.28318531	8.35226186	8.32522053	
14.10552	6.30149999	6.28318531	8.35226186	8.32522053	
14.11568	6.30149999	6.28318531	8.35226186	8.32522053	
14.12583	6.30149999	6.28318531	8.35226186	8.32522053	
14.13597	6.30149999	6.28318531	8.35226186	8.32522053	
14.14617	6.30149999	6.28318531	8.35226186	8.32522053	
14.15631	6.30149999	6.28318531	8.35226186	8.32522053	
14.16649	6.30149999	6.28318531	8.35226186	8.32522053	
14.17665	6.30149999	6.28318531	8.35226186	8.32522053	
14.18679	6.30149999	6.28318531	8.35226186	8.32522053	
14.19702	6.30149999	6.28318531	8.35226186	8.32522053	
14.20716	6.30149999	6.28318531	8.35226186	8.32522053	
14.2173	6.30149999	6.28318531	8.35226186	8.32522053	
14.22745	6.30149999	6.28318531	8.35226186	8.32522053	
14.23756	6.30149999	6.28318531	8.35226186	8.32522053	
14.24782	6.30149999	6.28318531	8.35226186	8.32522053	
14.25791	6.30149999	6.28318531	8.35226186	8.32522053	
14.26807	6.30149999	6.28318531	8.35226186	8.32522053	
14.27825	6.30149999	6.28318531	8.35226186	8.32522053	
14.28833	6.30149999	6.28318531	8.35226186	8.32522053	
14.29853	6.30149999	6.28318531	8.35226186	8.32522053	
14.30868	6.30149999	6.28318531	8.35226186	8.32522053	
14.31886	6.30149999	6.28318531	8.35226186	8.32522053	
14.32902	6.30149999	6.28318531	8.35226186	8.32522053	
14.3391	6.30149999	6.28318531	8.35226186	8.33394718	
14.34928	6.30149999	6.28318531	8.35226186	8.33394718	
14.35949	6.30149999	6.28318531	8.35226186	8.32522053	
14.3696	6.30149999	6.28318531	8.35226186	8.32522053	
14.37973	6.30149999	6.28318531	8.35226186	8.32522053	
14.38987	6.30149999	6.28318531	8.35226186	8.32522053	
14.40035	6.30149999	6.28318531	8.35226186	8.32522053	
14.41022	6.30149999	6.28318531	8.35226186	8.32522053	
14.42035	6.30149999	6.28318531	8.35226186	8.32522053	
14.43051	6.30149999	6.28318531	8.35226186	8.32522053	
14.44081	6.30149999	6.28318531	8.35226186	8.32522053	
14.45268	6.30149999	6.28318531	8.35226186	8.32522053	
14.46113	6.30149999	6.28318531	8.35226186	8.32522053	
14.47125	6.30149999	6.28318531	8.35226186	8.32522053	
14.48149	6.30149999	6.28318531	8.35226186	8.32522053	
14.49155	6.30149999	6.28318531	8.35226186	8.32522053	
14.50211	6.30149999	6.28318531	8.35226186	8.32522053	
14.5119	6.30149999	6.28318531	8.35226186	8.32522053	
14.52201	6.30149999	6.28318531	8.35226186	8.32522053	
14.53211	6.30149999	6.28318531	8.35226186	8.32522053	
14.54233	6.30149999	6.28318531	8.35226186	8.32522053	
14.55245	6.30149999	6.28318531	8.35226186	8.32522053	
14.56259	6.30149999	6.28318531	8.35226186	8.32522053	
14.57271	6.30149999	6.28318531	8.35226186	8.32522053	
14.59077	6.30149999	6.28318531	8.35226186	8.32522053	
14.59531	6.30149999	6.28318531	8.35226186	8.32522053	
14.60543	6.30149999	6.28318531	8.35226186	8.32522053	
14.61572	6.30149999	6.28318531	8.35226186	8.32522053	
14.62578	6.30149999	6.28318531	8.35226186	8.32522053	
14.63592	6.30149999	6.28318531	8.35226186	8.32522053	
14.64613	6.30149999	6.28318531	8.35226186	8.33394718	
14.65623	6.30149999	6.28318531	8.35226186	8.33394718	
14.66641	6.30149999	6.28318531	8.35226186	8.32522053	
14.67655	6.30149999	6.28318531	8.35226186	8.32522053	
14.68672	6.30149999	6.28318531	8.35226186	8.32522053	
14.69688	6.30149999	6.28318531	8.35226186	8.32522053	
14.70699	6.30149999	6.28318531	8.35226186	8.32522053	
14.71721	6.30149999	6.28318531	8.35226186	8.32522053	
14.72735	6.30149999	6.28318531	8.35226186	8.32522053	
14.73746	6.30149999	6.28318531	8.35226186	8.32522053	
14.74765	6.30149999	6.28318531	8.35226186	8.32522053	
14.75779	6.30149999	6.28318531	8.35226186	8.32522053	
14.76797	6.30149999	6.28318531	8.35226186	8.32522053	
14.77812	6.30149999	6.28318531	8.35226186	8.32522053	
14.78908	6.30149999	6.28318531	8.35226186	8.32522053	
14.79842	6.30149999	6.28318531	8.35226186	8.32522053	
14.80855	6.30149999	6.28318531	8.35226186	8.32522053	
14.8187	6.30149999	6.28318531	8.35226186	8.32522053	
14.82889	6.30149999	6.28318531	8.35226186	8.32522053	
14.83905	6.30149999	6.28318531	8.35226186	8.32522053	
14.84925	6.30149999	6.28318531	8.35226186	8.32522053	
14.85938	6.30149999	6.28318531	8.35226186	8.32522053	
14.8695	6.30149999	6.28318531	8.35226186	8.32522053	
14.87973	6.30149999	6.28318531	8.35226186	8.32522053	
14.8898	6.30149999	6.28318531	8.35226186	8.32522053	
14.9	6.30149999	6.28318531	8.35226186	8.32522053	
14.91017	6.30149999	6.28318531	8.35226186	8.32522053	
14.92025	6.30149999	6.28318531	8.35226186	8.32522053	
14.93039	6.30149999	6.28318531	8.35226186	8.32522053	
14.94057	6.30149999	6.28318531	8.35226186	8.32522053	
14.95068	6.30149999	6.28318531	8.35226186	8.32522053	
14.96085	6.30149999	6.28318531	8.35226186	8.33394718	
14.97124	6.30149999	6.28318531	8.35226186	8.33394718	
14.98119	6.30149999	6.28318531	8.35226186	8.32522053	
14.99138	6.30149999	6.28318531	8.35226186	8.32522053	
15.00152	6.30149999	6.28318531	8.35226186	8.32522053	
15.01162	6.30149999	6.28318531	8.35226186	8.32522053	
15.02175	6.30149999	6.28318531	8.35226186	8.32522053	
15.03195	6.30149999	6.28318531	8.35226186	8.32522053	
15.04206	6.30149999	6.28318531	8.35226186	8.32522053	
15.0522	6.30149999	6.28318531	8.35226186	8.32522053	
15.06239	6.30149999	6.28318531	8.35226186	8.32522053	
15.07246	6.30149999	6.28318531	8.35226186	8.32522053	
15.08266	6.30149999	6.28318531	8.35226186	8.32522053	
15.09287	6.30149999	6.28318531	8.35226186	8.32522053	
15.10302	6.30149999	6.28318531	8.35226186	8.32522053	
15.11325	6.30149999	6.28318531	8.35226186	8.32522053	
15.12336	6.30149999	6.28318531	8.35226186	8.32522053	
15.13349	6.30149999	6.28318531	8.35226186	8.32522053	
15.14375	6.30149999	6.28318531	8.35226186	8.32522053	
15.15384	6.30149999	6.28318531	8.35226186	8.32522053	
15.16399	6.30149999	6.28318531	8.35226186	8.32522053	
15.17421	6.30149999	6.28318531	8.35226186	8.32522053	
15.18433	6.30149999	6.28318531	8.35226186	8.32522053	
15.19448	6.30149999	6.28318531	8.35226186	8.32522053	
15.20461	6.30149999	6.28318531	8.35226186	8.32522053	
15.21481	6.30149999	6.28318531	8.35226186	8.32522053	
15.22501	6.30149999	6.28318531	8.35226186	8.32522053	
15.23511	6.30149999	6.28318531	8.35226186	8.32522053	
15.2453	6.30149999	6.28318531	8.35226186	8.32522053	
15.25547	6.30149999	6.28318531	8.35226186	8.32522053	
15.26561	6.30149999	6.28318531	8.35226186	8.33394718	
15.27751	6.30149999	6.28318531	8.35226186	8.33394718	
15.28766	6.30149999	6.28318531	8.35226186	8.32522053	
15.29772	6.30149999	6.28318531	8.35226186	8.32522053	
15.30787	6.30149999	6.28318531	8.35226186	8.32522053	
15.31809	6.30149999	6.28318531	8.35226186	8.32522053	
15.32818	6.30149999	6.28318531	8.35226186	8.32522053	
15.33832	6.30149999	6.28318531	8.35226186	8.32522053	
15.34853	6.30149999	6.28318531	8.35226186	8.32522053	
15.35867	6.30149999	6.28318531	8.35226186	8.32522053	
15.36886	6.30149999	6.28318531	8.35226186	8.32522053	
15.37899	6.30149999	6.28318531	8.35226186	8.32522053	
15.38915	6.30149999	6.28318531	8.35226186	8.32522053	
15.39928	6.30149999	6.28318531	8.35226186	8.32522053	
15.40943	6.30149999	6.28318531	8.35226186	8.32522053	
15.41956	6.30149999	6.28318531	8.35226186	8.32522053	
15.4297	6.30149999	6.28318531	8.35226186	8.32522053	
15.43991	6.30149999	6.28318531	8.35226186	8.32522053	
15.45002	6.30149999	6.28318531	8.35226186	8.32522053	
15.46015	6.30149999	6.28318531	8.35226186	8.32522053	
15.47035	6.30149999	6.28318531	8.35226186	8.32522053	
15.48046	6.30149999	6.28318531	8.35226186	8.32522053	
15.4906	6.30149999	6.28318531	8.35226186	8.32522053	
15.50074	6.30149999	6.28318531	8.35226186	8.32522053	
15.51098	6.30149999	6.28318531	8.35226186	8.32522053	
15.52905	6.30149999	6.28318531	8.35226186	8.32522053	
15.53355	6.30149999	6.28318531	8.35226186	8.32522053	
15.54382	6.30149999	6.28318531	8.35226186	8.32522053	
15.55393	6.30149999	6.28318531	8.35226186	8.32522053	
15.56404	6.30149999	6.28318531	8.35226186	8.32522053	
15.57421	6.30149999	6.28318531	8.35226186	8.33394718	
15.58436	6.30149999	6.28318531	8.35226186	8.33394718	
15.59447	6.30149999	6.28318531	8.35226186	8.32522053	
15.6047	6.30149999	6.28318531	8.35226186	8.32522053	
15.6149	6.30149999	6.28318531	8.35226186	8.32522053	
15.62507	6.30149999	6.28318531	8.35226186	8.32522053	
15.63517	6.30149999	6.28318531	8.35226186	8.32522053	
15.6453	6.30149999	6.28318531	8.35226186	8.32522053	
15.65569	6.30149999	6.28318531	8.35226186	8.32522053	
15.66566	6.30149999	6.28318531	8.35226186	8.32522053	
15.67578	6.30149999	6.28318531	8.35226186	8.32522053	
15.68596	6.30149999	6.28318531	8.35226186	8.32522053	
15.69613	6.30149999	6.28318531	8.35226186	8.32522053	
15.70628	6.30149999	6.28318531	8.35226186	8.32522053	
15.71643	6.30149999	6.28318531	8.35226186	8.32522053	
15.72663	6.30149999	6.28318531	8.35226186	8.32522053	
15.73673	6.30149999	6.28318531	8.35226186	8.32522053	
15.74691	6.30149999	6.28318531	8.35226186	8.32522053	
15.75706	6.30149999	6.28318531	8.35226186	8.32522053	
15.76724	6.30149999	6.28318531	8.35226186	8.32522053	
15.77741	6.30149999	6.28318531	8.35226186	8.32522053	
15.78756	6.30149999	6.28318531	8.35226186	8.32522053	
15.79773	6.30149999	6.28318531	8.35226186	8.32522053	
15.8079	6.30149999	6.28318531	8.35226186	8.32522053	
15.81801	6.30149999	6.28318531	8.35226186	8.32522053	
15.82813	6.30149999	6.28318531	8.35226186	8.32522053	
15.83838	6.30149999	6.28318531	8.35226186	8.32522053	
15.84847	6.30149999	6.28318531	8.35226186	8.32522053	
15.85874	6.30149999	6.28318531	8.35226186	8.32522053	
15.86885	6.30149999	6.28318531	8.35226186	8.32522053	
15.87899	6.30149999	6.28318531	8.35226186	8.33394718	
15.88921	6.30149999	6.28318531	8.35226186	8.33394718	
15.89927	6.30149999	6.28318531	8.35226186	8.32522053	
15.90942	6.30149999	6.28318531	8.35226186	8.32522053	
15.91963	6.30149999	6.28318531	8.35226186	8.32522053	
15.92973	6.30149999	6.28318531	8.35226186	8.32522053	
15.94014	6.30149999	6.28318531	8.35226186	8.32522053	
15.95002	6.30149999	6.28318531	8.35226186	8.32522053	
15.96023	6.30149999	6.28318531	8.35226186	8.32522053	
15.97034	6.30149999	6.28318531	8.35226186	8.32522053	
15.98049	6.30149999	6.28318531	8.35226186	8.32522053	
15.99064	6.30149999	6.28318531	8.35226186	8.32522053	
16.00077	6.30149999	6.28318531	8.35226186	8.32522053	
16.01091	6.30149999	6.28318531	8.35226186	8.32522053	
16.02106	6.30149999	6.28318531	8.35226186	8.32522053	
16.03127	6.30149999	6.28318531	8.35226186	8.32522053	
16.04148	6.30149999	6.28318531	8.35226186	8.32522053	
16.05159	6.30149999	6.28318531	8.35226186	8.32522053	
16.06173	6.30149999	6.28318531	8.35226186	8.32522053	
16.07187	6.30149999	6.28318531	8.35226186	8.32522053	
16.08201	6.30149999	6.28318531	8.35226186	8.32522053	
16.09215	6.30149999	6.28318531	8.35226186	8.32522053	
16.10238	6.30149999	6.28318531	8.35226186	8.32522053	
16.11245	6.30149999	6.28318531	8.35226186	8.32522053	
16.12259	6.30149999	6.28318531	8.35226186	8.32522053	
16.1327	6.30149999	6.28318531	8.35226186	8.32522053	
16.15084	6.30149999	6.28318531	8.35226186	8.32522053	
16.1554	6.30149999	6.28318531	8.35226186	8.32522053	
16.16556	6.30149999	6.28318531	8.35226186	8.32522053	
16.17596	6.30149999	6.28318531	8.35226186	8.33394718	
16.1859	6.30149999	6.28318531	8.35226186	8.33394718	
16.19604	6.30149999	6.28318531	8.35226186	8.32522053	
16.20621	6.30149999	6.28318531	8.35226186	8.32522053	
16.21638	6.30149999	6.28318531	8.35226186	8.32522053	
16.22654	6.30149999	6.28318531	8.35226186	8.32522053	
16.23667	6.30149999	6.28318531	8.35226186	8.32522053	
16.24686	6.30149999	6.28318531	8.35226186	8.32522053	
16.25701	6.30149999	6.28318531	8.35226186	8.32522053	
16.26715	6.30149999	6.28318531	8.35226186	8.32522053	
16.27733	6.30149999	6.28318531	8.35226186	8.32522053	
16.2875	6.30149999	6.28318531	8.35226186	8.32522053	
16.29763	6.30149999	6.28318531	8.35226186	8.32522053	
16.30778	6.30149999	6.28318531	8.35226186	8.32522053	
16.31792	6.30149999	6.28318531	8.35226186	8.32522053	
16.32812	6.30149999	6.28318531	8.35226186	8.32522053	
16.33821	6.30149999	6.28318531	8.35226186	8.32522053	
16.3484	6.30149999	6.28318531	8.35226186	8.32522053	
16.35865	6.30149999	6.28318531	8.35226186	8.32522053	
16.36877	6.30149999	6.28318531	8.35226186	8.32522053	
16.37892	6.30149999	6.28318531	8.35226186	8.32522053	
16.38909	6.30149999	6.28318531	8.35226186	8.32522053	
16.39926	6.30149999	6.28318531	8.35226186	8.32522053	
16.40943	6.30149999	6.28318531	8.35226186	8.32522053	
16.41958	6.30149999	6.28318531	8.35226186	8.32522053	
16.42968	6.30149999	6.28318531	8.35226186	8.32522053	
16.44016	6.30149999	6.28318531	8.35226186	8.32522053	
16.45096	6.30149999	6.28318531	8.35226186	8.32522053	
16.46014	6.30149999	6.28318531	8.35226186	8.32522053	
16.47032	6.30149999	6.28318531	8.35226186	8.32522053	
16.48044	6.30149999	6.28318531	8.35226186	8.33394718	
16.4906	6.30149999	6.28318531	8.35226186	8.33394718	
16.50072	6.30149999	6.28318531	8.35226186	8.32522053	
16.51089	6.30149999	6.28318531	8.35226186	8.32522053	
16.52103	6.30149999	6.28318531	8.35226186	8.32522053	
16.53116	6.30149999	6.28318531	8.35226186	8.32522053	
16.54932	6.30149999	6.28318531	8.35226186	8.32522053	
16.55389	6.30149999	6.28318531	8.35226186	8.32522053	
16.56404	6.30149999	6.28318531	8.35226186	8.32522053	
16.57416	6.30149999	6.28318531	8.35226186	8.32522053	
16.58434	6.30149999	6.28318531	8.35226186	8.32522053	
16.59448	6.30149999	6.28318531	8.35226186	8.32522053	
16.60462	6.30149999	6.28318531	8.35226186	8.32522053	
16.61494	6.30149999	6.28318531	8.35226186	8.32522053	
16.62497	6.30149999	6.28318531	8.35226186	8.32522053	
16.63512	6.30149999	6.28318531	8.35226186	8.32522053	
16.64524	6.30149999	6.28318531	8.35226186	8.32522053	
16.65546	6.30149999	6.28318531	8.35226186	8.32522053	
16.66557	6.30149999	6.28318531	8.35226186	8.32522053	
16.67575	6.30149999	6.28318531	8.35226186	8.32522053	
16.68589	6.30149999	6.28318531	8.35226186	8.32522053	
16.69647	6.30149999	6.28318531	8.35226186	8.32522053	
16.70665	6.30149999	6.28318531	8.35226186	8.32522053	
16.71677	6.30149999	6.28318531	8.35226186	8.32522053	
16.72694	6.30149999	6.28318531	8.35226186	8.32522053	
16.73707	6.30149999	6.28318531	8.35226186	8.32522053	
16.74727	6.30149999	6.28318531	8.35226186	8.32522053	
16.75741	6.30149999	6.28318531	8.35226186	8.32522053	
16.76754	6.30149999	6.28318531	8.35226186	8.33394718	
16.77773	6.30149999	6.28318531	8.35226186	8.33394718	
16.78783	6.30149999	6.28318531	8.35226186	8.32522053	
16.79805	6.30149999	6.28318531	8.35226186	8.32522053	
16.80821	6.30149999	6.28318531	8.35226186	8.32522053	
16.81832	6.30149999	6.28318531	8.35226186	8.32522053	
16.82846	6.30149999	6.28318531	8.35226186	8.32522053	
16.8387	6.30149999	6.28318531	8.35226186	8.32522053	
16.84887	6.30149999	6.28318531	8.35226186	8.32522053	
16.85897	6.30149999	6.28318531	8.35226186	8.32522053	
16.86912	6.30149999	6.28318531	8.35226186	8.32522053	
16.87927	6.30149999	6.28318531	8.35226186	8.32522053	
16.88946	6.30149999	6.28318531	8.35226186	8.32522053	
16.89958	6.30149999	6.28318531	8.35226186	8.32522053	
16.91007	6.30149999	6.28318531	8.35226186	8.32522053	
16.92002	6.30149999	6.28318531	8.35226186	8.32522053	
16.93003	6.30149999	6.28318531	8.35226186	8.32522053	
16.94034	6.30149999	6.28318531	8.35226186	8.32522053	
16.95069	6.30149999	6.28318531	8.35226186	8.32522053	
16.96048	6.30149999	6.28318531	8.35226186	8.32522053	
16.97061	6.30149999	6.28318531	8.35226186	8.32522053	
16.9894	6.30149999	6.28318531	8.35226186	8.32522053	
16.99393	6.30149999	6.28318531	8.35226186	8.32522053	
17.00413	6.30149999	6.28318531	8.35226186	8.32522053	
17.01438	6.30149999	6.28318531	8.35226186	8.32522053	
17.02446	6.30149999	6.28318531	8.35226186	8.32522053	
17.03461	6.30149999	6.28318531	8.35226186	8.32522053	
17.04476	6.30149999	6.28318531	8.35226186	8.32522053	
17.05494	6.30149999	6.28318531	8.35226186	8.33394718	
17.0651	6.30149999	6.28318531	8.35226186	8.33394718	
17.07521	6.30149999	6.28318531	8.35226186	8.32522053	
17.08541	6.30149999	6.28318531	8.35226186	8.32522053	
17.09557	6.30149999	6.28318531	8.35226186	8.32522053	
17.10572	6.30149999	6.28318531	8.35226186	8.32522053	
17.11588	6.30149999	6.28318531	8.35226186	8.32522053	
17.12604	6.30149999	6.28318531	8.35226186	8.32522053	
17.13621	6.30149999	6.28318531	8.35226186	8.32522053	
17.14636	6.30149999	6.28318531	8.35226186	8.32522053	
17.1565	6.30149999	6.28318531	8.35226186	8.32522053	
17.16667	6.30149999	6.28318531	8.35226186	8.32522053	
17.17684	6.30149999	6.28318531	8.35226186	8.32522053	
17.18698	6.30149999	6.28318531	8.35226186	8.32522053	
17.19713	6.30149999	6.28318531	8.35226186	8.32522053	
17.20732	6.30149999	6.28318531	8.35226186	8.32522053	
17.21749	6.30149999	6.28318531	8.35226186	8.32522053	
17.22763	6.30149999	6.28318531	8.35226186	8.32522053	
17.23778	6.30149999	6.28318531	8.35226186	8.32522053	
17.248	6.30149999	6.28318531	8.35226186	8.32522053	
17.25812	6.30149999	6.28318531	8.35226186	8.32522053	
17.26826	6.30149999	6.28318531	8.35226186	8.32522053	
17.27843	6.30149999	6.28318531	8.35226186	8.32522053	
17.28856	6.30149999	6.28318531	8.35226186	8.32522053	
17.29871	6.30149999	6.28318531	8.35226186	8.32522053	
17.30888	6.30149999	6.28318531	8.35226186	8.32522053	
17.31902	6.30149999	6.28318531	8.35226186	8.32522053	
17.3292	6.30149999	6.28318531	8.35226186	8.32522053	
17.3393	6.30149999	6.28318531	8.35226186	8.32522053	
17.34948	6.30149999	6.28318531	8.35226186	8.32522053	
17.35964	6.30149999	6.28318531	8.35226186	8.33394718	
17.36973	6.30149999	6.28318531	8.35226186	8.33394718	
17.37998	6.30149999	6.28318531	8.35226186	8.32522053	
17.39007	6.30149999	6.28318531	8.35226186	8.32522053	
17.40028	6.30149999	6.28318531	8.35226186	8.32522053	
17.41038	6.30149999	6.28318531	8.35226186	8.32522053	
17.42069	6.30149999	6.28318531	8.35226186	8.32522053	
17.43069	6.30149999	6.28318531	8.35226186	8.32522053	
17.44102	6.30149999	6.28318531	8.35226186	8.32522053	
17.45098	6.30149999	6.28318531	8.35226186	8.32522053	
17.46112	6.30149999	6.28318531	8.35226186	8.32522053	
17.47133	6.30149999	6.28318531	8.35226186	8.32522053	
17.48154	6.30149999	6.28318531	8.35226186	8.32522053	
17.49161	6.30149999	6.28318531	8.35226186	8.32522053	
17.50176	6.30149999	6.28318531	8.35226186	8.32522053	
17.51198	6.30149999	6.28318531	8.35226186	8.32522053	
17.52204	6.30149999	6.28318531	8.35226186	8.32522053	
17.53216	6.30149999	6.28318531	8.35226186	8.32522053	
17.5424	6.30149999	6.28318531	8.35226186	8.32522053	
17.55251	6.30149999	6.28318531	8.35226186	8.32522053	
17.56264	6.30149999	6.28318531	8.35226186	8.32522053	
17.57282	6.30149999	6.28318531	8.35226186	8.32522053	
17.58303	6.30149999	6.28318531	8.35226186	8.32522053	
17.59318	6.30149999	6.28318531	8.35226186	8.32522053	
17.60335	6.30149999	6.28318531	8.35226186	8.32522053	
17.61362	6.30149999	6.28318531	8.35226186	8.32522053	
17.62367	6.30149999	6.28318531	8.35226186	8.32522053	
17.63381	6.30149999	6.28318531	8.35226186	8.32522053	
17.644	6.30149999	6.28318531	8.35226186	8.33394718	
17.65416	6.30149999	6.28318531	8.35226186	8.33394718	
17.66433	6.30149999	6.28318531	8.35226186	8.32522053	
17.67447	6.30149999	6.28318531	8.35226186	8.32522053	
17.68462	6.30149999	6.28318531	8.35226186	8.32522053	
17.69481	6.30149999	6.28318531	8.35226186	8.32522053	
17.70495	6.30149999	6.28318531	8.35226186	8.32522053	
17.71509	6.30149999	6.28318531	8.35226186	8.32522053	
17.72536	6.30149999	6.28318531	8.35226186	8.32522053	
17.73541	6.30149999	6.28318531	8.35226186	8.32522053	
17.74565	6.30149999	6.28318531	8.35226186	8.32522053	
17.75578	6.30149999	6.28318531	8.35226186	8.32522053	
17.76588	6.30149999	6.28318531	8.35226186	8.32522053	
17.77612	6.30149999	6.28318531	8.35226186	8.32522053	
17.78622	6.30149999	6.28318531	8.35226186	8.32522053	
17.79692	6.30149999	6.28318531	8.35226186	8.32522053	
17.80659	6.30149999	6.28318531	8.35226186	8.32522053	
17.81667	6.30149999	6.28318531	8.35226186	8.32522053	
17.82681	6.30149999	6.28318531	8.35226186	8.32522053	
17.837	6.30149999	6.28318531	8.35226186	8.32522053	
17.84718	6.30149999	6.28318531	8.35226186	8.32522053	
17.86527	6.30149999	6.28318531	8.35226186	8.32522053	
17.8698	6.30149999	6.28318531	8.35226186	8.32522053	
17.88005	6.30149999	6.28318531	8.35226186	8.32522053	
17.89011	6.30149999	6.28318531	8.35226186	8.32522053	
17.90027	6.30149999	6.28318531	8.35226186	8.32522053	
17.91043	6.30149999	6.28318531	8.35226186	8.32522053	
17.92073	6.30149999	6.28318531	8.35226186	8.33394718	
17.93068	6.30149999	6.28318531	8.35226186	8.33394718	
17.94101	6.30149999	6.28318531	8.35226186	8.32522053	
17.951	6.30149999	6.28318531	8.35226186	8.32522053	
17.96117	6.30149999	6.28318531	8.35226186	8.32522053	
17.97136	6.30149999	6.28318531	8.35226186	8.32522053	
17.98282	6.30149999	6.28318531	8.35226186	8.32522053	
17.99162	6.30149999	6.28318531	8.35226186	8.32522053	
18.00174	6.30149999	6.28318531	8.35226186	8.32522053	
18.0119	6.30149999	6.28318531	8.35226186	8.32522053	
18.02203	6.30149999	6.28318531	8.35226186	8.32522053	
18.03223	6.30149999	6.28318531	8.35226186	8.32522053	
18.04233	6.30149999	6.28318531	8.35226186	8.32522053	
18.05248	6.30149999	6.28318531	8.35226186	8.32522053	
18.06271	6.30149999	6.28318531	8.35226186	8.32522053	
18.07283	6.30149999	6.28318531	8.35226186	8.32522053	
18.08301	6.30149999	6.28318531	8.35226186	8.32522053	
18.09317	6.30149999	6.28318531	8.35226186	8.32522053	
18.10333	6.30149999	6.28318531	8.35226186	8.32522053	
18.11357	6.30149999	6.28318531	8.35226186	8.32522053	
18.12369	6.30149999	6.28318531	8.35226186	8.32522053	
18.13382	6.30149999	6.28318531	8.35226186	8.32522053	
18.1441	6.30149999	6.28318531	8.35226186	8.32522053	
18.15416	6.30149999	6.28318531	8.35226186	8.32522053	
18.16435	6.30149999	6.28318531	8.35226186	8.32522053	
18.17451	6.30149999	6.28318531	8.35226186	8.32522053	
18.18466	6.30149999	6.28318531	8.35226186	8.32522053	
18.1948	6.30149999	6.28318531	8.35226186	8.32522053	
18.20492	6.30149999	6.28318531	8.35226186	8.33394718	
18.21512	6.30149999	6.28318531	8.35226186	8.33394718	
18.22532	6.30149999	6.28318531	8.35226186	8.32522053	
18.23544	6.30149999	6.28318531	8.35226186	8.32522053	
18.24558	6.30149999	6.28318531	8.35226186	8.32522053	
18.25573	6.30149999	6.28318531	8.35226186	8.32522053	
18.26593	6.30149999	6.28318531	8.35226186	8.32522053	
18.27608	6.30149999	6.28318531	8.35226186	8.32522053	
18.28622	6.30149999	6.28318531	8.35226186	8.32522053	
18.2964	6.30149999	6.28318531	8.35226186	8.32522053	
18.30652	6.30149999	6.28318531	8.35226186	8.32522053	
18.31672	6.30149999	6.28318531	8.35226186	8.32522053	
18.32686	6.30149999	6.28318531	8.35226186	8.32522053	
18.33696	6.30149999	6.28318531	8.35226186	8.32522053	
18.34717	6.30149999	6.28318531	8.35226186	8.32522053	
18.35728	6.30149999	6.28318531	8.35226186	8.32522053	
18.36747	6.30149999	6.28318531	8.35226186	8.32522053	
18.37769	6.30149999	6.28318531	8.35226186	8.32522053	
18.38781	6.30149999	6.28318531	8.35226186	8.32522053	
18.39795	6.30149999	6.28318531	8.35226186	8.32522053	
18.40816	6.30149999	6.28318531	8.35226186	8.32522053	
18.41825	6.30149999	6.28318531	8.35226186	8.32522053	
18.42845	6.30149999	6.28318531	8.35226186	8.32522053	
18.43862	6.30149999	6.28318531	8.35226186	8.32522053	
18.44871	6.30149999	6.28318531	8.35226186	8.32522053	
18.45893	6.30149999	6.28318531	8.35226186	8.32522053	
18.46924	6.30149999	6.28318531	8.35226186	8.32522053	
18.47925	6.30149999	6.28318531	8.35226186	8.32522053	
18.48946	6.30149999	6.28318531	8.35226186	8.33394718	
18.49952	6.30149999	6.28318531	8.35226186	8.33394718	
18.50966	6.30149999	6.28318531	8.35226186	8.32522053	
18.51987	6.30149999	6.28318531	8.35226186	8.32522053	
18.53001	6.30149999	6.28318531	8.35226186	8.32522053	
18.54012	6.30149999	6.28318531	8.35226186	8.32522053	
18.55026	6.30149999	6.28318531	8.35226186	8.32522053	
18.56042	6.30149999	6.28318531	8.35226186	8.32522053	
18.57053	6.30149999	6.28318531	8.35226186	8.32522053	
18.58067	6.30149999	6.28318531	8.35226186	8.32522053	
18.59087	6.30149999	6.28318531	8.35226186	8.32522053	
18.60098	6.30149999	6.28318531	8.35226186	8.32522053	
18.61113	6.30149999	6.28318531	8.35226186	8.32522053	
18.62139	6.30149999	6.28318531	8.35226186	8.32522053	
18.6315	6.30149999	6.28318531	8.35226186	8.32522053	
18.64162	6.30149999	6.28318531	8.35226186	8.32522053	
18.65191	6.30149999	6.28318531	8.35226186	8.32522053	
18.66188	6.30149999	6.28318531	8.35226186	8.32522053	
18.6721	6.30149999	6.28318531	8.35226186	8.32522053	
18.68218	6.30149999	6.28318531	8.35226186	8.32522053	
18.69232	6.30149999	6.28318531	8.35226186	8.32522053	
18.70251	6.30149999	6.28318531	8.35226186	8.32522053	
18.71263	6.30149999	6.28318531	8.35226186	8.32522053	
18.72283	6.30149999	6.28318531	8.35226186	8.32522053	
18.73295	6.30149999	6.28318531	8.35226186	8.32522053	
18.74313	6.30149999	6.28318531	8.35226186	8.32522053	
18.75328	6.30149999	6.28318531	8.35226186	8.32522053	
18.76339	6.30149999	6.28318531	8.35226186	8.32522053	
18.77358	6.30149999	6.28318531	8.35226186	8.33394718	
18.78375	6.30149999	6.28318531	8.35226186	8.33394718	
18.80055	6.30149999	6.28318531	8.35226186	8.32522053	
18.81074	6.30149999	6.28318531	8.35226186	8.32522053	
18.82098	6.30149999	6.28318531	8.35226186	8.32522053	
