0.0339535	
0.0385353	
0.04893184	
0.0589394	
0.06900295	
0.0793585	
0.08954905	
0.0996246	
0.1098261	
0.1199787	
0.1301313	
0.1403508	
0.1504234	
0.1605769	
0.1707835	
0.180884	
0.1910416	
0.2011941	
0.2113627	
0.2215072	
0.2316558	
0.2418643	
0.2519859	
0.2621324	
0.272288	
0.2824525	
0.2926091	
0.3027246	
0.3128792	
0.3230977	
0.3332003	
0.3434398	
0.3535644	
0.3636709	
0.3738175	
0.383947	
0.3941006	
0.4042571	
0.4144027	
0.4245542	
0.4347148	
0.4448424	
0.4550069	
0.4651605	
0.475306	
0.4854426	
0.4955841	
0.5057707	
0.5159442	
0.5260478	
0.5361553	
0.5463339	
0.5565364	
0.566649	
0.5767965	
0.5870001	
0.5970426	
0.6074542	
0.6174597	
0.6275453	
0.6376488	
0.6478034	
0.6580119	
0.6681705	
0.678314	
0.6884886	
0.6986511	
0.7088007	
0.7189582	
0.7291218	
0.7392794	
0.7494339	
0.7595945	
0.76982	
0.7799256	
0.7902661	
0.8004506	
0.8105882	
0.8207208	
0.8308623	
0.8410349	
0.8512174	
0.86137	
0.8715355	
0.8817211	
0.9018022	
0.906233	
0.9163625	
0.9264791	
0.9365816	
0.9468072	
0.9569177	
0.9670633	
0.9772788	
0.9874374	
0.9975359	
1.007702	
1.017864	
1.028031	
1.038183	
1.048375	
1.058522	
1.068655	
1.078851	
1.088988	
1.099139	
1.109304	
1.119448	
1.12965	
1.139746	
1.149887	
1.160055	
1.170226	
1.180437	
1.190523	
1.200665	
1.210885	
1.220978	
1.23112	
1.24128	
1.251455	
1.261601	
1.271735	
1.282361	
1.292389	
1.30245	
1.312594	
1.322738	
1.332923	
1.343028	
1.353216	
1.363396	
1.37372	
1.383692	
1.394847	
1.404002	
1.414159	
1.424233	
1.434947	
1.444628	
1.454736	
1.46488	
1.475068	
1.485235	
1.499009	0.0366163248	0.034906585	0.0017097398	0	
1.505584	0.0375481348	0.034906585	0.00264154976	0	
1.515661	0.0396908105	0.0436332313	0.00478422551	0.00872664626	
1.533626	0.0458758964	0.0436332313	0.0109693114	0.00872664626	
1.538119	0.047361362	0.0436332313	0.012454777	0.0174532925	
1.548299	0.0515245867	0.0436332313	0.0166180017	0.0174532925	
1.567987	0.0624655801	0.0523598776	0.027558995	0.0261799388	
1.572596	0.0649446933	0.0523598776	0.0300381082	0.0261799388	
1.582711	0.0711675728	0.0610865238	0.0362609877	0.034906585	
1.592819	0.0779966631	0.0610865238	0.0430900781	0.034906585	
1.612755	0.0944523525	0.0785398163	0.0595457675	0.0436332313	
1.625223	0.105386653	0.0872664626	0.0704800683	0.0610865238	
1.629756	0.10937356	0.0872664626	0.0744669746	0.0610865238	
1.639886	0.119080977	0.0959931089	0.0841743915	0.0698131701	
1.650059	0.129454074	0.104719755	0.0945474886	0.0785398163	
1.660223	0.140436634	0.113446401	0.105530049	0.0872664626	
1.670378	0.152024365	0.122173048	0.11711778	0.0959931089	
1.680556	0.164261648	0.13962634	0.129355063	0.104719755	
1.690689	0.177062106	0.148352986	0.142155521	0.122173048	
1.702205	0.192468932	0.157079633	0.157562347	0.130899694	
1.711044	0.204661923	0.165806279	0.169755338	0.13962634	
1.721243	0.219422348	0.174532925	0.184515763	0.157079633	
1.731417	0.234756199	0.183259571	0.199849614	0.174532925	
1.741503	0.250568036	0.191986218	0.215661451	0.183259571	
1.751694	0.267170726	0.200712864	0.232264141	0.200712864	
1.761884	0.284398214	0.20943951	0.249491629	0.20943951	
1.772002	0.302114326	0.226892803	0.267207741	0.226892803	
1.78215	0.320499868	0.244346095	0.285593283	0.244346095	
1.792297	0.339507108	0.261799388	0.304600523	0.253072742	
1.803779	0.361866192	0.27925268	0.326959607	0.270526034	
1.812681	0.379573241	0.296705973	0.344666656	0.287979327	
1.822829	0.400450434	0.331612558	0.365543849	0.305432619	
1.832988	0.421955082	0.357792497	0.387048497	0.331612558	
1.843172	0.444126502	0.383972435	0.409219916	0.34906585	
1.853227	0.466637694	0.41887902	0.431731108	0.375245789	
1.863445	0.490131162	0.445058959	0.455224577	0.401425728	
1.873612	0.514140335	0.479965544	0.47923375	0.436332313	
1.883735	0.538651975	0.506145483	0.50374539	0.462512252	
1.905309	0.59444962	0.575958653	0.559543035	0.523598776	
1.910079	0.606661591	0.593411946	0.571755006	0.549778714	
1.920031	0.632905186	0.628318531	0.597998601	0.584685299	
1.93021	0.660389572	0.654498469	0.625482987	0.619591884	
1.940372	0.688461273	0.689405055	0.653554688	0.654498469	
1.950476	0.716960787	0.715584993	0.682054202	0.689405055	
1.960673	0.746372749	0.750491578	0.711466164	0.715584993	
1.970847	0.776317993	0.785398163	0.741411408	0.750491578	
1.980981	0.80676627	0.811578102	0.771859685	0.785398163	
1.991128	0.837881125	0.837758041	0.80297454	0.811578102	
2.001252	0.86953033	0.872664626	0.834623745	0.837758041	
2.01154	0.902348678	0.907571211	0.867442092	0.872664626	
2.021679	0.935281271	0.93375115	0.900374686	0.907571211	
2.031807	0.968796286	0.959931089	0.933889701	0.93375115	
2.041989	1.00311694	0.994837674	0.968210351	0.968657735	
2.052107	1.03784459	1.02974426	1.002938	0.994837674	
2.062305	1.07346987	1.0559242	1.03856328	1.02974426	
2.072468	1.10958437	1.09083078	1.07467779	1.0559242	
2.082612	1.14625548	1.11701072	1.11134889	1.08210414	
2.092748	1.1835102	1.15191731	1.14860362	1.11701072	
2.10286	1.22127802	1.18682389	1.18637144	1.15191731	
2.113118	1.26025791	1.22173048	1.22535133	1.18682389	
2.123354	1.29976308	1.25663706	1.26485649	1.22173048	
2.133451	1.33932323	1.29154365	1.30441664	1.25663706	
2.143519	1.3794091	1.32645023	1.34450252	1.30027029	
2.153864	1.42122381	1.37008346	1.38631723	1.34390352	
2.163897	1.46238409	1.41371669	1.4274775	1.37881011	
2.174034	1.50457805	1.44862328	1.46967146	1.42244334	
2.184192	1.54747462	1.50098316	1.51256804	1.46607657	
2.194372	1.59111687	1.54461639	1.55621029	1.51843645	
2.204942	1.63709142	1.58824962	1.60218484	1.56206968	
2.214745	1.68031944	1.63188285	1.64541286	1.60570291	
2.22487	1.72553282	1.68424273	1.69062624	1.65806279	
2.235048	1.77162856	1.73660261	1.73672197	1.70169602	
2.245089	1.81769509	1.78896248	1.7827885	1.7540559	
2.255256	1.86500622	1.84132236	1.83009964	1.80641578	
2.265391	1.91274618	1.89368224	1.87783959	1.85004901	
2.275539	1.96117029	1.94604212	1.92626371	1.90240888	
2.285704	2.01029589	1.99840199	1.97538931	1.95476876	
2.303823	2.10030332	2.05076187	2.06539673	2.01585529	
2.308419	2.12304694	2.11184839	2.08814036	2.07694181	
2.318638	2.17449536	2.16420827	2.13958878	2.12930169	
2.328737	2.22589737	2.21656815	2.19099078	2.19038821	
2.338914	2.27830945	2.27765467	2.24340287	2.24274809	
2.349022	2.33100816	2.33001455	2.29610158	2.30383461	
2.359208	2.38472243	2.38237443	2.34981584	2.35619449	
2.369358	2.43887989	2.43473431	2.40397331	2.40855437	
2.379547	2.49386415	2.49582083	2.45895756	2.46964089	
2.389695	2.54923825	2.54818071	2.51433166	2.51327412	
2.399819	2.60509549	2.60054059	2.57018891	2.57436065	
2.410014	2.66199287	2.65290046	2.62708628	2.61799388	
2.420256	2.71979514	2.70526034	2.68488855	2.6790804	
2.430348	2.77728313	2.75762022	2.74237655	2.73144028	
2.440542	2.83625343	2.81870674	2.80134684	2.7925268	
2.450675	2.89504165	2.87106662	2.86013506	2.84488668	
2.460872	2.95505092	2.93215314	2.92014434	2.89724656	
2.471001	3.01524955	2.98451302	2.98034296	2.94960644	
2.481176	3.07454805	3.04559954	3.03964147	3.01069296	
2.491375	3.13334323	3.10668607	3.09843664	3.07177948	
2.50145	3.19085096	3.15904595	3.15594437	3.13286601	
2.511635	3.24842217	3.22885912	3.21351558	3.19395253	
2.521919	3.30595363	3.28121899	3.27104705	3.25503905	
2.532005	3.36171291	3.35103216	3.32680633	3.31612558	
2.542128	3.41711618	3.40339204	3.3822096	3.3772121	
2.552309	3.47224655	3.47320521	3.43733996	3.43829863	
2.562438	3.52650358	3.52556509	3.491597	3.49938515	
2.572692	3.58082374	3.58665161	3.54591716	3.56047167	
2.582798	3.63374302	3.64773814	3.59883643	3.6215582	
2.592941	3.68628149	3.70882466	3.6513749	3.67391808	
2.603141	3.73851259	3.76118454	3.703606	3.7350046	
2.613197	3.78943154	3.82227106	3.75452496	3.78736448	
2.623484	3.84091692	3.87463094	3.80601033	3.83972435	
2.633667	3.89124728	3.92699082	3.8563407	3.89208423	
2.643949	3.94151228	3.97935069	3.90660569	3.94444411	
2.653839	3.98922789	4.03171057	3.9543213	3.99680399	
2.663996	4.03769675	4.08407045	4.00279016	4.04916386	
2.674209	4.08578296	4.12770368	4.05087638	4.0927971	
2.684334	4.13290354	4.17133691	4.09799695	4.13643033	
2.694529	4.17972607	4.22369679	4.14481948	4.1887902	
2.704649	4.22561223	4.26733002	4.19070565	4.23242344	
2.715082	4.27233056	4.31096325	4.23742397	4.27605667	
2.725324	4.31758226	4.34586984	4.28267567	4.3196899	
2.735124	4.36028156	4.38950307	4.32537498	4.36332313	
2.745467	4.40476913	4.42440965	4.36986255	4.39822972	
2.755475	4.44721644	4.46804289	4.41230986	4.44186295	
2.765595	4.48958057	4.50294947	4.45467398	4.48549618	
2.775727	4.53138832	4.53785606	4.49648173	4.52040276	
2.793848	4.6038708	4.57276264	4.56896422	4.56403599	
2.79837	4.62200093	4.61639587	4.58709434	4.60766923	
2.808537	4.66204217	4.65130246	4.62713559	4.64257581	
2.820062	4.70666697	4.68620904	4.67176038	4.6774824	
2.829031	4.74094829	4.72984227	4.70604171	4.71238898	
2.839007	4.77848262	4.76474886	4.74357603	4.74729557	
2.849164	4.81612483	4.79965544	4.78121825	4.7909288	
2.859378	4.85337609	4.83456203	4.81846951	4.82583538	
2.869506	4.88973318	4.86946861	4.85482659	4.86074197	
2.879668	4.9256107	4.9043752	4.89070412	4.89564855	
2.889849	4.96097649	4.93928178	4.92606991	4.93055514	
2.90001	4.99567712	4.97418837	4.96077053	4.96546172	
2.910116	5.02960226	5.0178216	4.99469568	5.00036831	
2.921568	5.06729349	5.05272818	5.0323869	5.03527489	
2.930657	5.09675963	5.09636142	5.06185305	5.07018148	
2.940626	5.12848945	5.131268	5.09358287	5.11381471	
2.950727	5.16006774	5.16617459	5.12516116	5.14872129	
2.960862	5.19116716	5.20108117	5.15626057	5.18362788	
2.971115	5.22202194	5.22726111	5.18711536	5.20980782	
2.98119	5.25177558	5.26216769	5.21686899	5.2447144	
2.991345	5.28117796	5.28834763	5.24627138	5.27962099	
3.001776	5.31075435	5.32325422	5.27584777	5.30580093	
3.011839	5.33873222	5.3581608	5.30382563	5.34070751	
3.023151	5.36941423	5.38434074	5.33450764	5.3756141	
3.032232	5.39362666	5.41052068	5.35872008	5.40179403	
3.042369	5.4200421	5.43670062	5.38513551	5.42797397	
3.052597	5.44610935	5.46288056	5.41120277	5.46288056	
3.062826	5.47159634	5.4890605	5.43668976	5.4890605	
3.072818	5.49592285	5.51524044	5.46101627	5.51524044	
3.083051	5.52024963	5.53269373	5.48534305	5.54142038	
3.093126	5.5436325	5.55887367	5.50872591	5.56760031	
3.103281	5.56672221	5.57632696	5.53181562	5.58505361	
3.113535	5.58973889	5.6025069	5.55483231	5.6025069	
3.12631	5.61643144	5.61996019	5.58152485	5.61996019	
3.135511	5.63561572	5.63741348	5.60070914	5.63741348	
3.145664	5.65619178	5.65486678	5.6212852	5.64614013	
3.163799	5.69071488	5.67232007	5.6558083	5.65486678	
3.168393	5.6995039	5.68977336	5.66459731	5.67232007	
3.178547	5.71822375	5.70722665	5.68331717	5.68977336	
3.188772	5.73650325	5.72467995	5.70159666	5.69850001	
3.198903	5.75404251	5.73340659	5.71913592	5.7159533	
3.209021	5.77099776	5.75085989	5.73609118	5.73340659	
3.219304	5.78765018	5.75958653	5.7527436	5.75085989	
3.229686	5.80387194	5.77703982	5.76896536	5.75958653	
3.239578	5.81878639	5.79449312	5.7838798	5.77703982	
3.249804	5.83364141	5.80321976	5.79873483	5.79449312	
3.259895	5.847749	5.81194641	5.81284242	5.80321976	
3.278585	5.871553	5.8293997	5.83664641	5.82067306	
3.283184	5.87746385	5.84685299	5.84255726	5.8293997	
3.293434	5.88993743	5.85557964	5.85503084	5.84685299	
3.303559	5.90171149	5.86430629	5.86680491	5.86430629	
3.313813	5.91307748	5.88175958	5.8781709	5.87303293	
3.323854	5.92368448	5.89921287	5.8887779	5.88175958	
3.334385	5.9342092	5.90793952	5.89930261	5.89921287	
3.344624	5.94392923	5.91666616	5.90902265	5.90793952	
3.354653	5.95287519	5.93411946	5.9179686	5.92539281	
3.364818	5.96143701	5.95157275	5.92653043	5.93411946	
3.375191	5.9696209	5.9602994	5.93471431	5.9428461	
3.38511	5.97695516	5.96902604	5.94204857	5.95157275	
3.395294	5.98395945	5.98647933	5.94905287	5.96902604	
3.405385	5.9903972	5.98647933	5.95549061	5.96902604	
3.415519	5.99635631	6.00393263	5.96144972	5.98647933	
3.425704	6.00184088	6.00393263	5.9669343	5.99520598	
3.436234	6.00697738	6.01265927	5.97207079	5.99520598	
3.44604	6.01132389	6.02138592	5.9764173	6.00393263	
3.456184	6.01534512	6.02138592	5.98043854	6.00393263	
3.466288	6.01889749	6.03011257	5.98399091	6.00393263	
3.476719	6.02208868	6.03011257	5.98718209	5.99520598	
3.48663	6.02472451	6.03011257	5.98981792	5.99520598	
3.496771	6.02701079	6.03011257	5.9921042	5.98647933	
3.506928	6.02891549	6.03011257	5.99400891	5.98647933	
3.517028	6.03045891	6.03011257	5.99555233	5.98647933	
3.527219	6.03490659	6.03011257	6	5.98647933	
3.537456	6.03490659	6.03011257	6	5.99520598	
3.547596	6.03490659	6.03011257	6	5.99520598	
3.567962	6.03490659	6.03011257	6	5.99520598	
3.572493	6.03490659	6.03011257	6	5.99520598	
3.582647	6.03490659	6.03011257	6	5.99520598	
3.592794	6.03490659	6.03011257	6	5.99520598	
3.602922	6.03490659	6.03011257	6	5.99520598	
3.613092	6.03490659	6.03011257	6	5.99520598	
3.623211	6.03490659	6.03011257	6	5.99520598	
3.633427	6.03490659	6.03011257	6	5.99520598	
3.643639	6.03490659	6.03011257	6	5.99520598	
3.653668	6.03490659	6.03011257	6	5.99520598	
3.663865	6.03490659	6.03011257	6	5.99520598	
3.674015	6.03490659	6.03011257	6	5.99520598	
3.684172	6.03490659	6.03011257	6	5.99520598	
3.694252	6.03490659	6.03011257	6	5.99520598	
3.704496	6.03490659	6.03011257	6	5.99520598	
3.714615	6.03490659	6.03011257	6	5.99520598	
3.724825	6.03490659	6.03011257	6	5.99520598	
3.734913	6.03490659	6.03011257	6	5.99520598	
3.745085	6.03490659	6.03011257	6	5.99520598	
3.755278	6.03490659	6.03011257	6	5.99520598	
3.765369	6.03490659	6.03011257	6	5.99520598	
3.775511	6.03490659	6.03011257	6	5.99520598	
3.78566	6.03490659	6.03011257	6	5.99520598	
3.803737	6.03490659	6.03011257	6	5.99520598	
3.808259	6.03490659	6.03011257	6	5.99520598	
3.818424	6.03490659	6.03011257	6	5.99520598	
3.828648	6.03490659	6.03011257	6	5.99520598	
3.83874	6.03490659	6.03011257	6	5.99520598	
3.848893	6.03490659	6.03011257	6	5.99520598	
3.859111	6.03490659	6.03011257	6	5.99520598	
3.869224	6.03490659	6.03011257	6	5.99520598	
3.879374	6.03490659	6.03011257	6	5.99520598	
3.889547	6.03490659	6.03011257	6	5.99520598	
3.909098	6.03490659	6.03011257	6	5.99520598	
3.913573	6.03490659	6.03011257	6	5.99520598	
3.923739	6.03490659	6.03011257	6	5.99520598	
3.933879	6.03490659	6.03011257	6	5.99520598	
3.944019	6.03490659	6.03011257	6	5.99520598	
3.954246	6.03490659	6.03011257	6	5.99520598	
3.96435	6.03490659	6.03011257	6	5.99520598	
3.974541	6.03490659	6.03011257	6	5.99520598	
3.984666	6.03490659	6.03011257	6	5.99520598	
3.994845	6.03490659	6.03011257	6	5.99520598	
4.004961	6.03490659	6.03011257	6	5.99520598	
4.015095	6.03490659	6.03011257	6	5.99520598	
4.025237	6.03490659	6.03011257	6	5.99520598	
4.035425	6.03490659	6.03011257	6	5.99520598	
4.045529	6.03490659	6.03011257	6	5.99520598	
4.055684	6.03490659	6.03011257	6	5.99520598	
4.065928	6.03490659	6.03011257	6	5.99520598	
4.076049	6.03490659	6.03011257	6	5.99520598	
4.086206	6.03490659	6.03011257	6	5.99520598	
4.096283	6.03490659	6.03011257	6	5.99520598	
4.106464	6.03490659	6.03011257	6	5.99520598	
4.116595	6.03490659	6.03011257	6	5.99520598	
4.126747	6.03490659	6.03011257	6	5.99520598	
4.136832	6.03490659	6.03011257	6	5.99520598	
4.147002	6.03490659	6.03011257	6	5.99520598	
4.157153	6.03490659	6.03011257	6	5.99520598	
4.167379	6.03490659	6.03011257	6	5.99520598	
4.177471	6.03490659	6.03011257	6	5.99520598	
4.187645	6.03490659	6.03011257	6	5.99520598	
4.197809	6.03490659	6.03011257	6	5.99520598	
4.207978	6.03490659	6.03011257	6	5.99520598	
4.21816	6.03490659	6.03011257	6	5.99520598	
4.228297	6.03490659	6.03011257	6	5.99520598	
4.238457	6.03490659	6.03011257	6	5.99520598	
4.248665	6.03490659	6.03011257	6	5.99520598	
4.258798	6.03490659	6.03011257	6	5.99520598	
4.268941	6.03490659	6.03011257	6	5.99520598	
4.279221	6.03490659	6.03011257	6	5.99520598	
4.289256	6.03490659	6.03011257	6	5.99520598	
4.299516	6.03490659	6.03011257	6	5.99520598	
4.309591	6.03490659	6.03011257	6	5.99520598	
4.319751	6.03490659	6.03011257	6	5.99520598	
4.32995	6.03490659	6.03011257	6	5.99520598	
4.340057	6.03490659	6.03011257	6	5.99520598	
4.350246	6.03490659	6.03011257	6	5.99520598	
4.360392	6.03490659	6.03011257	6	5.99520598	
4.370579	6.03490659	6.03011257	6	5.99520598	
4.380796	6.03490659	6.03011257	6	5.99520598	
4.390879	6.03490659	6.03011257	6	5.99520598	
4.401014	6.03490659	6.03011257	6	5.99520598	
4.411268	6.03490659	6.03011257	6	5.99520598	
4.421335	6.03490659	6.03011257	6	5.99520598	
4.431489	6.03490659	6.03011257	6	5.99520598	
4.441682	6.03490659	6.03011257	6	5.99520598	
4.45182	6.03490659	6.03011257	6	5.99520598	
4.461994	6.03490659	6.03011257	6	5.99520598	
4.472151	6.03490659	6.03011257	6	5.99520598	
4.48233	6.03490659	6.03011257	6	5.99520598	
4.492476	6.03490659	6.03011257	6	5.99520598	
4.502664	6.03490659	6.03011257	6	5.99520598	
4.512807	6.03490659	6.03011257	6	5.99520598	
4.522911	6.03490659	6.03011257	6	5.99520598	
4.533102	6.03490659	6.03011257	6	5.99520598	
4.543198	6.03490659	6.03011257	6	5.99520598	
4.553406	6.03490659	6.03011257	6	5.99520598	
4.563591	6.03490659	6.03011257	6	5.99520598	
4.573766	6.03490659	6.03011257	6	5.99520598	
4.583866	6.03490659	6.03011257	6	5.99520598	
4.59405	6.03490659	6.03011257	6	5.99520598	
4.604109	6.03490659	6.03011257	6	5.99520598	
4.614285	6.03490659	6.03011257	6	5.99520598	
4.624491	6.03490659	6.03011257	6	5.99520598	
4.634592	6.03490659	6.03011257	6	5.99520598	
4.644825	6.03490659	6.03011257	6	5.99520598	
4.654861	6.03490659	6.03011257	6	5.99520598	
4.665034	6.03490659	6.03011257	6	5.99520598	
4.675225	6.03490659	6.03011257	6	5.99520598	
4.685319	6.03490659	6.03011257	6	5.99520598	
4.695469	6.03490659	6.03011257	6	5.99520598	
4.70561	6.03490659	6.03011257	6	5.99520598	
4.71585	6.03490659	6.03011257	6	5.99520598	
4.725972	6.03490659	6.03011257	6	5.99520598	
4.736078	6.03490659	6.03011257	6	5.99520598	
4.746287	6.03490659	6.03011257	6	5.99520598	
4.756334	6.03490659	6.03011257	6	5.99520598	
4.766492	6.03490659	6.03011257	6	5.99520598	
4.776628	6.03490659	6.03011257	6	5.99520598	
4.786782	6.03490659	6.03011257	6	5.99520598	
4.797005	6.03490659	6.03011257	6	5.99520598	
4.807116	6.03490659	6.03011257	6	5.99520598	
4.817319	6.03490659	6.03011257	6	5.99520598	
4.827507	6.03490659	6.03011257	6	5.99520598	
4.837575	6.03490659	6.03011257	6	5.99520598	
4.847743	6.03490659	6.03011257	6	5.99520598	
4.857948	6.03490659	6.03011257	6	5.99520598	
4.868073	6.03490659	6.03011257	6	5.99520598	
4.878222	6.03490659	6.03011257	6	5.99520598	
4.888396	6.03490659	6.03011257	6	5.99520598	
4.900615	6.03490659	6.03011257	6	5.99520598	
4.908812	6.03490659	6.03011257	6	5.99520598	
4.918839	6.03490659	6.03011257	6	5.99520598	
4.928965	6.03490659	6.03011257	6	5.99520598	
4.939178	6.03490659	6.03011257	6	5.99520598	
4.949316	6.03490659	6.03011257	6	5.99520598	
4.959477	6.03490659	6.03011257	6	5.99520598	
4.969636	6.03490659	6.03011257	6	5.99520598	
4.979812	6.03490659	6.03011257	6	5.99520598	
4.989957	6.03490659	6.03011257	6	5.99520598	
5.000129	6.03490659	6.03011257	6	5.99520598	
5.010303	6.03490659	6.03011257	6	5.99520598	
5.020915	6.03490659	6.03011257	6	5.99520598	
5.031	6.03490659	6.03011257	6	5.99520598	
5.041167	6.03490659	6.03011257	6	5.99520598	
5.051409	6.03490659	6.03011257	6	5.99520598	
5.061497	6.03490659	6.03011257	6	5.99520598	
5.071599	6.03490659	6.03011257	6	5.99520598	
5.08187	6.03490659	6.03011257	6	5.99520598	
5.091979	6.03490659	6.03011257	6	5.99520598	
5.102117	6.03490659	6.03011257	6	5.99520598	
5.112268	6.03490659	6.03011257	6	5.99520598	
5.122437	6.03490659	6.03011257	6	5.99520598	
5.132607	6.03490659	6.03011257	6	5.99520598	
5.14271	6.03490659	6.03011257	6	5.99520598	
5.152887	6.03490659	6.03011257	6	5.99520598	
5.16308	6.03490659	6.03011257	6	5.99520598	
5.173208	6.03490659	6.03011257	6	5.99520598	
5.183381	6.03490659	6.03011257	6	5.99520598	
5.193525	6.03490659	6.03011257	6	5.99520598	
5.203711	6.03490659	6.03011257	6	5.99520598	
5.213829	6.03490659	6.03011257	6	5.99520598	
5.223981	6.03490659	6.03011257	6	5.99520598	
5.234147	6.03490659	6.03011257	6	5.99520598	
5.244285	6.03490659	6.03011257	6	5.99520598	
5.25447	6.03490659	6.03011257	6	5.99520598	
5.264597	6.03490659	6.03011257	6	5.99520598	
5.274825	6.03490659	6.03011257	6	5.99520598	
5.284956	6.03490659	6.03011257	6	5.99520598	
5.295087	6.03490659	6.03011257	6	5.99520598	
5.305209	6.03490659	6.03011257	6	5.99520598	
5.315435	6.03490659	6.03011257	6	5.99520598	
5.32551	6.03490659	6.03011257	6	5.99520598	
5.335639	6.03490659	6.03011257	6	5.99520598	
5.345982	6.03490659	6.03011257	6	5.99520598	
5.356003	6.03490659	6.03011257	6	5.99520598	
5.36611	6.03490659	6.03011257	6	5.99520598	
5.376235	6.03490659	6.03011257	6	5.99520598	
5.386383	6.03490659	6.03011257	6	5.99520598	
5.3965	6.03490659	6.03011257	6	5.99520598	
5.406669	6.03490659	6.03011257	6	5.99520598	
5.416797	6.03490659	6.03011257	6	5.99520598	
5.427024	6.03490659	6.03011257	6	5.99520598	
5.437159	6.03490659	6.03011257	6	5.99520598	
5.447359	6.03490659	6.03011257	6	5.99520598	
5.457484	6.03490659	6.03011257	6	5.99520598	
5.467735	6.03490659	6.03011257	6	5.99520598	
5.477834	6.03490659	6.03011257	6	5.99520598	
5.487986	6.03490659	6.03011257	6	5.99520598	
5.49816	6.03490659	6.03011257	6	5.99520598	
5.508322	6.03490659	6.03011257	6	5.99520598	
5.51848	6.03490659	6.03011257	6	5.99520598	
5.528644	6.03490659	6.03011257	6	5.99520598	
5.538774	6.03490659	6.03011257	6	5.99520598	
5.548961	6.03490659	6.03011257	6	5.99520598	
5.584191	6.03490659	6.03011257	6	5.99520598	
5.588769	6.03490659	6.03011257	6	5.99520598	
5.598857	6.03490659	6.03011257	6	5.99520598	
5.609041	6.03490659	6.03011257	6	5.99520598	
5.619246	6.03490659	6.03011257	6	5.99520598	
5.629339	6.03490659	6.03011257	6	5.99520598	
5.639485	6.03490659	6.03011257	6	5.99520598	
5.649614	6.03490659	6.03011257	6	5.99520598	
5.659821	6.03490659	6.03011257	6	5.99520598	
5.670059	6.03490659	6.03011257	6	5.99520598	
5.680137	6.03490659	6.03011257	6	5.99520598	
5.690271	6.03490659	6.03011257	6	5.99520598	
5.700441	6.03490659	6.03011257	6	5.99520598	
5.710591	6.03490659	6.03011257	6	5.99520598	
5.720775	6.03490659	6.03011257	6	5.99520598	
5.73092	6.03490659	6.03011257	6	5.99520598	
5.741055	6.03490659	6.03011257	6	5.99520598	
5.751229	6.03490659	6.03011257	6	5.99520598	
5.761392	6.03490659	6.03011257	6	5.99520598	
5.771594	6.03490659	6.03011257	6	5.99520598	
5.7817	6.03490659	6.03011257	6	5.99520598	
5.791857	6.03490659	6.03011257	6	5.99520598	
5.802097	6.03490659	6.03011257	6	5.99520598	
5.812228	6.03490659	6.03011257	6	5.99520598	
5.822376	6.03490659	6.03011257	6	5.99520598	
5.83252	6.03490659	6.03011257	6	5.99520598	
5.842702	6.03490659	6.03011257	6	5.99520598	
5.852931	6.03490659	6.03011257	6	5.99520598	
5.863029	6.03490659	6.03011257	6	5.99520598	
5.873223	6.03490659	6.03011257	6	5.99520598	
5.883566	6.03490659	6.03011257	6	5.99520598	
5.893644	6.03490659	6.03011257	6	5.99520598	
5.91366	6.03490659	6.03011257	6	5.99520598	
5.918178	6.03490659	6.03011257	6	5.99520598	
5.928311	6.03490659	6.03011257	6	5.99520598	
5.938449	6.03490659	6.03011257	6	5.99520598	
5.948651	6.03490659	6.03011257	6	5.99520598	
5.958794	6.03490659	6.03011257	6	5.99520598	
5.968972	6.03490659	6.03011257	6	5.99520598	
5.97914	6.03490659	6.03011257	6	5.99520598	
5.989308	6.03490659	6.03011257	6	5.99520598	
5.999461	6.03490659	6.03011257	6	5.99520598	
6.009608	6.03490659	6.03011257	6	5.99520598	
6.019813	6.03490659	6.03011257	6	5.99520598	
6.029941	6.03490659	6.03011257	6	5.99520598	
6.040129	6.03490659	6.03011257	6	5.99520598	
6.05031	6.03490659	6.03011257	6	5.99520598	
6.060427	6.03490659	6.03011257	6	5.99520598	
6.070541	6.03490659	6.03011257	6	5.99520598	
6.080756	6.03490659	6.03011257	6	5.99520598	
6.090922	6.03490659	6.03011257	6	5.99520598	
6.101094	6.03490659	6.03011257	6	5.99520598	
6.111239	6.03490659	6.03011257	6	5.99520598	
6.1214	6.03490659	6.03011257	6	5.99520598	
6.131597	6.03490659	6.03011257	6	5.99520598	
6.141676	6.03490659	6.03011257	6	5.99520598	
6.151834	6.03490659	6.03011257	6	5.99520598	
6.162053	6.03490659	6.03011257	6	5.99520598	
6.17218	6.03490659	6.03011257	6	5.99520598	
6.182308	6.03490659	6.03011257	6	5.99520598	
6.192467	6.03490659	6.03011257	6	5.99520598	
6.202654	6.03490659	6.03011257	6	5.99520598	
6.212874	6.03490659	6.03011257	6	5.99520598	
6.222953	6.03490659	6.03011257	6	5.99520598	
6.23309	6.03490659	6.03011257	6	5.99520598	
6.243345	6.03490659	6.03011257	6	5.99520598	
6.253421	6.03490659	6.03011257	6	5.99520598	
6.263553	6.03490659	6.03011257	6	5.99520598	
6.273706	6.03490659	6.03011257	6	5.99520598	
6.283991	6.03490659	6.03011257	6	5.99520598	
6.294298	6.03490659	6.03011257	6	5.99520598	
6.304293	6.03490659	6.03011257	6	5.99520598	
6.314482	6.03490659	6.03011257	6	5.99520598	
6.324593	6.03490659	6.03011257	6	5.99520598	
6.334718	6.03490659	6.03011257	6	5.99520598	
6.3449	6.03490659	6.03011257	6	5.99520598	
6.35505	6.03490659	6.03011257	6	5.99520598	
6.365189	6.03490659	6.03011257	6	5.99520598	
6.375333	6.03490659	6.03011257	6	5.99520598	
6.385473	6.03490659	6.03011257	6	5.99520598	
6.395657	6.03490659	6.03011257	6	5.99520598	
6.40583	6.03490659	6.03011257	6	5.99520598	
6.415983	6.03490659	6.03011257	6	5.99520598	
6.426126	6.03490659	6.03011257	6	5.99520598	
6.436217	6.03490659	6.03011257	6	5.99520598	
6.446359	6.03490659	6.03011257	6	5.99520598	
6.456497	6.03490659	6.03011257	6	5.99520598	
6.466663	6.03490659	6.03011257	6	5.99520598	
6.476855	6.03490659	6.03011257	6	5.99520598	
6.486955	6.03490659	6.03011257	6	5.99520598	
6.4971	6.03490659	6.03011257	6	5.99520598	
6.507357	6.03490659	6.03011257	6	5.99520598	
6.517455	6.03490659	6.03011257	6	5.99520598	
6.527571	6.03490659	6.03011257	6	5.99520598	
6.537676	6.03490659	6.03011257	6	5.99520598	
6.547903	6.03490659	6.03011257	6	5.99520598	
6.558025	6.03490659	6.03011257	6	5.99520598	
6.568163	6.03490659	6.03011257	6	5.99520598	
6.578381	6.03490659	6.03011257	6	5.99520598	
6.588507	6.03490659	6.03011257	6	5.99520598	
6.598639	6.03490659	6.03011257	6	5.99520598	
6.608864	6.03490659	6.03011257	6	5.99520598	
6.619027	6.03490659	6.03011257	6	5.99520598	
6.629172	6.03490659	6.03011257	6	5.99520598	
6.639297	6.03490659	6.03011257	6	5.99520598	
6.649451	6.03490659	6.03011257	6	5.99520598	
6.659671	6.03490659	6.03011257	6	5.99520598	
6.669788	6.03490659	6.03011257	6	5.99520598	
6.679941	6.03490659	6.03011257	6	5.99520598	
6.690145	6.03490659	6.03011257	6	5.99520598	
6.700277	6.03490659	6.03011257	6	5.99520598	
6.710415	6.03490659	6.03011257	6	5.99520598	
6.720588	6.03490659	6.03011257	6	5.99520598	
6.730749	6.03490659	6.03011257	6	5.99520598	
6.740949	6.03490659	6.03011257	6	5.99520598	
6.751074	6.03490659	6.03011257	6	5.99520598	
6.761219	6.03490659	6.03011257	6	5.99520598	
6.771471	6.03490659	6.03011257	6	5.99520598	
6.781536	6.03490659	6.03011257	6	5.99520598	
6.791681	6.03490659	6.03011257	6	5.99520598	
6.801858	6.03490659	6.03011257	6	5.99520598	
6.81199	6.03490659	6.03011257	6	5.99520598	
6.822424	6.03490659	6.03011257	6	5.99520598	
6.83228	6.03490659	6.03011257	6	5.99520598	
6.842466	6.03490659	6.03011257	6	5.99520598	
6.85263	6.03490659	6.03011257	6	5.99520598	
6.862732	6.03490659	6.03011257	6	5.99520598	
6.872941	6.03490659	6.03011257	6	5.99520598	
6.883078	6.03490659	6.03011257	6	5.99520598	
6.893222	6.03490659	6.03011257	6	5.99520598	
6.905455	6.03490659	6.03011257	6	5.99520598	
6.91373	6.03490659	6.03011257	6	5.99520598	
6.923672	6.03490659	6.03011257	6	5.99520598	
6.933774	6.03490659	6.03011257	6	5.99520598	
6.943919	6.03490659	6.03011257	6	5.99520598	
6.95417	6.03490659	6.03011257	6	5.99520598	
6.964271	6.03490659	6.03011257	6	5.99520598	
6.974398	6.03490659	6.03011257	6	5.99520598	
6.984562	6.03490659	6.03011257	6	5.99520598	
6.994708	6.03490659	6.03011257	6	5.99520598	
7.004893	6.03490659	6.03011257	6	5.99520598	
7.01499	6.03490659	6.03011257	6	5.99520598	
7.025125	6.03490659	6.03011257	6	5.99520598	
7.035302	6.03490659	6.03011257	6	5.99520598	
7.045416	6.03490659	6.03011257	6	5.99520598	
7.055572	6.03490659	6.03011257	6	5.99520598	
7.065817	6.03490659	6.03011257	6	5.99520598	
7.075973	6.03490659	6.03011257	6	5.99520598	
7.086053	6.03490659	6.03011257	6	5.99520598	
7.096199	6.03490659	6.03011257	6	5.99520598	
7.106338	6.03490659	6.03011257	6	5.99520598	
7.116482	6.03490659	6.03011257	6	5.99520598	
7.126626	6.03490659	6.03011257	6	5.99520598	
7.136749	6.03490659	6.03011257	6	5.99520598	
7.146897	6.03490659	6.03011257	6	5.99520598	
7.157132	6.03490659	6.03011257	6	5.99520598	
7.167293	6.03490659	6.03011257	6	5.99520598	
7.177428	6.03490659	6.03011257	6	5.99520598	
7.187616	6.03490659	6.03011257	6	5.99520598	
7.197714	6.03490659	6.03011257	6	5.99520598	
7.207881	6.03490659	6.03011257	6	5.99520598	
7.218064	6.03490659	6.03011257	6	5.99520598	
7.228192	6.03490659	6.03011257	6	5.99520598	
7.25494	6.03490659	6.03011257	6	5.99520598	
7.259798	6.03490659	6.03011257	6	5.99520598	
