0.03325554	
0.03780134	
0.04798089	
0.05814344	
0.068277	
0.07842755	
0.0886341	
0.09870166	
0.1089072	
0.1194407	
0.1292073	
0.1394359	
0.1495334	
0.159655	
0.1796451	
0.1839639	
0.1941475	
0.204246	
0.2144556	
0.2246121	
0.2347227	
0.2448542	
0.2550708	
0.2655393	
0.2756819	
0.2857994	
0.295941	
0.3061325	
0.3162751	
0.3263806	
0.3444218	
0.3487657	
0.3589052	
0.3690408	
0.3792073	
0.3893339	
0.3995034	
0.409692	
0.4200255	
0.4300801	
0.4401166	
0.4502702	
0.4604377	
0.4705813	
0.4807398	
0.4908924	
0.501008	
0.5111905	
0.5213551	
0.5315616	
0.5416922	
0.5518417	
0.5620663	
0.5721058	
0.5822944	
0.5924539	
0.6026075	
0.61276	
0.6228696	
0.6330051	
0.6431997	
0.6533203	
0.6634898	
0.6736034	
0.6837589	
0.6939125	
0.704055	
0.7142266	
0.7243271	
0.7344777	
0.7446452	
0.7547498	
0.7648793	
0.7829865	
0.7953	
0.7996308	
0.8098574	
0.8199529	
0.8300675	
0.840291	
0.8504476	
0.8605871	
0.8706887	
0.8808482	
0.8910258	
0.9011603	
0.9114939	
0.9214865	
0.931596	
0.9418026	
0.9519391	
0.9621197	
0.9721942	
0.9823788	
0.9925573	
1.002687	
1.012816	
1.022955	
1.033117	
1.043491	
1.053438	
1.063542	
1.07375	
1.083839	
1.094002	
1.104139	
1.114315	
1.124402	
1.134539	
1.144718	
1.155513	
1.16509	
1.175294	
1.185405	
1.195528	
1.205905	
1.215774	
1.225993	
1.236071	
1.246165	
1.256373	
1.266582	
1.276732	
1.2869	
1.297001	
1.307301	
1.317326	
1.327464	
1.337643	
1.347761	
1.357903	
1.368047	
1.378227	
1.388344	
1.398522	
1.408701	
1.418827	
1.428968	
1.439121	
1.449275	
1.459517	
1.469633	
1.479784	
1.490005	
1.500034	
1.510227	
1.520369	
1.530515	
1.540678	
1.5508	
1.564295	6.02847256	6.03011257	5.99356597	5.99520598	
1.57443	6.02672827	6.03011257	5.99182169	5.99520598	
1.58466	6.02433534	6.02138592	5.98942875	5.99520598	
1.594707	6.02138636	6.02138592	5.98647977	5.98647933	
1.604891	6.01776959	6.01265927	5.98286301	5.98647933	
1.61509	6.01352382	6.01265927	5.97861723	5.97775269	
1.625201	6.00870408	6.00393263	5.97379749	5.96902604	
1.635391	6.00322011	6.00393263	5.96831352	5.96902604	
1.645414	5.9972302	5.99520598	5.96232362	5.9602994	
1.655863	5.99031067	5.98647933	5.95540409	5.95157275	
1.665802	5.98315761	5.97775269	5.94825103	5.95157275	
1.675948	5.97523184	5.96902604	5.94032526	5.93411946	
1.686069	5.966712	5.96902604	5.93180541	5.93411946	
1.696194	5.95757183	5.9602994	5.92266524	5.92539281	
1.706413	5.94771524	5.95157275	5.91280865	5.91666616	
1.716576	5.93729886	5.9428461	5.90239227	5.90793952	
1.726668	5.92634539	5.93411946	5.89143881	5.89921287	
1.736832	5.91469186	5.92539281	5.87978527	5.89048623	
1.746949	5.90247704	5.91666616	5.86757046	5.88175958	
1.757138	5.88954737	5.90793952	5.85464078	5.86430629	
1.767346	5.87596316	5.89921287	5.84105657	5.86430629	
1.777476	5.8618864	5.88175958	5.82697982	5.84685299	
1.797539	5.8309716	5.86430629	5.79606502	5.8293997	
1.802104	5.82403669	5.86430629	5.78913011	5.8293997	
1.812136	5.80799617	5.84685299	5.77308959	5.81194641	
1.82233	5.79107819	5.83812635	5.7561716	5.80321976	
1.832425	5.77371438	5.8293997	5.73880779	5.79449312	
1.842665	5.75546943	5.81194641	5.72056284	5.77703982	
1.852781	5.73683532	5.79449312	5.70192874	5.75958653	
1.863012	5.71733995	5.77703982	5.68243336	5.74213324	
1.873098	5.69753632	5.75958653	5.66262974	5.72467995	
1.88325	5.67696823	5.74213324	5.64206164	5.69850001	
1.89341	5.65579433	5.7159533	5.62088775	5.67232007	
1.903522	5.6340135	5.68977336	5.59910691	5.64614013	
1.914141	5.61058101	5.65486678	5.57567442	5.61123355	
1.923824	5.5886392	5.62868684	5.55373262	5.58505361	
1.934006	5.5649173	5.6025069	5.53001072	5.55014702	
1.944132	5.54070739	5.56760031	5.50580081	5.51524044	
1.954312	5.51575743	5.53269373	5.48085084	5.48033385	
1.964414	5.4903761	5.49778714	5.45546951	5.45415391	
1.974894	5.46335809	5.47160721	5.4284515	5.42797397	
1.984767	5.43737679	5.43670062	5.4024702	5.39306739	
1.994919	5.41001802	5.41052068	5.37511144	5.3581608	
2.013013	5.35884397	5.3756141	5.32393739	5.33198086	
2.017548	5.34610188	5.34070751	5.3111953	5.29707428	
2.027686	5.31679155	5.30580093	5.28188497	5.26216769	
2.037841	5.28680695	5.27962099	5.25190037	5.23598776	
2.048024	5.25610424	5.2447144	5.22119766	5.20108117	
2.058184	5.22487387	5.21853446	5.18996729	5.16617459	
2.06964	5.18878155	5.18362788	5.15387496	5.13999465	
2.078539	5.16039158	5.16617459	5.125485	5.11381471	
2.088863	5.12673193	5.13999465	5.09182535	5.08763477	
2.098859	5.093582	5.11381471	5.05867541	5.06145483	
2.108954	5.059469	5.08763477	5.02456242	5.02654825	
2.119161	5.02433841	5.06145483	4.98943183	5.00036831	
2.129314	4.98879797	5.03527489	4.95389138	4.97418837	
2.139566	4.95225929	5.00909495	4.91735271	4.94800843	
2.149633	4.91579569	4.97418837	4.8808891	4.91310184	
2.159758	4.87849035	4.93928178	4.84358377	4.88692191	
2.173273	4.82741555	4.9043752	4.79250896	4.85201532	
2.180109	4.8015056	4.86074197	4.76659902	4.81710874	
2.190202	4.76248701	4.81710874	4.72758042	4.7734755	
2.20037	4.72253594	4.7734755	4.68762935	4.72984227	
2.210507	4.68211106	4.72984227	4.64720448	4.68620904	
2.22071	4.64078827	4.6774824	4.60588169	4.64257581	
2.230838	4.59916866	4.63384916	4.56426207	4.59021593	
2.240988	4.55681033	4.59021593	4.52190375	4.5465827	
2.251161	4.51375123	4.53785606	4.47884464	4.50294947	
2.261263	4.47039565	4.49422282	4.43548906	4.45058959	
2.272798	4.41997803	4.44186295	4.38507144	4.39822972	
2.281643	4.38097054	4.39822972	4.34606395	4.34586984	
2.291763	4.33569912	4.34586984	4.30079253	4.29350996	
2.301939	4.2895131	4.29350996	4.25460651	4.24987673	
2.312047	4.24303367	4.24115008	4.20812708	4.19751685	
2.322281	4.19536626	4.1887902	4.16045968	4.14515697	
2.332376	4.14772054	4.13643033	4.11281395	4.10152374	
2.342563	4.09901026	4.08407045	4.06410368	4.04916386	
2.352745	4.04971175	4.03171057	4.01480517	3.99680399	
2.363008	3.9993567	3.98807734	3.96445012	3.95317076	
2.374364	3.94285012	3.94444411	3.90794353	3.90953752	
2.383119	3.89889819	3.90081088	3.8639916	3.85717765	
2.393274	3.84729281	3.85717765	3.81238622	3.80481777	
2.403444	3.79493859	3.80481777	3.76003201	3.76118454	
2.413521	3.74247206	3.76118454	3.70756547	3.71755131	
2.423748	3.68859775	3.71755131	3.65369116	3.66519143	
2.43391	3.63444297	3.66519143	3.59953638	3.6215582	
2.444003	3.58005773	3.61283155	3.54515115	3.56919832	
2.454111	3.52496733	3.56047167	3.49006075	3.52556509	
2.464389	3.46829452	3.5081118	3.43338794	3.47320521	
2.475841	3.40430547	3.45575192	3.36939888	3.42084533	
2.484643	3.35477168	3.40339204	3.3198651	3.35975881	
2.494722	3.29741286	3.34230552	3.26250628	3.29867229	
2.504896	3.2388664	3.28121899	3.20395982	3.24631241	
2.52301	3.13220045	3.22013247	3.09729386	3.17649924	
2.527646	3.10496991	3.14159265	3.07006333	3.10668607	
2.537702	3.04510874	3.08050613	3.01020215	3.0368729	
2.548033	2.98488839	3.01941961	2.9499818	2.96705973	
2.558172	2.92635636	2.94960644	2.89144978	2.9059732	
2.568291	2.86853993	2.87979327	2.83363334	2.83616003	
2.587887	2.75927038	2.74016693	2.72436379	2.70526034	
2.592406	2.7340688	2.71398699	2.69916221	2.6790804	
2.60257	2.67799827	2.64417382	2.64309169	2.60926723	
2.612748	2.62245794	2.58308729	2.58755135	2.54818071	
2.623005	2.56711028	2.51327412	2.5322037	2.47836754	
2.633002	2.51375362	2.46091425	2.47884704	2.42600766	
2.643167	2.46009874	2.39982772	2.42519216	2.36492114	
2.653298	2.40721215	2.3387412	2.37230556	2.30383461	
2.663524	2.35442835	2.28638132	2.31952176	2.26020138	
2.673584	2.30306306	2.24274809	2.26815647	2.19911486	
2.684137	2.24985267	2.19911486	2.21494608	2.15548163	
2.693977	2.20082131	2.14675498	2.16591472	2.11184839	
2.704107	2.15090738	2.10312175	2.11600079	2.05948852	
2.71428	2.10140614	2.05948852	2.06649955	2.01585529	
2.724417	2.05264511	2.02458193	2.01773853	1.97222205	
2.73456	2.00447898	1.9809487	1.9695724	1.93731547	
2.744762	1.95662678	1.94604212	1.9217202	1.89368224	
2.754846	1.9098989	1.90240888	1.87499232	1.85004901	
2.765036	1.86329247	1.8675023	1.82838589	1.81514242	
2.77568	1.81526936	1.83259571	1.78036278	1.78023584	
2.785688	1.77066247	1.79768913	1.73575589	1.74532925	
2.795526	1.72741498	1.76278254	1.69250839	1.70169602	
2.805608	1.68365335	1.72787596	1.64874677	1.66678944	
2.815718	1.64036946	1.68424273	1.60546287	1.63188285	
2.825916	1.59730716	1.6406095	1.56240058	1.58824962	
2.836089	1.55495468	1.59697627	1.52004809	1.54461639	
2.846217	1.51338738	1.55334303	1.4784808	1.50098316	
2.856353	1.47235529	1.50098316	1.4374487	1.46607657	
2.866543	1.43173189	1.45734993	1.39682531	1.41371669	
2.87716	1.39004398	1.40499005	1.3551374	1.37008346	
2.887395	1.3504323	1.36135682	1.31552572	1.32645023	
2.897549	1.3117736	1.30899694	1.27686702	1.27409035	
2.907752	1.27350527	1.26536371	1.23859868	1.23045712	
2.917829	1.23629284	1.21300383	1.20138626	1.18682389	
2.928064	1.19907092	1.1693706	1.16416433	1.14319066	
2.938272	1.16258361	1.12573737	1.12767702	1.09955743	
2.948342	1.1271533	1.08210414	1.09224672	1.04719755	
2.958502	1.09200419	1.04719755	1.0570976	1.01229097	
2.968675	1.05740339	1.00356432	1.0224968	0.968657735	
2.97882	1.0234733	0.968657735	0.988566713	0.93375115	
2.989294	0.989071739	0.925024504	0.954165154	0.890117919	
2.999157	0.957259658	0.898844565	0.922353073	0.855211333	
3.009314	0.925074294	0.86393798	0.890167709	0.820304748	
3.019478	0.893444864	0.837758041	0.858538279	0.802851456	
3.029644	0.862402532	0.820304748	0.827495947	0.776671517	
3.039803	0.831987758	0.79412481	0.797081173	0.750491578	
3.050001	0.802032545	0.767944871	0.76712596	0.733038286	
3.060089	0.772991031	0.750491578	0.738084446	0.715584993	
3.070214	0.744424377	0.733038286	0.709517792	0.689405055	
3.080378	0.716309224	0.715584993	0.681402639	0.663225116	
3.090865	0.687955015	0.689405055	0.65304843	0.645771823	
3.100962	0.661248332	0.671951762	0.626341747	0.628318531	
3.111111	0.634953479	0.654498469	0.600046894	0.610865238	
3.121285	0.60920357	0.637045177	0.574296985	0.593411946	
3.13144	0.584072404	0.610865238	0.549165819	0.567232007	
3.141624	0.559449727	0.593411946	0.524543142	0.549778714	
3.151739	0.535579107	0.575958653	0.500672522	0.523598776	
3.161925	0.512137015	0.558505361	0.47723043	0.506145483	
3.17202	0.489466792	0.541052068	0.454560207	0.488692191	
3.182237	0.467107064	0.506145483	0.432200479	0.462512252	
3.192733	0.444766475	0.488692191	0.409859889	0.436332313	
3.202821	0.423863565	0.453785606	0.38895698	0.410152374	
3.212961	0.403426061	0.427605667	0.368519476	0.383972435	
3.223175	0.383422938	0.401425728	0.348516353	0.357792497	
3.233255	0.364238425	0.366519143	0.32933184	0.331612558	
3.243504	0.345330134	0.340339204	0.310423549	0.305432619	
3.253607	0.327265054	0.314159265	0.292358469	0.27925268	
3.263756	0.309671983	0.287979327	0.274765398	0.253072742	
3.273901	0.292667589	0.261799388	0.257761004	0.235619449	
3.284276	0.275869766	0.244346095	0.240963181	0.20943951	
3.294249	0.260264697	0.218166156	0.225358112	0.183259571	
3.304478	0.244847628	0.200712864	0.209941043	0.165806279	
3.314582	0.230172395	0.191986218	0.19526581	0.148352986	
3.324678	0.216069837	0.174532925	0.181163252	0.13962634	
3.334839	0.202430638	0.174532925	0.167524053	0.130899694	
3.352967	0.180283257	0.157079633	0.145376672	0.122173048	
3.357465	0.174736128	0.157079633	0.139829543	0.104719755	
3.367629	0.162899542	0.157079633	0.127992957	0.104719755	
3.378546	0.150833948	0.148352986	0.115927363	0.104719755	
3.389924	0.138969085	0.13962634	0.1040625	0.104719755	
3.398758	0.130114302	0.130899694	0.0952077173	0.0959931089	
3.408966	0.120458577	0.130899694	0.0855519923	0.0959931089	
3.419101	0.111410323	0.122173048	0.0765037378	0.0959931089	
3.429568	0.102636166	0.122173048	0.067729581	0.0959931089	
3.43943	0.0948601516	0.113446401	0.0599535666	0.0959931089	
3.449615	0.087362492	0.113446401	0.0524559069	0.0959931089	
3.459803	0.0803899483	0.104719755	0.0454833633	0.0872664626	
3.469936	0.0739642931	0.104719755	0.0390577081	0.0872664626	
3.480092	0.0680326981	0.0959931089	0.0331261131	0.0785398163	
3.491503	0.0620344069	0.0959931089	0.0271278218	0.0698131701	
3.500455	0.0576596978	0.0872664626	0.0227531127	0.0610865238	
3.510583	0.0532185578	0.0872664626	0.0183119727	0.0523598776	
3.520761	0.0492299672	0.0872664626	0.0143233821	0.034906585	
3.539175	0.0438750006	0.0698131701	0.00896841553	0.0174532925	
3.543755	0.0424808029	0.0698131701	0.0075742179	0.00872664626	
3.553939	0.0399030455	0.0698131701	0.00499646042	0	
3.563985	0.0377358391	0.0610865238	0.00282925404	-0.00872664626	
3.574089	0.0359156621	0.0523598776	0.00100907709	-0.0174532925	
3.584391	0.0301125656	0.0523598776	-0.0047940194	-0.0174532925	
3.595854	0.0301125656	0.0436332313	-0.0047940194	-0.0174532925	
3.605919	0.0301125656	0.034906585	-0.0047940194	-0.00872664626	
3.61606	0.0301125656	0.034906585	-0.0047940194	-0.00872664626	
3.626251	0.0301125656	0.0261799388	-0.0047940194	-0.00872664626	
3.63636	0.0301125656	0.0261799388	-0.0047940194	-0.00872664626	
3.646529	0.0301125656	0.0261799388	-0.0047940194	0	
3.657326	0.0301125656	0.0261799388	-0.0047940194	0	
3.667693	0.0301125656	0.0261799388	-0.0047940194	0	
3.677541	0.0301125656	0.0261799388	-0.0047940194	0	
3.687749	0.0301125656	0.0261799388	-0.0047940194	0	
3.698209	0.0301125656	0.0261799388	-0.0047940194	0	
3.708088	0.0301125656	0.0261799388	-0.0047940194	0	
3.718241	0.0301125656	0.0261799388	-0.0047940194	0	
3.728357	0.0301125656	0.0261799388	-0.0047940194	0	
3.738603	0.0301125656	0.0261799388	-0.0047940194	0	
3.74869	0.0301125656	0.0261799388	-0.0047940194	0	
3.758856	0.0301125656	0.0261799388	-0.0047940194	0	
3.769028	0.0301125656	0.0261799388	-0.0047940194	0	
3.779141	0.0301125656	0.0261799388	-0.0047940194	0	
3.801096	0.0301125656	0.0261799388	-0.0047940194	0	
3.8056	0.0301125656	0.0261799388	-0.0047940194	0	
3.815766	0.0301125656	0.0261799388	-0.0047940194	0	
3.825863	0.0301125656	0.0261799388	-0.0047940194	0	
3.836025	0.0301125656	0.0261799388	-0.0047940194	0	
3.846166	0.0301125656	0.0261799388	-0.0047940194	0	
3.856309	0.0301125656	0.0261799388	-0.0047940194	0	
3.866562	0.0301125656	0.0261799388	-0.0047940194	0	
3.876761	0.0301125656	0.0261799388	-0.0047940194	0	
3.886923	0.0301125656	0.0261799388	-0.0047940194	0	
3.897109	0.0301125656	0.0261799388	-0.0047940194	0	
3.907239	0.0301125656	0.0261799388	-0.0047940194	0	
3.917362	0.0301125656	0.0261799388	-0.0047940194	0	
3.927509	0.0301125656	0.0261799388	-0.0047940194	0	
3.937749	0.0301125656	0.0261799388	-0.0047940194	0	
3.947849	0.0301125656	0.0261799388	-0.0047940194	0	
3.958022	0.0301125656	0.0261799388	-0.0047940194	0	
3.968134	0.0301125656	0.0261799388	-0.0047940194	0	
3.978389	0.0301125656	0.0261799388	-0.0047940194	0	
3.988465	0.0301125656	0.0261799388	-0.0047940194	0	
3.998629	0.0301125656	0.0261799388	-0.0047940194	0	
4.008827	0.0301125656	0.0261799388	-0.0047940194	0	
4.018947	0.0301125656	0.0261799388	-0.0047940194	0	
4.029101	0.0301125656	0.0261799388	-0.0047940194	0	
4.039247	0.0301125656	0.0261799388	-0.0047940194	0	
4.04966	0.0301125656	0.0261799388	-0.0047940194	0	
4.059861	0.0301125656	0.0261799388	-0.0047940194	0	
4.069993	0.0301125656	0.0261799388	-0.0047940194	0	
4.080176	0.0301125656	0.0261799388	-0.0047940194	0	
4.090514	0.0301125656	0.0261799388	-0.0047940194	0	
4.100641	0.0301125656	0.0261799388	-0.0047940194	0	
4.110794	0.0301125656	0.0261799388	-0.0047940194	0	
4.120993	0.0301125656	0.0261799388	-0.0047940194	0	
4.131074	0.0301125656	0.0261799388	-0.0047940194	0	
4.141271	0.0301125656	0.0261799388	-0.0047940194	0	
4.151404	0.0301125656	0.0261799388	-0.0047940194	0	
4.161603	0.0301125656	0.0261799388	-0.0047940194	0	
4.171792	0.0301125656	0.0261799388	-0.0047940194	0	
4.181983	0.0301125656	0.0261799388	-0.0047940194	0	
4.192131	0.0301125656	0.0261799388	-0.0047940194	0	
4.202388	0.0301125656	0.0261799388	-0.0047940194	0	
4.212485	0.0301125656	0.0261799388	-0.0047940194	0	
4.222685	0.0301125656	0.0261799388	-0.0047940194	0	
4.232915	0.0301125656	0.0261799388	-0.0047940194	0	
4.254089	0.0301125656	0.0261799388	-0.0047940194	0	
4.258815	0.0301125656	0.0261799388	-0.0047940194	0	
4.269548	0.0301125656	0.0261799388	-0.0047940194	0	
