0.03369953	
0.03829733	
0.04875588	
0.05853345	
0.068747	
0.07882356	
0.08904012	
0.09914368	
0.1093402	
0.1195838	
0.1296384	
0.1397999	
0.1505954	
0.160106	
0.1703396	
0.1804121	
0.1905727	
0.2007193	
0.2108198	
0.2210704	
0.2311899	
0.2417745	
0.2583547	
0.2685923	
0.2787349	
0.2889594	
0.299136	
0.3093375	
0.3196691	
0.3298896	
0.3399932	
0.3501487	
0.3602553	
0.3703959	
0.3805534	
0.390654	
0.4007785	
0.4109211	
0.4211146	
0.4312922	
0.4414078	
0.4515813	
0.4616849	
0.4718274	
0.481997	
0.4921466	
0.5023621	
0.5124207	
0.5225572	
0.5328008	
0.5429023	
0.5530039	
0.5631805	
0.573325	
0.5914842	
0.595822	
0.6060996	
0.6162141	
0.6262357	
0.6364043	
0.6465438	
0.6566794	
0.6668139	
0.6769645	
0.6870981	
0.6972296	
0.7074412	
0.7175577	
0.7277233	
0.7458675	
0.7502763	
0.7603609	
0.7704684	
0.780698	
0.7908095	
0.8009561	
0.8110537	
0.8212662	
0.8314138	
0.8415373	
0.8516899	
0.8618344	
0.871946	
0.8821196	
0.8922551	
0.9024577	
0.9131112	
0.9236637	
0.9337603	
0.9438949	
0.9540574	
0.964216	
0.9744225	
0.9845231	
0.9946687	
1.005153	
1.014934	
1.025049	
1.035208	
1.045339	
1.055571	
1.074882	
1.079284	
1.08937	
1.099527	
1.109697	
1.119825	
1.129974	
1.140105	
1.150292	
1.160427	
1.170556	
1.180757	
1.190865	
1.201143	
1.211231	
1.221428	
1.231662	
1.241706	
1.25184	
1.262105	
1.27212	
1.282305	
1.292395	
1.302607	
1.312736	
1.322889	
1.33304	
1.343203	
1.353343	
1.363557	
1.373652	
1.383819	
1.393956	
1.404085	
1.414221	
1.424421	
1.444693	
1.449057	
1.459207	
1.469534	
1.479568	
1.489631	
1.499793	
1.509979	
1.520054	
1.53024	
1.540368	
1.550558	
1.560645	
1.570832	
1.581034	
1.591147	
1.601288	
1.61139	
1.621582	
1.631758	
1.641859	
1.651976	
1.662236	
1.672305	
1.682472	
1.692648	
1.702774	
1.712907	
1.72309	
1.733227	
1.743386	
1.753529	
1.763679	
1.773762	
1.784163	
1.794305	
1.804422	
1.814533	
1.824701	
1.83488	
1.845025	
1.855123	
1.865252	
1.875392	
1.885765	
1.896141	
1.905947	
1.91611	
1.926291	
1.946928	
1.951277	
1.961405	
1.971581	
1.981739	
1.992096	
2.002014	
2.012105	
2.022304	
2.032425	
2.042553	
2.052727	
2.062857	
2.072984	
2.083145	
2.093394	
2.103505	
2.113596	
2.123743	
2.133882	
2.144005	
2.154149	
2.164272	
2.174509	
2.184599	
2.194706	
2.204932	
2.214996	
2.225134	
2.235302	
2.245431	
2.255632	
2.265683	
2.275841	
2.293834	
2.2982	
2.308366	
2.31856	
2.328659	
2.338784	
2.348983	
2.359133	
2.369293	
2.379765	
2.38962	
2.399824	
2.409938	
2.420097	
2.430311	
2.440382	
2.450533	
2.460713	
2.470819	
2.480996	
2.491133	
2.501321	
2.511431	
2.521568	
2.531767	
2.541909	
2.552049	
2.562186	
2.572325	
2.58255	
2.592634	
2.602811	
2.612905	
2.623104	
2.633218	
2.643378	
2.653558	
2.663792	
2.673852	
2.683995	
2.694219	
2.704292	
2.714438	
2.724634	
2.734773	
2.744882	
2.755031	
2.765148	
2.775296	
2.785469	
2.795595	
2.805715	
2.815885	
2.826306	
2.836191	
2.846393	
2.856445	
2.866615	
2.876779	
2.886885	
2.897013	
2.907207	
2.91731	
2.935396	
2.939778	
2.949918	
2.960044	
2.970183	
2.980333	
2.990546	
3.000644	
3.010733	
3.020929	
3.031103	
3.041248	
3.05141	
3.061544	
3.071753	
3.081805	
3.091993	
3.102545	65.4159432	65.4149404	65.6253827	65.6243799	
3.112357	65.4174302	65.4149404	65.6268697	65.6243799	
3.122504	65.4195951	65.4149404	65.6290346	65.6243799	
3.132603	65.422363	65.423667	65.6318025	65.6243799	
3.142824	65.4257936	65.423667	65.6352331	65.6331065	
3.152935	65.4297959	65.423667	65.6392354	65.6331065	
3.163067	65.4344249	65.4323937	65.6438644	65.6418332	
3.173224	65.439684	65.4323937	65.6491235	65.6418332	
3.183392	65.445572	65.4411203	65.6550115	65.6418332	
3.193547	65.4520668	65.4498469	65.6615063	65.6505598	
3.203755	65.4592592	65.4498469	65.6686987	65.6592865	
3.213825	65.4668912	65.4585736	65.6763307	65.6592865	
3.224	65.4752607	65.4673002	65.6847002	65.6680131	
3.234174	65.4842514	65.4673002	65.6936909	65.6767398	
3.24427	65.4937825	65.4847535	65.703222	65.694193	
3.254524	65.5040953	65.4847535	65.7135348	65.694193	
3.264625	65.5148638	65.5022068	65.7243033	65.7116463	
3.274701	65.5262116	65.5022068	65.7356511	65.720373	
3.284923	65.5383576	65.5196601	65.7477971	65.7290996	
3.295289	65.5513293	65.5196601	65.7607688	65.7465529	
3.305489	65.5647144	65.5283868	65.7741539	65.7552796	
3.315328	65.5781778	65.5371134	65.7876173	65.7640062	
3.325547	65.5928095	65.5458401	65.802249	65.7814595	
3.343696	65.621611	65.57202	65.8310505	65.7989128	
3.348517	65.628742	65.57202	65.8381815	65.8076394	
3.358691	65.6453243	65.5894733	65.8547638	65.8250927	
3.368762	65.662356	65.6069266	65.8717955	65.8338194	
3.378937	65.6801825	65.6243799	65.889622	65.8512727	
3.398041	65.716374	65.6592865	65.9258135	65.8774526	
3.403213	65.7261064	65.6767398	65.9355459	65.8861793	
3.412823	65.7448765	65.694193	65.954316	65.9036326	
3.422913	65.7652074	65.7290996	65.9746469	65.9298125	
3.441938	65.8062528	65.7814595	66.0156923	65.9734457	
3.446896	65.8168886	65.7901862	66.0263282	65.990899	
3.456649	65.8385062	65.8250927	66.0479457	66.0083523	
3.466729	65.8614679	65.8512727	66.0709075	66.0432589	
3.476943	65.8853769	65.8861793	66.0948164	66.0781655	
3.487028	65.9095855	65.9123592	66.119025	66.1130721	
3.497191	65.9346086	65.9385391	66.1440481	66.139252	
3.507559	65.96078	65.9647191	66.1702196	66.1741586	
3.517597	65.9867103	65.990899	66.1961498	66.2003385	
3.527893	66.01397	66.0258056	66.2234095	66.2352451	
3.537928	66.0411025	66.0432589	66.250542	66.2614251	
3.548129	66.0693412	66.0694388	66.2787808	66.287605	
3.558488	66.0986606	66.0956188	66.3081001	66.3225116	
3.568442	66.1274073	66.1305254	66.3368468	66.3486915	
3.57858	66.1573136	66.1479787	66.3667531	66.3748715	
3.588705	66.1877901	66.1828852	66.3972296	66.3923247	
3.598868	66.2190237	66.2090652	66.4284633	66.4272313	
3.609136	66.2512261	66.2352451	66.4606656	66.4534113	
3.61927	66.2835657	66.2614251	66.4930052	66.4795912	
3.629482	66.3168049	66.287605	66.5262444	66.5057711	
3.639648	66.3505298	66.3225116	66.5599693	66.5319511	
3.649736	66.3845734	66.3486915	66.5940129	66.5668577	
3.660109	66.4203002	66.3835981	66.6297397	66.5930376	
3.670099	66.4552231	66.4185047	66.6646626	66.6279442	
3.680235	66.4912985	66.4446846	66.700738	66.6628508	
3.690354	66.5279308	66.4795912	66.7373703	66.6977574	
3.700491	66.5652489	66.5144978	66.7746884	66.732664	
3.710755	66.6036898	66.558131	66.8131293	66.7762972	
3.729016	66.6744824	66.6366708	66.8839219	66.8461104	
3.733809	66.6930126	66.6541241	66.9024521	66.8722903	
3.743796	66.7323653	66.6977574	66.9418048	66.9159235	
3.753979	66.7731265	66.7413906	66.982566	66.9508301	
3.764022	66.8139036	66.7937505	67.0233431	67.00319	
3.774179	66.8558078	66.8373837	67.0652473	67.0468232	
3.784304	66.8981691	66.8810169	67.1076086	67.0904564	
3.794445	66.941206	66.9333768	67.1506455	67.1428163	
3.804542	66.9847014	66.97701	67.1941409	67.1864496	
3.814782	67.0294287	67.0206433	67.2388683	67.2300828	
3.824919	67.0743017	67.0730032	67.2837412	67.2824427	
3.835043	67.1197405	67.1166364	67.32918	67.3348025	
3.84523	67.1660912	67.1602696	67.3755307	67.3784358	
3.855355	67.2127824	67.2126295	67.4222219	67.422069	
3.865492	67.2601127	67.2562627	67.4695522	67.4744289	
3.875651	67.3081989	67.3086226	67.5176384	67.5180621	
3.885942	67.3575446	67.3522558	67.5669841	67.570422	
3.896013	67.4064326	67.4046157	67.6158721	67.6140552	
3.90723	67.4617023	67.4569756	67.6711418	67.6751417	
3.91679	67.5093023	67.4918822	67.7187418	67.718775	
3.926746	67.559429	67.5442421	67.7688686	67.7624082	
3.936903	67.6112083	67.5878753	67.8206479	67.8147681	
3.947021	67.6634486	67.6402352	67.8728881	67.8584013	
3.957239	67.7167925	67.6838684	67.926232	67.9107612	
3.96732	67.7700477	67.7362283	67.9794872	67.9631211	
3.977643	67.8252119	67.7885881	68.0346514	68.015481	
3.9878	67.8803005	67.840948	68.08974	68.0678408	
3.997928	67.9354842	67.8933079	68.1449237	68.1202007	
4.008081	67.991594	67.9456678	68.2010336	68.1725606	
4.018299	68.0487313	68.0067543	68.2581708	68.2249205	
4.028414	68.1058354	68.0678408	68.315275	68.286007	
4.038626	68.1641445	68.1289274	68.373584	68.3470935	
4.050426	68.2324251	68.1987405	68.4418646	68.4169067	
4.060518	68.2913767	68.259827	68.5008162	68.4779932	
4.070705	68.3515028	68.3296402	68.5609423	68.5390797	
4.08081	68.4117791	68.3907267	68.6212186	68.6001662	
4.090956	68.4710522	68.4518133	68.6804917	68.6612528	
4.101129	68.5298991	68.5216264	68.7393387	68.7223393	
4.112356	68.5941087	68.5914396	68.8035482	68.7921525	
4.121508	68.6459287	68.6525261	68.8553682	68.853239	
4.131614	68.7025692	68.7223393	68.9120087	68.9230522	
4.149641	68.8013196	68.8357857	69.0107591	69.0364986	
4.154164	68.8261568	68.8619656	69.0355963	69.0626785	
4.164337	68.8812233	68.9230522	69.0906628	69.1324917	
4.17451	68.9356902	68.9841387	69.1451297	69.1848515	
4.184786	68.9901144	69.0364986	69.1995539	69.2459381	
4.19475	69.0422791	69.0888584	69.2517186	69.3070246	
4.205305	69.0968903	69.1412183	69.3063298	69.3593845	
4.21661	69.1546251	69.1935782	69.3640647	69.4117444	
4.225237	69.1982809	69.2372114	69.4077204	69.4553776	
4.235366	69.2489175	69.2895713	69.458357	69.4990108	
4.245486	69.2989068	69.3332045	69.5083463	69.5513707	
4.255652	69.3485334	69.3768378	69.5579729	69.5950039	
4.265761	69.3972682	69.420471	69.6067077	69.6386372	
4.275982	69.4459495	69.4641042	69.655389	69.6735437	
4.286145	69.49374	69.5077375	69.7031795	69.7259036	
4.296224	69.5405507	69.5513707	69.7499902	69.7608102	
4.306695	69.5885356	69.5950039	69.7979751	69.8044434	
4.317978	69.6394908	69.6386372	69.8489303	69.8480767	
4.326748	69.6787048	69.6735437	69.8881443	69.8917099	
4.336827	69.7230931	69.717177	69.9325326	69.9353431	
4.346962	69.7671642	69.7608102	69.9766037	69.9702497	
4.357119	69.8107346	69.7957168	70.0201741	70.0138829	
4.367221	69.8534898	69.83935	70.0629293	70.0575162	
4.377558	69.8965947	69.8742566	70.1060342	70.0924228	
4.390165	69.9482078	69.9178898	70.1576473	70.136056	
4.399058	69.9842092	69.9615231	70.1936487	70.1796892	
4.40792	70.0195991	70.0051563	70.2290386	70.2233225	
4.419578	70.0653634	70.0487895	70.2748029	70.2669557	
4.428265	70.0990571	70.0924228	70.3084966	70.3018623	
4.438527	70.138214	70.136056	70.3476535	70.3454955	
4.44859	70.1760492	70.1796892	70.3854887	70.3891287	
4.458715	70.2134966	70.2233225	70.4229361	70.432762	
4.468906	70.2506212	70.2669557	70.4600607	70.4763952	
4.479039	70.2869209	70.3105889	70.4963604	70.5113018	
4.489201	70.3227301	70.3542221	70.5321696	70.554935	
4.499369	70.3579798	70.3891287	70.5674193	70.5898416	
4.509471	70.3923763	70.4240353	70.6018159	70.6334748	
4.521047	70.4310181	70.4676685	70.6404577	70.6683814	
4.529827	70.4599136	70.5025751	70.6693531	70.703288	
4.539972	70.4926877	70.5287551	70.7021272	70.7381946	
4.55013	70.5249122	70.5636617	70.7343517	70.7731012	
4.56023	70.5563702	70.5985682	70.7658097	70.8080078	
4.570432	70.5875381	70.6247482	70.7969776	70.8429143	
4.580562	70.6179013	70.6509281	70.8273408	70.8690943	
4.590796	70.6479687	70.6771081	70.8574082	70.9040009	
4.600891	70.6770609	70.703288	70.8865004	70.9301808	
4.611009	70.7056175	70.7294679	70.915057	70.9650874	
4.62263	70.737614	70.7556479	70.9470535	70.9912673	
4.631384	70.7613225	70.7731012	70.9707621	71.0087206	
4.641479	70.788044	70.7992811	70.9974835	71.0349006	
4.651633	70.8143489	70.8167344	71.0237884	71.0523538	
4.661781	70.8400407	70.8429143	71.0494802	71.0698071	
4.672018	70.8653722	70.8603676	71.0748117	71.0872604	
4.682117	70.889771	70.8778209	71.0992105	71.1047137	
4.692268	70.9137102	70.8952742	71.1231497	71.1308937	
4.702491	70.9372344	70.9127275	71.1466739	71.1396203	
4.712555	70.9598049	70.9301808	71.1692444	71.1658003	
4.724121	70.9849673	70.9476341	71.1944069	71.1745269	
4.732979	71.0038318	70.973814	71.2132713	71.2007068	
4.74304	71.0246625	70.999994	71.2341021	71.2181601	
4.753167	71.0450517	71.0174473	71.2544912	71.2356134	
4.763282	71.0648501	71.0436272	71.2742896	71.2617934	
4.773505	71.0842686	71.0698071	71.2937082	71.2792467	
4.783649	71.1029526	71.0872604	71.3123921	71.2966999	
4.793782	71.1210432	71.1134404	71.3304827	71.3228799	
4.80395	71.1386172	71.1308937	71.3480567	71.3490598	
4.814061	71.1555351	71.148347	71.3649746	71.3665131	
4.825637	71.1741026	71.1658003	71.3835421	71.3839664	
4.834663	71.1881867	71.1832535	71.3976262	71.4101463	
4.844541	71.2030326	71.2007068	71.4124721	71.418873	
4.854705	71.2177358	71.2181601	71.4271753	71.4450529	
4.865105	71.2321834	71.2356134	71.4416229	71.4625062	
4.874958	71.2453443	71.2530667	71.4547838	71.4799595	
4.885097	71.2583234	71.2617934	71.4677629	71.4974128	
4.895213	71.2707147	71.2792467	71.4801542	71.5148661	
4.907499	71.2848793	71.2966999	71.4943188	71.5235927	
4.915541	71.2938881	71.3141532	71.5033276	71.541046	
4.927291	71.3061951	71.3316065	71.5156346	71.541046	
4.943803	71.321817	71.3403332	71.5312565	71.5497727	
4.948382	71.3261879	71.3490598	71.5356274	71.5584993	
4.958571	71.3352114	71.3490598	71.5446509	71.5584993	
4.968624	71.3435959	71.3490598	71.5530355	71.5584993	
4.978824	71.3515658	71.3577865	71.5610053	71.5584993	
4.988994	71.3589762	71.3577865	71.5684157	71.5584993	
4.99914	71.3658507	71.3577865	71.5752902	71.5584993	
5.009233	71.3721779	71.3577865	71.5816174	71.567226	
5.019411	71.37805	71.3577865	71.5874895	71.5759526	
5.030074	71.3836292	71.3577865	71.5930687	71.5759526	
5.040236	71.388466	71.3665131	71.5979055	71.5846793	
5.050345	71.392799	71.3665131	71.6022385	71.5846793	
5.060509	71.396684	71.3665131	71.6061235	71.5934059	
5.070676	71.4001097	71.3665131	71.6095492	71.5934059	
5.080827	71.4030874	71.3665131	71.6125269	71.6021326	
5.090965	71.4056383	71.3665131	71.6150778	71.6108592	
5.101149	71.4077951	71.3752398	71.6172346	71.6108592	
5.111281	71.4095669	71.3752398	71.6190064	71.6195859	
5.121386	71.4149404	71.3839664	71.6243799	71.6195859	
5.131641	71.4149404	71.3839664	71.6243799	71.6283125	
5.141806	71.4149404	71.3926931	71.6243799	71.6283125	
5.152044	71.4149404	71.3926931	71.6243799	71.6283125	
5.162139	71.4149404	71.4014197	71.6243799	71.6283125	
5.172255	71.4149404	71.4014197	71.6243799	71.6195859	
5.182528	71.4149404	71.4101463	71.6243799	71.6195859	
5.192584	71.4149404	71.4101463	71.6243799	71.6195859	
5.202799	71.4149404	71.4101463	71.6243799	71.6195859	
5.21285	71.4149404	71.4101463	71.6243799	71.6195859	
5.222984	71.4149404	71.4101463	71.6243799	71.6195859	
5.23382	71.4149404	71.4101463	71.6243799	71.6195859	
5.243627	71.4149404	71.4101463	71.6243799	71.6195859	
5.253762	71.4149404	71.4101463	71.6243799	71.6195859	
5.271731	71.4149404	71.4101463	71.6243799	71.6195859	
5.276625	71.4149404	71.4101463	71.6243799	71.6195859	
5.2865	71.4149404	71.4101463	71.6243799	71.6195859	
5.296566	71.4149404	71.4101463	71.6243799	71.6195859	
5.306713	71.4149404	71.4101463	71.6243799	71.6195859	
5.316811	71.4149404	71.4101463	71.6243799	71.6195859	
5.327169	71.4149404	71.4101463	71.6243799	71.6195859	
5.337161	71.4149404	71.4101463	71.6243799	71.6195859	
5.347303	71.4149404	71.4101463	71.6243799	71.6195859	
5.357505	71.4149404	71.4101463	71.6243799	71.6195859	
5.367597	71.4149404	71.4101463	71.6243799	71.6195859	
5.377796	71.4149404	71.4101463	71.6243799	71.6195859	
5.387992	71.4149404	71.4101463	71.6243799	71.6195859	
5.405188	71.4149404	71.4101463	71.6243799	71.6195859	
5.410139	71.4149404	71.4101463	71.6243799	71.6195859	
5.420176	71.4149404	71.4101463	71.6243799	71.6195859	
5.431014	71.4149404	71.4101463	71.6243799	71.6195859	
5.44062	71.4149404	71.4101463	71.6243799	71.6195859	
5.451122	71.4149404	71.4101463	71.6243799	71.6195859	
5.46106	71.4149404	71.4101463	71.6243799	71.6195859	
5.471157	71.4149404	71.4101463	71.6243799	71.6195859	
5.481298	71.4149404	71.4101463	71.6243799	71.6195859	
5.491426	71.4149404	71.4101463	71.6243799	71.6195859	
5.50158	71.4149404	71.4101463	71.6243799	71.6195859	
5.511689	71.4149404	71.4101463	71.6243799	71.6195859	
5.521825	71.4149404	71.4101463	71.6243799	71.6195859	
5.532032	71.4149404	71.4101463	71.6243799	71.6195859	
5.542178	71.4149404	71.4101463	71.6243799	71.6195859	
5.552317	71.4149404	71.4101463	71.6243799	71.6195859	
5.56241	71.4149404	71.4101463	71.6243799	71.6195859	
5.572611	71.4149404	71.4101463	71.6243799	71.6195859	
5.582847	71.4149404	71.4101463	71.6243799	71.6195859	
5.592896	71.4149404	71.4101463	71.6243799	71.6195859	
5.60304	71.4149404	71.4101463	71.6243799	71.6195859	
5.613181	71.4149404	71.4101463	71.6243799	71.6195859	
5.623331	71.4149404	71.4101463	71.6243799	71.6195859	
5.633513	71.4149404	71.4101463	71.6243799	71.6195859	
5.64362	71.4149404	71.4101463	71.6243799	71.6195859	
5.653822	71.4149404	71.4101463	71.6243799	71.6195859	
5.67183	71.4149404	71.4101463	71.6243799	71.6195859	
5.676462	71.4149404	71.4101463	71.6243799	71.6195859	
5.686577	71.4149404	71.4101463	71.6243799	71.6195859	
5.696654	71.4149404	71.4101463	71.6243799	71.6195859	
5.706783	71.4149404	71.4101463	71.6243799	71.6195859	
5.716934	71.4149404	71.4101463	71.6243799	71.6195859	
5.727085	71.4149404	71.4101463	71.6243799	71.6195859	
5.737261	71.4149404	71.4101463	71.6243799	71.6195859	
5.747426	71.4149404	71.4101463	71.6243799	71.6195859	
5.757631	71.4149404	71.4101463	71.6243799	71.6195859	
5.76769	71.4149404	71.4101463	71.6243799	71.6195859	
5.77786	71.4149404	71.4101463	71.6243799	71.6195859	
5.788045	71.4149404	71.4101463	71.6243799	71.6195859	
5.79819	71.4149404	71.4101463	71.6243799	71.6195859	
5.808292	71.4149404	71.4101463	71.6243799	71.6195859	
5.818437	71.4149404	71.4101463	71.6243799	71.6195859	
5.828619	71.4149404	71.4101463	71.6243799	71.6195859	
5.838814	71.4149404	71.4101463	71.6243799	71.6195859	
5.848919	71.4149404	71.4101463	71.6243799	71.6195859	
5.85911	71.4149404	71.4101463	71.6243799	71.6195859	
5.869302	71.4149404	71.4101463	71.6243799	71.6195859	
5.879375	71.4149404	71.4101463	71.6243799	71.6195859	
5.889601	71.4149404	71.4101463	71.6243799	71.6195859	
5.899835	71.4149404	71.4101463	71.6243799	71.6195859	
5.919289	71.4149404	71.4101463	71.6243799	71.6195859	
5.924278	71.4149404	71.4101463	71.6243799	71.6195859	
5.934069	71.4149404	71.4101463	71.6243799	71.6195859	
5.944143	71.4149404	71.4101463	71.6243799	71.6195859	
5.95437	71.4149404	71.4101463	71.6243799	71.6195859	
5.96451	71.4149404	71.4101463	71.6243799	71.6195859	
5.9747	71.4149404	71.4101463	71.6243799	71.6195859	
5.984843	71.4149404	71.4101463	71.6243799	71.6195859	
5.994937	71.4149404	71.4101463	71.6243799	71.6195859	
6.005086	71.4149404	71.4101463	71.6243799	71.6195859	
6.01518	71.4149404	71.4101463	71.6243799	71.6195859	
6.025332	71.4149404	71.4101463	71.6243799	71.6195859	
6.035504	71.4149404	71.4101463	71.6243799	71.6195859	
6.045688	71.4149404	71.4101463	71.6243799	71.6195859	
6.055837	71.4149404	71.4101463	71.6243799	71.6195859	
6.073878	71.4149404	71.4101463	71.6243799	71.6195859	
6.078519	71.4149404	71.4101463	71.6243799	71.6195859	
6.088585	71.4149404	71.4101463	71.6243799	71.6195859	
6.098742	71.4149404	71.4101463	71.6243799	71.6195859	
6.108905	71.4149404	71.4101463	71.6243799	71.6195859	
6.119057	71.4149404	71.4101463	71.6243799	71.6195859	
6.129211	71.4149404	71.4101463	71.6243799	71.6195859	
6.139388	71.4149404	71.4101463	71.6243799	71.6195859	
6.149542	71.4149404	71.4101463	71.6243799	71.6195859	
6.15969	71.4149404	71.4101463	71.6243799	71.6195859	
6.170016	71.4149404	71.4101463	71.6243799	71.6195859	
6.180011	71.4149404	71.4101463	71.6243799	71.6195859	
6.190192	71.4149404	71.4101463	71.6243799	71.6195859	
6.200306	71.4149404	71.4101463	71.6243799	71.6195859	
6.210416	71.4149404	71.4101463	71.6243799	71.6195859	
6.22056	71.4149404	71.4101463	71.6243799	71.6195859	
6.230774	71.4149404	71.4101463	71.6243799	71.6195859	
6.240897	71.4149404	71.4101463	71.6243799	71.6195859	
6.251037	71.4149404	71.4101463	71.6243799	71.6195859	
6.261229	71.4149404	71.4101463	71.6243799	71.6195859	
6.271333	71.4149404	71.4101463	71.6243799	71.6195859	
6.281509	71.4149404	71.4101463	71.6243799	71.6195859	
6.29164	71.4149404	71.4101463	71.6243799	71.6195859	
6.301807	71.4149404	71.4101463	71.6243799	71.6195859	
6.312018	71.4149404	71.4101463	71.6243799	71.6195859	
6.3224	71.4149404	71.4101463	71.6243799	71.6195859	
6.332326	71.4149404	71.4101463	71.6243799	71.6195859	
6.342485	71.4149404	71.4101463	71.6243799	71.6195859	
6.352599	71.4149404	71.4101463	71.6243799	71.6195859	
6.36273	71.4149404	71.4101463	71.6243799	71.6195859	
6.372841	71.4149404	71.4101463	71.6243799	71.6195859	
6.383044	71.4149404	71.4101463	71.6243799	71.6195859	
6.393209	71.4149404	71.4101463	71.6243799	71.6195859	
6.40336	71.4149404	71.4101463	71.6243799	71.6195859	
6.413578	71.4149404	71.4101463	71.6243799	71.6195859	
6.423668	71.4149404	71.4101463	71.6243799	71.61958