0.5452472	
0.5549717	
0.5651653	
0.5749889	
0.5851034	
0.595258	
0.6054395	
0.6156781	
0.6257677	
0.6359142	
0.6460358	
0.6561813	
0.6663329	
0.6766194	
0.686681	
0.6968156	
0.7070781	
0.7175316	
0.7273632	
0.7374108	
0.7475353	
0.7577229	
0.7682404	
0.777968	
0.7881036	
0.7982351	
0.8084937	
0.8187002	
0.8288568	
0.8389993	
0.8491449	
0.8593405	
0.869472	
0.8796206	
0.8897911	
0.8999267	
0.9100872	
0.9202248	
0.9303543	
0.9405549	
0.9506535	
0.960805	
0.9710036	
0.9823941	
0.9925296	
1.002678	
1.01295	
1.022989	
1.033165	
1.043307	
1.053468	
1.063609	
1.07371	
1.083917	
1.09405	
1.104191	
1.114338	
1.124583	
1.134684	
1.144808	
1.155019	
1.165098	
1.17525	
1.18533	
1.195501	
1.205713	
1.215855	
1.226162	
1.236107	
1.24623	
1.256388	
1.266532	
1.276726	
1.28682	
1.297027	
1.307142	
1.317276	
1.327429	
1.337562	
1.347702	
1.357914	
1.368009	
1.380724	6.02865524	6.03011257	6.01992859	6.02138592	
1.390497	6.02705123	6.03011257	6.01832458	6.02138592	
1.400606	6.02476765	6.03011257	6.016041	6.01265927	
1.410728	6.02186462	6.03011257	6.01313797	6.01265927	
1.420935	6.01831179	6.02138592	6.00958514	6.01265927	
1.431035	6.01418726	6.02138592	6.00546062	6.01265927	
1.441218	6.00940101	6.02138592	6.00067437	6.01265927	
1.451382	6.0040083	6.02138592	5.99528165	6.01265927	
1.461626	5.99793797	6.02138592	5.98921132	6.00393263	
1.471684	5.99137921	6.02138592	5.98265256	6.00393263	
1.481918	5.98406725	6.02138592	5.9753406	6.00393263	
1.492074	5.97620008	6.02138592	5.96747344	5.99520598	
1.502182	5.96775705	6.02138592	5.9590304	5.98647933	
1.512335	5.95865667	6.02138592	5.94993003	5.97775269	
1.522471	5.94894841	6.01265927	5.94022176	5.96902604	
1.532668	5.93856527	6.00393263	5.92983862	5.9602994	
1.542826	5.92760078	5.98647933	5.91887414	5.9428461	
1.552939	5.91607506	5.96902604	5.90734842	5.93411946	
1.563157	5.90379894	5.95157275	5.89507229	5.90793952	
1.573702	5.89044571	5.93411946	5.88171906	5.89921287	
1.584137	5.87658275	5.91666616	5.8678561	5.88175958	
1.594074	5.86281503	5.89921287	5.85408839	5.86430629	
1.604257	5.84806647	5.88175958	5.83933982	5.84685299	
1.614404	5.83267469	5.85557964	5.82394804	5.8293997	
1.624689	5.81621445	5.83812635	5.8074878	5.82067306	
1.634707	5.80026925	5.81194641	5.79154261	5.80321976	
1.644884	5.78304474	5.79449312	5.77431809	5.79449312	
1.655012	5.76530342	5.77703982	5.75657678	5.77703982	
1.665147	5.74692999	5.75958653	5.73820335	5.75958653	
1.675275	5.72794246	5.73340659	5.71921582	5.73340659	
1.685452	5.70824577	5.7159533	5.69951913	5.7159533	
1.695945	5.68727524	5.68977336	5.67854859	5.68977336	
1.706042	5.66649055	5.67232007	5.65776391	5.67232007	
1.716194	5.6449726	5.65486678	5.63624595	5.64614013	
1.72641	5.62268855	5.63741348	5.61396191	5.61996019	
1.736489	5.60010715	5.61996019	5.5913805	5.59378025	
1.746636	5.57673951	5.6025069	5.56801287	5.57632696	
1.756806	5.55270711	5.58505361	5.54398046	5.55014702	
1.766997	5.52799638	5.56760031	5.51926973	5.53269373	
1.777539	5.50176178	5.55014702	5.49303513	5.51524044	
1.787349	5.4767827	5.53269373	5.46805605	5.48033385	
1.797464	5.45041723	5.49778714	5.44169058	5.46288056	
1.807559	5.42349053	5.47160721	5.41476389	5.44542727	
1.817706	5.39580307	5.44542727	5.38707643	5.41924733	
1.827894	5.36736819	5.41052068	5.35864154	5.39306739	
1.838049	5.33843363	5.3756141	5.32970698	5.3581608	
1.848182	5.30893197	5.33198086	5.30020533	5.33198086	
1.858454	5.27836987	5.29707428	5.26964322	5.29707428	
1.868564	5.24771476	5.25344105	5.23898812	5.26216769	
1.879021	5.2153151	5.21853446	5.20658846	5.22726111	
1.88932	5.18276644	5.18362788	5.17403979	5.19235452	
1.899324	5.15060041	5.15744794	5.14187376	5.14872129	
1.909454	5.11738678	5.12254135	5.10866013	5.11381471	
1.919567	5.08361589	5.09636142	5.07488925	5.07018148	
1.929728	5.0490569	5.06145483	5.04033026	5.03527489	
1.939902	5.01382501	5.02654825	5.00509837	4.99164166	
1.950074	4.97800423	4.99164166	4.96927758	4.95673508	
1.960255	4.94150798	4.95673508	4.93278133	4.92182849	
1.970352	4.90471834	4.91310184	4.89599169	4.88692191	
1.980584	4.86678566	4.87819526	4.85805901	4.85201532	
1.990725	4.8285756	4.83456203	4.81984896	4.81710874	
2.000903	4.78962665	4.79965544	4.7809	4.78220215	
2.01108	4.75005651	4.76474886	4.74132986	4.74729557	
2.021225	4.70998239	4.72111563	4.70125574	4.71238898	
2.031325	4.66948749	4.68620904	4.66076084	4.6774824	
2.041509	4.62802697	4.65130246	4.61930032	4.63384916	
2.051666	4.58604144	4.60766923	4.57731479	4.59894258	
2.069774	4.5088033	4.5465827	4.50007666	4.52912941	
2.074249	4.48978916	4.52040276	4.48106251	4.50294947	
2.084621	4.44405132	4.48549618	4.43532468	4.46804289	
2.102782	4.36380427	4.44186295	4.35507763	4.42440965	
2.107339	4.34356292	4.38077642	4.33483627	4.36332313	
2.117404	4.29799381	4.33714319	4.28926716	4.31096325	
2.127535	4.25151255	4.28478331	4.2427859	4.25860337	
2.137883	4.20338644	4.23242344	4.19465979	4.2062435	
2.147856	4.15643773	4.17133691	4.14771108	4.15388362	
2.158039	4.10785247	4.11897703	4.09912583	4.10152374	
2.168183	4.05882217	4.05789051	4.05009552	4.04916386	
2.178275	4.00947795	4.00553063	4.0007513	3.99680399	
2.196682	3.91689434	3.91826417	3.9081677	3.90081088	
2.201184	3.89435786	3.89208423	3.88563122	3.87463094	
2.211669	3.84090128	3.83972435	3.83217463	3.83099771	
2.221594	3.78983159	3.78736448	3.78110494	3.76991118	
2.231687	3.73723379	3.7350046	3.72850715	3.72627795	
2.241904	3.68334369	3.68264472	3.67461705	3.67391808	
2.252052	3.62920701	3.63028484	3.62048037	3.6215582	
2.262182	3.57455121	3.57792497	3.56582456	3.56919832	
2.272353	3.51905224	3.52556509	3.51032559	3.51683844	
2.28246	3.46330274	3.47320521	3.4545761	3.45575192	
2.29386	3.39956758	3.41211869	3.39084093	3.40339204	
2.304246	3.34088401	3.35975881	3.33215737	3.35103216	
2.314097	3.28470203	3.30739893	3.27597538	3.29867229	
2.324195	3.22645095	3.25503905	3.2177243	3.24631241	
2.334329	3.16741023	3.20267918	3.15868358	3.18522588	
2.34545	3.10178854	3.14159265	3.0930619	3.12413936	
2.355654	3.0410265	3.08050613	3.03229986	3.07177948	
2.365746	2.9821192	3.01941961	2.97339255	3.00196631	
2.375898	2.92342998	2.95833308	2.91470334	2.94087979	
2.386277	2.86409821	2.89724656	2.85537157	2.87979327	
2.396234	2.80772768	2.82743339	2.79900104	2.81870674	
2.406382	2.75091496	2.75762022	2.74218832	2.74889357	
2.416512	2.69477795	2.68780705	2.6860513	2.68780705	
2.426641	2.63925469	2.62672052	2.63052804	2.61799388	
2.436848	2.58389107	2.55690735	2.57516442	2.54818071	
2.447025	2.52930816	2.49582083	2.52058151	2.48709418	
2.457132	2.47568776	2.43473431	2.46696112	2.42600766	
2.467262	2.42253786	2.37364778	2.41381121	2.37364778	
2.477394	2.36997982	2.32128791	2.36125318	2.31256126	
2.487784	2.31669883	2.26892803	2.30797218	2.26020138	
2.497748	2.26619172	2.21656815	2.25746508	2.19911486	
2.507917	2.21525229	2.17293492	2.20652565	2.15548163	
2.51819	2.16440313	2.12057504	2.15567648	2.10312175	
2.528152	2.11567038	2.07694181	2.10694373	2.05948852	
2.538353	2.06636511	2.03330858	2.05763846	2.01585529	
2.548607	2.01742979	1.99840199	2.00870315	1.97222205	
2.558623	1.97019628	1.95476876	1.96146963	1.92858882	
2.569169	1.92042715	1.91986218	1.9117005	1.88495559	
2.578936	1.87619738	1.87622895	1.86747074	1.85004901	
2.5891	1.83006696	1.84132236	1.82134032	1.81514242	
2.599267	1.7845221	1.80641578	1.77579546	1.77150919	
2.609415	1.73967144	1.76278254	1.73094479	1.73660261	
2.619621	1.69514762	1.72787596	1.68642097	1.70169602	
2.629762	1.65151367	1.69296937	1.64278702	1.65806279	
2.639911	1.60843736	1.6406095	1.59971072	1.6231562	
2.650068	1.56592006	1.60570291	1.55719341	1.57952297	
2.660225	1.5240035	1.55334303	1.51527685	1.53588974	
2.670372	1.48273502	1.51843645	1.47400837	1.50098316	
2.680484	1.4421827	1.46607657	1.43345605	1.45734993	
2.690681	1.40188111	1.41371669	1.39315446	1.40499005	
2.700902	1.36211181	1.37008346	1.35338516	1.36135682	
2.711046	1.32322223	1.31772359	1.31449558	1.31772359	
2.721137	1.28513277	1.27409035	1.27640612	1.26536371	
2.731377	1.24708582	1.22173048	1.23835918	1.22173048	
2.741454	1.21022126	1.17809725	1.20149462	1.17809725	
2.751644	1.17354465	1.13446401	1.164818	1.13446401	
2.761789	1.13762457	1.09083078	1.12889792	1.08210414	
2.771971	1.10216068	1.04719755	1.09343404	1.04719755	
2.782172	1.06723309	1.01229097	1.05850644	1.01229097	
2.792285	1.03318874	0.977384381	1.02446209	0.968657735	
2.802519	0.99935208	0.951204442	0.990625434	0.93375115	
2.81272	0.966211209	0.925024504	0.957484563	0.898844565	
2.822831	0.933971482	0.907571211	0.925244835	0.872664626	
2.832973	0.902192183	0.890117919	0.893465536	0.846484687	
2.84315	0.87092188	0.86393798	0.862195234	0.829031395	
2.853309	0.840276142	0.846484687	0.831549496	0.811578102	
2.864301	0.80782454	0.820304748	0.799097893	0.79412481	
2.873561	0.78097583	0.79412481	0.772249184	0.776671517	
2.883715	0.752115503	0.767944871	0.743388856	0.759218225	
2.893874	0.723827399	0.750491578	0.715100752	0.733038286	
2.904089	0.695982758	0.715584993	0.687256112	0.715584993	
2.914542	0.668121552	0.698131701	0.659394906	0.698131701	
2.924305	0.642630184	0.671951762	0.633903538	0.671951762	
2.934515	0.616569208	0.645771823	0.607842562	0.645771823	
2.944853	0.590614264	0.619591884	0.581887618	0.619591884	
2.954805	0.566528976	0.593411946	0.55780233	0.593411946	
2.964951	0.542381294	0.575958653	0.533654648	0.558505361	
2.975102	0.518809555	0.541052068	0.510082909	0.532325422	
2.985228	0.495870224	0.523598776	0.487143578	0.497418837	
2.995332	0.473548011	0.488692191	0.464821365	0.462512252	
3.00565	0.451370497	0.453785606	0.442643851	0.436332313	
3.015922	0.429878451	0.427605667	0.421151805	0.401425728	
3.025938	0.409486685	0.392699082	0.400760039	0.366519143	
3.036008	0.389551671	0.357792497	0.380825025	0.340339204	
3.046359	0.369668974	0.331612558	0.360942328	0.314159265	
3.056479	0.350794516	0.305432619	0.34206787	0.296705973	
3.066492	0.332679963	0.287979327	0.323953317	0.27925268	
3.076677	0.314838769	0.27925268	0.306112122	0.270526034	
3.086764	0.297728903	0.261799388	0.289002257	0.253072742	
3.105115	0.268875209	0.261799388	0.260148563	0.244346095	
3.109676	0.261658713	0.244346095	0.252932066	0.235619449	
3.119755	0.246407107	0.235619449	0.237680461	0.226892803	
3.129975	0.23151172	0.226892803	0.222785074	0.218166156	
3.140073	0.217349955	0.218166156	0.208623309	0.20943951	
3.150257	0.203627965	0.20943951	0.194901319	0.200712864	
3.160414	0.190513791	0.191986218	0.181787144	0.183259571	
3.17057	0.177954459	0.191986218	0.169227813	0.174532925	
3.180744	0.165931779	0.183259571	0.157205133	0.165806279	
3.19084	0.15454981	0.174532925	0.145823163	0.157079633	
3.201013	0.143626256	0.174532925	0.13489961	0.157079633	
3.21132	0.133134136	0.165806279	0.12440749	0.148352986	
3.221436	0.123376145	0.157079633	0.114649499	0.13962634	
3.231555	0.1141525	0.157079633	0.105425854	0.13962634	
3.241673	0.105461774	0.148352986	0.0967351276	0.130899694	
3.251872	0.0972435956	0.13962634	0.0885169493	0.122173048	
3.262076	0.0895572371	0.122173048	0.0808305908	0.104719755	
3.272436	0.0822999668	0.113446401	0.0735733205	0.0959931089	
3.282367	0.0758341592	0.0959931089	0.0671075129	0.0872664626	
3.292556	0.0697216063	0.0785398163	0.0609949601	0.0698131701	
3.30267	0.0641538587	0.0698131701	0.0554272125	0.0610865238	
3.3129	0.0590261289	0.0523598776	0.0502994826	0.0436332313	
3.323006	0.054448133	0.034906585	0.0457214867	0.034906585	
3.333178	0.0503188063	0.0261799388	0.0415921601	0.0174532925	
3.343303	0.0466699319	0.0174532925	0.0379432857	0.0174532925	
3.353427	0.0434697862	0.0174532925	0.0347431399	0.00872664626	
3.363628	0.040685927	0.0174532925	0.0319592808	0	
3.373794	0.0383258387	0.0174532925	0.0295991925	0	
3.383887	0.0363682692	0.0261799388	0.027641623	0	
3.394098	0.0347568994	0.034906585	0.0260302531	0.00872664626	
3.404199	0.0301125656	0.034906585	0.0213859194	0.0174532925	
3.414489	0.0301125656	0.034906585	0.0213859194	0.0174532925	
3.424613	0.0301125656	0.0436332313	0.0213859194	0.0261799388	
3.434673	0.0301125656	0.0436332313	0.0213859194	0.0261799388	
3.444908	0.0301125656	0.034906585	0.0213859194	0.034906585	
3.454977	0.0301125656	0.034906585	0.0213859194	0.034906585	
3.465171	0.0301125656	0.034906585	0.0213859194	0.034906585	
3.475361	0.0301125656	0.034906585	0.0213859194	0.034906585	
3.485459	0.0301125656	0.034906585	0.0213859194	0.034906585	
3.495647	0.0301125656	0.034906585	0.0213859194	0.0436332313	
3.506123	0.0301125656	0.034906585	0.0213859194	0.0436332313	
3.51592	0.0301125656	0.034906585	0.0213859194	0.0436332313	
3.526156	0.0301125656	0.034906585	0.0213859194	0.034906585	
3.536222	0.0301125656	0.034906585	0.0213859194	0.034906585	
3.546373	0.0301125656	0.034906585	0.0213859194	0.0261799388	
3.556579	0.0301125656	0.034906585	0.0213859194	0.0261799388	
3.56665	0.0301125656	0.034906585	0.0213859194	0.0174532925	
3.57762	0.0301125656	0.034906585	0.0213859194	0.0174532925	
3.587754	0.0301125656	0.034906585	0.0213859194	0.00872664626	
3.597935	0.0301125656	0.034906585	0.0213859194	0.00872664626	
3.608071	0.0301125656	0.034906585	0.0213859194	0.00872664626	
3.618221	0.0301125656	0.034906585	0.0213859194	0	
3.628551	0.0301125656	0.034906585	0.0213859194	0	
3.638533	0.0301125656	0.034906585	0.0213859194	0	
3.648653	0.0301125656	0.034906585	0.0213859194	0	
3.658809	0.0301125656	0.034906585	0.0213859194	0	
3.668986	0.0301125656	0.034906585	0.0213859194	0	
3.679109	0.0301125656	0.034906585	0.0213859194	0	
3.689296	0.0301125656	0.034906585	0.0213859194	0	
3.699485	0.0301125656	0.034906585	0.0213859194	0	
3.709622	0.0301125656	0.034906585	0.0213859194	0	
3.719748	0.0301125656	0.034906585	0.0213859194	0	
3.729924	0.0301125656	0.034906585	0.0213859194	0	
3.740123	0.0301125656	0.034906585	0.0213859194	0	
3.750273	0.0301125656	0.034906585	0.0213859194	0	
3.760425	0.0301125656	0.034906585	0.0213859194	0	
3.770611	0.0301125656	0.034906585	0.0213859194	0	
3.780837	0.0301125656	0.034906585	0.0213859194	0	
3.790918	0.0301125656	0.034906585	0.0213859194	0	
3.801075	0.0301125656	0.034906585	0.0213859194	0	
3.811239	0.0301125656	0.034906585	0.0213859194	0	
3.821391	0.0301125656	0.034906585	0.0213859194	0	
3.831512	0.0301125656	0.034906585	0.0213859194	0	
3.841683	0.0301125656	0.034906585	0.0213859194	0	
3.851885	0.0301125656	0.034906585	0.0213859194	0	
3.862326	0.0301125656	0.034906585	0.0213859194	0	
3.872434	0.0301125656	0.034906585	0.0213859194	0	
3.882554	0.0301125656	0.034906585	0.0213859194	0	
3.892729	0.0301125656	0.034906585	0.0213859194	0	
3.902911	0.0301125656	0.034906585	0.0213859194	0	
3.913029	0.0301125656	0.034906585	0.0213859194	0	
3.923197	0.0301125656	0.034906585	0.0213859194	0	
3.933308	0.0301125656	0.034906585	0.0213859194	0	
3.94351	0.0301125656	0.034906585	0.0213859194	0	
3.953635	0.0301125656	0.034906585	0.0213859194	0	
3.963785	0.0301125656	0.034906585	0.0213859194	0	
3.973987	0.0301125656	0.034906585	0.0213859194	0	
3.984087	0.0301125656	0.034906585	0.0213859194	0	
3.994253	0.0301125656	0.034906585	0.0213859194	0	
4.004381	0.0301125656	0.034906585	0.0213859194	0	
4.014703	0.0301125656	0.034906585	0.0213859194	0	
4.024766	0.0301125656	0.034906585	0.0213859194	0	
4.034911	0.0301125656	0.034906585	0.0213859194	0	
4.045086	0.0301125656	0.034906585	0.0213859194	0	
4.055206	0.0301125656	0.034906585	0.0213859194	0	
4.06542	0.0301125656	0.034906585	0.0213859194	0	
4.075543	0.0301125656	0.034906585	0.0213859194	0	
4.085702	0.0301125656	0.034906585	0.0213859194	0	
4.095826	0.0301125656	0.034906585	0.0213859194	0	
4.105981	0.0301125656	0.034906585	0.0213859194	0	
4.116131	0.0301125656	0.034906585	0.0213859194	0	
4.126296	0.0301125656	0.034906585	0.0213859194	0	
4.136434	0.0301125656	0.034906585	0.0213859194	0	
4.146573	0.0301125656	0.034906585	0.0213859194	0	
4.156783	0.0301125656	0.034906585	0.0213859194	0	
4.166873	0.0301125656	0.034906585	0.0213859194	0	
4.177095	0.0301125656	0.034906585	0.0213859194	0	
4.187207	0.0301125656	0.034906585	0.0213859194	0	
4.197345	0.0301125656	0.034906585	0.0213859194	0	
4.207483	0.0301125656	0.034906585	0.0213859194	0	
4.217632	0.0301125656	0.034906585	0.0213859194	0	
4.227782	0.0301125656	0.034906585	0.0213859194	0	
4.237951	0.0301125656	0.034906585	0.0213859194	0	
4.248063	0.0301125656	0.034906585	0.0213859194	0	
4.258256	0.0301125656	0.034906585	0.0213859194	0	
4.268493	0.0301125656	0.034906585	0.0213859194	0	
4.27858	0.0301125656	0.034906585	0.0213859194	0	
4.288741	0.0301125656	0.034906585	0.0213859194	0	
4.298903	0.0301125656	0.034906585	0.0213859194	0	
4.309118	0.0301125656	0.034906585	0.0213859194	0	
4.319227	0.0301125656	0.034906585	0.0213859194	0	
4.329376	0.0301125656	0.034906585	0.0213859194	0	
4.34905	0.0301125656	0.034906585	0.0213859194	0	
4.353535	0.0301125656	0.034906585	0.0213859194	0	
4.363703	0.0301125656	0.034906585	0.0213859194	0	
4.373862	0.0301125656	0.034906585	0.0213859194	0	
4.38398	0.0301125656	0.034906585	0.0213859194	0	
4.394199	0.0301125656	0.034906585	0.0213859194	0	
4.404328	0.0301125656	0.034906585	0.0213859194	0	
4.414488	0.0301125656	0.034906585	0.0213859194	0	
4.424633	0.0301125656	0.034906585	0.0213859194	0	
4.434736	0.0301125656	0.034906585	0.0213859194	0	
4.444942	0.0301125656	0.034906585	0.0213859194	0	
4.455068	0.0301125656	0.034906585	0.0213859194	0	
4.465432	0.0301125656	0.034906585	0.0213859194	0	
4.475347	0.0301125656	0.034906585	0.0213859194	0	
4.48552	0.0301125656	0.034906585	0.0213859194	0	
4.49566	0.0301125656	0.034906585	0.0213859194	0	
4.506128	0.0301125656	0.034906585	0.0213859194	0	
4.515954	0.0301125656	0.034906585	0.0213859194	0	
4.526171	0.0301125656	0.034906585	0.0213859194	0	
4.536243	0.0301125656	0.034906585	0.0213859194	0	
4.54637	0.0301125656	0.034906585	0.0213859194	0	
4.556576	0.0301125656	0.034906585	0.0213859194	0	
4.566669	0.0301125656	0.034906585	0.0213859194	0	
4.578831	0.0301125656	0.034906585	0.0213859194	0	
4.587011	0.0301125656	0.034906585	0.0213859194	0	
4.597173	0.0301125656	0.034906585	0.0213859194	0	
4.607327	0.0301125656	0.034906585	0.0213859194	0	
4.617428	0.0301125656	0.034906585	0.0213859194	0	
4.62759	0.0301125656	0.034906585	0.0213859194	0	
4.637712	0.0301125656	0.034906585	0.0213859194	0	
4.647856	0.0301125656	0.034906585	0.0213859194	0	
4.658254	0.0301125656	0.034906585	0.0213859194	0	
4.668174	0.0301125656	0.034906585	0.0213859194	0	
4.678388	0.0301125656	0.034906585	0.0213859194	0	
4.688548	0.0301125656	0.034906585	0.0213859194	0	
4.69861	0.0301125656	0.034906585	0.0213859194	0	
4.709078	0.0301125656	0.034906585	0.0213859194	0	
4.71918	0.0301125656	0.034906585	0.0213859194	0	
4.729364	0.0301125656	0.034906585	0.0213859194	0	
4.739557	0.0301125656	0.034906585	0.0213859194	0	
4.749646	0.0301125656	0.034906585	0.0213859194	0	
4.759856	0.0301125656	0.034906585	0.0213859194	0	
4.769992	0.0301125656	0.034906585	0.0213859194	0	
4.780288	0.0301125656	0.034906585	0.0213859194	0	
4.790395	0.0301125656	0.034906585	0.0213859194	0	
4.800568	0.0301125656	0.034906585	0.0213859194	0	
4.810676	0.0301125656	0.034906585	0.0213859194	0	
4.820913	0.0301125656	0.034906585	0.0213859194	0	
4.831	0.0301125656	0.034906585	0.0213859194	0	
4.841144	0.0301125656	0.034906585	0.0213859194	0	
4.851348	0.0301125656	0.034906585	0.0213859194	0	
4.861492	0.0301125656	0.034906585	0.0213859194	0	
4.871624	0.0301125656	0.034906585	0.0213859194	0	
4.881963	0.0301125656	0.034906585	0.0213859194	0	
4.891963	0.0301125656	0.034906585	0.0213859194	0	
4.902186	0.0301125656	0.034906585	0.0213859194	0	
4.912276	0.0301125656	0.034906585	0.0213859194	0	
4.922391	0.0301125656	0.034906585	0.0213859194	0	
4.932597	0.0301125656	0.034906585	0.0213859194	0	
4.942718	0.0301125656	0.034906585	0.0213859194	0	
4.952854	0.0301125656	0.034906585	0.0213859194	0	
4.963021	0.0301125656	0.034906585	0.0213859194	0	
4.973187	0.0301125656	0.034906585	0.0213859194	0	
4.983336	0.0301125656	0.034906585	0.0213859194	0	
4.993504	0.0301125656	0.034906585	0.0213859194	0	
5.003656	0.0301125656	0.034906585	0.0213859194	0	
5.01383	0.0301125656	0.034906585	0.0213859194	0	
5.024156	0.0301125656	0.034906585	0.0213859194	0	
5.034356	0.0301125656	0.034906585	0.0213859194	0	
5.044521	0.0301125656	0.034906585	0.0213859194	0	
5.05466	0.0301125656	0.034906585	0.0213859194	0	
5.064819	0.0301125656	0.034906585	0.0213859194	0	
5.074948	0.0301125656	0.034906585	0.0213859194	0	
5.085145	0.0301125656	0.034906585	0.0213859194	0	
5.095298	0.0301125656	0.034906585	0.0213859194	0	
5.105432	0.0301125656	0.034906585	0.0213859194	0	
5.115659	0.0301125656	0.034906585	0.0213859194	0	
5.125756	0.0301125656	0.034906585	0.0213859194	0	
5.135878	0.0301125656	0.034906585	0.0213859194	0	
5.146017	0.0301125656	0.034906585	0.0213859194	0	
5.156171	0.0301125656	0.034906585	0.0213859194	0	
5.166361	0.0301125656	0.034906585	0.0213859194	0	
5.176466	0.0301125656	0.034906585	0.0213859194	0	
5.186623	0.0301125656	0.034906585	0.0213859194	0	
5.196869	0.0301125656	0.034906585	0.0213859194	0	
5.206999	0.0301125656	0.034906585	0.0213859194	0	
5.217111	0.0301125656	0.034906585	0.0213859194	0	
5.227318	0.0301125656	0.034906585	0.0213859194	0	
5.237406	0.0301125656	0.034906585	0.0213859194	0	
5.247505	0.0301125656	0.034906585	0.0213859194	0	
5.257818	0.0301125656	0.034906585	0.0213859194	0	
5.267881	0.0301125656	0.034906585	0.0213859194	0	
5.278048	0.0301125656	0.034906585	0.0213859194	0	
5.288151	0.0301125656	0.034906585	0.0213859194	0	
5.29831	0.0301125656	0.034906585	0.0213859194	0	
5.316324	0.0301125656	0.034906585	0.0213859194	0	
5.320762	0.0301125656	0.034906585	0.0213859194	0	
5.330951	0.0301125656	0.034906585	0.0213859194	0	
5.34113	0.0301125656	0.034906585	0.0213859194	0	
5.351248	0.0301125656	0.034906585	0.0213859194	0	
5.361411	0.0301125656	0.034906585	0.0213859194	0	
5.371612	0.0301125656	0.034906585	0.0213859194	0	
5.381693	0.0301125656	0.034906585	0.0213859194	0	
5.39188	0.0301125656	0.034906585	0.0213859194	0	
5.402032	0.0301125656	0.034906585	0.0213859194	0	
5.412233	0.0301125656	0.034906585	0.0213859194	0	
5.422397	0.0301125656	0.034906585	0.0213859194	0	
5.432501	0.0301125656	0.034906585	0.0213859194	0	
5.442673	0.0301125656	0.034906585	0.0213859194	0	
5.452879	0.0301125656	0.034906585	0.0213859194	0	
5.462979	0.0301125656	0.034906585	0.0213859194	0	
5.473124	0.0301125656	0.034906585	0.0213859194	0	
5.483318	0.0301125656	0.034906585	0.0213859194	0	
5.493445	0.0301125656	0.034906585	0.0213859194	0	
5.503595	0.0301125656	0.034906585	0.0213859194	0	
5.513792	0.0301125656	0.034906585	0.0213859194	0	
5.523946	0.0301125656	0.034906585	0.0213859194	0	
5.534146	0.0301125656	0.034906585	0.0213859194	0	
5.5443	0.0301125656	0.034906585	0.0213859194	0	
5.554405	0.0301125656	0.034906585	0.0213859194	0	
5.564665	0.0301125656	0.034906585	0.0213859194	0	
5.57476	0.0301125656	0.034906585	0.0213859194	0	
5.584915	0.0301125656	0.034906585	0.0213859194	0	
5.59503	0.0301125656	0.034906585	0.0213859194	0	
5.605191	0.0301125656	0.034906585	0.0213859194	0	
5.615375	0.0301125656	0.034906585	0.0213859194	0	
5.625529	0.0301125656	0.034906585	0.0213859194	0	
5.635702	0.0301125656	0.034906585	0.0213859194	0	
5.645826	0.0301125656	0.034906585	0.0213859194	0	
5.655969	0.0301125656	0.034906585	0.0213859194	0	
5.666113	0.0301125656	0.034906585	0.0213859194	0	
5.676247	0.0301125656	0.034906585	0.0213859194	0	
5.68642	0.0301125656	0.034906585	0.0213859194	0	
5.696572	0.0301125656	0.034906585	0.0213859194	0	
5.706711	0.0301125656	0.034906585	0.0213859194	0	
5.716978	0.0301125656	0.034906585	0.0213859194	0	
5.727156	0.0301125656	0.034906585	0.0213859194	0	
5.737184	0.0301125656	0.034906585	0.0213859194	0	
5.747354	0.0301125656	0.034906585	0.0213859194	0	
5.757472	0.0301125656	0.034906585	0.0213859194	0	
5.767991	0.0301125656	0.034906585	0.0213859194	0	
5.777791	0.0301125656	0.034906585	0.0213859194	0	
5.787916	0.0301125656	0.034906585	0.0213859194	0	
5.798116	0.0301125656	0.034906585	0.0213859194	0	
5.808176	0.0301125656	0.034906585	0.0213859194	0	
5.818547	0.0301125656	0.034906585	0.0213859194	0	
5.828572	0.0301125656	0.034906585	0.0213859194	0	
5.838714	0.0301125656	0.034906585	0.0213859194	0	
5.848881	0.0301125656	0.034906585	0.0213859194	0	
5.85926	0.0301125656	0.034906585	0.0213859194	0	
5.869222	0.0301125656	0.034906585	0.0213859194	0	
5.879365	0.0301125656	0.034906585	0.0213859194	0	
5.889523	0.0301125656	0.034906585	0.0213859194	0	
5.899704	0.0301125656	0.034906585	0.0213859194	0	
5.909854	0.0301125656	0.034906585	0.0213859194	0	
5.91998	0.0301125656	0.034906585	0.0213859194	0	
5.930145	0.0301125656	0.034906585	0.0213859194	0	
5.940322	0.0301125656	0.034906585	0.0213859194	0	
5.950471	0.0301125656	0.034906585	0.0213859194	0	
5.960611	0.0301125656	0.034906585	0.0213859194	0	
5.970781	0.0301125656	0.034906585	0.0213859194	0	
5.980991	0.0301125656	0.034906585	0.0213859194	0	
5.991122	0.0301125656	0.034906585	0.0213859194	0	
6.001271	0.0301125656	0.034906585	0.0213859194	0	
6.011464	0.0301125656	0.034906585	0.0213859194	0	
6.021579	0.0301125656	0.034906585	0.0213859194	0	
6.039787	0.0301125656	0.034906585	0.0213859194	0	
6.044271	0.0301125656	0.034906585	0.0213859194	0	
6.054491	0.0301125656	0.034906585	0.0213859194	0	
6.064595	0.0301125656	0.034906585	0.0213859194	0	
6.074735	0.0301125656	0.034906585	0.0213859194	0	
6.08494	0.0301125656	0.034906585	0.0213859194	0	
6.095029	0.0301125656	0.034906585	0.0213859194	0	
6.105144	0.0301125656	0.034906585	0.0213859194	0	
6.115379	0.0301125656	0.034906585	0.0213859194	0	
6.125448	0.0301125656	0.034906585	0.0213859194	0	
6.13566	0.0301125656	0.034906585	0.0213859194	0	
6.145768	0.0301125656	0.034906585	0.0213859194	0	
6.155938	0.0301125656	0.034906585	0.0213859194	0	
6.166043	0.0301125656	0.034906585	0.0213859194	0	
6.176309	0.0301125656	0.034906585	0.0213859194	0	
6.186363	0.0301125656	0.034906585	0.0213859194	0	
6.196497	0.0301125656	0.034906585	0.0213859194	0	
6.206632	0.0301125656	0.034906585	0.0213859194	0	
6.216762	0.0301125656	0.034906585	0.0213859194	0	
6.235238	0.0301125656	0.034906585	0.0213859194	0	
6.239779	0.0301125656	0.034906585	0.0213859194	0	
6.24989	0.0301125656	0.034906585	0.0213859194	0	
6.260036	0.0301125656	0.034906585	0.0213859194	0	
6.270282	0.0301125656	0.034906585	0.0213859194	0	
6.280368	0.0301125656	0.034906585	0.0213859194	0	
6.290515	0.0301125656	0.034906585	0.0213859194	0	
6.300739	0.0301125656	0.034906585	0.0213859194	0	
6.310836	0.0301125656	0.034906585	0.0213859194	0	
6.320958	0.0301125656	0.034906585	0.0213859194	0	
6.33111	0.0301125656	0.034906585	0.0213859194	0	
6.341314	0.0301125656	0.034906585	0.0213859194	0	
6.351459	0.0301125656	0.034906585	0.0213859194	0	
6.361608	0.0301125656	0.034906585	0.0213859194	0	
6.371771	0.0301125656	0.034906585	0.0213859194	0	
6.381909	0.0301125656	0.034906585	0.0213859194	0	
6.392076	0.0301125656	0.034906585	0.0213859194	0	
6.402264	0.0301125656	0.034906585	0.0213859194	0	
6.412407	0.0301125656	0.034906585	0.0213859194	0	
6.422548	0.0301125656	0.034906585	0.0213859194	0	
6.432661	0.0301125656	0.034906585	0.0213859194	0	
6.442857	0.0301125656	0.034906585	0.0213859194	0	
6.453064	0.0301125656	0.034906585	0.0213859194	0	
6.46316	0.0301125656	0.034906585	0.0213859194	0	
6.473265	0.0301125656	0.034906585	0.0213859194	0	
6.483497	0.0301125656	0.034906585	0.0213859194	0	
6.493615	0.0301125656	0.034906585	0.0213859194	0	
6.503741	0.0301125656	0.034906585	0.0213859194	0	
6.513896	0.0301125656	0.034906585	0.0213859194	0	
6.524227	0.0301125656	0.034906585	0.0213859194	0	
6.542116	0.0301125656	0.034906585	0.0213859194	0	
6.546579	0.0301125656	0.034906585	0.0213859194	0	
6.556819	0.0301125656	0.034906585	0.0213859194	0	
6.566949	0.0301125656	0.034906585	0.0213859194	0	
6.577086	0.0301125656	0.034906585	0.0213859194	0	
6.58721	0.0301125656	0.034906585	0.0213859194	0	
6.597348	0.0301125656	0.034906585	0.0213859194	0	
6.607463	0.0301125656	0.034906585	0.0213859194	0	
6.617653	0.0301125656	0.034906585	0.0213859194	0	
6.627794	0.0301125656	0.034906585	0.0213859194	0	
6.637939	0.0301125656	0.034906585	0.0213859194	0	
6.648081	0.0301125656	0.034906585	0.0213859194	0	
6.658291	0.0301125656	0.034906585	0.0213859194	0	
6.668459	0.0301125656	0.034906585	0.0213859194	0	
6.678543	0.0301125656	0.034906585	0.0213859194	0	
6.688738	0.0301125656	0.034906585	0.0213859194	0	
6.698891	0.0301125656	0.034906585	0.0213859194	0	
6.709109	0.0301125656	0.034906585	0.0213859194	0	
6.719171	0.0301125656	0.034906585	0.0213859194	0	
6.729378	0.0301125656	0.034906585	0.0213859194	0	
6.739556	0.0301125656	0.034906585	0.0213859194	0	
6.749693	0.0301125656	0.034906585	0.0213859194	0	
6.759847	0.0301125656	0.034906585	0.0213859194	0	
6.770036	0.0301125656	0.034906585	0.0213859194	0	
6.780219	0.0301125656	0.034906585	0.0213859194	0	
6.790458	0.0301125656	0.034906585	0.0213859194	0	
6.800594	0.0301125656	0.034906585	0.0213859194	0	
6.810727	0.0301125656	0.034906585	0.0213859194	0	
6.820991	0.0301125656	0.034906585	0.0213859194	0	
6.831056	0.0301125656	0.034906585	0.0213859194	0	
6.841223	0.0301125656	0.034906585	0.0213859194	0	
6.851407	0.0301125656	0.034906585	0.0213859194	0	
6.861548	0.0301125656	0.034906585	0.0213859194	0	
6.871711	0.0301125656	0.034906585	0.0213859194	0	
6.881854	0.0301125656	0.034906585	0.0213859194	0	
6.892029	0.0301125656	0.034906585	0.0213859194	0	
6.90221	0.0301125656	0.034906585	0.0213859194	0	
6.912289	0.0301125656	0.034906585	0.0213859194	0	
6.922452	0.0301125656	0.034906585	0.0213859194	0	
6.932578	0.0301125656	0.034906585	0.0213859194	0	
6.942764	0.0301125656	0.034906585	0.0213859194	0	
6.952891	0.0301125656	0.034906585	0.0213859194	0	
6.963029	0.0301125656	0.034906585	0.0213859194	0	
6.973386	0.0301125656	0.034906585	0.0213859194	0	
6.983353	0.0301125656	0.034906585	0.0213859194	0	
6.993487	0.0301125656	0.034906585	0.0213859194	0	
7.003679	0.0301125656	0.034906585	0.0213859194	0	
7.013829	0.0301125656	0.034906585	0.0213859194	0	
7.024	0.0301125656	0.034906585	0.0213859194	0	
7.034126	0.0301125656	0.034906585	0.0213859194	0	
7.044289	0.0301125656	0.034906585	0.0213859194	0	
7.054498	0.0301125656	0.034906585	0.0213859194	0	
7.064619	0.0301125656	0.034906585	0.0213859194	0	
7.074772	0.0301125656	0.034906585	0.0213859194	0	
7.084991	0.0301125656	0.034906585	0.0213859194	0	
7.095068	0.0301125656	0.034906585	0.0213859194	0	
7.105202	0.0301125656	0.034906585	0.0213859194	0	
7.115352	0.0301125656	0.034906585	0.0213859194	0	
7.125457	0.0301125656	0.034906585	0.0213859194	0	
7.135651	0.0301125656	0.034906585	0.0213859194	0	
7.145835	0.0301125656	0.034906585	0.0213859194	0	
7.155944	0.0301125656	0.034906585	0.0213859194	0	
7.166085	0.0301125656	0.034906585	0.0213859194	0	
7.176193	0.0301125656	0.034906585	0.0213859194	0	
7.186381	0.0301125656	0.034906585	0.0213859194	0	
7.196531	0.0301125656	0.034906585	0.0213859194	0	
7.206665	0.0301125656	0.034906585	0.0213859194	0	
7.21682	0.0301125656	0.034906585	0.0213859194	0	
7.23484	0.0301125656	0.034906585	0.0213859194	0	
7.239309	0.0301125656	0.034906585	0.0213859194	0	
7.249463	0.0301125656	0.034906585	0.0213859194	0	
7.25966	0.0301125656	0.034906585	0.0213859194	0	
7.269799	0.0301125656	0.034906585	0.0213859194	0	
7.279941	0.0301125656	0.034906585	0.0213859194	0	
7.299238	0.0301125656	0.034906585	0.0213859194	0	
7.309813	0.0301125656	0.034906585	0.0213859194	0	
