0.03393857	
0.03884436	
0.04880194	
0.05950949	
0.06915108	
0.07932465	
0.08934823	
0.0996028	
0.1096804	
0.1199069	
0.1299135	
0.1401001	
0.1501787	
0.1603282	
0.1704918	
0.1807444	
0.190787	
0.2009365	
0.2111011	
0.2214387	
0.2315462	
0.2416188	
0.2516724	
0.261841	
0.2721285	
0.2821171	
0.2923137	
0.3024282	
0.3125748	
0.3227004	
0.33286	
0.3430755	
0.3531461	
0.3633077	
0.3735482	
0.3835988	
0.3938444	
0.40403	
0.4141425	
0.4243011	
0.4344417	
0.4446212	
0.4547658	
0.4650824	
0.4774219	
0.4851855	
0.4953181	
0.5054507	
0.5156263	
0.5258018	
0.5359174	
0.546069	
0.5562405	
0.5663761	
0.5764637	
0.5866563	
0.5969218	
0.6075104	
0.6187119	
0.6272535	
0.6387941	
0.6572883	
0.6618781	
0.6719597	
0.6820862	
0.6922898	
0.7023814	
0.7126809	
0.7226635	
0.7329741	
0.7429677	
0.7530712	
0.7632238	
0.7733614	
0.783501	
0.7936605	
0.8038661	
0.8139737	
0.8240622	
0.8343588	
0.8443964	
0.854478	
0.8646075	
0.8747511	
0.8850677	
0.8950772	
0.9051738	
0.9153274	
0.9258079	
0.9356125	
0.9457511	
0.9559327	
0.9660473	
0.9761878	
0.9863024	
0.996618	
1.00663	
1.016735	
1.02709	
1.037174	
1.047548	
1.057432	
1.067397	
1.077755	
1.087998	
1.097833	
1.108182	
1.118121	
1.128249	
1.138596	
1.149016	
1.158681	
1.168778	
1.17892	
1.189056	
1.199378	
1.209605	
1.219511	
1.229729	
1.239786	
1.24999	
1.260071	
1.270363	
1.280391	
1.290551	
1.300855	
1.310995	
1.321136	
1.3313	
1.341314	
1.351437	
1.361585	
1.371745	
1.381926	
1.392026	
1.402357	
1.412345	
1.422482	
1.432603	
1.442752	
1.452898	
1.463047	
1.473183	
1.483353	
1.493701	
1.503755	
1.513895	
1.523944	
1.53409	
1.544201	
1.554341	
1.564501	
1.574735	
1.584751	
1.595068	
1.605049	
1.61521	
1.625334	
1.635464	
1.645696	
1.655734	
1.665944	
1.676086	
1.686227	
1.696505	
1.706509	
1.71664	
1.726935	
1.736928	
1.747118	
1.757204	
1.767388	
1.77747	
1.787609	
1.797823	
1.807891	
1.81802	
1.828341	
1.838409	
1.848532	
1.858615	
1.86879	
1.878874	
1.889027	
1.899314	
1.909308	
1.919444	
1.929719	
1.939761	
1.949963	
1.960092	
1.970189	
1.980383	
1.990489	
2.000639	
2.010793	
2.02111	
2.031114	
2.041244	
2.051583	
2.061597	
2.071838	
2.081849	
2.092008	
2.102165	
2.112286	
2.122455	
2.132751	
2.142922	
2.152897	
2.163037	
2.173398	
2.183387	
2.193487	
2.203837	
2.213875	
2.223942	
2.234081	
2.244261	
2.254393	
2.264516	
2.274621	
2.284812	
2.294935	
2.305053	
2.315368	
2.3253	
2.335497	
2.345638	
2.35584	
2.36597	
2.376093	
2.386227	
2.396408	
2.406504	
2.416661	
2.42678	
2.436918	
2.447092	
2.457191	
2.467367	
2.477503	
2.487655	
2.497927	
2.508005	
2.518056	
2.528211	
2.538563	
2.548565	
2.558638	
2.568944	
2.579088	
2.589628	
2.59958	
2.609671	
2.621313	
2.62991	
2.647862	
2.65232	
2.66248	
2.672618	
2.682935	
2.692894	
2.703073	
2.713216	
2.723377	
2.733547	
2.743678	
2.753818	
2.76399	
2.77466	
2.784517	
2.794541	
2.80466	
2.814756	
2.825051	
2.835113	
2.845263	
2.8555	
2.865565	
2.875755	
2.885964	
2.896074	
2.906204	
2.916378	
2.926515	
2.936633	
2.946799	
2.957108	
2.967104	
2.977189	
2.99088	1763.12457	1763.12288	2993.189	2993.18731	
3.000849	1763.12628	1763.12288	2993.19071	2993.18731	
3.010959	1763.12864	1763.12288	2993.19306	2993.18731	
3.021111	1763.13162	1763.12288	2993.19605	2993.19603	
3.031338	1763.13526	1763.12288	2993.19968	2993.20476	
3.041437	1763.13946	1763.12288	2993.20388	2993.20476	
3.05157	1763.14429	1763.13161	2993.20871	2993.20476	
3.061783	1763.14979	1763.13161	2993.21421	2993.20476	
3.071828	1763.15579	1763.13161	2993.22021	2993.20476	
3.082002	1763.1625	1763.14034	2993.22692	2993.21349	
3.092846	1763.17038	1763.14906	2993.23481	2993.22221	
3.102865	1763.17823	1763.15779	2993.24266	2993.23094	
3.113017	1763.18682	1763.16652	2993.25124	2993.23967	
3.123155	1763.19604	1763.18397	2993.26046	2993.25712	
3.133278	1763.20579	1763.1927	2993.27022	2993.26585	
3.143467	1763.21627	1763.20142	2993.28069	2993.27457	
3.153585	1763.22728	1763.21015	2993.29171	2993.27457	
3.16372	1763.23893	1763.21888	2993.30336	2993.29203	
3.173934	1763.2513	1763.2276	2993.31573	2993.30075	
3.183971	1763.26406	1763.23633	2993.32848	2993.30948	
3.19466	1763.27837	1763.24506	2993.34279	2993.32693	
3.204469	1763.29201	1763.25378	2993.35644	2993.33566	
3.214527	1763.30664	1763.26251	2993.37107	2993.34439	
3.224684	1763.32203	1763.27996	2993.38646	2993.36184	
3.234776	1763.33793	1763.29742	2993.40236	2993.37929	
3.245004	1763.35469	1763.30614	2993.41911	2993.39675	
3.255139	1763.3719	1763.33232	2993.43632	2993.4142	
3.26529	1763.38975	1763.34978	2993.45418	2993.43165	
3.275394	1763.40813	1763.37596	2993.47256	2993.44911	
3.285539	1763.42722	1763.39341	2993.49165	2993.45783	
3.304385	1763.46529	1763.41959	2993.52971	2993.48401	
3.309023	1763.47458	1763.4545	2993.539	2993.50147	
3.319135	1763.49563	1763.48068	2993.56005	2993.53637	
3.329274	1763.51735	1763.50686	2993.58178	2993.55383	
3.339432	1763.53976	1763.51558	2993.60418	2993.58873	
3.349562	1763.56269	1763.54176	2993.62711	2993.61491	
3.359703	1763.58627	1763.55922	2993.65069	2993.64109	
3.369858	1763.6105	1763.5854	2993.67492	2993.66727	
3.38	1763.63532	1763.6203	2993.69975	2993.69345	
3.39051	1763.66172	1763.65521	2993.72614	2993.71963	
3.400698	1763.68794	1763.69012	2993.75236	2993.74581	
3.41081	1763.71454	1763.7163	2993.77896	2993.78072	
3.420965	1763.74188	1763.7512	2993.8063	2993.8069	
3.431094	1763.76977	1763.78611	2993.83419	2993.83308	
3.441265	1763.79841	1763.81229	2993.86283	2993.86799	
3.451422	1763.82762	1763.8472	2993.89204	2993.89417	
3.461596	1763.85749	1763.8821	2993.92192	2993.92907	
3.471742	1763.88791	1763.91701	2993.95233	2993.96398	
3.483067	1763.9227	1763.94319	2993.98712	2993.99889	
3.492053	1763.95067	1763.9781	2994.0151	2994.02507	
3.502481	1763.98388	1764.013	2994.04831	2994.05997	
3.512363	1764.01589	1764.04791	2994.08031	2994.09488	
3.52252	1764.04943	1764.08281	2994.11386	2994.12979	
3.532669	1764.08357	1764.10899	2994.14799	2994.16469	
3.542853	1764.11844	1764.1439	2994.18286	2994.1996	
3.55298	1764.15373	1764.17881	2994.21815	2994.2345	
3.563135	1764.18973	1764.22244	2994.25415	2994.26941	
3.573266	1764.22629	1764.25735	2994.29071	2994.30432	
3.583477	1764.26374	1764.29225	2994.32817	2994.33922	
3.59362	1764.30158	1764.32716	2994.366	2994.37413	
3.603832	1764.34031	1764.36207	2994.40473	2994.41776	
3.614008	1764.37947	1764.39697	2994.44389	2994.45267	
3.624214	1764.41941	1764.44061	2994.48384	2994.4963	
3.63432	1764.45956	1764.47551	2994.52398	2994.53121	
3.644548	1764.50083	1764.51042	2994.56525	2994.57484	
3.654658	1764.54223	1764.55405	2994.60665	2994.61848	
3.664807	1764.5844	1764.59769	2994.64882	2994.65338	
3.67498	1764.62731	1764.63259	2994.69173	2994.69702	
3.685119	1764.67068	1764.68495	2994.7351	2994.74065	
3.695387	1764.71526	1764.72859	2994.77969	2994.78428	
3.705526	1764.7599	1764.77222	2994.82432	2994.82792	
3.715657	1764.80509	1764.80713	2994.86951	2994.87155	
3.725852	1764.8514	1764.85949	2994.91583	2994.91518	
3.735937	1764.89739	1764.90312	2994.96181	2994.96754	
3.746419	1764.94612	1764.94675	2995.01055	2995.01118	
3.756259	1764.99238	1764.99039	2995.0568	2995.05481	
3.766416	1765.04117	1765.04275	2995.10559	2995.10717	
3.776599	1765.08995	1765.09511	2995.15437	2995.15953	
3.78673	1765.13947	1765.14747	2995.20389	2995.21189	
3.796856	1765.18959	1765.1911	2995.25402	2995.26425	
3.807121	1765.24102	1765.24346	2995.30544	2995.30788	
3.817184	1765.29203	1765.29582	2995.35646	2995.36024	
3.827348	1765.34437	1765.34818	2995.40879	2995.4126	
3.837481	1765.39681	1765.40054	2995.46123	2995.46496	
3.847803	1765.45103	1765.4529	2995.51546	2995.51732	
3.857787	1765.50408	1765.50526	2995.56851	2995.57841	
3.867933	1765.5586	1765.55762	2995.62302	2995.63077	
3.87814	1765.6141	1765.6187	2995.67852	2995.68313	
3.888238	1765.66961	1765.67106	2995.73403	2995.73549	
3.907593	1765.77885	1765.72342	2995.84327	2995.78785	
3.912373	1765.80567	1765.80196	2995.87009	2995.87511	
3.92282	1765.86529	1765.85432	2995.92972	2995.9362	
3.932816	1765.92288	1765.91541	2995.9873	2995.98856	
3.942897	1765.9816	1765.94159	2996.04602	2996.03219	
3.953064	1766.04144	1765.99395	2996.10587	2996.07583	
3.963219	1766.10181	1766.03758	2996.16623	2996.12819	
3.973364	1766.16278	1766.09867	2996.22721	2996.18055	
3.983553	1766.2246	1766.16848	2996.28902	2996.24163	
3.993658	1766.28653	1766.2383	2996.35096	2996.31145	
4.005084	1766.35742	1766.30811	2996.42185	2996.38126	
4.014058	1766.41346	1766.37792	2996.47789	2996.45107	
4.024119	1766.47697	1766.44774	2996.5414	2996.52089	
4.034293	1766.5418	1766.52628	2996.60622	2996.5907	
4.044435	1766.60706	1766.59609	2996.67148	2996.66051	
4.054971	1766.67553	1766.67463	2996.73995	2996.73033	
4.065074	1766.74176	1766.74444	2996.80618	2996.80014	
4.075172	1766.8086	1766.81426	2996.87302	2996.86995	
4.085391	1766.8769	1766.88407	2996.94132	2996.93977	
4.095552	1766.94537	1766.95388	2997.0098	2997.00958	
4.106632	1767.02089	1767.03242	2997.08531	2997.08812	
4.116097	1767.08576	1767.11096	2997.15018	2997.16666	
4.126304	1767.15645	1767.1895	2997.22087	2997.23647	
4.136423	1767.2253	1767.26804	2997.28972	2997.31501	
4.146499	1767.29329	1767.33785	2997.35771	2997.39355	
4.156727	1767.36158	1767.41639	2997.426	2997.46336	
4.166855	1767.42866	1767.48621	2997.49308	2997.5419	
4.176962	1767.49495	1767.55602	2997.55937	2997.61172	
4.187118	1767.56096	1767.61711	2997.62539	2997.68153	
4.197622	1767.62861	1767.68692	2997.69303	2997.74262	
4.215253	1767.73987	1767.80037	2997.80429	2997.86479	
4.2279	1767.81887	1767.87891	2997.88329	2997.94333	
4.232542	1767.84784	1767.91381	2997.91227	2997.96951	
4.242694	1767.91045	1767.9749	2997.97487	2998.0306	
4.252872	1767.9726	1768.03599	2998.03703	2998.09168	
4.263045	1768.03409	1768.09707	2998.09852	2998.15277	
4.273153	1768.0946	1768.14943	2998.15903	2998.21386	
4.28337	1768.15513	1768.21052	2998.21955	2998.26622	
4.293497	1768.21452	1768.26288	2998.27894	2998.3273	
4.303682	1768.27362	1768.32396	2998.33805	2998.38839	
4.313871	1768.33214	1768.37632	2998.39657	2998.44075	
4.323998	1768.38967	1768.43741	2998.45409	2998.49311	
4.334191	1768.44695	1768.48977	2998.51138	2998.54547	
4.344502	1768.50428	1768.54213	2998.5687	2998.59783	
4.35459	1768.55976	1768.59449	2998.62418	2998.65019	
4.364876	1768.61568	1768.64685	2998.68011	2998.70255	
4.374979	1768.67003	1768.69048	2998.73445	2998.75491	
4.385087	1768.72377	1768.73412	2998.78819	2998.80727	
4.395357	1768.77775	1768.78648	2998.84217	2998.85963	
4.405355	1768.82971	1768.83884	2998.89413	2998.90326	
4.415686	1768.88276	1768.8912	2998.94718	2998.95562	
4.425803	1768.93409	1768.94356	2998.99852	2998.99925	
4.435957	1768.98501	1768.99592	2999.04943	2999.05161	
4.446167	1769.03562	1769.03955	2999.10004	2999.10397	
4.456395	1769.08566	1769.08318	2999.15008	2999.15633	
4.466413	1769.13405	1769.13554	2999.19848	2999.19997	
4.476603	1769.18269	1769.17918	2999.24711	2999.2436	
4.496868	1769.27638	1769.27517	2999.3408	2999.34832	
4.501501	1769.29786	1769.29262	2999.36228	2999.36577	
4.512688	1769.34883	1769.33626	2999.41326	2999.41813	
4.521846	1769.39009	1769.37989	2999.45451	2999.46177	
4.531985	1769.43514	1769.43225	2999.49956	2999.5054	
4.542212	1769.47997	1769.47588	2999.54439	2999.55776	
4.552284	1769.52354	1769.51952	2999.58796	2999.59267	
4.562467	1769.56693	1769.56315	2999.63135	2999.6363	
4.57262	1769.60961	1769.60678	2999.67403	2999.67993	
4.582755	1769.6516	1769.65042	2999.71603	2999.72357	
4.593055	1769.69365	1769.69405	2999.75808	2999.7672	
4.603176	1769.73435	1769.72895	2999.79878	2999.80211	
4.614349	1769.77854	1769.77259	2999.84297	2999.84574	
4.623636	1769.81479	1769.81622	2999.87921	2999.88937	
4.633692	1769.85341	1769.85985	2999.91784	2999.92428	
4.653744	1769.92751	1769.93839	2999.99193	3000.00282	
4.666759	1769.97486	1769.95585	3000.03929	3000.02027	
4.671433	1769.99185	1769.99948	3000.05627	3000.0639	
4.681561	1770.0279	1770.03439	3000.09232	3000.09881	
4.69172	1770.06345	1770.06929	3000.12787	3000.13372	
4.701914	1770.09852	1770.08675	3000.16294	3000.15117	
4.712943	1770.13576	1770.11293	3000.20019	3000.17735	
4.730188	1770.19183	1770.16529	3000.25626	3000.22098	
4.73483	1770.20696	1770.18274	3000.27138	3000.23844	
4.744972	1770.23929	1770.21765	3000.30371	3000.27334	
4.755059	1770.27086	1770.25255	3000.33528	3000.30825	
4.765271	1770.30218	1770.28746	3000.36661	3000.34316	
4.775464	1770.33286	1770.32237	3000.39728	3000.37806	
4.785562	1770.36266	1770.34855	3000.42708	3000.40424	
4.795714	1770.39199	1770.37473	3000.45642	3000.43915	
4.805849	1770.42176	1770.40963	3000.48618	3000.46533	
4.817388	1770.45332	1770.43581	3000.51774	3000.50024	
4.826118	1770.47627	1770.46199	3000.5407	3000.53514	
4.836307	1770.50332	1770.4969	3000.56774	3000.56132	
4.846448	1770.52964	1770.53181	3000.59407	3000.5875	
4.856551	1770.55528	1770.55799	3000.6197	3000.61368	
4.866794	1770.58064	1770.59289	3000.64507	3000.63986	
4.876914	1770.60512	1770.61907	3000.66955	3000.67477	
4.887089	1770.62914	1770.64525	3000.69356	3000.70095	
4.897256	1770.65253	1770.67143	3000.71695	3000.72713	
4.907643	1770.67581	1770.69761	3000.74023	3000.74458	
4.919042	1770.70058	1770.72379	3000.765	3000.77949	
4.927697	1770.71901	1770.74125	3000.78343	3000.79694	
4.937849	1770.73999	1770.76743	3000.80441	3000.8144	
4.947968	1770.76032	1770.78488	3000.82475	3000.84058	
4.958154	1770.7802	1770.80233	3000.84462	3000.85803	
4.968266	1770.79934	1770.81106	3000.86377	3000.87548	
4.986355	1770.83131	1770.82851	3000.89574	3000.89294	
4.990983	1770.83955	1770.84597	3000.90398	3000.91912	
5.001096	1770.85681	1770.86342	3000.92123	3000.92784	
5.011297	1770.87363	1770.87215	3000.93805	3000.93657	
5.021902	1770.89047	1770.88087	3000.95489	3000.9453	
5.032006	1770.90595	1770.89833	3000.97037	3000.95402	
5.042164	1770.92104	1770.90705	3000.98546	3000.96275	
5.052366	1770.93541	1770.91578	3000.99983	3000.97148	
5.062475	1770.94918	1770.93323	3001.0136	3000.9802	
5.072795	1770.96264	1770.95069	3001.02706	3000.98893	
5.082788	1770.97512	1770.95941	3001.03955	3001.00638	
5.093004	1770.98732	1770.96814	3001.05174	3001.02384	
5.103142	1770.99884	1770.98559	3001.06327	3001.04129	
5.113263	1771.0098	1770.99432	3001.07422	3001.05002	
5.123557	1771.02036	1771.00305	3001.08479	3001.05874	
5.133664	1771.03018	1771.01177	3001.0946	3001.0762	
5.143767	1771.03945	1771.0205	3001.10387	3001.08492	
5.153961	1771.04825	1771.0205	3001.11267	3001.09365	
5.164078	1771.05644	1771.03795	3001.12086	3001.1111	
5.174314	1771.06417	1771.03795	3001.1286	3001.12856	
5.184431	1771.07129	1771.05541	3001.13571	3001.12856	
5.194586	1771.0779	1771.06413	3001.14232	3001.13728	
5.204782	1771.08401	1771.07286	3001.14844	3001.14601	
5.214881	1771.08956	1771.08159	3001.15398	3001.15474	
5.225309	1771.09474	1771.09031	3001.15917	3001.16346	
5.235256	1771.09922	1771.09904	3001.16365	3001.16346	
5.245431	1771.10331	1771.09904	3001.16774	3001.16346	
5.255639	1771.10694	1771.09904	3001.17136	3001.16346	
5.265725	1771.11007	1771.09904	3001.1745	3001.16346	
5.276038	1771.11282	1771.10777	3001.17724	3001.17219	
5.286205	1771.11511	1771.10777	3001.17954	3001.17219	
5.296296	1771.117	1771.10777	3001.18143	3001.17219	
5.306404	1771.12288	1771.10777	3001.18731	3001.18092	
5.316559	1771.12288	1771.10777	3001.18731	3001.18092	
5.326881	1771.12288	1771.10777	3001.18731	3001.18092	
5.336894	1771.12288	1771.10777	3001.18731	3001.18092	
5.347145	1771.12288	1771.10777	3001.18731	3001.18092	
5.357277	1771.12288	1771.10777	3001.18731	3001.18092	
5.367774	1771.12288	1771.10777	3001.18731	3001.18092	
5.377561	1771.12288	1771.10777	3001.18731	3001.18092	
5.387849	1771.12288	1771.10777	3001.18731	3001.18092	
5.397824	1771.12288	1771.10777	3001.18731	3001.18092	
5.408007	1771.12288	1771.10777	3001.18731	3001.18092	
5.418153	1771.12288	1771.10777	3001.18731	3001.18092	
5.428275	1771.12288	1771.10777	3001.18731	3001.18092	
5.438504	1771.12288	1771.10777	3001.18731	3001.18092	
5.448581	1771.12288	1771.10777	3001.18731	3001.18092	
5.458791	1771.12288	1771.10777	3001.18731	3001.18092	
5.469028	1771.12288	1771.10777	3001.18731	3001.18092	
5.479016	1771.12288	1771.10777	3001.18731	3001.18092	
5.499246	1771.12288	1771.10777	3001.18731	3001.18092	
5.503953	1771.12288	1771.10777	3001.18731	3001.18092	
5.514096	1771.12288	1771.10777	3001.18731	3001.18092	
5.524227	1771.12288	1771.10777	3001.18731	3001.18092	
5.534427	1771.12288	1771.10777	3001.18731	3001.18092	
5.544564	1771.12288	1771.10777	3001.18731	3001.18092	
5.554704	1771.12288	1771.10777	3001.18731	3001.18092	
5.564851	1771.12288	1771.10777	3001.18731	3001.18092	
5.590153	1771.12288	1771.10777	3001.18731	3001.18092	
5.59478	1771.12288	1771.10777	3001.18731	3001.18092	
5.604979	1771.12288	1771.10777	3001.18731	3001.18092	
5.615091	1771.12288	1771.10777	3001.18731	3001.18092	
5.625238	1771.12288	1771.10777	3001.18731	3001.18092	
5.635375	1771.12288	1771.10777	3001.18731	3001.18092	
5.645525	1771.12288	1771.10777	3001.18731	3001.18092	
5.65573	1771.12288	1771.10777	3001.18731	3001.18092	
5.66583	1771.12288	1771.10777	3001.18731	3001.18092	
5.675982	1771.12288	1771.10777	3001.18731	3001.18092	
5.686207	1771.12288	1771.10777	3001.18731	3001.18092	
5.696282	1771.12288	1771.10777	3001.18731	3001.18092	
5.706437	1771.12288	1771.10777	3001.18731	3001.18092	
5.7166	1771.12288	1771.10777	3001.18731	3001.18092	
5.726724	1771.12288	1771.10777	3001.18731	3001.18092	
5.736858	1771.12288	1771.10777	3001.18731	3001.18092	
5.747045	1771.12288	1771.10777	3001.18731	3001.18092	
5.757166	1771.12288	1771.10777	3001.18731	3001.18092	
5.76729	1771.12288	1771.10777	3001.18731	3001.18092	
5.77744	1771.12288	1771.10777	3001.18731	3001.18092	
5.78759	1771.12288	1771.10777	3001.18731	3001.18092	
5.79772	1771.12288	1771.10777	3001.18731	3001.18092	
5.807868	1771.12288	1771.10777	3001.18731	3001.18092	
5.817997	1771.12288	1771.10777	3001.18731	3001.18092	
5.828146	1771.12288	1771.10777	3001.18731	3001.18092	
5.838426	1771.12288	1771.10777	3001.18731	3001.18092	
5.848505	1771.12288	1771.10777	3001.18731	3001.18092	
5.858578	1771.12288	1771.10777	3001.18731	3001.18092	
5.868814	1771.12288	1771.10777	3001.18731	3001.18092	
5.878863	1771.12288	1771.10777	3001.18731	3001.18092	
5.889002	1771.12288	1771.10777	3001.18731	3001.18092	
5.899141	1771.12288	1771.10777	3001.18731	3001.18092	
5.909507	1771.12288	1771.10777	3001.18731	3001.18092	
5.919504	1771.12288	1771.10777	3001.18731	3001.18092	
5.929642	1771.12288	1771.10777	3001.18731	3001.18092	
5.939762	1771.12288	1771.10777	3001.18731	3001.18092	
5.950003	1771.12288	1771.10777	3001.18731	3001.18092	
5.960109	1771.12288	1771.10777	3001.18731	3001.18092	
5.970251	1771.12288	1771.10777	3001.18731	3001.18092	
5.980412	1771.12288	1771.10777	3001.18731	3001.18092	
5.990585	1771.12288	1771.10777	3001.18731	3001.18092	
6.000728	1771.12288	1771.10777	3001.18731	3001.18092	
6.010886	1771.12288	1771.10777	3001.18731	3001.18092	
6.021067	1771.12288	1771.10777	3001.18731	3001.18092	
6.031222	1771.12288	1771.10777	3001.18731	3001.18092	
6.041361	1771.12288	1771.10777	3001.18731	3001.18092	
6.051534	1771.12288	1771.10777	3001.18731	3001.18092	
6.061671	1771.12288	1771.10777	3001.18731	3001.18092	
6.071823	1771.12288	1771.10777	3001.18731	3001.18092	
6.081987	1771.12288	1771.10777	3001.18731	3001.18092	
6.092186	1771.12288	1771.10777	3001.18731	3001.18092	
6.102345	1771.12288	1771.10777	3001.18731	3001.18092	
6.112425	1771.12288	1771.10777	3001.18731	3001.18092	
6.122815	1771.12288	1771.10777	3001.18731	3001.18092	
6.132851	1771.12288	1771.10777	3001.18731	3001.18092	
6.142957	1771.12288	1771.10777	3001.18731	3001.18092	
6.153098	1771.12288	1771.10777	3001.18731	3001.18092	
6.163269	1771.12288	1771.10777	3001.18731	3001.18092	
6.173411	1771.12288	1771.10777	3001.18731	3001.18092	
6.191487	1771.12288	1771.10777	3001.18731	3001.18092	
6.196093	1771.12288	1771.10777	3001.18731	3001.18092	
6.206652	1771.12288	1771.10777	3001.18731	3001.18092	
6.216424	1771.12288	1771.10777	3001.18731	3001.18092	
6.226595	1771.12288	1771.10777	3001.18731	3001.18092	
6.236774	1771.12288	1771.10777	3001.18731	3001.18092	
6.247177	1771.12288	1771.10777	3001.18731	3001.18092	
6.257109	1771.12288	1771.10777	3001.18731	3001.18092	
6.267351	1771.12288	1771.10777	3001.18731	3001.18092	
6.277357	1771.12288	1771.10777	3001.18731	3001.18092	
6.287705	1771.12288	1771.10777	3001.18731	3001.18092	
6.29769	1771.12288	1771.10777	3001.18731	3001.18092	
6.307849	1771.12288	1771.10777	3001.18731	3001.18092	
6.318087	1771.12288	1771.10777	3001.18731	3001.18092	
6.328197	1771.12288	1771.10777	3001.18731	3001.18092	
6.338296	1771.12288	1771.10777	3001.18731	3001.18092	
6.349045	1771.12288	1771.10777	3001.18731	3001.18092	
6.358665	1771.12288	1771.10777	3001.18731	3001.18092	
6.36878	1771.12288	1771.10777	3001.18731	3001.18092	
6.37889	1771.12288	1771.10777	3001.18731	3001.18092	
6.389062	1771.12288	1771.10777	3001.18731	3001.18092	
6.399281	1771.12288	1771.10777	3001.18731	3001.18092	
6.409394	1771.12288	1771.10777	3001.18731	3001.18092	
6.419543	1771.12288	1771.10777	3001.18731	3001.18092	
6.429681	1771.12288	1771.10777	3001.18731	3001.18092	
6.439845	1771.12288	1771.10777	3001.18731	3001.18092	
6.458501	1771.12288	1771.10777	3001.18731	3001.18092	
6.463181	1771.12288	1771.10777	3001.18731	3001.18092	
6.473328	1771.12288	1771.10777	3001.18731	3001.18092	
6.483537	1771.12288	1771.10777	3001.18731	3001.18092	
6.501962	1771.12288	1771.10777	3001.18731	3001.18092	
6.506565	1771.12288	1771.10777	3001.18731	3001.18092	
6.516764	1771.12288	1771.10777	3001.18731	3001.18092	
6.526868	1771.12288	1771.10777	3001.18731	3001.18092	
6.537118	1771.12288	1771.10777	3001.18731	3001.18092	
6.547191	1771.12288	1771.10777	3001.18731	3001.18092	
6.557384	1771.12288	1771.10777	3001.18731	3001.18092	
6.567515	1771.12288	1771.10777	3001.18731	3001.18092	
6.577804	1771.12288	1771.10777	3001.18731	3001.18092	
6.587781	1771.12288	1771.10777	3001.18731	3001.18092	
6.597949	1771.12288	1771.10777	3001.18731	3001.18092	
6.608066	1771.12288	1771.10777	3001.18731	3001.18092	
6.619884	1771.12288	1771.10777	3001.18731	3001.18092	
6.636303	1771.12288	1771.10777	3001.18731	3001.18092	
6.641162	1771.12288	1771.10777	3001.18731	3001.18092	
6.651074	1771.12288	1771.10777	3001.18731	3001.18092	
6.661274	1771.12288	1771.10777	3001.18731	3001.18092	
6.671414	1771.12288	1771.10777	3001.18731	3001.18092	
6.68155	1771.12288	1771.10777	3001.18731	3001.18092	
6.691706	1771.12288	1771.10777	3001.18731	3001.18092	
6.701864	1771.12288	1771.10777	3001.18731	3001.18092	
6.712011	1771.12288	1771.10777	3001.18731	3001.18092	
6.722171	1771.12288	1771.10777	3001.18731	3001.18092	
6.732324	1771.12288	1771.10777	3001.18731	3001.18092	
6.742704	1771.12288	1771.10777	3001.18731	3001.18092	
6.752634	1771.12288	1771.10777	3001.18731	3001.18092	
6.762791	1771.12288	1771.10777	3001.18731	3001.18092	
6.77296	1771.12288	1771.10777	3001.18731	3001.18092	
6.783278	1771.12288	1771.10777	3001.18731	3001.18092	
6.793262	1771.12288	1771.10777	3001.18731	3001.18092	
6.803592	1771.12288	1771.10777	3001.18731	3001.18092	
6.813575	1771.12288	1771.10777	3001.18731	3001.18092	
6.823872	1771.12288	1771.10777	3001.18731	3001.18092	
6.833895	1771.12288	1771.10777	3001.18731	3001.18092	
6.84406	1771.12288	1771.10777	3001.18731	3001.18092	
6.854285	1771.12288	1771.10777	3001.18731	3001.18092	
6.864366	1771.12288	1771.10777	3001.18731	3001.18092	
6.874506	1771.12288	1771.10777	3001.18731	3001.18092	
6.88472	1771.12288	1771.10777	3001.18731	3001.18092	
6.894834	1771.12288	1771.10777	3001.18731	3001.18092	
6.904976	1771.12288	1771.10777	3001.18731	3001.18092	
6.918565	1771.12122	1771.10777	3001.18564	3001.18092	
6.925313	1771.12026	1771.10777	3001.18468	3001.18092	
6.935576	1771.11806	1771.10777	3001.18248	3001.18092	
6.945651	1771.1153	1771.10777	3001.17972	3001.17219	
6.955821	1771.11188	1771.10777	3001.17631	3001.16346	
6.966064	1771.10781	1771.10777	3001.17224	3001.16346	
6.976162	1771.1032	1771.10777	3001.16762	3001.16346	
6.986307	1771.09794	1771.10777	3001.16236	3001.16346	
6.996456	1771.09206	1771.09904	3001.15648	3001.15474	
7.00661	1771.08555	1771.09904	3001.14998	3001.15474	
7.016742	1771.07846	1771.09031	3001.14288	3001.15474	
7.026956	1771.07066	1771.09031	3001.13509	3001.14601	
7.037109	1771.06231	1771.08159	3001.12673	3001.14601	
7.047258	1771.05333	1771.07286	3001.11776	3001.13728	
7.057441	1771.0437	1771.05541	3001.10813	3001.12856	
7.067659	1771.03339	1771.04668	3001.09781	3001.11983	
7.077614	1771.02281	1771.03795	3001.08723	3001.1111	
7.088028	1771.01104	1771.02923	3001.07547	3001.09365	
7.097995	1770.99921	1771.01177	3001.06363	3001.09365	
7.108111	1770.98657	1771.00305	3001.05099	3001.0762	
7.119998	1770.9708	1770.98559	3001.03522	3001.05874	
7.128545	1770.95912	1770.96814	3001.02355	3001.04129	
7.138631	1770.94468	1770.95941	3001.00911	3001.02384	
7.148845	1770.92942	1770.95069	3000.99384	3001.01511	
7.158872	1770.91385	1770.93323	3000.97827	3000.99766	
7.169289	1770.89699	1770.92451	3000.96142	3000.98893	
7.179186	1770.88042	1770.91578	3000.94485	3000.97148	
7.189349	1770.86277	1770.89833	3000.9272	3000.95402	
7.199481	1770.84456	1770.88087	3000.90899	3000.93657	
7.209606	1770.82575	1770.85469	3000.89017	3000.91912	
7.219775	1770.80623	1770.83724	3000.87065	3000.89294	
7.230135	1770.78569	1770.81106	3000.85012	3000.86676	
7.240159	1770.76524	1770.78488	3000.82966	3000.8493	
7.250327	1770.74386	1770.7587	3000.80828	3000.82312	
7.260436	1770.72199	1770.74125	3000.78641	3000.79694	
7.270664	1770.69922	1770.71507	3000.76365	3000.77949	
7.280795	1770.67608	1770.69761	3000.74051	3000.74458	
7.290945	1770.65227	1770.67143	3000.71669	3000.72713	
7.301131	1770.62775	1770.64525	3000.69217	3000.70095	
7.311222	1770.60285	1770.61907	3000.66727	3000.66604	
7.32138	1770.57715	1770.58417	3000.64158	3000.63986	
7.33164	1770.55057	1770.55799	3000.61499	3000.60496	
7.341752	1770.52376	1770.53181	3000.58818	3000.57878	
7.351926	1770.49617	1770.4969	3000.56059	3000.5526	
7.362045	1770.46811	1770.46199	3000.53253	3000.52642	
7.372332	1770.43895	1770.43581	3000.50337	3000.49151	
7.382439	1770.40968	1770.40091	3000.47411	3000.46533	
7.392543	1770.37982	1770.37473	3000.44425	3000.43042	
7.402684	1770.34923	1770.33982	3000.41365	3000.39552	
7.41286	1770.31791	1770.30491	3000.38234	3000.36934	
7.423008	1770.28606	1770.27873	3000.35049	3000.33443	
7.433201	1770.25343	1770.24383	3000.31786	3000.30825	
7.443342	1770.22039	1770.20892	3000.28481	3000.27334	
7.453513	1770.1866	1770.17401	3000.25103	3000.23844	
7.471646	1770.12394	1770.11293	3000.18837	3000.17735	
7.476475	1770.10732	1770.1042	3000.17174	3000.1599	
7.486436	1770.07227	1770.06929	3000.13669	3000.12499	
7.496634	1770.03576	1770.02566	3000.10018	3000.09008	
7.506755	1769.99891	1769.99075	3000.06333	3000.05518	
7.516937	1769.9612	1769.94712	3000.02562	3000.02027	
7.527725	1769.92053	1769.90349	2999.98495	2999.97664	
7.537625	1769.88268	1769.86858	2999.9471	2999.94173	
7.547763	1769.84327	1769.83367	2999.9077	2999.90682	
7.557846	1769.80347	1769.79004	2999.86789	2999.86319	
7.567972	1769.76287	1769.74641	2999.82729	2999.81956	
7.578297	1769.72082	1769.7115	2999.78524	2999.77593	
7.588267	1769.67968	1769.66787	2999.7441	2999.73229	
7.598536	1769.63662	1769.62424	2999.70104	2999.69739	
7.608763	1769.59311	1769.58933	2999.65754	2999.65375	
7.619055	1769.5487	1769.53697	2999.61313	2999.61012	
7.638467	1769.46211	1769.49334	2999.52653	2999.56649	
7.643111	1769.44152	1769.43225	2999.50594	2999.5054	
7.653261	1769.39564	1769.38862	2999.46006	2999.45304	
7.663385	1769.34927	1769.34498	2999.41369	2999.41813	
7.673508	1769.30228	1769.3188	2999.3667	2999.38323	
7.683881	1769.25346	1769.29262	2999.31788	2999.34832	
7.69383	1769.20606	1769.25772	2999.27049	2999.31341	
7.703979	1769.15711	1769.20536	2999.22154	2999.26978	
7.714138	1769.10748	1769.153	2999.17191	2999.21742	
7.724242	1769.05751	1769.09191	2999.12194	2999.16506	
7.734536	1769.00594	1769.03082	2999.07036	2999.10397	
7.744615	1768.95488	1768.97846	2999.01931	2999.05161	
7.754729	1768.90302	1768.9261	2998.96744	2998.99053	
7.76492	1768.85012	1768.87374	2998.91454	2998.92944	
7.774984	1768.79728	1768.82138	2998.8617	2998.87708	
7.78517	1768.74317	1768.7603	2998.8076	2998.82472	
7.795321	1768.68863	1768.69921	2998.75305	2998.75491	
7.805485	1768.6334	1768.63812	2998.69782	2998.70255	
7.815599	1768.57784	1768.57704	2998.64226	2998.64146	
7.825701	1768.52174	1768.51595	2998.58616	2998.58037	
7.835989	1768.4639	1768.44614	2998.52832	2998.51056	
7.846074	1768.4067	1768.38505	2998.47113	2998.4582	
7.856236	1768.34836	1768.32396	2998.41279	2998.39712	
7.866352	1768.28971	1768.26288	2998.35413	2998.33603	
7.876466	1768.23043	1768.19307	2998.29485	2998.26622	
7.886691	1768.16992	1768.14071	2998.23434	2998.20513	
7.89682	1768.10934	1768.07962	2998.17376	2998.14404	
7.906918	1768.04833	1768.01853	2998.11275	2998.09168	
7.917094	1767.98623	1767.95745	2998.05065	2998.0306	
7.927582	1767.92152	1767.90509	2997.98594	2997.97824	
7.937831	1767.85767	1767.844	2997.92209	2997.91715	
7.947689	1767.79575	1767.77419	2997.86017	2997.84734	
7.957789	1767.73163	1767.7131	2997.79605	2997.78625	
7.967957	1767.66647	1767.65201	2997.7309	2997.71644	
7.978052	1767.60116	1767.5822	2997.66558	2997.65535	
7.988203	1767.5349	1767.51239	2997.59932	2997.58554	
7.998811	1767.46489	1767.4513	2997.52932	2997.52445	
8.008561	1767.40009	1767.39021	2997.46451	2997.46336	
8.018633	1767.33248	1767.3204	2997.3969	2997.39355	
8.029168	1767.26107	1767.25059	2997.32549	2997.32374	
8.039097	1767.19322	1767.18077	2997.25765	2997.25392	
8.049205	1767.12354	1767.11096	2997.18796	2997.18411	
8.059357	1767.05476	1767.04987	2997.11918	2997.1143	
8.069476	1766.98677	1766.98006	2997.05119	2997.04448	
8.079688	1766.91879	1766.90152	2996.98322	2996.97467	
8.089816	1766.85201	1766.84044	2996.91643	2996.90486	
8.107854	1766.73534	1766.70954	2996.79977	2996.77396	
8.112492	1766.70531	1766.68336	2996.76973	2996.73905	
8.122652	1766.64026	1766.61354	2996.70468	2996.66924	
8.133069	1766.57417	1766.55246	2996.6386	2996.59943	
8.143031	1766.51158	1766.48264	2996.576	2996.53834	
8.153135	1766.4487	1766.41283	2996.51312	2996.46853	
8.163278	1766.38619	1766.34302	2996.45062	2996.40744	
8.173392	1766.32443	1766.28193	2996.38885	2996.34635	
8.183571	1766.26291	1766.22084	2996.32734	2996.28527	
8.193707	1766.20224	1766.16848	2996.26666	2996.22418	
8.203864	1766.14205	1766.1074	2996.20648	2996.17182	
8.214018	1766.08247	1766.05504	2996.14689	2996.11073	
8.224098	1766.02395	1765.99395	2996.08838	2996.04965	
8.234292	1765.96538	1765.94159	2996.0298	2995.99729	
8.244497	1765.9073	1765.88923	2995.97172	2995.9362	
8.254655	1765.85017	1765.82814	2995.91459	2995.88384	
8.264763	1765.79388	1765.77578	2995.8583	2995.82275	
8.274901	1765.73803	1765.7147	2995.80246	2995.77039	
8.285062	1765.68267	1765.67106	2995.74709	2995.71803	
8.295201	1765.62802	1765.6187	2995.69244	2995.66567	
8.305338	1765.574	1765.56634	2995.63842	2995.61331	
8.315503	1765.52042	1765.51398	2995.58484	2995.56096	
8.325609	1765.46775	1765.46162	2995.53218	2995.5086	
8.335822	1765.41514	1765.40054	2995.47957	2995.46496	
8.346027	1765.36317	1765.35691	2995.42759	2995.4126	
8.356127	1765.31234	1765.30455	2995.37677	2995.36024	
8.366348	1765.26152	1765.26091	2995.32594	2995.30788	
8.376428	1765.21198	1765.20855	2995.27641	2995.26425	
8.38652	1765.16295	1765.15619	2995.22738	2995.21189	
8.396716	1765.11409	1765.10383	2995.17851	2995.15953	
8.406853	1765.06608	1765.0602	2995.1305	2995.1159	
8.417074	1765.01827	1765.01657	2995.0827	2995.07226	
8.427134	1764.97182	1764.96421	2995.03624	2995.02863	
8.437597	1764.92414	1764.92057	2994.98857	2994.985	
8.447494	1764.87962	1764.87694	2994.94404	2994.93264	
8.457615	1764.8347	1764.83331	2994.89912	2994.889	
8.467772	1764.79006	1764.78967	2994.85448	2994.84537	
8.477883	1764.7465	1764.74604	2994.81092	2994.80174	
8.488064	1764.7031	1764.70241	2994.76753	2994.7581	
8.499104	1764.65679	1764.65877	2994.72121	2994.71447	
8.509223	1764.61491	1764.61514	2994.67933	2994.67084	
8.519609	1764.57255	1764.58023	2994.63697	2994.63593	
8.529494	1764.5328	1764.5366	2994.59723	2994.60102	
8.539663	1764.49238	1764.49297	2994.5568	2994.55739	
8.549899	1764.45257	1764.45806	2994.517	2994.52248	
8.560059	1764.41353	1764.41443	2994.47796	2994.47885	
8.570156	1764.37531	1764.37952	2994.43974	2994.44394	
8.580283	1764.33757	1764.33589	2994.40199	2994.40031	
8.590591	1764.2998	1764.30098	2994.36422	2994.3654	
8.600724	1764.26325	1764.26607	2994.32767	2994.32177	
8.610851	1764.22732	1764.23117	2994.29174	2994.28686	
8.631242	1764.15796	1764.16135	2994.22239	2994.21705	
8.636064	1764.14059	1764.1439	2994.20501	2994.20832	
8.647646	1764.10286	1764.10899	2994.16728	2994.17342	
8.65621	1764.07471	1764.07409	2994.13913	2994.13851	
8.666347	1764.04198	1764.03918	2994.10641	2994.10361	
8.676488	1764.00985	1764.00427	2994.07428	2994.0687	
8.686656	1763.97821	1763.96937	2994.04264	2994.03379	
8.696795	1763.94727	1763.93446	2994.01169	2994.00761	
8.706957	1763.91686	1763.90828	2993.98128	2993.97271	
8.717134	1763.88699	1763.8821	2993.95142	2993.9378	
8.727263	1763.85784	1763.85592	2993.92226	2993.91162	
8.737637	1763.82862	1763.82974	2993.89305	2993.88544	
8.749443	1763.7962	1763.79484	2993.86063	2993.85926	
8.757696	1763.77388	1763.76866	2993.8383	2993.83308	
8.767877	1763.74696	1763.74248	2993.81139	2993.79817	
8.777986	1763.72082	1763.7163	2993.78525	2993.77199	
8.788125	1763.69518	1763.69012	2993.7596	2993.75454	
8.79841	1763.66979	1763.65521	2993.73422	2993.72836	
8.816365	1763.62769	1763.63776	2993.69212	2993.71091	
8.828888	1763.59903	1763.61158	2993.66345	2993.66727	
8.833489	1763.58851	1763.60285	2993.65293	2993.65855	
8.843666	1763.566	1763.5854	2993.63043	2993.64109	
8.853878	1763.544	1763.56794	2993.60842	2993.62364	
8.864016	1763.52275	1763.55049	2993.58717	2993.60619	
8.874128	1763.50212	1763.53304	2993.56655	2993.58873	
8.884275	1763.482	1763.51558	2993.54642	2993.57128	
8.894466	1763.46238	1763.4894	2993.5268	2993.55383	
8.904579	1763.44348	1763.47195	2993.5079	2993.53637	
8.914714	1763.42512	1763.4545	2993.48955	2993.51892	
8.924906	1763.40724	1763.43704	2993.47167	2993.50147	
8.935078	1763.38997	1763.41086	2993.45439	2993.48401	
8.945126	1763.37347	1763.39341	2993.4379	2993.47529	
8.955608	1763.35688	1763.37596	2993.4213	2993.45783	
8.965707	1763.34145	1763.3585	2993.40587	2993.44038	
8.975928	1763.32642	1763.34105	2993.39084	2993.42293	
8.986001	1763.31217	1763.3236	2993.37659	2993.40547	
8.996365	1763.29808	1763.30614	2993.36251	2993.37929	
9.006372	1763.28504	1763.28869	2993.34946	2993.36184	
9.016497	1763.2724	1763.27124	2993.33682	2993.35311	
9.026586	1763.26035	1763.25378	2993.32478	2993.33566	
9.036723	1763.24881	1763.23633	2993.31323	2993.32693	
9.046862	1763.23781	1763.2276	2993.30224	2993.30948	
9.057514	1763.22689	1763.21888	2993.29131	2993.29203	
9.067621	1763.21705	1763.21888	2993.28148	2993.2833	
9.077767	1763.20773	1763.21015	2993.27215	2993.27457	
9.088121	1763.19878	1763.20142	2993.2632	2993.27457	
9.098296	1763.19051	1763.1927	2993.25494	2993.26585	
9.116312	1763.17794	1763.18397	2993.24236	2993.25712	
9.12093	1763.17466	1763.16652	2993.23909	2993.23967	
9.131097	1763.16811	1763.16652	2993.23253	2993.23967	
9.141261	1763.16206	1763.16652	2993.22649	2993.23967	
9.152442	1763.15605	1763.16652	2993.22047	2993.23967	
9.161618	1763.15147	1763.16652	2993.2159	2993.23967	
9.171788	1763.14691	1763.16652	2993.21134	2993.23967	
9.181919	1763.14284	1763.15779	2993.20726	2993.23967	
9.192043	1763.13923	1763.15779	2993.20365	2993.23094	
9.202261	1763.13604	1763.15779	2993.20047	2993.23094	
9.2124	1763.1333	1763.14906	2993.19773	2993.23094	
9.22259	1763.13097	1763.14906	2993.19539	2993.23094	
9.232694	1763.12904	1763.14906	2993.19346	2993.23094	
9.24282	1763.12746	1763.14906	2993.19188	2993.23094	
9.254021	1763.12288	1763.14906	2993.18731	2993.23094	
9.263217	1763.12288	1763.14906	2993.18731	2993.23094	
9.273341	1763.12288	1763.14906	2993.18731	2993.23094	
9.283467	1763.12288	1763.14906	2993.18731	2993.23094	
9.293618	1763.12288	1763.14906	2993.18731	2993.23094	
9.303809	1763.12288	1763.14906	2993.18731	2993.23094	
9.313931	1763.12288	1763.14906	2993.18731	2993.23094	
9.324039	1763.12288	1763.14906	2993.18731	2993.23094	
9.334275	1763.12288	1763.14906	2993.18731	2993.23094	
9.344347	1763.12288	1763.14906	2993.18731	2993.23094	
9.36293	1763.12288	1763.14906	2993.18731	2993.22221	
9.367578	1763.12288	1763.14906	2993.18731	2993.22221	
9.377731	1763.12288	1763.14906	2993.18731	2993.22221	
9.387852	1763.12288	1763.14906	2993.18731	2993.22221	
9.398101	1763.12288	1763.14906	2993.18731	2993.21349	
9.408177	1763.12288	1763.14906	2993.18731	2993.21349	
9.418317	1763.12288	1763.14906	2993.18731	2993.21349	
9.436414	1763.12288	1763.14906	2993.18731	2993.21349	
9.441007	1763.12288	1763.14906	2993.18731	2993.21349	
9.451183	1763.12288	1763.14906	2993.18731	2993.21349	
9.461442	1763.12288	1763.14906	2993.18731	2993.21349	
9.471543	1763.12288	1763.14906	2993.18731	2993.21349	
9.481671	1763.12288	1763.14906	2993.18731	2993.21349	
9.491855	1763.12288	1763.14906	2993.18731	2993.21349	
9.501969	1763.12288	1763.14034	2993.18731	2993.21349	
9.512139	1763.12288	1763.14034	2993.18731	2993.21349	
9.522267	1763.12288	1763.14034	2993.18731	2993.21349	
9.532387	1763.12288	1763.14034	2993.18731	2993.20476	
9.542577	1763.12288	1763.14034	2993.18731	2993.20476	
9.552691	1763.12288	1763.14034	2993.18731	2993.20476	
9.563474	1763.12288	1763.14034	2993.18731	2993.20476	
9.573323	1763.12288	1763.14906	2993.18731	2993.21349	
9.583462	1763.12288	1763.14906	2993.18731	2993.21349	
9.593573	1763.12288	1763.14906	2993.18731	2993.20476	
9.603737	1763.12288	1763.14034	2993.18731	2993.20476	
9.613938	1763.12288	1763.14034	2993.18731	2993.20476	
9.624104	1763.12288	1763.14034	2993.18731	2993.20476	
9.634221	1763.12288	1763.14034	2993.18731	2993.20476	
9.644367	1763.12288	1763.14034	2993.18731	2993.20476	
9.654541	1763.12288	1763.14034	2993.18731	2993.20476	
9.664666	1763.12288	1763.14034	2993.18731	2993.20476	
9.674814	1763.12288	1763.14906	2993.18731	2993.20476	
9.684985	1763.12288	1763.14906	2993.18731	2993.20476	
9.695091	1763.12288	1763.14034	2993.18731	2993.20476	
9.705246	1763.12288	1763.14034	2993.18731	2993.20476	
9.715385	1763.12288	1763.14034	2993.18731	2993.20476	
9.725583	1763.12288	1763.14034	2993.18731	2993.20476	
9.735723	1763.12288	1763.14034	2993.18731	2993.20476	
9.745911	1763.12288	1763.14034	2993.18731	2993.20476	
9.756025	1763.12288	1763.14034	2993.18731	2993.20476	
9.766173	1763.12288	1763.14906	2993.18731	2993.20476	
9.776304	1763.12288	1763.14906	2993.18731	2993.20476	
9.786468	1763.12288	1763.14906	2993.18731	2993.20476	
9.796604	1763.12288	1763.14034	2993.18731	2993.20476	
9.806846	1763.12288	1763.14034	2993.18731	2993.20476	
9.816869	1763.12288	1763.14034	2993.18731	2993.20476	
9.827106	1763.12288	1763.14034	2993.18731	2993.20476	
9.837325	1763.12288	1763.14034	2993.18731	2993.20476	
9.847353	1763.12288	1763.14034	2993.18731	2993.20476	
9.857469	1763.12288	1763.14034	2993.18731	2993.20476	
9.867765	1763.12288	1763.14906	2993.18731	2993.20476	
9.877774	1763.12288	1763.14906	2993.18731	2993.20476	
9.895999	1763.12288	1763.14034	2993.18731	2993.20476	
9.900602	1763.12288	1763.14034	2993.18731	2993.20476	
9.910827	1763.12288	1763.14034	2993.18731	2993.20476	
9.920915	1763.12288	1763.14034	2993.18731	2993.20476	
9.931073	1763.12288	1763.14034	2993.18731	2993.20476	
9.941266	1763.12288	1763.14034	2993.18731	2993.20476	
9.951381	1763.12288	1763.14034	2993.18731	2993.20476	
9.961524	1763.12288	1763.14034	2993.18731	2993.20476	
9.971698	1763.12288	1763.14034	2993.18731	2993.20476	
9.982056	1763.12288	1763.14034	2993.18731	2993.20476	
10	1763.12288	1763.14034	2993.18731	2993.20476	
10.00461	1763.12288	1763.14034	2993.18731	2993.20476	
10.01483	1763.12288	1763.14034	2993.18731	2993.20476	
10.0249	1763.12288	1763.14034	2993.18731	2993.20476	
10.03508	1763.12288	1763.14034	2993.18731	2993.20476	
10.04525	1763.12288	1763.14034	2993.18731	2993.20476	
10.05538	1763.12288	1763.14034	2993.18731	2993.20476	
10.06553	1763.12288	1763.14034	2993.18731	2993.20476	
10.07568	1763.12288	1763.14034	2993.18731	2993.20476	
10.08594	1763.12288	1763.14034	2993.18731	2993.20476	
10.1043	1763.12288	1763.14034	2993.18731	2993.20476	
10.10892	1763.12288	1763.14034	2993.18731	2993.20476	
10.11909	1763.12288	1763.14034	2993.18731	2993.20476	
10.12924	1763.12288	1763.14034	2993.18731	2993.20476	
10.13938	1763.12288	1763.14034	2993.18731	2993.20476	
10.14955	1763.12288	1763.14034	2993.18731	2993.20476	
10.15969	1763.12288	1763.14034	2993.18731	2993.20476	
10.16985	1763.12288	1763.14034	2993.18731	2993.20476	
10.18805	1763.12288	1763.14034	2993.18731	2993.20476	
10.19271	1763.12288	1763.14034	2993.18731	2993.20476	
10.20283	1763.12288	1763.14034	2993.18731	2993.20476	
10.21299	1763.12288	1763.14034	2993.18731	2993.20476	
10.22312	1763.12288	1763.14034	2993.18731	2993.20476	
10.23325	1763.12288	1763.14034	2993.18731	2993.20476	
10.2434	1763.12288	1763.14034	2993.18731	2993.20476	
10.25355	1763.12288	1763.14034	2993.18731	2993.20476	
10.26369	1763.12288	1763.14034	2993.18731	2993.20476	
10.27383	1763.12288	1763.14034	2993.18731	2993.20476	
10.28417	1763.12288	1763.14034	2993.18731	2993.20476	
10.29418	1763.12288	1763.14034	2993.18731	2993.20476	
10.30429	1763.12288	1763.14034	2993.18731	2993.20476	
10.31443	1763.12288	1763.14034	2993.18731	2993.20476	
10.32453	1763.12288	1763.14034	2993.18731	2993.20476	
10.33477	1763.12288	1763.14034	2993.18731	2993.20476	
10.34486	1763.12288	1763.14034	2993.18731	2993.20476	
10.35502	1763.12288	1763.14034	2993.18731	2993.20476	
10.36518	1763.12288	1763.14034	2993.18731	2993.20476	
10.37529	1763.12288	1763.14034	2993.18731	2993.20476	
10.38543	1763.12288	1763.14034	2993.18731	2993.20476	
10.39558	1763.12288	1763.14034	2993.18731	2993.20476	
10.40576	1763.12288	1763.14034	2993.18731	2993.20476	
10.41592	1763.12288	1763.14034	2993.18731	2993.20476	
10.42604	1763.12288	1763.14034	2993.18731	2993.20476	
10.4362	1763.12288	1763.14034	2993.18731	2993.20476	
10.44637	1763.12288	1763.14034	2993.18731	2993.20476	
10.45652	1763.12288	1763.14034	2993.18731	2993.20476	
10.46662	1763.12288	1763.14034	2993.18731	2993.20476	
10.47679	1763.12288	1763.14034	2993.18731	2993.20476	
10.48696	1763.12288	1763.14034	2993.18731	2993.20476	
10.49744	1763.12288	1763.14034	2993.18731	2993.20476	
10.5073	1763.12288	1763.14034	2993.18731	2993.20476	
10.51772	1763.12288	1763.14034	2993.18731	2993.20476	
10.52751	1763.12288	1763.14034	2993.18731	2993.20476	
10.53783	1763.12288	1763.14034	2993.18731	2993.20476	
10.5478	1763.12288	1763.14034	2993.18731	2993.20476	
10.55794	1763.12288	1763.14034	2993.18731	2993.20476	
10.56827	1763.12288	1763.14034	2993.18731	2993.20476	
10.57826	1763.12288	1763.14034	2993.18731	2993.20476	
10.59627	1763.12288	1763.14034	2993.18731	2993.20476	
10.60091	1763.12288	1763.14034	2993.18731	2993.20476	
10.63073	1763.12288	1763.14034	2993.18731	2993.20476	
10.63555	1763.12288	1763.14034	2993.18731	2993.20476	
