80.05828	0.28646347	0.270526034	2.3110454	2.29510797	
80.06556	0.285419606	0.270526034	2.31000154	2.29510797	
80.07567	0.28327206	0.270526034	2.30785399	2.29510797	
80.08583	0.280492041	0.270526034	2.30507397	2.29510797	
80.09599	0.277096075	0.270526034	2.30167801	2.29510797	
80.10652	0.272893969	0.270526034	2.2974759	2.29510797	
80.11633	0.268424964	0.270526034	2.2930069	2.28638132	
80.12646	0.263188406	0.261799388	2.28777034	2.28638132	
80.13659	0.257330184	0.261799388	2.28191212	2.28638132	
80.14675	0.250809012	0.253072742	2.27539094	2.28638132	
80.15693	0.243704235	0.253072742	2.26828617	2.27765467	
80.16708	0.235980835	0.244346095	2.26056277	2.26892803	
80.17734	0.227537143	0.235619449	2.25211908	2.26892803	
80.18743	0.218631548	0.226892803	2.24321348	2.26020138	
80.19758	0.209042111	0.218166156	2.23362404	2.25147474	
80.20768	0.198902728	0.20943951	2.22348466	2.23402144	
80.21781	0.188104605	0.200712864	2.21268654	2.23402144	
80.228	0.176634151	0.191986218	2.20121608	2.21656815	
80.23812	0.164617232	0.174532925	2.18919916	2.2078415	
80.24829	0.151910569	0.165806279	2.1764925	2.19911486	
80.25842	0.138657989	0.157079633	2.16323992	2.18166156	
80.26861	0.12470129	0.13962634	2.14928322	2.16420827	
80.28668	0.0975330491	0.113446401	2.12211498	2.12930169	
80.29121	0.0907954101	0.104719755	2.11537734	2.12057504	
80.30143	0.074771747	0.0959931089	2.09935368	2.10312175	
80.3115	0.0583858088	0.0785398163	2.08296774	2.0943951	
80.32165	0.0412438928	0.0698131701	2.06582583	2.07694181	
80.33177	0.0235443351	0.0523598776	2.04812627	2.05948852	
80.34199	0.00503832698	0.034906585	2.02962026	2.05076187	
80.35208	-0.0138352719	0.0174532925	2.01074666	2.03330858	
80.36225	-0.0334813121	0.00872664626	1.99110062	2.02458193	
80.37242	-0.0537622747	-0.00872664626	1.97081966	2.00712864	
80.38259	-0.0746365267	-0.034906585	1.94994541	1.98967535	
80.39273	-0.0960862481	-0.0523598776	1.92849568	1.95476876	
80.4029	-0.118221151	-0.0785398163	1.90636078	1.93731547	
80.41303	-0.140893052	-0.104719755	1.88368888	1.91986218	
80.42319	-0.164226774	-0.130899694	1.86035516	1.89368224	
80.43336	-0.188218444	-0.157079633	1.83636349	1.8675023	
80.44348	-0.212705262	-0.174532925	1.81187667	1.85004901	
80.45371	-0.238079339	-0.200712864	1.78650259	1.81514242	
80.46379	-0.263699153	-0.226892803	1.76088278	1.78896248	
80.47396	-0.290141601	-0.261799388	1.73444033	1.76278254	
80.48412	-0.317217298	-0.287979327	1.70736463	1.73660261	
80.49426	-0.344839875	-0.314159265	1.67974206	1.71042267	
80.50439	-0.373053484	-0.34906585	1.65152845	1.67551608	
80.51454	-0.401953406	-0.375245789	1.62262853	1.6406095	
80.52479	-0.431741983	-0.410152374	1.59283995	1.60570291	
80.53497	-0.461967494	-0.436332313	1.56261444	1.57952297	
80.54506	-0.492509248	-0.471238898	1.53207268	1.54461639	
80.55531	-0.524221081	-0.497418837	1.50036085	1.51843645	
80.56552	-0.556402307	-0.532325422	1.46817963	1.48352986	
80.57552	-0.58849552	-0.567232007	1.43608641	1.44862328	
80.58567	-0.621705844	-0.602138592	1.40287609	1.41371669	
80.5958	-0.655492964	-0.637045177	1.36908897	1.38753676	
80.60642	-0.6915646	-0.671951762	1.33301733	1.35263017	
80.61615	-0.725188367	-0.715584993	1.29939357	1.30899694	
80.62625	-0.760706757	-0.750491578	1.26387518	1.27409035	
80.63664	-0.797898109	-0.785398163	1.22668382	1.23918377	
80.64654	-0.833883201	-0.820304748	1.19069873	1.19555054	
80.6567	-0.871478373	-0.855211333	1.15310356	1.16064395	
80.6669	-0.909812786	-0.890117919	1.11476915	1.11701072	
80.67701	-0.948442196	-0.93375115	1.07613974	1.08210414	
80.68718	-0.98793131	-0.977384381	1.03665062	1.04719755	
80.69737	-1.02809785	-1.01229097	0.996484087	1.00356432	
80.70747	-1.06852258	-1.0559242	0.956059349	0.959931089	
80.71766	-1.1099456	-1.09955743	0.914636327	0.916297857	
80.72773	-1.15147314	-1.15191731	0.873108787	0.872664626	
80.73868	-1.19742998	-1.18682389	0.827151951	0.837758041	
80.74831	-1.23831494	-1.23918377	0.786266997	0.79412481	
80.75824	-1.28105218	-1.27409035	0.743529748	0.750491578	
80.76839	-1.32541442	-1.32645023	0.699167511	0.698131701	
80.77851	-1.37025061	-1.36135682	0.654331322	0.654498469	
80.7887	-1.41600852	-1.41371669	0.60857341	0.602138592	
80.79895	-1.46266799	-1.45734993	0.561913945	0.558505361	
80.80897	-1.50887102	-1.50098316	0.515710909	0.514872129	
80.81912	-1.55630023	-1.55334303	0.468281699	0.471238898	
80.82927	-1.60439089	-1.60570291	0.420191046	0.41887902	
80.8394	-1.6529394	-1.65806279	0.371642531	0.366519143	
80.84952	-1.70205354	-1.70169602	0.32252839	0.314159265	
80.85971	-1.75219222	-1.74532925	0.272389711	0.270526034	
80.86989	-1.80285845	-1.79768913	0.221723484	0.218166156	
80.88	-1.85379738	-1.85004901	0.170784552	0.174532925	
80.89016	-1.90558835	-1.90240888	0.118993583	0.122173048	
80.90033	-1.95808747	-1.95476876	0.066494464	0.0698131701	
80.9105	-2.01119159	-2.01585529	0.0133903445	0.00872664626	
80.92267	-2.07576559	-2.06821516	-0.05118366	-0.0436332313	
80.93075	-2.11883402	-2.12930169	-0.0942520879	-0.104719755	
80.9409	-2.1736626	-2.18166156	-0.149080666	-0.157079633	
80.95105	-2.22912549	-2.23402144	-0.204543561	-0.20943951	
80.9612	-2.28523449	-2.28638132	-0.260652554	-0.253072742	
80.97138	-2.34213245	-2.3387412	-0.317550521	-0.305432619	
80.98161	-2.39989953	-2.39110108	-0.375317598	-0.357792497	
80.99168	-2.45734869	-2.4521876	-0.432766754	-0.41887902	
81.00183	-2.51590952	-2.51327412	-0.491327585	-0.479965544	
81.01201	-2.57528984	-2.57436065	-0.550707903	-0.541052068	
81.02215	-2.63503516	-2.63544717	-0.610453229	-0.602138592	
81.03229	-2.6953794	-2.69653369	-0.670797464	-0.663225116	
81.04243	-2.75454217	-2.75762022	-0.729960235	-0.72431164	
81.05261	-2.81333467	-2.81870674	-0.788752743	-0.785398163	
81.06369	-2.87660953	-2.87979327	-0.852027595	-0.846484687	
81.07315	-2.93010155	-2.93215314	-0.905519615	-0.907571211	
81.08308	-2.98567766	-3.00196631	-0.961095729	-0.977384381	
81.09324	-3.04196814	-3.06305284	-1.01738621	-1.0384709	
81.10336	-3.09738943	-3.12413936	-1.0728075	-1.09955743	
81.11355	-3.15262236	-3.17649924	-1.12804043	-1.15191731	
81.12369	-3.20698922	-3.23758576	-1.18240728	-1.21300383	
81.13389	-3.26107775	-3.29867229	-1.23649581	-1.26536371	
81.144	-3.31409888	-3.35103216	-1.28951695	-1.32645023	
81.15412	-3.36656811	-3.41211869	-1.34198617	-1.37881011	
81.16432	-3.41883682	-3.46447857	-1.39425489	-1.43116999	
81.17445	-3.47019437	-3.51683844	-1.44561244	-1.49225651	
81.18469	-3.52145377	-3.56047167	-1.49687184	-1.53588974	
81.19484	-3.57168355	-3.61283155	-1.54710162	-1.58824962	
81.20498	-3.62129298	-3.66519143	-1.59671105	-1.6406095	
81.21515	-3.67039222	-3.70882466	-1.64581029	-1.69296937	
81.22527	-3.71874402	-3.76118454	-1.69416209	-1.73660261	
81.2354	-3.76646985	-3.80481777	-1.74188792	-1.78023584	
81.24571	-3.81449815	-3.848451	-1.78991622	-1.82386907	
81.25571	-3.86045481	-3.89208423	-1.83587288	-1.8675023	
81.26584	-3.90640834	-3.93571746	-1.88182641	-1.91986218	
81.27642	-3.95379707	-3.97935069	-1.92921514	-1.96349541	
81.28619	-3.99700064	-4.02298393	-1.97241871	-2.00712864	
81.2963	-4.04108634	-4.0753438	-2.0165044	-2.05076187	
81.30643	-4.08467974	-4.11897703	-2.06009781	-2.0943951	
81.31659	-4.12780614	-4.16261027	-2.10322421	-2.13802833	
81.32672	-4.17025143	-4.19751685	-2.1456695	-2.18166156	
81.33685	-4.21205589	-4.24115008	-2.18747396	-2.21656815	
81.34698	-4.2533055	-4.27605667	-2.22872357	-2.26020138	
81.35716	-4.29412056	-4.3196899	-2.26953863	-2.30383461	
81.36736	-4.33444405	-4.35459648	-2.30986212	-2.3387412	
81.37745	-4.37376896	-4.39822972	-2.34918703	-2.37364778	
81.38761	-4.41272503	-4.4331363	-2.3881431	-2.41728101	
81.39782	-4.45132079	-4.46804289	-2.42673885	-2.4521876	
81.4079	-4.48881908	-4.50294947	-2.46423715	-2.49582083	
81.41806	-4.52599113	-4.5465827	-2.5014092	-2.53072742	
81.42823	-4.56265236	-4.58148929	-2.53807042	-2.565634	
81.43835	-4.59854319	-4.61639587	-2.57396126	-2.60926723	
81.44848	-4.63385983	-4.65130246	-2.6092779	-2.64417382	
81.45868	-4.66881239	-4.68620904	-2.64423046	-2.6790804	
81.47791	-4.73285547	-4.74729557	-2.70827353	-2.73144028	
81.48574	-4.75779369	-4.7734755	-2.73321175	-2.75762022	
81.49566	-4.78969659	-4.79965544	-2.76511466	-2.7925268	
81.50582	-4.82179128	-4.83456203	-2.79720935	-2.82743339	
81.51596	-4.85323967	-4.86946861	-2.82865774	-2.85361333	
81.52614	-4.88421694	-4.9043752	-2.85963501	-2.87979327	
81.53623	-4.91435153	-4.93055514	-2.8897696	-2.91469985	
81.54639	-4.94409362	-4.95673508	-2.91951169	-2.94087979	
81.55652	-4.97317339	-4.99164166	-2.94859145	-2.96705973	
81.56837	-5.00633315	-5.02654825	-2.98175122	-3.00196631	
81.57848	-5.03406761	-5.04400154	-3.00948568	-3.0368729	
81.58863	-5.0613662	-5.07018148	-3.03678427	-3.06305284	
81.60669	-5.10764438	-5.12254135	-3.08306244	-3.09795942	
81.61156	-5.12017135	-5.131268	-3.09558942	-3.10668607	
81.62173	-5.14561191	-5.16617459	-3.12102998	-3.12413936	
81.63184	-5.17030557	-5.19235452	-3.14572364	-3.1503193	
81.64198	-5.19450632	-5.21853446	-3.16992439	-3.17649924	
81.65214	-5.21816154	-5.23598776	-3.19357961	-3.19395253	
81.66234	-5.24134586	-5.25344105	-3.21676392	-3.22013247	
81.67244	-5.26369591	-5.27089434	-3.23911398	-3.24631241	
81.68261	-5.28564277	-5.29707428	-3.26106084	-3.27249235	
81.69278	-5.30701821	-5.31452757	-3.28243628	-3.28994564	
81.70296	-5.32782828	-5.34070751	-3.30324634	-3.31612558	
81.71314	-5.34804034	-5.3581608	-3.32345841	-3.33357887	
81.72323	-5.36752599	-5.3756141	-3.34294405	-3.35103216	
81.73343	-5.38664526	-5.39306739	-3.36206333	-3.36848546	
81.74354	-5.40503193	-5.41052068	-3.38045	-3.38593875	
81.75365	-5.42283792	-5.42797397	-3.39825599	-3.40339204	
81.76385	-5.4402327	-5.44542727	-3.41565076	-3.42084533	
81.77402	-5.45699652	-5.46288056	-3.43241459	-3.43829863	
81.78417	-5.47317145	-5.48033385	-3.44858952	-3.45575192	
81.79428	-5.48871306	-5.4890605	-3.46413113	-3.47320521	
81.8045	-5.50385983	-5.50651379	-3.47927789	-3.4906585	
81.81464	-5.51832785	-5.51524044	-3.49374591	-3.49938515	
81.82478	-5.53222994	-5.53269373	-3.50764801	-3.5081118	
81.83487	-5.54550444	-5.55014702	-3.52092251	-3.51683844	
81.84508	-5.55838287	-5.55887367	-3.53380094	-3.52556509	
81.85521	-5.57059973	-5.56760031	-3.5460178	-3.53429174	
81.86539	-5.58231822	-5.56760031	-3.55773629	-3.54301838	
81.87552	-5.59344242	-5.57632696	-3.56886049	-3.56047167	
81.88573	-5.60409306	-5.58505361	-3.57951113	-3.56919832	
81.8958	-5.61406459	-5.59378025	-3.58948266	-3.57792497	
81.90598	-5.62359052	-5.6025069	-3.59900859	-3.57792497	
81.91624	-5.63264021	-5.61996019	-3.60805827	-3.58665161	
81.92676	-5.64135092	-5.61996019	-3.61676899	-3.59537826	
81.93685	-5.64918044	-5.62868684	-3.62459851	-3.59537826	
81.94703	-5.65655126	-5.62868684	-3.63196932	-3.60410491	
81.95718	-5.66338232	-5.63741348	-3.63880039	-3.61283155	
81.96746	-5.66976938	-5.63741348	-3.64518745	-3.63028484	
81.97755	-5.67553744	-5.64614013	-3.6509555	-3.63028484	
81.98768	-5.68083701	-5.65486678	-3.65625508	-3.63028484	
81.99784	-5.68565506	-5.65486678	-3.66107312	-3.63901149	
82.00814	-5.69004379	-5.66359342	-3.66546186	-3.63901149	
82.01831	-5.69390661	-5.67232007	-3.66932467	-3.63901149	
82.0283	-5.6972603	-5.67232007	-3.67267837	-3.63901149	
82.03841	-5.70021934	-5.68104672	-3.67563741	-3.64773814	
82.04855	-5.70276045	-5.68104672	-3.67817852	-3.64773814	
82.05876	-5.70491278	-5.68977336	-3.68033085	-3.64773814	
82.07032	-5.70683282	-5.68977336	-3.68225089	-3.64773814	
82.08042	-5.71202067	-5.68977336	-3.68743874	-3.64773814	
82.0906	-5.71202067	-5.68977336	-3.68743874	-3.65646478	
82.10071	-5.71202067	-5.68977336	-3.68743874	-3.66519143	
82.11084	-5.71202067	-5.68977336	-3.68743874	-3.66519143	
82.12907	-5.71202067	-5.68977336	-3.68743874	-3.65646478	
82.13367	-5.71202067	-5.68977336	-3.68743874	-3.65646478	
82.14374	-5.71202067	-5.68977336	-3.68743874	-3.65646478	
82.15387	-5.71202067	-5.68977336	-3.68743874	-3.66519143	
82.164	-5.71202067	-5.68977336	-3.68743874	-3.66519143	
82.17418	-5.71202067	-5.68977336	-3.68743874	-3.66519143	
82.1844	-5.71202067	-5.68977336	-3.68743874	-3.65646478	
82.19446	-5.71202067	-5.68977336	-3.68743874	-3.65646478	
82.20461	-5.71202067	-5.68977336	-3.68743874	-3.66519143	
82.21479	-5.71202067	-5.68977336	-3.68743874	-3.66519143	
82.22495	-5.71202067	-5.68977336	-3.68743874	-3.66519143	
82.23515	-5.71202067	-5.68977336	-3.68743874	-3.66519143	
82.24533	-5.71202067	-5.68977336	-3.68743874	-3.66519143	
82.25541	-5.71202067	-5.68977336	-3.68743874	-3.66519143	
82.26554	-5.71202067	-5.68977336	-3.68743874	-3.66519143	
82.27564	-5.71202067	-5.68977336	-3.68743874	-3.66519143	
82.28596	-5.71202067	-5.68977336	-3.68743874	-3.66519143	
82.296	-5.71202067	-5.68977336	-3.68743874	-3.66519143	
82.30615	-5.71202067	-5.68977336	-3.68743874	-3.66519143	
82.3163	-5.71202067	-5.68977336	-3.68743874	-3.66519143	
82.32664	-5.71202067	-5.68977336	-3.68743874	-3.66519143	
82.33656	-5.71202067	-5.68977336	-3.68743874	-3.66519143	
82.34668	-5.71202067	-5.68977336	-3.68743874	-3.66519143	
82.35686	-5.71202067	-5.68977336	-3.68743874	-3.66519143	
82.36708	-5.71202067	-5.68977336	-3.68743874	-3.66519143	
82.37716	-5.71202067	-5.68977336	-3.68743874	-3.66519143	
82.3952	-5.71202067	-5.68977336	-3.68743874	-3.66519143	
82.39971	-5.71202067	-5.68977336	-3.68743874	-3.66519143	
82.40987	-5.71202067	-5.68977336	-3.68743874	-3.66519143	
82.42002	-5.71202067	-5.68977336	-3.68743874	-3.66519143	
82.43019	-5.71202067	-5.68977336	-3.68743874	-3.66519143	
82.44837	-5.71202067	-5.68977336	-3.68743874	-3.66519143	
82.4529	-5.71202067	-5.68977336	-3.68743874	-3.66519143	
82.47098	-5.71202067	-5.68977336	-3.68743874	-3.66519143	
82.47547	-5.71202067	-5.68977336	-3.68743874	-3.66519143	
82.4857	-5.71202067	-5.68977336	-3.68743874	-3.66519143	
82.49576	-5.71202067	-5.68977336	-3.68743874	-3.66519143	
82.50596	-5.71202067	-5.68977336	-3.68743874	-3.66519143	
82.51606	-5.71202067	-5.68977336	-3.68743874	-3.66519143	
82.52623	-5.71202067	-5.68977336	-3.68743874	-3.66519143	
82.53636	-5.71202067	-5.68977336	-3.68743874	-3.66519143	
82.54654	-5.71202067	-5.68977336	-3.68743874	-3.66519143	
82.55667	-5.71202067	-5.68977336	-3.68743874	-3.66519143	
82.56808	-5.71202067	-5.68977336	-3.68743874	-3.66519143	
82.57701	-5.71202067	-5.68977336	-3.68743874	-3.66519143	
82.58713	-5.71202067	-5.68977336	-3.68743874	-3.66519143	
82.60509	-5.71202067	-5.68977336	-3.68743874	-3.66519143	
82.60956	-5.71202067	-5.68977336	-3.68743874	-3.66519143	
82.61976	-5.71202067	-5.68977336	-3.68743874	-3.66519143	
82.62994	-5.71202067	-5.68977336	-3.68743874	-3.66519143	
82.64006	-5.71202067	-5.68977336	-3.68743874	-3.66519143	
82.65027	-5.71202067	-5.68977336	-3.68743874	-3.66519143	
82.66041	-5.71202067	-5.68977336	-3.68743874	-3.66519143	
82.67056	-5.71202067	-5.68977336	-3.68743874	-3.66519143	
82.68081	-5.71202067	-5.68977336	-3.68743874	-3.66519143	
82.69095	-5.71202067	-5.68977336	-3.68743874	-3.66519143	
82.70111	-5.71202067	-5.68977336	-3.68743874	-3.66519143	
82.71129	-5.71202067	-5.68977336	-3.68743874	-3.66519143	
82.72142	-5.71202067	-5.68977336	-3.68743874	-3.66519143	
82.73158	-5.71202067	-5.68977336	-3.68743874	-3.66519143	
82.7418	-5.71202067	-5.68977336	-3.68743874	-3.66519143	
82.75191	-5.71202067	-5.68977336	-3.68743874	-3.66519143	
82.76205	-5.71202067	-5.68977336	-3.68743874	-3.66519143	
82.77223	-5.71202067	-5.68977336	-3.68743874	-3.66519143	
82.78236	-5.71202067	-5.68977336	-3.68743874	-3.66519143	
82.79246	-5.71202067	-5.68977336	-3.68743874	-3.66519143	
82.80264	-5.71202067	-5.68977336	-3.68743874	-3.66519143	
82.81283	-5.71202067	-5.68977336	-3.68743874	-3.66519143	
82.823	-5.71202067	-5.68977336	-3.68743874	-3.66519143	
82.83315	-5.71202067	-5.68977336	-3.68743874	-3.66519143	
82.84327	-5.71202067	-5.68977336	-3.68743874	-3.66519143	
82.8534	-5.71202067	-5.68977336	-3.68743874	-3.66519143	
82.86355	-5.71202067	-5.68977336	-3.68743874	-3.66519143	
82.87371	-5.71202067	-5.68977336	-3.68743874	-3.66519143	
82.88385	-5.71202067	-5.68977336	-3.68743874	-3.66519143	
82.89406	-5.71202067	-5.68977336	-3.68743874	-3.66519143	
82.90418	-5.71202067	-5.68977336	-3.68743874	-3.66519143	
82.91433	-5.71202067	-5.68977336	-3.68743874	-3.66519143	
82.92643	-5.71202067	-5.68977336	-3.68743874	-3.66519143	
82.93461	-5.71202067	-5.68977336	-3.68743874	-3.66519143	
82.94484	-5.71202067	-5.69850001	-3.68743874	-3.66519143	
82.95488	-5.71202067	-5.69850001	-3.68743874	-3.66519143	
82.96504	-5.71202067	-5.70722665	-3.68743874	-3.66519143	
82.97534	-5.71202067	-5.69850001	-3.68743874	-3.66519143	
82.98547	-5.71202067	-5.69850001	-3.68743874	-3.66519143	
82.99561	-5.71202067	-5.69850001	-3.68743874	-3.66519143	
83.00582	-5.71202067	-5.69850001	-3.68743874	-3.66519143	
83.01595	-5.71202067	-5.68977336	-3.68743874	-3.66519143	
83.02606	-5.71202067	-5.68977336	-3.68743874	-3.66519143	
83.03623	-5.71202067	-5.68977336	-3.68743874	-3.66519143	
83.04635	-5.71202067	-5.68977336	-3.68743874	-3.66519143	
83.05648	-5.71202067	-5.68977336	-3.68743874	-3.67391808	
83.06666	-5.71202067	-5.68977336	-3.68743874	-3.67391808	
