59.02751	0.286427045	0.270526034	2.31100898	2.29510797	
59.03821	0.284552411	0.270526034	2.30913434	2.29510797	
59.04765	0.282402451	0.270526034	2.30698438	2.29510797	
59.05775	0.279467436	0.270526034	2.30404937	2.29510797	
59.06814	0.275790268	0.261799388	2.3003722	2.28638132	
59.07808	0.271698944	0.261799388	2.29628088	2.28638132	
59.08822	0.266897113	0.253072742	2.29147904	2.28638132	
59.09834	0.26149438	0.253072742	2.28607631	2.28638132	
59.10848	0.255457063	0.253072742	2.280039	2.28638132	
59.11865	0.248779674	0.244346095	2.27336161	2.28638132	
59.13664	0.234621697	0.235619449	2.25920363	2.27765467	
59.14155	0.230796486	0.235619449	2.25537842	2.26892803	
59.15138	0.222430803	0.235619449	2.24701274	2.26892803	
59.16155	0.213139259	0.226892803	2.23772119	2.26020138	
59.17172	0.203231284	0.226892803	2.22781322	2.25147474	
59.18184	0.19275042	0.218166156	2.21733235	2.24274809	
59.192	0.18162122	0.20943951	2.20620315	2.23402144	
59.20221	0.169794831	0.191986218	2.19437676	2.2252948	
59.21232	0.157487638	0.174532925	2.18206957	2.2078415	
59.22246	0.144512984	0.157079633	2.16909492	2.19911486	
59.2326	0.130932253	0.13962634	2.15551419	2.18166156	
59.24282	0.11660661	0.130899694	2.14118854	2.16420827	
59.25306	0.101624366	0.113446401	2.1262063	2.14675498	
59.26315	0.08626952	0.104719755	2.11085145	2.12930169	
59.27327	0.07023267	0.0872664626	2.0948146	2.11184839	
59.28352	0.0533722008	0.0698131701	2.07795413	2.0943951	
59.2936	0.0361820732	0.0610865238	2.06076401	2.07694181	
59.30375	0.0182542714	0.0436332313	2.0428362	2.05948852	
59.31388	-0.000262641097	0.034906585	2.02431929	2.05076187	
59.32407	-0.0195084737	0.0174532925	2.00507346	2.04203522	
59.3342	-0.039252822	0	1.98532911	2.02458193	
59.34435	-0.0596589814	-0.0174532925	1.96492295	2.00712864	
59.35451	-0.080711512	-0.034906585	1.94387042	1.98967535	
59.36467	-0.102363871	-0.0610865238	1.92221806	1.95476876	
59.37484	-0.12466239	-0.0872664626	1.89991954	1.93731547	
59.38498	-0.147538895	-0.113446401	1.87704304	1.91113553	
59.39525	-0.171315074	-0.13962634	1.85326686	1.88495559	
59.40528	-0.19514611	-0.157079633	1.82943582	1.85877565	
59.41541	-0.219818515	-0.183259571	1.80476342	1.83259571	
59.42557	-0.245201918	-0.20943951	1.77938001	1.80641578	
59.43573	-0.271191791	-0.244346095	1.75339014	1.78023584	
59.44582	-0.29763544	-0.270526034	1.72694649	1.74532925	
59.46417	-0.348147605	-0.296705973	1.67643433	1.72787596	
59.46871	-0.360588115	-0.331612558	1.66399382	1.68424273	
59.48788	-0.416170863	-0.401425728	1.60841107	1.6231562	
59.49237	-0.429096841	-0.41887902	1.59548509	1.60570291	
59.50254	-0.45918861	-0.445058959	1.56539332	1.57952297	
59.51269	-0.489854031	-0.471238898	1.5347279	1.55334303	
59.52285	-0.521156988	-0.497418837	1.50342494	1.51843645	
59.53314	-0.553512653	-0.523598776	1.47106928	1.49225651	
59.54323	-0.58582831	-0.558505361	1.43875362	1.45734993	
59.55341	-0.619066638	-0.593411946	1.40551529	1.42244334	
59.56365	-0.653131962	-0.628318531	1.37144997	1.38753676	
59.57373	-0.687249126	-0.663225116	1.33733281	1.35263017	
59.58387	-0.722215912	-0.706858347	1.30236602	1.31772359	
59.59405	-0.757904374	-0.741764932	1.26667756	1.282817	
59.60416	-0.793994021	-0.776671517	1.23058791	1.23918377	
59.61434	-0.830957674	-0.811578102	1.19362426	1.20427718	
59.62448	-0.868399625	-0.846484687	1.15618231	1.1693706	
59.63468	-0.906678071	-0.890117919	1.11790386	1.12573737	
59.64487	-0.945537922	-0.925024504	1.07904401	1.09083078	
59.6552	-0.985862065	-0.968657735	1.03871987	1.04719755	
59.66516	-1.02475297	-1.01229097	0.999828966	1.01229097	
59.67527	-1.0651451	-1.04719755	0.959436829	0.968657735	
59.68543	-1.10635778	-1.09083078	0.918224153	0.925024504	
59.69558	-1.14815181	-1.13446401	0.876430127	0.881391272	
59.70571	-1.19050846	-1.17809725	0.834073474	0.837758041	
59.71594	-1.23388014	-1.22173048	0.790701787	0.79412481	
59.72602	-1.27718568	-1.26536371	0.747396256	0.750491578	
59.73615	-1.32138912	-1.30899694	0.703192815	0.706858347	
59.74649	-1.3671481	-1.36135682	0.657433835	0.663225116	
59.75831	-1.4203271	-1.40499005	0.604254827	0.610865238	
59.7669	-1.45933361	-1.44862328	0.565248325	0.567232007	
59.77674	-1.50459658	-1.49225651	0.519985356	0.523598776	
59.78688	-1.55191327	-1.54461639	0.472668666	0.471238898	
59.79709	-1.60018439	-1.58824962	0.424397543	0.41887902	
59.80727	-1.64891043	-1.6406095	0.375671502	0.366519143	
59.8174	-1.69805041	-1.69296937	0.326531518	0.322885912	
59.82757	-1.74795173	-1.74532925	0.276630202	0.27925268	
59.83798	-1.7997339	-1.79768913	0.224848029	0.226892803	
59.84777	-1.84895429	-1.84132236	0.17562764	0.174532925	
59.85792	-1.9006658	-1.89368224	0.123916131	0.122173048	
59.87014	-1.96389523	-1.94604212	0.0606867072	0.0698131701	
59.87822	-2.00592824	-1.99840199	0.0186536884	0.0174532925	
59.88835	-2.05935605	-2.05948852	-0.0347741197	-0.034906585	
59.89849	-2.11342669	-2.11184839	-0.0888447602	-0.0959931089	
59.90867	-2.16837704	-2.16420827	-0.14379511	-0.148352986	
59.91884	-2.22391071	-2.21656815	-0.199328778	-0.200712864	
59.92897	-2.27999837	-2.26892803	-0.255416434	-0.253072742	
59.93913	-2.3364507	-2.32128791	-0.311868766	-0.314159265	
59.94928	-2.3936664	-2.38237443	-0.369084466	-0.366519143	
59.95944	-2.45162705	-2.44346095	-0.42704512	-0.427605667	
59.96958	-2.51004988	-2.50454748	-0.485467947	-0.488692191	
59.97982	-2.56968109	-2.565634	-0.545099153	-0.541052068	
59.98992	-2.62912276	-2.62672052	-0.604540831	-0.602138592	
60.00007	-2.68939414	-2.68780705	-0.664812207	-0.663225116	
60.01028	-2.74891821	-2.74016693	-0.724336281	-0.72431164	
60.02035	-2.80699791	-2.8099801	-0.782415979	-0.785398163	
60.03125	-2.86918513	-2.87106662	-0.844603201	-0.855211333	
60.04139	-2.92637699	-2.93215314	-0.901795054	-0.907571211	
60.05161	-2.98347057	-3.00196631	-0.958888638	-0.977384381	
60.06169	-3.03922072	-3.05432619	-1.01463879	-1.0384709	
60.0718	-3.09451255	-3.11541271	-1.06993062	-1.09955743	
60.08234	-3.15154983	-3.17649924	-1.1269679	-1.15191731	
60.09217	-3.2041193	-3.23758576	-1.17953737	-1.21300383	
60.10227	-3.25759057	-3.28994564	-1.23300864	-1.26536371	
60.11246	-3.31097234	-3.35103216	-1.2863904	-1.32645023	
60.12259	-3.36337753	-3.40339204	-1.33879559	-1.37881011	
60.13279	-3.41560398	-3.45575192	-1.39102205	-1.43116999	
60.14292	-3.46684203	-3.5081118	-1.44226009	-1.48352986	
60.15309	-3.51772946	-3.56047167	-1.49314753	-1.53588974	
60.16323	-3.56783065	-3.61283155	-1.54324872	-1.57952297	
60.17334	-3.61718615	-3.65646478	-1.59260422	-1.63188285	
60.18353	-3.66639399	-3.70009801	-1.64181206	-1.68424273	
60.1937	-3.71488119	-3.75245789	-1.69029925	-1.72787596	
60.2039	-3.76286041	-3.80481777	-1.73827847	-1.78023584	
60.214	-3.80985404	-3.848451	-1.78527211	-1.82386907	
60.22427	-3.85701203	-3.89208423	-1.8324301	-1.8675023	
60.23434	-3.90263849	-3.93571746	-1.87805656	-1.91113553	
60.24445	-3.9478667	-3.97935069	-1.92328476	-1.95476876	
60.25467	-3.99301413	-4.02298393	-1.9684322	-1.99840199	
60.26482	-4.03721932	-4.06661716	-2.01263739	-2.04203522	
60.27498	-4.08093027	-4.11025039	-2.05634834	-2.0943951	
60.2851	-4.12385242	-4.15388362	-2.09927049	-2.12930169	
60.2953	-4.16651023	-4.19751685	-2.1419283	-2.18166156	
60.30542	-4.20826842	-4.23242344	-2.18368648	-2.21656815	
60.31564	-4.24981272	-4.27605667	-2.22523079	-2.26020138	
60.32574	-4.29026446	-4.31096325	-2.26568252	-2.30383461	
60.33591	-4.33046472	-4.35459648	-2.30588279	-2.3387412	
60.34605	-4.36993082	-4.38950307	-2.34534888	-2.38237443	
60.35618	-4.40875561	-4.4331363	-2.38417368	-2.41728101	
60.3663	-4.44693812	-4.46804289	-2.42235619	-2.4521876	
60.37643	-4.48462646	-4.50294947	-2.46004453	-2.49582083	
60.38657	-4.5217487	-4.5465827	-2.49716676	-2.53072742	
60.39675	-4.55842005	-4.58148929	-2.53383812	-2.565634	
60.40688	-4.59429529	-4.61639587	-2.56971335	-2.60926723	
60.41702	-4.6296263	-4.65130246	-2.60504436	-2.64417382	
60.42717	-4.66444473	-4.68620904	-2.6398628	-2.6790804	
60.44562	-4.72531401	-4.72111563	-2.70073207	-2.70526034	
60.45021	-4.74051871	-4.75602221	-2.71593678	-2.74889357	
60.4603	-4.77319883	-4.7909288	-2.7486169	-2.78380016	
60.47045	-4.80548594	-4.81710874	-2.78090401	-2.8099801	
60.48056	-4.83708451	-4.84328867	-2.81250258	-2.81870674	
60.49082	-4.8685252	-4.86074197	-2.84394327	-2.82743339	
60.50895	-4.92186965	-4.9043752	-2.89728772	-2.86233997	
60.51347	-4.93519535	-4.92182849	-2.91061341	-2.87979327	
60.52371	-4.96467262	-4.95673508	-2.94009069	-2.91469985	
60.53385	-4.99330541	-4.98291501	-2.96872347	-2.94960644	
60.54398	-5.02131087	-5.00909495	-2.99672894	-2.98451302	
60.55417	-5.04888119	-5.03527489	-3.02429926	-3.01941961	
60.56431	-5.07575615	-5.06145483	-3.05117421	-3.05432619	
60.57444	-5.1020314	-5.09636142	-3.07744947	-3.08050613	
60.58465	-5.12791957	-5.11381471	-3.10333764	-3.10668607	
60.59498	-5.15405491	-5.13999465	-3.12947298	-3.13286601	
60.61297	-5.19586902	-5.18362788	-3.17128709	-3.17649924	
60.61749	-5.20656487	-5.20108117	-3.18198293	-3.18522588	
60.62772	-5.2300237	-5.23598776	-3.20544176	-3.21140582	
60.63776	-5.25250598	-5.25344105	-3.22792405	-3.22885912	
60.6479	-5.27462183	-5.27089434	-3.2500399	-3.25503905	
60.65812	-5.29632745	-5.29707428	-3.27174552	-3.28121899	
60.66822	-5.31720365	-5.32325422	-3.29262172	-3.30739893	
60.67838	-5.33764234	-5.34943416	-3.3130604	-3.33357887	
60.68849	-5.35740487	-5.3756141	-3.33282294	-3.35975881	
60.69873	-5.37685522	-5.40179403	-3.35227329	-3.38593875	
60.70899	-5.395744	-5.42797397	-3.37116207	-3.3946654	
60.71901	-5.41364845	-5.44542727	-3.38906652	-3.40339204	
60.72917	-5.43123995	-5.45415391	-3.40665802	-3.42084533	
60.73932	-5.44822	-5.47160721	-3.42363807	-3.42957198	
60.74942	-5.46458361	-5.48033385	-3.44000167	-3.43829863	
60.75963	-5.48052865	-5.4890605	-3.45594672	-3.45575192	
60.76978	-5.49583138	-5.50651379	-3.47124945	-3.47320521	
60.77996	-5.51061421	-5.51524044	-3.48603228	-3.4906585	
60.79004	-5.52471474	-5.53269373	-3.50013281	-3.49938515	
60.80022	-5.5383853	-5.55014702	-3.51380337	-3.51683844	
60.8104	-5.55148661	-5.55887367	-3.52690468	-3.53429174	
60.82056	-5.5640082	-5.56760031	-3.53942627	-3.55174503	
60.83069	-5.5759522	-5.58505361	-3.55137026	-3.56047167	
60.84085	-5.58737471	-5.59378025	-3.56279278	-3.56919832	
60.851	-5.5982396	-5.6025069	-3.57365767	-3.57792497	
60.86119	-5.60860645	-5.6025069	-3.58402451	-3.58665161	
60.87337	-5.62015133	-5.61123355	-3.59556939	-3.59537826	
60.88141	-5.6275115	-5.61996019	-3.60292957	-3.59537826	
60.89163	-5.63627689	-5.62868684	-3.61169496	-3.60410491	
60.90168	-5.64438658	-5.63741348	-3.61980465	-3.61283155	
60.91187	-5.65206964	-5.64614013	-3.6274877	-3.6215582	
60.92206	-5.65923058	-5.65486678	-3.63464865	-3.63028484	
60.93221	-5.66584961	-5.66359342	-3.64126768	-3.63901149	
60.94236	-5.67195765	-5.66359342	-3.64737572	-3.64773814	
60.95249	-5.67755443	-5.67232007	-3.65297249	-3.64773814	
60.96262	-5.68265866	-5.67232007	-3.65807672	-3.64773814	
60.97282	-5.68730723	-5.68104672	-3.6627253	-3.64773814	
60.98312	-5.69150742	-5.68104672	-3.66692549	-3.65646478	
60.99325	-5.69518058	-5.68104672	-3.67059865	-3.65646478	
61.00341	-5.69841823	-5.68104672	-3.6738363	-3.65646478	
61.01352	-5.70120928	-5.68104672	-3.67662734	-3.65646478	
61.02374	-5.70361002	-5.68104672	-3.67902809	-3.66519143	
61.03509	-5.7057625	-5.68104672	-3.68118057	-3.66519143	
61.04529	-5.70736271	-5.68977336	-3.68278078	-3.66519143	
61.05538	-5.71202067	-5.68977336	-3.68743874	-3.66519143	
61.0655	-5.71202067	-5.68977336	-3.68743874	-3.66519143	
61.07569	-5.71202067	-5.68977336	-3.68743874	-3.66519143	
61.0858	-5.71202067	-5.68977336	-3.68743874	-3.66519143	
61.09595	-5.71202067	-5.68977336	-3.68743874	-3.66519143	
61.10607	-5.71202067	-5.68977336	-3.68743874	-3.66519143	
61.11624	-5.71202067	-5.68977336	-3.68743874	-3.66519143	
61.12667	-5.71202067	-5.68977336	-3.68743874	-3.66519143	
61.13654	-5.71202067	-5.68977336	-3.68743874	-3.66519143	
61.14668	-5.71202067	-5.68977336	-3.68743874	-3.66519143	
61.15682	-5.71202067	-5.68977336	-3.68743874	-3.66519143	
61.16695	-5.71202067	-5.68977336	-3.68743874	-3.66519143	
61.1771	-5.71202067	-5.68977336	-3.68743874	-3.66519143	
61.18731	-5.71202067	-5.68977336	-3.68743874	-3.66519143	
61.19743	-5.71202067	-5.68977336	-3.68743874	-3.66519143	
61.20754	-5.71202067	-5.68977336	-3.68743874	-3.66519143	
61.21766	-5.71202067	-5.68977336	-3.68743874	-3.66519143	
61.22804	-5.71202067	-5.68977336	-3.68743874	-3.66519143	
61.23802	-5.71202067	-5.68977336	-3.68743874	-3.66519143	
61.24813	-5.71202067	-5.68977336	-3.68743874	-3.66519143	
61.25831	-5.71202067	-5.68977336	-3.68743874	-3.66519143	
61.2684	-5.71202067	-5.68977336	-3.68743874	-3.66519143	
61.27855	-5.71202067	-5.68977336	-3.68743874	-3.66519143	
61.28878	-5.71202067	-5.68977336	-3.68743874	-3.66519143	
61.29892	-5.71202067	-5.68977336	-3.68743874	-3.66519143	
61.30912	-5.71202067	-5.68977336	-3.68743874	-3.66519143	
61.31918	-5.71202067	-5.68977336	-3.68743874	-3.66519143	
61.32941	-5.71202067	-5.68977336	-3.68743874	-3.66519143	
61.33968	-5.71202067	-5.68977336	-3.68743874	-3.66519143	
61.3497	-5.71202067	-5.68977336	-3.68743874	-3.66519143	
61.35989	-5.71202067	-5.68977336	-3.68743874	-3.66519143	
61.37004	-5.71202067	-5.68977336	-3.68743874	-3.66519143	
61.38021	-5.71202067	-5.68977336	-3.68743874	-3.66519143	
61.39035	-5.71202067	-5.68977336	-3.68743874	-3.66519143	
61.40051	-5.71202067	-5.68977336	-3.68743874	-3.66519143	
61.41068	-5.71202067	-5.68977336	-3.68743874	-3.66519143	
61.42083	-5.71202067	-5.68977336	-3.68743874	-3.66519143	
61.43097	-5.71202067	-5.68977336	-3.68743874	-3.66519143	
61.4412	-5.71202067	-5.68977336	-3.68743874	-3.66519143	
61.45132	-5.71202067	-5.68977336	-3.68743874	-3.66519143	
61.46146	-5.71202067	-5.68977336	-3.68743874	-3.66519143	
61.47157	-5.71202067	-5.68977336	-3.68743874	-3.66519143	
61.49179	-5.71202067	-5.68977336	-3.68743874	-3.66519143	
61.49633	-5.71202067	-5.68977336	-3.68743874	-3.66519143	
61.50647	-5.71202067	-5.68977336	-3.68743874	-3.66519143	
61.51661	-5.71202067	-5.68977336	-3.68743874	-3.66519143	
61.52672	-5.71202067	-5.68977336	-3.68743874	-3.66519143	
61.53696	-5.71202067	-5.68977336	-3.68743874	-3.66519143	
61.54717	-5.71202067	-5.68977336	-3.68743874	-3.66519143	
61.55736	-5.71202067	-5.68977336	-3.68743874	-3.66519143	
61.56746	-5.71202067	-5.68977336	-3.68743874	-3.66519143	
61.57758	-5.71202067	-5.68977336	-3.68743874	-3.66519143	
61.58811	-5.71202067	-5.68977336	-3.68743874	-3.66519143	
61.59785	-5.71202067	-5.68977336	-3.68743874	-3.66519143	
61.60801	-5.71202067	-5.68977336	-3.68743874	-3.66519143	
61.6182	-5.71202067	-5.68977336	-3.68743874	-3.66519143	
61.62828	-5.71202067	-5.68977336	-3.68743874	-3.66519143	
61.63847	-5.71202067	-5.68977336	-3.68743874	-3.66519143	
61.64858	-5.71202067	-5.68977336	-3.68743874	-3.66519143	
61.66672	-5.71202067	-5.68977336	-3.68743874	-3.66519143	
61.67122	-5.71202067	-5.68977336	-3.68743874	-3.66519143	
61.68141	-5.71202067	-5.68977336	-3.68743874	-3.66519143	
61.69161	-5.71202067	-5.68977336	-3.68743874	-3.66519143	
61.7017	-5.71202067	-5.68977336	-3.68743874	-3.66519143	
61.71196	-5.71202067	-5.68977336	-3.68743874	-3.66519143	
61.72202	-5.71202067	-5.68977336	-3.68743874	-3.66519143	
61.73218	-5.71202067	-5.68977336	-3.68743874	-3.66519143	
61.74233	-5.71202067	-5.69850001	-3.68743874	-3.66519143	
61.75282	-5.71202067	-5.69850001	-3.68743874	-3.66519143	
61.76271	-5.71202067	-5.69850001	-3.68743874	-3.66519143	
61.77285	-5.71202067	-5.68977336	-3.68743874	-3.66519143	
61.78294	-5.71202067	-5.68977336	-3.68743874	-3.66519143	
61.79312	-5.71202067	-5.68977336	-3.68743874	-3.66519143	
61.80329	-5.71202067	-5.68977336	-3.68743874	-3.66519143	
61.81343	-5.71202067	-5.68977336	-3.68743874	-3.66519143	
61.82357	-5.71202067	-5.68977336	-3.68743874	-3.66519143	
61.83372	-5.71202067	-5.68977336	-3.68743874	-3.66519143	
61.8439	-5.71202067	-5.68977336	-3.68743874	-3.66519143	
61.854	-5.71202067	-5.68977336	-3.68743874	-3.66519143	
61.86419	-5.71202067	-5.68977336	-3.68743874	-3.66519143	
61.88421	-5.71202067	-5.68977336	-3.68743874	-3.66519143	
61.89663	-5.71202067	-5.68977336	-3.68743874	-3.66519143	
61.90117	-5.71202067	-5.68977336	-3.68743874	-3.66519143	
61.91128	-5.71202067	-5.68977336	-3.68743874	-3.66519143	
61.92144	-5.71202067	-5.68977336	-3.68743874	-3.66519143	
61.93167	-5.71202067	-5.68977336	-3.68743874	-3.66519143	
61.94175	-5.71202067	-5.68977336	-3.68743874	-3.66519143	
61.95189	-5.71202067	-5.68977336	-3.68743874	-3.66519143	
61.96224	-5.71202067	-5.68977336	-3.68743874	-3.66519143	
61.97234	-5.71202067	-5.68977336	-3.68743874	-3.66519143	
61.98248	-5.71202067	-5.68977336	-3.68743874	-3.66519143	
61.99262	-5.71202067	-5.68977336	-3.68743874	-3.66519143	
62.00273	-5.71202067	-5.68977336	-3.68743874	-3.66519143	
62.01293	-5.71202067	-5.68977336	-3.68743874	-3.66519143	
62.02306	-5.71202067	-5.68977336	-3.68743874	-3.66519143	
62.03464	-5.71202067	-5.68977336	-3.68743874	-3.66519143	
62.04364	-5.71202067	-5.68977336	-3.68743874	-3.66519143	
62.05367	-5.71202067	-5.68977336	-3.68743874	-3.66519143	
62.06388	-5.71202067	-5.68977336	-3.68743874	-3.66519143	
62.07404	-5.71202067	-5.68977336	-3.68743874	-3.66519143	
62.08421	-5.71202067	-5.68977336	-3.68743874	-3.66519143	
62.09434	-5.71202067	-5.68977336	-3.68743874	-3.66519143	
62.10445	-5.71202067	-5.68977336	-3.68743874	-3.66519143	
62.11492	-5.71202067	-5.68977336	-3.68743874	-3.66519143	
62.12504	-5.71202067	-5.68977336	-3.68743874	-3.66519143	
62.13522	-5.71202067	-5.68977336	-3.68743874	-3.66519143	
62.14533	-5.71202067	-5.68977336	-3.68743874	-3.66519143	
62.15544	-5.71202067	-5.68977336	-3.68743874	-3.66519143	
62.16563	-5.71202067	-5.68977336	-3.68743874	-3.66519143	
62.17579	-5.71202067	-5.68977336	-3.68743874	-3.66519143	
62.18598	-5.71202067	-5.68977336	-3.68743874	-3.66519143	
62.19616	-5.71202067	-5.68977336	-3.68743874	-3.66519143	
62.20623	-5.71202067	-5.68977336	-3.68743874	-3.66519143	
62.21635	-5.71202067	-5.68977336	-3.68743874	-3.66519143	
62.22669	-5.71202067	-5.68977336	-3.68743874	-3.66519143	
62.23667	-5.71202067	-5.68977336	-3.68743874	-3.66519143	
62.24679	-5.71202067	-5.68977336	-3.68743874	-3.66519143	
62.25698	-5.71202067	-5.68977336	-3.68743874	-3.66519143	
62.26708	-5.71202067	-5.68977336	-3.68743874	-3.67391808	
62.28518	-5.71202067	-5.68977336	-3.68743874	-3.68264472	
62.28968	-5.71202067	-5.68977336	-3.68743874	-3.68264472	
62.29989	-5.71202067	-5.68977336	-3.68743874	-3.68264472	
62.31	-5.71202067	-5.68977336	-3.68743874	-3.68264472	
62.32015	-5.71202067	-5.68977336	-3.68743874	-3.68264472	
62.33039	-5.71202067	-5.68977336	-3.68743874	-3.68264472	
62.34049	-5.71202067	-5.68977336	-3.68743874	-3.68264472	
62.35059	-5.71202067	-5.68977336	-3.68743874	-3.68264472	
62.36076	-5.71202067	-5.68977336	-3.68743874	-3.68264472	
62.37092	-5.71202067	-5.68977336	-3.68743874	-3.68264472	
62.38117	-5.71202067	-5.68977336	-3.68743874	-3.68264472	
62.39123	-5.71202067	-5.68977336	-3.68743874	-3.68264472	
62.4014	-5.71202067	-5.68977336	-3.68743874	-3.68264472	
62.4116	-5.71202067	-5.68977336	-3.68743874	-3.68264472	
62.42167	-5.71202067	-5.68977336	-3.68743874	-3.68264472	
62.43187	-5.71202067	-5.68977336	-3.68743874	-3.68264472	
62.44202	-5.71202067	-5.68977336	-3.68743874	-3.68264472	
62.45219	-5.71202067	-5.68977336	-3.68743874	-3.68264472	
62.46233	-5.71202067	-5.68977336	-3.68743874	-3.68264472	
62.47244	-5.71202067	-5.68977336	-3.68743874	-3.68264472	
62.48269	-5.71202067	-5.68977336	-3.68743874	-3.68264472	
62.49282	-5.71202067	-5.68977336	-3.68743874	-3.68264472	
62.50296	-5.71202067	-5.68977336	-3.68743874	-3.68264472	
62.51317	-5.71202067	-5.68977336	-3.68743874	-3.68264472	
62.52325	-5.71202067	-5.68977336	-3.68743874	-3.68264472	
62.53344	-5.71202067	-5.68977336	-3.68743874	-3.68264472	
