0.0763228	-1.58916334	-1.58824962	
0.08971324	-1.59224879	-1.58824962	
0.09648395	-1.59399478	-1.58824962	
0.1066015	-1.59756132	-1.59697627	
0.1168601	-1.60202326	-1.60570291	
0.1307275	-1.60979846	-1.60570291	
0.1370972	-1.61350294	-1.60570291	
0.1472248	-1.62035999	-1.60570291	
0.1573384	-1.6280314	-1.60570291	
0.1707358	-1.63980051	-1.61442956	
0.1776795	-1.6461102	-1.6231562	
0.1881281	-1.65662977	-1.63188285	
0.1979277	-1.66722117	-1.6406095	
0.2114131	-1.68346529	-1.66678944	
0.2182338	-1.69186708	-1.67551608	
0.2367581	-1.71831486	-1.71042267	
0.2413179	-1.72473377	-1.71914931	
0.2547543	-1.74557075	-1.74532925	
0.261548	-1.7562917	-1.76278254	
0.2716416	-1.77317916	-1.78023584	
0.2822062	-1.7917752	-1.79768913	
0.2952966	-1.81629914	-1.81514242	
0.3022213	-1.82947903	-1.83259571	
0.3123039	-1.84962198	-1.85004901	
0.3229604	-1.87186009	-1.87622895	
0.3361049	-1.90078263	-1.90240888	
0.3426436	-1.91535093	-1.91986218	
0.3527932	-1.93889902	-1.95476876	
0.3629538	-1.96332034	-1.97222205	
0.3764372	-1.99735936	-2.00712864	
0.3834889	-2.01539503	-2.02458193	
0.3935055	-2.0419022	-2.04203522	
0.4036141	-2.06948208	-2.07694181	
0.4170615	-2.10779565	-2.11184839	
0.4238732	-2.1273965	-2.13802833	
0.4339798	-2.15742881	-2.17293492	
0.4444654	-2.1894892	-2.19911486	
0.4579578	-2.23236081	-2.25147474	
0.4647425	-2.25407894	-2.26892803	
0.4748691	-2.28749432	-2.30383461	
0.4863106	-2.32635554	-2.34746784	
0.4975461	-2.3655077	-2.39110108	
0.5055528	-2.39474103	-2.41728101	
0.5157324	-2.43070192	-2.4521876	
0.5258469	-2.46818853	-2.49582083	
0.5381814	-2.51535275	-2.53072742	
0.5462281	-2.54631095	-2.565634	
0.5564727	-2.58680689	-2.60054059	
0.5664292	-2.62691759	-2.64417382	
0.5798947	-2.68283974	-2.69653369	
0.5878433	-2.71618865	-2.73144028	
0.5974839	-2.757412	-2.76634686	
0.6070245	-2.79894034	-2.80125345	
0.620485	-2.85919472	-2.86233997	
0.6273837	-2.89028966	-2.88851991	
0.6374613	-2.93663088	-2.93215314	
0.6476548	-2.98436536	-2.98451302	
0.6615962	-3.05140985	-3.04559954	
0.667912	-3.08187767	-3.08050613	
0.6780765	-3.13191974	-3.12413936	
0.6893101	-3.18540378	-3.18522588	
0.7006036	-3.23815937	-3.23758576	
0.7169389	-3.31221554	-3.31612558	
0.7213897	-3.33241492	-3.34230552	
0.7315833	-3.37775227	-3.3946654	
0.7438868	-3.43124183	-3.45575192	
0.7517635	-3.46514463	-3.4906585	
0.761979	-3.50830821	-3.53429174	
0.7720756	-3.55015932	-3.57792497	
0.7845201	-3.60049001	-3.63028484	
0.7924737	-3.63233594	-3.66519143	
0.8025463	-3.67181486	-3.70009801	
0.8128289	-3.71135701	-3.7350046	
0.8250784	-3.75723873	-3.78736448	
0.833013	-3.78661443	-3.82227106	
0.8431576	-3.8233429	-3.85717765	
0.8532532	-3.8591439	-3.89208423	
0.8656707	-3.90193922	-3.92699082	
0.8735483	-3.92875834	-3.95317076	
0.8837129	-3.9625185	-3.97935069	
0.8938945	-3.99558222	-4.01425728	
0.9074039	-4.03793931	-4.04916386	
0.9141786	-4.05900288	-4.06661716	
0.9243522	-4.08976882	-4.10152374	
0.9346788	-4.12040679	-4.12770368	
0.9468143	-4.15482265	-4.15388362	
0.9547249	-4.17703759	-4.17133691	
0.9649085	-4.20481321	-4.2062435	
0.9750341	-4.23168706	-4.22369679	
0.9874056	-4.26331386	-4.24987673	
0.9954532	-4.28355101	-4.26733002	
1.005509	-4.3080012	-4.29350996	
1.015647	-4.33192243	-4.31096325	
1.027915	-4.35969496	-4.34586984	
1.036156	-4.37799207	-4.36332313	
1.046003	-4.39907653	-4.38077642	
1.056138	-4.42004251	-4.39822972	
1.068496	-4.44442375	-4.41568301	
1.076885	-4.46059598	-4.4331363	
1.086579	-4.4785681	-4.45058959	
1.096824	-4.49679598	-4.46804289	
1.109172	-4.51759187	-4.50294947	
1.117038	-4.53052572	-4.51167612	
1.127154	-4.546367	-4.53785606	
1.137645	-4.56202239	-4.5465827	
1.149822	-4.57908434	-4.57276264	
1.157598	-4.5896845	-4.57276264	
1.167711	-4.60268089	-4.58148929	
1.177824	-4.61517849	-4.59021593	
1.19042	-4.62912684	-4.60766923	
1.206297	-4.64507847	-4.63384916	
1.210767	-4.64960239	-4.64257581	
1.220969	-4.65906863	-4.6600291	
1.233236	-4.66938762	-4.66875575	
1.24123	-4.67581588	-4.6774824	
1.251409	-4.6832722	-4.6774824	
1.261522	-4.69004496	-4.68620904	
1.273869	-4.69729386	-4.69493569	
1.281764	-4.70166558	-4.69493569	
1.29197	-4.70663872	-4.69493569	
1.302253	-4.71104575	-4.69493569	
1.314523	-4.71540295	-4.70366233	
1.323074	-4.71815966	-4.71238898	
1.332555	-4.72073938	-4.71238898	
1.342678	-4.72299847	-4.71238898	
1.355066	-4.72503486	-4.71238898	
1.362978	-4.72984227	-4.71238898	
1.373179	-4.72984227	-4.71238898	
1.383213	-4.72984227	-4.71238898	
1.397645	-4.72984227	-4.72111563	
1.403613	-4.72984227	-4.72111563	
1.413736	-4.72984227	-4.72111563	
1.42385	-4.72984227	-4.72111563	
1.437301	-4.72984227	-4.72111563	
1.444147	-4.72984227	-4.72111563	
1.454364	-4.72984227	-4.72111563	
1.46446	-4.72984227	-4.72111563	
1.477887	-4.72984227	-4.72111563	
1.484822	-4.72984227	-4.72111563	
1.494932	-4.72984227	-4.72111563	
1.505038	-4.72984227	-4.72111563	
1.518433	-4.72984227	-4.72111563	
1.525273	-4.72984227	-4.72111563	
1.535879	-4.72984227	-4.72111563	
1.545593	-4.72984227	-4.72111563	
1.559002	-4.72984227	-4.72111563	
1.565851	-4.72984227	-4.72111563	
1.575963	-4.72984227	-4.72111563	
1.586216	-4.72984227	-4.72111563	
1.599613	-4.72984227	-4.72111563	
1.606425	-4.72984227	-4.72111563	
1.616977	-4.72984227	-4.72111563	
1.627042	-4.72984227	-4.72111563	
1.640498	-4.72984227	-4.72111563	
1.647653	-4.72984227	-4.72111563	
1.657461	-4.72984227	-4.72111563	
1.667623	-4.72984227	-4.72111563	
1.681047	-4.72984227	-4.72111563	
1.687862	-4.72984227	-4.72111563	
1.698035	-4.72984227	-4.72111563	
1.708268	-4.72984227	-4.72111563	
1.721741	-4.72984227	-4.72111563	
1.728493	-4.72984227	-4.72111563	
1.738622	-4.72984227	-4.72111563	
1.748929	-4.72984227	-4.72111563	
1.762367	-4.72984227	-4.72111563	
1.769171	-4.72984227	-4.72111563	
1.779367	-4.72984227	-4.72111563	
1.789468	-4.72984227	-4.72111563	
1.802943	-4.72984227	-4.72111563	
1.809816	-4.72984227	-4.72111563	
1.819944	-4.72984227	-4.72111563	
1.830093	-4.72984227	-4.72111563	
1.843587	-4.72984227	-4.72111563	
1.850383	-4.72984227	-4.72111563	
1.860552	-4.72984227	-4.72111563	
1.870674	-4.72984227	-4.72111563	
1.884181	-4.72984227	-4.72111563	
1.890953	-4.72984227	-4.72111563	
1.901106	-4.72984227	-4.72111563	
1.911285	-4.72984227	-4.72111563	
1.924754	-4.72984227	-4.72111563	
1.931576	-4.72984227	-4.72111563	
1.941701	-4.72984227	-4.72111563	
1.951822	-4.72984227	-4.72111563	
1.965337	-4.72984227	-4.72111563	
1.972104	-4.72984227	-4.72111563	
1.982328	-4.72984227	-4.72111563	
1.992409	-4.72984227	-4.72111563	
2.005858	-4.72984227	-4.72111563	
2.012721	-4.72984227	-4.72111563	
2.022845	-4.72984227	-4.72111563	
2.032999	-4.72984227	-4.72111563	
2.046443	-4.72984227	-4.72111563	
2.053244	-4.72984227	-4.72111563	
2.063419	-4.72984227	-4.72111563	
2.073559	-4.72984227	-4.72111563	
2.087036	-4.72984227	-4.72111563	
2.093833	-4.72984227	-4.72111563	
2.103948	-4.72984227	-4.72111563	
2.114402	-4.72984227	-4.72111563	
2.12789	-4.72984227	-4.72111563	
2.13464	-4.72984227	-4.72111563	
2.144784	-4.72984227	-4.72111563	
2.155106	-4.72984227	-4.72111563	
2.168589	-4.72984227	-4.72111563	
2.175433	-4.72984227	-4.72111563	
2.185553	-4.72984227	-4.72111563	
2.195711	-4.72984227	-4.72111563	
2.20912	-4.72984227	-4.72111563	
2.21607	-4.72984227	-4.72111563	
2.226135	-4.72984227	-4.72111563	
2.236258	-4.72984227	-4.72111563	
2.249814	-4.72984227	-4.72111563	
2.256556	-4.72984227	-4.72111563	
2.266695	-4.72984227	-4.72111563	
2.278707	-4.72984227	-4.72111563	
2.290312	-4.72984227	-4.72111563	
2.297179	-4.72984227	-4.72111563	
2.307264	-4.72984227	-4.72111563	
2.31767	-4.72984227	-4.72111563	
2.339747	-4.72984227	-4.72111563	
2.34418	-4.72984227	-4.72111563	
2.354399	-4.72984227	-4.72111563	
2.364505	-4.72984227	-4.72111563	
2.378326	-4.72984227	-4.72111563	
2.384785	-4.72984227	-4.72111563	
2.394912	-4.72984227	-4.72111563	
2.405119	-4.72984227	-4.72111563	
2.418492	-4.72984227	-4.72111563	
2.425442	-4.72984227	-4.72111563	
2.43577	-4.72984227	-4.72111563	
2.445868	-4.72984227	-4.72111563	
2.459308	-4.72984227	-4.72111563	
2.466104	-4.72984227	-4.72111563	
2.476286	-4.72984227	-4.72111563	
2.486494	-4.72984227	-4.72111563	
2.499963	-4.72984227	-4.72111563	
2.508548	-4.72984227	-4.72111563	
2.517175	-4.72984227	-4.72111563	
2.541363	-4.72984227	-4.72111563	
2.548134	-4.72984227	-4.72111563	
2.566241	-4.72984227	-4.72111563	
2.570654	-4.72984227	-4.72111563	
2.584231	-4.72984227	-4.72111563	
2.590972	-4.72984227	-4.72111563	
2.601189	-4.72984227	-4.72111563	
2.611314	-4.72984227	-4.72111563	
2.624769	-4.72984227	-4.72111563	
2.631567	-4.72984227	-4.72111563	
2.642025	-4.72984227	-4.72111563	
2.651916	-4.72984227	-4.72111563	
2.666027	-4.72984227	-4.72111563	
2.672265	-4.72984227	-4.72111563	
2.682369	-4.72984227	-4.72111563	
2.692575	-4.72984227	-4.72111563	
2.705986	-4.72984227	-4.72111563	
2.712819	-4.72984227	-4.72111563	
2.722981	-4.72984227	-4.72111563	
2.73315	-4.72984227	-4.72111563	
2.746626	-4.72984227	-4.72111563	
2.753384	-4.72984227	-4.72111563	
2.763594	-4.72984227	-4.72111563	
2.773687	-4.72984227	-4.72111563	
2.787168	-4.72984227	-4.72111563	
2.793989	-4.72984227	-4.72111563	
2.80416	-4.72984227	-4.72111563	
2.814371	-4.72984227	-4.72111563	
2.827797	-4.72984227	-4.72111563	
2.834579	-4.72984227	-4.72111563	
2.844789	-4.72984227	-4.72111563	
2.854928	-4.72984227	-4.72111563	
2.868345	-4.72984227	-4.72111563	
2.87517	-4.72984227	-4.72111563	
2.885316	-4.72984227	-4.72111563	
2.895926	-4.72984227	-4.72111563	
2.908928	-4.72984227	-4.72111563	
2.915741	-4.72984227	-4.72111563	
2.925861	-4.72984227	-4.72111563	
2.936007	-4.72984227	-4.72111563	
2.949473	-4.72984227	-4.72111563	
2.956674	-4.72984227	-4.72111563	
2.96658	-4.72984227	-4.72111563	
2.976686	-4.72984227	-4.72111563	
2.998372	-4.72984227	-4.72111563	
3.002802	-4.72984227	-4.72111563	
3.013013	-4.72984227	-4.72111563	
3.02306	-4.72984227	-4.72111563	
3.036526	-4.72984227	-4.72111563	
3.043324	-4.72984227	-4.72111563	
3.053525	-4.72984227	-4.72111563	
3.063687	-4.72984227	-4.72111563	
3.077122	-4.72984227	-4.72111563	
3.083943	-4.72984227	-4.72111563	
3.094089	-4.72984227	-4.72111563	
3.104209	-4.72984227	-4.72111563	
3.117699	-4.72984227	-4.72111563	
3.124502	-4.72984227	-4.72111563	
3.134659	-4.72984227	-4.72111563	
3.144746	-4.72984227	-4.72111563	
3.158467	-4.72984227	-4.72111563	
3.165493	-4.72984227	-4.72111563	
3.175237	-4.72984227	-4.72111563	
3.185336	-4.72984227	-4.72111563	
3.19881	-4.72984227	-4.72111563	
3.205925	-4.72984227	-4.72111563	
3.215768	-4.72984227	-4.72111563	
3.225911	-4.72984227	-4.72111563	
3.239378	-4.72984227	-4.72111563	
3.246185	-4.72984227	-4.72111563	
3.256335	-4.72984227	-4.72111563	
3.266487	-4.72984227	-4.72111563	
3.279935	-4.72984227	-4.72111563	
3.286814	-4.72984227	-4.72111563	
3.296954	-4.72984227	-4.72111563	
3.307046	-4.72984227	-4.72111563	
3.320527	-4.72984227	-4.72111563	
3.328022	-4.72984227	-4.72111563	
3.337412	-4.72984227	-4.72111563	
3.348112	-4.72984227	-4.72111563	
3.361004	-4.72984227	-4.72111563	
3.367822	-4.72984227	-4.72111563	
3.37802	-4.72984227	-4.72111563	
3.388176	-4.72984227	-4.72111563	
3.409763	-4.72984227	-4.72111563	
3.414234	-4.72984227	-4.72111563	
3.424371	-4.72984227	-4.72111563	
3.434722	-4.72984227	-4.72111563	
3.447986	-4.72984227	-4.72111563	
3.454797	-4.72984227	-4.72111563	
3.464931	-4.72984227	-4.72111563	
3.475057	-4.72984227	-4.72111563	
3.48859	-4.72984227	-4.72111563	
3.495338	-4.72984227	-4.72111563	
3.505512	-4.72984227	-4.72111563	
3.515697	-4.72984227	-4.72111563	
3.529399	-4.72984227	-4.72111563	
3.535888	-4.72984227	-4.72111563	
3.546026	-4.72984227	-4.72111563	
3.556166	-4.72984227	-4.72111563	
3.569626	-4.72984227	-4.72111563	
3.585266	-4.72984227	-4.72111563	
3.589738	-4.72984227	-4.72111563	
3.599842	-4.72984227	-4.72111563	
3.616358	-4.73311997	-4.72111563	
3.620837	-4.73395051	-4.72111563	
3.63097	-4.73688507	-4.72111563	
3.64108	-4.7406299	-4.72111563	
3.654619	-4.74729711	-4.72111563	
3.661405	-4.75082065	-4.72984227	
3.671535	-4.75704251	-4.72984227	
3.681708	-4.76412077	-4.72984227	
3.695197	-4.77513886	-4.74729557	
3.70199	-4.78087195	-4.75602221	
3.712962	-4.79129568	-4.76474886	
3.72229	-4.80076976	-4.78220215	
3.735778	-4.81616952	-4.79965544	
3.742608	-4.82415332	-4.80838209	
3.75269	-4.83688809	-4.82583538	
3.762918	-4.85065603	-4.84328867	
3.776419	-4.87045415	-4.86946861	
3.783175	-4.88054094	-4.87819526	
3.793744	-4.89739116	-4.89564855	
3.803444	-4.91356386	-4.91310184	
3.817583	-4.93900674	-4.93928178	
3.823898	-4.95047092	-4.95673508	
3.834037	-4.96988034	-4.97418837	
3.844186	-4.99012502	-4.99164166	
3.856587	-5.01622934	-5.02654825	
3.864477	-5.0331714	-5.04400154	
3.874628	-5.05589863	-5.07018148	
3.884893	-5.07972141	-5.09636142	
3.897453	-5.11027187	-5.131268	
3.905127	-5.12925242	-5.14872129	
3.915594	-5.15614452	-5.17490123	
3.925516	-5.18236784	-5.20108117	
3.937895	-5.21645346	-5.23598776	
3.945743	-5.23842857	-5.25344105	
3.956175	-5.26602217	-5.27962099	
3.966043	-5.29138409	-5.30580093	
3.978436	-5.32193434	-5.34070751	
3.986309	-5.34099506	-5.36688745	
3.996455	-5.36468248	-5.39306739	
4.006677	-5.3877432	-5.41052068	
4.020249	-5.41677116	-5.44542727	
4.027034	-5.43109089	-5.46288056	
4.037205	-5.45164859	-5.48033385	
4.047253	-5.47119699	-5.50651379	
4.059598	-5.49394318	-5.53269373	
4.067716	-5.50854585	-5.53269373	
4.077672	-5.52562191	-5.54142038	
4.087813	-5.54223925	-5.55014702	
4.100196	-5.56128238	-5.57632696	
4.108133	-5.57315644	-5.58505361	
4.127358	-5.59836603	-5.6025069	
4.132336	-5.6049656	-5.6025069	
4.144743	-5.61999676	-5.61996019	
4.152589	-5.62918274	-5.61996019	
4.162732	-5.64025405	-5.62868684	
4.172944	-5.6506545	-5.63741348	
4.185229	-5.6620221	-5.65486678	
4.193153	-5.66904472	-5.66359342	
4.203298	-5.6772547	-5.67232007	
4.213448	-5.6847773	-5.68104672	
4.225861	-5.6928614	-5.68977336	
4.233763	-5.69772575	-5.69850001	
4.243927	-5.70324981	-5.70722665	
4.254025	-5.70811521	-5.70722665	
4.266484	-5.71309767	-5.7159533	
4.274361	-5.71601157	-5.7159533	
4.284514	-5.71913688	-5.7159533	
4.29468	-5.7217347	-5.7159533	
4.306982	-5.72409257	-5.7159533	
4.314908	-5.72544899	-5.72467995	
4.325969	-5.72984227	-5.72467995	
4.335363	-5.72984227	-5.7159533	
4.347581	-5.72984227	-5.70722665	
4.355573	-5.72984227	-5.70722665	
4.366031	-5.72984227	-5.70722665	
4.375768	-5.72984227	-5.70722665	
4.38814	-5.72984227	-5.70722665	
4.396043	-5.72984227	-5.7159533	
4.406178	-5.72984227	-5.72467995	
4.41635	-5.72984227	-5.72467995	
4.428801	-5.72984227	-5.72467995	
4.436635	-5.72984227	-5.72467995	
4.446839	-5.72984227	-5.72467995	
4.456952	-5.72984227	-5.72467995	
4.469615	-5.72984227	-5.72467995	
4.477234	-5.72984227	-5.72467995	
4.487308	-5.72984227	-5.72467995	
4.497547	-5.72984227	-5.72467995	
4.520768	-5.72984227	-5.72467995	
4.525314	-5.72984227	-5.72467995	
4.535475	-5.72984227	-5.72467995	
4.545588	-5.72984227	-5.72467995	
4.557901	-5.72984227	-5.72467995	
4.566141	-5.72984227	-5.72467995	
4.576002	-5.72984227	-5.72467995	
4.586125	-5.72984227	-5.72467995	
4.598492	-5.72984227	-5.72467995	
4.606413	-5.72984227	-5.72467995	
4.616554	-5.72984227	-5.72467995	
4.626738	-5.72984227	-5.72467995	
4.639172	-5.72984227	-5.72467995	
4.646971	-5.72984227	-5.72467995	
4.657354	-5.72984227	-5.72467995	
4.667585	-5.72984227	-5.72467995	
4.67995	-5.72984227	-5.72467995	
4.68761	-5.72984227	-5.72467995	
4.697712	-5.72984227	-5.72467995	
4.707876	-5.72984227	-5.72467995	
4.720156	-5.72984227	-5.72467995	
4.728179	-5.72984227	-5.72467995	
4.738378	-5.72984227	-5.72467995	
4.748413	-5.72984227	-5.72467995	
4.76086	-5.72984227	-5.72467995	
4.768719	-5.72984227	-5.72467995	
4.778949	-5.72984227	-5.72467995	
4.78917	-5.72984227	-5.72467995	
4.801448	-5.72984227	-5.72467995	
4.809386	-5.72984227	-5.72467995	
4.819506	-5.72984227	-5.72467995	
4.829715	-5.72984227	-5.72467995	
4.842076	-5.72984227	-5.72467995	
4.849998	-5.72984227	-5.72467995	
4.86016	-5.72984227	-5.72467995	
4.870427	-5.72984227	-5.72467995	
4.882676	-5.72984227	-5.72467995	
4.890635	-5.72984227	-5.72467995	
4.900762	-5.72984227	-5.72467995	
4.910916	-5.72984227	-5.72467995	
4.923267	-5.72984227	-5.72467995	
4.931212	-5.72984227	-5.72467995	
4.941421	-5.72984227	-5.72467995	
4.95151	-5.72984227	-5.72467995	
4.963908	-5.72984227	-5.72467995	
4.971844	-5.72984227	-5.72467995	
4.98194	-5.72984227	-5.72467995	
4.992121	-5.72984227	-5.72467995	
5.004487	-5.72984227	-5.72467995	
5.012394	-5.72984227	-5.72467995	
5.022602	-5.72984227	-5.72467995	
5.032694	-5.72984227	-5.72467995	
5.045305	-5.72984227	-5.72467995	
5.053079	-5.72984227	-5.72467995	
5.06314	-5.72984227	-5.72467995	
5.073281	-5.72984227	-5.72467995	
5.085983	-5.72984227	-5.72467995	
5.09357	-5.72984227	-5.72467995	
5.103707	-5.72984227	-5.72467995	
5.113914	-5.72984227	-5.72467995	
5.126228	-5.72984227	-5.72467995	
5.13412	-5.72984227	-5.72467995	
5.144323	-5.72984227	-5.72467995	
5.154757	-5.72984227	-5.72467995	
5.166871	-5.72984227	-5.72467995	
5.174811	-5.72984227	-5.72467995	
5.184948	-5.72984227	-5.72467995	
5.195041	-5.72984227	-5.72467995	
5.207521	-5.72984227	-5.72467995	
5.215428	-5.72984227	-5.72467995	
5.225523	-5.72984227	-5.72467995	
5.235688	-5.72984227	-5.72467995	
5.24825	-5.72984227	-5.72467995	
5.255957	-5.72984227	-5.72467995	
5.266061	-5.72984227	-5.72467995	
5.276206	-5.72984227	-5.72467995	
5.288577	-5.72984227	-5.72467995	
5.296498	-5.72984227	-5.72467995	
5.306673	-5.72984227	-5.72467995	
5.316848	-5.72984227	-5.72467995	
5.329896	-5.72984227	-5.72467995	
5.337044	-5.72984227	-5.72467995	
5.347226	-5.72984227	-5.72467995	
5.35738	-5.72984227	-5.72467995	
5.369791	-5.72984227	-5.72467995	
5.377633	-5.72984227	-5.72467995	
5.387799	-5.72984227	-5.72467995	
5.397884	-5.72984227	-5.72467995	
5.410279	-5.72984227	-5.72467995	
5.418339	-5.72984227	-5.72467995	
5.428454	-5.72984227	-5.72467995	
5.438688	-5.72984227	-5.72467995	
5.450942	-5.72984227	-5.72467995	
5.458953	-5.72984227	-5.72467995	
5.469217	-5.72984227	-5.72467995	
5.479262	-5.72984227	-5.72467995	
5.491618	-5.72984227	-5.72467995	
5.499552	-5.72984227	-5.72467995	
5.50974	-5.72984227	-5.72467995	
5.519821	-5.72984227	-5.72467995	
5.532228	-5.72984227	-5.72467995	
5.540183	-5.72984227	-5.72467995	
5.550306	-5.72984227	-5.72467995	
5.560492	-5.72984227	-5.72467995	
5.57286	-5.72984227	-5.72467995	
5.582299	-5.72984227	-5.72467995	
5.592121	-5.72984227	-5.72467995	
5.602252	-5.72984227	-5.72467995	
5.614704	-5.72984227	-5.72467995	
5.622563	-5.72984227	-5.72467995	
5.632676	-5.72984227	-5.72467995	
5.642813	-5.72984227	-5.72467995	
5.655341	-5.72984227	-5.72467995	
5.66305	-5.72984227	-5.72467995	
5.683517	-5.72984227	-5.72467995	
5.687999	-5.72984227	-5.72467995	
5.700435	-5.72984227	-5.72467995	
5.708319	-5.72984227	-5.72467995	
5.718497	-5.72984227	-5.72467995	
5.728916	-5.72984227	-5.72467995	
5.741279	-5.72984227	-5.72467995	
5.749241	-5.72984227	-5.72467995	
5.75941	-5.73108684	-5.72467995	
5.769506	-5.733128	-5.72467995	
5.78188	-5.73697432	-5.72467995	
5.789816	-5.73980135	-5.72467995	
5.799949	-5.74432128	-5.72467995	
5.810099	-5.74967577	-5.72467995	
5.822469	-5.75753546	-5.73340659	
5.830394	-5.76293197	-5.74213324	
5.840547	-5.77076258	-5.74213324	
5.850719	-5.77943181	-5.75085989	
5.863161	-5.79140036	-5.75958653	
5.871009	-5.7992837	-5.77703982	
5.88119	-5.81045163	-5.78576647	
5.891284	-5.82232619	-5.80321976	
5.903696	-5.83827825	-5.82067306	
5.911604	-5.84879753	-5.8293997	
5.921732	-5.86318699	-5.84685299	
5.931918	-5.87848995	-5.87303293	
5.944184	-5.89822162	-5.89921287	
5.952164	-5.91143127	-5.91666616	
5.962373	-5.9292667	-5.93411946	
5.972496	-5.94774394	-5.95157275	
5.992882	-5.98915324	-6.00393263	
5.997345	-5.99808332	-6.00393263	
6.007692	-6.01991222	-6.03883921	
6.017672	-6.04173586	-6.0562925	
6.029979	-6.06997766	-6.08247244	
6.037955	-6.08865458	-6.10865238	
6.04804	-6.11316365	-6.12610567	
6.058795	-6.14029223	-6.15228561	
6.070633	-6.17127456	-6.17846555	
6.078494	-6.19221996	-6.20464549	
6.088775	-6.22057772	-6.23082543	
6.098826	-6.24677929	-6.25700537	
6.111168	-6.27774821	-6.29191195	
6.119087	-6.29729193	-6.31809189	
6.129272	-6.32160143	-6.34427183	
6.139407	-6.34506181	-6.37045177	
6.151766	-6.37247002	-6.40535835	
6.160171	-6.39073224	-6.42281165	
6.170023	-6.41137614	-6.44026494	
6.180263	-6.43208031	-6.45771823	
6.192619	-6.45589367	-6.46644488	
6.200518	-6.47078432	-6.47517152	
6.210711	-6.48925771	-6.49262482	
6.220864	-6.50681208	-6.51007811	
6.233222	-6.52708536	-6.5275314	
6.241152	-6.53977937	-6.53625805	
6.25127	-6.55518363	-6.54498469	
6.262764	-6.57172515	-6.56243799	
6.273809	-6.58677918	-6.57989128	
6.281753	-6.59726193	-6.59734457	
6.291943	-6.60992593	-6.60607122	
6.302067	-6.62181892	-6.61479787	
6.314448	-6.63522316	-6.63225116	
6.322384	-6.6435124	-6.63225116	
6.333377	-6.65409216	-6.64970445	
6.343402	-6.6631096	-6.64970445	
6.356021	-6.67332487	-6.66715774	
6.364372	-6.67975932	-6.66715774	
6.373932	-6.68650641	-6.67588439	
6.391921	-6.6967156	-6.68461104	
6.398584	-6.70048097	-6.68461104	
6.406578	-6.70459914	-6.68461104	
6.416651	-6.70914373	-6.68461104	
6.426851	-6.71317559	-6.69333768	
6.439199	-6.71717344	-6.70206433	
6.447053	-6.71951232	-6.70206433	
6.457523	-6.72203535	-6.71951762	
6.467405	-6.72400186	-6.71951762	
6.479768	-6.72984227	-6.71951762	
6.487669	-6.72984227	-6.71951762	
6.497803	-6.72984227	-6.71951762	
6.52227	-6.72984227	-6.71951762	
6.529098	-6.72984227	-6.71951762	
6.536923	-6.72984227	-6.71951762	
6.547013	-6.72984227	-6.71951762	
6.557532	-6.72984227	-6.71951762	
6.571395	-6.72984227	-6.71951762	
6.578956	-6.72984227	-6.71951762	
6.589128	-6.72984227	-6.71951762	
6.599184	-6.72984227	-6.71951762	
6.611616	-6.72984227	-6.71951762	
6.619936	-6.72984227	-6.71951762	
6.630005	-6.72984227	-6.71951762	
6.64015	-6.72984227	-6.71951762	
6.652448	-6.72984227	-6.71951762	
6.660561	-6.72984227	-6.71951762	
6.678983	-6.72984227	-6.71951762	
6.683426	-6.72984227	-6.71951762	
6.695849	-6.72984227	-6.71951762	
6.703799	-6.72984227	-6.71951762	
6.713984	-6.72984227	-6.71951762	
6.724152	-6.72984227	-6.71951762	
6.736462	-6.72984227	-6.71951762	
6.744403	-6.72984227	-6.71951762	
6.754805	-6.72984227	-6.71951762	
6.764691	-6.72984227	-6.71951762	
6.77711	-6.72984227	-6.71951762	
6.784988	-6.72984227	-6.71951762	
6.795063	-6.72984227	-6.71951762	
6.8053	-6.72984227	-6.71951762	
6.817631	-6.72984227	-6.71951762	
6.825591	-6.72984227	-6.71951762	
6.835703	-6.72984227	-6.71951762	
6.845852	-6.72984227	-6.71951762	
6.858175	-6.72984227	-6.71951762	
6.866187	-6.72984227	-6.71951762	
6.876255	-6.72984227	-6.71951762	
6.886398	-6.72984227	-6.71951762	
6.898749	-6.72984227	-6.71951762	
6.906654	-6.72984227	-6.71951762	
6.917456	-6.72984227	-6.71951762	
6.927239	-6.72984227	-6.71951762	
6.939511	-6.72984227	-6.71951762	
6.947484	-6.72984227	-6.71951762	
6.957636	-6.72984227	-6.71951762	
6.967765	-6.72984227	-6.71951762	
6.980105	-6.72984227	-6.71951762	
6.988066	-6.72984227	-6.71951762	
6.99816	-6.72984227	-6.71951762	
7.008839	-6.72984227	-6.71951762	
7.021219	-6.72984227	-6.71951762	
7.02908	-6.72984227	-6.71951762	
7.039249	-6.72984227	-6.71951762	
7.049378	-6.72984227	-6.71951762	
7.061758	-6.72984227	-6.71951762	
7.069677	-6.72984227	-6.72824427	
7.079852	-6.72984227	-6.72824427	
7.089979	-6.72984227	-6.72824427	
7.102467	-6.73171547	-6.72824427	
7.110315	-6.73323668	-6.72824427	
7.120433	-6.73611109	-6.72824427	
7.130615	-6.73983615	-6.72824427	
7.14304	-6.74573095	-6.72824427	
7.150967	-6.74984587	-6.72824427	
7.161221	-6.75611179	-6.72824427	
7.171344	-6.76311088	-6.73697091	
7.183781	-6.77306621	-6.73697091	
7.19166	-6.77972105	-6.73697091	
7.202113	-6.78953734	-6.75442421	
7.212238	-6.79984826	-6.76315085	
7.224701	-6.8140067	-6.78060414	
7.232545	-6.82310174	-6.78933079	
7.242748	-6.83598645	-6.80678408	
7.252866	-6.84957775	-6.82423738	
7.265231	-6.86752505	-6.85041731	
7.273127	-6.8793434	-6.85914396	
7.285291	-6.89895532	-6.89405055	
7.295215	-6.91562763	-6.91150384	
7.307992	-6.93858033	-6.93768378	
7.315843	-6.95300361	-6.95513707	
7.32603	-6.97265387	-6.98131701	
7.33614	-6.99298066	-6.9987703	
7.348526	-7.01921351	-7.03367689	
7.356419	-7.03628699	-7.05113018	
7.366573	-7.05916318	-7.06858347	
7.376774	-7.08298181	-7.09476341	
7.389121	-7.11314225	-7.12966999	
7.398475	-7.13659601	-7.15584993	
7.407213	-7.15906451	-7.18202987	
7.417307	-7.18590192	-7.20820981	
7.429674	-7.22012196	-7.2431164	
7.437604	-7.24242114	-7.26056969	
7.448047	-7.27018304	-7.28674963	
7.457905	-7.29560931	-7.31292957	
7.47024	-7.32612172	-7.34783615	
7.478156	-7.34535447	-7.36528944	
7.488361	-7.36922452	-7.38274274	
7.499812	-7.39495949	-7.41764932	
7.511087	-7.41926865	-7.43510261	
7.51901	-7.43597354	-7.46128255	
7.529181	-7.45653087	-7.47873584	
7.539297	-7.47617985	-7.49618914	
7.55211	-7.49967715	-7.51364243	
7.55964	-7.51318925	-7.52236908	
7.569741	-7.53044416	-7.53982237	
7.580019	-7.54719059	-7.54854901	
7.592259	-7.56590493	-7.56600231	
7.601084	-7.57893733	-7.57472895	
7.610453	-7.5920662	-7.57472895	
7.620593	-7.60548471	-7.5834556	
7.632982	-7.62063662	-7.59218225	
7.640852	-7.62994128	-7.60090889	
7.651034	-7.64113296	-7.60963554	
7.661242	-7.65159959	-7.60963554	
7.673865	-7.66350622	-7.61836218	
7.681496	-7.67005097	-7.62708883	
7.691616	-7.67825417	-7.63581548	
7.702356	-7.68614526	-7.64454212	
7.714335	-7.69391818	-7.64454212	
7.722174	-7.69871173	-7.64454212	
7.740154	-7.70701316	-7.66199542	
7.744768	-7.70922587	-7.66199542	
7.756938	-7.71391563	-7.67944871	
7.765126	-7.71680608	-7.67944871	
7.775034	-7.71972983	-7.68817536	
7.785204	-7.72220957	-7.696902	
7.797695	-7.72446483	-7.696902	
7.807335	-7.72984227	-7.70562865	
7.815655	-7.72984227	-7.70562865	
7.825763	-7.72984227	-7.71435529	
7.838097	-7.72984227	-7.71435529	
7.846181	-7.72984227	-7.71435529	
7.856165	-7.72984227	-7.71435529	
7.866331	-7.72984227	-7.70562865	
7.878659	-7.72984227	-7.696902	
7.886568	-7.72984227	-7.696902	
7.896707	-7.72984227	-7.696902	
7.908653	-7.72984227	-7.696902	
7.919267	-7.72984227	-7.696902	
7.927176	-7.72984227	-7.696902	
7.937294	-7.72984227	-7.696902	
7.94741	-7.72984227	-7.696902	
7.959933	-7.72984227	-7.696902	
7.96772	-7.72984227	-7.696902	
7.977846	-7.72984227	-7.696902	
7.988047	-7.72984227	-7.696902	
8.000458	-7.72984227	-7.696902	
8.016603	-7.72984227	-7.696902	
8.02104	-7.72984227	-7.696902	
8.031193	-7.72984227	-7.696902	
8.04359	-7.72984227	-7.696902	
8.051509	-7.72984227	-7.696902	
8.061683	-7.72984227	-7.70562865	
8.071814	-7.72984227	-7.70562865	
8.084209	-7.72984227	-7.70562865	
8.092137	-7.72984227	-7.70562865	
8.102264	-7.72984227	-7.70562865	
8.112388	-7.72984227	-7.71435529	
8.125913	-7.72984227	-7.71435529	
8.132745	-7.72984227	-7.71435529	
8.143048	-7.72984227	-7.70562865	
8.153161	-7.72984227	-7.70562865	
8.165552	-7.72984227	-7.70562865	
8.173527	-7.72984227	-7.70562865	
8.18366	-7.72984227	-7.70562865	
8.193812	-7.72984227	-7.70562865	
8.206164	-7.72984227	-7.70562865	
8.214086	-7.72984227	-7.70562865	
8.224197	-7.72984227	-7.70562865	
8.234397	-7.72984227	-7.70562865	
8.249506	-7.73258419	-7.70562865	
8.25475	-7.73354685	-7.70562865	
8.264822	-7.73640222	-7.70562865	
8.274987	-7.74011647	-7.70562865	
8.287355	-7.74596978	-7.70562865	
8.295257	-7.7500681	-7.71435529	
8.305483	-7.75629976	-7.71435529	
8.31558	-7.76326349	-7.71435529	
8.327951	-7.77313421	-7.71435529	
8.336541	-7.78044945	-7.71435529	
8.346655	-7.78994254	-7.73180859	
8.357044	-7.80057106	-7.74053523	
8.369296	-7.81438631	-7.75798853	
8.377215	-7.82368597	-7.76671517	
8.387646	-7.83692041	-7.79289511	
8.397689	-7.85043499	-7.81907505	
8.409896	-7.86817107	-7.83652834	
8.417802	-7.88001471	-7.85398163	
8.427987	-7.89620475	-7.87143493	
8.43807	-7.91304025	-7.90634151	
8.452411	-7.93890448	-7.93252145	
8.458453	-7.94985272	-7.9412481	
8.468605	-7.96928209	-7.96742804	
8.478769	-7.98957164	-7.99360797	
8.492242	-8.01809819	-8.01978791	
8.499109	-8.03282469	-8.03724121	
8.518767	-8.0790916	-8.08087444	
8.523194	-8.08939327	-8.08960108	
8.536755	-8.12292823	-8.12450767	
8.543478	-8.13972474	-8.13323431	
8.555095	-8.17010416	-8.1681409	
8.563785	-8.19327802	-8.19432084	
8.577233	-8.23089068	-8.23795407	
8.584057	-8.24907242	-8.25540736	
8.59418	-8.2751853	-8.29031395	
8.604407	-8.30072218	-8.31649389	
8.617873	-8.3328609	-8.35140047	
8.624656	-8.34887269	-8.36012712	
8.634791	-8.37197963	-8.38630706	
8.644912	-8.39415581	-8.41248699	
8.659673	-8.42472484	-8.43866693	
8.665251	-8.43621359	-8.44739358	
8.67579	-8.45748546	-8.46484687	
8.685667	-8.47567651	-8.48230016	
8.699632	-8.50052939	-8.49975346	
8.705828	-8.51143855	-8.51720675	
8.716005	-8.52847687	-8.5259334	
8.726103	-8.54464126	-8.54338669	
8.73953	-8.56467689	-8.55211333	
8.746359	-8.57469219	-8.56083998	
8.757693	-8.59022623	-8.56956663	
8.766661	-8.60200011	-8.58701992	
8.780216	-8.61829474	-8.60447321	
8.786995	-8.62628663	-8.61319986	
8.797489	-8.63775573	-8.6219265	
8.807242	-8.64778228	-8.6393798	
8.820664	-8.66017451	-8.65683309	
8.827491	-8.66632333	-8.65683309	
8.837638	-8.67465923	-8.67428638	
8.847792	-8.6823198	-8.67428638	
8.861203	-8.69112971	-8.69173967	
8.868158	-8.69553739	-8.69173967	
8.878273	-8.70121304	-8.69173967	
8.888416	-8.7062784	-8.70046632	
8.900677	-8.71143681	-8.70919297	
8.908965	-8.71464419	-8.70919297	
8.91912	-8.71795175	-8.70919297	
8.929242	-8.72072579	-8.70919297	
8.941605	-8.72330609	-8.70919297	
8.949574	-8.72479661	-8.70919297	
8.96031	-8.72984227	-8.70919297	
8.969857	-8.72984227	-8.70919297	
8.9822	-8.72984227	-8.70919297	
8.990145	-8.72984227	-8.70919297	
9.000447	-8.72984227	-8.70046632	
9.01047	-8.72984227	-8.69173967	
9.022798	-8.72984227	-8.69173967	
9.030748	-8.72984227	-8.69173967	
9.040891	-8.72984227	-8.68301303	
9.051026	-8.72984227	-8.68301303	
9.06444	-8.72984227	-8.69173967	
9.071311	-8.72984227	-8.69173967	
9.08146	-8.72984227	-8.69173967	
9.0916	-8.72984227	-8.69173967	
9.103949	-8.72984227	-8.69173967	
9.111883	-8.72984227	-8.69173967	
9.122072	-8.72984227	-8.69173967	
9.132208	-8.72984227	-8.69173967	
9.144552	-8.72984227	-8.69173967	
9.15242	-8.72984227	-8.69173967	
9.162799	-8.72984227	-8.69173967	
9.172919	-8.72984227	-8.69173967	
9.185331	-8.72984227	-8.69173967	
9.193249	-8.72984227	-8.69173967	
9.203375	-8.72984227	-8.69173967	
9.213585	-8.72984227	-8.69173967	
9.225912	-8.72984227	-8.69173967	
9.233798	-8.72984227	-8.69173967	
9.243931	-8.72984227	-8.69173967	
9.25409	-8.72984227	-8.69173967	
9.266396	-8.72984227	-8.69173967	
9.274361	-8.72984227	-8.69173967	
9.28453	-8.72984227	-8.69173967	
9.294656	-8.72984227	-8.69173967	
9.306969	-8.72984227	-8.69173967	
9.314916	-8.72984227	-8.69173967	
9.325148	-8.72984227	-8.69173967	
9.33594	-8.72984227	-8.69173967	
9.347591	-8.72984227	-8.69173967	
9.355542	-8.72984227	-8.70046632	
9.366038	-8.72984227	-8.70919297	
9.3758	-8.72984227	-8.70919297	
9.388212	-8.72984227	-8.70919297	
9.396169	-8.72984227	-8.70919297	
9.406348	-8.72984227	-8.70919297	
9.417677	-8.72984227	-8.70046632	
9.429809	-8.72984227	-8.69173967	
9.43774	-8.72984227	-8.69173967	
9.447845	-8.72984227	-8.69173967	
9.457992	-8.72984227	-8.68301303	
9.470421	-8.72984227	-8.68301303	
9.478326	-8.72984227	-8.68301303	
9.488448	-8.72984227	-8.69173967	
9.498822	-8.72984227	-8.69173967	
9.510994	-8.72984227	-8.69173967	
9.521231	-8.728583	-8.69173967	
9.52911	-8.72719452	-8.69173967	
9.539539	-8.7243764	-8.69173967	
9.55169	-8.71983111	-8.69173967	
9.559546	-8.7165349	-8.69173967	
9.569679	-8.71136538	-8.69173967	
9.57985	-8.70534899	-8.69173967	
9.592219	-8.69670059	-8.69173967	
9.600121	-8.69081921	-8.69173967	
9.610245	-8.68236919	-8.68301303	
9.621022	-8.67240817	-8.67428638	
9.632855	-8.66032089	-8.67428638	
9.641071	-8.65149773	-8.66555974	
9.650913	-8.64005513	-8.65683309	
9.661066	-8.62749437	-8.65683309	
9.673475	-8.61075012	-8.6393798	
9.690646	-8.5848856	-8.6219265	
9.695215	-8.57807453	-8.61319986	
9.705291	-8.5620049	-8.59574657	
9.717645	-8.54096698	-8.56956663	
9.725881	-8.52652964	-8.55211333	
9.735761	-8.50837899	-8.53466004	
9.745999	-8.48870754	-8.5084801	
9.75934	-8.46149621	-8.48230016	
9.766193	-8.44731722	-8.46484687	
9.776336	-8.42538148	-8.43866693	
9.786472	-8.40263501	-8.41248699	
9.799934	-8.37079517	-8.37758041	
9.806827	-8.35428443	-8.36012712	
9.817359	-8.32802765	-8.32522053	
9.827319	-8.30241262	-8.30776724	
9.84062	-8.26664383	-8.27286065	
9.847483	-8.24797243	-8.24668072	
9.865743	-8.19481967	-8.20304748	
9.87022	-8.18188812	-8.18559419	
9.883654	-8.14109686	-8.15068761	
9.8905	-8.12014646	-8.13323431	
9.900653	-8.0880815	-8.09832773	
9.910783	-8.05526566	-8.06342114	
9.924828	-8.00795712	-8.02851456	
9.931156	-7.98654026	-8.00233462	
9.941272	-7.95132373	-7.97615468	
9.951408	-7.91520073	-7.93252145	
9.964833	-7.86543395	-7.88888822	
9.971716	-7.84017091	-7.87143493	
9.981865	-7.80152819	-7.83652834	
9.991984	-7.76218576	-7.79289511	
10.0055	-7.71211432	-7.74053523	
10.0123	-7.68714095	-7.71435529	
10.02241	-7.65080158	-7.66199542	
10.03263	-7.6148215	-7.60963554	
10.04605	-7.56902702	-7.54854901	
10.05288	-7.54590193	-7.51364243	
10.06308	-7.5121825	-7.4700092	
10.07328	-7.4792367	-7.43510261	
10.08558	-7.44067574	-7.40019603	
10.09349	-7.41620849	-7.38274274	
10.10358	-7.38576619	-7.3565628	
10.11374	-7.35589086	-7.33038286	
10.1272	-7.31766984	-7.29547627	
10.13406	-7.29842336	-7.27802298	
10.14418	-7.27082802	-7.25184304	
10.15432	-7.24386535	-7.2256631	
10.16694	-7.21156921	-7.19948316	
10.17472	-7.19179541	-7.19075652	
10.18477	-7.16742246	-7.16457658	
10.19489	-7.14342781	-7.14712329	
10.20725	-7.11528736	-7.12094335	
10.21523	-7.09745433	-7.10349006	
10.2253	-7.07568693	-7.08603676	
10.23561	-7.05418051	-7.06858347	
10.24794	-7.0295906	-7.05113018	
10.25578	-7.01427313	-7.03367689	
10.26591	-6.99524759	-7.01622359	
10.27625	-6.9765698	-6.9987703	
10.28843	-6.95567958	-6.98131701	
10.29632	-6.94244718	-6.96386372	
10.30645	-6.92624564	-6.94641042	
10.31659	-6.910716	-6.92895713	
10.32995	-6.89159984	-6.92023048	
10.33765	-6.88084326	-6.91150384	
10.34704	-6.86837507	-6.89405055	
10.35719	-6.85559918	-6.8853239	
10.36967	-6.84092894	-6.86787061	
10.37766	-6.83198842	-6.85914396	
10.38757	-6.82149073	-6.84169067	
10.39777	-6.81137227	-6.82423738	
10.41023	-6.80008543	-6.81551073	
10.41808	-6.79325846	-6.80678408	
10.43726	-6.77957018	-6.78933079	
10.44177	-6.77626895	-6.78933079	
10.45412	-6.76841417	-6.78060414	
10.46213	-6.76359494	-6.78060414	
10.47222	-6.75816523	-6.7718775	
10.4824	-6.75327092	-6.7718775	
10.49475	-6.74824756	-6.75442421	
10.50265	-6.74525792	-6.75442421	
10.52265	-6.74037466	-6.74569756	
10.52753	-6.73908151	-6.74569756	
10.53962	-6.73664973	-6.74569756	
10.54753	-6.73521628	-6.74569756	
10.55772	-6.72984227	-6.74569756	
10.56778	-6.72984227	-6.74569756	
10.58022	-6.72984227	-6.75442421	
10.58807	-6.72984227	-6.75442421	
10.59826	-6.72984227	-6.75442421	
10.6084	-6.72984227	-6.75442421	
10.62068	-6.72984227	-6.75442421	
10.62892	-6.72984227	-6.75442421	
10.63914	-6.72984227	-6.75442421	
10.64926	-6.72984227	-6.75442421	
10.66185	-6.72984227	-6.75442421	
10.67749	-6.72984227	-6.75442421	
10.6833	-6.72984227	-6.75442421	
10.6924	-6.72984227	-6.75442421	
10.70452	-6.72984227	-6.75442421	
10.71244	-6.72984227	-6.75442421	
10.72257	-6.72984227	-6.75442421	
10.73278	-6.72984227	-6.75442421	
10.74513	-6.72984227	-6.75442421	
10.753	-6.72984227	-6.75442421	
10.76322	-6.72984227	-6.75442421	
10.7733	-6.72984227	-6.75442421	
10.78571	-6.72984227	-6.74569756	
10.79369	-6.72984227	-6.74569756	
10.80379	-6.72984227	-6.75442421	
10.81396	-6.72984227	-6.75442421	
10.82628	-6.72984227	-6.75442421	
10.83422	-6.72984227	-6.75442421	
10.84441	-6.72984227	-6.75442421	
10.85452	-6.72984227	-6.75442421	
10.86685	-6.72984227	-6.75442421	
10.87484	-6.72984227	-6.75442421	
10.88497	-6.72984227	-6.75442421	
10.89517	-6.72984227	-6.75442421	
10.90755	-6.72984227	-6.75442421	
10.91545	-6.72984227	-6.75442421	
10.92559	-6.72984227	-6.75442421	
10.93602	-6.72984227	-6.75442421	
10.94805	-6.72984227	-6.75442421	
10.95597	-6.72984227	-6.75442421	
10.96613	-6.72984227	-6.75442421	
10.97624	-6.72984227	-6.75442421	
10.98867	-6.72984227	-6.75442421	
10.9966	-6.72984227	-6.75442421	
11.00671	-6.72984227	-6.75442421	
11.02469	-6.72984227	-6.74569756	
11.0314	-6.72984227	-6.74569756	
11.0393	-6.72984227	-6.75442421	
11.0495	-6.72984227	-6.75442421	
11.05964	-6.72984227	-6.75442421	
11.07207	-6.72984227	-6.75442421	
11.07995	-6.72984227	-6.75442421	
11.09007	-6.72984227	-6.75442421	
11.10032	-6.72984227	-6.75442421	
11.11282	-6.72984227	-6.75442421	
11.12058	-6.72984227	-6.75442421	
11.13074	-6.72984227	-6.75442421	
11.14089	-6.72984227	-6.75442421	
11.1533	-6.72984227	-6.75442421	
11.16119	-6.72984227	-6.75442421	
11.17134	-6.72984227	-6.75442421	
11.18149	-6.72984227	-6.75442421	
11.1938	-6.72984227	-6.75442421	
11.20178	-6.72984227	-6.75442421	
11.21196	-6.72984227	-6.75442421	
11.22211	-6.72984227	-6.75442421	
11.23445	-6.72984227	-6.75442421	
11.24238	-6.72984227	-6.75442421	
11.25356	-6.72984227	-6.74569756	
11.26365	-6.72984227	-6.74569756	
11.27596	-6.72984227	-6.75442421	
11.28392	-6.72984227	-6.75442421	
11.29411	-6.72984227	-6.75442421	
11.3042	-6.72984227	-6.75442421	
11.31678	-6.72984227	-6.75442421	
11.32506	-6.72984227	-6.75442421	
11.34331	-6.72984227	-6.75442421	
11.34778	-6.72984227	-6.75442421	
11.36014	-6.72984227	-6.75442421	
11.36828	-6.72984227	-6.75442421	
11.37827	-6.72984227	-6.75442421	
11.38842	-6.72984227	-6.75442421	
11.4037	-6.73264732	-6.75442421	
11.40903	-6.73363964	-6.75442421	
11.4192	-6.73657006	-6.75442421	
11.42933	-6.74028167	-6.75442421	
11.44168	-6.74615831	-6.75442421	
11.44961	-6.75028547	-6.75442421	
11.45978	-6.75651287	-6.75442421	
11.46996	-6.76356622	-6.75442421	
11.48227	-6.77341805	-6.76315085	
11.49021	-6.78012984	-6.7718775	
11.50114	-6.79047479	-6.78060414	
11.51053	-6.79999896	-6.78933079	
11.52288	-6.8138984	-6.78933079	
11.53079	-6.82314975	-6.80678408	
11.54595	-6.84318542	-6.80678408	
11.55965	-6.86271225	-6.84169067	
11.56667	-6.87291161	-6.84169067	
11.57458	-6.88494925	-6.85914396	
11.58486	-6.90152669	-6.87659725	
11.59506	-6.9188894	-6.89405055	
11.60809	-6.94237489	-6.92023048	
11.61569	-6.95643813	-6.93768378	
11.62586	-6.97680977	-6.96386372	
11.63596	-6.99657532	-6.99004365	
11.64862	-7.02357536	-7.01622359	
11.65646	-7.04063818	-7.03367689	
11.66665	-7.06374099	-7.05985682	
11.67695	-7.0879319	-7.08603676	
11.68943	-7.1185988	-7.12094335	
11.69721	-7.13806329	-7.14712329	
11.70778	-7.16552718	-7.17330323	
11.71772	-7.19211519	-7.19948316	
11.73024	-7.22696308	-7.23438975	
11.73812	-7.2478324	-7.26056969	
11.74838	-7.27412283	-7.28674963	
11.75872	-7.29979642	-7.31292957	
11.77116	-7.32947093	-7.34783615	
11.77918	-7.34826055	-7.37401609	
11.78927	-7.37105836	-7.40019603	
11.79951	-7.3934341	-7.42637597	
11.81198	-7.4194443	-7.45255591	
11.81983	-7.43548382	-7.4700092	
11.8301	-7.45562084	-7.48746249	
11.84028	-7.47484017	-7.49618914	
11.8528	-7.4972165	-7.50491578	
11.86071	-7.51103121	-7.51364243	
11.87091	-7.52801821	-7.52236908	
11.88111	-7.54427615	-7.53982237	
11.89365	-7.56300975	-7.55727566	
11.90153	-7.57448892	-7.56600231	
11.91174	-7.58853303	-7.57472895	
11.92197	-7.60186191	-7.5834556	
11.9345	-7.61698785	-7.59218225	
11.95071	-7.63453987	-7.60963554	
11.95552	-7.6397873	-7.60963554	
11.96565	-7.64994458	-7.60963554	
11.97818	-7.66135941	-7.60963554	
11.98616	-7.66833085	-7.61836218	
11.99628	-7.67642655	-7.62708883	
12.01525	-7.68872534	-7.64454212	
12.02232	-7.6932902	-7.64454212	
12.03023	-7.69799332	-7.64454212	
12.04039	-7.703347	-7.65326877	
12.05063	-7.70813512	-7.66199542	
12.06319	-7.71303386	-7.67072206	
12.07107	-7.71588537	-7.67944871	
12.08129	-7.71897885	-7.67944871	
12.09149	-7.72156118	-7.67944871	
12.10455	-7.72400107	-7.67944871	
12.11191	-7.7252725	-7.67944871	
12.12213	-7.72984227	-7.68817536	
12.1324	-7.72984227	-7.68817536	
12.14492	-7.72984227	-7.696902	
12.1528	-7.72984227	-7.696902	
12.16296	-7.72984227	-7.696902	
12.17318	-7.72984227	-7.696902	
12.18585	-7.72984227	-7.70562865	
12.19362	-7.72984227	-7.71435529	
12.20394	-7.72984227	-7.71435529	
12.2141	-7.72984227	-7.71435529	
12.22662	-7.72984227	-7.71435529	
12.23444	-7.72984227	-7.71435529	
12.24467	-7.72984227	-7.71435529	
12.25493	-7.72984227	-7.70562865	
12.2674	-7.72984227	-7.696902	
12.27538	-7.72984227	-7.696902	
12.28658	-7.72984227	-7.696902	
12.2959	-7.72984227	-7.696902	
12.30851	-7.72984227	-7.696902	
12.31631	-7.72984227	-7.696902	
12.32652	-7.72984227	-7.696902	
12.33676	-7.72984227	-7.696902	
12.34939	-7.72984227	-7.696902	
12.35745	-7.72984227	-7.696902	
12.37581	-7.72984227	-7.696902	
12.38069	-7.72984227	-7.696902	
12.39317	-7.72984227	-7.696902	
12.40103	-7.72984227	-7.70562865	
12.41123	-7.72984227	-7.70562865	
12.42133	-7.72984227	-7.70562865	
12.4339	-7.72984227	-7.70562865	
12.44174	-7.72984227	-7.70562865	
12.45188	-7.72984227	-7.70562865	
12.46229	-7.72984227	-7.70562865	
12.47466	-7.72984227	-7.70562865	
12.48251	-7.72984227	-7.70562865	
12.49272	-7.72984227	-7.70562865	
12.5029	-7.72984227	-7.70562865	
12.51552	-7.72984227	-7.71435529	
12.52337	-7.72984227	-7.71435529	
12.53345	-7.72984227	-7.71435529	
12.54373	-7.72984227	-7.71435529	
12.55625	-7.72984227	-7.70562865	
12.56414	-7.72984227	-7.70562865	
12.57443	-7.72984227	-7.70562865	
12.5845	-7.72984227	-7.70562865	
12.59705	-7.72984227	-7.70562865	
12.60488	-7.72984227	-7.70562865	
12.6151	-7.72984227	-7.70562865	
12.62528	-7.72984227	-7.70562865	
12.63795	-7.72984227	-7.70562865	
12.64579	-7.72984227	-7.70562865	
12.65601	-7.72984227	-7.70562865	
12.6663	-7.72984227	-7.70562865	
12.67864	-7.72984227	-7.70562865	
12.68656	-7.72984227	-7.70562865	
12.69671	-7.72984227	-7.70562865	
12.71538	-7.72984227	-7.70562865	
12.72249	-7.72984227	-7.70562865	
12.73035	-7.72984227	-7.70562865	
12.74059	-7.72984227	-7.70562865	
12.75078	-7.72984227	-7.70562865	
12.76339	-7.72984227	-7.70562865	
12.77126	-7.72984227	-7.70562865	
12.78168	-7.72984227	-7.71435529	
12.79193	-7.72984227	-7.71435529	
12.80447	-7.72984227	-7.70562865	
12.81237	-7.72984227	-7.70562865	
12.82265	-7.72984227	-7.70562865	
12.83282	-7.72984227	-7.70562865	
12.84501	-7.72984227	-7.70562865	
12.8529	-7.72984227	-7.70562865	
12.86319	-7.72984227	-7.70562865	
12.87329	-7.72984227	-7.70562865	
12.88575	-7.72984227	-7.70562865	
12.89365	-7.72984227	-7.70562865	
12.90377	-7.72984227	-7.70562865	
12.91389	-7.72984227	-7.70562865	
12.92626	-7.72984227	-7.70562865	
12.93421	-7.72984227	-7.70562865	
12.94432	-7.72984227	-7.70562865	
12.95445	-7.72984227	-7.70562865	
12.9669	-7.72984227	-7.70562865	
12.97485	-7.72984227	-7.70562865	
12.98498	-7.72984227	-7.70562865	
12.9951	-7.72984227	-7.70562865	
13.00753	-7.72984227	-7.71435529	
13.01547	-7.72984227	-7.71435529	
13.02594	-7.72984227	-7.70562865	
13.03574	-7.72984227	-7.70562865	
13.04818	-7.72984227	-7.70562865	
13.05601	-7.72984227	-7.70562865	
13.07842	-7.72984227	-7.70562865	
13.0856	-7.72984227	-7.70562865	
13.0937	-7.72984227	-7.70562865	
13.10364	-7.72984227	-7.70562865	
13.11384	-7.72984227	-7.70562865	
13.12636	-7.72984227	-7.70562865	
13.13435	-7.72984227	-7.70562865	
